2024-12-13 17:02:45,135 - Norm2 (Our Algorithm): 66.96100616455078
2024-12-13 17:02:45,135 - Norm2 (Comparison Algorithm): 9.85036849975586
2024-12-13 17:02:45,204 - Clipping input data to the valid range for imshow with RGB data ([0..1] for floats or [0..255] for integers). Got range [-0.9568031..0.98221475].
2024-12-13 17:02:45,206 - Clipping input data to the valid range for imshow with RGB data ([0..1] for floats or [0..255] for integers). Got range [-0.8292506..1.8285493].
2024-12-13 17:02:45,207 - Clipping input data to the valid range for imshow with RGB data ([0..1] for floats or [0..255] for integers). Got range [-0.526869..1.4902953].
2024-12-13 17:02:45,210 - Clipping input data to the valid range for imshow with RGB data ([0..1] for floats or [0..255] for integers). Got range [-0.63245577..0.6462964].
2024-12-13 17:02:45,212 - Clipping input data to the valid range for imshow with RGB data ([0..1] for floats or [0..255] for integers). Got range [-0.5697107..1.588505].
2024-12-13 17:02:45,214 - Clipping input data to the valid range for imshow with RGB data ([0..1] for floats or [0..255] for integers). Got range [-0.12864454..1.091408].
2024-12-15 01:12:43,027 - norm(X - TN_G_ATTR): -80603.5234375
2024-12-15 01:12:57,998 - Norm2 (Our Algorithm): 66.93941497802734
2024-12-15 01:12:57,998 - Norm2 (Comparison Algorithm): 10.5880765914917
2024-12-15 01:13:19,233 - norm(X - TN_G_ATTR): -79852.796875
2024-12-15 01:13:32,309 - Norm2 (Our Algorithm): 66.69178009033203
2024-12-15 01:13:32,309 - Norm2 (Comparison Algorithm): 10.691048622131348
2024-12-15 01:13:32,397 - Clipping input data to the valid range for imshow with RGB data ([0..1] for floats or [0..255] for integers). Got range [-0.108238295..1.1202046].
2024-12-15 01:13:32,400 - Clipping input data to the valid range for imshow with RGB data ([0..1] for floats or [0..255] for integers). Got range [-1.1437591..0.9745914].
2024-12-15 01:13:32,401 - Clipping input data to the valid range for imshow with RGB data ([0..1] for floats or [0..255] for integers). Got range [-0.7764492..1.75981].
2024-12-15 01:13:32,403 - Clipping input data to the valid range for imshow with RGB data ([0..1] for floats or [0..255] for integers). Got range [-0.54255944..1.4980979].
2024-12-15 01:14:53,110 - norm(X - TN_G_ATTR): -79821.265625
2024-12-15 01:15:07,795 - Norm2 (Our Algorithm): 66.61363220214844
2024-12-15 01:15:07,796 - Norm2 (Comparison Algorithm): 10.463582038879395
2024-12-15 01:15:07,912 - Clipping input data to the valid range for imshow with RGB data ([0..1] for floats or [0..255] for integers). Got range [-0.13177161..1.1730226].
2024-12-15 01:15:07,915 - Clipping input data to the valid range for imshow with RGB data ([0..1] for floats or [0..255] for integers). Got range [-1.0336492..0.9698487].
2024-12-15 01:15:07,916 - Clipping input data to the valid range for imshow with RGB data ([0..1] for floats or [0..255] for integers). Got range [-0.8284562..1.7852243].
2024-12-15 01:15:07,918 - Clipping input data to the valid range for imshow with RGB data ([0..1] for floats or [0..255] for integers). Got range [-0.49782822..1.558236].
2024-12-15 01:15:07,921 - Clipping input data to the valid range for imshow with RGB data ([0..1] for floats or [0..255] for integers). Got range [-0.88908124..0.86983585].
2024-12-15 01:15:07,923 - Clipping input data to the valid range for imshow with RGB data ([0..1] for floats or [0..255] for integers). Got range [-0.6120228..1.6968491].
2024-12-15 01:15:07,924 - Clipping input data to the valid range for imshow with RGB data ([0..1] for floats or [0..255] for integers). Got range [-0.106888056..1.0894511].
2024-12-15 01:16:00,424 - norm(X - TN_G_ATTR): -80396.9453125
2024-12-15 01:16:15,199 - Norm2 (Our Algorithm): 66.808837890625
2024-12-15 01:16:15,199 - Norm2 (Comparison Algorithm): 10.538555145263672
2024-12-15 01:16:16,032 - Clipping input data to the valid range for imshow with RGB data ([0..1] for floats or [0..255] for integers). Got range [-0.09419304..1.0795869].
2024-12-15 01:16:16,035 - Clipping input data to the valid range for imshow with RGB data ([0..1] for floats or [0..255] for integers). Got range [-1.0975946..0.99162066].
2024-12-15 01:16:16,037 - Clipping input data to the valid range for imshow with RGB data ([0..1] for floats or [0..255] for integers). Got range [-0.791111..1.801409].
2024-12-15 01:16:16,039 - Clipping input data to the valid range for imshow with RGB data ([0..1] for floats or [0..255] for integers). Got range [-0.5765941..1.5101248].
2024-12-15 01:16:16,042 - Clipping input data to the valid range for imshow with RGB data ([0..1] for floats or [0..255] for integers). Got range [-0.9019376..0.8872728].
2024-12-15 01:16:16,043 - Clipping input data to the valid range for imshow with RGB data ([0..1] for floats or [0..255] for integers). Got range [-0.6362151..1.7931552].
2024-12-15 01:16:16,045 - Clipping input data to the valid range for imshow with RGB data ([0..1] for floats or [0..255] for integers). Got range [-0.12651385..1.0954134].
2024-12-15 01:42:20,216 - norm(X - TN_G_ATTR): -80375.1015625
2024-12-15 01:42:28,627 - norm(X - TN_G_ATTR): -4491.2197265625
2024-12-15 01:42:46,710 - norm(X - TN_G_ATR): 60.758697509765625
2024-12-15 01:42:54,692 - Norm2 (Our Algorithm): 67.2016830444336
2024-12-15 01:42:54,692 - Norm2 (Comparison Algorithm): 58.878116607666016
2024-12-15 01:42:55,720 - Clipping input data to the valid range for imshow with RGB data ([0..1] for floats or [0..255] for integers). Got range [-0.09438274..1.0930446].
2024-12-15 01:42:55,723 - Clipping input data to the valid range for imshow with RGB data ([0..1] for floats or [0..255] for integers). Got range [-1.0389584..1.0474424].
2024-12-15 01:42:55,725 - Clipping input data to the valid range for imshow with RGB data ([0..1] for floats or [0..255] for integers). Got range [-0.9526839..1.9297954].
2024-12-15 01:42:55,727 - Clipping input data to the valid range for imshow with RGB data ([0..1] for floats or [0..255] for integers). Got range [-0.48554182..1.5588037].
2024-12-15 01:42:55,730 - Clipping input data to the valid range for imshow with RGB data ([0..1] for floats or [0..255] for integers). Got range [-0.72032964..0.71901035].
2024-12-15 01:42:55,731 - Clipping input data to the valid range for imshow with RGB data ([0..1] for floats or [0..255] for integers). Got range [-0.5806607..1.6321652].
2024-12-15 01:42:55,733 - Clipping input data to the valid range for imshow with RGB data ([0..1] for floats or [0..255] for integers). Got range [-0.47207445..1.4083627].
2024-12-15 01:44:52,405 - norm(X - TN_G_ATTR): -87737.6796875
2024-12-15 01:46:09,019 - norm(X - TN_G_ATTR): -4595.435546875
2024-12-15 01:49:16,095 - norm(X - TN_G_ATTR): -4600.8212890625
2024-12-15 01:52:24,499 - norm(X - TN_G_ATTR): -4606.95849609375
2024-12-15 01:55:34,502 - norm(X - TN_G_ATTR): -4610.72119140625
2024-12-15 02:01:52,026 - norm(X - TN_G_ATR): 62.067386627197266
2024-12-15 02:04:59,671 - norm(X - TN_G_ATR): 59.85574722290039
2024-12-15 02:08:05,259 - norm(X - TN_G_ATR): 58.39845275878906
2024-12-15 02:10:44,590 - norm(X - TN_G_ATR): 56.766319274902344
2024-12-15 02:12:25,966 - Norm2 (Our Algorithm): 67.92115783691406
2024-12-15 02:12:25,966 - Norm2 (Comparison Algorithm): 55.99423599243164
2024-12-15 02:12:43,718 - Clipping input data to the valid range for imshow with RGB data ([0..1] for floats or [0..255] for integers). Got range [-0.13171576..1.083801].
2024-12-15 02:12:43,722 - Clipping input data to the valid range for imshow with RGB data ([0..1] for floats or [0..255] for integers). Got range [-0.934966..0.9642419].
2024-12-15 02:12:43,723 - Clipping input data to the valid range for imshow with RGB data ([0..1] for floats or [0..255] for integers). Got range [-0.7808859..1.7892674].
2024-12-15 02:12:43,725 - Clipping input data to the valid range for imshow with RGB data ([0..1] for floats or [0..255] for integers). Got range [-0.5155128..1.6041828].
2024-12-15 02:12:43,728 - Clipping input data to the valid range for imshow with RGB data ([0..1] for floats or [0..255] for integers). Got range [-0.46052226..0.45917362].
2024-12-15 02:12:43,729 - Clipping input data to the valid range for imshow with RGB data ([0..1] for floats or [0..255] for integers). Got range [-0.40369776..1.4081932].
2024-12-15 02:12:43,731 - Clipping input data to the valid range for imshow with RGB data ([0..1] for floats or [0..255] for integers). Got range [-0.48514736..1.3986521].
