2024-12-16 02:47:42,385 - Norm2 (epsilon): 100.0
2024-12-16 02:47:46,161 - Step 0 norm(X - TN_G_Ours): 40.570739003390734
2024-12-16 02:47:47,840 - Step 1 norm(X - TN_G_Ours): 40.10382795446792
2024-12-16 02:47:49,268 - Step 2 norm(X - TN_G_Ours): 39.98591976304753
2024-12-16 02:47:50,677 - Step 3 norm(X - TN_G_Ours): 39.956939407766676
2024-12-16 02:47:52,343 - Step 4 norm(X - TN_G_Ours): 39.95587929252793
2024-12-16 02:47:54,079 - Step 5 norm(X - TN_G_Ours): 39.961944788135625
2024-12-16 02:47:55,845 - Step 6 norm(X - TN_G_Ours): 39.96895920830705
2024-12-16 02:47:57,612 - Step 7 norm(X - TN_G_Ours): 39.97840145638408
2024-12-16 02:47:59,382 - Step 8 norm(X - TN_G_Ours): 39.986008295089924
2024-12-16 02:48:01,167 - Step 9 norm(X - TN_G_Ours): 39.995060424987955
2024-12-16 02:48:02,911 - Step 0 norm(X - TN_G_ATR): 40.137489318847656
2024-12-16 02:48:04,349 - Step 1 norm(X - TN_G_ATR): 40.2419319152832
2024-12-16 02:48:05,759 - Step 2 norm(X - TN_G_ATR): 39.560062408447266
2024-12-16 02:48:07,452 - Step 3 norm(X - TN_G_ATR): 39.09931182861328
2024-12-16 02:48:09,165 - Step 4 norm(X - TN_G_ATR): 38.584327697753906
2024-12-16 02:48:10,938 - Step 5 norm(X - TN_G_ATR): 38.370880126953125
2024-12-16 02:48:12,692 - Step 6 norm(X - TN_G_ATR): 37.80299377441406
2024-12-16 02:48:14,480 - Step 7 norm(X - TN_G_ATR): 37.551971435546875
2024-12-16 02:48:16,206 - Step 8 norm(X - TN_G_ATR): 37.34394836425781
2024-12-16 02:48:17,890 - Step 9 norm(X - TN_G_ATR): 37.135459899902344
2024-12-16 02:48:17,895 - Norm2 (Our Algorithm): 39.995059967041016
2024-12-16 02:48:17,895 - Norm2 (Comparison Algorithm): 37.135459899902344
2024-12-16 02:48:19,265 - Norm2 (Original TR Algorithm): 26.962974548339844
2024-12-16 02:48:19,385 - Clipping input data to the valid range for imshow with RGB data ([0..1] for floats or [0..255] for integers). Got range [-0.12389629..1.1593509].
2024-12-16 02:48:19,389 - Clipping input data to the valid range for imshow with RGB data ([0..1] for floats or [0..255] for integers). Got range [-0.9845181..1.0262703].
2024-12-16 02:48:19,391 - Clipping input data to the valid range for imshow with RGB data ([0..1] for floats or [0..255] for integers). Got range [-0.7302942..1.9007801].
2024-12-16 02:48:19,393 - Clipping input data to the valid range for imshow with RGB data ([0..1] for floats or [0..255] for integers). Got range [-0.39232078..1.2593893].
2024-12-16 02:48:19,397 - Clipping input data to the valid range for imshow with RGB data ([0..1] for floats or [0..255] for integers). Got range [-0.75400835..0.81537735].
2024-12-16 02:48:19,399 - Clipping input data to the valid range for imshow with RGB data ([0..1] for floats or [0..255] for integers). Got range [-0.66770256..1.6767459].
2024-12-16 02:48:19,401 - Clipping input data to the valid range for imshow with RGB data ([0..1] for floats or [0..255] for integers). Got range [-0.24973729..1.2353468].
