2024-12-16 02:44:35,448 - Norm2 (epsilon): 100.0
2024-12-16 02:44:38,708 - Step 0 norm(X - TN_G_Ours): 39.99206159020031
2024-12-16 02:44:40,193 - Step 1 norm(X - TN_G_Ours): 39.8775025542089
2024-12-16 02:44:41,966 - Step 2 norm(X - TN_G_Ours): 39.84678297279782
2024-12-16 02:44:43,731 - Step 3 norm(X - TN_G_Ours): 39.84084701434336
2024-12-16 02:44:45,463 - Step 4 norm(X - TN_G_Ours): 39.84462774768466
2024-12-16 02:44:47,169 - Step 5 norm(X - TN_G_Ours): 39.85276092958852
2024-12-16 02:44:48,863 - Step 6 norm(X - TN_G_Ours): 39.855987703974606
2024-12-16 02:44:50,713 - Step 7 norm(X - TN_G_Ours): 39.852600120043924
2024-12-16 02:44:52,060 - Step 8 norm(X - TN_G_Ours): 39.8457260539399
2024-12-16 02:44:53,553 - Step 9 norm(X - TN_G_Ours): 39.84088837762971
2024-12-16 02:44:55,287 - Step 0 norm(X - TN_G_ATR): 39.59759521484375
2024-12-16 02:44:57,051 - Step 1 norm(X - TN_G_ATR): 39.71565628051758
2024-12-16 02:44:58,759 - Step 2 norm(X - TN_G_ATR): 39.20741271972656
2024-12-16 02:45:00,538 - Step 3 norm(X - TN_G_ATR): 38.92003631591797
2024-12-16 02:45:02,307 - Step 4 norm(X - TN_G_ATR): 38.79193878173828
2024-12-16 02:45:04,065 - Step 5 norm(X - TN_G_ATR): 38.54130554199219
2024-12-16 02:45:05,575 - Step 6 norm(X - TN_G_ATR): 38.23044967651367
2024-12-16 02:45:06,830 - Step 7 norm(X - TN_G_ATR): 37.75718307495117
2024-12-16 02:45:08,311 - Step 8 norm(X - TN_G_ATR): 37.622161865234375
2024-12-16 02:45:09,987 - Step 9 norm(X - TN_G_ATR): 37.32796096801758
2024-12-16 02:45:09,991 - Norm2 (Our Algorithm): 39.84088897705078
2024-12-16 02:45:09,991 - Norm2 (Comparison Algorithm): 37.32796096801758
2024-12-16 02:45:11,740 - Norm2 (Original TR Algorithm): 26.933753967285156
2024-12-16 02:45:11,870 - Clipping input data to the valid range for imshow with RGB data ([0..1] for floats or [0..255] for integers). Got range [-0.13012949..1.162881].
2024-12-16 02:45:11,875 - Clipping input data to the valid range for imshow with RGB data ([0..1] for floats or [0..255] for integers). Got range [-0.9684184..1.0361598].
2024-12-16 02:45:11,877 - Clipping input data to the valid range for imshow with RGB data ([0..1] for floats or [0..255] for integers). Got range [-0.7312099..2.0047872].
2024-12-16 02:45:11,879 - Clipping input data to the valid range for imshow with RGB data ([0..1] for floats or [0..255] for integers). Got range [-0.2571752..1.3046486].
2024-12-16 02:45:11,883 - Clipping input data to the valid range for imshow with RGB data ([0..1] for floats or [0..255] for integers). Got range [-0.7870798..0.9103917].
2024-12-16 02:45:11,886 - Clipping input data to the valid range for imshow with RGB data ([0..1] for floats or [0..255] for integers). Got range [-0.6815495..1.7496073].
2024-12-16 02:45:11,888 - Clipping input data to the valid range for imshow with RGB data ([0..1] for floats or [0..255] for integers). Got range [-0.28009138..1.263325].
