2024-12-16 15:28:08,053 - Norm2 (epsilon): 100.0
2024-12-16 15:28:10,271 - Step 0 norm(X - TN_G_Ours): 41.03990204143173
2024-12-16 15:28:10,437 - Step 1 norm(X - TN_G_Ours): 40.47264098089906
2024-12-16 15:28:10,605 - Step 2 norm(X - TN_G_Ours): 40.16573787475387
2024-12-16 15:28:10,752 - Step 3 norm(X - TN_G_Ours): 40.04184670197776
2024-12-16 15:28:10,919 - Step 4 norm(X - TN_G_Ours): 39.983962849575704
2024-12-16 15:28:11,099 - Step 5 norm(X - TN_G_Ours): 39.94805892793009
2024-12-16 15:28:11,269 - Step 6 norm(X - TN_G_Ours): 39.91989507076563
2024-12-16 15:28:11,442 - Step 7 norm(X - TN_G_Ours): 39.896293479450414
2024-12-16 15:28:11,621 - Step 8 norm(X - TN_G_Ours): 39.876079102267724
2024-12-16 15:28:11,798 - Step 9 norm(X - TN_G_Ours): 39.85910090311481
2024-12-16 15:28:12,048 - Step 0 norm(X - TN_G_ATR): 39.39925003051758
2024-12-16 15:28:12,184 - Step 1 norm(X - TN_G_ATR): 39.56832504272461
2024-12-16 15:28:12,324 - Step 2 norm(X - TN_G_ATR): 38.967811584472656
2024-12-16 15:28:12,462 - Step 3 norm(X - TN_G_ATR): 38.403045654296875
2024-12-16 15:28:12,584 - Step 4 norm(X - TN_G_ATR): 37.98455810546875
2024-12-16 15:28:12,714 - Step 5 norm(X - TN_G_ATR): 37.766578674316406
2024-12-16 15:28:12,843 - Step 6 norm(X - TN_G_ATR): 37.6398811340332
2024-12-16 15:28:12,970 - Step 7 norm(X - TN_G_ATR): 37.52094650268555
2024-12-16 15:28:13,099 - Step 8 norm(X - TN_G_ATR): 37.38595199584961
2024-12-16 15:28:13,184 - Step 9 norm(X - TN_G_ATR): 37.21322250366211
2024-12-16 15:28:13,191 - Norm2 (Our Algorithm): 39.859100341796875
2024-12-16 15:28:13,191 - Norm2 (Comparison Algorithm): 37.21322250366211
2024-12-16 15:28:13,329 - Norm2 (Original TR Algorithm): 28.881839752197266
2024-12-16 15:28:13,454 - Clipping input data to the valid range for imshow with RGB data ([0..1] for floats or [0..255] for integers). Got range [-0.115446575..1.1691808].
2024-12-16 15:28:13,458 - Clipping input data to the valid range for imshow with RGB data ([0..1] for floats or [0..255] for integers). Got range [-1.0414369..1.031622].
2024-12-16 15:28:13,460 - Clipping input data to the valid range for imshow with RGB data ([0..1] for floats or [0..255] for integers). Got range [-0.8254493..1.8198574].
2024-12-16 15:28:13,462 - Clipping input data to the valid range for imshow with RGB data ([0..1] for floats or [0..255] for integers). Got range [-0.26984382..1.2694112].
2024-12-16 15:28:13,466 - Clipping input data to the valid range for imshow with RGB data ([0..1] for floats or [0..255] for integers). Got range [-0.91444933..0.82267725].
2024-12-16 15:28:13,468 - Clipping input data to the valid range for imshow with RGB data ([0..1] for floats or [0..255] for integers). Got range [-0.5967933..1.5968063].
2024-12-16 15:28:13,470 - Clipping input data to the valid range for imshow with RGB data ([0..1] for floats or [0..255] for integers). Got range [-0.29852474..1.2888218].
