2024-12-25 16:27:10,771 - Norm2 (epsilon): 10000
2024-12-25 16:27:10,771 - Optimization parameters:
2024-12-25 16:27:10,771 - epsilon (Frobenius norm constraint): 10000
2024-12-25 16:27:10,771 - inner_tol (Tolerance for inner optimization): 1e-10
2024-12-25 16:27:10,771 - lr (Learning rate): 0.01
2024-12-25 16:27:10,771 - outer_num_steps (Number of outer optimization steps): 50
2024-12-25 16:27:10,771 - inner_num_steps (Number of inner optimization steps): 200
2024-12-25 16:27:10,771 - outer_dis_num (Display loss every outer_dis_num steps): 1
2024-12-25 16:27:10,771 - inner_dis_num (Display loss every inner_dis_num steps): 2000
2024-12-25 16:27:14,570 - Step 0, RSE_E: 0.006803489290177822, Loss_X_Ours: 27.348526000976562, normE: 22.547996520996094
2024-12-25 16:27:17,937 - Step 1, RSE_E: 0.006918438710272312, Loss_X_Ours: 27.22218132019043, normE: 22.548208236694336
2024-12-25 16:27:21,404 - Step 2, RSE_E: 0.006922490894794464, Loss_X_Ours: 27.174293518066406, normE: 22.54842185974121
2024-12-25 16:27:24,825 - Step 3, RSE_E: 0.00694794999435544, Loss_X_Ours: 27.148637771606445, normE: 22.54863739013672
2024-12-25 16:27:28,260 - Step 4, RSE_E: 0.006986644119024277, Loss_X_Ours: 27.133657455444336, normE: 22.548856735229492
2024-12-25 16:27:31,693 - Step 5, RSE_E: 0.007035653572529554, Loss_X_Ours: 27.12360954284668, normE: 22.549076080322266
2024-12-25 16:27:35,060 - Step 6, RSE_E: 0.0070903911255300045, Loss_X_Ours: 27.115476608276367, normE: 22.549299240112305
2024-12-25 16:27:38,537 - Step 7, RSE_E: 0.007144462782889605, Loss_X_Ours: 27.108154296875, normE: 22.549528121948242
2024-12-25 16:27:41,966 - Step 8, RSE_E: 0.00720377080142498, Loss_X_Ours: 27.101659774780273, normE: 22.549758911132812
2024-12-25 16:27:45,414 - Step 9, RSE_E: 0.007268084678798914, Loss_X_Ours: 27.095388412475586, normE: 22.54999542236328
2024-12-25 16:27:48,852 - Step 10, RSE_E: 0.0073365760035812855, Loss_X_Ours: 27.089487075805664, normE: 22.550233840942383
2024-12-25 16:27:51,623 - Step 11, RSE_E: 0.007410728372633457, Loss_X_Ours: 27.08506965637207, normE: 22.550479888916016
2024-12-25 16:27:53,943 - Step 12, RSE_E: 0.007487192749977112, Loss_X_Ours: 27.0814208984375, normE: 22.550729751586914
2024-12-25 16:27:54,334 - Step 13, RSE_E: 0.007563430815935135, Loss_X_Ours: 27.081470489501953, normE: 22.550983428955078
2024-12-25 16:27:55,123 - Step 14, RSE_E: 0.007642507553100586, Loss_X_Ours: 27.080358505249023, normE: 22.551244735717773
2024-12-25 16:27:58,529 - Step 15, RSE_E: 0.007719392888247967, Loss_X_Ours: 27.076021194458008, normE: 22.551509857177734
2024-12-25 16:27:59,303 - Step 16, RSE_E: 0.0077946120873093605, Loss_X_Ours: 27.074928283691406, normE: 22.55177879333496
2024-12-25 16:28:01,158 - Step 17, RSE_E: 0.007871395908296108, Loss_X_Ours: 27.07311248779297, normE: 22.55205726623535
2024-12-25 16:28:01,306 - Step 18, RSE_E: 0.007949692197144032, Loss_X_Ours: 27.072458267211914, normE: 22.552337646484375
2024-12-25 16:28:02,224 - Step 19, RSE_E: 0.00802891980856657, Loss_X_Ours: 27.07183265686035, normE: 22.55262565612793
2024-12-25 16:28:02,695 - Step 20, RSE_E: 0.008106191642582417, Loss_X_Ours: 27.071502685546875, normE: 22.55291748046875
2024-12-25 16:28:03,438 - Step 21, RSE_E: 0.008185191079974174, Loss_X_Ours: 27.07093620300293, normE: 22.5532169342041
2024-12-25 16:28:03,725 - Step 22, RSE_E: 0.008266046643257141, Loss_X_Ours: 27.070697784423828, normE: 22.55352210998535
2024-12-25 16:28:04,186 - Step 23, RSE_E: 0.008348626084625721, Loss_X_Ours: 27.07012367248535, normE: 22.5538330078125
2024-12-25 16:28:04,579 - Step 24, RSE_E: 0.008432989940047264, Loss_X_Ours: 27.07098960876465, normE: 22.554149627685547
2024-12-25 16:28:04,814 - Step 25, RSE_E: 0.008514806628227234, Loss_X_Ours: 27.069808959960938, normE: 22.554471969604492
2024-12-25 16:28:05,354 - Step 26, RSE_E: 0.00859799049794674, Loss_X_Ours: 27.070484161376953, normE: 22.55480194091797
2024-12-25 16:28:05,450 - Step 27, RSE_E: 0.008683605119585991, Loss_X_Ours: 27.070091247558594, normE: 22.555137634277344
2024-12-25 16:28:06,519 - Step 28, RSE_E: 0.008767160587012768, Loss_X_Ours: 27.069530487060547, normE: 22.55548095703125
2024-12-25 16:28:07,072 - Step 29, RSE_E: 0.008854378946125507, Loss_X_Ours: 27.06913948059082, normE: 22.555830001831055
2024-12-25 16:28:07,620 - Step 30, RSE_E: 0.008938802406191826, Loss_X_Ours: 27.068613052368164, normE: 22.556184768676758
2024-12-25 16:28:07,939 - Step 31, RSE_E: 0.009023950435221195, Loss_X_Ours: 27.068246841430664, normE: 22.556549072265625
2024-12-25 16:28:08,334 - Step 32, RSE_E: 0.00911701563745737, Loss_X_Ours: 27.068750381469727, normE: 22.55691909790039
2024-12-25 16:28:08,481 - Step 33, RSE_E: 0.00920647382736206, Loss_X_Ours: 27.068859100341797, normE: 22.557296752929688
2024-12-25 16:28:09,301 - Step 34, RSE_E: 0.009298454970121384, Loss_X_Ours: 27.06768035888672, normE: 22.557680130004883
2024-12-25 16:28:09,556 - Step 35, RSE_E: 0.009390877559781075, Loss_X_Ours: 27.067909240722656, normE: 22.558073043823242
2024-12-25 16:28:09,861 - Step 36, RSE_E: 0.00948385987430811, Loss_X_Ours: 27.06795883178711, normE: 22.558473587036133
2024-12-25 16:28:10,043 - Step 37, RSE_E: 0.009577494114637375, Loss_X_Ours: 27.06858253479004, normE: 22.558883666992188
2024-12-25 16:28:10,332 - Step 38, RSE_E: 0.009674619883298874, Loss_X_Ours: 27.06855010986328, normE: 22.55929946899414
2024-12-25 16:28:10,635 - Step 39, RSE_E: 0.009767532348632812, Loss_X_Ours: 27.068180084228516, normE: 22.559724807739258
2024-12-25 16:28:11,325 - Step 40, RSE_E: 0.00986403226852417, Loss_X_Ours: 27.06769371032715, normE: 22.560157775878906
2024-12-25 16:28:11,919 - Step 41, RSE_E: 0.009958441369235516, Loss_X_Ours: 27.067241668701172, normE: 22.56060028076172
2024-12-25 16:28:12,033 - Step 42, RSE_E: 0.010058747604489326, Loss_X_Ours: 27.06793785095215, normE: 22.561050415039062
2024-12-25 16:28:12,202 - Step 43, RSE_E: 0.010159836150705814, Loss_X_Ours: 27.068477630615234, normE: 22.561511993408203
2024-12-25 16:28:12,576 - Step 44, RSE_E: 0.010260455310344696, Loss_X_Ours: 27.0679988861084, normE: 22.561979293823242
2024-12-25 16:28:12,741 - Step 45, RSE_E: 0.010361921973526478, Loss_X_Ours: 27.0682430267334, normE: 22.562458038330078
2024-12-25 16:28:13,219 - Step 46, RSE_E: 0.010463334619998932, Loss_X_Ours: 27.068405151367188, normE: 22.562946319580078
2024-12-25 16:28:13,649 - Step 47, RSE_E: 0.01056572888046503, Loss_X_Ours: 27.068408966064453, normE: 22.56344223022461
2024-12-25 16:28:14,397 - Step 48, RSE_E: 0.010669236071407795, Loss_X_Ours: 27.067888259887695, normE: 22.563949584960938
2024-12-25 16:28:14,827 - Step 49, RSE_E: 0.010775393806397915, Loss_X_Ours: 27.067604064941406, normE: 22.56446647644043
2024-12-25 16:28:19,417 - Comparison Step 0, Loss_X_TNG: 27.055877685546875, normE: 25.29684066772461
2024-12-25 16:28:22,808 - Comparison Step 1, Loss_X_TNG: 27.151771545410156, normE: 28.410165786743164
2024-12-25 16:28:26,188 - Comparison Step 2, Loss_X_TNG: 27.604717254638672, normE: 31.7321720123291
2024-12-25 16:28:29,609 - Comparison Step 3, Loss_X_TNG: 28.051313400268555, normE: 35.21576690673828
2024-12-25 16:28:32,948 - Comparison Step 4, Loss_X_TNG: 28.303956985473633, normE: 38.84326934814453
2024-12-25 16:28:36,327 - Comparison Step 5, Loss_X_TNG: 29.02150535583496, normE: 42.57020568847656
2024-12-25 16:28:39,741 - Comparison Step 6, Loss_X_TNG: 29.78539276123047, normE: 46.37991714477539
2024-12-25 16:28:43,104 - Comparison Step 7, Loss_X_TNG: 31.0805606842041, normE: 50.25053024291992
2024-12-25 16:28:46,532 - Comparison Step 8, Loss_X_TNG: 31.78581428527832, normE: 54.183982849121094
2024-12-25 16:28:49,887 - Comparison Step 9, Loss_X_TNG: 32.68490982055664, normE: 58.17593765258789
2024-12-25 16:28:53,262 - Comparison Step 10, Loss_X_TNG: 33.887821197509766, normE: 62.21957778930664
2024-12-25 16:28:56,688 - Comparison Step 11, Loss_X_TNG: 35.08518600463867, normE: 66.31343078613281
2024-12-25 16:29:00,036 - Comparison Step 12, Loss_X_TNG: 36.341190338134766, normE: 70.45520782470703
2024-12-25 16:29:03,460 - Comparison Step 13, Loss_X_TNG: 37.360923767089844, normE: 74.64720916748047
2024-12-25 16:29:06,825 - Comparison Step 14, Loss_X_TNG: 38.378089904785156, normE: 78.88965606689453
2024-12-25 16:29:10,228 - Comparison Step 15, Loss_X_TNG: 39.68026351928711, normE: 83.18222045898438
2024-12-25 16:29:13,631 - Comparison Step 16, Loss_X_TNG: 40.704063415527344, normE: 87.52635192871094
2024-12-25 16:29:16,588 - Comparison Step 17, Loss_X_TNG: 41.7651252746582, normE: 91.92295837402344
2024-12-25 16:29:19,959 - Comparison Step 18, Loss_X_TNG: 42.86958312988281, normE: 96.37081146240234
2024-12-25 16:29:23,385 - Comparison Step 19, Loss_X_TNG: 43.991783142089844, normE: 99.13803100585938
2024-12-25 16:29:26,779 - Comparison Step 20, Loss_X_TNG: 44.75086975097656, normE: 96.4464340209961
2024-12-25 16:29:30,156 - Comparison Step 21, Loss_X_TNG: 43.992435455322266, normE: 98.98133850097656
2024-12-25 16:29:33,584 - Comparison Step 22, Loss_X_TNG: 44.28936004638672, normE: 96.52436828613281
2024-12-25 16:29:36,954 - Comparison Step 23, Loss_X_TNG: 42.81336975097656, normE: 98.84100341796875
2024-12-25 16:29:40,360 - Comparison Step 24, Loss_X_TNG: 43.12441635131836, normE: 96.60016632080078
2024-12-25 16:29:43,751 - Comparison Step 25, Loss_X_TNG: 41.97046661376953, normE: 98.7146224975586
2024-12-25 16:29:47,121 - Comparison Step 26, Loss_X_TNG: 42.418235778808594, normE: 96.67365264892578
2024-12-25 16:29:50,535 - Comparison Step 27, Loss_X_TNG: 41.04409408569336, normE: 98.6022720336914
2024-12-25 16:29:53,917 - Comparison Step 28, Loss_X_TNG: 41.60677719116211, normE: 96.74512481689453
2024-12-25 16:29:57,348 - Comparison Step 29, Loss_X_TNG: 40.53262710571289, normE: 98.50328826904297
2024-12-25 16:30:00,634 - Comparison Step 30, Loss_X_TNG: 40.86206817626953, normE: 96.81295013427734
2024-12-25 16:30:04,053 - Comparison Step 31, Loss_X_TNG: 39.82517623901367, normE: 98.41468048095703
2024-12-25 16:30:07,461 - Comparison Step 32, Loss_X_TNG: 40.592430114746094, normE: 96.87700653076172
2024-12-25 16:30:10,873 - Comparison Step 33, Loss_X_TNG: 39.96420669555664, normE: 98.33677673339844
2024-12-25 16:30:14,276 - Comparison Step 34, Loss_X_TNG: 40.74594497680664, normE: 96.93912506103516
2024-12-25 16:30:17,671 - Comparison Step 35, Loss_X_TNG: 40.32370376586914, normE: 98.26911163330078
2024-12-25 16:30:21,033 - Comparison Step 36, Loss_X_TNG: 40.685184478759766, normE: 96.99793243408203
2024-12-25 16:30:24,466 - Comparison Step 37, Loss_X_TNG: 40.58951187133789, normE: 98.20999145507812
2024-12-25 16:30:27,856 - Comparison Step 38, Loss_X_TNG: 40.658138275146484, normE: 97.05271911621094
2024-12-25 16:30:31,250 - Comparison Step 39, Loss_X_TNG: 40.12532424926758, normE: 98.15721130371094
2024-12-25 16:30:34,639 - Comparison Step 40, Loss_X_TNG: 40.9233512878418, normE: 97.10614776611328
2024-12-25 16:30:38,043 - Comparison Step 41, Loss_X_TNG: 40.34794616699219, normE: 98.1116943359375
2024-12-25 16:30:41,419 - Comparison Step 42, Loss_X_TNG: 40.76475524902344, normE: 97.15516662597656
2024-12-25 16:30:44,802 - Comparison Step 43, Loss_X_TNG: 40.51768112182617, normE: 98.07115173339844
2024-12-25 16:30:48,232 - Comparison Step 44, Loss_X_TNG: 40.797969818115234, normE: 97.20093536376953
2024-12-25 16:30:51,600 - Comparison Step 45, Loss_X_TNG: 40.297691345214844, normE: 98.0354995727539
2024-12-25 16:30:55,029 - Comparison Step 46, Loss_X_TNG: 40.51929473876953, normE: 97.24282836914062
2024-12-25 16:30:58,408 - Comparison Step 47, Loss_X_TNG: 39.90233612060547, normE: 98.0009994506836
2024-12-25 16:31:01,795 - Comparison Step 48, Loss_X_TNG: 40.3729362487793, normE: 97.28083038330078
2024-12-25 16:31:05,210 - Comparison Step 49, Loss_X_TNG: 39.86317825317383, normE: 97.97154235839844
2024-12-25 16:31:05,212 - Norm2 (Comparison Algorithm): 39.86317825317383
2024-12-25 16:31:08,563 - Norm2 (Original TR Algorithm): 26.67911148071289
2024-12-25 16:31:08,563 - Norm2 (Our Algorithm): 27.067604064941406
2024-12-25 16:31:08,657 - Clipping input data to the valid range for imshow with RGB data ([0..1] for floats or [0..255] for integers). Got range [-0.11848621..1.1859474].
2024-12-25 16:31:08,661 - Clipping input data to the valid range for imshow with RGB data ([0..1] for floats or [0..255] for integers). Got range [-0.22613195..0.22185567].
2024-12-25 16:31:08,663 - Clipping input data to the valid range for imshow with RGB data ([0..1] for floats or [0..255] for integers). Got range [-0.12157729..1.1811525].
2024-12-25 16:31:08,665 - Clipping input data to the valid range for imshow with RGB data ([0..1] for floats or [0..255] for integers). Got range [-0.14919634..1.1617496].
2024-12-25 16:31:08,668 - Clipping input data to the valid range for imshow with RGB data ([0..1] for floats or [0..255] for integers). Got range [-0.26697317..0.26506102].
2024-12-25 16:31:08,670 - Clipping input data to the valid range for imshow with RGB data ([0..1] for floats or [0..255] for integers). Got range [-0.24921624..1.2493435].
2024-12-25 16:31:08,672 - Clipping input data to the valid range for imshow with RGB data ([0..1] for floats or [0..255] for integers). Got range [-0.23408389..1.2147498].
