2024-12-26 16:32:50,341 - Proposed-ATNMF Experiment
2024-12-26 16:32:50,341 - Optimization parameters:
2024-12-26 16:32:50,341 - epsilon (Frobenius norm constraint): 0.010000000000000002
2024-12-26 16:32:50,341 - inner_tol (Tolerance for inner optimization): 1e-10
2024-12-26 16:32:50,341 - lr (Learning rate): 0.1
2024-12-26 16:32:50,342 - outer_num_steps (Number of outer optimization steps): 300
2024-12-26 16:32:50,342 - inner_num_steps (Number of inner optimization steps): 100
2024-12-26 16:32:50,342 - outer_dis_num (Display loss every outer_dis_num steps): 10
2024-12-26 16:32:50,342 - inner_dis_num (Display loss every inner_dis_num steps): 2000
2024-12-26 16:32:52,740 - Step 0 norm(X - TN_G_Ours): 15.75581567355567, norm2(E): 0.10000000894069672
2024-12-26 16:32:52,923 - Step 1 norm(X - TN_G_Ours): 15.837425158292975, norm2(E): 0.10000000894069672
2024-12-26 16:32:53,100 - Step 2 norm(X - TN_G_Ours): 15.838800443445983, norm2(E): 0.10000000149011612
2024-12-26 16:32:53,285 - Step 3 norm(X - TN_G_Ours): 15.838747939130064, norm2(E): 0.10000000149011612
2024-12-26 16:32:53,463 - Step 4 norm(X - TN_G_Ours): 15.838659307596378, norm2(E): 0.10000000894069672
2024-12-26 16:32:53,641 - Step 5 norm(X - TN_G_Ours): 15.838580309507009, norm2(E): 0.10000000149011612
2024-12-26 16:32:53,819 - Step 6 norm(X - TN_G_Ours): 15.838513353500808, norm2(E): 0.10000000149011612
2024-12-26 16:32:53,999 - Step 7 norm(X - TN_G_Ours): 15.838457958029919, norm2(E): 0.09999999403953552
2024-12-26 16:32:54,174 - Step 8 norm(X - TN_G_Ours): 15.83841123300384, norm2(E): 0.10000000149011612
2024-12-26 16:32:54,351 - Step 9 norm(X - TN_G_Ours): 15.838370288280037, norm2(E): 0.10000000149011612
2024-12-26 16:32:54,530 - Step 10 norm(X - TN_G_Ours): 15.838335123903343, norm2(E): 0.10000000149011612
2024-12-26 16:32:54,711 - Step 11 norm(X - TN_G_Ours): 15.838303331385978, norm2(E): 0.10000000149011612
2024-12-26 16:32:54,868 - Step 12 norm(X - TN_G_Ours): 15.838275874160534, norm2(E): 0.10000000149011612
2024-12-26 16:32:55,016 - Step 13 norm(X - TN_G_Ours): 15.838252270542718, norm2(E): 0.10000000894069672
2024-12-26 16:32:55,160 - Step 14 norm(X - TN_G_Ours): 15.838230112012349, norm2(E): 0.10000000894069672
2024-12-26 16:32:55,302 - Step 15 norm(X - TN_G_Ours): 15.838208916867334, norm2(E): 0.09999998658895493
2024-12-26 16:32:55,450 - Step 16 norm(X - TN_G_Ours): 15.838191093655254, norm2(E): 0.10000000149011612
2024-12-26 16:32:55,602 - Step 17 norm(X - TN_G_Ours): 15.838173752132358, norm2(E): 0.10000000149011612
2024-12-26 16:32:55,747 - Step 18 norm(X - TN_G_Ours): 15.838158819139093, norm2(E): 0.10000000149011612
2024-12-26 16:32:55,901 - Step 19 norm(X - TN_G_Ours): 15.838145331262107, norm2(E): 0.10000000894069672
2024-12-26 16:32:56,044 - Step 20 norm(X - TN_G_Ours): 15.83813087995259, norm2(E): 0.09999998658895493
2024-12-26 16:32:56,190 - Step 21 norm(X - TN_G_Ours): 15.838118355473677, norm2(E): 0.10000000149011612
2024-12-26 16:32:56,335 - Step 22 norm(X - TN_G_Ours): 15.838107276118688, norm2(E): 0.10000000894069672
2024-12-26 16:32:56,481 - Step 23 norm(X - TN_G_Ours): 15.838096678467535, norm2(E): 0.10000000894069672
2024-12-26 16:32:56,626 - Step 24 norm(X - TN_G_Ours): 15.83808608080929, norm2(E): 0.09999999403953552
2024-12-26 16:32:56,772 - Step 25 norm(X - TN_G_Ours): 15.838076446568369, norm2(E): 0.10000000149011612
2024-12-26 16:32:56,918 - Step 26 norm(X - TN_G_Ours): 15.838067775746529, norm2(E): 0.10000000894069672
2024-12-26 16:32:57,064 - Step 27 norm(X - TN_G_Ours): 15.838059586632655, norm2(E): 0.10000000149011612
2024-12-26 16:32:57,219 - Step 28 norm(X - TN_G_Ours): 15.838050915801585, norm2(E): 0.10000000149011612
2024-12-26 16:32:57,362 - Step 29 norm(X - TN_G_Ours): 15.838043208392204, norm2(E): 0.10000000894069672
2024-12-26 16:32:57,507 - Step 30 norm(X - TN_G_Ours): 15.838035500979073, norm2(E): 0.10000000149011612
2024-12-26 16:32:57,653 - Step 31 norm(X - TN_G_Ours): 15.838028756989507, norm2(E): 0.10000000149011612
2024-12-26 16:32:57,798 - Step 32 norm(X - TN_G_Ours): 15.838022012997067, norm2(E): 0.09999999403953552
2024-12-26 16:32:57,957 - Step 33 norm(X - TN_G_Ours): 15.838015750715803, norm2(E): 0.10000000149011612
2024-12-26 16:32:58,111 - Step 34 norm(X - TN_G_Ours): 15.838009970146285, norm2(E): 0.10000000894069672
2024-12-26 16:32:58,256 - Step 35 norm(X - TN_G_Ours): 15.838004189574656, norm2(E): 0.10000000894069672
2024-12-26 16:32:58,402 - Step 36 norm(X - TN_G_Ours): 15.837999372430021, norm2(E): 0.10000000149011612
2024-12-26 16:32:58,548 - Step 37 norm(X - TN_G_Ours): 15.83799262842507, norm2(E): 0.10000000149011612
2024-12-26 16:32:58,694 - Step 38 norm(X - TN_G_Ours): 15.837988774706666, norm2(E): 0.10000000894069672
2024-12-26 16:32:58,852 - Step 39 norm(X - TN_G_Ours): 15.837982030697203, norm2(E): 0.10000000894069672
2024-12-26 16:32:58,996 - Step 40 norm(X - TN_G_Ours): 15.83797817697622, norm2(E): 0.09999999403953552
2024-12-26 16:32:59,140 - Step 41 norm(X - TN_G_Ours): 15.837973359823673, norm2(E): 0.10000000149011612
2024-12-26 16:32:59,294 - Step 42 norm(X - TN_G_Ours): 15.837969987816019, norm2(E): 0.10000000149011612
2024-12-26 16:32:59,442 - Step 43 norm(X - TN_G_Ours): 15.837965170660981, norm2(E): 0.09999998658895493
2024-12-26 16:32:59,586 - Step 44 norm(X - TN_G_Ours): 15.837961316935896, norm2(E): 0.10000000149011612
2024-12-26 16:32:59,730 - Step 45 norm(X - TN_G_Ours): 15.83795649977822, norm2(E): 0.10000000149011612
2024-12-26 16:32:59,879 - Step 46 norm(X - TN_G_Ours): 15.837952646051026, norm2(E): 0.10000000149011612
2024-12-26 16:33:00,025 - Step 47 norm(X - TN_G_Ours): 15.837947828890714, norm2(E): 0.10000000149011612
2024-12-26 16:33:00,178 - Step 48 norm(X - TN_G_Ours): 15.837943975161409, norm2(E): 0.10000000894069672
2024-12-26 16:33:00,324 - Step 49 norm(X - TN_G_Ours): 15.837941084863814, norm2(E): 0.10000000149011612
2024-12-26 16:33:00,476 - Step 50 norm(X - TN_G_Ours): 15.83793723113287, norm2(E): 0.10000000149011612
2024-12-26 16:33:00,619 - Step 51 norm(X - TN_G_Ours): 15.837934340834044, norm2(E): 0.10000000149011612
2024-12-26 16:33:00,771 - Step 52 norm(X - TN_G_Ours): 15.837930487101458, norm2(E): 0.10000000894069672
2024-12-26 16:33:00,915 - Step 53 norm(X - TN_G_Ours): 15.837927596801402, norm2(E): 0.10000000894069672
2024-12-26 16:33:01,061 - Step 54 norm(X - TN_G_Ours): 15.83792518821762, norm2(E): 0.10000000149011612
2024-12-26 16:33:01,206 - Step 55 norm(X - TN_G_Ours): 15.837922297916597, norm2(E): 0.10000000149011612
2024-12-26 16:33:01,354 - Step 56 norm(X - TN_G_Ours): 15.837919407615047, norm2(E): 0.10000000149011612
2024-12-26 16:33:01,498 - Step 57 norm(X - TN_G_Ours): 15.83791651731297, norm2(E): 0.10000000149011612
2024-12-26 16:33:01,642 - Step 58 norm(X - TN_G_Ours): 15.837913627010366, norm2(E): 0.10000000149011612
2024-12-26 16:33:01,787 - Step 59 norm(X - TN_G_Ours): 15.837910736707233, norm2(E): 0.10000000149011612
2024-12-26 16:33:01,939 - Step 60 norm(X - TN_G_Ours): 15.837908809838185, norm2(E): 0.10000000149011612
2024-12-26 16:33:02,083 - Step 61 norm(X - TN_G_Ours): 15.837905919534174, norm2(E): 0.09999999403953552
2024-12-26 16:33:02,229 - Step 62 norm(X - TN_G_Ours): 15.837903029229635, norm2(E): 0.10000000149011612
2024-12-26 16:33:02,370 - Step 63 norm(X - TN_G_Ours): 15.837900138924569, norm2(E): 0.10000000149011612
2024-12-26 16:33:02,514 - Step 64 norm(X - TN_G_Ours): 15.837898212054231, norm2(E): 0.10000000149011612
2024-12-26 16:33:02,660 - Step 65 norm(X - TN_G_Ours): 15.837895321748286, norm2(E): 0.10000001639127731
2024-12-26 16:33:02,803 - Step 66 norm(X - TN_G_Ours): 15.837893394877362, norm2(E): 0.10000000894069672
2024-12-26 16:33:02,949 - Step 67 norm(X - TN_G_Ours): 15.837891468006205, norm2(E): 0.10000000149011612
2024-12-26 16:33:03,101 - Step 68 norm(X - TN_G_Ours): 15.83788857769903, norm2(E): 0.09999999403953552
2024-12-26 16:33:03,255 - Step 69 norm(X - TN_G_Ours): 15.837886650827285, norm2(E): 0.10000000149011612
2024-12-26 16:33:03,401 - Step 70 norm(X - TN_G_Ours): 15.837884723955307, norm2(E): 0.10000000894069672
2024-12-26 16:33:03,546 - Step 71 norm(X - TN_G_Ours): 15.837882797083095, norm2(E): 0.10000000149011612
2024-12-26 16:33:03,692 - Step 72 norm(X - TN_G_Ours): 15.837879906774337, norm2(E): 0.09999998658895493
2024-12-26 16:33:03,841 - Step 73 norm(X - TN_G_Ours): 15.83787846161976, norm2(E): 0.10000000149011612
2024-12-26 16:33:03,985 - Step 74 norm(X - TN_G_Ours): 15.837876534746785, norm2(E): 0.10000000149011612
2024-12-26 16:33:04,129 - Step 75 norm(X - TN_G_Ours): 15.837874607873575, norm2(E): 0.10000000894069672
2024-12-26 16:33:04,274 - Step 76 norm(X - TN_G_Ours): 15.837872681000132, norm2(E): 0.10000000149011612
2024-12-26 16:33:04,419 - Step 77 norm(X - TN_G_Ours): 15.837870754126454, norm2(E): 0.09999999403953552
2024-12-26 16:33:04,563 - Step 78 norm(X - TN_G_Ours): 15.837868827252542, norm2(E): 0.10000000894069672
2024-12-26 16:33:04,707 - Step 79 norm(X - TN_G_Ours): 15.837867863815498, norm2(E): 0.10000000149011612
2024-12-26 16:33:04,854 - Step 80 norm(X - TN_G_Ours): 15.837865936941235, norm2(E): 0.09999999403953552
2024-12-26 16:33:05,010 - Step 81 norm(X - TN_G_Ours): 15.837864010066736, norm2(E): 0.10000000149011612
2024-12-26 16:33:05,159 - Step 82 norm(X - TN_G_Ours): 15.837862083192004, norm2(E): 0.10000000149011612
2024-12-26 16:33:05,311 - Step 83 norm(X - TN_G_Ours): 15.837860156317037, norm2(E): 0.10000000149011612
2024-12-26 16:33:05,455 - Step 84 norm(X - TN_G_Ours): 15.837859192879465, norm2(E): 0.10000000149011612
2024-12-26 16:33:05,608 - Step 85 norm(X - TN_G_Ours): 15.837857266004146, norm2(E): 0.10000000149011612
2024-12-26 16:33:05,752 - Step 86 norm(X - TN_G_Ours): 15.837856302566399, norm2(E): 0.10000000894069672
2024-12-26 16:33:05,898 - Step 87 norm(X - TN_G_Ours): 15.837854375690728, norm2(E): 0.10000000894069672
2024-12-26 16:33:06,043 - Step 88 norm(X - TN_G_Ours): 15.837852448814823, norm2(E): 0.10000000149011612
2024-12-26 16:33:06,189 - Step 89 norm(X - TN_G_Ours): 15.837850521938684, norm2(E): 0.10000000149011612
2024-12-26 16:33:06,330 - Step 90 norm(X - TN_G_Ours): 15.837849558500526, norm2(E): 0.10000000149011612
2024-12-26 16:33:06,475 - Step 91 norm(X - TN_G_Ours): 15.837847631624035, norm2(E): 0.10000000149011612
2024-12-26 16:33:06,620 - Step 92 norm(X - TN_G_Ours): 15.83784570474731, norm2(E): 0.10000000149011612
2024-12-26 16:33:06,774 - Step 93 norm(X - TN_G_Ours): 15.83784474130886, norm2(E): 0.10000000149011612
2024-12-26 16:33:06,927 - Step 94 norm(X - TN_G_Ours): 15.837842814431783, norm2(E): 0.09999999403953552
2024-12-26 16:33:07,073 - Step 95 norm(X - TN_G_Ours): 15.837841850993156, norm2(E): 0.10000000149011612
2024-12-26 16:33:07,218 - Step 96 norm(X - TN_G_Ours): 15.83784088755447, norm2(E): 0.09999998658895493
2024-12-26 16:33:07,363 - Step 97 norm(X - TN_G_Ours): 15.837838960676924, norm2(E): 0.10000000149011612
2024-12-26 16:33:07,509 - Step 98 norm(X - TN_G_Ours): 15.837837997238065, norm2(E): 0.10000000894069672
2024-12-26 16:33:07,657 - Step 99 norm(X - TN_G_Ours): 15.837837033799145, norm2(E): 0.10000000149011612
2024-12-26 16:33:07,805 - Step 100 norm(X - TN_G_Ours): 15.83783510692113, norm2(E): 0.10000000149011612
2024-12-26 16:33:07,947 - Step 101 norm(X - TN_G_Ours): 15.83783510692113, norm2(E): 0.10000000894069672
2024-12-26 16:33:08,094 - Step 102 norm(X - TN_G_Ours): 15.83783318004288, norm2(E): 0.10000000149011612
2024-12-26 16:33:08,241 - Step 103 norm(X - TN_G_Ours): 15.837832216603669, norm2(E): 0.10000000149011612
2024-12-26 16:33:08,385 - Step 104 norm(X - TN_G_Ours): 15.83783173488404, norm2(E): 0.09999999403953552
2024-12-26 16:33:08,527 - Step 105 norm(X - TN_G_Ours): 15.837829808005381, norm2(E): 0.10000000149011612
2024-12-26 16:33:08,672 - Step 106 norm(X - TN_G_Ours): 15.837828844565962, norm2(E): 0.10000000149011612
2024-12-26 16:33:08,827 - Step 107 norm(X - TN_G_Ours): 15.837828844565962, norm2(E): 0.10000000149011612
2024-12-26 16:33:08,978 - Step 108 norm(X - TN_G_Ours): 15.837826917686952, norm2(E): 0.10000000149011612
2024-12-26 16:33:09,132 - Step 109 norm(X - TN_G_Ours): 15.837825954247359, norm2(E): 0.10000000894069672
2024-12-26 16:33:09,297 - Step 110 norm(X - TN_G_Ours): 15.837824027367995, norm2(E): 0.10000000149011612
2024-12-26 16:33:09,439 - Step 111 norm(X - TN_G_Ours): 15.837823063928226, norm2(E): 0.10000000894069672
2024-12-26 16:33:09,591 - Step 112 norm(X - TN_G_Ours): 15.837823063928226, norm2(E): 0.10000000894069672
2024-12-26 16:33:09,737 - Step 113 norm(X - TN_G_Ours): 15.837822100488399, norm2(E): 0.09999999403953552
2024-12-26 16:33:09,885 - Step 114 norm(X - TN_G_Ours): 15.837821137048513, norm2(E): 0.10000000149011612
2024-12-26 16:33:10,028 - Step 115 norm(X - TN_G_Ours): 15.837819210168563, norm2(E): 0.10000000149011612
2024-12-26 16:33:10,175 - Step 116 norm(X - TN_G_Ours): 15.837818246728501, norm2(E): 0.10000000149011612
2024-12-26 16:33:10,319 - Step 117 norm(X - TN_G_Ours): 15.83781728328838, norm2(E): 0.10000000149011612
2024-12-26 16:33:10,470 - Step 118 norm(X - TN_G_Ours): 15.837816319848201, norm2(E): 0.10000000149011612
2024-12-26 16:33:10,618 - Step 119 norm(X - TN_G_Ours): 15.837815356407962, norm2(E): 0.10000000149011612
2024-12-26 16:33:10,760 - Step 120 norm(X - TN_G_Ours): 15.83781342952731, norm2(E): 0.10000000149011612
2024-12-26 16:33:10,906 - Step 121 norm(X - TN_G_Ours): 15.83781342952731, norm2(E): 0.10000000149011612
2024-12-26 16:33:11,050 - Step 122 norm(X - TN_G_Ours): 15.837812466086897, norm2(E): 0.10000000149011612
2024-12-26 16:33:11,194 - Step 123 norm(X - TN_G_Ours): 15.837811502646424, norm2(E): 0.10000000149011612
2024-12-26 16:33:11,341 - Step 124 norm(X - TN_G_Ours): 15.837810539205893, norm2(E): 0.10000000149011612
2024-12-26 16:33:11,496 - Step 125 norm(X - TN_G_Ours): 15.837809575765302, norm2(E): 0.10000000149011612
2024-12-26 16:33:11,642 - Step 126 norm(X - TN_G_Ours): 15.837809575765302, norm2(E): 0.10000000149011612
2024-12-26 16:33:11,784 - Step 127 norm(X - TN_G_Ours): 15.837807648883947, norm2(E): 0.10000000149011612
2024-12-26 16:33:11,936 - Step 128 norm(X - TN_G_Ours): 15.837805722002358, norm2(E): 0.10000000149011612
2024-12-26 16:33:12,080 - Step 129 norm(X - TN_G_Ours): 15.837805722002358, norm2(E): 0.10000000149011612
2024-12-26 16:33:12,228 - Step 130 norm(X - TN_G_Ours): 15.837804758561475, norm2(E): 0.10000000894069672
2024-12-26 16:33:12,372 - Step 131 norm(X - TN_G_Ours): 15.837804758561475, norm2(E): 0.10000000149011612
2024-12-26 16:33:12,513 - Step 132 norm(X - TN_G_Ours): 15.837803795120534, norm2(E): 0.10000000149011612
2024-12-26 16:33:12,658 - Step 133 norm(X - TN_G_Ours): 15.837802831679534, norm2(E): 0.10000000149011612
2024-12-26 16:33:12,802 - Step 134 norm(X - TN_G_Ours): 15.837800904797358, norm2(E): 0.09999999403953552
2024-12-26 16:33:12,944 - Step 135 norm(X - TN_G_Ours): 15.837800904797358, norm2(E): 0.10000000149011612
2024-12-26 16:33:13,088 - Step 136 norm(X - TN_G_Ours): 15.837798977914947, norm2(E): 0.10000001639127731
2024-12-26 16:33:13,236 - Step 137 norm(X - TN_G_Ours): 15.837798977914947, norm2(E): 0.10000000149011612
2024-12-26 16:33:13,378 - Step 138 norm(X - TN_G_Ours): 15.837798014473654, norm2(E): 0.10000000894069672
2024-12-26 16:33:13,522 - Step 139 norm(X - TN_G_Ours): 15.837797051032302, norm2(E): 0.10000000149011612
2024-12-26 16:33:13,666 - Step 140 norm(X - TN_G_Ours): 15.837796087590892, norm2(E): 0.10000000894069672
2024-12-26 16:33:13,820 - Step 141 norm(X - TN_G_Ours): 15.837796087590892, norm2(E): 0.10000000149011612
2024-12-26 16:33:13,963 - Step 142 norm(X - TN_G_Ours): 15.837794160707896, norm2(E): 0.10000000149011612
2024-12-26 16:33:14,115 - Step 143 norm(X - TN_G_Ours): 15.837794160707896, norm2(E): 0.10000000149011612
2024-12-26 16:33:14,266 - Step 144 norm(X - TN_G_Ours): 15.83779319726631, norm2(E): 0.10000000894069672
2024-12-26 16:33:14,410 - Step 145 norm(X - TN_G_Ours): 15.837792233824665, norm2(E): 0.10000000149011612
2024-12-26 16:33:14,556 - Step 146 norm(X - TN_G_Ours): 15.837791270382962, norm2(E): 0.10000000149011612
2024-12-26 16:33:14,700 - Step 147 norm(X - TN_G_Ours): 15.837791270382962, norm2(E): 0.10000000149011612
2024-12-26 16:33:14,848 - Step 148 norm(X - TN_G_Ours): 15.837789343499379, norm2(E): 0.09999999403953552
2024-12-26 16:33:14,992 - Step 149 norm(X - TN_G_Ours): 15.837789343499379, norm2(E): 0.10000000149011612
2024-12-26 16:33:15,144 - Step 150 norm(X - TN_G_Ours): 15.8377883800575, norm2(E): 0.10000000149011612
2024-12-26 16:33:15,300 - Step 151 norm(X - TN_G_Ours): 15.837787416615562, norm2(E): 0.10000000149011612
2024-12-26 16:33:15,455 - Step 152 norm(X - TN_G_Ours): 15.837787416615562, norm2(E): 0.10000001639127731
2024-12-26 16:33:15,609 - Step 153 norm(X - TN_G_Ours): 15.837786453173566, norm2(E): 0.10000000894069672
2024-12-26 16:33:15,763 - Step 154 norm(X - TN_G_Ours): 15.83778548973151, norm2(E): 0.10000000894069672
2024-12-26 16:33:15,916 - Step 155 norm(X - TN_G_Ours): 15.837785008010462, norm2(E): 0.10000000149011612
2024-12-26 16:33:16,074 - Step 156 norm(X - TN_G_Ours): 15.837784044568318, norm2(E): 0.10000001639127731
2024-12-26 16:33:16,232 - Step 157 norm(X - TN_G_Ours): 15.837784044568318, norm2(E): 0.10000000149011612
2024-12-26 16:33:16,383 - Step 158 norm(X - TN_G_Ours): 15.837783081126117, norm2(E): 0.10000000894069672
2024-12-26 16:33:16,527 - Step 159 norm(X - TN_G_Ours): 15.837782117683858, norm2(E): 0.10000000894069672
2024-12-26 16:33:16,674 - Step 160 norm(X - TN_G_Ours): 15.837781154241538, norm2(E): 0.10000000149011612
2024-12-26 16:33:16,827 - Step 161 norm(X - TN_G_Ours): 15.837781154241538, norm2(E): 0.10000000149011612
2024-12-26 16:33:16,971 - Step 162 norm(X - TN_G_Ours): 15.837780190799162, norm2(E): 0.10000000149011612
2024-12-26 16:33:17,122 - Step 163 norm(X - TN_G_Ours): 15.837780190799162, norm2(E): 0.10000000149011612
2024-12-26 16:33:17,276 - Step 164 norm(X - TN_G_Ours): 15.837779227356725, norm2(E): 0.10000000149011612
2024-12-26 16:33:17,420 - Step 165 norm(X - TN_G_Ours): 15.837778263914231, norm2(E): 0.10000000149011612
2024-12-26 16:33:17,572 - Step 166 norm(X - TN_G_Ours): 15.837777300471677, norm2(E): 0.10000000894069672
2024-12-26 16:33:17,726 - Step 167 norm(X - TN_G_Ours): 15.837777300471677, norm2(E): 0.10000000149011612
2024-12-26 16:33:17,872 - Step 168 norm(X - TN_G_Ours): 15.837776337029066, norm2(E): 0.10000000149011612
2024-12-26 16:33:18,015 - Step 169 norm(X - TN_G_Ours): 15.837775373586396, norm2(E): 0.10000000149011612
2024-12-26 16:33:18,160 - Step 170 norm(X - TN_G_Ours): 15.837775373586396, norm2(E): 0.10000000149011612
2024-12-26 16:33:18,305 - Step 171 norm(X - TN_G_Ours): 15.837775373586396, norm2(E): 0.10000000149011612
2024-12-26 16:33:18,450 - Step 172 norm(X - TN_G_Ours): 15.83777344670088, norm2(E): 0.10000000149011612
2024-12-26 16:33:18,595 - Step 173 norm(X - TN_G_Ours): 15.83777344670088, norm2(E): 0.09999999403953552
2024-12-26 16:33:18,743 - Step 174 norm(X - TN_G_Ours): 15.83777344670088, norm2(E): 0.10000000149011612
2024-12-26 16:33:18,892 - Step 175 norm(X - TN_G_Ours): 15.837772483258032, norm2(E): 0.10000000894069672
2024-12-26 16:33:19,037 - Step 176 norm(X - TN_G_Ours): 15.837771519815128, norm2(E): 0.10000000894069672
2024-12-26 16:33:19,185 - Step 177 norm(X - TN_G_Ours): 15.837771519815128, norm2(E): 0.10000000149011612
2024-12-26 16:33:19,330 - Step 178 norm(X - TN_G_Ours): 15.837770556372165, norm2(E): 0.10000000149011612
2024-12-26 16:33:19,475 - Step 179 norm(X - TN_G_Ours): 15.837770556372165, norm2(E): 0.10000000149011612
2024-12-26 16:33:19,620 - Step 180 norm(X - TN_G_Ours): 15.837768629486062, norm2(E): 0.10000000894069672
2024-12-26 16:33:19,765 - Step 181 norm(X - TN_G_Ours): 15.837768629486062, norm2(E): 0.10000000149011612
2024-12-26 16:33:19,912 - Step 182 norm(X - TN_G_Ours): 15.837767666042923, norm2(E): 0.10000000149011612
2024-12-26 16:33:20,063 - Step 183 norm(X - TN_G_Ours): 15.837767666042923, norm2(E): 0.10000000149011612
2024-12-26 16:33:20,207 - Step 184 norm(X - TN_G_Ours): 15.837767666042923, norm2(E): 0.10000000149011612
2024-12-26 16:33:20,352 - Step 185 norm(X - TN_G_Ours): 15.837766702599724, norm2(E): 0.10000000149011612
2024-12-26 16:33:20,496 - Step 186 norm(X - TN_G_Ours): 15.837765739156469, norm2(E): 0.10000000894069672
2024-12-26 16:33:20,642 - Step 187 norm(X - TN_G_Ours): 15.837765739156469, norm2(E): 0.09999998658895493
2024-12-26 16:33:20,795 - Step 188 norm(X - TN_G_Ours): 15.837764775713154, norm2(E): 0.10000000149011612
2024-12-26 16:33:20,941 - Step 189 norm(X - TN_G_Ours): 15.837764775713154, norm2(E): 0.10000000149011612
2024-12-26 16:33:21,086 - Step 190 norm(X - TN_G_Ours): 15.83776381226978, norm2(E): 0.10000000149011612
2024-12-26 16:33:21,233 - Step 191 norm(X - TN_G_Ours): 15.83776381226978, norm2(E): 0.10000000894069672
2024-12-26 16:33:21,378 - Step 192 norm(X - TN_G_Ours): 15.83776381226978, norm2(E): 0.10000000149011612
2024-12-26 16:33:21,523 - Step 193 norm(X - TN_G_Ours): 15.837762848826348, norm2(E): 0.10000000149011612
2024-12-26 16:33:21,674 - Step 194 norm(X - TN_G_Ours): 15.837761885382857, norm2(E): 0.10000000149011612
2024-12-26 16:33:21,818 - Step 195 norm(X - TN_G_Ours): 15.837761885382857, norm2(E): 0.10000000149011612
2024-12-26 16:33:21,972 - Step 196 norm(X - TN_G_Ours): 15.837760921939307, norm2(E): 0.09999999403953552
2024-12-26 16:33:22,118 - Step 197 norm(X - TN_G_Ours): 15.837759958495699, norm2(E): 0.09999999403953552
2024-12-26 16:33:22,263 - Step 198 norm(X - TN_G_Ours): 15.837759958495699, norm2(E): 0.10000000149011612
2024-12-26 16:33:22,408 - Step 199 norm(X - TN_G_Ours): 15.837759958495699, norm2(E): 0.10000000149011612
2024-12-26 16:33:22,562 - Step 200 norm(X - TN_G_Ours): 15.837758995052033, norm2(E): 0.10000000149011612
2024-12-26 16:33:22,706 - Step 201 norm(X - TN_G_Ours): 15.837758031608306, norm2(E): 0.10000000894069672
2024-12-26 16:33:22,851 - Step 202 norm(X - TN_G_Ours): 15.837757068164523, norm2(E): 0.10000000149011612
2024-12-26 16:33:22,995 - Step 203 norm(X - TN_G_Ours): 15.837757068164523, norm2(E): 0.10000000149011612
2024-12-26 16:33:23,147 - Step 204 norm(X - TN_G_Ours): 15.83775610472068, norm2(E): 0.10000000149011612
2024-12-26 16:33:23,299 - Step 205 norm(X - TN_G_Ours): 15.837757068164523, norm2(E): 0.09999999403953552
2024-12-26 16:33:23,447 - Step 206 norm(X - TN_G_Ours): 15.83775610472068, norm2(E): 0.10000000149011612
2024-12-26 16:33:23,590 - Step 207 norm(X - TN_G_Ours): 15.83775610472068, norm2(E): 0.10000000149011612
2024-12-26 16:33:23,740 - Step 208 norm(X - TN_G_Ours): 15.83775514127678, norm2(E): 0.09999998658895493
2024-12-26 16:33:23,885 - Step 209 norm(X - TN_G_Ours): 15.837754177832819, norm2(E): 0.10000000149011612
2024-12-26 16:33:24,031 - Step 210 norm(X - TN_G_Ours): 15.837754177832819, norm2(E): 0.10000000149011612
2024-12-26 16:33:24,185 - Step 211 norm(X - TN_G_Ours): 15.837754177832819, norm2(E): 0.10000000894069672
2024-12-26 16:33:24,326 - Step 212 norm(X - TN_G_Ours): 15.837753214388801, norm2(E): 0.10000000149011612
2024-12-26 16:33:24,472 - Step 213 norm(X - TN_G_Ours): 15.837753214388801, norm2(E): 0.10000000149011612
2024-12-26 16:33:24,616 - Step 214 norm(X - TN_G_Ours): 15.837753214388801, norm2(E): 0.10000000149011612
2024-12-26 16:33:24,770 - Step 215 norm(X - TN_G_Ours): 15.837752250944725, norm2(E): 0.09999998658895493
2024-12-26 16:33:24,915 - Step 216 norm(X - TN_G_Ours): 15.837752250944725, norm2(E): 0.10000000149011612
2024-12-26 16:33:25,060 - Step 217 norm(X - TN_G_Ours): 15.83775128750059, norm2(E): 0.10000000149011612
2024-12-26 16:33:25,205 - Step 218 norm(X - TN_G_Ours): 15.83775128750059, norm2(E): 0.10000000894069672
2024-12-26 16:33:25,352 - Step 219 norm(X - TN_G_Ours): 15.83775128750059, norm2(E): 0.10000000149011612
2024-12-26 16:33:25,504 - Step 220 norm(X - TN_G_Ours): 15.837750324056394, norm2(E): 0.10000000894069672
2024-12-26 16:33:25,651 - Step 221 norm(X - TN_G_Ours): 15.837750324056394, norm2(E): 0.10000000149011612
2024-12-26 16:33:25,796 - Step 222 norm(X - TN_G_Ours): 15.837749360612142, norm2(E): 0.10000000894069672
2024-12-26 16:33:25,949 - Step 223 norm(X - TN_G_Ours): 15.837749360612142, norm2(E): 0.10000000149011612
2024-12-26 16:33:26,094 - Step 224 norm(X - TN_G_Ours): 15.83774839716783, norm2(E): 0.09999999403953552
2024-12-26 16:33:26,239 - Step 225 norm(X - TN_G_Ours): 15.83774839716783, norm2(E): 0.10000000894069672
2024-12-26 16:33:26,383 - Step 226 norm(X - TN_G_Ours): 15.837747433723461, norm2(E): 0.10000000149011612
2024-12-26 16:33:26,528 - Step 227 norm(X - TN_G_Ours): 15.837747433723461, norm2(E): 0.10000000149011612
2024-12-26 16:33:26,673 - Step 228 norm(X - TN_G_Ours): 15.837747433723461, norm2(E): 0.10000000894069672
2024-12-26 16:33:26,827 - Step 229 norm(X - TN_G_Ours): 15.837747433723461, norm2(E): 0.10000000149011612
2024-12-26 16:33:26,968 - Step 230 norm(X - TN_G_Ours): 15.837746470279033, norm2(E): 0.10000000149011612
2024-12-26 16:33:27,122 - Step 231 norm(X - TN_G_Ours): 15.837746470279033, norm2(E): 0.10000000149011612
2024-12-26 16:33:27,268 - Step 232 norm(X - TN_G_Ours): 15.837745506834544, norm2(E): 0.10000000149011612
2024-12-26 16:33:27,414 - Step 233 norm(X - TN_G_Ours): 15.837745506834544, norm2(E): 0.10000000149011612
2024-12-26 16:33:27,556 - Step 234 norm(X - TN_G_Ours): 15.837745506834544, norm2(E): 0.10000000149011612
2024-12-26 16:33:27,701 - Step 235 norm(X - TN_G_Ours): 15.837744543389999, norm2(E): 0.10000000149011612
2024-12-26 16:33:27,844 - Step 236 norm(X - TN_G_Ours): 15.837744543389999, norm2(E): 0.10000000894069672
2024-12-26 16:33:27,999 - Step 237 norm(X - TN_G_Ours): 15.837743579945395, norm2(E): 0.10000000149011612
2024-12-26 16:33:28,148 - Step 238 norm(X - TN_G_Ours): 15.837743579945395, norm2(E): 0.10000000894069672
2024-12-26 16:33:28,294 - Step 239 norm(X - TN_G_Ours): 15.837743579945395, norm2(E): 0.10000000149011612
2024-12-26 16:33:28,439 - Step 240 norm(X - TN_G_Ours): 15.837742616500732, norm2(E): 0.10000000149011612
2024-12-26 16:33:28,586 - Step 241 norm(X - TN_G_Ours): 15.837742616500732, norm2(E): 0.10000000149011612
2024-12-26 16:33:28,733 - Step 242 norm(X - TN_G_Ours): 15.837742616500732, norm2(E): 0.10000000149011612
2024-12-26 16:33:28,883 - Step 243 norm(X - TN_G_Ours): 15.83774165305601, norm2(E): 0.10000000149011612
2024-12-26 16:33:29,029 - Step 244 norm(X - TN_G_Ours): 15.83774068961123, norm2(E): 0.10000000149011612
2024-12-26 16:33:29,181 - Step 245 norm(X - TN_G_Ours): 15.83774068961123, norm2(E): 0.10000000149011612
2024-12-26 16:33:29,332 - Step 246 norm(X - TN_G_Ours): 15.83774068961123, norm2(E): 0.10000000149011612
2024-12-26 16:33:29,480 - Step 247 norm(X - TN_G_Ours): 15.83774068961123, norm2(E): 0.10000000894069672
2024-12-26 16:33:29,627 - Step 248 norm(X - TN_G_Ours): 15.83773972616639, norm2(E): 0.10000000894069672
2024-12-26 16:33:29,769 - Step 249 norm(X - TN_G_Ours): 15.83773972616639, norm2(E): 0.10000000149011612
2024-12-26 16:33:29,923 - Step 250 norm(X - TN_G_Ours): 15.83773972616639, norm2(E): 0.10000000149011612
2024-12-26 16:33:30,073 - Step 251 norm(X - TN_G_Ours): 15.837738762721493, norm2(E): 0.10000000149011612
2024-12-26 16:33:30,219 - Step 252 norm(X - TN_G_Ours): 15.837738762721493, norm2(E): 0.10000000149011612
2024-12-26 16:33:30,360 - Step 253 norm(X - TN_G_Ours): 15.837738762721493, norm2(E): 0.10000000149011612
2024-12-26 16:33:30,516 - Step 254 norm(X - TN_G_Ours): 15.837738762721493, norm2(E): 0.10000000149011612
2024-12-26 16:33:30,665 - Step 255 norm(X - TN_G_Ours): 15.837737799276537, norm2(E): 0.10000000149011612
2024-12-26 16:33:30,819 - Step 256 norm(X - TN_G_Ours): 15.837737799276537, norm2(E): 0.10000000149011612
2024-12-26 16:33:30,963 - Step 257 norm(X - TN_G_Ours): 15.837737317554037, norm2(E): 0.10000000149011612
2024-12-26 16:33:31,116 - Step 258 norm(X - TN_G_Ours): 15.837737317554037, norm2(E): 0.10000000149011612
2024-12-26 16:33:31,263 - Step 259 norm(X - TN_G_Ours): 15.837737317554037, norm2(E): 0.10000000894069672
2024-12-26 16:33:31,411 - Step 260 norm(X - TN_G_Ours): 15.837737317554037, norm2(E): 0.09999998658895493
2024-12-26 16:33:31,555 - Step 261 norm(X - TN_G_Ours): 15.837736354108992, norm2(E): 0.10000000149011612
2024-12-26 16:33:31,709 - Step 262 norm(X - TN_G_Ours): 15.837736354108992, norm2(E): 0.09999999403953552
2024-12-26 16:33:31,854 - Step 263 norm(X - TN_G_Ours): 15.837736354108992, norm2(E): 0.10000000149011612
2024-12-26 16:33:32,000 - Step 264 norm(X - TN_G_Ours): 15.837735390663891, norm2(E): 0.10000000149011612
2024-12-26 16:33:32,142 - Step 265 norm(X - TN_G_Ours): 15.837735390663891, norm2(E): 0.10000000149011612
2024-12-26 16:33:32,292 - Step 266 norm(X - TN_G_Ours): 15.837734427218729, norm2(E): 0.10000000149011612
2024-12-26 16:33:32,438 - Step 267 norm(X - TN_G_Ours): 15.837734427218729, norm2(E): 0.10000000894069672
2024-12-26 16:33:32,584 - Step 268 norm(X - TN_G_Ours): 15.837734427218729, norm2(E): 0.09999999403953552
2024-12-26 16:33:32,735 - Step 269 norm(X - TN_G_Ours): 15.83773346377351, norm2(E): 0.10000000149011612
2024-12-26 16:33:32,881 - Step 270 norm(X - TN_G_Ours): 15.83773346377351, norm2(E): 0.10000000149011612
2024-12-26 16:33:33,026 - Step 271 norm(X - TN_G_Ours): 15.83773346377351, norm2(E): 0.10000000149011612
2024-12-26 16:33:33,184 - Step 272 norm(X - TN_G_Ours): 15.83773346377351, norm2(E): 0.10000001639127731
2024-12-26 16:33:33,339 - Step 273 norm(X - TN_G_Ours): 15.837732500328231, norm2(E): 0.10000000149011612
2024-12-26 16:33:33,482 - Step 274 norm(X - TN_G_Ours): 15.837732500328231, norm2(E): 0.10000000149011612
2024-12-26 16:33:33,629 - Step 275 norm(X - TN_G_Ours): 15.837732500328231, norm2(E): 0.10000000149011612
2024-12-26 16:33:33,778 - Step 276 norm(X - TN_G_Ours): 15.837732500328231, norm2(E): 0.10000000149011612
2024-12-26 16:33:33,924 - Step 277 norm(X - TN_G_Ours): 15.837731536882893, norm2(E): 0.10000000149011612
2024-12-26 16:33:34,068 - Step 278 norm(X - TN_G_Ours): 15.837731536882893, norm2(E): 0.10000000149011612
2024-12-26 16:33:34,213 - Step 279 norm(X - TN_G_Ours): 15.837731536882893, norm2(E): 0.10000000149011612
2024-12-26 16:33:34,357 - Step 280 norm(X - TN_G_Ours): 15.837730573437499, norm2(E): 0.10000000149011612
2024-12-26 16:33:34,502 - Step 281 norm(X - TN_G_Ours): 15.837729609992044, norm2(E): 0.10000000149011612
2024-12-26 16:33:34,648 - Step 282 norm(X - TN_G_Ours): 15.837729609992044, norm2(E): 0.10000000149011612
2024-12-26 16:33:34,789 - Step 283 norm(X - TN_G_Ours): 15.837729609992044, norm2(E): 0.10000000149011612
2024-12-26 16:33:34,935 - Step 284 norm(X - TN_G_Ours): 15.837729609992044, norm2(E): 0.10000000149011612
2024-12-26 16:33:35,078 - Step 285 norm(X - TN_G_Ours): 15.837729609992044, norm2(E): 0.10000000149011612
2024-12-26 16:33:35,223 - Step 286 norm(X - TN_G_Ours): 15.837729609992044, norm2(E): 0.10000000894069672
2024-12-26 16:33:35,369 - Step 287 norm(X - TN_G_Ours): 15.837728646546532, norm2(E): 0.09999999403953552
2024-12-26 16:33:35,651 - Step 288 norm(X - TN_G_Ours): 15.83772768310096, norm2(E): 0.10000000149011612
2024-12-26 16:33:35,798 - Step 289 norm(X - TN_G_Ours): 15.83772768310096, norm2(E): 0.10000000149011612
2024-12-26 16:33:35,942 - Step 290 norm(X - TN_G_Ours): 15.83772768310096, norm2(E): 0.10000001639127731
2024-12-26 16:33:36,085 - Step 291 norm(X - TN_G_Ours): 15.83772768310096, norm2(E): 0.10000000149011612
2024-12-26 16:33:36,231 - Step 292 norm(X - TN_G_Ours): 15.83772768310096, norm2(E): 0.10000000149011612
2024-12-26 16:33:36,382 - Step 293 norm(X - TN_G_Ours): 15.837726719655329, norm2(E): 0.10000000894069672
2024-12-26 16:33:36,527 - Step 294 norm(X - TN_G_Ours): 15.83772768310096, norm2(E): 0.10000000894069672
2024-12-26 16:33:36,672 - Step 295 norm(X - TN_G_Ours): 15.837726719655329, norm2(E): 0.10000000149011612
2024-12-26 16:33:36,826 - Step 296 norm(X - TN_G_Ours): 15.837726719655329, norm2(E): 0.10000000894069672
2024-12-26 16:33:36,972 - Step 297 norm(X - TN_G_Ours): 15.837726719655329, norm2(E): 0.10000000149011612
2024-12-26 16:33:37,125 - Step 298 norm(X - TN_G_Ours): 15.837725756209641, norm2(E): 0.10000000149011612
2024-12-26 16:33:37,278 - Step 299 norm(X - TN_G_Ours): 15.837724792763893, norm2(E): 0.10000000149011612
2024-12-26 16:33:37,367 - Step 0 norm(X - TN_G_ATR): 15.756866455078125, norm2(E): 0.10000000149011612
2024-12-26 16:33:37,452 - Step 1 norm(X - TN_G_ATR): 15.755358695983887, norm2(E): 0.10000000149011612
2024-12-26 16:33:37,539 - Step 2 norm(X - TN_G_ATR): 15.755326271057129, norm2(E): 0.10000000894069672
2024-12-26 16:33:37,624 - Step 3 norm(X - TN_G_ATR): 15.7553129196167, norm2(E): 0.10000000894069672
2024-12-26 16:33:37,708 - Step 4 norm(X - TN_G_ATR): 15.755303382873535, norm2(E): 0.10000000894069672
2024-12-26 16:33:37,791 - Step 5 norm(X - TN_G_ATR): 15.75529670715332, norm2(E): 0.10000000149011612
2024-12-26 16:33:37,875 - Step 6 norm(X - TN_G_ATR): 15.755290031433105, norm2(E): 0.10000000149011612
2024-12-26 16:33:37,958 - Step 7 norm(X - TN_G_ATR): 15.755287170410156, norm2(E): 0.10000000149011612
2024-12-26 16:33:38,051 - Step 8 norm(X - TN_G_ATR): 15.75528621673584, norm2(E): 0.10000000149011612
2024-12-26 16:33:38,140 - Step 9 norm(X - TN_G_ATR): 15.755285263061523, norm2(E): 0.09999998658895493
2024-12-26 16:33:38,225 - Step 10 norm(X - TN_G_ATR): 15.755285263061523, norm2(E): 0.10000000894069672
2024-12-26 16:33:38,309 - Step 11 norm(X - TN_G_ATR): 15.755284309387207, norm2(E): 0.10000000894069672
2024-12-26 16:33:38,396 - Step 12 norm(X - TN_G_ATR): 15.755284309387207, norm2(E): 0.10000000149011612
2024-12-26 16:33:38,482 - Step 13 norm(X - TN_G_ATR): 15.75528335571289, norm2(E): 0.10000000149011612
2024-12-26 16:33:38,565 - Step 14 norm(X - TN_G_ATR): 15.755284309387207, norm2(E): 0.10000000149011612
2024-12-26 16:33:38,650 - Step 15 norm(X - TN_G_ATR): 15.755285263061523, norm2(E): 0.09999999403953552
2024-12-26 16:33:38,738 - Step 16 norm(X - TN_G_ATR): 15.755285263061523, norm2(E): 0.10000000149011612
2024-12-26 16:33:38,825 - Step 17 norm(X - TN_G_ATR): 15.755285263061523, norm2(E): 0.10000000149011612
2024-12-26 16:33:38,909 - Step 18 norm(X - TN_G_ATR): 15.755285263061523, norm2(E): 0.10000000149011612
2024-12-26 16:33:38,993 - Step 19 norm(X - TN_G_ATR): 15.755285263061523, norm2(E): 0.10000000149011612
2024-12-26 16:33:39,081 - Step 20 norm(X - TN_G_ATR): 15.75528621673584, norm2(E): 0.10000000149011612
2024-12-26 16:33:39,165 - Step 21 norm(X - TN_G_ATR): 15.75528621673584, norm2(E): 0.10000000894069672
2024-12-26 16:33:39,256 - Step 22 norm(X - TN_G_ATR): 15.75528621673584, norm2(E): 0.10000000149011612
2024-12-26 16:33:39,340 - Step 23 norm(X - TN_G_ATR): 15.75528621673584, norm2(E): 0.09999999403953552
2024-12-26 16:33:39,424 - Step 24 norm(X - TN_G_ATR): 15.75528621673584, norm2(E): 0.09999999403953552
2024-12-26 16:33:39,513 - Step 25 norm(X - TN_G_ATR): 15.755285263061523, norm2(E): 0.10000000149011612
2024-12-26 16:33:39,598 - Step 26 norm(X - TN_G_ATR): 15.755284309387207, norm2(E): 0.10000000149011612
2024-12-26 16:33:39,687 - Step 27 norm(X - TN_G_ATR): 15.755284309387207, norm2(E): 0.10000000894069672
2024-12-26 16:33:39,772 - Step 28 norm(X - TN_G_ATR): 15.755284309387207, norm2(E): 0.10000000149011612
2024-12-26 16:33:39,856 - Step 29 norm(X - TN_G_ATR): 15.75528335571289, norm2(E): 0.10000000894069672
2024-12-26 16:33:39,943 - Step 30 norm(X - TN_G_ATR): 15.755284309387207, norm2(E): 0.10000000149011612
2024-12-26 16:33:40,033 - Step 31 norm(X - TN_G_ATR): 15.755284309387207, norm2(E): 0.10000000149011612
2024-12-26 16:33:40,127 - Step 32 norm(X - TN_G_ATR): 15.75528335571289, norm2(E): 0.10000000149011612
2024-12-26 16:33:40,210 - Step 33 norm(X - TN_G_ATR): 15.75528335571289, norm2(E): 0.10000000149011612
2024-12-26 16:33:40,302 - Step 34 norm(X - TN_G_ATR): 15.75528335571289, norm2(E): 0.10000000894069672
2024-12-26 16:33:40,385 - Step 35 norm(X - TN_G_ATR): 15.755284309387207, norm2(E): 0.10000000149011612
2024-12-26 16:33:40,470 - Step 36 norm(X - TN_G_ATR): 15.755284309387207, norm2(E): 0.10000000149011612
2024-12-26 16:33:40,553 - Step 37 norm(X - TN_G_ATR): 15.755284309387207, norm2(E): 0.10000000149011612
2024-12-26 16:33:40,637 - Step 38 norm(X - TN_G_ATR): 15.755285263061523, norm2(E): 0.10000000149011612
2024-12-26 16:33:40,721 - Step 39 norm(X - TN_G_ATR): 15.75528621673584, norm2(E): 0.10000000149011612
2024-12-26 16:33:40,806 - Step 40 norm(X - TN_G_ATR): 15.75528621673584, norm2(E): 0.10000000894069672
2024-12-26 16:33:40,895 - Step 41 norm(X - TN_G_ATR): 15.75528621673584, norm2(E): 0.10000000149011612
2024-12-26 16:33:40,979 - Step 42 norm(X - TN_G_ATR): 15.755287170410156, norm2(E): 0.10000000149011612
2024-12-26 16:33:41,063 - Step 43 norm(X - TN_G_ATR): 15.755287170410156, norm2(E): 0.10000000149011612
2024-12-26 16:33:41,154 - Step 44 norm(X - TN_G_ATR): 15.755287170410156, norm2(E): 0.09999999403953552
2024-12-26 16:33:41,238 - Step 45 norm(X - TN_G_ATR): 15.755287170410156, norm2(E): 0.10000000149011612
2024-12-26 16:33:41,321 - Step 46 norm(X - TN_G_ATR): 15.755288124084473, norm2(E): 0.10000000149011612
2024-12-26 16:33:41,406 - Step 47 norm(X - TN_G_ATR): 15.755288124084473, norm2(E): 0.10000000149011612
2024-12-26 16:33:41,490 - Step 48 norm(X - TN_G_ATR): 15.755287170410156, norm2(E): 0.09999999403953552
2024-12-26 16:33:41,574 - Step 49 norm(X - TN_G_ATR): 15.755287170410156, norm2(E): 0.10000000149011612
2024-12-26 16:33:41,659 - Step 50 norm(X - TN_G_ATR): 15.755287170410156, norm2(E): 0.10000000894069672
2024-12-26 16:33:41,744 - Step 51 norm(X - TN_G_ATR): 15.755287170410156, norm2(E): 0.10000000149011612
2024-12-26 16:33:41,829 - Step 52 norm(X - TN_G_ATR): 15.755287170410156, norm2(E): 0.10000000149011612
2024-12-26 16:33:41,913 - Step 53 norm(X - TN_G_ATR): 15.755287170410156, norm2(E): 0.10000000149011612
2024-12-26 16:33:41,997 - Step 54 norm(X - TN_G_ATR): 15.755287170410156, norm2(E): 0.10000000149011612
2024-12-26 16:33:42,082 - Step 55 norm(X - TN_G_ATR): 15.75528621673584, norm2(E): 0.10000000149011612
2024-12-26 16:33:42,166 - Step 56 norm(X - TN_G_ATR): 15.75528621673584, norm2(E): 0.10000000149011612
2024-12-26 16:33:42,252 - Step 57 norm(X - TN_G_ATR): 15.75528621673584, norm2(E): 0.10000000149011612
2024-12-26 16:33:42,342 - Step 58 norm(X - TN_G_ATR): 15.75528621673584, norm2(E): 0.10000000894069672
2024-12-26 16:33:42,426 - Step 59 norm(X - TN_G_ATR): 15.755285263061523, norm2(E): 0.10000000149011612
2024-12-26 16:33:42,510 - Step 60 norm(X - TN_G_ATR): 15.755285263061523, norm2(E): 0.10000000149011612
2024-12-26 16:33:42,593 - Step 61 norm(X - TN_G_ATR): 15.755284309387207, norm2(E): 0.09999999403953552
2024-12-26 16:33:42,678 - Step 62 norm(X - TN_G_ATR): 15.755284309387207, norm2(E): 0.09999998658895493
2024-12-26 16:33:42,763 - Step 63 norm(X - TN_G_ATR): 15.75528335571289, norm2(E): 0.10000000149011612
2024-12-26 16:33:42,858 - Step 64 norm(X - TN_G_ATR): 15.75528335571289, norm2(E): 0.09999999403953552
2024-12-26 16:33:42,942 - Step 65 norm(X - TN_G_ATR): 15.75528335571289, norm2(E): 0.10000000149011612
2024-12-26 16:33:43,026 - Step 66 norm(X - TN_G_ATR): 15.75528335571289, norm2(E): 0.10000000894069672
2024-12-26 16:33:43,116 - Step 67 norm(X - TN_G_ATR): 15.755281448364258, norm2(E): 0.10000000149011612
2024-12-26 16:33:43,200 - Step 68 norm(X - TN_G_ATR): 15.755281448364258, norm2(E): 0.10000000894069672
2024-12-26 16:33:43,293 - Step 69 norm(X - TN_G_ATR): 15.755281448364258, norm2(E): 0.10000000149011612
2024-12-26 16:33:43,377 - Step 70 norm(X - TN_G_ATR): 15.755281448364258, norm2(E): 0.10000000149011612
2024-12-26 16:33:43,469 - Step 71 norm(X - TN_G_ATR): 15.755281448364258, norm2(E): 0.10000000149011612
2024-12-26 16:33:43,553 - Step 72 norm(X - TN_G_ATR): 15.755281448364258, norm2(E): 0.10000000894069672
2024-12-26 16:33:43,637 - Step 73 norm(X - TN_G_ATR): 15.755280494689941, norm2(E): 0.10000000149011612
2024-12-26 16:33:43,729 - Step 74 norm(X - TN_G_ATR): 15.755280494689941, norm2(E): 0.10000000149011612
2024-12-26 16:33:43,816 - Step 75 norm(X - TN_G_ATR): 15.755280494689941, norm2(E): 0.10000000149011612
2024-12-26 16:33:43,905 - Step 76 norm(X - TN_G_ATR): 15.755280494689941, norm2(E): 0.10000000149011612
2024-12-26 16:33:43,989 - Step 77 norm(X - TN_G_ATR): 15.755280494689941, norm2(E): 0.10000000149011612
2024-12-26 16:33:44,074 - Step 78 norm(X - TN_G_ATR): 15.755279541015625, norm2(E): 0.10000000149011612
2024-12-26 16:33:44,164 - Step 79 norm(X - TN_G_ATR): 15.755279541015625, norm2(E): 0.10000000149011612
2024-12-26 16:33:44,248 - Step 80 norm(X - TN_G_ATR): 15.755278587341309, norm2(E): 0.10000000149011612
2024-12-26 16:33:44,338 - Step 81 norm(X - TN_G_ATR): 15.755277633666992, norm2(E): 0.10000000149011612
2024-12-26 16:33:44,422 - Step 82 norm(X - TN_G_ATR): 15.755277633666992, norm2(E): 0.10000000894069672
2024-12-26 16:33:44,506 - Step 83 norm(X - TN_G_ATR): 15.755276679992676, norm2(E): 0.10000000149011612
2024-12-26 16:33:44,590 - Step 84 norm(X - TN_G_ATR): 15.75527572631836, norm2(E): 0.10000000894069672
2024-12-26 16:33:44,674 - Step 85 norm(X - TN_G_ATR): 15.75527572631836, norm2(E): 0.10000000894069672
2024-12-26 16:33:44,764 - Step 86 norm(X - TN_G_ATR): 15.75527572631836, norm2(E): 0.10000000149011612
2024-12-26 16:33:44,851 - Step 87 norm(X - TN_G_ATR): 15.755273818969727, norm2(E): 0.10000000149011612
2024-12-26 16:33:44,939 - Step 88 norm(X - TN_G_ATR): 15.755273818969727, norm2(E): 0.10000000894069672
2024-12-26 16:33:45,024 - Step 89 norm(X - TN_G_ATR): 15.755271911621094, norm2(E): 0.10000000894069672
2024-12-26 16:33:45,119 - Step 90 norm(X - TN_G_ATR): 15.755271911621094, norm2(E): 0.10000000149011612
2024-12-26 16:33:45,211 - Step 91 norm(X - TN_G_ATR): 15.755271911621094, norm2(E): 0.10000000149011612
2024-12-26 16:33:45,302 - Step 92 norm(X - TN_G_ATR): 15.755271911621094, norm2(E): 0.10000000894069672
2024-12-26 16:33:45,392 - Step 93 norm(X - TN_G_ATR): 15.755271911621094, norm2(E): 0.10000000149011612
2024-12-26 16:33:45,476 - Step 94 norm(X - TN_G_ATR): 15.755271911621094, norm2(E): 0.10000000149011612
2024-12-26 16:33:45,560 - Step 95 norm(X - TN_G_ATR): 15.755270957946777, norm2(E): 0.10000000149011612
2024-12-26 16:33:45,644 - Step 96 norm(X - TN_G_ATR): 15.755271911621094, norm2(E): 0.10000000149011612
2024-12-26 16:33:45,729 - Step 97 norm(X - TN_G_ATR): 15.755271911621094, norm2(E): 0.10000000149011612
2024-12-26 16:33:45,813 - Step 98 norm(X - TN_G_ATR): 15.755271911621094, norm2(E): 0.09999999403953552
2024-12-26 16:33:45,897 - Step 99 norm(X - TN_G_ATR): 15.755271911621094, norm2(E): 0.10000000149011612
2024-12-26 16:33:45,982 - Step 100 norm(X - TN_G_ATR): 15.755271911621094, norm2(E): 0.10000000149011612
2024-12-26 16:33:46,066 - Step 101 norm(X - TN_G_ATR): 15.755271911621094, norm2(E): 0.09999999403953552
2024-12-26 16:33:46,150 - Step 102 norm(X - TN_G_ATR): 15.755271911621094, norm2(E): 0.10000000149011612
2024-12-26 16:33:46,234 - Step 103 norm(X - TN_G_ATR): 15.755271911621094, norm2(E): 0.10000000894069672
2024-12-26 16:33:46,324 - Step 104 norm(X - TN_G_ATR): 15.755271911621094, norm2(E): 0.10000000149011612
2024-12-26 16:33:46,409 - Step 105 norm(X - TN_G_ATR): 15.755271911621094, norm2(E): 0.10000000149011612
2024-12-26 16:33:46,501 - Step 106 norm(X - TN_G_ATR): 15.755271911621094, norm2(E): 0.09999998658895493
2024-12-26 16:33:46,584 - Step 107 norm(X - TN_G_ATR): 15.755271911621094, norm2(E): 0.10000000149011612
2024-12-26 16:33:46,668 - Step 108 norm(X - TN_G_ATR): 15.755271911621094, norm2(E): 0.10000000149011612
2024-12-26 16:33:46,753 - Step 109 norm(X - TN_G_ATR): 15.75527286529541, norm2(E): 0.10000000149011612
2024-12-26 16:33:46,836 - Step 110 norm(X - TN_G_ATR): 15.75527286529541, norm2(E): 0.10000000149011612
2024-12-26 16:33:46,920 - Step 111 norm(X - TN_G_ATR): 15.75527286529541, norm2(E): 0.10000000149011612
2024-12-26 16:33:47,004 - Step 112 norm(X - TN_G_ATR): 15.755271911621094, norm2(E): 0.09999998658895493
2024-12-26 16:33:47,087 - Step 113 norm(X - TN_G_ATR): 15.75527286529541, norm2(E): 0.10000000149011612
2024-12-26 16:33:47,171 - Step 114 norm(X - TN_G_ATR): 15.75527286529541, norm2(E): 0.10000000149011612
2024-12-26 16:33:47,255 - Step 115 norm(X - TN_G_ATR): 15.755271911621094, norm2(E): 0.09999998658895493
2024-12-26 16:33:47,338 - Step 116 norm(X - TN_G_ATR): 15.755271911621094, norm2(E): 0.10000000149011612
2024-12-26 16:33:47,422 - Step 117 norm(X - TN_G_ATR): 15.755271911621094, norm2(E): 0.10000000149011612
2024-12-26 16:33:47,506 - Step 118 norm(X - TN_G_ATR): 15.755270957946777, norm2(E): 0.09999998658895493
2024-12-26 16:33:47,589 - Step 119 norm(X - TN_G_ATR): 15.755270957946777, norm2(E): 0.10000000894069672
2024-12-26 16:33:47,673 - Step 120 norm(X - TN_G_ATR): 15.755270957946777, norm2(E): 0.10000000149011612
2024-12-26 16:33:47,757 - Step 121 norm(X - TN_G_ATR): 15.755270004272461, norm2(E): 0.10000000894069672
2024-12-26 16:33:47,841 - Step 122 norm(X - TN_G_ATR): 15.755270004272461, norm2(E): 0.10000000149011612
2024-12-26 16:33:47,925 - Step 123 norm(X - TN_G_ATR): 15.755270004272461, norm2(E): 0.10000000149011612
2024-12-26 16:33:48,010 - Step 124 norm(X - TN_G_ATR): 15.755269050598145, norm2(E): 0.10000000149011612
2024-12-26 16:33:48,095 - Step 125 norm(X - TN_G_ATR): 15.755269050598145, norm2(E): 0.10000000149011612
2024-12-26 16:33:48,179 - Step 126 norm(X - TN_G_ATR): 15.755269050598145, norm2(E): 0.10000000149011612
2024-12-26 16:33:48,264 - Step 127 norm(X - TN_G_ATR): 15.755268096923828, norm2(E): 0.10000000149011612
2024-12-26 16:33:48,348 - Step 128 norm(X - TN_G_ATR): 15.755268096923828, norm2(E): 0.09999999403953552
2024-12-26 16:33:48,431 - Step 129 norm(X - TN_G_ATR): 15.755268096923828, norm2(E): 0.10000000149011612
2024-12-26 16:33:48,516 - Step 130 norm(X - TN_G_ATR): 15.755267143249512, norm2(E): 0.10000000149011612
2024-12-26 16:33:48,596 - Step 131 norm(X - TN_G_ATR): 15.755267143249512, norm2(E): 0.10000000149011612
2024-12-26 16:33:48,671 - Step 132 norm(X - TN_G_ATR): 15.755267143249512, norm2(E): 0.09999999403953552
2024-12-26 16:33:48,750 - Step 133 norm(X - TN_G_ATR): 15.755268096923828, norm2(E): 0.10000000149011612
2024-12-26 16:33:48,829 - Step 134 norm(X - TN_G_ATR): 15.755266189575195, norm2(E): 0.10000000149011612
2024-12-26 16:33:48,904 - Step 135 norm(X - TN_G_ATR): 15.755267143249512, norm2(E): 0.10000000894069672
2024-12-26 16:33:48,981 - Step 136 norm(X - TN_G_ATR): 15.755267143249512, norm2(E): 0.10000000894069672
2024-12-26 16:33:49,057 - Step 137 norm(X - TN_G_ATR): 15.755266189575195, norm2(E): 0.10000000149011612
2024-12-26 16:33:49,140 - Step 138 norm(X - TN_G_ATR): 15.755266189575195, norm2(E): 0.10000000149011612
2024-12-26 16:33:49,215 - Step 139 norm(X - TN_G_ATR): 15.755266189575195, norm2(E): 0.10000000149011612
2024-12-26 16:33:49,298 - Step 140 norm(X - TN_G_ATR): 15.755265235900879, norm2(E): 0.10000000149011612
2024-12-26 16:33:49,372 - Step 141 norm(X - TN_G_ATR): 15.755266189575195, norm2(E): 0.10000000149011612
2024-12-26 16:33:49,446 - Step 142 norm(X - TN_G_ATR): 15.755265235900879, norm2(E): 0.09999999403953552
2024-12-26 16:33:49,521 - Step 143 norm(X - TN_G_ATR): 15.755265235900879, norm2(E): 0.10000000149011612
2024-12-26 16:33:49,595 - Step 144 norm(X - TN_G_ATR): 15.755265235900879, norm2(E): 0.10000000149011612
2024-12-26 16:33:49,671 - Step 145 norm(X - TN_G_ATR): 15.755265235900879, norm2(E): 0.10000000149011612
2024-12-26 16:33:49,746 - Step 146 norm(X - TN_G_ATR): 15.755264282226562, norm2(E): 0.10000000149011612
2024-12-26 16:33:49,825 - Step 147 norm(X - TN_G_ATR): 15.755264282226562, norm2(E): 0.10000000149011612
2024-12-26 16:33:49,901 - Step 148 norm(X - TN_G_ATR): 15.755264282226562, norm2(E): 0.10000000149011612
2024-12-26 16:33:49,975 - Step 149 norm(X - TN_G_ATR): 15.755264282226562, norm2(E): 0.10000000894069672
2024-12-26 16:33:50,053 - Step 150 norm(X - TN_G_ATR): 15.755264282226562, norm2(E): 0.09999998658895493
2024-12-26 16:33:50,127 - Step 151 norm(X - TN_G_ATR): 15.755264282226562, norm2(E): 0.10000000149011612
2024-12-26 16:33:50,200 - Step 152 norm(X - TN_G_ATR): 15.755263328552246, norm2(E): 0.10000000149011612
2024-12-26 16:33:50,275 - Step 153 norm(X - TN_G_ATR): 15.755263328552246, norm2(E): 0.10000000149011612
2024-12-26 16:33:50,349 - Step 154 norm(X - TN_G_ATR): 15.755263328552246, norm2(E): 0.10000000894069672
2024-12-26 16:33:50,423 - Step 155 norm(X - TN_G_ATR): 15.75526237487793, norm2(E): 0.10000000149011612
2024-12-26 16:33:50,498 - Step 156 norm(X - TN_G_ATR): 15.75526237487793, norm2(E): 0.10000000149011612
2024-12-26 16:33:50,575 - Step 157 norm(X - TN_G_ATR): 15.755261421203613, norm2(E): 0.10000000894069672
2024-12-26 16:33:50,648 - Step 158 norm(X - TN_G_ATR): 15.755261421203613, norm2(E): 0.10000000894069672
2024-12-26 16:33:50,722 - Step 159 norm(X - TN_G_ATR): 15.755260467529297, norm2(E): 0.10000000149011612
2024-12-26 16:33:50,805 - Step 160 norm(X - TN_G_ATR): 15.755260467529297, norm2(E): 0.09999999403953552
2024-12-26 16:33:50,880 - Step 161 norm(X - TN_G_ATR): 15.755260467529297, norm2(E): 0.10000000149011612
2024-12-26 16:33:50,954 - Step 162 norm(X - TN_G_ATR): 15.75525951385498, norm2(E): 0.10000000149011612
2024-12-26 16:33:51,028 - Step 163 norm(X - TN_G_ATR): 15.75525951385498, norm2(E): 0.09999999403953552
2024-12-26 16:33:51,103 - Step 164 norm(X - TN_G_ATR): 15.755260467529297, norm2(E): 0.10000000149011612
2024-12-26 16:33:51,177 - Step 165 norm(X - TN_G_ATR): 15.755258560180664, norm2(E): 0.10000000149011612
2024-12-26 16:33:51,252 - Step 166 norm(X - TN_G_ATR): 15.755258560180664, norm2(E): 0.09999999403953552
2024-12-26 16:33:51,328 - Step 167 norm(X - TN_G_ATR): 15.755258560180664, norm2(E): 0.10000000149011612
2024-12-26 16:33:51,402 - Step 168 norm(X - TN_G_ATR): 15.755258560180664, norm2(E): 0.10000000149011612
2024-12-26 16:33:51,480 - Step 169 norm(X - TN_G_ATR): 15.755258560180664, norm2(E): 0.10000000149011612
2024-12-26 16:33:51,554 - Step 170 norm(X - TN_G_ATR): 15.755257606506348, norm2(E): 0.10000000894069672
2024-12-26 16:33:51,630 - Step 171 norm(X - TN_G_ATR): 15.755258560180664, norm2(E): 0.10000000149011612
2024-12-26 16:33:51,712 - Step 172 norm(X - TN_G_ATR): 15.755257606506348, norm2(E): 0.10000000149011612
2024-12-26 16:33:51,785 - Step 173 norm(X - TN_G_ATR): 15.755258560180664, norm2(E): 0.10000001639127731
2024-12-26 16:33:51,859 - Step 174 norm(X - TN_G_ATR): 15.755258560180664, norm2(E): 0.10000000149011612
2024-12-26 16:33:51,934 - Step 175 norm(X - TN_G_ATR): 15.755258560180664, norm2(E): 0.10000000149011612
2024-12-26 16:33:52,008 - Step 176 norm(X - TN_G_ATR): 15.755258560180664, norm2(E): 0.10000000149011612
2024-12-26 16:33:52,089 - Step 177 norm(X - TN_G_ATR): 15.755257606506348, norm2(E): 0.10000000894069672
2024-12-26 16:33:52,162 - Step 178 norm(X - TN_G_ATR): 15.755258560180664, norm2(E): 0.10000000149011612
2024-12-26 16:33:52,236 - Step 179 norm(X - TN_G_ATR): 15.755258560180664, norm2(E): 0.10000000149011612
2024-12-26 16:33:52,310 - Step 180 norm(X - TN_G_ATR): 15.75525951385498, norm2(E): 0.10000000894069672
2024-12-26 16:33:52,384 - Step 181 norm(X - TN_G_ATR): 15.75525951385498, norm2(E): 0.09999999403953552
2024-12-26 16:33:52,466 - Step 182 norm(X - TN_G_ATR): 15.75525951385498, norm2(E): 0.10000000149011612
2024-12-26 16:33:52,540 - Step 183 norm(X - TN_G_ATR): 15.75525951385498, norm2(E): 0.10000000149011612
2024-12-26 16:33:52,613 - Step 184 norm(X - TN_G_ATR): 15.75525951385498, norm2(E): 0.10000000149011612
2024-12-26 16:33:52,687 - Step 185 norm(X - TN_G_ATR): 15.755260467529297, norm2(E): 0.10000000894069672
2024-12-26 16:33:52,762 - Step 186 norm(X - TN_G_ATR): 15.755261421203613, norm2(E): 0.09999999403953552
2024-12-26 16:33:52,844 - Step 187 norm(X - TN_G_ATR): 15.755261421203613, norm2(E): 0.10000000894069672
2024-12-26 16:33:52,923 - Step 188 norm(X - TN_G_ATR): 15.755261421203613, norm2(E): 0.10000000149011612
2024-12-26 16:33:52,996 - Step 189 norm(X - TN_G_ATR): 15.75526237487793, norm2(E): 0.10000000894069672
2024-12-26 16:33:53,079 - Step 190 norm(X - TN_G_ATR): 15.75526237487793, norm2(E): 0.10000000149011612
2024-12-26 16:33:53,167 - Step 191 norm(X - TN_G_ATR): 15.755263328552246, norm2(E): 0.10000000149011612
2024-12-26 16:33:53,242 - Step 192 norm(X - TN_G_ATR): 15.755263328552246, norm2(E): 0.09999999403953552
2024-12-26 16:33:53,322 - Step 193 norm(X - TN_G_ATR): 15.755265235900879, norm2(E): 0.10000000149011612
2024-12-26 16:33:53,397 - Step 194 norm(X - TN_G_ATR): 15.755264282226562, norm2(E): 0.10000000149011612
2024-12-26 16:33:53,471 - Step 195 norm(X - TN_G_ATR): 15.755265235900879, norm2(E): 0.10000000149011612
2024-12-26 16:33:53,545 - Step 196 norm(X - TN_G_ATR): 15.755266189575195, norm2(E): 0.10000000894069672
2024-12-26 16:33:53,618 - Step 197 norm(X - TN_G_ATR): 15.755266189575195, norm2(E): 0.09999998658895493
2024-12-26 16:33:53,694 - Step 198 norm(X - TN_G_ATR): 15.755267143249512, norm2(E): 0.10000000149011612
2024-12-26 16:33:53,773 - Step 199 norm(X - TN_G_ATR): 15.755267143249512, norm2(E): 0.09999999403953552
2024-12-26 16:33:53,850 - Step 200 norm(X - TN_G_ATR): 15.755268096923828, norm2(E): 0.10000000894069672
2024-12-26 16:33:53,925 - Step 201 norm(X - TN_G_ATR): 15.755269050598145, norm2(E): 0.10000000149011612
2024-12-26 16:33:54,000 - Step 202 norm(X - TN_G_ATR): 15.755270004272461, norm2(E): 0.10000000894069672
2024-12-26 16:33:54,082 - Step 203 norm(X - TN_G_ATR): 15.755270004272461, norm2(E): 0.09999999403953552
2024-12-26 16:33:54,157 - Step 204 norm(X - TN_G_ATR): 15.755271911621094, norm2(E): 0.10000000149011612
2024-12-26 16:33:54,231 - Step 205 norm(X - TN_G_ATR): 15.75527286529541, norm2(E): 0.10000000149011612
2024-12-26 16:33:54,305 - Step 206 norm(X - TN_G_ATR): 15.755273818969727, norm2(E): 0.10000000149011612
2024-12-26 16:33:54,380 - Step 207 norm(X - TN_G_ATR): 15.755274772644043, norm2(E): 0.10000000894069672
2024-12-26 16:33:54,461 - Step 208 norm(X - TN_G_ATR): 15.75527572631836, norm2(E): 0.10000000894069672
2024-12-26 16:33:54,536 - Step 209 norm(X - TN_G_ATR): 15.755276679992676, norm2(E): 0.10000000149011612
2024-12-26 16:33:54,610 - Step 210 norm(X - TN_G_ATR): 15.755276679992676, norm2(E): 0.10000000149011612
2024-12-26 16:33:54,683 - Step 211 norm(X - TN_G_ATR): 15.755278587341309, norm2(E): 0.10000000149011612
2024-12-26 16:33:54,756 - Step 212 norm(X - TN_G_ATR): 15.755278587341309, norm2(E): 0.10000000149011612
2024-12-26 16:33:54,834 - Step 213 norm(X - TN_G_ATR): 15.755280494689941, norm2(E): 0.10000000149011612
2024-12-26 16:33:54,909 - Step 214 norm(X - TN_G_ATR): 15.755280494689941, norm2(E): 0.10000000894069672
2024-12-26 16:33:54,983 - Step 215 norm(X - TN_G_ATR): 15.755281448364258, norm2(E): 0.10000000149011612
2024-12-26 16:33:55,073 - Step 216 norm(X - TN_G_ATR): 15.755282402038574, norm2(E): 0.10000000894069672
2024-12-26 16:33:55,156 - Step 217 norm(X - TN_G_ATR): 15.75528335571289, norm2(E): 0.10000000149011612
2024-12-26 16:33:55,230 - Step 218 norm(X - TN_G_ATR): 15.755284309387207, norm2(E): 0.09999999403953552
2024-12-26 16:33:55,314 - Step 219 norm(X - TN_G_ATR): 15.755285263061523, norm2(E): 0.10000000894069672
2024-12-26 16:33:55,400 - Step 220 norm(X - TN_G_ATR): 15.75528621673584, norm2(E): 0.10000000149011612
2024-12-26 16:33:55,474 - Step 221 norm(X - TN_G_ATR): 15.755287170410156, norm2(E): 0.10000000894069672
2024-12-26 16:33:55,548 - Step 222 norm(X - TN_G_ATR): 15.755287170410156, norm2(E): 0.09999999403953552
2024-12-26 16:33:55,622 - Step 223 norm(X - TN_G_ATR): 15.755288124084473, norm2(E): 0.10000000149011612
2024-12-26 16:33:55,707 - Step 224 norm(X - TN_G_ATR): 15.755289077758789, norm2(E): 0.10000000894069672
2024-12-26 16:33:55,781 - Step 225 norm(X - TN_G_ATR): 15.755289077758789, norm2(E): 0.10000000149011612
2024-12-26 16:33:55,855 - Step 226 norm(X - TN_G_ATR): 15.755290031433105, norm2(E): 0.10000000149011612
2024-12-26 16:33:55,930 - Step 227 norm(X - TN_G_ATR): 15.755290031433105, norm2(E): 0.10000000894069672
2024-12-26 16:33:56,003 - Step 228 norm(X - TN_G_ATR): 15.755290985107422, norm2(E): 0.09999999403953552
2024-12-26 16:33:56,080 - Step 229 norm(X - TN_G_ATR): 15.755290985107422, norm2(E): 0.10000001639127731
2024-12-26 16:33:56,163 - Step 230 norm(X - TN_G_ATR): 15.755291938781738, norm2(E): 0.09999999403953552
2024-12-26 16:33:56,239 - Step 231 norm(X - TN_G_ATR): 15.755291938781738, norm2(E): 0.10000000894069672
2024-12-26 16:33:56,320 - Step 232 norm(X - TN_G_ATR): 15.755292892456055, norm2(E): 0.10000000149011612
2024-12-26 16:33:56,393 - Step 233 norm(X - TN_G_ATR): 15.755292892456055, norm2(E): 0.10000000149011612
2024-12-26 16:33:56,468 - Step 234 norm(X - TN_G_ATR): 15.755292892456055, norm2(E): 0.10000000149011612
2024-12-26 16:33:56,542 - Step 235 norm(X - TN_G_ATR): 15.755293846130371, norm2(E): 0.10000000149011612
2024-12-26 16:33:56,616 - Step 236 norm(X - TN_G_ATR): 15.755293846130371, norm2(E): 0.10000000894069672
2024-12-26 16:33:56,691 - Step 237 norm(X - TN_G_ATR): 15.755293846130371, norm2(E): 0.10000000149011612
2024-12-26 16:33:56,765 - Step 238 norm(X - TN_G_ATR): 15.755294799804688, norm2(E): 0.10000000149011612
2024-12-26 16:33:56,839 - Step 239 norm(X - TN_G_ATR): 15.755294799804688, norm2(E): 0.10000000149011612
2024-12-26 16:33:56,923 - Step 240 norm(X - TN_G_ATR): 15.755294799804688, norm2(E): 0.10000000149011612
2024-12-26 16:33:56,997 - Step 241 norm(X - TN_G_ATR): 15.755294799804688, norm2(E): 0.10000000894069672
2024-12-26 16:33:57,071 - Step 242 norm(X - TN_G_ATR): 15.755294799804688, norm2(E): 0.10000001639127731
2024-12-26 16:33:57,145 - Step 243 norm(X - TN_G_ATR): 15.755294799804688, norm2(E): 0.10000000149011612
2024-12-26 16:33:57,229 - Step 244 norm(X - TN_G_ATR): 15.755294799804688, norm2(E): 0.09999999403953552
2024-12-26 16:33:57,304 - Step 245 norm(X - TN_G_ATR): 15.755295753479004, norm2(E): 0.09999998658895493
2024-12-26 16:33:57,378 - Step 246 norm(X - TN_G_ATR): 15.755294799804688, norm2(E): 0.10000000149011612
2024-12-26 16:33:57,452 - Step 247 norm(X - TN_G_ATR): 15.755295753479004, norm2(E): 0.10000000149011612
2024-12-26 16:33:57,526 - Step 248 norm(X - TN_G_ATR): 15.755295753479004, norm2(E): 0.10000000149011612
2024-12-26 16:33:57,606 - Step 249 norm(X - TN_G_ATR): 15.755294799804688, norm2(E): 0.10000000149011612
2024-12-26 16:33:57,683 - Step 250 norm(X - TN_G_ATR): 15.755294799804688, norm2(E): 0.10000000149011612
2024-12-26 16:33:57,757 - Step 251 norm(X - TN_G_ATR): 15.755294799804688, norm2(E): 0.10000000149011612
2024-12-26 16:33:57,831 - Step 252 norm(X - TN_G_ATR): 15.755294799804688, norm2(E): 0.10000000149011612
2024-12-26 16:33:57,905 - Step 253 norm(X - TN_G_ATR): 15.755294799804688, norm2(E): 0.10000000149011612
2024-12-26 16:33:57,988 - Step 254 norm(X - TN_G_ATR): 15.755294799804688, norm2(E): 0.10000000894069672
2024-12-26 16:33:58,078 - Step 255 norm(X - TN_G_ATR): 15.755294799804688, norm2(E): 0.10000000149011612
2024-12-26 16:33:58,151 - Step 256 norm(X - TN_G_ATR): 15.755294799804688, norm2(E): 0.10000000894069672
2024-12-26 16:33:58,226 - Step 257 norm(X - TN_G_ATR): 15.755294799804688, norm2(E): 0.10000000894069672
2024-12-26 16:33:58,300 - Step 258 norm(X - TN_G_ATR): 15.755293846130371, norm2(E): 0.10000000149011612
2024-12-26 16:33:58,374 - Step 259 norm(X - TN_G_ATR): 15.755293846130371, norm2(E): 0.10000000149011612
2024-12-26 16:33:58,453 - Step 260 norm(X - TN_G_ATR): 15.755293846130371, norm2(E): 0.10000000894069672
2024-12-26 16:33:58,527 - Step 261 norm(X - TN_G_ATR): 15.755293846130371, norm2(E): 0.10000000894069672
2024-12-26 16:33:58,601 - Step 262 norm(X - TN_G_ATR): 15.755293846130371, norm2(E): 0.10000000149011612
2024-12-26 16:33:58,675 - Step 263 norm(X - TN_G_ATR): 15.755293846130371, norm2(E): 0.10000000149011612
2024-12-26 16:33:58,751 - Step 264 norm(X - TN_G_ATR): 15.755292892456055, norm2(E): 0.10000000894069672
2024-12-26 16:33:58,838 - Step 265 norm(X - TN_G_ATR): 15.755292892456055, norm2(E): 0.09999998658895493
2024-12-26 16:33:58,913 - Step 266 norm(X - TN_G_ATR): 15.755291938781738, norm2(E): 0.10000000149011612
2024-12-26 16:33:58,987 - Step 267 norm(X - TN_G_ATR): 15.755291938781738, norm2(E): 0.10000000149011612
2024-12-26 16:33:59,068 - Step 268 norm(X - TN_G_ATR): 15.755291938781738, norm2(E): 0.10000000149011612
2024-12-26 16:33:59,152 - Step 269 norm(X - TN_G_ATR): 15.755291938781738, norm2(E): 0.10000000894069672
2024-12-26 16:33:59,227 - Step 270 norm(X - TN_G_ATR): 15.755290985107422, norm2(E): 0.10000000894069672
2024-12-26 16:33:59,311 - Step 271 norm(X - TN_G_ATR): 15.755290985107422, norm2(E): 0.10000000149011612
2024-12-26 16:33:59,384 - Step 272 norm(X - TN_G_ATR): 15.755290985107422, norm2(E): 0.10000000894069672
2024-12-26 16:33:59,463 - Step 273 norm(X - TN_G_ATR): 15.755290985107422, norm2(E): 0.10000000149011612
2024-12-26 16:33:59,537 - Step 274 norm(X - TN_G_ATR): 15.755290031433105, norm2(E): 0.10000000149011612
2024-12-26 16:33:59,611 - Step 275 norm(X - TN_G_ATR): 15.755290031433105, norm2(E): 0.09999998658895493
2024-12-26 16:33:59,685 - Step 276 norm(X - TN_G_ATR): 15.755290031433105, norm2(E): 0.10000000894069672
2024-12-26 16:33:59,759 - Step 277 norm(X - TN_G_ATR): 15.755289077758789, norm2(E): 0.10000000149011612
2024-12-26 16:33:59,837 - Step 278 norm(X - TN_G_ATR): 15.755289077758789, norm2(E): 0.10000000894069672
2024-12-26 16:33:59,913 - Step 279 norm(X - TN_G_ATR): 15.755288124084473, norm2(E): 0.10000000149011612
2024-12-26 16:33:59,998 - Step 280 norm(X - TN_G_ATR): 15.755288124084473, norm2(E): 0.10000000149011612
2024-12-26 16:34:00,083 - Step 281 norm(X - TN_G_ATR): 15.755288124084473, norm2(E): 0.10000000149011612
2024-12-26 16:34:00,157 - Step 282 norm(X - TN_G_ATR): 15.755287170410156, norm2(E): 0.10000000149011612
2024-12-26 16:34:00,236 - Step 283 norm(X - TN_G_ATR): 15.755287170410156, norm2(E): 0.10000000149011612
2024-12-26 16:34:00,321 - Step 284 norm(X - TN_G_ATR): 15.755288124084473, norm2(E): 0.10000000149011612
2024-12-26 16:34:00,395 - Step 285 norm(X - TN_G_ATR): 15.755287170410156, norm2(E): 0.10000000149011612
2024-12-26 16:34:00,469 - Step 286 norm(X - TN_G_ATR): 15.755287170410156, norm2(E): 0.10000000149011612
2024-12-26 16:34:00,544 - Step 287 norm(X - TN_G_ATR): 15.75528621673584, norm2(E): 0.10000000894069672
2024-12-26 16:34:00,625 - Step 288 norm(X - TN_G_ATR): 15.75528621673584, norm2(E): 0.10000000149011612
2024-12-26 16:34:00,700 - Step 289 norm(X - TN_G_ATR): 15.75528621673584, norm2(E): 0.09999998658895493
2024-12-26 16:34:00,783 - Step 290 norm(X - TN_G_ATR): 15.755285263061523, norm2(E): 0.10000000149011612
2024-12-26 16:34:00,858 - Step 291 norm(X - TN_G_ATR): 15.755285263061523, norm2(E): 0.10000000894069672
2024-12-26 16:34:00,935 - Step 292 norm(X - TN_G_ATR): 15.755284309387207, norm2(E): 0.10000000149011612
2024-12-26 16:34:01,009 - Step 293 norm(X - TN_G_ATR): 15.755284309387207, norm2(E): 0.10000000149011612
2024-12-26 16:34:01,083 - Step 294 norm(X - TN_G_ATR): 15.755284309387207, norm2(E): 0.10000000149011612
2024-12-26 16:34:01,165 - Step 295 norm(X - TN_G_ATR): 15.75528335571289, norm2(E): 0.10000000894069672
2024-12-26 16:34:01,249 - Step 296 norm(X - TN_G_ATR): 15.755284309387207, norm2(E): 0.10000000149011612
2024-12-26 16:34:01,333 - Step 297 norm(X - TN_G_ATR): 15.75528335571289, norm2(E): 0.10000000894069672
2024-12-26 16:34:01,407 - Step 298 norm(X - TN_G_ATR): 15.75528335571289, norm2(E): 0.10000000149011612
2024-12-26 16:34:01,481 - Step 299 norm(X - TN_G_ATR): 15.75528335571289, norm2(E): 0.10000000149011612
2024-12-26 16:34:01,481 - Norm2 (Comparison Algorithm): 15.75528335571289
2024-12-26 16:34:01,508 - Norm2 (Our Algorithm): 15.837724685668945
2024-12-26 16:34:01,509 - Norm2 (Original TR Algorithm): 15.756647109985352
