2024-12-24 17:18:25,834 - Norm2 (epsilon): 30
2024-12-24 17:18:26,835 - Step 0, RSE_E: 42.261165618896484, Loss_X_Ours: 27.936614990234375, normE: 29.999998092651367
2024-12-24 17:18:27,548 - Step 1, RSE_E: 0.9139891862869263, Loss_X_Ours: 40.167842864990234, normE: 30.0
2024-12-24 17:18:28,156 - Step 2, RSE_E: 0.20923790335655212, Loss_X_Ours: 40.12717056274414, normE: 30.000001907348633
2024-12-24 17:18:28,704 - Step 3, RSE_E: 0.15759481489658356, Loss_X_Ours: 40.096153259277344, normE: 30.000001907348633
2024-12-24 17:18:29,250 - Step 4, RSE_E: 0.13635404407978058, Loss_X_Ours: 40.07023620605469, normE: 30.0
2024-12-24 17:18:29,801 - Step 5, RSE_E: 0.10510002821683884, Loss_X_Ours: 40.04961013793945, normE: 30.0
2024-12-24 17:18:30,357 - Step 6, RSE_E: 0.08061309903860092, Loss_X_Ours: 40.033790588378906, normE: 30.0
2024-12-24 17:18:30,912 - Step 7, RSE_E: 0.06755555421113968, Loss_X_Ours: 40.022552490234375, normE: 29.999998092651367
2024-12-24 17:18:31,467 - Step 8, RSE_E: 0.05861668288707733, Loss_X_Ours: 40.01692199707031, normE: 30.0
2024-12-24 17:18:31,986 - Step 9, RSE_E: 0.050401728600263596, Loss_X_Ours: 40.00603103637695, normE: 30.000001907348633
2024-12-24 17:18:32,374 - Step 10, RSE_E: 0.039941124618053436, Loss_X_Ours: 40.008968353271484, normE: 29.999998092651367
2024-12-24 17:18:32,548 - Step 11, RSE_E: 0.026496639475226402, Loss_X_Ours: 40.00198745727539, normE: 30.0
2024-12-24 17:18:32,684 - Step 12, RSE_E: 0.024898715317249298, Loss_X_Ours: 39.99867630004883, normE: 30.0
2024-12-24 17:18:32,863 - Step 13, RSE_E: 0.02577143721282482, Loss_X_Ours: 39.99524688720703, normE: 30.000001907348633
2024-12-24 17:18:33,034 - Step 14, RSE_E: 0.026190366595983505, Loss_X_Ours: 39.99617004394531, normE: 29.999998092651367
2024-12-24 17:18:33,396 - Step 15, RSE_E: 0.03681299462914467, Loss_X_Ours: 39.9932746887207, normE: 30.0
2024-12-24 17:18:33,506 - Step 16, RSE_E: 0.02418673224747181, Loss_X_Ours: 39.983402252197266, normE: 30.000001907348633
2024-12-24 17:18:33,660 - Step 17, RSE_E: 0.02583836391568184, Loss_X_Ours: 39.98579025268555, normE: 30.0
2024-12-24 17:18:33,968 - Step 18, RSE_E: 0.0325358584523201, Loss_X_Ours: 39.981685638427734, normE: 30.000001907348633
2024-12-24 17:18:34,099 - Step 19, RSE_E: 0.02687457948923111, Loss_X_Ours: 39.985233306884766, normE: 30.0
2024-12-24 17:18:34,408 - Step 20, RSE_E: 0.032828573137521744, Loss_X_Ours: 39.97365951538086, normE: 29.999998092651367
2024-12-24 17:18:34,483 - Step 21, RSE_E: 0.026168258860707283, Loss_X_Ours: 39.97726821899414, normE: 30.0
2024-12-24 17:18:34,698 - Step 22, RSE_E: 0.02924618497490883, Loss_X_Ours: 39.97097396850586, normE: 30.0
2024-12-24 17:18:35,229 - Step 23, RSE_E: 0.04142981022596359, Loss_X_Ours: 39.9732780456543, normE: 30.000001907348633
2024-12-24 17:18:35,332 - Step 24, RSE_E: 0.027945995330810547, Loss_X_Ours: 39.97703552246094, normE: 30.0
2024-12-24 17:18:35,394 - Step 25, RSE_E: 0.027158966287970543, Loss_X_Ours: 39.96965789794922, normE: 29.999998092651367
2024-12-24 17:18:35,722 - Step 26, RSE_E: 0.03571327030658722, Loss_X_Ours: 39.94938278198242, normE: 30.0
2024-12-24 17:18:36,157 - Step 27, RSE_E: 0.040608808398246765, Loss_X_Ours: 39.95672607421875, normE: 30.0
2024-12-24 17:18:36,174 - Step 28, RSE_E: 0.029262125492095947, Loss_X_Ours: 39.963470458984375, normE: 30.0
2024-12-24 17:18:36,264 - Step 29, RSE_E: 0.03132370486855507, Loss_X_Ours: 39.97112274169922, normE: 30.0
2024-12-24 17:18:36,514 - Step 30, RSE_E: 0.03358646109700203, Loss_X_Ours: 39.96291732788086, normE: 29.999998092651367
2024-12-24 17:18:37,080 - Step 31, RSE_E: 0.042771197855472565, Loss_X_Ours: 39.96017837524414, normE: 30.000001907348633
2024-12-24 17:18:37,288 - Step 32, RSE_E: 0.034474462270736694, Loss_X_Ours: 39.96079635620117, normE: 30.0
2024-12-24 17:18:37,511 - Step 33, RSE_E: 0.03578807786107063, Loss_X_Ours: 39.96879196166992, normE: 30.0
2024-12-24 17:18:37,542 - Step 34, RSE_E: 0.03388318419456482, Loss_X_Ours: 39.95111083984375, normE: 29.999998092651367
2024-12-24 17:18:37,803 - Step 35, RSE_E: 0.03355119004845619, Loss_X_Ours: 39.954463958740234, normE: 29.999998092651367
2024-12-24 17:18:37,867 - Step 36, RSE_E: 0.03386598080396652, Loss_X_Ours: 39.94598388671875, normE: 30.0
2024-12-24 17:18:37,909 - Step 37, RSE_E: 0.0337473601102829, Loss_X_Ours: 39.955528259277344, normE: 30.0
2024-12-24 17:18:37,992 - Step 38, RSE_E: 0.0339793898165226, Loss_X_Ours: 39.93938064575195, normE: 30.000001907348633
2024-12-24 17:18:38,267 - Step 39, RSE_E: 0.03595345467329025, Loss_X_Ours: 39.97779083251953, normE: 30.0
2024-12-24 17:18:38,309 - Step 40, RSE_E: 0.03435279801487923, Loss_X_Ours: 39.962074279785156, normE: 29.999998092651367
2024-12-24 17:18:38,860 - Step 41, RSE_E: 0.27489084005355835, Loss_X_Ours: 39.9926643371582, normE: 30.0
2024-12-24 17:18:39,346 - Step 42, RSE_E: 0.17638202011585236, Loss_X_Ours: 39.94841384887695, normE: 30.0
2024-12-24 17:18:39,829 - Step 43, RSE_E: 0.06654362380504608, Loss_X_Ours: 39.95777130126953, normE: 30.000001907348633
2024-12-24 17:18:39,949 - Step 44, RSE_E: 0.02861880324780941, Loss_X_Ours: 39.957908630371094, normE: 30.0
2024-12-24 17:18:40,498 - Step 45, RSE_E: 0.09112448990345001, Loss_X_Ours: 39.955684661865234, normE: 30.0
2024-12-24 17:18:41,048 - Step 46, RSE_E: 0.0805576890707016, Loss_X_Ours: 39.94997024536133, normE: 30.000001907348633
2024-12-24 17:18:41,115 - Step 47, RSE_E: 0.027987901121377945, Loss_X_Ours: 39.93706130981445, normE: 30.000001907348633
2024-12-24 17:18:41,674 - Step 48, RSE_E: 7.834481239318848, Loss_X_Ours: 40.017330169677734, normE: 30.0
2024-12-24 17:18:42,238 - Step 49, RSE_E: 1.1835039854049683, Loss_X_Ours: 39.98371887207031, normE: 30.0
2024-12-24 17:18:44,373 - Comparison Step 0, Loss_X_TNG: 27.579172134399414, normE: 30.000001907348633
2024-12-24 17:18:44,929 - Comparison Step 1, Loss_X_TNG: 27.43578338623047, normE: 30.0
2024-12-24 17:18:45,488 - Comparison Step 2, Loss_X_TNG: 27.368257522583008, normE: 29.999998092651367
2024-12-24 17:18:46,043 - Comparison Step 3, Loss_X_TNG: 27.470260620117188, normE: 30.000001907348633
2024-12-24 17:18:46,605 - Comparison Step 4, Loss_X_TNG: 27.560993194580078, normE: 29.999998092651367
2024-12-24 17:18:47,172 - Comparison Step 5, Loss_X_TNG: 27.748666763305664, normE: 30.000001907348633
2024-12-24 17:18:47,743 - Comparison Step 6, Loss_X_TNG: 27.74016761779785, normE: 30.0
2024-12-24 17:18:48,304 - Comparison Step 7, Loss_X_TNG: 27.79865264892578, normE: 30.000001907348633
2024-12-24 17:18:48,864 - Comparison Step 8, Loss_X_TNG: 27.987159729003906, normE: 30.0
2024-12-24 17:18:49,430 - Comparison Step 9, Loss_X_TNG: 27.966575622558594, normE: 29.999998092651367
2024-12-24 17:18:49,991 - Comparison Step 10, Loss_X_TNG: 27.878154754638672, normE: 29.999998092651367
2024-12-24 17:18:50,273 - Comparison Step 11, Loss_X_TNG: 27.85279655456543, normE: 29.999998092651367
2024-12-24 17:18:50,837 - Comparison Step 12, Loss_X_TNG: 27.51863670349121, normE: 30.0
2024-12-24 17:18:51,378 - Comparison Step 13, Loss_X_TNG: 27.610414505004883, normE: 30.0
2024-12-24 17:18:51,958 - Comparison Step 14, Loss_X_TNG: 27.637304306030273, normE: 30.0
2024-12-24 17:18:52,519 - Comparison Step 15, Loss_X_TNG: 28.474332809448242, normE: 29.999998092651367
2024-12-24 17:18:53,089 - Comparison Step 16, Loss_X_TNG: 27.814607620239258, normE: 29.999998092651367
2024-12-24 17:18:53,427 - Comparison Step 17, Loss_X_TNG: 27.786319732666016, normE: 30.000001907348633
2024-12-24 17:18:53,984 - Comparison Step 18, Loss_X_TNG: 27.979185104370117, normE: 30.000001907348633
2024-12-24 17:18:54,547 - Comparison Step 19, Loss_X_TNG: 27.972047805786133, normE: 30.000001907348633
2024-12-24 17:18:55,108 - Comparison Step 20, Loss_X_TNG: 27.90081214904785, normE: 29.999998092651367
2024-12-24 17:18:55,667 - Comparison Step 21, Loss_X_TNG: 27.909473419189453, normE: 30.0
2024-12-24 17:18:56,229 - Comparison Step 22, Loss_X_TNG: 27.953414916992188, normE: 30.000001907348633
2024-12-24 17:18:56,805 - Comparison Step 23, Loss_X_TNG: 28.106948852539062, normE: 30.000001907348633
2024-12-24 17:18:57,368 - Comparison Step 24, Loss_X_TNG: 28.08928680419922, normE: 30.0
2024-12-24 17:18:57,943 - Comparison Step 25, Loss_X_TNG: 28.15869140625, normE: 30.0
2024-12-24 17:18:58,504 - Comparison Step 26, Loss_X_TNG: 28.03607177734375, normE: 29.999998092651367
2024-12-24 17:18:58,995 - Comparison Step 27, Loss_X_TNG: 28.134340286254883, normE: 30.0
2024-12-24 17:18:59,561 - Comparison Step 28, Loss_X_TNG: 28.027681350708008, normE: 29.999998092651367
2024-12-24 17:19:00,121 - Comparison Step 29, Loss_X_TNG: 28.152572631835938, normE: 30.000001907348633
2024-12-24 17:19:00,346 - Comparison Step 30, Loss_X_TNG: 28.0150146484375, normE: 29.999998092651367
2024-12-24 17:19:00,902 - Comparison Step 31, Loss_X_TNG: 27.8437557220459, normE: 29.999998092651367
2024-12-24 17:19:01,463 - Comparison Step 32, Loss_X_TNG: 27.976633071899414, normE: 29.999998092651367
2024-12-24 17:19:01,822 - Comparison Step 33, Loss_X_TNG: 28.140880584716797, normE: 30.000001907348633
2024-12-24 17:19:02,380 - Comparison Step 34, Loss_X_TNG: 28.0490779876709, normE: 30.0
2024-12-24 17:19:02,955 - Comparison Step 35, Loss_X_TNG: 27.779052734375, normE: 30.0
2024-12-24 17:19:03,511 - Comparison Step 36, Loss_X_TNG: 27.89630126953125, normE: 30.0
2024-12-24 17:19:04,072 - Comparison Step 37, Loss_X_TNG: 27.873628616333008, normE: 30.0
2024-12-24 17:19:04,231 - Comparison Step 38, Loss_X_TNG: 27.865764617919922, normE: 29.999998092651367
2024-12-24 17:19:04,798 - Comparison Step 39, Loss_X_TNG: 27.984594345092773, normE: 30.0
2024-12-24 17:19:05,362 - Comparison Step 40, Loss_X_TNG: 28.122825622558594, normE: 30.0
2024-12-24 17:19:05,923 - Comparison Step 41, Loss_X_TNG: 28.032339096069336, normE: 29.999996185302734
2024-12-24 17:19:06,480 - Comparison Step 42, Loss_X_TNG: 27.943201065063477, normE: 30.0
2024-12-24 17:19:07,050 - Comparison Step 43, Loss_X_TNG: 28.031082153320312, normE: 30.000001907348633
2024-12-24 17:19:07,607 - Comparison Step 44, Loss_X_TNG: 28.318714141845703, normE: 30.000001907348633
2024-12-24 17:19:08,183 - Comparison Step 45, Loss_X_TNG: 28.177112579345703, normE: 29.999998092651367
2024-12-24 17:19:08,741 - Comparison Step 46, Loss_X_TNG: 28.365585327148438, normE: 30.000001907348633
2024-12-24 17:19:09,305 - Comparison Step 47, Loss_X_TNG: 28.246992111206055, normE: 30.0
2024-12-24 17:19:09,866 - Comparison Step 48, Loss_X_TNG: 28.262834548950195, normE: 29.999998092651367
2024-12-24 17:19:10,428 - Comparison Step 49, Loss_X_TNG: 28.167617797851562, normE: 29.999998092651367
2024-12-24 17:19:10,428 - Norm2 (Comparison Algorithm): 28.167617797851562
2024-12-24 17:19:10,975 - Norm2 (Original TR Algorithm): 26.764007568359375
2024-12-24 17:19:10,975 - Norm2 (Our Algorithm): 39.98371887207031
2024-12-24 17:19:11,067 - Clipping input data to the valid range for imshow with RGB data ([0..1] for floats or [0..255] for integers). Got range [-0.107009105..1.1559505].
2024-12-24 17:19:11,070 - Clipping input data to the valid range for imshow with RGB data ([0..1] for floats or [0..255] for integers). Got range [-0.0018991289..0.13906585].
2024-12-24 17:19:11,072 - Clipping input data to the valid range for imshow with RGB data ([0..1] for floats or [0..255] for integers). Got range [0.010349287..1.1120319].
2024-12-24 17:19:11,074 - Clipping input data to the valid range for imshow with RGB data ([0..1] for floats or [0..255] for integers). Got range [-0.061183836..1.2625808].
2024-12-24 17:19:11,077 - Clipping input data to the valid range for imshow with RGB data ([0..1] for floats or [0..255] for integers). Got range [-0.09908274..0.0991937].
2024-12-24 17:19:11,079 - Clipping input data to the valid range for imshow with RGB data ([0..1] for floats or [0..255] for integers). Got range [-0.08912074..1.0901469].
2024-12-24 17:19:11,081 - Clipping input data to the valid range for imshow with RGB data ([0..1] for floats or [0..255] for integers). Got range [-0.18323171..1.1227176].
