2024-12-24 19:46:53,329 - Norm2 (epsilon): 400
2024-12-24 19:46:53,329 - Optimization parameters:
2024-12-24 19:46:53,329 - epsilon (Frobenius norm constraint): 400
2024-12-24 19:46:53,330 - inner_tol (Tolerance for inner optimization): 1e-10
2024-12-24 19:46:53,330 - lr (Learning rate): 0.01
2024-12-24 19:46:53,330 - outer_num_steps (Number of outer optimization steps): 50
2024-12-24 19:46:53,330 - inner_num_steps (Number of inner optimization steps): 200
2024-12-24 19:46:53,330 - outer_dis_num (Display loss every outer_dis_num steps): 1
2024-12-24 19:46:53,330 - inner_dis_num (Display loss every inner_dis_num steps): 2000
2024-12-24 19:46:56,315 - Comparison Step 0, Loss_X_TNG: 27.223726272583008, normE: 0.9022992253303528
2024-12-24 19:46:57,046 - Comparison Step 1, Loss_X_TNG: 26.725465774536133, normE: 0.9022992253303528
2024-12-24 19:46:57,774 - Comparison Step 2, Loss_X_TNG: 26.634113311767578, normE: 0.9022992253303528
2024-12-24 19:46:58,363 - Comparison Step 3, Loss_X_TNG: 26.592041015625, normE: 0.9022992253303528
2024-12-24 19:46:58,928 - Comparison Step 4, Loss_X_TNG: 26.564878463745117, normE: 0.9022992253303528
2024-12-24 19:46:59,437 - Comparison Step 5, Loss_X_TNG: 26.544166564941406, normE: 0.9022992253303528
2024-12-24 19:46:59,998 - Comparison Step 6, Loss_X_TNG: 26.542245864868164, normE: 0.9022992253303528
2024-12-24 19:47:00,486 - Comparison Step 7, Loss_X_TNG: 26.52159309387207, normE: 0.9022992253303528
2024-12-24 19:47:01,048 - Comparison Step 8, Loss_X_TNG: 26.508821487426758, normE: 0.9022992253303528
2024-12-24 19:47:01,229 - Comparison Step 9, Loss_X_TNG: 26.505510330200195, normE: 0.9022992253303528
2024-12-24 19:47:01,970 - Comparison Step 10, Loss_X_TNG: 26.5085506439209, normE: 0.9022992253303528
2024-12-24 19:47:02,534 - Comparison Step 11, Loss_X_TNG: 26.491518020629883, normE: 0.9022992253303528
2024-12-24 19:47:02,975 - Comparison Step 12, Loss_X_TNG: 26.482603073120117, normE: 0.9022992253303528
2024-12-24 19:47:03,537 - Comparison Step 13, Loss_X_TNG: 26.473268508911133, normE: 0.9022992253303528
2024-12-24 19:47:04,096 - Comparison Step 14, Loss_X_TNG: 26.520095825195312, normE: 0.9022992253303528
2024-12-24 19:47:04,664 - Comparison Step 15, Loss_X_TNG: 26.47810935974121, normE: 0.9022992253303528
2024-12-24 19:47:05,224 - Comparison Step 16, Loss_X_TNG: 26.464284896850586, normE: 0.9022992253303528
2024-12-24 19:47:05,782 - Comparison Step 17, Loss_X_TNG: 26.466476440429688, normE: 0.9022992253303528
2024-12-24 19:47:06,068 - Comparison Step 18, Loss_X_TNG: 26.458093643188477, normE: 0.9022992253303528
2024-12-24 19:47:06,628 - Comparison Step 19, Loss_X_TNG: 26.448951721191406, normE: 0.9022992253303528
2024-12-24 19:47:06,757 - Comparison Step 20, Loss_X_TNG: 26.447376251220703, normE: 0.9022992253303528
2024-12-24 19:47:07,317 - Comparison Step 21, Loss_X_TNG: 26.441064834594727, normE: 0.9022992253303528
2024-12-24 19:47:07,453 - Comparison Step 22, Loss_X_TNG: 26.43971824645996, normE: 0.9022992253303528
2024-12-24 19:47:07,599 - Comparison Step 23, Loss_X_TNG: 26.438337326049805, normE: 0.9022992253303528
2024-12-24 19:47:07,805 - Comparison Step 24, Loss_X_TNG: 26.436481475830078, normE: 0.9022992253303528
2024-12-24 19:47:08,364 - Comparison Step 25, Loss_X_TNG: 26.43642234802246, normE: 0.9022992253303528
2024-12-24 19:47:08,423 - Comparison Step 26, Loss_X_TNG: 26.43524742126465, normE: 0.9022992253303528
2024-12-24 19:47:08,703 - Comparison Step 27, Loss_X_TNG: 26.430734634399414, normE: 0.9022992253303528
2024-12-24 19:47:08,981 - Comparison Step 28, Loss_X_TNG: 26.42770004272461, normE: 0.9022992253303528
2024-12-24 19:47:09,539 - Comparison Step 29, Loss_X_TNG: 26.467735290527344, normE: 0.9022992253303528
2024-12-24 19:47:09,950 - Comparison Step 30, Loss_X_TNG: 26.42612648010254, normE: 0.9022992253303528
2024-12-24 19:47:10,164 - Comparison Step 31, Loss_X_TNG: 26.42279624938965, normE: 0.9022992253303528
2024-12-24 19:47:10,724 - Comparison Step 32, Loss_X_TNG: 26.416276931762695, normE: 0.9022992253303528
2024-12-24 19:47:10,971 - Comparison Step 33, Loss_X_TNG: 26.413949966430664, normE: 0.9022992253303528
2024-12-24 19:47:11,442 - Comparison Step 34, Loss_X_TNG: 26.4099063873291, normE: 0.9022992253303528
2024-12-24 19:47:11,663 - Comparison Step 35, Loss_X_TNG: 26.407989501953125, normE: 0.9022992253303528
2024-12-24 19:47:11,868 - Comparison Step 36, Loss_X_TNG: 26.406558990478516, normE: 0.9022992253303528
2024-12-24 19:47:11,898 - Comparison Step 37, Loss_X_TNG: 26.40638542175293, normE: 0.9022992253303528
2024-12-24 19:47:12,074 - Comparison Step 38, Loss_X_TNG: 26.404882431030273, normE: 0.9022992253303528
2024-12-24 19:47:12,628 - Comparison Step 39, Loss_X_TNG: 26.446935653686523, normE: 0.9022992253303528
2024-12-24 19:47:13,183 - Comparison Step 40, Loss_X_TNG: 26.401077270507812, normE: 0.9022992253303528
2024-12-24 19:47:13,690 - Comparison Step 41, Loss_X_TNG: 26.39920997619629, normE: 0.9022992253303528
2024-12-24 19:47:13,828 - Comparison Step 42, Loss_X_TNG: 26.396196365356445, normE: 0.9022992253303528
2024-12-24 19:47:14,030 - Comparison Step 43, Loss_X_TNG: 26.392667770385742, normE: 0.9022992253303528
2024-12-24 19:47:14,583 - Comparison Step 44, Loss_X_TNG: 26.415334701538086, normE: 0.9022992253303528
2024-12-24 19:47:15,138 - Comparison Step 45, Loss_X_TNG: 26.409297943115234, normE: 0.9022992253303528
2024-12-24 19:47:15,694 - Comparison Step 46, Loss_X_TNG: 26.392009735107422, normE: 0.9022992253303528
2024-12-24 19:47:16,249 - Comparison Step 47, Loss_X_TNG: 26.37865447998047, normE: 0.9022992253303528
2024-12-24 19:47:16,810 - Comparison Step 48, Loss_X_TNG: 26.37164306640625, normE: 0.9022992253303528
2024-12-24 19:47:17,365 - Comparison Step 49, Loss_X_TNG: 26.49799919128418, normE: 0.9022992253303528
2024-12-24 19:47:17,980 - Comparison Step 0, Loss_X_TNG: 26.38536834716797, normE: 4.562572002410889
2024-12-24 19:47:18,537 - Comparison Step 1, Loss_X_TNG: 26.866422653198242, normE: 8.42957592010498
2024-12-24 19:47:19,096 - Comparison Step 2, Loss_X_TNG: 27.431020736694336, normE: 12.170662879943848
2024-12-24 19:47:19,656 - Comparison Step 3, Loss_X_TNG: 27.836706161499023, normE: 15.877787590026855
2024-12-24 19:47:20,215 - Comparison Step 4, Loss_X_TNG: 29.069730758666992, normE: 19.542158126831055
2024-12-24 19:47:20,780 - Comparison Step 5, Loss_X_TNG: 30.3234806060791, normE: 17.27130889892578
2024-12-24 19:47:21,341 - Comparison Step 6, Loss_X_TNG: 29.04744529724121, normE: 19.117511749267578
2024-12-24 19:47:21,906 - Comparison Step 7, Loss_X_TNG: 29.175334930419922, normE: 17.53068733215332
2024-12-24 19:47:22,468 - Comparison Step 8, Loss_X_TNG: 28.109113693237305, normE: 18.789812088012695
2024-12-24 19:47:23,030 - Comparison Step 9, Loss_X_TNG: 28.254039764404297, normE: 17.701759338378906
2024-12-24 19:47:23,595 - Comparison Step 10, Loss_X_TNG: 27.74937629699707, normE: 18.559680938720703
2024-12-24 19:47:24,155 - Comparison Step 11, Loss_X_TNG: 28.2268123626709, normE: 17.826316833496094
2024-12-24 19:47:24,717 - Comparison Step 12, Loss_X_TNG: 27.57162857055664, normE: 18.402456283569336
2024-12-24 19:47:25,275 - Comparison Step 13, Loss_X_TNG: 27.711360931396484, normE: 17.905241012573242
2024-12-24 19:47:25,834 - Comparison Step 14, Loss_X_TNG: 27.827219009399414, normE: 18.298202514648438
2024-12-24 19:47:26,394 - Comparison Step 15, Loss_X_TNG: 27.61505889892578, normE: 17.957887649536133
2024-12-24 19:47:26,957 - Comparison Step 16, Loss_X_TNG: 28.661958694458008, normE: 18.23248291015625
2024-12-24 19:47:27,517 - Comparison Step 17, Loss_X_TNG: 27.590740203857422, normE: 17.992525100708008
2024-12-24 19:47:27,859 - Comparison Step 18, Loss_X_TNG: 27.489999771118164, normE: 18.176015853881836
2024-12-24 19:47:28,417 - Comparison Step 19, Loss_X_TNG: 27.570810317993164, normE: 18.0140380859375
2024-12-24 19:47:28,979 - Comparison Step 20, Loss_X_TNG: 27.633316040039062, normE: 18.13510513305664
2024-12-24 19:47:29,537 - Comparison Step 21, Loss_X_TNG: 27.60275650024414, normE: 18.026689529418945
2024-12-24 19:47:30,098 - Comparison Step 22, Loss_X_TNG: 27.627410888671875, normE: 18.108266830444336
2024-12-24 19:47:30,659 - Comparison Step 23, Loss_X_TNG: 27.620067596435547, normE: 18.0346736907959
2024-12-24 19:47:31,218 - Comparison Step 24, Loss_X_TNG: 27.556598663330078, normE: 18.08710479736328
2024-12-24 19:47:31,779 - Comparison Step 25, Loss_X_TNG: 27.56061363220215, normE: 18.038066864013672
2024-12-24 19:47:32,343 - Comparison Step 26, Loss_X_TNG: 27.703168869018555, normE: 18.07329559326172
2024-12-24 19:47:32,915 - Comparison Step 27, Loss_X_TNG: 27.49641990661621, normE: 18.037282943725586
2024-12-24 19:47:33,477 - Comparison Step 28, Loss_X_TNG: 27.501041412353516, normE: 18.06143569946289
2024-12-24 19:47:34,042 - Comparison Step 29, Loss_X_TNG: 27.514381408691406, normE: 18.035348892211914
2024-12-24 19:47:34,606 - Comparison Step 30, Loss_X_TNG: 27.53663444519043, normE: 18.05341148376465
2024-12-24 19:47:35,175 - Comparison Step 31, Loss_X_TNG: 27.592144012451172, normE: 18.036636352539062
2024-12-24 19:47:35,744 - Comparison Step 32, Loss_X_TNG: 27.676513671875, normE: 18.050325393676758
2024-12-24 19:47:36,310 - Comparison Step 33, Loss_X_TNG: 27.682313919067383, normE: 18.039302825927734
2024-12-24 19:47:36,876 - Comparison Step 34, Loss_X_TNG: 27.644561767578125, normE: 18.04945945739746
2024-12-24 19:47:37,441 - Comparison Step 35, Loss_X_TNG: 27.537254333496094, normE: 18.040800094604492
2024-12-24 19:47:38,007 - Comparison Step 36, Loss_X_TNG: 27.726585388183594, normE: 18.045883178710938
2024-12-24 19:47:38,568 - Comparison Step 37, Loss_X_TNG: 27.55253791809082, normE: 18.039289474487305
2024-12-24 19:47:39,129 - Comparison Step 38, Loss_X_TNG: 27.525779724121094, normE: 18.043058395385742
2024-12-24 19:47:39,693 - Comparison Step 39, Loss_X_TNG: 27.570575714111328, normE: 18.037307739257812
2024-12-24 19:47:40,257 - Comparison Step 40, Loss_X_TNG: 27.56171226501465, normE: 18.03963851928711
2024-12-24 19:47:40,820 - Comparison Step 41, Loss_X_TNG: 27.854026794433594, normE: 18.036727905273438
2024-12-24 19:47:41,384 - Comparison Step 42, Loss_X_TNG: 27.387582778930664, normE: 18.03314781188965
2024-12-24 19:47:41,955 - Comparison Step 43, Loss_X_TNG: 27.330331802368164, normE: 18.030927658081055
2024-12-24 19:47:42,519 - Comparison Step 44, Loss_X_TNG: 27.572710037231445, normE: 18.0275821685791
2024-12-24 19:47:43,082 - Comparison Step 45, Loss_X_TNG: 27.458900451660156, normE: 18.028635025024414
2024-12-24 19:47:43,644 - Comparison Step 46, Loss_X_TNG: 27.476951599121094, normE: 18.027204513549805
2024-12-24 19:47:44,209 - Comparison Step 47, Loss_X_TNG: 27.590076446533203, normE: 18.029117584228516
2024-12-24 19:47:44,771 - Comparison Step 48, Loss_X_TNG: 27.66584014892578, normE: 18.02720832824707
2024-12-24 19:47:45,337 - Comparison Step 49, Loss_X_TNG: 27.49344253540039, normE: 18.027498245239258
2024-12-24 19:47:45,337 - Norm2 (Comparison Algorithm): 27.49344253540039
2024-12-24 19:47:45,886 - Norm2 (Original TR Algorithm): 26.83321762084961
2024-12-24 19:47:45,886 - Norm2 (Our Algorithm): 26.49799919128418
2024-12-24 19:47:45,987 - Clipping input data to the valid range for imshow with RGB data ([0..1] for floats or [0..255] for integers). Got range [-0.11359384..1.1916575].
2024-12-24 19:47:45,991 - Clipping input data to the valid range for imshow with RGB data ([0..1] for floats or [0..255] for integers). Got range [-0.008719662..0.010276708].
2024-12-24 19:47:45,993 - Clipping input data to the valid range for imshow with RGB data ([0..1] for floats or [0..255] for integers). Got range [-0.0055623306..1.0051616].
2024-12-24 19:47:45,995 - Clipping input data to the valid range for imshow with RGB data ([0..1] for floats or [0..255] for integers). Got range [-0.12946625..1.1651173].
2024-12-24 19:47:45,998 - Clipping input data to the valid range for imshow with RGB data ([0..1] for floats or [0..255] for integers). Got range [-0.061801776..0.060905024].
2024-12-24 19:47:46,000 - Clipping input data to the valid range for imshow with RGB data ([0..1] for floats or [0..255] for integers). Got range [-0.045258414..1.0512942].
2024-12-24 19:47:46,001 - Clipping input data to the valid range for imshow with RGB data ([0..1] for floats or [0..255] for integers). Got range [-0.11341449..1.131023].
