2024-12-24 17:34:45,451 - Norm2 (epsilon): 30
2024-12-24 17:34:45,872 - Step 0, RSE_E: 40.92818832397461, Loss_X_Ours: 30.09716033935547, normE: 30.0
2024-12-24 17:34:45,921 - Step 1, RSE_E: 0.0600302591919899, Loss_X_Ours: 30.07694435119629, normE: 30.0
2024-12-24 17:34:45,969 - Step 2, RSE_E: 0.020456554368138313, Loss_X_Ours: 30.07020378112793, normE: 29.999998092651367
2024-12-24 17:34:46,016 - Step 3, RSE_E: 0.018745766952633858, Loss_X_Ours: 30.06401824951172, normE: 30.0
2024-12-24 17:34:46,063 - Step 4, RSE_E: 0.01713932491838932, Loss_X_Ours: 30.058368682861328, normE: 29.999998092651367
2024-12-24 17:34:46,110 - Step 5, RSE_E: 0.015624853782355785, Loss_X_Ours: 30.053234100341797, normE: 30.000001907348633
2024-12-24 17:34:46,157 - Step 6, RSE_E: 0.014221487566828728, Loss_X_Ours: 30.04859161376953, normE: 30.0
2024-12-24 17:34:46,208 - Step 7, RSE_E: 0.013000492937862873, Loss_X_Ours: 30.04434585571289, normE: 29.999998092651367
2024-12-24 17:34:46,256 - Step 8, RSE_E: 0.011893798597157001, Loss_X_Ours: 30.040489196777344, normE: 30.0
2024-12-24 17:34:46,303 - Step 9, RSE_E: 0.010873761959373951, Loss_X_Ours: 30.036962509155273, normE: 30.0
2024-12-24 17:34:48,135 - Comparison Step 0, Loss_X_TNG: 29.277793884277344, normE: 29.999998092651367
2024-12-24 17:34:48,179 - Comparison Step 1, Loss_X_TNG: 28.59638786315918, normE: 30.000001907348633
2024-12-24 17:34:48,223 - Comparison Step 2, Loss_X_TNG: 28.18354034423828, normE: 29.999998092651367
2024-12-24 17:34:48,271 - Comparison Step 3, Loss_X_TNG: 27.953105926513672, normE: 30.000003814697266
2024-12-24 17:34:48,319 - Comparison Step 4, Loss_X_TNG: 27.876110076904297, normE: 29.999998092651367
2024-12-24 17:34:48,368 - Comparison Step 5, Loss_X_TNG: 27.881763458251953, normE: 30.000001907348633
2024-12-24 17:34:48,417 - Comparison Step 6, Loss_X_TNG: 27.90851402282715, normE: 30.000001907348633
2024-12-24 17:34:48,467 - Comparison Step 7, Loss_X_TNG: 27.96146011352539, normE: 30.0
2024-12-24 17:34:48,514 - Comparison Step 8, Loss_X_TNG: 28.02334213256836, normE: 29.999998092651367
2024-12-24 17:34:48,563 - Comparison Step 9, Loss_X_TNG: 28.082242965698242, normE: 30.0
2024-12-24 17:34:48,564 - Norm2 (Comparison Algorithm): 28.082242965698242
2024-12-24 17:34:48,607 - Norm2 (Original TR Algorithm): 28.8418025970459
2024-12-24 17:34:48,607 - Norm2 (Our Algorithm): 30.036962509155273
2024-12-24 17:34:48,742 - Clipping input data to the valid range for imshow with RGB data ([0..1] for floats or [0..255] for integers). Got range [-0.0958754..1.1772486].
2024-12-24 17:34:48,747 - Clipping input data to the valid range for imshow with RGB data ([0..1] for floats or [0..255] for integers). Got range [-0.636123..0.50658303].
2024-12-24 17:34:48,751 - Clipping input data to the valid range for imshow with RGB data ([0..1] for floats or [0..255] for integers). Got range [-0.16427572..1.158096].
2024-12-24 17:34:48,754 - Clipping input data to the valid range for imshow with RGB data ([0..1] for floats or [0..255] for integers). Got range [-0.16446087..1.1582935].
2024-12-24 17:34:48,759 - Clipping input data to the valid range for imshow with RGB data ([0..1] for floats or [0..255] for integers). Got range [-0.15356645..0.14427058].
2024-12-24 17:34:48,762 - Clipping input data to the valid range for imshow with RGB data ([0..1] for floats or [0..255] for integers). Got range [-0.11699426..1.1163872].
2024-12-24 17:34:48,765 - Clipping input data to the valid range for imshow with RGB data ([0..1] for floats or [0..255] for integers). Got range [-0.094778135..1.1848352].
