2024-12-26 16:42:43,163 - Proposed-ATNMF Experiment
2024-12-26 16:42:43,163 - Optimization parameters:
2024-12-26 16:42:43,163 - epsilon (Frobenius norm constraint): 0.010000000000000002
2024-12-26 16:42:43,163 - inner_tol (Tolerance for inner optimization): 1e-10
2024-12-26 16:42:43,163 - lr (Learning rate): 1
2024-12-26 16:42:43,163 - outer_num_steps (Number of outer optimization steps): 300
2024-12-26 16:42:43,163 - inner_num_steps (Number of inner optimization steps): 100
2024-12-26 16:42:43,163 - outer_dis_num (Display loss every outer_dis_num steps): 10
2024-12-26 16:42:43,163 - inner_dis_num (Display loss every inner_dis_num steps): 2000
2024-12-26 16:42:45,206 - Step 0 norm(X - TN_G_Ours): 15.756197724185641, norm2(E): 0.10000000894069672
2024-12-26 16:42:45,377 - Step 1 norm(X - TN_G_Ours): 15.837434792930088, norm2(E): 0.10000000149011612
2024-12-26 16:42:45,556 - Step 2 norm(X - TN_G_Ours): 15.838775395537164, norm2(E): 0.10000000149011612
2024-12-26 16:42:45,733 - Step 3 norm(X - TN_G_Ours): 15.838724336215742, norm2(E): 0.10000000149011612
2024-12-26 16:42:45,911 - Step 4 norm(X - TN_G_Ours): 15.83863714963546, norm2(E): 0.10000000149011612
2024-12-26 16:42:46,082 - Step 5 norm(X - TN_G_Ours): 15.838560078225624, norm2(E): 0.10000000149011612
2024-12-26 16:42:46,254 - Step 6 norm(X - TN_G_Ours): 15.83849408553291, norm2(E): 0.10000000894069672
2024-12-26 16:42:46,426 - Step 7 norm(X - TN_G_Ours): 15.838441098500322, norm2(E): 0.09999999403953552
2024-12-26 16:42:46,604 - Step 8 norm(X - TN_G_Ours): 15.838395336829521, norm2(E): 0.10000000149011612
2024-12-26 16:42:46,777 - Step 9 norm(X - TN_G_Ours): 15.838355837175778, norm2(E): 0.10000000149011612
2024-12-26 16:42:46,954 - Step 10 norm(X - TN_G_Ours): 15.838321636176497, norm2(E): 0.10000000149011612
2024-12-26 16:42:47,125 - Step 11 norm(X - TN_G_Ours): 15.8382912887491, norm2(E): 0.10000000149011612
2024-12-26 16:42:47,307 - Step 12 norm(X - TN_G_Ours): 15.838264313209264, norm2(E): 0.10000000894069672
2024-12-26 16:42:47,478 - Step 13 norm(X - TN_G_Ours): 15.838239746159797, norm2(E): 0.10000000149011612
2024-12-26 16:42:47,657 - Step 14 norm(X - TN_G_Ours): 15.838217587611904, norm2(E): 0.10000000149011612
2024-12-26 16:42:47,831 - Step 15 norm(X - TN_G_Ours): 15.838199764409582, norm2(E): 0.10000000149011612
2024-12-26 16:42:48,008 - Step 16 norm(X - TN_G_Ours): 15.838181459478212, norm2(E): 0.10000000149011612
2024-12-26 16:42:48,187 - Step 17 norm(X - TN_G_Ours): 15.838163154525684, norm2(E): 0.10000000894069672
2024-12-26 16:42:48,369 - Step 18 norm(X - TN_G_Ours): 15.838149184942418, norm2(E): 0.10000000894069672
2024-12-26 16:42:48,545 - Step 19 norm(X - TN_G_Ours): 15.838134733636418, norm2(E): 0.10000000149011612
2024-12-26 16:42:48,721 - Step 20 norm(X - TN_G_Ours): 15.83812124573892, norm2(E): 0.10000000149011612
2024-12-26 16:42:48,901 - Step 21 norm(X - TN_G_Ours): 15.838109202963592, norm2(E): 0.10000000149011612
2024-12-26 16:42:49,075 - Step 22 norm(X - TN_G_Ours): 15.838097641890661, norm2(E): 0.10000000149011612
2024-12-26 16:42:49,254 - Step 23 norm(X - TN_G_Ours): 15.838088007656772, norm2(E): 0.09999999403953552
2024-12-26 16:42:49,424 - Step 24 norm(X - TN_G_Ours): 15.838077409992726, norm2(E): 0.10000000149011612
2024-12-26 16:42:49,605 - Step 25 norm(X - TN_G_Ours): 15.838068739171414, norm2(E): 0.10000000149011612
2024-12-26 16:42:49,780 - Step 26 norm(X - TN_G_Ours): 15.838059586632655, norm2(E): 0.10000000149011612
2024-12-26 16:42:49,953 - Step 27 norm(X - TN_G_Ours): 15.838050915801585, norm2(E): 0.10000000149011612
2024-12-26 16:42:50,131 - Step 28 norm(X - TN_G_Ours): 15.838042244965768, norm2(E): 0.10000000149011612
2024-12-26 16:42:50,310 - Step 29 norm(X - TN_G_Ours): 15.838035500979073, norm2(E): 0.10000000149011612
2024-12-26 16:42:50,482 - Step 30 norm(X - TN_G_Ours): 15.838028756989507, norm2(E): 0.10000000149011612
2024-12-26 16:42:50,657 - Step 31 norm(X - TN_G_Ours): 15.838022012997067, norm2(E): 0.09999999403953552
2024-12-26 16:42:50,836 - Step 32 norm(X - TN_G_Ours): 15.838015750715803, norm2(E): 0.10000000149011612
2024-12-26 16:42:51,014 - Step 33 norm(X - TN_G_Ours): 15.838009006717826, norm2(E): 0.10000000149011612
2024-12-26 16:42:51,196 - Step 34 norm(X - TN_G_Ours): 15.838003226145847, norm2(E): 0.10000000149011612
2024-12-26 16:42:51,376 - Step 35 norm(X - TN_G_Ours): 15.837996482142536, norm2(E): 0.10000000894069672
2024-12-26 16:42:51,559 - Step 36 norm(X - TN_G_Ours): 15.837991664995558, norm2(E): 0.10000000149011612
2024-12-26 16:42:51,735 - Step 37 norm(X - TN_G_Ours): 15.837986847847112, norm2(E): 0.10000000149011612
2024-12-26 16:42:51,915 - Step 38 norm(X - TN_G_Ours): 15.837981067267044, norm2(E): 0.10000000149011612
2024-12-26 16:42:52,088 - Step 39 norm(X - TN_G_Ours): 15.837976250115377, norm2(E): 0.10000000149011612
2024-12-26 16:42:52,259 - Step 40 norm(X - TN_G_Ours): 15.837971914677624, norm2(E): 0.10000000894069672
2024-12-26 16:42:52,434 - Step 41 norm(X - TN_G_Ours): 15.837967097523173, norm2(E): 0.09999998658895493
2024-12-26 16:42:52,606 - Step 42 norm(X - TN_G_Ours): 15.837962280367256, norm2(E): 0.10000000149011612
2024-12-26 16:42:52,784 - Step 43 norm(X - TN_G_Ours): 15.837958426641466, norm2(E): 0.10000000149011612
2024-12-26 16:42:52,958 - Step 44 norm(X - TN_G_Ours): 15.837954572914741, norm2(E): 0.10000000894069672
2024-12-26 16:42:53,131 - Step 45 norm(X - TN_G_Ours): 15.837950719187077, norm2(E): 0.10000000149011612
2024-12-26 16:42:53,304 - Step 46 norm(X - TN_G_Ours): 15.837945902026178, norm2(E): 0.10000000149011612
2024-12-26 16:42:53,477 - Step 47 norm(X - TN_G_Ours): 15.837942048296405, norm2(E): 0.10000000149011612
2024-12-26 16:42:53,657 - Step 48 norm(X - TN_G_Ours): 15.837938194565693, norm2(E): 0.10000000149011612
2024-12-26 16:42:53,835 - Step 49 norm(X - TN_G_Ours): 15.837935304267045, norm2(E): 0.10000000149011612
2024-12-26 16:42:54,015 - Step 50 norm(X - TN_G_Ours): 15.837931450534692, norm2(E): 0.10000000149011612
2024-12-26 16:42:54,188 - Step 51 norm(X - TN_G_Ours): 15.837928560234813, norm2(E): 0.10000000149011612
2024-12-26 16:42:54,362 - Step 52 norm(X - TN_G_Ours): 15.837926151651176, norm2(E): 0.10000000894069672
2024-12-26 16:42:54,541 - Step 53 norm(X - TN_G_Ours): 15.837922297916597, norm2(E): 0.10000000149011612
2024-12-26 16:42:54,721 - Step 54 norm(X - TN_G_Ours): 15.837919407615047, norm2(E): 0.10000000149011612
2024-12-26 16:42:54,905 - Step 55 norm(X - TN_G_Ours): 15.83791651731297, norm2(E): 0.10000000149011612
2024-12-26 16:42:55,075 - Step 56 norm(X - TN_G_Ours): 15.837913627010366, norm2(E): 0.10000000894069672
2024-12-26 16:42:55,252 - Step 57 norm(X - TN_G_Ours): 15.837910736707233, norm2(E): 0.10000000894069672
2024-12-26 16:42:55,427 - Step 58 norm(X - TN_G_Ours): 15.837908809838185, norm2(E): 0.10000000149011612
2024-12-26 16:42:55,606 - Step 59 norm(X - TN_G_Ours): 15.837905919534174, norm2(E): 0.10000000894069672
2024-12-26 16:42:55,786 - Step 60 norm(X - TN_G_Ours): 15.837903029229635, norm2(E): 0.10000000149011612
2024-12-26 16:42:55,966 - Step 61 norm(X - TN_G_Ours): 15.83789917548943, norm2(E): 0.10000000149011612
2024-12-26 16:42:56,141 - Step 62 norm(X - TN_G_Ours): 15.837897248618974, norm2(E): 0.10000000149011612
2024-12-26 16:42:56,318 - Step 63 norm(X - TN_G_Ours): 15.837894358312854, norm2(E): 0.10000000149011612
2024-12-26 16:42:56,498 - Step 64 norm(X - TN_G_Ours): 15.837891468006205, norm2(E): 0.10000000894069672
2024-12-26 16:42:56,674 - Step 65 norm(X - TN_G_Ours): 15.837889541134814, norm2(E): 0.10000000149011612
2024-12-26 16:42:56,855 - Step 66 norm(X - TN_G_Ours): 15.837887614263186, norm2(E): 0.09999999403953552
2024-12-26 16:42:57,029 - Step 67 norm(X - TN_G_Ours): 15.837885687391326, norm2(E): 0.09999999403953552
2024-12-26 16:42:57,204 - Step 68 norm(X - TN_G_Ours): 15.837882797083095, norm2(E): 0.10000000894069672
2024-12-26 16:42:57,374 - Step 69 norm(X - TN_G_Ours): 15.837879906774337, norm2(E): 0.10000000149011612
2024-12-26 16:42:57,552 - Step 70 norm(X - TN_G_Ours): 15.83787846161976, norm2(E): 0.10000000149011612
2024-12-26 16:42:57,728 - Step 71 norm(X - TN_G_Ours): 15.837876534746785, norm2(E): 0.10000000149011612
2024-12-26 16:42:57,906 - Step 72 norm(X - TN_G_Ours): 15.837874607873575, norm2(E): 0.10000000149011612
2024-12-26 16:42:58,086 - Step 73 norm(X - TN_G_Ours): 15.837872681000132, norm2(E): 0.10000000149011612
2024-12-26 16:42:58,265 - Step 74 norm(X - TN_G_Ours): 15.837870754126454, norm2(E): 0.10000000149011612
2024-12-26 16:42:58,443 - Step 75 norm(X - TN_G_Ours): 15.837868827252542, norm2(E): 0.10000000149011612
2024-12-26 16:42:58,616 - Step 76 norm(X - TN_G_Ours): 15.837866900378396, norm2(E): 0.10000000149011612
2024-12-26 16:42:58,794 - Step 77 norm(X - TN_G_Ours): 15.837865936941235, norm2(E): 0.09999999403953552
2024-12-26 16:42:58,973 - Step 78 norm(X - TN_G_Ours): 15.8378630466294, norm2(E): 0.10000000894069672
2024-12-26 16:42:59,148 - Step 79 norm(X - TN_G_Ours): 15.837862083192004, norm2(E): 0.10000000149011612
2024-12-26 16:42:59,320 - Step 80 norm(X - TN_G_Ours): 15.837859192879465, norm2(E): 0.10000000149011612
2024-12-26 16:42:59,498 - Step 81 norm(X - TN_G_Ours): 15.837858229441835, norm2(E): 0.10000000149011612
2024-12-26 16:42:59,676 - Step 82 norm(X - TN_G_Ours): 15.837855339128593, norm2(E): 0.10000000149011612
2024-12-26 16:42:59,856 - Step 83 norm(X - TN_G_Ours): 15.837854375690728, norm2(E): 0.10000000149011612
2024-12-26 16:43:00,032 - Step 84 norm(X - TN_G_Ours): 15.837852448814823, norm2(E): 0.10000000149011612
2024-12-26 16:43:00,210 - Step 85 norm(X - TN_G_Ours): 15.837850521938684, norm2(E): 0.10000000149011612
2024-12-26 16:43:00,389 - Step 86 norm(X - TN_G_Ours): 15.83784859506231, norm2(E): 0.10000000149011612
2024-12-26 16:43:00,562 - Step 87 norm(X - TN_G_Ours): 15.837847631624035, norm2(E): 0.10000000149011612
2024-12-26 16:43:00,741 - Step 88 norm(X - TN_G_Ours): 15.83784570474731, norm2(E): 0.10000000149011612
2024-12-26 16:43:00,914 - Step 89 norm(X - TN_G_Ours): 15.83784377787035, norm2(E): 0.10000000149011612
2024-12-26 16:43:01,090 - Step 90 norm(X - TN_G_Ours): 15.837842814431783, norm2(E): 0.10000000149011612
2024-12-26 16:43:01,268 - Step 91 norm(X - TN_G_Ours): 15.83784088755447, norm2(E): 0.10000000149011612
2024-12-26 16:43:01,447 - Step 92 norm(X - TN_G_Ours): 15.837838960676924, norm2(E): 0.10000000149011612
2024-12-26 16:43:01,625 - Step 93 norm(X - TN_G_Ours): 15.837837997238065, norm2(E): 0.09999999403953552
2024-12-26 16:43:01,800 - Step 94 norm(X - TN_G_Ours): 15.837837033799145, norm2(E): 0.10000000894069672
2024-12-26 16:43:01,980 - Step 95 norm(X - TN_G_Ours): 15.83783510692113, norm2(E): 0.10000000149011612
2024-12-26 16:43:02,160 - Step 96 norm(X - TN_G_Ours): 15.83783318004288, norm2(E): 0.10000000149011612
2024-12-26 16:43:02,332 - Step 97 norm(X - TN_G_Ours): 15.837832216603669, norm2(E): 0.10000000149011612
2024-12-26 16:43:02,516 - Step 98 norm(X - TN_G_Ours): 15.83783077144474, norm2(E): 0.10000000894069672
2024-12-26 16:43:02,694 - Step 99 norm(X - TN_G_Ours): 15.83783077144474, norm2(E): 0.09999999403953552
2024-12-26 16:43:02,873 - Step 100 norm(X - TN_G_Ours): 15.837828844565962, norm2(E): 0.10000000894069672
2024-12-26 16:43:03,050 - Step 101 norm(X - TN_G_Ours): 15.837827881126486, norm2(E): 0.09999999403953552
2024-12-26 16:43:03,221 - Step 102 norm(X - TN_G_Ours): 15.837825954247359, norm2(E): 0.10000000149011612
2024-12-26 16:43:03,401 - Step 103 norm(X - TN_G_Ours): 15.837824990807706, norm2(E): 0.09999999403953552
2024-12-26 16:43:03,583 - Step 104 norm(X - TN_G_Ours): 15.837824027367995, norm2(E): 0.09999998658895493
2024-12-26 16:43:03,760 - Step 105 norm(X - TN_G_Ours): 15.837823063928226, norm2(E): 0.10000000149011612
2024-12-26 16:43:03,935 - Step 106 norm(X - TN_G_Ours): 15.837821137048513, norm2(E): 0.10000000894069672
2024-12-26 16:43:04,113 - Step 107 norm(X - TN_G_Ours): 15.837821137048513, norm2(E): 0.10000000149011612
2024-12-26 16:43:04,282 - Step 108 norm(X - TN_G_Ours): 15.837819210168563, norm2(E): 0.09999999403953552
2024-12-26 16:43:04,463 - Step 109 norm(X - TN_G_Ours): 15.837818246728501, norm2(E): 0.10000000149011612
2024-12-26 16:43:04,640 - Step 110 norm(X - TN_G_Ours): 15.83781728328838, norm2(E): 0.10000000149011612
2024-12-26 16:43:04,821 - Step 111 norm(X - TN_G_Ours): 15.837816319848201, norm2(E): 0.10000001639127731
2024-12-26 16:43:05,000 - Step 112 norm(X - TN_G_Ours): 15.837814392967665, norm2(E): 0.10000000149011612
2024-12-26 16:43:05,173 - Step 113 norm(X - TN_G_Ours): 15.837814392967665, norm2(E): 0.10000000149011612
2024-12-26 16:43:05,349 - Step 114 norm(X - TN_G_Ours): 15.837812466086897, norm2(E): 0.10000000149011612
2024-12-26 16:43:05,522 - Step 115 norm(X - TN_G_Ours): 15.837812466086897, norm2(E): 0.10000000149011612
2024-12-26 16:43:05,691 - Step 116 norm(X - TN_G_Ours): 15.837810539205893, norm2(E): 0.10000000149011612
2024-12-26 16:43:05,863 - Step 117 norm(X - TN_G_Ours): 15.837809575765302, norm2(E): 0.10000000149011612
2024-12-26 16:43:06,034 - Step 118 norm(X - TN_G_Ours): 15.837808612324654, norm2(E): 0.10000000894069672
2024-12-26 16:43:06,204 - Step 119 norm(X - TN_G_Ours): 15.837808612324654, norm2(E): 0.10000000149011612
2024-12-26 16:43:06,375 - Step 120 norm(X - TN_G_Ours): 15.837806685443182, norm2(E): 0.09999998658895493
2024-12-26 16:43:06,546 - Step 121 norm(X - TN_G_Ours): 15.837805722002358, norm2(E): 0.10000000149011612
2024-12-26 16:43:06,725 - Step 122 norm(X - TN_G_Ours): 15.837805722002358, norm2(E): 0.10000000149011612
2024-12-26 16:43:06,899 - Step 123 norm(X - TN_G_Ours): 15.837804758561475, norm2(E): 0.10000000149011612
2024-12-26 16:43:07,079 - Step 124 norm(X - TN_G_Ours): 15.837802831679534, norm2(E): 0.10000000149011612
2024-12-26 16:43:07,248 - Step 125 norm(X - TN_G_Ours): 15.837801868238476, norm2(E): 0.10000000149011612
2024-12-26 16:43:07,421 - Step 126 norm(X - TN_G_Ours): 15.837801868238476, norm2(E): 0.10000000149011612
2024-12-26 16:43:07,593 - Step 127 norm(X - TN_G_Ours): 15.837799941356181, norm2(E): 0.10000000894069672
2024-12-26 16:43:07,771 - Step 128 norm(X - TN_G_Ours): 15.837798977914947, norm2(E): 0.10000000149011612
2024-12-26 16:43:07,942 - Step 129 norm(X - TN_G_Ours): 15.837798977914947, norm2(E): 0.10000000149011612
2024-12-26 16:43:08,119 - Step 130 norm(X - TN_G_Ours): 15.837798014473654, norm2(E): 0.10000001639127731
2024-12-26 16:43:08,290 - Step 131 norm(X - TN_G_Ours): 15.837797051032302, norm2(E): 0.10000000149011612
2024-12-26 16:43:08,467 - Step 132 norm(X - TN_G_Ours): 15.837797051032302, norm2(E): 0.10000000894069672
2024-12-26 16:43:08,644 - Step 133 norm(X - TN_G_Ours): 15.837796087590892, norm2(E): 0.10000000149011612
2024-12-26 16:43:08,823 - Step 134 norm(X - TN_G_Ours): 15.837795124149423, norm2(E): 0.10000000894069672
2024-12-26 16:43:08,996 - Step 135 norm(X - TN_G_Ours): 15.837794160707896, norm2(E): 0.09999999403953552
2024-12-26 16:43:09,180 - Step 136 norm(X - TN_G_Ours): 15.837794160707896, norm2(E): 0.10000000149011612
2024-12-26 16:43:09,363 - Step 137 norm(X - TN_G_Ours): 15.837792233824665, norm2(E): 0.10000000149011612
2024-12-26 16:43:09,535 - Step 138 norm(X - TN_G_Ours): 15.837792233824665, norm2(E): 0.10000001639127731
2024-12-26 16:43:09,708 - Step 139 norm(X - TN_G_Ours): 15.837791270382962, norm2(E): 0.09999998658895493
2024-12-26 16:43:09,888 - Step 140 norm(X - TN_G_Ours): 15.837791270382962, norm2(E): 0.10000000149011612
2024-12-26 16:43:10,065 - Step 141 norm(X - TN_G_Ours): 15.8377903069412, norm2(E): 0.10000000149011612
2024-12-26 16:43:10,239 - Step 142 norm(X - TN_G_Ours): 15.837789343499379, norm2(E): 0.10000000149011612
2024-12-26 16:43:10,411 - Step 143 norm(X - TN_G_Ours): 15.8377883800575, norm2(E): 0.10000000149011612
2024-12-26 16:43:10,583 - Step 144 norm(X - TN_G_Ours): 15.8377883800575, norm2(E): 0.10000000149011612
2024-12-26 16:43:10,763 - Step 145 norm(X - TN_G_Ours): 15.837787416615562, norm2(E): 0.10000000149011612
2024-12-26 16:43:10,936 - Step 146 norm(X - TN_G_Ours): 15.837786453173566, norm2(E): 0.09999999403953552
2024-12-26 16:43:11,107 - Step 147 norm(X - TN_G_Ours): 15.83778548973151, norm2(E): 0.10000000149011612
2024-12-26 16:43:11,287 - Step 148 norm(X - TN_G_Ours): 15.83778548973151, norm2(E): 0.10000000149011612
2024-12-26 16:43:11,466 - Step 149 norm(X - TN_G_Ours): 15.837785008010462, norm2(E): 0.10000000149011612
2024-12-26 16:43:11,637 - Step 150 norm(X - TN_G_Ours): 15.837785008010462, norm2(E): 0.10000000149011612
2024-12-26 16:43:11,814 - Step 151 norm(X - TN_G_Ours): 15.837783081126117, norm2(E): 0.10000000149011612
2024-12-26 16:43:11,993 - Step 152 norm(X - TN_G_Ours): 15.837783081126117, norm2(E): 0.10000000149011612
2024-12-26 16:43:12,164 - Step 153 norm(X - TN_G_Ours): 15.837783081126117, norm2(E): 0.10000000149011612
2024-12-26 16:43:12,342 - Step 154 norm(X - TN_G_Ours): 15.837782117683858, norm2(E): 0.10000000894069672
2024-12-26 16:43:12,521 - Step 155 norm(X - TN_G_Ours): 15.837781154241538, norm2(E): 0.10000000149011612
2024-12-26 16:43:12,693 - Step 156 norm(X - TN_G_Ours): 15.837780190799162, norm2(E): 0.10000000149011612
2024-12-26 16:43:12,864 - Step 157 norm(X - TN_G_Ours): 15.837780190799162, norm2(E): 0.10000000149011612
2024-12-26 16:43:13,037 - Step 158 norm(X - TN_G_Ours): 15.837779227356725, norm2(E): 0.10000000149011612
2024-12-26 16:43:13,215 - Step 159 norm(X - TN_G_Ours): 15.837779227356725, norm2(E): 0.10000000149011612
2024-12-26 16:43:13,387 - Step 160 norm(X - TN_G_Ours): 15.837778263914231, norm2(E): 0.10000000894069672
2024-12-26 16:43:13,560 - Step 161 norm(X - TN_G_Ours): 15.837777300471677, norm2(E): 0.10000000149011612
2024-12-26 16:43:13,733 - Step 162 norm(X - TN_G_Ours): 15.837777300471677, norm2(E): 0.10000000149011612
2024-12-26 16:43:13,904 - Step 163 norm(X - TN_G_Ours): 15.837776337029066, norm2(E): 0.10000000149011612
2024-12-26 16:43:14,083 - Step 164 norm(X - TN_G_Ours): 15.837776337029066, norm2(E): 0.10000000149011612
2024-12-26 16:43:14,254 - Step 165 norm(X - TN_G_Ours): 15.837774410143666, norm2(E): 0.10000000894069672
2024-12-26 16:43:14,429 - Step 166 norm(X - TN_G_Ours): 15.837774410143666, norm2(E): 0.10000000149011612
2024-12-26 16:43:14,605 - Step 167 norm(X - TN_G_Ours): 15.837774410143666, norm2(E): 0.10000000149011612
2024-12-26 16:43:14,782 - Step 168 norm(X - TN_G_Ours): 15.83777344670088, norm2(E): 0.10000000149011612
2024-12-26 16:43:14,958 - Step 169 norm(X - TN_G_Ours): 15.837772483258032, norm2(E): 0.10000000894069672
2024-12-26 16:43:15,136 - Step 170 norm(X - TN_G_Ours): 15.837772483258032, norm2(E): 0.10000000149011612
2024-12-26 16:43:15,314 - Step 171 norm(X - TN_G_Ours): 15.837772483258032, norm2(E): 0.10000000149011612
2024-12-26 16:43:15,492 - Step 172 norm(X - TN_G_Ours): 15.837771519815128, norm2(E): 0.10000000149011612
2024-12-26 16:43:15,668 - Step 173 norm(X - TN_G_Ours): 15.837771519815128, norm2(E): 0.10000000149011612
2024-12-26 16:43:15,846 - Step 174 norm(X - TN_G_Ours): 15.837770556372165, norm2(E): 0.10000000149011612
2024-12-26 16:43:16,021 - Step 175 norm(X - TN_G_Ours): 15.837770556372165, norm2(E): 0.10000000149011612
2024-12-26 16:43:16,198 - Step 176 norm(X - TN_G_Ours): 15.837770556372165, norm2(E): 0.10000000149011612
2024-12-26 16:43:16,371 - Step 177 norm(X - TN_G_Ours): 15.837768629486062, norm2(E): 0.10000000149011612
2024-12-26 16:43:16,542 - Step 178 norm(X - TN_G_Ours): 15.837767666042923, norm2(E): 0.10000000894069672
2024-12-26 16:43:16,719 - Step 179 norm(X - TN_G_Ours): 15.837767666042923, norm2(E): 0.10000000149011612
2024-12-26 16:43:16,896 - Step 180 norm(X - TN_G_Ours): 15.837767666042923, norm2(E): 0.10000000149011612
2024-12-26 16:43:17,069 - Step 181 norm(X - TN_G_Ours): 15.837766702599724, norm2(E): 0.10000000894069672
2024-12-26 16:43:17,249 - Step 182 norm(X - TN_G_Ours): 15.837766702599724, norm2(E): 0.10000000149011612
2024-12-26 16:43:17,430 - Step 183 norm(X - TN_G_Ours): 15.837765739156469, norm2(E): 0.10000000149011612
2024-12-26 16:43:17,605 - Step 184 norm(X - TN_G_Ours): 15.837764775713154, norm2(E): 0.10000000149011612
2024-12-26 16:43:17,786 - Step 185 norm(X - TN_G_Ours): 15.837764775713154, norm2(E): 0.09999999403953552
2024-12-26 16:43:17,962 - Step 186 norm(X - TN_G_Ours): 15.837764775713154, norm2(E): 0.10000000894069672
2024-12-26 16:43:18,138 - Step 187 norm(X - TN_G_Ours): 15.83776381226978, norm2(E): 0.10000000149011612
2024-12-26 16:43:18,313 - Step 188 norm(X - TN_G_Ours): 15.83776381226978, norm2(E): 0.10000000894069672
2024-12-26 16:43:18,490 - Step 189 norm(X - TN_G_Ours): 15.837762848826348, norm2(E): 0.10000000149011612
2024-12-26 16:43:18,659 - Step 190 norm(X - TN_G_Ours): 15.837762848826348, norm2(E): 0.09999998658895493
2024-12-26 16:43:18,833 - Step 191 norm(X - TN_G_Ours): 15.837761885382857, norm2(E): 0.10000000894069672
2024-12-26 16:43:19,009 - Step 192 norm(X - TN_G_Ours): 15.837760921939307, norm2(E): 0.10000000149011612
2024-12-26 16:43:19,180 - Step 193 norm(X - TN_G_Ours): 15.837759958495699, norm2(E): 0.10000000894069672
2024-12-26 16:43:19,350 - Step 194 norm(X - TN_G_Ours): 15.837759958495699, norm2(E): 0.10000000894069672
2024-12-26 16:43:19,530 - Step 195 norm(X - TN_G_Ours): 15.837759958495699, norm2(E): 0.10000000149011612
2024-12-26 16:43:19,710 - Step 196 norm(X - TN_G_Ours): 15.837759958495699, norm2(E): 0.10000000149011612
2024-12-26 16:43:19,880 - Step 197 norm(X - TN_G_Ours): 15.837758031608306, norm2(E): 0.10000000149011612
2024-12-26 16:43:20,058 - Step 198 norm(X - TN_G_Ours): 15.837758031608306, norm2(E): 0.09999999403953552
2024-12-26 16:43:20,230 - Step 199 norm(X - TN_G_Ours): 15.837758031608306, norm2(E): 0.10000000149011612
2024-12-26 16:43:20,409 - Step 200 norm(X - TN_G_Ours): 15.837758031608306, norm2(E): 0.10000000149011612
2024-12-26 16:43:20,589 - Step 201 norm(X - TN_G_Ours): 15.837757068164523, norm2(E): 0.10000001639127731
2024-12-26 16:43:20,766 - Step 202 norm(X - TN_G_Ours): 15.83775610472068, norm2(E): 0.09999999403953552
2024-12-26 16:43:20,941 - Step 203 norm(X - TN_G_Ours): 15.83775610472068, norm2(E): 0.10000000894069672
2024-12-26 16:43:21,117 - Step 204 norm(X - TN_G_Ours): 15.83775610472068, norm2(E): 0.10000000149011612
2024-12-26 16:43:21,293 - Step 205 norm(X - TN_G_Ours): 15.83775610472068, norm2(E): 0.09999999403953552
2024-12-26 16:43:21,474 - Step 206 norm(X - TN_G_Ours): 15.83775610472068, norm2(E): 0.10000000149011612
2024-12-26 16:43:21,644 - Step 207 norm(X - TN_G_Ours): 15.837754177832819, norm2(E): 0.10000000149011612
2024-12-26 16:43:21,818 - Step 208 norm(X - TN_G_Ours): 15.837754177832819, norm2(E): 0.09999999403953552
2024-12-26 16:43:21,997 - Step 209 norm(X - TN_G_Ours): 15.837754177832819, norm2(E): 0.10000000149011612
2024-12-26 16:43:22,169 - Step 210 norm(X - TN_G_Ours): 15.837754177832819, norm2(E): 0.10000000149011612
2024-12-26 16:43:22,348 - Step 211 norm(X - TN_G_Ours): 15.837753214388801, norm2(E): 0.10000000149011612
2024-12-26 16:43:22,529 - Step 212 norm(X - TN_G_Ours): 15.837752250944725, norm2(E): 0.10000000149011612
2024-12-26 16:43:22,710 - Step 213 norm(X - TN_G_Ours): 15.837752250944725, norm2(E): 0.09999998658895493
2024-12-26 16:43:22,881 - Step 214 norm(X - TN_G_Ours): 15.83775128750059, norm2(E): 0.09999999403953552
2024-12-26 16:43:23,054 - Step 215 norm(X - TN_G_Ours): 15.83775128750059, norm2(E): 0.10000000894069672
2024-12-26 16:43:23,233 - Step 216 norm(X - TN_G_Ours): 15.83775128750059, norm2(E): 0.10000000894069672
2024-12-26 16:43:23,406 - Step 217 norm(X - TN_G_Ours): 15.83775128750059, norm2(E): 0.09999999403953552
2024-12-26 16:43:23,577 - Step 218 norm(X - TN_G_Ours): 15.837750324056394, norm2(E): 0.10000000894069672
2024-12-26 16:43:23,748 - Step 219 norm(X - TN_G_Ours): 15.837749360612142, norm2(E): 0.10000000149011612
2024-12-26 16:43:23,932 - Step 220 norm(X - TN_G_Ours): 15.837749360612142, norm2(E): 0.10000000149011612
2024-12-26 16:43:24,104 - Step 221 norm(X - TN_G_Ours): 15.837749360612142, norm2(E): 0.10000000894069672
2024-12-26 16:43:24,282 - Step 222 norm(X - TN_G_Ours): 15.837749360612142, norm2(E): 0.10000000149011612
2024-12-26 16:43:24,460 - Step 223 norm(X - TN_G_Ours): 15.83774839716783, norm2(E): 0.10000000149011612
2024-12-26 16:43:24,636 - Step 224 norm(X - TN_G_Ours): 15.83774839716783, norm2(E): 0.10000000149011612
2024-12-26 16:43:24,815 - Step 225 norm(X - TN_G_Ours): 15.837747433723461, norm2(E): 0.10000000894069672
2024-12-26 16:43:24,985 - Step 226 norm(X - TN_G_Ours): 15.837747433723461, norm2(E): 0.10000000149011612
2024-12-26 16:43:25,155 - Step 227 norm(X - TN_G_Ours): 15.837747433723461, norm2(E): 0.10000000149011612
2024-12-26 16:43:25,328 - Step 228 norm(X - TN_G_Ours): 15.837745506834544, norm2(E): 0.10000000149011612
2024-12-26 16:43:25,501 - Step 229 norm(X - TN_G_Ours): 15.837746470279033, norm2(E): 0.10000000894069672
2024-12-26 16:43:25,670 - Step 230 norm(X - TN_G_Ours): 15.837745506834544, norm2(E): 0.10000000149011612
2024-12-26 16:43:25,850 - Step 231 norm(X - TN_G_Ours): 15.837745506834544, norm2(E): 0.10000000149011612
2024-12-26 16:43:26,022 - Step 232 norm(X - TN_G_Ours): 15.837745506834544, norm2(E): 0.10000000149011612
2024-12-26 16:43:26,191 - Step 233 norm(X - TN_G_Ours): 15.837745506834544, norm2(E): 0.09999998658895493
2024-12-26 16:43:26,363 - Step 234 norm(X - TN_G_Ours): 15.837744543389999, norm2(E): 0.09999998658895493
2024-12-26 16:43:26,531 - Step 235 norm(X - TN_G_Ours): 15.837743579945395, norm2(E): 0.10000000149011612
2024-12-26 16:43:26,711 - Step 236 norm(X - TN_G_Ours): 15.837744543389999, norm2(E): 0.10000000894069672
2024-12-26 16:43:26,883 - Step 237 norm(X - TN_G_Ours): 15.837742616500732, norm2(E): 0.10000000894069672
2024-12-26 16:43:27,056 - Step 238 norm(X - TN_G_Ours): 15.837742616500732, norm2(E): 0.09999999403953552
2024-12-26 16:43:27,226 - Step 239 norm(X - TN_G_Ours): 15.837742616500732, norm2(E): 0.10000000149011612
2024-12-26 16:43:27,398 - Step 240 norm(X - TN_G_Ours): 15.837742616500732, norm2(E): 0.10000000149011612
2024-12-26 16:43:27,574 - Step 241 norm(X - TN_G_Ours): 15.83774165305601, norm2(E): 0.10000000894069672
2024-12-26 16:43:27,746 - Step 242 norm(X - TN_G_Ours): 15.83774068961123, norm2(E): 0.10000000894069672
2024-12-26 16:43:27,920 - Step 243 norm(X - TN_G_Ours): 15.83774068961123, norm2(E): 0.09999998658895493
2024-12-26 16:43:28,093 - Step 244 norm(X - TN_G_Ours): 15.83774068961123, norm2(E): 0.09999999403953552
2024-12-26 16:43:28,264 - Step 245 norm(X - TN_G_Ours): 15.83773972616639, norm2(E): 0.10000000149011612
2024-12-26 16:43:28,434 - Step 246 norm(X - TN_G_Ours): 15.83773972616639, norm2(E): 0.10000000149011612
2024-12-26 16:43:28,607 - Step 247 norm(X - TN_G_Ours): 15.83773972616639, norm2(E): 0.10000000149011612
2024-12-26 16:43:28,777 - Step 248 norm(X - TN_G_Ours): 15.837738762721493, norm2(E): 0.10000000149011612
2024-12-26 16:43:28,952 - Step 249 norm(X - TN_G_Ours): 15.837738762721493, norm2(E): 0.09999999403953552
2024-12-26 16:43:29,123 - Step 250 norm(X - TN_G_Ours): 15.837738762721493, norm2(E): 0.09999998658895493
2024-12-26 16:43:29,300 - Step 251 norm(X - TN_G_Ours): 15.837737799276537, norm2(E): 0.10000000149011612
2024-12-26 16:43:29,470 - Step 252 norm(X - TN_G_Ours): 15.837737799276537, norm2(E): 0.10000000894069672
2024-12-26 16:43:29,641 - Step 253 norm(X - TN_G_Ours): 15.837737799276537, norm2(E): 0.10000000149011612
2024-12-26 16:43:29,819 - Step 254 norm(X - TN_G_Ours): 15.837737317554037, norm2(E): 0.10000000894069672
2024-12-26 16:43:29,991 - Step 255 norm(X - TN_G_Ours): 15.837737317554037, norm2(E): 0.10000000149011612
2024-12-26 16:43:30,170 - Step 256 norm(X - TN_G_Ours): 15.837736354108992, norm2(E): 0.10000000149011612
2024-12-26 16:43:30,349 - Step 257 norm(X - TN_G_Ours): 15.837736354108992, norm2(E): 0.10000000149011612
2024-12-26 16:43:30,519 - Step 258 norm(X - TN_G_Ours): 15.837736354108992, norm2(E): 0.10000000149011612
2024-12-26 16:43:30,696 - Step 259 norm(X - TN_G_Ours): 15.837735390663891, norm2(E): 0.10000000149011612
2024-12-26 16:43:30,869 - Step 260 norm(X - TN_G_Ours): 15.837735390663891, norm2(E): 0.10000000149011612
2024-12-26 16:43:31,039 - Step 261 norm(X - TN_G_Ours): 15.837734427218729, norm2(E): 0.10000000149011612
2024-12-26 16:43:31,212 - Step 262 norm(X - TN_G_Ours): 15.837734427218729, norm2(E): 0.09999999403953552
2024-12-26 16:43:31,385 - Step 263 norm(X - TN_G_Ours): 15.837734427218729, norm2(E): 0.09999999403953552
2024-12-26 16:43:31,555 - Step 264 norm(X - TN_G_Ours): 15.83773346377351, norm2(E): 0.10000000149011612
2024-12-26 16:43:31,728 - Step 265 norm(X - TN_G_Ours): 15.837732500328231, norm2(E): 0.10000000894069672
2024-12-26 16:43:31,906 - Step 266 norm(X - TN_G_Ours): 15.837732500328231, norm2(E): 0.10000000149011612
2024-12-26 16:43:32,078 - Step 267 norm(X - TN_G_Ours): 15.837731536882893, norm2(E): 0.10000000149011612
2024-12-26 16:43:32,250 - Step 268 norm(X - TN_G_Ours): 15.837731536882893, norm2(E): 0.10000000149011612
2024-12-26 16:43:32,421 - Step 269 norm(X - TN_G_Ours): 15.837731536882893, norm2(E): 0.10000000894069672
2024-12-26 16:43:32,593 - Step 270 norm(X - TN_G_Ours): 15.837730573437499, norm2(E): 0.10000000149011612
2024-12-26 16:43:32,747 - Step 271 norm(X - TN_G_Ours): 15.837730573437499, norm2(E): 0.10000000894069672
2024-12-26 16:43:32,892 - Step 272 norm(X - TN_G_Ours): 15.837729609992044, norm2(E): 0.09999999403953552
2024-12-26 16:43:33,029 - Step 273 norm(X - TN_G_Ours): 15.837729609992044, norm2(E): 0.10000000149011612
2024-12-26 16:43:33,167 - Step 274 norm(X - TN_G_Ours): 15.837729609992044, norm2(E): 0.10000000149011612
2024-12-26 16:43:33,305 - Step 275 norm(X - TN_G_Ours): 15.837728646546532, norm2(E): 0.10000000894069672
2024-12-26 16:43:33,441 - Step 276 norm(X - TN_G_Ours): 15.837728646546532, norm2(E): 0.10000000894069672
2024-12-26 16:43:33,579 - Step 277 norm(X - TN_G_Ours): 15.837728646546532, norm2(E): 0.10000000894069672
2024-12-26 16:43:33,715 - Step 278 norm(X - TN_G_Ours): 15.837728646546532, norm2(E): 0.10000000149011612
2024-12-26 16:43:33,852 - Step 279 norm(X - TN_G_Ours): 15.83772768310096, norm2(E): 0.10000000149011612
2024-12-26 16:43:33,989 - Step 280 norm(X - TN_G_Ours): 15.837726719655329, norm2(E): 0.09999999403953552
2024-12-26 16:43:34,127 - Step 281 norm(X - TN_G_Ours): 15.837726719655329, norm2(E): 0.10000000149011612
2024-12-26 16:43:34,275 - Step 282 norm(X - TN_G_Ours): 15.837726719655329, norm2(E): 0.10000000894069672
2024-12-26 16:43:34,412 - Step 283 norm(X - TN_G_Ours): 15.837725756209641, norm2(E): 0.10000000149011612
2024-12-26 16:43:34,551 - Step 284 norm(X - TN_G_Ours): 15.837725756209641, norm2(E): 0.10000000894069672
2024-12-26 16:43:34,696 - Step 285 norm(X - TN_G_Ours): 15.837724792763893, norm2(E): 0.09999998658895493
2024-12-26 16:43:34,840 - Step 286 norm(X - TN_G_Ours): 15.837723829318088, norm2(E): 0.10000000894069672
2024-12-26 16:43:34,977 - Step 287 norm(X - TN_G_Ours): 15.837724792763893, norm2(E): 0.10000000894069672
2024-12-26 16:43:35,243 - Step 288 norm(X - TN_G_Ours): 15.837723829318088, norm2(E): 0.10000000149011612
2024-12-26 16:43:35,381 - Step 289 norm(X - TN_G_Ours): 15.837723829318088, norm2(E): 0.09999999403953552
2024-12-26 16:43:35,521 - Step 290 norm(X - TN_G_Ours): 15.837722865872223, norm2(E): 0.10000000149011612
2024-12-26 16:43:35,658 - Step 291 norm(X - TN_G_Ours): 15.837722865872223, norm2(E): 0.10000000894069672
2024-12-26 16:43:35,804 - Step 292 norm(X - TN_G_Ours): 15.837722865872223, norm2(E): 0.10000000149011612
2024-12-26 16:43:35,943 - Step 293 norm(X - TN_G_Ours): 15.837721902426301, norm2(E): 0.10000000149011612
2024-12-26 16:43:36,083 - Step 294 norm(X - TN_G_Ours): 15.837721902426301, norm2(E): 0.10000000149011612
2024-12-26 16:43:36,219 - Step 295 norm(X - TN_G_Ours): 15.837721902426301, norm2(E): 0.10000000149011612
2024-12-26 16:43:36,363 - Step 296 norm(X - TN_G_Ours): 15.837720938980318, norm2(E): 0.10000000149011612
2024-12-26 16:43:36,502 - Step 297 norm(X - TN_G_Ours): 15.837720938980318, norm2(E): 0.10000000149011612
2024-12-26 16:43:36,644 - Step 298 norm(X - TN_G_Ours): 15.837719975534279, norm2(E): 0.10000000894069672
2024-12-26 16:43:36,785 - Step 299 norm(X - TN_G_Ours): 15.837719975534279, norm2(E): 0.10000000149011612
2024-12-26 16:43:36,868 - Step 0 norm(X - TN_G_ATR): 15.756866455078125, norm2(E): 0.10000000149011612
2024-12-26 16:43:36,954 - Step 1 norm(X - TN_G_ATR): 15.75535774230957, norm2(E): 0.10000000149011612
2024-12-26 16:43:37,039 - Step 2 norm(X - TN_G_ATR): 15.755326271057129, norm2(E): 0.10000000149011612
2024-12-26 16:43:37,116 - Step 3 norm(X - TN_G_ATR): 15.7553129196167, norm2(E): 0.10000000149011612
2024-12-26 16:43:37,202 - Step 4 norm(X - TN_G_ATR): 15.755302429199219, norm2(E): 0.10000000149011612
2024-12-26 16:43:37,286 - Step 5 norm(X - TN_G_ATR): 15.75529670715332, norm2(E): 0.09999999403953552
2024-12-26 16:43:37,370 - Step 6 norm(X - TN_G_ATR): 15.755290031433105, norm2(E): 0.10000000894069672
2024-12-26 16:43:37,454 - Step 7 norm(X - TN_G_ATR): 15.755287170410156, norm2(E): 0.10000000894069672
2024-12-26 16:43:37,537 - Step 8 norm(X - TN_G_ATR): 15.755285263061523, norm2(E): 0.09999999403953552
2024-12-26 16:43:37,612 - Step 9 norm(X - TN_G_ATR): 15.755285263061523, norm2(E): 0.10000000149011612
2024-12-26 16:43:37,696 - Step 10 norm(X - TN_G_ATR): 15.755285263061523, norm2(E): 0.09999998658895493
2024-12-26 16:43:37,783 - Step 11 norm(X - TN_G_ATR): 15.755284309387207, norm2(E): 0.10000000149011612
2024-12-26 16:43:37,867 - Step 12 norm(X - TN_G_ATR): 15.755284309387207, norm2(E): 0.10000000894069672
2024-12-26 16:43:37,956 - Step 13 norm(X - TN_G_ATR): 15.755284309387207, norm2(E): 0.10000000894069672
2024-12-26 16:43:38,042 - Step 14 norm(X - TN_G_ATR): 15.755285263061523, norm2(E): 0.10000000894069672
2024-12-26 16:43:38,123 - Step 15 norm(X - TN_G_ATR): 15.755285263061523, norm2(E): 0.10000000149011612
2024-12-26 16:43:38,198 - Step 16 norm(X - TN_G_ATR): 15.755285263061523, norm2(E): 0.10000000149011612
2024-12-26 16:43:38,278 - Step 17 norm(X - TN_G_ATR): 15.75528621673584, norm2(E): 0.10000000149011612
2024-12-26 16:43:38,353 - Step 18 norm(X - TN_G_ATR): 15.755285263061523, norm2(E): 0.09999998658895493
2024-12-26 16:43:38,427 - Step 19 norm(X - TN_G_ATR): 15.755285263061523, norm2(E): 0.10000000149011612
2024-12-26 16:43:38,502 - Step 20 norm(X - TN_G_ATR): 15.75528621673584, norm2(E): 0.10000000149011612
2024-12-26 16:43:38,577 - Step 21 norm(X - TN_G_ATR): 15.75528621673584, norm2(E): 0.09999998658895493
2024-12-26 16:43:38,653 - Step 22 norm(X - TN_G_ATR): 15.75528621673584, norm2(E): 0.09999998658895493
2024-12-26 16:43:38,728 - Step 23 norm(X - TN_G_ATR): 15.75528621673584, norm2(E): 0.09999999403953552
2024-12-26 16:43:38,803 - Step 24 norm(X - TN_G_ATR): 15.75528621673584, norm2(E): 0.10000000894069672
2024-12-26 16:43:38,885 - Step 25 norm(X - TN_G_ATR): 15.755285263061523, norm2(E): 0.10000000894069672
2024-12-26 16:43:38,959 - Step 26 norm(X - TN_G_ATR): 15.755284309387207, norm2(E): 0.10000000149011612
2024-12-26 16:43:39,034 - Step 27 norm(X - TN_G_ATR): 15.755284309387207, norm2(E): 0.10000000149011612
2024-12-26 16:43:39,108 - Step 28 norm(X - TN_G_ATR): 15.755284309387207, norm2(E): 0.10000000894069672
2024-12-26 16:43:39,183 - Step 29 norm(X - TN_G_ATR): 15.755284309387207, norm2(E): 0.10000000149011612
2024-12-26 16:43:39,270 - Step 30 norm(X - TN_G_ATR): 15.755284309387207, norm2(E): 0.10000000149011612
2024-12-26 16:43:39,345 - Step 31 norm(X - TN_G_ATR): 15.75528335571289, norm2(E): 0.09999999403953552
2024-12-26 16:43:39,424 - Step 32 norm(X - TN_G_ATR): 15.755284309387207, norm2(E): 0.10000000149011612
2024-12-26 16:43:39,499 - Step 33 norm(X - TN_G_ATR): 15.755284309387207, norm2(E): 0.10000000149011612
2024-12-26 16:43:39,574 - Step 34 norm(X - TN_G_ATR): 15.75528335571289, norm2(E): 0.10000000149011612
2024-12-26 16:43:39,649 - Step 35 norm(X - TN_G_ATR): 15.755284309387207, norm2(E): 0.10000000149011612
2024-12-26 16:43:39,725 - Step 36 norm(X - TN_G_ATR): 15.755284309387207, norm2(E): 0.10000000149011612
2024-12-26 16:43:39,806 - Step 37 norm(X - TN_G_ATR): 15.755284309387207, norm2(E): 0.09999998658895493
2024-12-26 16:43:39,881 - Step 38 norm(X - TN_G_ATR): 15.755285263061523, norm2(E): 0.10000000149011612
2024-12-26 16:43:39,956 - Step 39 norm(X - TN_G_ATR): 15.755285263061523, norm2(E): 0.09999999403953552
2024-12-26 16:43:40,037 - Step 40 norm(X - TN_G_ATR): 15.75528621673584, norm2(E): 0.10000000149011612
2024-12-26 16:43:40,112 - Step 41 norm(X - TN_G_ATR): 15.755287170410156, norm2(E): 0.10000000149011612
2024-12-26 16:43:40,189 - Step 42 norm(X - TN_G_ATR): 15.755287170410156, norm2(E): 0.09999998658895493
2024-12-26 16:43:40,278 - Step 43 norm(X - TN_G_ATR): 15.755287170410156, norm2(E): 0.10000000149011612
2024-12-26 16:43:40,353 - Step 44 norm(X - TN_G_ATR): 15.755287170410156, norm2(E): 0.10000000149011612
2024-12-26 16:43:40,427 - Step 45 norm(X - TN_G_ATR): 15.755287170410156, norm2(E): 0.10000000149011612
2024-12-26 16:43:40,503 - Step 46 norm(X - TN_G_ATR): 15.755287170410156, norm2(E): 0.09999999403953552
2024-12-26 16:43:40,577 - Step 47 norm(X - TN_G_ATR): 15.755287170410156, norm2(E): 0.10000000149011612
2024-12-26 16:43:40,652 - Step 48 norm(X - TN_G_ATR): 15.755287170410156, norm2(E): 0.10000000894069672
2024-12-26 16:43:40,727 - Step 49 norm(X - TN_G_ATR): 15.755287170410156, norm2(E): 0.10000000149011612
2024-12-26 16:43:40,817 - Step 50 norm(X - TN_G_ATR): 15.755287170410156, norm2(E): 0.10000000894069672
2024-12-26 16:43:40,897 - Step 51 norm(X - TN_G_ATR): 15.755287170410156, norm2(E): 0.10000000894069672
2024-12-26 16:43:40,972 - Step 52 norm(X - TN_G_ATR): 15.755287170410156, norm2(E): 0.10000000149011612
2024-12-26 16:43:41,055 - Step 53 norm(X - TN_G_ATR): 15.75528621673584, norm2(E): 0.10000000149011612
2024-12-26 16:43:41,129 - Step 54 norm(X - TN_G_ATR): 15.75528621673584, norm2(E): 0.10000000894069672
2024-12-26 16:43:41,213 - Step 55 norm(X - TN_G_ATR): 15.75528621673584, norm2(E): 0.10000000149011612
2024-12-26 16:43:41,294 - Step 56 norm(X - TN_G_ATR): 15.75528621673584, norm2(E): 0.10000000149011612
2024-12-26 16:43:41,369 - Step 57 norm(X - TN_G_ATR): 15.75528621673584, norm2(E): 0.09999999403953552
2024-12-26 16:43:41,444 - Step 58 norm(X - TN_G_ATR): 15.75528621673584, norm2(E): 0.09999998658895493
2024-12-26 16:43:41,519 - Step 59 norm(X - TN_G_ATR): 15.755285263061523, norm2(E): 0.10000000149011612
2024-12-26 16:43:41,594 - Step 60 norm(X - TN_G_ATR): 15.755285263061523, norm2(E): 0.10000000149011612
2024-12-26 16:43:41,673 - Step 61 norm(X - TN_G_ATR): 15.755285263061523, norm2(E): 0.10000000894069672
2024-12-26 16:43:41,752 - Step 62 norm(X - TN_G_ATR): 15.75528335571289, norm2(E): 0.10000000894069672
2024-12-26 16:43:41,833 - Step 63 norm(X - TN_G_ATR): 15.75528335571289, norm2(E): 0.10000000149011612
2024-12-26 16:43:41,912 - Step 64 norm(X - TN_G_ATR): 15.75528335571289, norm2(E): 0.09999999403953552
2024-12-26 16:43:41,988 - Step 65 norm(X - TN_G_ATR): 15.75528335571289, norm2(E): 0.10000000149011612
2024-12-26 16:43:42,069 - Step 66 norm(X - TN_G_ATR): 15.75528335571289, norm2(E): 0.10000000894069672
2024-12-26 16:43:42,148 - Step 67 norm(X - TN_G_ATR): 15.755281448364258, norm2(E): 0.10000000149011612
2024-12-26 16:43:42,230 - Step 68 norm(X - TN_G_ATR): 15.755281448364258, norm2(E): 0.10000000149011612
2024-12-26 16:43:42,307 - Step 69 norm(X - TN_G_ATR): 15.755281448364258, norm2(E): 0.10000000149011612
2024-12-26 16:43:42,394 - Step 70 norm(X - TN_G_ATR): 15.755281448364258, norm2(E): 0.10000000149011612
2024-12-26 16:43:42,488 - Step 71 norm(X - TN_G_ATR): 15.755281448364258, norm2(E): 0.10000000894069672
2024-12-26 16:43:42,574 - Step 72 norm(X - TN_G_ATR): 15.755280494689941, norm2(E): 0.10000000894069672
2024-12-26 16:43:42,663 - Step 73 norm(X - TN_G_ATR): 15.755280494689941, norm2(E): 0.10000000149011612
2024-12-26 16:43:42,753 - Step 74 norm(X - TN_G_ATR): 15.755280494689941, norm2(E): 0.10000000894069672
2024-12-26 16:43:42,840 - Step 75 norm(X - TN_G_ATR): 15.755280494689941, norm2(E): 0.10000000149011612
2024-12-26 16:43:42,931 - Step 76 norm(X - TN_G_ATR): 15.755279541015625, norm2(E): 0.09999999403953552
2024-12-26 16:43:43,015 - Step 77 norm(X - TN_G_ATR): 15.755279541015625, norm2(E): 0.10000000894069672
2024-12-26 16:43:43,099 - Step 78 norm(X - TN_G_ATR): 15.755279541015625, norm2(E): 0.10000000149011612
2024-12-26 16:43:43,185 - Step 79 norm(X - TN_G_ATR): 15.755278587341309, norm2(E): 0.10000000149011612
2024-12-26 16:43:43,274 - Step 80 norm(X - TN_G_ATR): 15.755278587341309, norm2(E): 0.10000000149011612
2024-12-26 16:43:43,358 - Step 81 norm(X - TN_G_ATR): 15.755277633666992, norm2(E): 0.10000000149011612
2024-12-26 16:43:43,443 - Step 82 norm(X - TN_G_ATR): 15.755277633666992, norm2(E): 0.10000000894069672
2024-12-26 16:43:43,528 - Step 83 norm(X - TN_G_ATR): 15.755276679992676, norm2(E): 0.10000000149011612
2024-12-26 16:43:43,613 - Step 84 norm(X - TN_G_ATR): 15.75527572631836, norm2(E): 0.10000000894069672
2024-12-26 16:43:43,697 - Step 85 norm(X - TN_G_ATR): 15.75527572631836, norm2(E): 0.10000000149011612
2024-12-26 16:43:43,782 - Step 86 norm(X - TN_G_ATR): 15.75527572631836, norm2(E): 0.10000000894069672
2024-12-26 16:43:43,868 - Step 87 norm(X - TN_G_ATR): 15.755273818969727, norm2(E): 0.10000000894069672
2024-12-26 16:43:43,955 - Step 88 norm(X - TN_G_ATR): 15.75527286529541, norm2(E): 0.10000000149011612
2024-12-26 16:43:44,039 - Step 89 norm(X - TN_G_ATR): 15.75527286529541, norm2(E): 0.10000000149011612
2024-12-26 16:43:44,124 - Step 90 norm(X - TN_G_ATR): 15.755271911621094, norm2(E): 0.09999999403953552
2024-12-26 16:43:44,209 - Step 91 norm(X - TN_G_ATR): 15.755271911621094, norm2(E): 0.10000000894069672
2024-12-26 16:43:44,308 - Step 92 norm(X - TN_G_ATR): 15.755271911621094, norm2(E): 0.10000000894069672
2024-12-26 16:43:44,393 - Step 93 norm(X - TN_G_ATR): 15.755271911621094, norm2(E): 0.10000000149011612
2024-12-26 16:43:44,478 - Step 94 norm(X - TN_G_ATR): 15.755271911621094, norm2(E): 0.10000000149011612
2024-12-26 16:43:44,562 - Step 95 norm(X - TN_G_ATR): 15.755271911621094, norm2(E): 0.10000001639127731
2024-12-26 16:43:44,646 - Step 96 norm(X - TN_G_ATR): 15.755271911621094, norm2(E): 0.10000000149011612
2024-12-26 16:43:44,730 - Step 97 norm(X - TN_G_ATR): 15.755271911621094, norm2(E): 0.10000000894069672
2024-12-26 16:43:44,824 - Step 98 norm(X - TN_G_ATR): 15.755271911621094, norm2(E): 0.09999998658895493
2024-12-26 16:43:44,915 - Step 99 norm(X - TN_G_ATR): 15.755270957946777, norm2(E): 0.10000000149011612
2024-12-26 16:43:45,001 - Step 100 norm(X - TN_G_ATR): 15.755271911621094, norm2(E): 0.10000000149011612
2024-12-26 16:43:45,087 - Step 101 norm(X - TN_G_ATR): 15.755271911621094, norm2(E): 0.10000000894069672
2024-12-26 16:43:45,174 - Step 102 norm(X - TN_G_ATR): 15.755270957946777, norm2(E): 0.10000000149011612
2024-12-26 16:43:45,266 - Step 103 norm(X - TN_G_ATR): 15.755271911621094, norm2(E): 0.10000000149011612
2024-12-26 16:43:45,350 - Step 104 norm(X - TN_G_ATR): 15.755271911621094, norm2(E): 0.09999999403953552
2024-12-26 16:43:45,435 - Step 105 norm(X - TN_G_ATR): 15.755271911621094, norm2(E): 0.10000000149011612
2024-12-26 16:43:45,523 - Step 106 norm(X - TN_G_ATR): 15.755271911621094, norm2(E): 0.10000000894069672
2024-12-26 16:43:45,608 - Step 107 norm(X - TN_G_ATR): 15.755271911621094, norm2(E): 0.10000000894069672
2024-12-26 16:43:45,696 - Step 108 norm(X - TN_G_ATR): 15.75527286529541, norm2(E): 0.10000000149011612
2024-12-26 16:43:45,780 - Step 109 norm(X - TN_G_ATR): 15.755271911621094, norm2(E): 0.10000001639127731
2024-12-26 16:43:45,869 - Step 110 norm(X - TN_G_ATR): 15.755271911621094, norm2(E): 0.10000000149011612
2024-12-26 16:43:45,958 - Step 111 norm(X - TN_G_ATR): 15.75527286529541, norm2(E): 0.09999999403953552
2024-12-26 16:43:46,042 - Step 112 norm(X - TN_G_ATR): 15.75527286529541, norm2(E): 0.09999999403953552
2024-12-26 16:43:46,127 - Step 113 norm(X - TN_G_ATR): 15.75527286529541, norm2(E): 0.09999998658895493
2024-12-26 16:43:46,212 - Step 114 norm(X - TN_G_ATR): 15.755271911621094, norm2(E): 0.10000000149011612
2024-12-26 16:43:46,303 - Step 115 norm(X - TN_G_ATR): 15.755271911621094, norm2(E): 0.10000000894069672
2024-12-26 16:43:46,387 - Step 116 norm(X - TN_G_ATR): 15.75527286529541, norm2(E): 0.10000000149011612
2024-12-26 16:43:46,472 - Step 117 norm(X - TN_G_ATR): 15.755271911621094, norm2(E): 0.10000000149011612
2024-12-26 16:43:46,557 - Step 118 norm(X - TN_G_ATR): 15.755271911621094, norm2(E): 0.10000000149011612
2024-12-26 16:43:46,650 - Step 119 norm(X - TN_G_ATR): 15.755271911621094, norm2(E): 0.10000000894069672
2024-12-26 16:43:46,737 - Step 120 norm(X - TN_G_ATR): 15.755270957946777, norm2(E): 0.10000000149011612
2024-12-26 16:43:46,824 - Step 121 norm(X - TN_G_ATR): 15.755270957946777, norm2(E): 0.10000000149011612
2024-12-26 16:43:46,908 - Step 122 norm(X - TN_G_ATR): 15.755270957946777, norm2(E): 0.10000000149011612
2024-12-26 16:43:46,993 - Step 123 norm(X - TN_G_ATR): 15.755270957946777, norm2(E): 0.09999999403953552
2024-12-26 16:43:47,078 - Step 124 norm(X - TN_G_ATR): 15.755270957946777, norm2(E): 0.10000000894069672
2024-12-26 16:43:47,162 - Step 125 norm(X - TN_G_ATR): 15.755270957946777, norm2(E): 0.10000000894069672
2024-12-26 16:43:47,247 - Step 126 norm(X - TN_G_ATR): 15.755270957946777, norm2(E): 0.10000000894069672
2024-12-26 16:43:47,332 - Step 127 norm(X - TN_G_ATR): 15.755270004272461, norm2(E): 0.10000000149011612
2024-12-26 16:43:47,417 - Step 128 norm(X - TN_G_ATR): 15.755270004272461, norm2(E): 0.10000000149011612
2024-12-26 16:43:47,503 - Step 129 norm(X - TN_G_ATR): 15.755270004272461, norm2(E): 0.10000000894069672
2024-12-26 16:43:47,587 - Step 130 norm(X - TN_G_ATR): 15.755270004272461, norm2(E): 0.10000001639127731
2024-12-26 16:43:47,672 - Step 131 norm(X - TN_G_ATR): 15.755270004272461, norm2(E): 0.10000000894069672
2024-12-26 16:43:47,757 - Step 132 norm(X - TN_G_ATR): 15.755269050598145, norm2(E): 0.10000000149011612
2024-12-26 16:43:47,844 - Step 133 norm(X - TN_G_ATR): 15.755269050598145, norm2(E): 0.09999999403953552
2024-12-26 16:43:47,926 - Step 134 norm(X - TN_G_ATR): 15.755269050598145, norm2(E): 0.10000000149011612
2024-12-26 16:43:48,012 - Step 135 norm(X - TN_G_ATR): 15.755268096923828, norm2(E): 0.10000000149011612
2024-12-26 16:43:48,086 - Step 136 norm(X - TN_G_ATR): 15.755269050598145, norm2(E): 0.10000000894069672
2024-12-26 16:43:48,162 - Step 137 norm(X - TN_G_ATR): 15.755268096923828, norm2(E): 0.10000000149011612
2024-12-26 16:43:48,238 - Step 138 norm(X - TN_G_ATR): 15.755268096923828, norm2(E): 0.10000000894069672
2024-12-26 16:43:48,323 - Step 139 norm(X - TN_G_ATR): 15.755268096923828, norm2(E): 0.10000000894069672
2024-12-26 16:43:48,398 - Step 140 norm(X - TN_G_ATR): 15.755267143249512, norm2(E): 0.10000000894069672
2024-12-26 16:43:48,473 - Step 141 norm(X - TN_G_ATR): 15.755267143249512, norm2(E): 0.09999999403953552
2024-12-26 16:43:48,548 - Step 142 norm(X - TN_G_ATR): 15.755267143249512, norm2(E): 0.10000000149011612
2024-12-26 16:43:48,625 - Step 143 norm(X - TN_G_ATR): 15.755266189575195, norm2(E): 0.09999999403953552
2024-12-26 16:43:48,707 - Step 144 norm(X - TN_G_ATR): 15.755266189575195, norm2(E): 0.10000000149011612
2024-12-26 16:43:48,789 - Step 145 norm(X - TN_G_ATR): 15.755265235900879, norm2(E): 0.10000000149011612
2024-12-26 16:43:48,868 - Step 146 norm(X - TN_G_ATR): 15.755265235900879, norm2(E): 0.10000000149011612
2024-12-26 16:43:48,943 - Step 147 norm(X - TN_G_ATR): 15.755265235900879, norm2(E): 0.10000000149011612
2024-12-26 16:43:49,019 - Step 148 norm(X - TN_G_ATR): 15.755264282226562, norm2(E): 0.10000000894069672
2024-12-26 16:43:49,093 - Step 149 norm(X - TN_G_ATR): 15.755264282226562, norm2(E): 0.10000000149011612
2024-12-26 16:43:49,180 - Step 150 norm(X - TN_G_ATR): 15.755264282226562, norm2(E): 0.10000000149011612
2024-12-26 16:43:49,272 - Step 151 norm(X - TN_G_ATR): 15.755264282226562, norm2(E): 0.10000000149011612
2024-12-26 16:43:49,347 - Step 152 norm(X - TN_G_ATR): 15.755263328552246, norm2(E): 0.09999999403953552
2024-12-26 16:43:49,423 - Step 153 norm(X - TN_G_ATR): 15.755263328552246, norm2(E): 0.10000000894069672
2024-12-26 16:43:49,500 - Step 154 norm(X - TN_G_ATR): 15.755263328552246, norm2(E): 0.10000000149011612
2024-12-26 16:43:49,576 - Step 155 norm(X - TN_G_ATR): 15.75526237487793, norm2(E): 0.10000000894069672
2024-12-26 16:43:49,651 - Step 156 norm(X - TN_G_ATR): 15.755263328552246, norm2(E): 0.10000000149011612
2024-12-26 16:43:49,727 - Step 157 norm(X - TN_G_ATR): 15.75526237487793, norm2(E): 0.10000000149011612
2024-12-26 16:43:49,804 - Step 158 norm(X - TN_G_ATR): 15.755261421203613, norm2(E): 0.10000000149011612
2024-12-26 16:43:49,880 - Step 159 norm(X - TN_G_ATR): 15.755261421203613, norm2(E): 0.09999999403953552
2024-12-26 16:43:49,955 - Step 160 norm(X - TN_G_ATR): 15.75526237487793, norm2(E): 0.10000000149011612
2024-12-26 16:43:50,042 - Step 161 norm(X - TN_G_ATR): 15.755261421203613, norm2(E): 0.10000000149011612
2024-12-26 16:43:50,129 - Step 162 norm(X - TN_G_ATR): 15.755260467529297, norm2(E): 0.10000000149011612
2024-12-26 16:43:50,204 - Step 163 norm(X - TN_G_ATR): 15.75525951385498, norm2(E): 0.10000000149011612
2024-12-26 16:43:50,288 - Step 164 norm(X - TN_G_ATR): 15.75525951385498, norm2(E): 0.10000000894069672
2024-12-26 16:43:50,363 - Step 165 norm(X - TN_G_ATR): 15.75525951385498, norm2(E): 0.10000001639127731
2024-12-26 16:43:50,444 - Step 166 norm(X - TN_G_ATR): 15.75525951385498, norm2(E): 0.09999999403953552
2024-12-26 16:43:50,520 - Step 167 norm(X - TN_G_ATR): 15.755258560180664, norm2(E): 0.10000000149011612
2024-12-26 16:43:50,595 - Step 168 norm(X - TN_G_ATR): 15.755258560180664, norm2(E): 0.10000001639127731
2024-12-26 16:43:50,679 - Step 169 norm(X - TN_G_ATR): 15.755258560180664, norm2(E): 0.10000000149011612
2024-12-26 16:43:50,754 - Step 170 norm(X - TN_G_ATR): 15.755258560180664, norm2(E): 0.10000000149011612
2024-12-26 16:43:50,830 - Step 171 norm(X - TN_G_ATR): 15.755257606506348, norm2(E): 0.09999999403953552
2024-12-26 16:43:50,905 - Step 172 norm(X - TN_G_ATR): 15.755257606506348, norm2(E): 0.10000000149011612
2024-12-26 16:43:50,982 - Step 173 norm(X - TN_G_ATR): 15.755258560180664, norm2(E): 0.10000000149011612
2024-12-26 16:43:51,057 - Step 174 norm(X - TN_G_ATR): 15.755258560180664, norm2(E): 0.10000000149011612
2024-12-26 16:43:51,132 - Step 175 norm(X - TN_G_ATR): 15.755258560180664, norm2(E): 0.10000000149011612
2024-12-26 16:43:51,215 - Step 176 norm(X - TN_G_ATR): 15.755258560180664, norm2(E): 0.10000000149011612
2024-12-26 16:43:51,290 - Step 177 norm(X - TN_G_ATR): 15.755258560180664, norm2(E): 0.10000000149011612
2024-12-26 16:43:51,367 - Step 178 norm(X - TN_G_ATR): 15.755258560180664, norm2(E): 0.10000000149011612
2024-12-26 16:43:51,443 - Step 179 norm(X - TN_G_ATR): 15.755258560180664, norm2(E): 0.10000000149011612
2024-12-26 16:43:51,520 - Step 180 norm(X - TN_G_ATR): 15.755258560180664, norm2(E): 0.10000000894069672
2024-12-26 16:43:51,600 - Step 181 norm(X - TN_G_ATR): 15.75525951385498, norm2(E): 0.10000000894069672
2024-12-26 16:43:51,677 - Step 182 norm(X - TN_G_ATR): 15.75525951385498, norm2(E): 0.10000000894069672
2024-12-26 16:43:51,756 - Step 183 norm(X - TN_G_ATR): 15.75525951385498, norm2(E): 0.10000000149011612
2024-12-26 16:43:51,832 - Step 184 norm(X - TN_G_ATR): 15.755260467529297, norm2(E): 0.10000000149011612
2024-12-26 16:43:51,908 - Step 185 norm(X - TN_G_ATR): 15.755260467529297, norm2(E): 0.10000000894069672
2024-12-26 16:43:51,984 - Step 186 norm(X - TN_G_ATR): 15.755260467529297, norm2(E): 0.10000000894069672
2024-12-26 16:43:52,059 - Step 187 norm(X - TN_G_ATR): 15.755260467529297, norm2(E): 0.10000000894069672
2024-12-26 16:43:52,135 - Step 188 norm(X - TN_G_ATR): 15.755261421203613, norm2(E): 0.10000000149011612
2024-12-26 16:43:52,210 - Step 189 norm(X - TN_G_ATR): 15.75526237487793, norm2(E): 0.09999999403953552
2024-12-26 16:43:52,285 - Step 190 norm(X - TN_G_ATR): 15.755263328552246, norm2(E): 0.10000000149011612
2024-12-26 16:43:52,361 - Step 191 norm(X - TN_G_ATR): 15.755263328552246, norm2(E): 0.10000000149011612
2024-12-26 16:43:52,447 - Step 192 norm(X - TN_G_ATR): 15.755264282226562, norm2(E): 0.10000000149011612
2024-12-26 16:43:52,524 - Step 193 norm(X - TN_G_ATR): 15.755264282226562, norm2(E): 0.09999999403953552
2024-12-26 16:43:52,607 - Step 194 norm(X - TN_G_ATR): 15.755264282226562, norm2(E): 0.10000000149011612
2024-12-26 16:43:52,683 - Step 195 norm(X - TN_G_ATR): 15.755265235900879, norm2(E): 0.10000000149011612
2024-12-26 16:43:52,759 - Step 196 norm(X - TN_G_ATR): 15.755265235900879, norm2(E): 0.10000000894069672
2024-12-26 16:43:52,837 - Step 197 norm(X - TN_G_ATR): 15.755266189575195, norm2(E): 0.10000000149011612
2024-12-26 16:43:52,913 - Step 198 norm(X - TN_G_ATR): 15.755267143249512, norm2(E): 0.10000000149011612
2024-12-26 16:43:52,988 - Step 199 norm(X - TN_G_ATR): 15.755268096923828, norm2(E): 0.10000000149011612
2024-12-26 16:43:53,066 - Step 200 norm(X - TN_G_ATR): 15.755268096923828, norm2(E): 0.10000000149011612
2024-12-26 16:43:53,148 - Step 201 norm(X - TN_G_ATR): 15.755269050598145, norm2(E): 0.10000000149011612
2024-12-26 16:43:53,228 - Step 202 norm(X - TN_G_ATR): 15.755270004272461, norm2(E): 0.10000000149011612
2024-12-26 16:43:53,305 - Step 203 norm(X - TN_G_ATR): 15.755270004272461, norm2(E): 0.10000000149011612
2024-12-26 16:43:53,387 - Step 204 norm(X - TN_G_ATR): 15.755271911621094, norm2(E): 0.10000000149011612
2024-12-26 16:43:53,461 - Step 205 norm(X - TN_G_ATR): 15.755271911621094, norm2(E): 0.10000000149011612
2024-12-26 16:43:53,537 - Step 206 norm(X - TN_G_ATR): 15.75527286529541, norm2(E): 0.10000000894069672
2024-12-26 16:43:53,613 - Step 207 norm(X - TN_G_ATR): 15.755273818969727, norm2(E): 0.10000000149011612
2024-12-26 16:43:53,689 - Step 208 norm(X - TN_G_ATR): 15.755274772644043, norm2(E): 0.09999999403953552
2024-12-26 16:43:53,764 - Step 209 norm(X - TN_G_ATR): 15.755276679992676, norm2(E): 0.10000000149011612
2024-12-26 16:43:53,839 - Step 210 norm(X - TN_G_ATR): 15.755276679992676, norm2(E): 0.10000000149011612
2024-12-26 16:43:53,918 - Step 211 norm(X - TN_G_ATR): 15.755277633666992, norm2(E): 0.10000000894069672
2024-12-26 16:43:54,002 - Step 212 norm(X - TN_G_ATR): 15.755278587341309, norm2(E): 0.10000000149011612
2024-12-26 16:43:54,077 - Step 213 norm(X - TN_G_ATR): 15.755278587341309, norm2(E): 0.10000000894069672
2024-12-26 16:43:54,151 - Step 214 norm(X - TN_G_ATR): 15.755280494689941, norm2(E): 0.10000000894069672
2024-12-26 16:43:54,227 - Step 215 norm(X - TN_G_ATR): 15.755280494689941, norm2(E): 0.10000000149011612
2024-12-26 16:43:54,318 - Step 216 norm(X - TN_G_ATR): 15.755282402038574, norm2(E): 0.10000000149011612
2024-12-26 16:43:54,393 - Step 217 norm(X - TN_G_ATR): 15.755282402038574, norm2(E): 0.10000000149011612
2024-12-26 16:43:54,467 - Step 218 norm(X - TN_G_ATR): 15.75528335571289, norm2(E): 0.10000000149011612
2024-12-26 16:43:54,542 - Step 219 norm(X - TN_G_ATR): 15.755284309387207, norm2(E): 0.10000000894069672
2024-12-26 16:43:54,619 - Step 220 norm(X - TN_G_ATR): 15.755285263061523, norm2(E): 0.10000000149011612
2024-12-26 16:43:54,694 - Step 221 norm(X - TN_G_ATR): 15.755285263061523, norm2(E): 0.10000000894069672
2024-12-26 16:43:54,770 - Step 222 norm(X - TN_G_ATR): 15.755287170410156, norm2(E): 0.10000000149011612
2024-12-26 16:43:54,844 - Step 223 norm(X - TN_G_ATR): 15.755287170410156, norm2(E): 0.10000000149011612
2024-12-26 16:43:54,919 - Step 224 norm(X - TN_G_ATR): 15.755288124084473, norm2(E): 0.09999998658895493
2024-12-26 16:43:54,994 - Step 225 norm(X - TN_G_ATR): 15.755288124084473, norm2(E): 0.10000000149011612
2024-12-26 16:43:55,068 - Step 226 norm(X - TN_G_ATR): 15.755290031433105, norm2(E): 0.10000000894069672
2024-12-26 16:43:55,143 - Step 227 norm(X - TN_G_ATR): 15.755290031433105, norm2(E): 0.10000000149011612
2024-12-26 16:43:55,218 - Step 228 norm(X - TN_G_ATR): 15.755290031433105, norm2(E): 0.10000000894069672
2024-12-26 16:43:55,293 - Step 229 norm(X - TN_G_ATR): 15.755290031433105, norm2(E): 0.10000000894069672
2024-12-26 16:43:55,369 - Step 230 norm(X - TN_G_ATR): 15.755290985107422, norm2(E): 0.10000000149011612
2024-12-26 16:43:55,444 - Step 231 norm(X - TN_G_ATR): 15.755291938781738, norm2(E): 0.10000000149011612
2024-12-26 16:43:55,520 - Step 232 norm(X - TN_G_ATR): 15.755291938781738, norm2(E): 0.10000000149011612
2024-12-26 16:43:55,595 - Step 233 norm(X - TN_G_ATR): 15.755292892456055, norm2(E): 0.10000000149011612
2024-12-26 16:43:55,669 - Step 234 norm(X - TN_G_ATR): 15.755291938781738, norm2(E): 0.10000000149011612
2024-12-26 16:43:55,746 - Step 235 norm(X - TN_G_ATR): 15.755292892456055, norm2(E): 0.10000000894069672
2024-12-26 16:43:55,829 - Step 236 norm(X - TN_G_ATR): 15.755292892456055, norm2(E): 0.10000000149011612
2024-12-26 16:43:55,904 - Step 237 norm(X - TN_G_ATR): 15.755293846130371, norm2(E): 0.10000000894069672
2024-12-26 16:43:55,980 - Step 238 norm(X - TN_G_ATR): 15.755293846130371, norm2(E): 0.10000000149011612
2024-12-26 16:43:56,054 - Step 239 norm(X - TN_G_ATR): 15.755293846130371, norm2(E): 0.10000000149011612
2024-12-26 16:43:56,129 - Step 240 norm(X - TN_G_ATR): 15.755294799804688, norm2(E): 0.10000000149011612
2024-12-26 16:43:56,205 - Step 241 norm(X - TN_G_ATR): 15.755294799804688, norm2(E): 0.10000000149011612
2024-12-26 16:43:56,282 - Step 242 norm(X - TN_G_ATR): 15.755294799804688, norm2(E): 0.10000000894069672
2024-12-26 16:43:56,366 - Step 243 norm(X - TN_G_ATR): 15.755294799804688, norm2(E): 0.10000000149011612
2024-12-26 16:43:56,448 - Step 244 norm(X - TN_G_ATR): 15.755294799804688, norm2(E): 0.10000000894069672
2024-12-26 16:43:56,529 - Step 245 norm(X - TN_G_ATR): 15.755295753479004, norm2(E): 0.10000000149011612
2024-12-26 16:43:56,604 - Step 246 norm(X - TN_G_ATR): 15.755295753479004, norm2(E): 0.10000000894069672
2024-12-26 16:43:56,687 - Step 247 norm(X - TN_G_ATR): 15.755294799804688, norm2(E): 0.10000000149011612
2024-12-26 16:43:56,765 - Step 248 norm(X - TN_G_ATR): 15.755294799804688, norm2(E): 0.10000000149011612
2024-12-26 16:43:56,840 - Step 249 norm(X - TN_G_ATR): 15.755294799804688, norm2(E): 0.10000001639127731
2024-12-26 16:43:56,914 - Step 250 norm(X - TN_G_ATR): 15.755295753479004, norm2(E): 0.10000000149011612
2024-12-26 16:43:56,989 - Step 251 norm(X - TN_G_ATR): 15.755294799804688, norm2(E): 0.10000000149011612
2024-12-26 16:43:57,072 - Step 252 norm(X - TN_G_ATR): 15.755293846130371, norm2(E): 0.10000000149011612
2024-12-26 16:43:57,153 - Step 253 norm(X - TN_G_ATR): 15.755293846130371, norm2(E): 0.10000000149011612
2024-12-26 16:43:57,229 - Step 254 norm(X - TN_G_ATR): 15.755294799804688, norm2(E): 0.10000000149011612
2024-12-26 16:43:57,303 - Step 255 norm(X - TN_G_ATR): 15.755294799804688, norm2(E): 0.10000000149011612
2024-12-26 16:43:57,384 - Step 256 norm(X - TN_G_ATR): 15.755294799804688, norm2(E): 0.10000000149011612
2024-12-26 16:43:57,459 - Step 257 norm(X - TN_G_ATR): 15.755293846130371, norm2(E): 0.09999999403953552
2024-12-26 16:43:57,539 - Step 258 norm(X - TN_G_ATR): 15.755294799804688, norm2(E): 0.10000000149011612
2024-12-26 16:43:57,629 - Step 259 norm(X - TN_G_ATR): 15.755293846130371, norm2(E): 0.10000000149011612
2024-12-26 16:43:57,705 - Step 260 norm(X - TN_G_ATR): 15.755292892456055, norm2(E): 0.09999998658895493
2024-12-26 16:43:57,788 - Step 261 norm(X - TN_G_ATR): 15.755291938781738, norm2(E): 0.10000000149011612
2024-12-26 16:43:57,872 - Step 262 norm(X - TN_G_ATR): 15.755292892456055, norm2(E): 0.10000000149011612
2024-12-26 16:43:57,947 - Step 263 norm(X - TN_G_ATR): 15.755291938781738, norm2(E): 0.10000000149011612
2024-12-26 16:43:58,031 - Step 264 norm(X - TN_G_ATR): 15.755291938781738, norm2(E): 0.10000000894069672
2024-12-26 16:43:58,106 - Step 265 norm(X - TN_G_ATR): 15.755291938781738, norm2(E): 0.10000000149011612
2024-12-26 16:43:58,180 - Step 266 norm(X - TN_G_ATR): 15.755291938781738, norm2(E): 0.10000000149011612
2024-12-26 16:43:58,263 - Step 267 norm(X - TN_G_ATR): 15.755290985107422, norm2(E): 0.10000000149011612
2024-12-26 16:43:58,343 - Step 268 norm(X - TN_G_ATR): 15.755290985107422, norm2(E): 0.10000001639127731
2024-12-26 16:43:58,426 - Step 269 norm(X - TN_G_ATR): 15.755290985107422, norm2(E): 0.10000001639127731
2024-12-26 16:43:58,508 - Step 270 norm(X - TN_G_ATR): 15.755290031433105, norm2(E): 0.10000000149011612
2024-12-26 16:43:58,586 - Step 271 norm(X - TN_G_ATR): 15.755290031433105, norm2(E): 0.10000000149011612
2024-12-26 16:43:58,676 - Step 272 norm(X - TN_G_ATR): 15.755289077758789, norm2(E): 0.10000000894069672
2024-12-26 16:43:58,758 - Step 273 norm(X - TN_G_ATR): 15.755289077758789, norm2(E): 0.10000000149011612
2024-12-26 16:43:58,834 - Step 274 norm(X - TN_G_ATR): 15.755289077758789, norm2(E): 0.10000000149011612
2024-12-26 16:43:58,909 - Step 275 norm(X - TN_G_ATR): 15.755289077758789, norm2(E): 0.10000000149011612
2024-12-26 16:43:58,990 - Step 276 norm(X - TN_G_ATR): 15.755288124084473, norm2(E): 0.10000000894069672
2024-12-26 16:43:59,065 - Step 277 norm(X - TN_G_ATR): 15.755287170410156, norm2(E): 0.10000000149011612
2024-12-26 16:43:59,140 - Step 278 norm(X - TN_G_ATR): 15.755287170410156, norm2(E): 0.10000000149011612
2024-12-26 16:43:59,221 - Step 279 norm(X - TN_G_ATR): 15.75528621673584, norm2(E): 0.09999999403953552
2024-12-26 16:43:59,297 - Step 280 norm(X - TN_G_ATR): 15.75528621673584, norm2(E): 0.10000000894069672
2024-12-26 16:43:59,388 - Step 281 norm(X - TN_G_ATR): 15.75528621673584, norm2(E): 0.10000000149011612
2024-12-26 16:43:59,464 - Step 282 norm(X - TN_G_ATR): 15.755285263061523, norm2(E): 0.10000000894069672
2024-12-26 16:43:59,541 - Step 283 norm(X - TN_G_ATR): 15.755285263061523, norm2(E): 0.10000000894069672
2024-12-26 16:43:59,616 - Step 284 norm(X - TN_G_ATR): 15.755285263061523, norm2(E): 0.10000000894069672
2024-12-26 16:43:59,691 - Step 285 norm(X - TN_G_ATR): 15.755285263061523, norm2(E): 0.10000000894069672
2024-12-26 16:43:59,770 - Step 286 norm(X - TN_G_ATR): 15.755284309387207, norm2(E): 0.10000001639127731
2024-12-26 16:43:59,846 - Step 287 norm(X - TN_G_ATR): 15.75528335571289, norm2(E): 0.10000001639127731
2024-12-26 16:43:59,932 - Step 288 norm(X - TN_G_ATR): 15.75528335571289, norm2(E): 0.10000000149011612
2024-12-26 16:44:00,027 - Step 289 norm(X - TN_G_ATR): 15.755282402038574, norm2(E): 0.10000000149011612
2024-12-26 16:44:00,116 - Step 290 norm(X - TN_G_ATR): 15.755282402038574, norm2(E): 0.10000000149011612
2024-12-26 16:44:00,199 - Step 291 norm(X - TN_G_ATR): 15.75528335571289, norm2(E): 0.10000000894069672
2024-12-26 16:44:00,284 - Step 292 norm(X - TN_G_ATR): 15.755282402038574, norm2(E): 0.10000000149011612
2024-12-26 16:44:00,360 - Step 293 norm(X - TN_G_ATR): 15.755282402038574, norm2(E): 0.10000000894069672
2024-12-26 16:44:00,435 - Step 294 norm(X - TN_G_ATR): 15.755282402038574, norm2(E): 0.10000000149011612
2024-12-26 16:44:00,512 - Step 295 norm(X - TN_G_ATR): 15.755282402038574, norm2(E): 0.10000000894069672
2024-12-26 16:44:00,587 - Step 296 norm(X - TN_G_ATR): 15.755282402038574, norm2(E): 0.10000000149011612
2024-12-26 16:44:00,666 - Step 297 norm(X - TN_G_ATR): 15.755282402038574, norm2(E): 0.10000000149011612
2024-12-26 16:44:00,741 - Step 298 norm(X - TN_G_ATR): 15.755281448364258, norm2(E): 0.10000000149011612
2024-12-26 16:44:00,824 - Step 299 norm(X - TN_G_ATR): 15.755282402038574, norm2(E): 0.10000000149011612
2024-12-26 16:44:00,824 - Norm2 (Comparison Algorithm): 15.755282402038574
2024-12-26 16:44:00,852 - Norm2 (Our Algorithm): 15.837719917297363
2024-12-26 16:44:00,852 - Norm2 (Original TR Algorithm): 15.756647109985352
