2024-12-24 19:14:24,985 - Norm2 (epsilon): 50
2024-12-24 19:14:24,985 - Optimization parameters:
2024-12-24 19:14:24,985 - epsilon (Frobenius norm constraint): 50
2024-12-24 19:14:24,985 - inner_tol (Tolerance for inner optimization): 1e-10
2024-12-24 19:14:24,985 - lr (Learning rate): 0.01
2024-12-24 19:14:24,985 - outer_num_steps (Number of outer optimization steps): 20
2024-12-24 19:14:24,985 - inner_num_steps (Number of inner optimization steps): 100
2024-12-24 19:14:24,985 - outer_dis_num (Display loss every outer_dis_num steps): 1
2024-12-24 19:14:24,985 - inner_dis_num (Display loss every inner_dis_num steps): 2000
2024-12-24 19:14:25,658 - Step 0, RSE_E: 1.8609509468078613, Loss_X_Ours: 26.92111587524414, normE: 1.8572781085968018
2024-12-24 19:14:26,036 - Step 1, RSE_E: 0.15844696760177612, Loss_X_Ours: 26.773025512695312, normE: 1.867552638053894
2024-12-24 19:14:26,408 - Step 2, RSE_E: 0.1413956731557846, Loss_X_Ours: 26.67741584777832, normE: 1.8742460012435913
2024-12-24 19:14:26,780 - Step 3, RSE_E: 0.12342534959316254, Loss_X_Ours: 26.604108810424805, normE: 1.8794097900390625
2024-12-24 19:14:27,135 - Step 4, RSE_E: 0.08717580139636993, Loss_X_Ours: 26.557371139526367, normE: 1.8827170133590698
2024-12-24 19:14:27,421 - Step 5, RSE_E: 0.058934953063726425, Loss_X_Ours: 26.529165267944336, normE: 1.884718418121338
2024-12-24 19:14:27,705 - Step 6, RSE_E: 0.04181327298283577, Loss_X_Ours: 26.50992202758789, normE: 1.886086344718933
2024-12-24 19:14:27,986 - Step 7, RSE_E: 0.03507678955793381, Loss_X_Ours: 26.494367599487305, normE: 1.8871934413909912
2024-12-24 19:14:28,270 - Step 8, RSE_E: 0.03269011154770851, Loss_X_Ours: 26.480958938598633, normE: 1.8881490230560303
2024-12-24 19:14:28,554 - Step 9, RSE_E: 1.5043699741363525, Loss_X_Ours: 26.46930694580078, normE: 1.1416486501693726
2024-12-24 19:14:28,838 - Step 10, RSE_E: 0.06385491788387299, Loss_X_Ours: 26.47365379333496, normE: 1.1317816972732544
2024-12-24 19:14:29,119 - Step 11, RSE_E: 0.06038269028067589, Loss_X_Ours: 26.46302032470703, normE: 1.1310755014419556
2024-12-24 19:14:29,402 - Step 12, RSE_E: 0.05895392969250679, Loss_X_Ours: 26.452072143554688, normE: 1.1347377300262451
2024-12-24 19:14:29,624 - Step 13, RSE_E: 0.045113202184438705, Loss_X_Ours: 26.444765090942383, normE: 1.1335058212280273
2024-12-24 19:14:29,907 - Step 14, RSE_E: 0.08529676496982574, Loss_X_Ours: 26.442068099975586, normE: 1.1202682256698608
2024-12-24 19:14:30,193 - Step 15, RSE_E: 0.07107941061258316, Loss_X_Ours: 26.43181610107422, normE: 1.1170828342437744
2024-12-24 19:14:30,477 - Step 16, RSE_E: 1.527726173400879, Loss_X_Ours: 26.435834884643555, normE: 1.8924723863601685
2024-12-24 19:14:30,759 - Step 17, RSE_E: 1.539575457572937, Loss_X_Ours: 26.408817291259766, normE: 1.1008270978927612
2024-12-24 19:14:31,047 - Step 18, RSE_E: 1.5399013757705688, Loss_X_Ours: 26.429834365844727, normE: 1.8928751945495605
2024-12-24 19:14:31,328 - Step 19, RSE_E: 0.13303154706954956, Loss_X_Ours: 26.443058013916016, normE: 1.8908557891845703
2024-12-24 19:14:33,205 - Comparison Step 0, Loss_X_TNG: 26.404573440551758, normE: 4.435936450958252
2024-12-24 19:14:33,505 - Comparison Step 1, Loss_X_TNG: 26.656543731689453, normE: 5.9642109870910645
2024-12-24 19:14:33,795 - Comparison Step 2, Loss_X_TNG: 26.818140029907227, normE: 5.055038928985596
2024-12-24 19:14:34,082 - Comparison Step 3, Loss_X_TNG: 26.582075119018555, normE: 5.524113655090332
2024-12-24 19:14:34,374 - Comparison Step 4, Loss_X_TNG: 26.532548904418945, normE: 5.232523441314697
2024-12-24 19:14:34,663 - Comparison Step 5, Loss_X_TNG: 26.50550651550293, normE: 5.383162021636963
2024-12-24 19:14:34,951 - Comparison Step 6, Loss_X_TNG: 26.48925018310547, normE: 5.282473087310791
2024-12-24 19:14:35,242 - Comparison Step 7, Loss_X_TNG: 26.47401237487793, normE: 5.327762603759766
2024-12-24 19:14:35,530 - Comparison Step 8, Loss_X_TNG: 26.518259048461914, normE: 5.299922943115234
2024-12-24 19:14:35,817 - Comparison Step 9, Loss_X_TNG: 26.548900604248047, normE: 5.317723274230957
2024-12-24 19:14:36,104 - Comparison Step 10, Loss_X_TNG: 26.551374435424805, normE: 5.311539173126221
2024-12-24 19:14:36,392 - Comparison Step 11, Loss_X_TNG: 26.598224639892578, normE: 5.325585842132568
2024-12-24 19:14:36,679 - Comparison Step 12, Loss_X_TNG: 26.563634872436523, normE: 5.321661472320557
2024-12-24 19:14:36,964 - Comparison Step 13, Loss_X_TNG: 26.470380783081055, normE: 5.3187947273254395
2024-12-24 19:14:37,252 - Comparison Step 14, Loss_X_TNG: 26.440126419067383, normE: 5.314606666564941
2024-12-24 19:14:37,544 - Comparison Step 15, Loss_X_TNG: 26.911529541015625, normE: 5.329441547393799
2024-12-24 19:14:37,832 - Comparison Step 16, Loss_X_TNG: 26.463342666625977, normE: 5.314316272735596
2024-12-24 19:14:38,118 - Comparison Step 17, Loss_X_TNG: 26.484052658081055, normE: 5.319990158081055
2024-12-24 19:14:38,409 - Comparison Step 18, Loss_X_TNG: 26.428590774536133, normE: 5.312521457672119
2024-12-24 19:14:38,698 - Comparison Step 19, Loss_X_TNG: 26.464502334594727, normE: 5.3149847984313965
2024-12-24 19:14:38,699 - Norm2 (Comparison Algorithm): 26.464502334594727
2024-12-24 19:14:38,976 - Norm2 (Original TR Algorithm): 27.020938873291016
2024-12-24 19:14:38,976 - Norm2 (Our Algorithm): 26.443058013916016
2024-12-24 19:14:39,069 - Clipping input data to the valid range for imshow with RGB data ([0..1] for floats or [0..255] for integers). Got range [-0.11516247..1.1798618].
2024-12-24 19:14:39,073 - Clipping input data to the valid range for imshow with RGB data ([0..1] for floats or [0..255] for integers). Got range [-0.04331528..0.031200456].
2024-12-24 19:14:39,075 - Clipping input data to the valid range for imshow with RGB data ([0..1] for floats or [0..255] for integers). Got range [-0.009043519..1.0129303].
2024-12-24 19:14:39,077 - Clipping input data to the valid range for imshow with RGB data ([0..1] for floats or [0..255] for integers). Got range [-0.12647611..1.180797].
2024-12-24 19:14:39,080 - Clipping input data to the valid range for imshow with RGB data ([0..1] for floats or [0..255] for integers). Got range [-0.014526424..0.014521471].
2024-12-24 19:14:39,082 - Clipping input data to the valid range for imshow with RGB data ([0..1] for floats or [0..255] for integers). Got range [-0.013518956..1.0138482].
2024-12-24 19:14:39,084 - Clipping input data to the valid range for imshow with RGB data ([0..1] for floats or [0..255] for integers). Got range [-0.15381059..1.1339777].
