2024-12-24 16:55:46,815 - Norm2 (epsilon): 100.0
2024-12-24 16:55:47,909 - Step 0, RSE_E: 139.2937774658203, Loss_X_Ours: 39.92644500732422, normE: 100.0
2024-12-24 16:55:48,639 - Step 1, RSE_E: 8.618476867675781, Loss_X_Ours: 103.52426147460938, normE: 100.0
2024-12-24 16:55:49,367 - Step 2, RSE_E: 2.6607348918914795, Loss_X_Ours: 103.48323822021484, normE: 100.0
2024-12-24 16:55:49,972 - Step 3, RSE_E: 1.056884527206421, Loss_X_Ours: 103.46073913574219, normE: 100.0
2024-12-24 16:55:50,538 - Step 4, RSE_E: 0.5496392250061035, Loss_X_Ours: 103.44819641113281, normE: 100.0
2024-12-24 16:55:51,104 - Step 5, RSE_E: 0.3543201684951782, Loss_X_Ours: 103.4429931640625, normE: 100.00000762939453
2024-12-24 16:55:51,677 - Step 6, RSE_E: 0.2581121027469635, Loss_X_Ours: 103.4395751953125, normE: 100.00000762939453
2024-12-24 16:55:52,239 - Step 7, RSE_E: 0.20023207366466522, Loss_X_Ours: 103.43373107910156, normE: 100.0
2024-12-24 16:55:52,803 - Step 8, RSE_E: 21.947608947753906, Loss_X_Ours: 103.4337158203125, normE: 100.0
2024-12-24 16:55:53,283 - Step 9, RSE_E: 1.9747039079666138, Loss_X_Ours: 103.4366683959961, normE: 100.0
2024-12-24 16:55:53,843 - Step 10, RSE_E: 1.4795708656311035, Loss_X_Ours: 103.431640625, normE: 100.0
2024-12-24 16:55:54,313 - Step 11, RSE_E: 1.0972427129745483, Loss_X_Ours: 103.43208312988281, normE: 100.00000762939453
2024-12-24 16:55:54,386 - Step 12, RSE_E: 0.24300390481948853, Loss_X_Ours: 103.43002319335938, normE: 100.0
2024-12-24 16:55:54,406 - Step 13, RSE_E: 0.0717596486210823, Loss_X_Ours: 103.4363021850586, normE: 100.0
2024-12-24 16:55:54,485 - Step 14, RSE_E: 0.18222689628601074, Loss_X_Ours: 103.43257904052734, normE: 100.0
2024-12-24 16:55:54,878 - Step 15, RSE_E: 0.6944020986557007, Loss_X_Ours: 103.43061065673828, normE: 100.0
2024-12-24 16:55:55,015 - Step 16, RSE_E: 0.27458155155181885, Loss_X_Ours: 103.43030548095703, normE: 100.0
2024-12-24 16:55:55,295 - Step 17, RSE_E: 0.46666237711906433, Loss_X_Ours: 103.42758178710938, normE: 100.0
2024-12-24 16:55:55,357 - Step 18, RSE_E: 0.12729717791080475, Loss_X_Ours: 103.43048858642578, normE: 100.0
2024-12-24 16:55:55,448 - Step 19, RSE_E: 0.15896572172641754, Loss_X_Ours: 103.42870330810547, normE: 100.00000762939453
2024-12-24 16:55:55,722 - Step 20, RSE_E: 0.42577916383743286, Loss_X_Ours: 103.42950439453125, normE: 100.0
2024-12-24 16:55:55,793 - Step 21, RSE_E: 0.14645971357822418, Loss_X_Ours: 103.42784118652344, normE: 99.99999237060547
2024-12-24 16:55:55,880 - Step 22, RSE_E: 0.14124195277690887, Loss_X_Ours: 103.43206024169922, normE: 100.0
2024-12-24 16:55:55,900 - Step 23, RSE_E: 0.044222671538591385, Loss_X_Ours: 103.4273681640625, normE: 100.0
2024-12-24 16:55:55,951 - Step 24, RSE_E: 0.08672153949737549, Loss_X_Ours: 103.42805480957031, normE: 99.99999237060547
2024-12-24 16:55:55,999 - Step 25, RSE_E: 0.09117017686367035, Loss_X_Ours: 103.4300537109375, normE: 100.0
2024-12-24 16:55:56,426 - Step 26, RSE_E: 0.6414192914962769, Loss_X_Ours: 103.42880249023438, normE: 100.0
2024-12-24 16:55:56,599 - Step 27, RSE_E: 0.27573588490486145, Loss_X_Ours: 103.42939758300781, normE: 100.0
2024-12-24 16:55:56,775 - Step 28, RSE_E: 0.27968329191207886, Loss_X_Ours: 103.42301940917969, normE: 100.0
2024-12-24 16:55:56,972 - Step 29, RSE_E: 0.3427615165710449, Loss_X_Ours: 103.43081665039062, normE: 100.0
2024-12-24 16:55:57,058 - Step 30, RSE_E: 0.18753445148468018, Loss_X_Ours: 103.43194580078125, normE: 100.0
2024-12-24 16:55:57,246 - Step 31, RSE_E: 0.3534661531448364, Loss_X_Ours: 103.4277114868164, normE: 99.99999237060547
2024-12-24 16:55:57,386 - Step 32, RSE_E: 0.25946366786956787, Loss_X_Ours: 103.42449951171875, normE: 100.0
2024-12-24 16:55:57,865 - Step 33, RSE_E: 0.724707305431366, Loss_X_Ours: 103.4277572631836, normE: 100.0
2024-12-24 16:55:58,425 - Step 34, RSE_E: 3.188462734222412, Loss_X_Ours: 103.42767333984375, normE: 100.0
2024-12-24 16:55:58,625 - Step 35, RSE_E: 0.7820374369621277, Loss_X_Ours: 103.43445587158203, normE: 100.0
2024-12-24 16:55:58,766 - Step 36, RSE_E: 0.5476673245429993, Loss_X_Ours: 103.42206573486328, normE: 100.0
2024-12-24 16:55:59,002 - Step 37, RSE_E: 0.7369590401649475, Loss_X_Ours: 103.41535949707031, normE: 100.0
2024-12-24 16:55:59,559 - Step 38, RSE_E: 23.8707218170166, Loss_X_Ours: 103.43499755859375, normE: 100.0
2024-12-24 16:56:00,125 - Step 39, RSE_E: 23.531906127929688, Loss_X_Ours: 103.43001556396484, normE: 100.0
2024-12-24 16:56:00,303 - Step 40, RSE_E: 1.3636709451675415, Loss_X_Ours: 103.43203735351562, normE: 100.0
2024-12-24 16:56:00,399 - Step 41, RSE_E: 0.365535169839859, Loss_X_Ours: 103.43268585205078, normE: 100.0
2024-12-24 16:56:00,524 - Step 42, RSE_E: 0.3567521572113037, Loss_X_Ours: 103.43254089355469, normE: 99.99999237060547
2024-12-24 16:56:00,540 - Step 43, RSE_E: 0.07324385643005371, Loss_X_Ours: 103.43184661865234, normE: 99.99999237060547
2024-12-24 16:56:00,709 - Step 44, RSE_E: 0.39565497636795044, Loss_X_Ours: 103.43147277832031, normE: 99.99999237060547
2024-12-24 16:56:00,813 - Step 45, RSE_E: 0.26086488366127014, Loss_X_Ours: 103.429443359375, normE: 100.0
2024-12-24 16:56:00,908 - Step 46, RSE_E: 0.22227510809898376, Loss_X_Ours: 103.43099212646484, normE: 100.00000762939453
2024-12-24 16:56:01,073 - Step 47, RSE_E: 0.37258532643318176, Loss_X_Ours: 103.42988586425781, normE: 100.0
2024-12-24 16:56:01,156 - Step 48, RSE_E: 0.19045613706111908, Loss_X_Ours: 103.43225860595703, normE: 99.99999237060547
2024-12-24 16:56:01,437 - Step 49, RSE_E: 0.5157560706138611, Loss_X_Ours: 103.42919158935547, normE: 100.0
2024-12-24 16:56:03,610 - Comparison Step 0, Loss_X_TNG: -9936.654296875, normE: 39.73824691772461
2024-12-24 16:56:04,185 - Comparison Step 1, Loss_X_TNG: -10653.1201171875, normE: 39.96049880981445
2024-12-24 16:56:04,752 - Comparison Step 2, Loss_X_TNG: -10755.708984375, normE: 39.36758804321289
2024-12-24 16:56:05,320 - Comparison Step 3, Loss_X_TNG: -10846.189453125, normE: 38.833133697509766
2024-12-24 16:56:05,896 - Comparison Step 4, Loss_X_TNG: -10931.7197265625, normE: 38.439273834228516
2024-12-24 16:56:06,465 - Comparison Step 5, Loss_X_TNG: -11017.1630859375, normE: 37.9681282043457
2024-12-24 16:56:07,043 - Comparison Step 6, Loss_X_TNG: -11112.3837890625, normE: 37.660675048828125
2024-12-24 16:56:07,608 - Comparison Step 7, Loss_X_TNG: -11173.7607421875, normE: 37.170047760009766
2024-12-24 16:56:08,177 - Comparison Step 8, Loss_X_TNG: -11241.884765625, normE: 36.951759338378906
2024-12-24 16:56:08,750 - Comparison Step 9, Loss_X_TNG: -11315.546875, normE: 36.662567138671875
2024-12-24 16:56:09,316 - Comparison Step 10, Loss_X_TNG: -11367.34375, normE: 36.943023681640625
2024-12-24 16:56:09,884 - Comparison Step 11, Loss_X_TNG: -11422.0517578125, normE: 37.086997985839844
2024-12-24 16:56:10,454 - Comparison Step 12, Loss_X_TNG: -11484.2080078125, normE: 36.70515823364258
2024-12-24 16:56:11,037 - Comparison Step 13, Loss_X_TNG: -11527.330078125, normE: 36.649620056152344
2024-12-24 16:56:11,606 - Comparison Step 14, Loss_X_TNG: -11580.5908203125, normE: 36.417633056640625
2024-12-24 16:56:12,185 - Comparison Step 15, Loss_X_TNG: -11625.96484375, normE: 36.23451614379883
2024-12-24 16:56:12,755 - Comparison Step 16, Loss_X_TNG: -11676.6337890625, normE: 36.05731201171875
2024-12-24 16:56:13,325 - Comparison Step 17, Loss_X_TNG: -11714.1484375, normE: 36.11854553222656
2024-12-24 16:56:13,898 - Comparison Step 18, Loss_X_TNG: -11775.8310546875, normE: 35.76713943481445
2024-12-24 16:56:14,464 - Comparison Step 19, Loss_X_TNG: -11810.267578125, normE: 35.92503356933594
2024-12-24 16:56:15,028 - Comparison Step 20, Loss_X_TNG: -11839.3681640625, normE: 35.82608413696289
2024-12-24 16:56:15,607 - Comparison Step 21, Loss_X_TNG: -11871.6015625, normE: 35.5906867980957
2024-12-24 16:56:16,175 - Comparison Step 22, Loss_X_TNG: -11906.3173828125, normE: 35.4647216796875
2024-12-24 16:56:16,751 - Comparison Step 23, Loss_X_TNG: -11939.7451171875, normE: 35.47897720336914
2024-12-24 16:56:17,321 - Comparison Step 24, Loss_X_TNG: -11976.0751953125, normE: 35.48866271972656
2024-12-24 16:56:17,887 - Comparison Step 25, Loss_X_TNG: -12007.451171875, normE: 35.363155364990234
2024-12-24 16:56:18,450 - Comparison Step 26, Loss_X_TNG: -12034.931640625, normE: 35.40104293823242
2024-12-24 16:56:19,018 - Comparison Step 27, Loss_X_TNG: -12069.5546875, normE: 35.31210708618164
2024-12-24 16:56:19,582 - Comparison Step 28, Loss_X_TNG: -12087.7265625, normE: 35.407493591308594
2024-12-24 16:56:20,148 - Comparison Step 29, Loss_X_TNG: -12113.9033203125, normE: 35.40576171875
2024-12-24 16:56:20,726 - Comparison Step 30, Loss_X_TNG: -12139.1787109375, normE: 35.15465545654297
2024-12-24 16:56:21,294 - Comparison Step 31, Loss_X_TNG: -12155.125, normE: 35.366031646728516
2024-12-24 16:56:21,872 - Comparison Step 32, Loss_X_TNG: -12175.8623046875, normE: 35.42133331298828
2024-12-24 16:56:22,441 - Comparison Step 33, Loss_X_TNG: -12204.853515625, normE: 35.04026794433594
2024-12-24 16:56:23,016 - Comparison Step 34, Loss_X_TNG: -12219.96875, normE: 35.165496826171875
2024-12-24 16:56:23,584 - Comparison Step 35, Loss_X_TNG: -12242.896484375, normE: 35.11655044555664
2024-12-24 16:56:24,152 - Comparison Step 36, Loss_X_TNG: -12270.3525390625, normE: 35.325218200683594
2024-12-24 16:56:24,715 - Comparison Step 37, Loss_X_TNG: -12291.90234375, normE: 35.19949722290039
2024-12-24 16:56:25,287 - Comparison Step 38, Loss_X_TNG: -12301.4453125, normE: 35.35933303833008
2024-12-24 16:56:25,862 - Comparison Step 39, Loss_X_TNG: -12318.7529296875, normE: 35.25690841674805
2024-12-24 16:56:26,425 - Comparison Step 40, Loss_X_TNG: -12334.380859375, normE: 35.3154296875
2024-12-24 16:56:26,999 - Comparison Step 41, Loss_X_TNG: -12346.166015625, normE: 35.37052917480469
2024-12-24 16:56:27,561 - Comparison Step 42, Loss_X_TNG: -12492.4892578125, normE: 36.31559753417969
2024-12-24 16:56:28,126 - Comparison Step 43, Loss_X_TNG: -12405.8115234375, normE: 36.26717758178711
2024-12-24 16:56:28,688 - Comparison Step 44, Loss_X_TNG: -12385.892578125, normE: 35.889442443847656
2024-12-24 16:56:29,252 - Comparison Step 45, Loss_X_TNG: -12400.71484375, normE: 35.759857177734375
2024-12-24 16:56:29,823 - Comparison Step 46, Loss_X_TNG: -12404.576171875, normE: 35.50878143310547
2024-12-24 16:56:30,392 - Comparison Step 47, Loss_X_TNG: -12416.7177734375, normE: 35.396705627441406
2024-12-24 16:56:30,968 - Comparison Step 48, Loss_X_TNG: -12430.4775390625, normE: 35.48822784423828
2024-12-24 16:56:31,535 - Comparison Step 49, Loss_X_TNG: -12445.341796875, normE: 35.53380584716797
2024-12-24 16:56:31,535 - Norm2 (Comparison Algorithm): 35.53380584716797
2024-12-24 16:56:32,118 - Norm2 (Original TR Algorithm): 26.809789657592773
2024-12-24 16:56:32,118 - Norm2 (Our Algorithm): 103.42919158935547
2024-12-24 16:56:32,211 - Clipping input data to the valid range for imshow with RGB data ([0..1] for floats or [0..255] for integers). Got range [-0.13403544..1.2067058].
2024-12-24 16:56:32,215 - Clipping input data to the valid range for imshow with RGB data ([0..1] for floats or [0..255] for integers). Got range [-0.037614882..0.45286196].
2024-12-24 16:56:32,217 - Clipping input data to the valid range for imshow with RGB data ([0..1] for floats or [0..255] for integers). Got range [-0.037614882..1.4067693].
2024-12-24 16:56:32,219 - Clipping input data to the valid range for imshow with RGB data ([0..1] for floats or [0..255] for integers). Got range [-0.06708513..1.5245587].
2024-12-24 16:56:32,222 - Clipping input data to the valid range for imshow with RGB data ([0..1] for floats or [0..255] for integers). Got range [-0.31133282..0.3188416].
2024-12-24 16:56:32,224 - Clipping input data to the valid range for imshow with RGB data ([0..1] for floats or [0..255] for integers). Got range [-0.27688387..1.2757887].
2024-12-24 16:56:32,226 - Clipping input data to the valid range for imshow with RGB data ([0..1] for floats or [0..255] for integers). Got range [-0.2886838..1.2036347].
