2024-12-24 18:28:24,779 - Norm2 (epsilon): 100
2024-12-24 18:28:24,779 - Optimization parameters:
2024-12-24 18:28:24,779 - epsilon (Frobenius norm constraint): 100
2024-12-24 18:28:24,779 - inner_tol (Tolerance for inner optimization): 1e-10
2024-12-24 18:28:24,779 - lr (Learning rate): 0.01
2024-12-24 18:28:24,779 - outer_num_steps (Number of outer optimization steps): 3
2024-12-24 18:28:24,779 - inner_num_steps (Number of inner optimization steps): 50
2024-12-24 18:28:24,779 - outer_dis_num (Display loss every outer_dis_num steps): 1
2024-12-24 18:28:24,779 - inner_dis_num (Display loss every inner_dis_num steps): 2000
2024-12-24 18:28:25,261 - Step 0, RSE_E: 128.05772399902344, Loss_X_Ours: 40.10408401489258, normE: 100.0
2024-12-24 18:28:25,446 - Step 1, RSE_E: 49.91585159301758, Loss_X_Ours: 69.45762634277344, normE: 100.0
2024-12-24 18:28:25,625 - Step 2, RSE_E: 30.143985748291016, Loss_X_Ours: 89.93689727783203, normE: 100.0
2024-12-24 18:28:27,679 - Comparison Step 0, Loss_X_TNG: 39.99348068237305, normE: 100.0
2024-12-24 18:28:27,827 - Comparison Step 1, Loss_X_TNG: 39.18846893310547, normE: 100.0
2024-12-24 18:28:27,974 - Comparison Step 2, Loss_X_TNG: 38.650108337402344, normE: 100.0
2024-12-24 18:28:27,974 - Norm2 (Comparison Algorithm): 38.650108337402344
2024-12-24 18:28:28,117 - Norm2 (Original TR Algorithm): 27.438159942626953
2024-12-24 18:28:28,117 - Norm2 (Our Algorithm): 89.93689727783203
2024-12-24 18:28:28,206 - Clipping input data to the valid range for imshow with RGB data ([0..1] for floats or [0..255] for integers). Got range [-0.108243115..1.1577959].
2024-12-24 18:28:28,209 - Clipping input data to the valid range for imshow with RGB data ([0..1] for floats or [0..255] for integers). Got range [-1.1959023..1.1923468].
2024-12-24 18:28:28,211 - Clipping input data to the valid range for imshow with RGB data ([0..1] for floats or [0..255] for integers). Got range [-0.57298505..1.8197368].
2024-12-24 18:28:28,213 - Clipping input data to the valid range for imshow with RGB data ([0..1] for floats or [0..255] for integers). Got range [-0.51460433..1.729127].
2024-12-24 18:28:28,216 - Clipping input data to the valid range for imshow with RGB data ([0..1] for floats or [0..255] for integers). Got range [-0.9772668..1.0430622].
2024-12-24 18:28:28,218 - Clipping input data to the valid range for imshow with RGB data ([0..1] for floats or [0..255] for integers). Got range [-0.8480164..1.8786163].
2024-12-24 18:28:28,220 - Clipping input data to the valid range for imshow with RGB data ([0..1] for floats or [0..255] for integers). Got range [-0.2440586..1.320147].
