2024-12-26 16:06:26,473 - Proposed-ATNMF Experiment
2024-12-26 16:06:26,474 - Optimization parameters:
2024-12-26 16:06:26,474 - epsilon (Frobenius norm constraint): 0.010000000000000002
2024-12-26 16:06:26,474 - inner_tol (Tolerance for inner optimization): 1e-10
2024-12-26 16:06:26,474 - lr (Learning rate): 1e-05
2024-12-26 16:06:26,474 - outer_num_steps (Number of outer optimization steps): 300
2024-12-26 16:06:26,474 - inner_num_steps (Number of inner optimization steps): 100
2024-12-26 16:06:26,474 - outer_dis_num (Display loss every outer_dis_num steps): 10
2024-12-26 16:06:26,474 - inner_dis_num (Display loss every inner_dis_num steps): 2000
2024-12-26 16:06:28,978 - Step 0 norm(X - TN_G_Ours): 48.838841324042484, norm2(E): 0.10000000149011612
2024-12-26 16:06:29,161 - Step 1 norm(X - TN_G_Ours): 48.840373463745394, norm2(E): 0.10000000149011612
2024-12-26 16:06:29,338 - Step 2 norm(X - TN_G_Ours): 48.84198053416753, norm2(E): 0.10000000149011612
2024-12-26 16:06:29,517 - Step 3 norm(X - TN_G_Ours): 48.84361504299974, norm2(E): 0.10000000149011612
2024-12-26 16:06:29,697 - Step 4 norm(X - TN_G_Ours): 48.845249497136365, norm2(E): 0.10000000149011612
2024-12-26 16:06:29,878 - Step 5 norm(X - TN_G_Ours): 48.846826418631075, norm2(E): 0.10000000149011612
2024-12-26 16:06:30,056 - Step 6 norm(X - TN_G_Ours): 48.84837080270052, norm2(E): 0.10000000149011612
2024-12-26 16:06:30,241 - Step 7 norm(X - TN_G_Ours): 48.84994012678649, norm2(E): 0.10000000894069672
2024-12-26 16:06:30,427 - Step 8 norm(X - TN_G_Ours): 48.85146192317329, norm2(E): 0.10000000149011612
2024-12-26 16:06:30,612 - Step 9 norm(X - TN_G_Ours): 48.853033646687436, norm2(E): 0.10000000149011612
2024-12-26 16:06:30,795 - Step 10 norm(X - TN_G_Ours): 48.854535357528476, norm2(E): 0.09999998658895493
2024-12-26 16:06:30,982 - Step 11 norm(X - TN_G_Ours): 48.855994546473006, norm2(E): 0.10000000149011612
2024-12-26 16:06:31,163 - Step 12 norm(X - TN_G_Ours): 48.85753864073844, norm2(E): 0.10000000894069672
2024-12-26 16:06:31,343 - Step 13 norm(X - TN_G_Ours): 48.85889030779736, norm2(E): 0.10000000149011612
2024-12-26 16:06:31,523 - Step 14 norm(X - TN_G_Ours): 48.860369353489084, norm2(E): 0.10000000149011612
2024-12-26 16:06:31,703 - Step 15 norm(X - TN_G_Ours): 48.86177090783755, norm2(E): 0.10000000149011612
2024-12-26 16:06:31,880 - Step 16 norm(X - TN_G_Ours): 48.86295757572269, norm2(E): 0.10000000149011612
2024-12-26 16:06:32,061 - Step 17 norm(X - TN_G_Ours): 48.864396528012854, norm2(E): 0.10000000149011612
2024-12-26 16:06:32,244 - Step 18 norm(X - TN_G_Ours): 48.86578048034355, norm2(E): 0.10000000149011612
2024-12-26 16:06:32,432 - Step 19 norm(X - TN_G_Ours): 48.86703449716255, norm2(E): 0.10000000894069672
2024-12-26 16:06:32,623 - Step 20 norm(X - TN_G_Ours): 48.868313461248846, norm2(E): 0.09999999403953552
2024-12-26 16:06:32,808 - Step 21 norm(X - TN_G_Ours): 48.869484982962526, norm2(E): 0.10000000149011612
2024-12-26 16:06:32,988 - Step 22 norm(X - TN_G_Ours): 48.870728913443166, norm2(E): 0.10000000149011612
2024-12-26 16:06:33,169 - Step 23 norm(X - TN_G_Ours): 48.8719328481338, norm2(E): 0.10000000894069672
2024-12-26 16:06:33,347 - Step 24 norm(X - TN_G_Ours): 48.87304433827123, norm2(E): 0.10000000149011612
2024-12-26 16:06:33,532 - Step 25 norm(X - TN_G_Ours): 48.87407338076217, norm2(E): 0.10000000894069672
2024-12-26 16:06:33,718 - Step 26 norm(X - TN_G_Ours): 48.87517732944173, norm2(E): 0.10000000894069672
2024-12-26 16:06:33,897 - Step 27 norm(X - TN_G_Ours): 48.8762213122662, norm2(E): 0.10000000894069672
2024-12-26 16:06:34,077 - Step 28 norm(X - TN_G_Ours): 48.87723280545606, norm2(E): 0.10000000149011612
2024-12-26 16:06:34,258 - Step 29 norm(X - TN_G_Ours): 48.87818933407952, norm2(E): 0.10000000149011612
2024-12-26 16:06:34,439 - Step 30 norm(X - TN_G_Ours): 48.87916582310402, norm2(E): 0.10000000149011612
2024-12-26 16:06:34,620 - Step 31 norm(X - TN_G_Ours): 48.88006487503367, norm2(E): 0.10000000149011612
2024-12-26 16:06:34,799 - Step 32 norm(X - TN_G_Ours): 48.88099138069291, norm2(E): 0.10000000149011612
2024-12-26 16:06:34,980 - Step 33 norm(X - TN_G_Ours): 48.881778022656356, norm2(E): 0.10000000149011612
2024-12-26 16:06:35,164 - Step 34 norm(X - TN_G_Ours): 48.882634573953, norm2(E): 0.10000000149011612
2024-12-26 16:06:35,343 - Step 35 norm(X - TN_G_Ours): 48.88347113288908, norm2(E): 0.10000000149011612
2024-12-26 16:06:35,523 - Step 36 norm(X - TN_G_Ours): 48.88416783821092, norm2(E): 0.10000000894069672
2024-12-26 16:06:35,704 - Step 37 norm(X - TN_G_Ours): 48.88497440580541, norm2(E): 0.10000000894069672
2024-12-26 16:06:35,884 - Step 38 norm(X - TN_G_Ours): 48.885633633832036, norm2(E): 0.10000000149011612
2024-12-26 16:06:36,063 - Step 39 norm(X - TN_G_Ours): 48.886415207058036, norm2(E): 0.10000000149011612
2024-12-26 16:06:36,255 - Step 40 norm(X - TN_G_Ours): 48.886989518077556, norm2(E): 0.10000000894069672
2024-12-26 16:06:36,442 - Step 41 norm(X - TN_G_Ours): 48.88761625849127, norm2(E): 0.10000000894069672
2024-12-26 16:06:36,622 - Step 42 norm(X - TN_G_Ours): 48.88828793551299, norm2(E): 0.10000000149011612
2024-12-26 16:06:36,801 - Step 43 norm(X - TN_G_Ours): 48.888839752480834, norm2(E): 0.10000001639127731
2024-12-26 16:06:36,986 - Step 44 norm(X - TN_G_Ours): 48.88946646917539, norm2(E): 0.10000000149011612
2024-12-26 16:06:37,166 - Step 45 norm(X - TN_G_Ours): 48.89000578866426, norm2(E): 0.10000000149011612
2024-12-26 16:06:37,344 - Step 46 norm(X - TN_G_Ours): 48.89053261816136, norm2(E): 0.10000000894069672
2024-12-26 16:06:37,531 - Step 47 norm(X - TN_G_Ours): 48.8909520802418, norm2(E): 0.10000000149011612
2024-12-26 16:06:37,711 - Step 48 norm(X - TN_G_Ours): 48.89147889954215, norm2(E): 0.10000000149011612
2024-12-26 16:06:37,891 - Step 49 norm(X - TN_G_Ours): 48.89193580457569, norm2(E): 0.10000000149011612
2024-12-26 16:06:38,083 - Step 50 norm(X - TN_G_Ours): 48.892332784171025, norm2(E): 0.09999999403953552
2024-12-26 16:06:38,270 - Step 51 norm(X - TN_G_Ours): 48.89279717130505, norm2(E): 0.10000000149011612
2024-12-26 16:06:38,450 - Step 52 norm(X - TN_G_Ours): 48.893209123941745, norm2(E): 0.10000001639127731
2024-12-26 16:06:38,630 - Step 53 norm(X - TN_G_Ours): 48.89359610659023, norm2(E): 0.10000000894069672
2024-12-26 16:06:38,806 - Step 54 norm(X - TN_G_Ours): 48.893903193867125, norm2(E): 0.10000000149011612
2024-12-26 16:06:38,985 - Step 55 norm(X - TN_G_Ours): 48.894345096563825, norm2(E): 0.10000000894069672
2024-12-26 16:06:39,166 - Step 56 norm(X - TN_G_Ours): 48.89461473014564, norm2(E): 0.10000000149011612
2024-12-26 16:06:39,343 - Step 57 norm(X - TN_G_Ours): 48.89489934175778, norm2(E): 0.09999999403953552
2024-12-26 16:06:39,522 - Step 58 norm(X - TN_G_Ours): 48.89530378698833, norm2(E): 0.10000000894069672
2024-12-26 16:06:39,707 - Step 59 norm(X - TN_G_Ours): 48.89552847733753, norm2(E): 0.10000000149011612
2024-12-26 16:06:39,890 - Step 60 norm(X - TN_G_Ours): 48.89583305594021, norm2(E): 0.10000000894069672
2024-12-26 16:06:40,072 - Step 61 norm(X - TN_G_Ours): 48.896045261222305, norm2(E): 0.09999998658895493
2024-12-26 16:06:40,252 - Step 62 norm(X - TN_G_Ours): 48.89630989240139, norm2(E): 0.10000000894069672
2024-12-26 16:06:40,442 - Step 63 norm(X - TN_G_Ours): 48.89659948714481, norm2(E): 0.10000000149011612
2024-12-26 16:06:40,630 - Step 64 norm(X - TN_G_Ours): 48.89690405907617, norm2(E): 0.10000000149011612
2024-12-26 16:06:40,809 - Step 65 norm(X - TN_G_Ours): 48.89705384785468, norm2(E): 0.10000000149011612
2024-12-26 16:06:40,990 - Step 66 norm(X - TN_G_Ours): 48.89727603369767, norm2(E): 0.10000000149011612
2024-12-26 16:06:41,170 - Step 67 norm(X - TN_G_Ours): 48.89753316886242, norm2(E): 0.10000000149011612
2024-12-26 16:06:41,349 - Step 68 norm(X - TN_G_Ours): 48.89773038812103, norm2(E): 0.10000000894069672
2024-12-26 16:06:41,537 - Step 69 norm(X - TN_G_Ours): 48.8978926565348, norm2(E): 0.10000000894069672
2024-12-26 16:06:41,714 - Step 70 norm(X - TN_G_Ours): 48.89804993156041, norm2(E): 0.10000000894069672
2024-12-26 16:06:41,894 - Step 71 norm(X - TN_G_Ours): 48.898209702497034, norm2(E): 0.09999998658895493
2024-12-26 16:06:42,073 - Step 72 norm(X - TN_G_Ours): 48.8983619836851, norm2(E): 0.09999998658895493
2024-12-26 16:06:42,259 - Step 73 norm(X - TN_G_Ours): 48.898511767997604, norm2(E): 0.10000000149011612
2024-12-26 16:06:42,436 - Step 74 norm(X - TN_G_Ours): 48.898711479700566, norm2(E): 0.10000000149011612
2024-12-26 16:06:42,616 - Step 75 norm(X - TN_G_Ours): 48.898746429164724, norm2(E): 0.10000000894069672
2024-12-26 16:06:42,795 - Step 76 norm(X - TN_G_Ours): 48.89888872315377, norm2(E): 0.10000000894069672
2024-12-26 16:06:42,974 - Step 77 norm(X - TN_G_Ours): 48.89907095871045, norm2(E): 0.10000000149011612
2024-12-26 16:06:43,141 - Step 78 norm(X - TN_G_Ours): 48.899185791726126, norm2(E): 0.09999999403953552
2024-12-26 16:06:43,291 - Step 79 norm(X - TN_G_Ours): 48.89923571904013, norm2(E): 0.09999998658895493
2024-12-26 16:06:43,437 - Step 80 norm(X - TN_G_Ours): 48.89936802617571, norm2(E): 0.10000000149011612
2024-12-26 16:06:43,584 - Step 81 norm(X - TN_G_Ours): 48.89951031835595, norm2(E): 0.10000000149011612
2024-12-26 16:06:43,730 - Step 82 norm(X - TN_G_Ours): 48.89951031835595, norm2(E): 0.10000000894069672
2024-12-26 16:06:43,878 - Step 83 norm(X - TN_G_Ours): 48.89963763206099, norm2(E): 0.10000000149011612
2024-12-26 16:06:44,036 - Step 84 norm(X - TN_G_Ours): 48.899720011340555, norm2(E): 0.10000000149011612
2024-12-26 16:06:44,180 - Step 85 norm(X - TN_G_Ours): 48.8998298501641, norm2(E): 0.10000000149011612
2024-12-26 16:06:44,337 - Step 86 norm(X - TN_G_Ours): 48.8998947548075, norm2(E): 0.09999999403953552
2024-12-26 16:06:44,493 - Step 87 norm(X - TN_G_Ours): 48.900004593238535, norm2(E): 0.10000000149011612
2024-12-26 16:06:44,640 - Step 88 norm(X - TN_G_Ours): 48.90007698661501, norm2(E): 0.10000000149011612
2024-12-26 16:06:44,789 - Step 89 norm(X - TN_G_Ours): 48.90009446086224, norm2(E): 0.10000000149011612
2024-12-26 16:06:44,941 - Step 90 norm(X - TN_G_Ours): 48.900224269360464, norm2(E): 0.10000000149011612
2024-12-26 16:06:45,096 - Step 91 norm(X - TN_G_Ours): 48.900241743555064, norm2(E): 0.10000000894069672
2024-12-26 16:06:45,251 - Step 92 norm(X - TN_G_Ours): 48.900349084899176, norm2(E): 0.09999998658895493
2024-12-26 16:06:45,397 - Step 93 norm(X - TN_G_Ours): 48.90036406274242, norm2(E): 0.09999998658895493
2024-12-26 16:06:45,553 - Step 94 norm(X - TN_G_Ours): 48.900418981461705, norm2(E): 0.10000000149011612
2024-12-26 16:06:45,699 - Step 95 norm(X - TN_G_Ours): 48.900503855724736, norm2(E): 0.10000000149011612
2024-12-26 16:06:45,846 - Step 96 norm(X - TN_G_Ours): 48.90050884832386, norm2(E): 0.10000000149011612
2024-12-26 16:06:45,990 - Step 97 norm(X - TN_G_Ours): 48.9005512853958, norm2(E): 0.10000000149011612
2024-12-26 16:06:46,135 - Step 98 norm(X - TN_G_Ours): 48.90067610009983, norm2(E): 0.10000000149011612
2024-12-26 16:06:46,290 - Step 99 norm(X - TN_G_Ours): 48.90065862606045, norm2(E): 0.10000000894069672
2024-12-26 16:06:46,436 - Step 100 norm(X - TN_G_Ours): 48.9006561297686, norm2(E): 0.10000000894069672
2024-12-26 16:06:46,588 - Step 101 norm(X - TN_G_Ours): 48.90061868537555, norm2(E): 0.10000000149011612
2024-12-26 16:06:46,735 - Step 102 norm(X - TN_G_Ours): 48.90080341076975, norm2(E): 0.10000000149011612
2024-12-26 16:06:46,887 - Step 103 norm(X - TN_G_Ours): 48.900795921915986, norm2(E): 0.10000000149011612
2024-12-26 16:06:47,039 - Step 104 norm(X - TN_G_Ours): 48.9007634702031, norm2(E): 0.10000000149011612
2024-12-26 16:06:47,190 - Step 105 norm(X - TN_G_Ours): 48.900898269484784, norm2(E): 0.10000000149011612
2024-12-26 16:06:47,338 - Step 106 norm(X - TN_G_Ours): 48.90086581783982, norm2(E): 0.10000000894069672
2024-12-26 16:06:47,483 - Step 107 norm(X - TN_G_Ours): 48.90091574343854, norm2(E): 0.10000000894069672
2024-12-26 16:06:47,630 - Step 108 norm(X - TN_G_Ours): 48.90091075088096, norm2(E): 0.10000000894069672
2024-12-26 16:06:47,779 - Step 109 norm(X - TN_G_Ours): 48.90098314291595, norm2(E): 0.10000000149011612
2024-12-26 16:06:47,926 - Step 110 norm(X - TN_G_Ours): 48.900960676433805, norm2(E): 0.10000000149011612
2024-12-26 16:06:48,072 - Step 111 norm(X - TN_G_Ours): 48.901035564667495, norm2(E): 0.10000000149011612
2024-12-26 16:06:48,223 - Step 112 norm(X - TN_G_Ours): 48.90102807584928, norm2(E): 0.10000000149011612
2024-12-26 16:06:48,377 - Step 113 norm(X - TN_G_Ours): 48.90110296397976, norm2(E): 0.10000000149011612
2024-12-26 16:06:48,521 - Step 114 norm(X - TN_G_Ours): 48.90105054230047, norm2(E): 0.10000000894069672
2024-12-26 16:06:48,664 - Step 115 norm(X - TN_G_Ours): 48.9011054602488, norm2(E): 0.09999998658895493
2024-12-26 16:06:48,815 - Step 116 norm(X - TN_G_Ours): 48.90109297890232, norm2(E): 0.09999999403953552
2024-12-26 16:06:48,962 - Step 117 norm(X - TN_G_Ours): 48.90108798636284, norm2(E): 0.10000000149011612
2024-12-26 16:06:49,107 - Step 118 norm(X - TN_G_Ours): 48.901122934128516, norm2(E): 0.10000000894069672
2024-12-26 16:06:49,261 - Step 119 norm(X - TN_G_Ours): 48.901162874401564, norm2(E): 0.10000000149011612
2024-12-26 16:06:49,410 - Step 120 norm(X - TN_G_Ours): 48.90119282958494, norm2(E): 0.10000000149011612
2024-12-26 16:06:49,568 - Step 121 norm(X - TN_G_Ours): 48.901210303433444, norm2(E): 0.10000000149011612
2024-12-26 16:06:49,714 - Step 122 norm(X - TN_G_Ours): 48.90112792666443, norm2(E): 0.10000000149011612
2024-12-26 16:06:49,864 - Step 123 norm(X - TN_G_Ours): 48.90119282958494, norm2(E): 0.10000000149011612
2024-12-26 16:06:50,011 - Step 124 norm(X - TN_G_Ours): 48.901200318377924, norm2(E): 0.10000000894069672
2024-12-26 16:06:50,155 - Step 125 norm(X - TN_G_Ours): 48.901235266063324, norm2(E): 0.10000000149011612
2024-12-26 16:06:50,304 - Step 126 norm(X - TN_G_Ours): 48.901190333320365, norm2(E): 0.10000000149011612
2024-12-26 16:06:50,451 - Step 127 norm(X - TN_G_Ours): 48.90127270998425, norm2(E): 0.09999999403953552
2024-12-26 16:06:50,608 - Step 128 norm(X - TN_G_Ours): 48.901280198764994, norm2(E): 0.10000000149011612
2024-12-26 16:06:50,757 - Step 129 norm(X - TN_G_Ours): 48.90142248538124, norm2(E): 0.10000000149011612
2024-12-26 16:06:50,904 - Step 130 norm(X - TN_G_Ours): 48.901080497552655, norm2(E): 0.10000000894069672
2024-12-26 16:06:51,062 - Step 131 norm(X - TN_G_Ours): 48.901200318377924, norm2(E): 0.10000000149011612
2024-12-26 16:06:51,210 - Step 132 norm(X - TN_G_Ours): 48.901122934128516, norm2(E): 0.10000000894069672
2024-12-26 16:06:51,356 - Step 133 norm(X - TN_G_Ours): 48.90121279969701, norm2(E): 0.10000000149011612
2024-12-26 16:06:51,506 - Step 134 norm(X - TN_G_Ours): 48.901200318377924, norm2(E): 0.10000000149011612
2024-12-26 16:06:51,654 - Step 135 norm(X - TN_G_Ours): 48.90125523615805, norm2(E): 0.10000000149011612
2024-12-26 16:06:51,807 - Step 136 norm(X - TN_G_Ours): 48.901235266063324, norm2(E): 0.10000000149011612
2024-12-26 16:06:51,955 - Step 137 norm(X - TN_G_Ours): 48.90122777727569, norm2(E): 0.10000000894069672
2024-12-26 16:06:52,103 - Step 138 norm(X - TN_G_Ours): 48.90133511645541, norm2(E): 0.10000000894069672
2024-12-26 16:06:52,249 - Step 139 norm(X - TN_G_Ours): 48.90136257527749, norm2(E): 0.10000000149011612
2024-12-26 16:06:52,402 - Step 140 norm(X - TN_G_Ours): 48.90136257527749, norm2(E): 0.10000000149011612
2024-12-26 16:06:52,549 - Step 141 norm(X - TN_G_Ours): 48.90133262019809, norm2(E): 0.10000000149011612
2024-12-26 16:06:52,695 - Step 142 norm(X - TN_G_Ours): 48.90135508650936, norm2(E): 0.10000000894069672
2024-12-26 16:06:52,840 - Step 143 norm(X - TN_G_Ours): 48.901325131425374, norm2(E): 0.10000000149011612
2024-12-26 16:06:52,987 - Step 144 norm(X - TN_G_Ours): 48.90140750786218, norm2(E): 0.10000000149011612
2024-12-26 16:06:53,133 - Step 145 norm(X - TN_G_Ours): 48.90130765761791, norm2(E): 0.10000000149011612
2024-12-26 16:06:53,283 - Step 146 norm(X - TN_G_Ours): 48.901357582765534, norm2(E): 0.10000001639127731
2024-12-26 16:06:53,428 - Step 147 norm(X - TN_G_Ours): 48.901385041575, norm2(E): 0.10000000149011612
2024-12-26 16:06:53,581 - Step 148 norm(X - TN_G_Ours): 48.9013376127126, norm2(E): 0.09999999403953552
2024-12-26 16:06:53,728 - Step 149 norm(X - TN_G_Ours): 48.90129268006368, norm2(E): 0.10000000149011612
2024-12-26 16:06:53,875 - Step 150 norm(X - TN_G_Ours): 48.90128768754459, norm2(E): 0.10000000149011612
2024-12-26 16:06:54,024 - Step 151 norm(X - TN_G_Ours): 48.90142248538124, norm2(E): 0.10000000149011612
2024-12-26 16:06:54,174 - Step 152 norm(X - TN_G_Ours): 48.901357582765534, norm2(E): 0.10000000894069672
2024-12-26 16:06:54,319 - Step 153 norm(X - TN_G_Ours): 48.90136257527749, norm2(E): 0.10000000149011612
2024-12-26 16:06:54,465 - Step 154 norm(X - TN_G_Ours): 48.90136007902157, norm2(E): 0.09999999403953552
2024-12-26 16:06:54,611 - Step 155 norm(X - TN_G_Ours): 48.9013201389096, norm2(E): 0.10000001639127731
2024-12-26 16:06:54,760 - Step 156 norm(X - TN_G_Ours): 48.90142498163397, norm2(E): 0.10000000149011612
2024-12-26 16:06:54,912 - Step 157 norm(X - TN_G_Ours): 48.90139253033854, norm2(E): 0.10000000149011612
2024-12-26 16:06:55,057 - Step 158 norm(X - TN_G_Ours): 48.9013376127126, norm2(E): 0.10000000149011612
2024-12-26 16:06:55,204 - Step 159 norm(X - TN_G_Ours): 48.90127520624462, norm2(E): 0.10000000149011612
2024-12-26 16:06:55,350 - Step 160 norm(X - TN_G_Ours): 48.9013376127126, norm2(E): 0.10000000149011612
2024-12-26 16:06:55,500 - Step 161 norm(X - TN_G_Ours): 48.90141250036905, norm2(E): 0.10000000149011612
2024-12-26 16:06:55,655 - Step 162 norm(X - TN_G_Ours): 48.90134010896966, norm2(E): 0.10000000149011612
2024-12-26 16:06:55,810 - Step 163 norm(X - TN_G_Ours): 48.90136756778894, norm2(E): 0.10000000149011612
2024-12-26 16:06:55,959 - Step 164 norm(X - TN_G_Ours): 48.90136507153328, norm2(E): 0.10000000149011612
2024-12-26 16:06:56,104 - Step 165 norm(X - TN_G_Ours): 48.90136756778894, norm2(E): 0.10000000149011612
2024-12-26 16:06:56,251 - Step 166 norm(X - TN_G_Ours): 48.9013376127126, norm2(E): 0.10000000149011612
2024-12-26 16:06:56,407 - Step 167 norm(X - TN_G_Ours): 48.90137505655516, norm2(E): 0.10000000894069672
2024-12-26 16:06:56,555 - Step 168 norm(X - TN_G_Ours): 48.901414996622286, norm2(E): 0.10000000149011612
2024-12-26 16:06:56,703 - Step 169 norm(X - TN_G_Ours): 48.901342605226596, norm2(E): 0.10000000149011612
2024-12-26 16:06:56,849 - Step 170 norm(X - TN_G_Ours): 48.90135508650936, norm2(E): 0.10000000149011612
2024-12-26 16:06:56,995 - Step 171 norm(X - TN_G_Ours): 48.90135259025306, norm2(E): 0.10000000149011612
2024-12-26 16:06:57,142 - Step 172 norm(X - TN_G_Ours): 48.90138254532023, norm2(E): 0.10000000894069672
2024-12-26 16:06:57,287 - Step 173 norm(X - TN_G_Ours): 48.90131265013497, norm2(E): 0.09999999403953552
2024-12-26 16:06:57,429 - Step 174 norm(X - TN_G_Ours): 48.901347597740084, norm2(E): 0.10000000149011612
2024-12-26 16:06:57,584 - Step 175 norm(X - TN_G_Ours): 48.90136007902157, norm2(E): 0.10000000149011612
2024-12-26 16:06:57,736 - Step 176 norm(X - TN_G_Ours): 48.901347597740084, norm2(E): 0.10000000149011612
2024-12-26 16:06:57,884 - Step 177 norm(X - TN_G_Ours): 48.90133262019809, norm2(E): 0.10000000149011612
2024-12-26 16:06:58,031 - Step 178 norm(X - TN_G_Ours): 48.90138753782964, norm2(E): 0.10000000149011612
2024-12-26 16:06:58,177 - Step 179 norm(X - TN_G_Ours): 48.901372560299876, norm2(E): 0.09999999403953552
2024-12-26 16:06:58,323 - Step 180 norm(X - TN_G_Ours): 48.90136257527749, norm2(E): 0.10000000149011612
2024-12-26 16:06:58,478 - Step 181 norm(X - TN_G_Ours): 48.90133511645541, norm2(E): 0.10000000894069672
2024-12-26 16:06:58,625 - Step 182 norm(X - TN_G_Ours): 48.901280198764994, norm2(E): 0.10000000149011612
2024-12-26 16:06:58,772 - Step 183 norm(X - TN_G_Ours): 48.90137006404447, norm2(E): 0.10000000149011612
2024-12-26 16:06:58,918 - Step 184 norm(X - TN_G_Ours): 48.9013201389096, norm2(E): 0.10000000149011612
2024-12-26 16:06:59,071 - Step 185 norm(X - TN_G_Ours): 48.90131764265151, norm2(E): 0.10000000149011612
2024-12-26 16:06:59,220 - Step 186 norm(X - TN_G_Ours): 48.90135259025306, norm2(E): 0.10000000149011612
2024-12-26 16:06:59,364 - Step 187 norm(X - TN_G_Ours): 48.90136756778894, norm2(E): 0.10000000149011612
2024-12-26 16:06:59,521 - Step 188 norm(X - TN_G_Ours): 48.9013201389096, norm2(E): 0.09999999403953552
2024-12-26 16:06:59,667 - Step 189 norm(X - TN_G_Ours): 48.90137006404447, norm2(E): 0.10000000149011612
2024-12-26 16:06:59,816 - Step 190 norm(X - TN_G_Ours): 48.90135508650936, norm2(E): 0.10000000894069672
2024-12-26 16:06:59,964 - Step 191 norm(X - TN_G_Ours): 48.9013101538765, norm2(E): 0.10000000149011612
2024-12-26 16:07:00,118 - Step 192 norm(X - TN_G_Ours): 48.9013151463933, norm2(E): 0.10000000149011612
2024-12-26 16:07:00,269 - Step 193 norm(X - TN_G_Ours): 48.90136507153328, norm2(E): 0.09999999403953552
2024-12-26 16:07:00,424 - Step 194 norm(X - TN_G_Ours): 48.90129767258227, norm2(E): 0.10000000894069672
2024-12-26 16:07:00,578 - Step 195 norm(X - TN_G_Ours): 48.901342605226596, norm2(E): 0.10000000149011612
2024-12-26 16:07:00,725 - Step 196 norm(X - TN_G_Ours): 48.90125773241932, norm2(E): 0.10000000149011612
2024-12-26 16:07:00,873 - Step 197 norm(X - TN_G_Ours): 48.90127770250487, norm2(E): 0.10000000149011612
2024-12-26 16:07:01,019 - Step 198 norm(X - TN_G_Ours): 48.901322635167546, norm2(E): 0.10000000149011612
2024-12-26 16:07:01,176 - Step 199 norm(X - TN_G_Ours): 48.90135259025306, norm2(E): 0.10000000149011612
2024-12-26 16:07:01,323 - Step 200 norm(X - TN_G_Ours): 48.90130016884137, norm2(E): 0.10000000149011612
2024-12-26 16:07:01,467 - Step 201 norm(X - TN_G_Ours): 48.90133511645541, norm2(E): 0.10000000149011612
2024-12-26 16:07:01,614 - Step 202 norm(X - TN_G_Ours): 48.90123776232561, norm2(E): 0.10000000149011612
2024-12-26 16:07:01,761 - Step 203 norm(X - TN_G_Ours): 48.9013151463933, norm2(E): 0.10000000894069672
2024-12-26 16:07:01,907 - Step 204 norm(X - TN_G_Ours): 48.90131764265151, norm2(E): 0.10000000894069672
2024-12-26 16:07:02,060 - Step 205 norm(X - TN_G_Ours): 48.90130516135919, norm2(E): 0.10000000149011612
2024-12-26 16:07:02,208 - Step 206 norm(X - TN_G_Ours): 48.90135259025306, norm2(E): 0.09999999403953552
2024-12-26 16:07:02,353 - Step 207 norm(X - TN_G_Ours): 48.901302665100346, norm2(E): 0.10000000149011612
2024-12-26 16:07:02,497 - Step 208 norm(X - TN_G_Ours): 48.90136507153328, norm2(E): 0.10000000894069672
2024-12-26 16:07:02,646 - Step 209 norm(X - TN_G_Ours): 48.9012901838042, norm2(E): 0.10000000149011612
2024-12-26 16:07:02,792 - Step 210 norm(X - TN_G_Ours): 48.901327627683074, norm2(E): 0.10000000149011612
2024-12-26 16:07:02,943 - Step 211 norm(X - TN_G_Ours): 48.90131265013497, norm2(E): 0.10000000149011612
2024-12-26 16:07:03,088 - Step 212 norm(X - TN_G_Ours): 48.901302665100346, norm2(E): 0.10000000149011612
2024-12-26 16:07:03,232 - Step 213 norm(X - TN_G_Ours): 48.901385041575, norm2(E): 0.10000000149011612
2024-12-26 16:07:03,380 - Step 214 norm(X - TN_G_Ours): 48.90129268006368, norm2(E): 0.10000000149011612
2024-12-26 16:07:03,527 - Step 215 norm(X - TN_G_Ours): 48.90130016884137, norm2(E): 0.10000000149011612
2024-12-26 16:07:03,675 - Step 216 norm(X - TN_G_Ours): 48.90130765761791, norm2(E): 0.10000000149011612
2024-12-26 16:07:03,831 - Step 217 norm(X - TN_G_Ours): 48.901280198764994, norm2(E): 0.10000000149011612
2024-12-26 16:07:03,976 - Step 218 norm(X - TN_G_Ours): 48.90139253033854, norm2(E): 0.10000000149011612
2024-12-26 16:07:04,122 - Step 219 norm(X - TN_G_Ours): 48.9013101538765, norm2(E): 0.10000000149011612
2024-12-26 16:07:04,273 - Step 220 norm(X - TN_G_Ours): 48.90129517632304, norm2(E): 0.10000000149011612
2024-12-26 16:07:04,429 - Step 221 norm(X - TN_G_Ours): 48.90124025858777, norm2(E): 0.10000000149011612
2024-12-26 16:07:04,578 - Step 222 norm(X - TN_G_Ours): 48.90124774737348, norm2(E): 0.10000000149011612
2024-12-26 16:07:04,725 - Step 223 norm(X - TN_G_Ours): 48.90123027353837, norm2(E): 0.10000000894069672
2024-12-26 16:07:04,876 - Step 224 norm(X - TN_G_Ours): 48.90125024363513, norm2(E): 0.10000000149011612
2024-12-26 16:07:05,022 - Step 225 norm(X - TN_G_Ours): 48.901280198764994, norm2(E): 0.10000000149011612
2024-12-26 16:07:05,169 - Step 226 norm(X - TN_G_Ours): 48.9012252810129, norm2(E): 0.10000000149011612
2024-12-26 16:07:05,315 - Step 227 norm(X - TN_G_Ours): 48.90126522120236, norm2(E): 0.09999998658895493
2024-12-26 16:07:05,469 - Step 228 norm(X - TN_G_Ours): 48.9012901838042, norm2(E): 0.09999998658895493
2024-12-26 16:07:05,614 - Step 229 norm(X - TN_G_Ours): 48.90120531090594, norm2(E): 0.10000000149011612
2024-12-26 16:07:05,760 - Step 230 norm(X - TN_G_Ours): 48.90123776232561, norm2(E): 0.10000000149011612
2024-12-26 16:07:05,906 - Step 231 norm(X - TN_G_Ours): 48.9012901838042, norm2(E): 0.10000000149011612
2024-12-26 16:07:06,050 - Step 232 norm(X - TN_G_Ours): 48.90123776232561, norm2(E): 0.10000000149011612
2024-12-26 16:07:06,199 - Step 233 norm(X - TN_G_Ours): 48.90125523615805, norm2(E): 0.10000000149011612
2024-12-26 16:07:06,349 - Step 234 norm(X - TN_G_Ours): 48.90125773241932, norm2(E): 0.10000000149011612
2024-12-26 16:07:06,496 - Step 235 norm(X - TN_G_Ours): 48.90126022868046, norm2(E): 0.10000000149011612
2024-12-26 16:07:06,643 - Step 236 norm(X - TN_G_Ours): 48.90131265013497, norm2(E): 0.10000000894069672
2024-12-26 16:07:06,795 - Step 237 norm(X - TN_G_Ours): 48.90121279969701, norm2(E): 0.10000000894069672
2024-12-26 16:07:06,953 - Step 238 norm(X - TN_G_Ours): 48.901235266063324, norm2(E): 0.10000000149011612
2024-12-26 16:07:07,098 - Step 239 norm(X - TN_G_Ours): 48.90126272494147, norm2(E): 0.10000000149011612
2024-12-26 16:07:07,245 - Step 240 norm(X - TN_G_Ours): 48.90127770250487, norm2(E): 0.10000000149011612
2024-12-26 16:07:07,389 - Step 241 norm(X - TN_G_Ours): 48.90121779222374, norm2(E): 0.10000000149011612
2024-12-26 16:07:07,536 - Step 242 norm(X - TN_G_Ours): 48.90126522120236, norm2(E): 0.10000000894069672
2024-12-26 16:07:07,682 - Step 243 norm(X - TN_G_Ours): 48.90125773241932, norm2(E): 0.10000000149011612
2024-12-26 16:07:07,827 - Step 244 norm(X - TN_G_Ours): 48.901280198764994, norm2(E): 0.09999999403953552
2024-12-26 16:07:07,975 - Step 245 norm(X - TN_G_Ours): 48.901207807169754, norm2(E): 0.10000000149011612
2024-12-26 16:07:08,129 - Step 246 norm(X - TN_G_Ours): 48.901210303433444, norm2(E): 0.10000000149011612
2024-12-26 16:07:08,281 - Step 247 norm(X - TN_G_Ours): 48.90127021372374, norm2(E): 0.10000000894069672
2024-12-26 16:07:08,435 - Step 248 norm(X - TN_G_Ours): 48.901235266063324, norm2(E): 0.10000000149011612
2024-12-26 16:07:08,587 - Step 249 norm(X - TN_G_Ours): 48.90128768754459, norm2(E): 0.09999998658895493
2024-12-26 16:07:08,735 - Step 250 norm(X - TN_G_Ours): 48.9012252810129, norm2(E): 0.10000000149011612
2024-12-26 16:07:08,880 - Step 251 norm(X - TN_G_Ours): 48.901232769800906, norm2(E): 0.09999999403953552
2024-12-26 16:07:09,026 - Step 252 norm(X - TN_G_Ours): 48.90125024363513, norm2(E): 0.10000000149011612
2024-12-26 16:07:09,182 - Step 253 norm(X - TN_G_Ours): 48.90125523615805, norm2(E): 0.10000000149011612
2024-12-26 16:07:09,330 - Step 254 norm(X - TN_G_Ours): 48.901207807169754, norm2(E): 0.10000000894069672
2024-12-26 16:07:09,475 - Step 255 norm(X - TN_G_Ours): 48.90124025858777, norm2(E): 0.09999998658895493
2024-12-26 16:07:09,629 - Step 256 norm(X - TN_G_Ours): 48.90127520624462, norm2(E): 0.10000000149011612
2024-12-26 16:07:09,777 - Step 257 norm(X - TN_G_Ours): 48.9012427548498, norm2(E): 0.10000000149011612
2024-12-26 16:07:09,925 - Step 258 norm(X - TN_G_Ours): 48.90126522120236, norm2(E): 0.10000000894069672
2024-12-26 16:07:10,080 - Step 259 norm(X - TN_G_Ours): 48.901167866933406, norm2(E): 0.10000000149011612
2024-12-26 16:07:10,227 - Step 260 norm(X - TN_G_Ours): 48.90126272494147, norm2(E): 0.10000000149011612
2024-12-26 16:07:10,372 - Step 261 norm(X - TN_G_Ours): 48.90125523615805, norm2(E): 0.10000000149011612
2024-12-26 16:07:10,517 - Step 262 norm(X - TN_G_Ours): 48.90126272494147, norm2(E): 0.10000000149011612
2024-12-26 16:07:10,668 - Step 263 norm(X - TN_G_Ours): 48.90130765761791, norm2(E): 0.10000000149011612
2024-12-26 16:07:10,814 - Step 264 norm(X - TN_G_Ours): 48.90123776232561, norm2(E): 0.10000000894069672
2024-12-26 16:07:10,964 - Step 265 norm(X - TN_G_Ours): 48.90124025858777, norm2(E): 0.10000000149011612
2024-12-26 16:07:11,115 - Step 266 norm(X - TN_G_Ours): 48.90122777727569, norm2(E): 0.10000000894069672
2024-12-26 16:07:11,263 - Step 267 norm(X - TN_G_Ours): 48.90121279969701, norm2(E): 0.10000000149011612
2024-12-26 16:07:11,412 - Step 268 norm(X - TN_G_Ours): 48.90121279969701, norm2(E): 0.09999998658895493
2024-12-26 16:07:11,558 - Step 269 norm(X - TN_G_Ours): 48.901252739896655, norm2(E): 0.10000000149011612
2024-12-26 16:07:11,712 - Step 270 norm(X - TN_G_Ours): 48.90123027353837, norm2(E): 0.10000000894069672
2024-12-26 16:07:11,856 - Step 271 norm(X - TN_G_Ours): 48.90126272494147, norm2(E): 0.10000000149011612
2024-12-26 16:07:12,003 - Step 272 norm(X - TN_G_Ours): 48.90125024363513, norm2(E): 0.10000000149011612
2024-12-26 16:07:12,150 - Step 273 norm(X - TN_G_Ours): 48.90124774737348, norm2(E): 0.10000000149011612
2024-12-26 16:07:12,299 - Step 274 norm(X - TN_G_Ours): 48.901280198764994, norm2(E): 0.10000000149011612
2024-12-26 16:07:12,454 - Step 275 norm(X - TN_G_Ours): 48.90120531090594, norm2(E): 0.10000000149011612
2024-12-26 16:07:12,611 - Step 276 norm(X - TN_G_Ours): 48.9012427548498, norm2(E): 0.09999998658895493
2024-12-26 16:07:12,758 - Step 277 norm(X - TN_G_Ours): 48.9013201389096, norm2(E): 0.10000000149011612
2024-12-26 16:07:12,910 - Step 278 norm(X - TN_G_Ours): 48.901215295960434, norm2(E): 0.10000000149011612
2024-12-26 16:07:13,055 - Step 279 norm(X - TN_G_Ours): 48.90123027353837, norm2(E): 0.10000000149011612
2024-12-26 16:07:13,202 - Step 280 norm(X - TN_G_Ours): 48.90118534079082, norm2(E): 0.10000000149011612
2024-12-26 16:07:13,349 - Step 281 norm(X - TN_G_Ours): 48.9012427548498, norm2(E): 0.10000001639127731
2024-12-26 16:07:13,496 - Step 282 norm(X - TN_G_Ours): 48.9012252810129, norm2(E): 0.10000000894069672
2024-12-26 16:07:13,652 - Step 283 norm(X - TN_G_Ours): 48.90127021372374, norm2(E): 0.10000000149011612
2024-12-26 16:07:13,807 - Step 284 norm(X - TN_G_Ours): 48.90118783705566, norm2(E): 0.10000000149011612
2024-12-26 16:07:13,964 - Step 285 norm(X - TN_G_Ours): 48.901252739896655, norm2(E): 0.10000000894069672
2024-12-26 16:07:14,109 - Step 286 norm(X - TN_G_Ours): 48.9011953258494, norm2(E): 0.10000000149011612
2024-12-26 16:07:14,256 - Step 287 norm(X - TN_G_Ours): 48.901207807169754, norm2(E): 0.10000000894069672
2024-12-26 16:07:14,558 - Step 288 norm(X - TN_G_Ours): 48.90127021372374, norm2(E): 0.09999998658895493
2024-12-26 16:07:14,711 - Step 289 norm(X - TN_G_Ours): 48.90127770250487, norm2(E): 0.10000000149011612
2024-12-26 16:07:14,866 - Step 290 norm(X - TN_G_Ours): 48.90128269502498, norm2(E): 0.10000000149011612
2024-12-26 16:07:15,007 - Step 291 norm(X - TN_G_Ours): 48.90127770250487, norm2(E): 0.10000000149011612
2024-12-26 16:07:15,151 - Step 292 norm(X - TN_G_Ours): 48.901222784749976, norm2(E): 0.10000000894069672
2024-12-26 16:07:15,304 - Step 293 norm(X - TN_G_Ours): 48.90120531090594, norm2(E): 0.10000000149011612
2024-12-26 16:07:15,452 - Step 294 norm(X - TN_G_Ours): 48.90118783705566, norm2(E): 0.10000000149011612
2024-12-26 16:07:15,607 - Step 295 norm(X - TN_G_Ours): 48.9012427548498, norm2(E): 0.09999999403953552
2024-12-26 16:07:15,754 - Step 296 norm(X - TN_G_Ours): 48.90126272494147, norm2(E): 0.10000000149011612
2024-12-26 16:07:15,910 - Step 297 norm(X - TN_G_Ours): 48.90121779222374, norm2(E): 0.10000000149011612
2024-12-26 16:07:16,057 - Step 298 norm(X - TN_G_Ours): 48.9012452511117, norm2(E): 0.10000000149011612
2024-12-26 16:07:16,204 - Step 299 norm(X - TN_G_Ours): 48.90125523615805, norm2(E): 0.10000000149011612
2024-12-26 16:07:16,303 - Step 0 norm(X - TN_G_ATR): 15.756866455078125, norm2(E): 0.10000000149011612
2024-12-26 16:07:16,396 - Step 1 norm(X - TN_G_ATR): 15.756830215454102, norm2(E): 0.10000000149011612
2024-12-26 16:07:16,488 - Step 2 norm(X - TN_G_ATR): 15.756793975830078, norm2(E): 0.10000000149011612
2024-12-26 16:07:16,578 - Step 3 norm(X - TN_G_ATR): 15.756757736206055, norm2(E): 0.10000000894069672
2024-12-26 16:07:16,662 - Step 4 norm(X - TN_G_ATR): 15.756722450256348, norm2(E): 0.10000000149011612
2024-12-26 16:07:16,755 - Step 5 norm(X - TN_G_ATR): 15.756686210632324, norm2(E): 0.10000000149011612
2024-12-26 16:07:16,840 - Step 6 norm(X - TN_G_ATR): 15.756650924682617, norm2(E): 0.10000000149011612
2024-12-26 16:07:16,934 - Step 7 norm(X - TN_G_ATR): 15.756614685058594, norm2(E): 0.10000000894069672
2024-12-26 16:07:17,018 - Step 8 norm(X - TN_G_ATR): 15.756579399108887, norm2(E): 0.10000000894069672
2024-12-26 16:07:17,103 - Step 9 norm(X - TN_G_ATR): 15.756546020507812, norm2(E): 0.10000000149011612
2024-12-26 16:07:17,191 - Step 10 norm(X - TN_G_ATR): 15.756511688232422, norm2(E): 0.10000000894069672
2024-12-26 16:07:17,280 - Step 11 norm(X - TN_G_ATR): 15.756478309631348, norm2(E): 0.09999999403953552
2024-12-26 16:07:17,367 - Step 12 norm(X - TN_G_ATR): 15.756443977355957, norm2(E): 0.09999998658895493
2024-12-26 16:07:17,455 - Step 13 norm(X - TN_G_ATR): 15.7564115524292, norm2(E): 0.10000000149011612
2024-12-26 16:07:17,545 - Step 14 norm(X - TN_G_ATR): 15.756379127502441, norm2(E): 0.10000000149011612
2024-12-26 16:07:17,634 - Step 15 norm(X - TN_G_ATR): 15.756346702575684, norm2(E): 0.10000000149011612
2024-12-26 16:07:17,719 - Step 16 norm(X - TN_G_ATR): 15.756315231323242, norm2(E): 0.10000000149011612
2024-12-26 16:07:17,807 - Step 17 norm(X - TN_G_ATR): 15.756284713745117, norm2(E): 0.10000000149011612
2024-12-26 16:07:17,903 - Step 18 norm(X - TN_G_ATR): 15.756254196166992, norm2(E): 0.10000000149011612
2024-12-26 16:07:17,988 - Step 19 norm(X - TN_G_ATR): 15.7562255859375, norm2(E): 0.09999999403953552
2024-12-26 16:07:18,073 - Step 20 norm(X - TN_G_ATR): 15.756196022033691, norm2(E): 0.10000000149011612
2024-12-26 16:07:18,162 - Step 21 norm(X - TN_G_ATR): 15.7561674118042, norm2(E): 0.10000000894069672
2024-12-26 16:07:18,247 - Step 22 norm(X - TN_G_ATR): 15.756138801574707, norm2(E): 0.10000000149011612
2024-12-26 16:07:18,335 - Step 23 norm(X - TN_G_ATR): 15.756112098693848, norm2(E): 0.10000000149011612
2024-12-26 16:07:18,427 - Step 24 norm(X - TN_G_ATR): 15.756085395812988, norm2(E): 0.10000000149011612
2024-12-26 16:07:18,512 - Step 25 norm(X - TN_G_ATR): 15.756059646606445, norm2(E): 0.10000000149011612
2024-12-26 16:07:18,596 - Step 26 norm(X - TN_G_ATR): 15.756034851074219, norm2(E): 0.10000000149011612
2024-12-26 16:07:18,681 - Step 27 norm(X - TN_G_ATR): 15.756010055541992, norm2(E): 0.10000000149011612
2024-12-26 16:07:18,765 - Step 28 norm(X - TN_G_ATR): 15.755986213684082, norm2(E): 0.10000000149011612
2024-12-26 16:07:18,849 - Step 29 norm(X - TN_G_ATR): 15.755962371826172, norm2(E): 0.10000000149011612
2024-12-26 16:07:18,933 - Step 30 norm(X - TN_G_ATR): 15.755940437316895, norm2(E): 0.10000000894069672
2024-12-26 16:07:19,018 - Step 31 norm(X - TN_G_ATR): 15.755918502807617, norm2(E): 0.10000000149011612
2024-12-26 16:07:19,114 - Step 32 norm(X - TN_G_ATR): 15.75589656829834, norm2(E): 0.10000000149011612
2024-12-26 16:07:19,199 - Step 33 norm(X - TN_G_ATR): 15.755876541137695, norm2(E): 0.10000000149011612
2024-12-26 16:07:19,286 - Step 34 norm(X - TN_G_ATR): 15.75585651397705, norm2(E): 0.10000000894069672
2024-12-26 16:07:19,371 - Step 35 norm(X - TN_G_ATR): 15.755837440490723, norm2(E): 0.09999998658895493
2024-12-26 16:07:19,456 - Step 36 norm(X - TN_G_ATR): 15.755818367004395, norm2(E): 0.10000000149011612
2024-12-26 16:07:19,546 - Step 37 norm(X - TN_G_ATR): 15.75579833984375, norm2(E): 0.10000000149011612
2024-12-26 16:07:19,630 - Step 38 norm(X - TN_G_ATR): 15.755781173706055, norm2(E): 0.10000000149011612
2024-12-26 16:07:19,715 - Step 39 norm(X - TN_G_ATR): 15.75576400756836, norm2(E): 0.10000000149011612
2024-12-26 16:07:19,807 - Step 40 norm(X - TN_G_ATR): 15.75574779510498, norm2(E): 0.10000000894069672
2024-12-26 16:07:19,900 - Step 41 norm(X - TN_G_ATR): 15.755730628967285, norm2(E): 0.09999999403953552
2024-12-26 16:07:19,991 - Step 42 norm(X - TN_G_ATR): 15.755715370178223, norm2(E): 0.10000000149011612
2024-12-26 16:07:20,075 - Step 43 norm(X - TN_G_ATR): 15.75570011138916, norm2(E): 0.10000000149011612
2024-12-26 16:07:20,159 - Step 44 norm(X - TN_G_ATR): 15.755685806274414, norm2(E): 0.10000000149011612
2024-12-26 16:07:20,243 - Step 45 norm(X - TN_G_ATR): 15.755671501159668, norm2(E): 0.10000000149011612
2024-12-26 16:07:20,328 - Step 46 norm(X - TN_G_ATR): 15.755658149719238, norm2(E): 0.10000000149011612
2024-12-26 16:07:20,418 - Step 47 norm(X - TN_G_ATR): 15.755643844604492, norm2(E): 0.10000000894069672
2024-12-26 16:07:20,503 - Step 48 norm(X - TN_G_ATR): 15.755632400512695, norm2(E): 0.10000000149011612
2024-12-26 16:07:20,588 - Step 49 norm(X - TN_G_ATR): 15.755620002746582, norm2(E): 0.10000000149011612
2024-12-26 16:07:20,677 - Step 50 norm(X - TN_G_ATR): 15.755607604980469, norm2(E): 0.10000000149011612
2024-12-26 16:07:20,765 - Step 51 norm(X - TN_G_ATR): 15.755597114562988, norm2(E): 0.10000000894069672
2024-12-26 16:07:20,851 - Step 52 norm(X - TN_G_ATR): 15.755584716796875, norm2(E): 0.10000000149011612
2024-12-26 16:07:20,936 - Step 53 norm(X - TN_G_ATR): 15.755574226379395, norm2(E): 0.10000000149011612
2024-12-26 16:07:21,020 - Step 54 norm(X - TN_G_ATR): 15.75556468963623, norm2(E): 0.10000000894069672
2024-12-26 16:07:21,105 - Step 55 norm(X - TN_G_ATR): 15.75555419921875, norm2(E): 0.10000000894069672
2024-12-26 16:07:21,194 - Step 56 norm(X - TN_G_ATR): 15.755544662475586, norm2(E): 0.10000000894069672
2024-12-26 16:07:21,284 - Step 57 norm(X - TN_G_ATR): 15.755536079406738, norm2(E): 0.10000000149011612
2024-12-26 16:07:21,370 - Step 58 norm(X - TN_G_ATR): 15.75552749633789, norm2(E): 0.09999999403953552
2024-12-26 16:07:21,459 - Step 59 norm(X - TN_G_ATR): 15.755518913269043, norm2(E): 0.10000000149011612
2024-12-26 16:07:21,553 - Step 60 norm(X - TN_G_ATR): 15.755510330200195, norm2(E): 0.10000000149011612
2024-12-26 16:07:21,641 - Step 61 norm(X - TN_G_ATR): 15.755502700805664, norm2(E): 0.10000000149011612
2024-12-26 16:07:21,727 - Step 62 norm(X - TN_G_ATR): 15.755495071411133, norm2(E): 0.10000000149011612
2024-12-26 16:07:21,816 - Step 63 norm(X - TN_G_ATR): 15.755488395690918, norm2(E): 0.09999999403953552
2024-12-26 16:07:21,901 - Step 64 norm(X - TN_G_ATR): 15.755481719970703, norm2(E): 0.10000000149011612
2024-12-26 16:07:21,986 - Step 65 norm(X - TN_G_ATR): 15.755474090576172, norm2(E): 0.10000000149011612
2024-12-26 16:07:22,074 - Step 66 norm(X - TN_G_ATR): 15.755467414855957, norm2(E): 0.10000000149011612
2024-12-26 16:07:22,159 - Step 67 norm(X - TN_G_ATR): 15.755461692810059, norm2(E): 0.10000000894069672
2024-12-26 16:07:22,244 - Step 68 norm(X - TN_G_ATR): 15.755455017089844, norm2(E): 0.10000000894069672
2024-12-26 16:07:22,329 - Step 69 norm(X - TN_G_ATR): 15.755449295043945, norm2(E): 0.10000000149011612
2024-12-26 16:07:22,420 - Step 70 norm(X - TN_G_ATR): 15.755443572998047, norm2(E): 0.10000000149011612
2024-12-26 16:07:22,511 - Step 71 norm(X - TN_G_ATR): 15.755438804626465, norm2(E): 0.10000000149011612
2024-12-26 16:07:22,607 - Step 72 norm(X - TN_G_ATR): 15.755434036254883, norm2(E): 0.10000000149011612
2024-12-26 16:07:22,691 - Step 73 norm(X - TN_G_ATR): 15.755428314208984, norm2(E): 0.09999998658895493
2024-12-26 16:07:22,776 - Step 74 norm(X - TN_G_ATR): 15.755423545837402, norm2(E): 0.10000000149011612
2024-12-26 16:07:22,860 - Step 75 norm(X - TN_G_ATR): 15.75541877746582, norm2(E): 0.10000000894069672
2024-12-26 16:07:22,945 - Step 76 norm(X - TN_G_ATR): 15.755414962768555, norm2(E): 0.10000000149011612
2024-12-26 16:07:23,029 - Step 77 norm(X - TN_G_ATR): 15.755410194396973, norm2(E): 0.10000000149011612
2024-12-26 16:07:23,114 - Step 78 norm(X - TN_G_ATR): 15.755407333374023, norm2(E): 0.10000000894069672
2024-12-26 16:07:23,199 - Step 79 norm(X - TN_G_ATR): 15.755402565002441, norm2(E): 0.10000001639127731
2024-12-26 16:07:23,283 - Step 80 norm(X - TN_G_ATR): 15.755399703979492, norm2(E): 0.10000000149011612
2024-12-26 16:07:23,374 - Step 81 norm(X - TN_G_ATR): 15.75539493560791, norm2(E): 0.10000000894069672
2024-12-26 16:07:23,459 - Step 82 norm(X - TN_G_ATR): 15.755392074584961, norm2(E): 0.10000000149011612
2024-12-26 16:07:23,543 - Step 83 norm(X - TN_G_ATR): 15.755388259887695, norm2(E): 0.10000000149011612
2024-12-26 16:07:23,630 - Step 84 norm(X - TN_G_ATR): 15.755385398864746, norm2(E): 0.10000000149011612
2024-12-26 16:07:23,721 - Step 85 norm(X - TN_G_ATR): 15.755382537841797, norm2(E): 0.09999999403953552
2024-12-26 16:07:23,810 - Step 86 norm(X - TN_G_ATR): 15.755378723144531, norm2(E): 0.09999998658895493
2024-12-26 16:07:23,895 - Step 87 norm(X - TN_G_ATR): 15.755375862121582, norm2(E): 0.10000000894069672
2024-12-26 16:07:23,981 - Step 88 norm(X - TN_G_ATR): 15.755373001098633, norm2(E): 0.10000000149011612
2024-12-26 16:07:24,070 - Step 89 norm(X - TN_G_ATR): 15.75537109375, norm2(E): 0.10000000149011612
2024-12-26 16:07:24,160 - Step 90 norm(X - TN_G_ATR): 15.75536823272705, norm2(E): 0.10000000149011612
2024-12-26 16:07:24,253 - Step 91 norm(X - TN_G_ATR): 15.755365371704102, norm2(E): 0.10000000149011612
2024-12-26 16:07:24,338 - Step 92 norm(X - TN_G_ATR): 15.755363464355469, norm2(E): 0.10000000149011612
2024-12-26 16:07:24,423 - Step 93 norm(X - TN_G_ATR): 15.75536060333252, norm2(E): 0.10000000149011612
2024-12-26 16:07:24,514 - Step 94 norm(X - TN_G_ATR): 15.755358695983887, norm2(E): 0.10000000149011612
2024-12-26 16:07:24,602 - Step 95 norm(X - TN_G_ATR): 15.755355834960938, norm2(E): 0.10000000149011612
2024-12-26 16:07:24,689 - Step 96 norm(X - TN_G_ATR): 15.755354881286621, norm2(E): 0.10000000894069672
2024-12-26 16:07:24,779 - Step 97 norm(X - TN_G_ATR): 15.755352020263672, norm2(E): 0.10000000149011612
2024-12-26 16:07:24,869 - Step 98 norm(X - TN_G_ATR): 15.755350112915039, norm2(E): 0.09999999403953552
2024-12-26 16:07:24,954 - Step 99 norm(X - TN_G_ATR): 15.755348205566406, norm2(E): 0.10000000149011612
2024-12-26 16:07:25,038 - Step 100 norm(X - TN_G_ATR): 15.755346298217773, norm2(E): 0.10000000894069672
2024-12-26 16:07:25,123 - Step 101 norm(X - TN_G_ATR): 15.75534439086914, norm2(E): 0.10000000149011612
2024-12-26 16:07:25,219 - Step 102 norm(X - TN_G_ATR): 15.755342483520508, norm2(E): 0.10000000149011612
2024-12-26 16:07:25,308 - Step 103 norm(X - TN_G_ATR): 15.755341529846191, norm2(E): 0.10000000149011612
2024-12-26 16:07:25,397 - Step 104 norm(X - TN_G_ATR): 15.755339622497559, norm2(E): 0.10000000149011612
2024-12-26 16:07:25,483 - Step 105 norm(X - TN_G_ATR): 15.755337715148926, norm2(E): 0.10000000149011612
2024-12-26 16:07:25,582 - Step 106 norm(X - TN_G_ATR): 15.755335807800293, norm2(E): 0.10000000149011612
2024-12-26 16:07:25,667 - Step 107 norm(X - TN_G_ATR): 15.75533390045166, norm2(E): 0.10000000894069672
2024-12-26 16:07:25,756 - Step 108 norm(X - TN_G_ATR): 15.755331993103027, norm2(E): 0.09999999403953552
2024-12-26 16:07:25,843 - Step 109 norm(X - TN_G_ATR): 15.755331039428711, norm2(E): 0.09999998658895493
2024-12-26 16:07:25,929 - Step 110 norm(X - TN_G_ATR): 15.755331039428711, norm2(E): 0.10000000894069672
2024-12-26 16:07:26,013 - Step 111 norm(X - TN_G_ATR): 15.755329132080078, norm2(E): 0.10000000149011612
2024-12-26 16:07:26,099 - Step 112 norm(X - TN_G_ATR): 15.755328178405762, norm2(E): 0.10000000149011612
2024-12-26 16:07:26,188 - Step 113 norm(X - TN_G_ATR): 15.755327224731445, norm2(E): 0.10000000149011612
2024-12-26 16:07:26,286 - Step 114 norm(X - TN_G_ATR): 15.755325317382812, norm2(E): 0.10000000894069672
2024-12-26 16:07:26,379 - Step 115 norm(X - TN_G_ATR): 15.75532341003418, norm2(E): 0.10000000149011612
2024-12-26 16:07:26,473 - Step 116 norm(X - TN_G_ATR): 15.75532341003418, norm2(E): 0.10000000149011612
2024-12-26 16:07:26,558 - Step 117 norm(X - TN_G_ATR): 15.755321502685547, norm2(E): 0.10000000149011612
2024-12-26 16:07:26,646 - Step 118 norm(X - TN_G_ATR): 15.75532054901123, norm2(E): 0.10000000149011612
2024-12-26 16:07:26,730 - Step 119 norm(X - TN_G_ATR): 15.755318641662598, norm2(E): 0.10000000149011612
2024-12-26 16:07:26,815 - Step 120 norm(X - TN_G_ATR): 15.755318641662598, norm2(E): 0.10000000149011612
2024-12-26 16:07:26,906 - Step 121 norm(X - TN_G_ATR): 15.755317687988281, norm2(E): 0.10000000894069672
2024-12-26 16:07:26,991 - Step 122 norm(X - TN_G_ATR): 15.755316734313965, norm2(E): 0.10000000149011612
2024-12-26 16:07:27,075 - Step 123 norm(X - TN_G_ATR): 15.755315780639648, norm2(E): 0.10000000894069672
2024-12-26 16:07:27,160 - Step 124 norm(X - TN_G_ATR): 15.755314826965332, norm2(E): 0.10000000149011612
2024-12-26 16:07:27,244 - Step 125 norm(X - TN_G_ATR): 15.755313873291016, norm2(E): 0.10000000149011612
2024-12-26 16:07:27,330 - Step 126 norm(X - TN_G_ATR): 15.7553129196167, norm2(E): 0.10000000149011612
2024-12-26 16:07:27,414 - Step 127 norm(X - TN_G_ATR): 15.755311965942383, norm2(E): 0.10000000149011612
2024-12-26 16:07:27,506 - Step 128 norm(X - TN_G_ATR): 15.755311012268066, norm2(E): 0.09999998658895493
2024-12-26 16:07:27,592 - Step 129 norm(X - TN_G_ATR): 15.75531005859375, norm2(E): 0.09999999403953552
2024-12-26 16:07:27,678 - Step 130 norm(X - TN_G_ATR): 15.75531005859375, norm2(E): 0.10000000894069672
2024-12-26 16:07:27,771 - Step 131 norm(X - TN_G_ATR): 15.755309104919434, norm2(E): 0.10000000149011612
2024-12-26 16:07:27,867 - Step 132 norm(X - TN_G_ATR): 15.7553071975708, norm2(E): 0.10000000149011612
2024-12-26 16:07:27,952 - Step 133 norm(X - TN_G_ATR): 15.7553071975708, norm2(E): 0.10000000894069672
2024-12-26 16:07:28,037 - Step 134 norm(X - TN_G_ATR): 15.755306243896484, norm2(E): 0.10000000149011612
2024-12-26 16:07:28,122 - Step 135 norm(X - TN_G_ATR): 15.755305290222168, norm2(E): 0.10000000149011612
2024-12-26 16:07:28,213 - Step 136 norm(X - TN_G_ATR): 15.755304336547852, norm2(E): 0.10000000149011612
2024-12-26 16:07:28,304 - Step 137 norm(X - TN_G_ATR): 15.755303382873535, norm2(E): 0.10000000149011612
2024-12-26 16:07:28,395 - Step 138 norm(X - TN_G_ATR): 15.755303382873535, norm2(E): 0.10000000149011612
2024-12-26 16:07:28,484 - Step 139 norm(X - TN_G_ATR): 15.755302429199219, norm2(E): 0.10000000149011612
2024-12-26 16:07:28,585 - Step 140 norm(X - TN_G_ATR): 15.755301475524902, norm2(E): 0.10000000894069672
2024-12-26 16:07:28,669 - Step 141 norm(X - TN_G_ATR): 15.755300521850586, norm2(E): 0.09999998658895493
2024-12-26 16:07:28,755 - Step 142 norm(X - TN_G_ATR): 15.75529956817627, norm2(E): 0.10000000149011612
2024-12-26 16:07:28,839 - Step 143 norm(X - TN_G_ATR): 15.75529956817627, norm2(E): 0.10000000894069672
2024-12-26 16:07:28,931 - Step 144 norm(X - TN_G_ATR): 15.755297660827637, norm2(E): 0.10000000149011612
2024-12-26 16:07:29,016 - Step 145 norm(X - TN_G_ATR): 15.755297660827637, norm2(E): 0.10000000149011612
2024-12-26 16:07:29,101 - Step 146 norm(X - TN_G_ATR): 15.75529670715332, norm2(E): 0.10000000149011612
2024-12-26 16:07:29,187 - Step 147 norm(X - TN_G_ATR): 15.755295753479004, norm2(E): 0.10000000149011612
2024-12-26 16:07:29,276 - Step 148 norm(X - TN_G_ATR): 15.755295753479004, norm2(E): 0.10000000149011612
2024-12-26 16:07:29,361 - Step 149 norm(X - TN_G_ATR): 15.755294799804688, norm2(E): 0.10000000149011612
2024-12-26 16:07:29,446 - Step 150 norm(X - TN_G_ATR): 15.755294799804688, norm2(E): 0.10000000149011612
2024-12-26 16:07:29,531 - Step 151 norm(X - TN_G_ATR): 15.755293846130371, norm2(E): 0.10000000149011612
2024-12-26 16:07:29,615 - Step 152 norm(X - TN_G_ATR): 15.755293846130371, norm2(E): 0.10000000149011612
2024-12-26 16:07:29,705 - Step 153 norm(X - TN_G_ATR): 15.755291938781738, norm2(E): 0.10000000149011612
2024-12-26 16:07:29,794 - Step 154 norm(X - TN_G_ATR): 15.755292892456055, norm2(E): 0.10000000149011612
2024-12-26 16:07:29,883 - Step 155 norm(X - TN_G_ATR): 15.755290985107422, norm2(E): 0.10000000149011612
2024-12-26 16:07:29,969 - Step 156 norm(X - TN_G_ATR): 15.755290985107422, norm2(E): 0.09999999403953552
2024-12-26 16:07:30,060 - Step 157 norm(X - TN_G_ATR): 15.755290985107422, norm2(E): 0.10000000149011612
2024-12-26 16:07:30,151 - Step 158 norm(X - TN_G_ATR): 15.755290031433105, norm2(E): 0.10000000149011612
2024-12-26 16:07:30,236 - Step 159 norm(X - TN_G_ATR): 15.755290031433105, norm2(E): 0.10000000149011612
2024-12-26 16:07:30,322 - Step 160 norm(X - TN_G_ATR): 15.755289077758789, norm2(E): 0.10000000149011612
2024-12-26 16:07:30,414 - Step 161 norm(X - TN_G_ATR): 15.755288124084473, norm2(E): 0.10000000149011612
2024-12-26 16:07:30,501 - Step 162 norm(X - TN_G_ATR): 15.755288124084473, norm2(E): 0.10000000149011612
2024-12-26 16:07:30,599 - Step 163 norm(X - TN_G_ATR): 15.755288124084473, norm2(E): 0.10000000149011612
2024-12-26 16:07:30,684 - Step 164 norm(X - TN_G_ATR): 15.755287170410156, norm2(E): 0.10000000149011612
2024-12-26 16:07:30,784 - Step 165 norm(X - TN_G_ATR): 15.755287170410156, norm2(E): 0.10000000894069672
2024-12-26 16:07:30,876 - Step 166 norm(X - TN_G_ATR): 15.75528621673584, norm2(E): 0.10000000149011612
2024-12-26 16:07:30,960 - Step 167 norm(X - TN_G_ATR): 15.755285263061523, norm2(E): 0.10000000149011612
2024-12-26 16:07:31,046 - Step 168 norm(X - TN_G_ATR): 15.75528621673584, norm2(E): 0.10000000149011612
2024-12-26 16:07:31,137 - Step 169 norm(X - TN_G_ATR): 15.755285263061523, norm2(E): 0.10000000149011612
2024-12-26 16:07:31,231 - Step 170 norm(X - TN_G_ATR): 15.755285263061523, norm2(E): 0.10000000894069672
2024-12-26 16:07:31,316 - Step 171 norm(X - TN_G_ATR): 15.755284309387207, norm2(E): 0.10000000149011612
2024-12-26 16:07:31,402 - Step 172 norm(X - TN_G_ATR): 15.755284309387207, norm2(E): 0.10000000149011612
2024-12-26 16:07:31,486 - Step 173 norm(X - TN_G_ATR): 15.755284309387207, norm2(E): 0.10000000149011612
2024-12-26 16:07:31,570 - Step 174 norm(X - TN_G_ATR): 15.75528335571289, norm2(E): 0.10000000894069672
2024-12-26 16:07:31,658 - Step 175 norm(X - TN_G_ATR): 15.75528335571289, norm2(E): 0.09999998658895493
2024-12-26 16:07:31,742 - Step 176 norm(X - TN_G_ATR): 15.75528335571289, norm2(E): 0.10000000149011612
2024-12-26 16:07:31,832 - Step 177 norm(X - TN_G_ATR): 15.755282402038574, norm2(E): 0.10000000149011612
2024-12-26 16:07:31,922 - Step 178 norm(X - TN_G_ATR): 15.755282402038574, norm2(E): 0.10000000149011612
2024-12-26 16:07:32,006 - Step 179 norm(X - TN_G_ATR): 15.755282402038574, norm2(E): 0.10000000149011612
2024-12-26 16:07:32,095 - Step 180 norm(X - TN_G_ATR): 15.755282402038574, norm2(E): 0.10000000149011612
2024-12-26 16:07:32,180 - Step 181 norm(X - TN_G_ATR): 15.755281448364258, norm2(E): 0.10000000149011612
2024-12-26 16:07:32,264 - Step 182 norm(X - TN_G_ATR): 15.755281448364258, norm2(E): 0.10000000894069672
2024-12-26 16:07:32,350 - Step 183 norm(X - TN_G_ATR): 15.755281448364258, norm2(E): 0.10000000149011612
2024-12-26 16:07:32,448 - Step 184 norm(X - TN_G_ATR): 15.755280494689941, norm2(E): 0.10000000149011612
2024-12-26 16:07:32,532 - Step 185 norm(X - TN_G_ATR): 15.755280494689941, norm2(E): 0.10000000149011612
2024-12-26 16:07:32,618 - Step 186 norm(X - TN_G_ATR): 15.755280494689941, norm2(E): 0.10000000149011612
2024-12-26 16:07:32,703 - Step 187 norm(X - TN_G_ATR): 15.755280494689941, norm2(E): 0.10000000149011612
2024-12-26 16:07:32,795 - Step 188 norm(X - TN_G_ATR): 15.755279541015625, norm2(E): 0.09999999403953552
2024-12-26 16:07:32,884 - Step 189 norm(X - TN_G_ATR): 15.755279541015625, norm2(E): 0.10000000149011612
2024-12-26 16:07:32,968 - Step 190 norm(X - TN_G_ATR): 15.755279541015625, norm2(E): 0.10000000149011612
2024-12-26 16:07:33,053 - Step 191 norm(X - TN_G_ATR): 15.755278587341309, norm2(E): 0.10000000894069672
2024-12-26 16:07:33,138 - Step 192 norm(X - TN_G_ATR): 15.755279541015625, norm2(E): 0.10000000149011612
2024-12-26 16:07:33,227 - Step 193 norm(X - TN_G_ATR): 15.755278587341309, norm2(E): 0.10000000149011612
2024-12-26 16:07:33,316 - Step 194 norm(X - TN_G_ATR): 15.755278587341309, norm2(E): 0.10000000894069672
2024-12-26 16:07:33,407 - Step 195 norm(X - TN_G_ATR): 15.755278587341309, norm2(E): 0.10000000149011612
2024-12-26 16:07:33,493 - Step 196 norm(X - TN_G_ATR): 15.755276679992676, norm2(E): 0.10000000149011612
2024-12-26 16:07:33,592 - Step 197 norm(X - TN_G_ATR): 15.755277633666992, norm2(E): 0.10000000149011612
2024-12-26 16:07:33,684 - Step 198 norm(X - TN_G_ATR): 15.755276679992676, norm2(E): 0.10000001639127731
2024-12-26 16:07:33,769 - Step 199 norm(X - TN_G_ATR): 15.755277633666992, norm2(E): 0.10000000149011612
2024-12-26 16:07:33,854 - Step 200 norm(X - TN_G_ATR): 15.755277633666992, norm2(E): 0.10000000149011612
2024-12-26 16:07:33,949 - Step 201 norm(X - TN_G_ATR): 15.755276679992676, norm2(E): 0.10000000894069672
2024-12-26 16:07:34,040 - Step 202 norm(X - TN_G_ATR): 15.755277633666992, norm2(E): 0.10000000149011612
2024-12-26 16:07:34,125 - Step 203 norm(X - TN_G_ATR): 15.75527572631836, norm2(E): 0.10000000149011612
2024-12-26 16:07:34,209 - Step 204 norm(X - TN_G_ATR): 15.755276679992676, norm2(E): 0.10000000894069672
2024-12-26 16:07:34,294 - Step 205 norm(X - TN_G_ATR): 15.755276679992676, norm2(E): 0.10000000149011612
2024-12-26 16:07:34,379 - Step 206 norm(X - TN_G_ATR): 15.75527572631836, norm2(E): 0.10000000149011612
2024-12-26 16:07:34,469 - Step 207 norm(X - TN_G_ATR): 15.75527572631836, norm2(E): 0.10000000149011612
2024-12-26 16:07:34,553 - Step 208 norm(X - TN_G_ATR): 15.75527572631836, norm2(E): 0.10000000149011612
2024-12-26 16:07:34,638 - Step 209 norm(X - TN_G_ATR): 15.75527572631836, norm2(E): 0.09999999403953552
2024-12-26 16:07:34,722 - Step 210 norm(X - TN_G_ATR): 15.75527572631836, norm2(E): 0.10000000149011612
2024-12-26 16:07:34,811 - Step 211 norm(X - TN_G_ATR): 15.75527572631836, norm2(E): 0.10000000894069672
2024-12-26 16:07:34,898 - Step 212 norm(X - TN_G_ATR): 15.75527572631836, norm2(E): 0.10000000149011612
2024-12-26 16:07:34,982 - Step 213 norm(X - TN_G_ATR): 15.755274772644043, norm2(E): 0.10000000894069672
2024-12-26 16:07:35,071 - Step 214 norm(X - TN_G_ATR): 15.75527572631836, norm2(E): 0.10000000149011612
2024-12-26 16:07:35,155 - Step 215 norm(X - TN_G_ATR): 15.755274772644043, norm2(E): 0.09999998658895493
2024-12-26 16:07:35,247 - Step 216 norm(X - TN_G_ATR): 15.755274772644043, norm2(E): 0.10000000149011612
2024-12-26 16:07:35,338 - Step 217 norm(X - TN_G_ATR): 15.755274772644043, norm2(E): 0.09999999403953552
2024-12-26 16:07:35,422 - Step 218 norm(X - TN_G_ATR): 15.755273818969727, norm2(E): 0.10000000894069672
2024-12-26 16:07:35,509 - Step 219 norm(X - TN_G_ATR): 15.755274772644043, norm2(E): 0.10000000149011612
2024-12-26 16:07:35,610 - Step 220 norm(X - TN_G_ATR): 15.755274772644043, norm2(E): 0.10000000894069672
2024-12-26 16:07:35,695 - Step 221 norm(X - TN_G_ATR): 15.75527286529541, norm2(E): 0.10000000149011612
2024-12-26 16:07:35,794 - Step 222 norm(X - TN_G_ATR): 15.75527286529541, norm2(E): 0.10000000149011612
2024-12-26 16:07:35,881 - Step 223 norm(X - TN_G_ATR): 15.75527286529541, norm2(E): 0.09999998658895493
2024-12-26 16:07:35,966 - Step 224 norm(X - TN_G_ATR): 15.755273818969727, norm2(E): 0.10000000149011612
2024-12-26 16:07:36,050 - Step 225 norm(X - TN_G_ATR): 15.755271911621094, norm2(E): 0.10000000149011612
2024-12-26 16:07:36,137 - Step 226 norm(X - TN_G_ATR): 15.755271911621094, norm2(E): 0.10000000149011612
2024-12-26 16:07:36,229 - Step 227 norm(X - TN_G_ATR): 15.755271911621094, norm2(E): 0.10000000894069672
2024-12-26 16:07:36,321 - Step 228 norm(X - TN_G_ATR): 15.75527286529541, norm2(E): 0.10000000149011612
2024-12-26 16:07:36,415 - Step 229 norm(X - TN_G_ATR): 15.75527286529541, norm2(E): 0.10000000149011612
2024-12-26 16:07:36,500 - Step 230 norm(X - TN_G_ATR): 15.75527286529541, norm2(E): 0.10000000149011612
2024-12-26 16:07:36,586 - Step 231 norm(X - TN_G_ATR): 15.755271911621094, norm2(E): 0.09999998658895493
2024-12-26 16:07:36,694 - Step 232 norm(X - TN_G_ATR): 15.755271911621094, norm2(E): 0.10000000149011612
2024-12-26 16:07:36,796 - Step 233 norm(X - TN_G_ATR): 15.755271911621094, norm2(E): 0.10000000149011612
2024-12-26 16:07:36,902 - Step 234 norm(X - TN_G_ATR): 15.755271911621094, norm2(E): 0.10000000149011612
2024-12-26 16:07:37,003 - Step 235 norm(X - TN_G_ATR): 15.755271911621094, norm2(E): 0.10000001639127731
2024-12-26 16:07:37,112 - Step 236 norm(X - TN_G_ATR): 15.755271911621094, norm2(E): 0.10000000149011612
2024-12-26 16:07:37,214 - Step 237 norm(X - TN_G_ATR): 15.755271911621094, norm2(E): 0.10000000149011612
2024-12-26 16:07:37,319 - Step 238 norm(X - TN_G_ATR): 15.755271911621094, norm2(E): 0.10000000149011612
2024-12-26 16:07:37,420 - Step 239 norm(X - TN_G_ATR): 15.755270957946777, norm2(E): 0.10000000149011612
2024-12-26 16:07:37,530 - Step 240 norm(X - TN_G_ATR): 15.755270957946777, norm2(E): 0.10000000894069672
2024-12-26 16:07:37,632 - Step 241 norm(X - TN_G_ATR): 15.755270957946777, norm2(E): 0.10000000149011612
2024-12-26 16:07:37,741 - Step 242 norm(X - TN_G_ATR): 15.755270957946777, norm2(E): 0.10000000894069672
2024-12-26 16:07:37,849 - Step 243 norm(X - TN_G_ATR): 15.755270957946777, norm2(E): 0.10000000149011612
2024-12-26 16:07:37,952 - Step 244 norm(X - TN_G_ATR): 15.755270957946777, norm2(E): 0.10000000894069672
2024-12-26 16:07:38,062 - Step 245 norm(X - TN_G_ATR): 15.755270957946777, norm2(E): 0.10000000894069672
2024-12-26 16:07:38,173 - Step 246 norm(X - TN_G_ATR): 15.755270957946777, norm2(E): 0.09999999403953552
2024-12-26 16:07:38,280 - Step 247 norm(X - TN_G_ATR): 15.755270004272461, norm2(E): 0.10000000149011612
2024-12-26 16:07:38,388 - Step 248 norm(X - TN_G_ATR): 15.755270957946777, norm2(E): 0.10000000149011612
2024-12-26 16:07:38,496 - Step 249 norm(X - TN_G_ATR): 15.755270957946777, norm2(E): 0.10000000894069672
2024-12-26 16:07:38,604 - Step 250 norm(X - TN_G_ATR): 15.755270957946777, norm2(E): 0.10000000894069672
2024-12-26 16:07:38,715 - Step 251 norm(X - TN_G_ATR): 15.755270957946777, norm2(E): 0.10000000149011612
2024-12-26 16:07:38,828 - Step 252 norm(X - TN_G_ATR): 15.755270957946777, norm2(E): 0.10000000149011612
2024-12-26 16:07:38,931 - Step 253 norm(X - TN_G_ATR): 15.755270957946777, norm2(E): 0.10000000149011612
2024-12-26 16:07:39,041 - Step 254 norm(X - TN_G_ATR): 15.755270004272461, norm2(E): 0.10000000149011612
2024-12-26 16:07:39,148 - Step 255 norm(X - TN_G_ATR): 15.755270004272461, norm2(E): 0.10000000894069672
2024-12-26 16:07:39,255 - Step 256 norm(X - TN_G_ATR): 15.755270004272461, norm2(E): 0.10000000894069672
2024-12-26 16:07:39,360 - Step 257 norm(X - TN_G_ATR): 15.755270004272461, norm2(E): 0.10000000149011612
2024-12-26 16:07:39,477 - Step 258 norm(X - TN_G_ATR): 15.755270004272461, norm2(E): 0.10000000894069672
2024-12-26 16:07:39,586 - Step 259 norm(X - TN_G_ATR): 15.755270004272461, norm2(E): 0.10000000894069672
2024-12-26 16:07:39,688 - Step 260 norm(X - TN_G_ATR): 15.755270004272461, norm2(E): 0.10000000149011612
2024-12-26 16:07:39,796 - Step 261 norm(X - TN_G_ATR): 15.755270004272461, norm2(E): 0.10000000149011612
2024-12-26 16:07:39,898 - Step 262 norm(X - TN_G_ATR): 15.755269050598145, norm2(E): 0.10000000894069672
2024-12-26 16:07:40,005 - Step 263 norm(X - TN_G_ATR): 15.755270004272461, norm2(E): 0.10000000149011612
2024-12-26 16:07:40,106 - Step 264 norm(X - TN_G_ATR): 15.755270004272461, norm2(E): 0.10000000894069672
2024-12-26 16:07:40,220 - Step 265 norm(X - TN_G_ATR): 15.755270004272461, norm2(E): 0.10000000894069672
2024-12-26 16:07:40,329 - Step 266 norm(X - TN_G_ATR): 15.755270004272461, norm2(E): 0.10000000149011612
2024-12-26 16:07:40,436 - Step 267 norm(X - TN_G_ATR): 15.755270004272461, norm2(E): 0.10000000149011612
2024-12-26 16:07:40,537 - Step 268 norm(X - TN_G_ATR): 15.755270004272461, norm2(E): 0.10000000149011612
2024-12-26 16:07:40,639 - Step 269 norm(X - TN_G_ATR): 15.755270004272461, norm2(E): 0.10000000149011612
2024-12-26 16:07:40,743 - Step 270 norm(X - TN_G_ATR): 15.755270004272461, norm2(E): 0.10000000149011612
2024-12-26 16:07:40,854 - Step 271 norm(X - TN_G_ATR): 15.755270957946777, norm2(E): 0.10000000149011612
2024-12-26 16:07:40,961 - Step 272 norm(X - TN_G_ATR): 15.755270004272461, norm2(E): 0.09999998658895493
2024-12-26 16:07:41,063 - Step 273 norm(X - TN_G_ATR): 15.755270004272461, norm2(E): 0.09999999403953552
2024-12-26 16:07:41,171 - Step 274 norm(X - TN_G_ATR): 15.755270004272461, norm2(E): 0.10000000149011612
2024-12-26 16:07:41,278 - Step 275 norm(X - TN_G_ATR): 15.755270004272461, norm2(E): 0.10000000149011612
2024-12-26 16:07:41,380 - Step 276 norm(X - TN_G_ATR): 15.755270004272461, norm2(E): 0.10000000149011612
2024-12-26 16:07:41,482 - Step 277 norm(X - TN_G_ATR): 15.755270004272461, norm2(E): 0.10000000149011612
2024-12-26 16:07:41,599 - Step 278 norm(X - TN_G_ATR): 15.755270004272461, norm2(E): 0.10000000149011612
2024-12-26 16:07:41,707 - Step 279 norm(X - TN_G_ATR): 15.755270004272461, norm2(E): 0.10000000149011612
2024-12-26 16:07:41,814 - Step 280 norm(X - TN_G_ATR): 15.755270004272461, norm2(E): 0.10000000149011612
2024-12-26 16:07:41,918 - Step 281 norm(X - TN_G_ATR): 15.755270004272461, norm2(E): 0.10000000149011612
2024-12-26 16:07:42,019 - Step 282 norm(X - TN_G_ATR): 15.755270004272461, norm2(E): 0.10000000149011612
2024-12-26 16:07:42,122 - Step 283 norm(X - TN_G_ATR): 15.755270004272461, norm2(E): 0.10000000894069672
2024-12-26 16:07:42,223 - Step 284 norm(X - TN_G_ATR): 15.755270004272461, norm2(E): 0.10000000149011612
2024-12-26 16:07:42,325 - Step 285 norm(X - TN_G_ATR): 15.755270004272461, norm2(E): 0.10000000149011612
2024-12-26 16:07:42,433 - Step 286 norm(X - TN_G_ATR): 15.755270004272461, norm2(E): 0.09999998658895493
2024-12-26 16:07:42,535 - Step 287 norm(X - TN_G_ATR): 15.755270004272461, norm2(E): 0.09999999403953552
2024-12-26 16:07:42,644 - Step 288 norm(X - TN_G_ATR): 15.755270957946777, norm2(E): 0.10000000149011612
2024-12-26 16:07:42,750 - Step 289 norm(X - TN_G_ATR): 15.755270957946777, norm2(E): 0.10000001639127731
2024-12-26 16:07:42,856 - Step 290 norm(X - TN_G_ATR): 15.755270004272461, norm2(E): 0.10000000149011612
2024-12-26 16:07:42,964 - Step 291 norm(X - TN_G_ATR): 15.755270004272461, norm2(E): 0.10000000894069672
2024-12-26 16:07:43,066 - Step 292 norm(X - TN_G_ATR): 15.755270004272461, norm2(E): 0.10000000149011612
2024-12-26 16:07:43,168 - Step 293 norm(X - TN_G_ATR): 15.755270004272461, norm2(E): 0.10000000149011612
2024-12-26 16:07:43,273 - Step 294 norm(X - TN_G_ATR): 15.755270004272461, norm2(E): 0.10000000149011612
2024-12-26 16:07:43,380 - Step 295 norm(X - TN_G_ATR): 15.755270957946777, norm2(E): 0.10000000149011612
2024-12-26 16:07:43,482 - Step 296 norm(X - TN_G_ATR): 15.755270957946777, norm2(E): 0.10000000894069672
2024-12-26 16:07:43,590 - Step 297 norm(X - TN_G_ATR): 15.755270957946777, norm2(E): 0.09999999403953552
2024-12-26 16:07:43,692 - Step 298 norm(X - TN_G_ATR): 15.755270004272461, norm2(E): 0.10000000149011612
2024-12-26 16:07:43,794 - Step 299 norm(X - TN_G_ATR): 15.755270957946777, norm2(E): 0.10000000894069672
2024-12-26 16:07:43,795 - Norm2 (Comparison Algorithm): 15.755270957946777
2024-12-26 16:07:43,837 - Norm2 (Our Algorithm): 15.787630081176758
2024-12-26 16:07:43,838 - Norm2 (Original TR Algorithm): 15.756647109985352
