2024-12-24 16:58:15,485 - Norm2 (epsilon): 1
2024-12-24 16:58:16,538 - Step 0, RSE_E: 1.4157723188400269, Loss_X_Ours: 26.716625213623047, normE: 1.0
2024-12-24 16:58:17,258 - Step 1, RSE_E: 0.011122255586087704, Loss_X_Ours: 26.585702896118164, normE: 0.9999999403953552
2024-12-24 16:58:17,811 - Step 2, RSE_E: 0.006291659083217382, Loss_X_Ours: 26.527414321899414, normE: 1.0
2024-12-24 16:58:18,355 - Step 3, RSE_E: 0.004568804986774921, Loss_X_Ours: 26.493404388427734, normE: 0.9999999403953552
2024-12-24 16:58:18,905 - Step 4, RSE_E: 0.21014009416103363, Loss_X_Ours: 26.46998405456543, normE: 1.0
2024-12-24 16:58:19,450 - Step 5, RSE_E: 0.022792113944888115, Loss_X_Ours: 26.450788497924805, normE: 1.0
2024-12-24 16:58:19,920 - Step 6, RSE_E: 0.01797897182404995, Loss_X_Ours: 26.435001373291016, normE: 0.9999999403953552
2024-12-24 16:58:20,419 - Step 7, RSE_E: 0.01692335680127144, Loss_X_Ours: 26.419921875, normE: 1.0
2024-12-24 16:58:21,184 - Step 8, RSE_E: 0.0504913255572319, Loss_X_Ours: 26.427324295043945, normE: 1.0
2024-12-24 16:58:21,947 - Step 9, RSE_E: 0.2272522896528244, Loss_X_Ours: 26.418359756469727, normE: 1.0
2024-12-24 16:58:22,414 - Step 10, RSE_E: 0.22838257253170013, Loss_X_Ours: 26.403474807739258, normE: 1.0
2024-12-24 16:58:22,966 - Step 11, RSE_E: 0.017756879329681396, Loss_X_Ours: 26.400163650512695, normE: 1.0
2024-12-24 16:58:23,318 - Step 12, RSE_E: 0.010911439545452595, Loss_X_Ours: 26.392730712890625, normE: 1.0
2024-12-24 16:58:23,868 - Step 13, RSE_E: 0.0329827144742012, Loss_X_Ours: 26.41452407836914, normE: 1.0
2024-12-24 16:58:24,418 - Step 14, RSE_E: 0.028985008597373962, Loss_X_Ours: 26.383869171142578, normE: 1.0
2024-12-24 16:58:24,586 - Step 15, RSE_E: 0.003146765986457467, Loss_X_Ours: 26.382301330566406, normE: 0.9999999403953552
2024-12-24 16:58:24,739 - Step 16, RSE_E: 0.0030368485022336245, Loss_X_Ours: 26.38060188293457, normE: 1.0
2024-12-24 16:58:24,938 - Step 17, RSE_E: 0.00332113029435277, Loss_X_Ours: 26.378599166870117, normE: 0.9999999403953552
2024-12-24 16:58:25,488 - Step 18, RSE_E: 0.049662742763757706, Loss_X_Ours: 26.487775802612305, normE: 1.0
2024-12-24 16:58:26,054 - Step 19, RSE_E: 0.041230667382478714, Loss_X_Ours: 26.37421226501465, normE: 1.0
2024-12-24 16:58:26,493 - Step 20, RSE_E: 0.007636341731995344, Loss_X_Ours: 26.37114715576172, normE: 1.0
2024-12-24 16:58:27,063 - Step 21, RSE_E: 0.07068776339292526, Loss_X_Ours: 26.483518600463867, normE: 1.0
2024-12-24 16:58:27,619 - Step 22, RSE_E: 0.06979082524776459, Loss_X_Ours: 26.514978408813477, normE: 0.9999999403953552
2024-12-24 16:58:28,169 - Step 23, RSE_E: 0.23485681414604187, Loss_X_Ours: 26.484233856201172, normE: 1.0
2024-12-24 16:58:28,724 - Step 24, RSE_E: 0.23121337592601776, Loss_X_Ours: 26.41446876525879, normE: 1.0
2024-12-24 16:58:29,282 - Step 25, RSE_E: 0.042118318378925323, Loss_X_Ours: 26.38258171081543, normE: 1.0
2024-12-24 16:58:29,833 - Step 26, RSE_E: 0.024251891300082207, Loss_X_Ours: 26.373088836669922, normE: 1.0
2024-12-24 16:58:30,147 - Step 27, RSE_E: 0.00980188138782978, Loss_X_Ours: 26.367530822753906, normE: 0.9999999403953552
2024-12-24 16:58:30,236 - Step 28, RSE_E: 0.002249964280053973, Loss_X_Ours: 26.36688232421875, normE: 1.0
2024-12-24 16:58:30,802 - Step 29, RSE_E: 0.010580463334918022, Loss_X_Ours: 26.3608455657959, normE: 1.0
2024-12-24 16:58:31,360 - Step 30, RSE_E: 0.09414990991353989, Loss_X_Ours: 26.568801879882812, normE: 1.0
2024-12-24 16:58:31,927 - Step 31, RSE_E: 0.050962336361408234, Loss_X_Ours: 26.449045181274414, normE: 1.0
2024-12-24 16:58:32,481 - Step 32, RSE_E: 0.061344970017671585, Loss_X_Ours: 26.4656925201416, normE: 1.0
2024-12-24 16:58:32,521 - Step 33, RSE_E: 0.0025426086504012346, Loss_X_Ours: 26.463890075683594, normE: 1.0
2024-12-24 16:58:33,073 - Step 34, RSE_E: 0.025378959253430367, Loss_X_Ours: 26.44293785095215, normE: 1.0
2024-12-24 16:58:33,623 - Step 35, RSE_E: 0.05508899688720703, Loss_X_Ours: 26.533462524414062, normE: 1.0
2024-12-24 16:58:34,176 - Step 36, RSE_E: 0.037463944405317307, Loss_X_Ours: 26.453401565551758, normE: 1.0
2024-12-24 16:58:34,201 - Step 37, RSE_E: 0.0013503020163625479, Loss_X_Ours: 26.451696395874023, normE: 1.0
2024-12-24 16:58:34,628 - Step 38, RSE_E: 0.01504246611148119, Loss_X_Ours: 26.43492317199707, normE: 1.0
2024-12-24 16:58:35,178 - Step 39, RSE_E: 0.07021826505661011, Loss_X_Ours: 26.491010665893555, normE: 1.0
2024-12-24 16:58:35,741 - Step 40, RSE_E: 0.04647363722324371, Loss_X_Ours: 26.416282653808594, normE: 1.0
2024-12-24 16:58:36,290 - Step 41, RSE_E: 0.03841814398765564, Loss_X_Ours: 26.439851760864258, normE: 0.9999999403953552
2024-12-24 16:58:36,801 - Step 42, RSE_E: 0.02891206182539463, Loss_X_Ours: 26.403230667114258, normE: 1.0
2024-12-24 16:58:36,974 - Step 43, RSE_E: 0.005894854664802551, Loss_X_Ours: 26.399703979492188, normE: 1.0
2024-12-24 16:58:37,056 - Step 44, RSE_E: 0.002381088910624385, Loss_X_Ours: 26.399242401123047, normE: 1.0
2024-12-24 16:58:37,336 - Step 45, RSE_E: 0.0074342661537230015, Loss_X_Ours: 26.39462661743164, normE: 0.9999999403953552
2024-12-24 16:58:37,697 - Step 46, RSE_E: 0.053038328886032104, Loss_X_Ours: 26.418899536132812, normE: 1.0
2024-12-24 16:58:38,245 - Step 47, RSE_E: 0.023578505963087082, Loss_X_Ours: 26.404172897338867, normE: 1.0
2024-12-24 16:58:38,729 - Step 48, RSE_E: 0.01479334756731987, Loss_X_Ours: 26.394786834716797, normE: 1.0
2024-12-24 16:58:39,282 - Step 49, RSE_E: 0.024634040892124176, Loss_X_Ours: 26.395418167114258, normE: 1.0
2024-12-24 16:58:41,497 - Comparison Step 0, Loss_X_TNG: -696.147705078125, normE: 26.36690330505371
2024-12-24 16:58:42,014 - Comparison Step 1, Loss_X_TNG: -864.5396728515625, normE: 26.498573303222656
2024-12-24 16:58:42,576 - Comparison Step 2, Loss_X_TNG: -903.1224975585938, normE: 26.57004737854004
2024-12-24 16:58:43,137 - Comparison Step 3, Loss_X_TNG: -902.5547485351562, normE: 26.499637603759766
2024-12-24 16:58:43,692 - Comparison Step 4, Loss_X_TNG: -904.3494262695312, normE: 26.444116592407227
2024-12-24 16:58:44,086 - Comparison Step 5, Loss_X_TNG: -905.5154418945312, normE: 26.422578811645508
2024-12-24 16:58:44,903 - Comparison Step 6, Loss_X_TNG: -906.2420654296875, normE: 26.399749755859375
2024-12-24 16:58:45,166 - Comparison Step 7, Loss_X_TNG: -907.0778198242188, normE: 26.392745971679688
2024-12-24 16:58:45,771 - Comparison Step 8, Loss_X_TNG: -904.8556518554688, normE: 26.543725967407227
2024-12-24 16:58:46,334 - Comparison Step 9, Loss_X_TNG: -905.8331909179688, normE: 26.475229263305664
2024-12-24 16:58:46,479 - Comparison Step 10, Loss_X_TNG: -907.389892578125, normE: 26.459867477416992
2024-12-24 16:58:47,050 - Comparison Step 11, Loss_X_TNG: -905.770751953125, normE: 26.463239669799805
2024-12-24 16:58:47,616 - Comparison Step 12, Loss_X_TNG: -905.3818359375, normE: 26.412879943847656
2024-12-24 16:58:48,177 - Comparison Step 13, Loss_X_TNG: -905.4207153320312, normE: 26.419635772705078
2024-12-24 16:58:48,736 - Comparison Step 14, Loss_X_TNG: -905.9164428710938, normE: 26.401676177978516
2024-12-24 16:58:49,299 - Comparison Step 15, Loss_X_TNG: -906.5097045898438, normE: 26.424482345581055
2024-12-24 16:58:49,859 - Comparison Step 16, Loss_X_TNG: -907.979248046875, normE: 26.425416946411133
2024-12-24 16:58:50,421 - Comparison Step 17, Loss_X_TNG: -905.5660400390625, normE: 26.533050537109375
2024-12-24 16:58:50,994 - Comparison Step 18, Loss_X_TNG: -904.4352416992188, normE: 26.44855308532715
2024-12-24 16:58:51,557 - Comparison Step 19, Loss_X_TNG: -904.9906005859375, normE: 26.413570404052734
2024-12-24 16:58:52,130 - Comparison Step 20, Loss_X_TNG: -905.5089111328125, normE: 26.4163875579834
2024-12-24 16:58:52,694 - Comparison Step 21, Loss_X_TNG: -906.644775390625, normE: 26.405738830566406
2024-12-24 16:58:53,256 - Comparison Step 22, Loss_X_TNG: -904.890869140625, normE: 26.437314987182617
2024-12-24 16:58:53,610 - Comparison Step 23, Loss_X_TNG: -906.21728515625, normE: 26.385021209716797
2024-12-24 16:58:54,444 - Comparison Step 24, Loss_X_TNG: -905.9030151367188, normE: 26.43404197692871
2024-12-24 16:58:55,161 - Comparison Step 25, Loss_X_TNG: -906.1014404296875, normE: 26.410493850708008
2024-12-24 16:58:55,760 - Comparison Step 26, Loss_X_TNG: -906.33154296875, normE: 26.452388763427734
2024-12-24 16:58:55,830 - Comparison Step 27, Loss_X_TNG: -907.3047485351562, normE: 26.438899993896484
2024-12-24 16:58:56,392 - Comparison Step 28, Loss_X_TNG: -905.8597412109375, normE: 26.453641891479492
2024-12-24 16:58:56,966 - Comparison Step 29, Loss_X_TNG: -905.658447265625, normE: 26.439006805419922
2024-12-24 16:58:57,524 - Comparison Step 30, Loss_X_TNG: -943.1494750976562, normE: 27.217472076416016
2024-12-24 16:58:58,088 - Comparison Step 31, Loss_X_TNG: -904.7581176757812, normE: 26.40198516845703
2024-12-24 16:58:58,523 - Comparison Step 32, Loss_X_TNG: -905.3380737304688, normE: 26.387313842773438
2024-12-24 16:58:58,612 - Comparison Step 33, Loss_X_TNG: -906.0201416015625, normE: 26.37974739074707
2024-12-24 16:58:59,181 - Comparison Step 34, Loss_X_TNG: -904.940185546875, normE: 26.477949142456055
2024-12-24 16:58:59,744 - Comparison Step 35, Loss_X_TNG: -906.7760620117188, normE: 26.53904151916504
2024-12-24 16:59:00,313 - Comparison Step 36, Loss_X_TNG: -912.166748046875, normE: 26.665258407592773
2024-12-24 16:59:00,893 - Comparison Step 37, Loss_X_TNG: -907.0214233398438, normE: 26.5040283203125
2024-12-24 16:59:01,456 - Comparison Step 38, Loss_X_TNG: -905.7769775390625, normE: 26.517696380615234
2024-12-24 16:59:02,033 - Comparison Step 39, Loss_X_TNG: -905.03564453125, normE: 26.438661575317383
2024-12-24 16:59:02,268 - Comparison Step 40, Loss_X_TNG: -905.6248168945312, normE: 26.422019958496094
2024-12-24 16:59:02,830 - Comparison Step 41, Loss_X_TNG: -906.2355346679688, normE: 26.44182586669922
2024-12-24 16:59:03,295 - Comparison Step 42, Loss_X_TNG: -904.9161987304688, normE: 26.398286819458008
2024-12-24 16:59:03,861 - Comparison Step 43, Loss_X_TNG: -907.0836791992188, normE: 26.481489181518555
2024-12-24 16:59:04,421 - Comparison Step 44, Loss_X_TNG: -904.6928100585938, normE: 26.438007354736328
2024-12-24 16:59:04,772 - Comparison Step 45, Loss_X_TNG: -904.7438354492188, normE: 26.393070220947266
2024-12-24 16:59:05,201 - Comparison Step 46, Loss_X_TNG: -904.812255859375, normE: 26.43463706970215
2024-12-24 16:59:05,444 - Comparison Step 47, Loss_X_TNG: -905.3677978515625, normE: 26.404027938842773
2024-12-24 16:59:05,843 - Comparison Step 48, Loss_X_TNG: -905.0528564453125, normE: 26.40226173400879
2024-12-24 16:59:06,410 - Comparison Step 49, Loss_X_TNG: -906.9413452148438, normE: 26.505416870117188
2024-12-24 16:59:06,411 - Norm2 (Comparison Algorithm): 26.505416870117188
2024-12-24 16:59:06,970 - Norm2 (Original TR Algorithm): 26.691740036010742
2024-12-24 16:59:06,970 - Norm2 (Our Algorithm): 26.395418167114258
2024-12-24 16:59:07,063 - Clipping input data to the valid range for imshow with RGB data ([0..1] for floats or [0..255] for integers). Got range [-0.12591985..1.1377772].
2024-12-24 16:59:07,067 - Clipping input data to the valid range for imshow with RGB data ([0..1] for floats or [0..255] for integers). Got range [-0.00032059645..0.0045048036].
2024-12-24 16:59:07,069 - Clipping input data to the valid range for imshow with RGB data ([0..1] for floats or [0..255] for integers). Got range [-0.00020215783..1.0038906].
2024-12-24 16:59:07,071 - Clipping input data to the valid range for imshow with RGB data ([0..1] for floats or [0..255] for integers). Got range [-0.10858442..1.1586797].
2024-12-24 16:59:07,074 - Clipping input data to the valid range for imshow with RGB data ([0..1] for floats or [0..255] for integers). Got range [-0.017993197..0.017974835].
2024-12-24 16:59:07,076 - Clipping input data to the valid range for imshow with RGB data ([0..1] for floats or [0..255] for integers). Got range [-0.013167618..1.0135574].
2024-12-24 16:59:07,078 - Clipping input data to the valid range for imshow with RGB data ([0..1] for floats or [0..255] for integers). Got range [-0.10483996..1.1546338].
