2024-12-17 20:14:41,720 - Optimization parameters:
2024-12-17 20:14:41,720 - epsilon (Frobenius norm constraint): 100000.0
2024-12-17 20:14:41,720 - inner_tol (Tolerance for inner optimization): 1e-10
2024-12-17 20:14:41,720 - lr (Learning rate): 0.01
2024-12-17 20:14:41,720 - outer_num_steps (Number of outer optimization steps): 100
2024-12-17 20:14:41,720 - inner_num_steps (Number of inner optimization steps): 100
2024-12-17 20:14:41,720 - outer_dis_num (Display loss every outer_dis_num steps): 10
2024-12-17 20:14:41,720 - inner_dis_num (Display loss every inner_dis_num steps): 2000
2024-12-17 20:14:44,306 - Step 0 norm(X - TN_G_Ours): 4021.2622396456563, norm2(E): 65478.61413032771
2024-12-17 20:14:44,672 - Step 1 norm(X - TN_G_Ours): 4023.3313311235006, norm2(E): 65521.110220835544
2024-12-17 20:14:45,019 - Step 2 norm(X - TN_G_Ours): 4025.401843294654, norm2(E): 65576.0373630561
2024-12-17 20:14:45,376 - Step 3 norm(X - TN_G_Ours): 4027.473649820691, norm2(E): 65643.46589454357
2024-12-17 20:14:45,727 - Step 4 norm(X - TN_G_Ours): 4029.5468727885523, norm2(E): 65723.54022637382
2024-12-17 20:14:46,094 - Step 5 norm(X - TN_G_Ours): 4031.6213859934815, norm2(E): 65816.29907226562
2024-12-17 20:14:46,476 - Step 6 norm(X - TN_G_Ours): 4033.696815577492, norm2(E): 65921.67512981687
2024-12-17 20:14:46,831 - Step 7 norm(X - TN_G_Ours): 4035.7729123428144, norm2(E): 66039.62008402124
2024-12-17 20:14:47,189 - Step 8 norm(X - TN_G_Ours): 4037.8500467451736, norm2(E): 66170.12029591575
2024-12-17 20:14:47,537 - Step 9 norm(X - TN_G_Ours): 4039.927722125731, norm2(E): 66313.1340287663
2024-12-17 20:14:47,894 - Step 10 norm(X - TN_G_Ours): 4042.0060613512196, norm2(E): 66468.68563436065
2024-12-17 20:14:48,263 - Step 11 norm(X - TN_G_Ours): 4044.084939760786, norm2(E): 66636.7240763465
2024-12-17 20:14:48,625 - Step 12 norm(X - TN_G_Ours): 4046.1646036709876, norm2(E): 66817.2170442352
2024-12-17 20:14:48,989 - Step 13 norm(X - TN_G_Ours): 4048.2446813402967, norm2(E): 67010.13518048823
2024-12-17 20:14:49,347 - Step 14 norm(X - TN_G_Ours): 4050.325419024995, norm2(E): 67215.40453666821
2024-12-17 20:14:49,702 - Step 15 norm(X - TN_G_Ours): 4052.4066923249447, norm2(E): 67433.00121510401
2024-12-17 20:14:50,056 - Step 16 norm(X - TN_G_Ours): 4054.488500415311, norm2(E): 67662.84052498732
2024-12-17 20:14:50,358 - Step 17 norm(X - TN_G_Ours): 4056.5708424727404, norm2(E): 67904.90358358622
2024-12-17 20:14:50,728 - Step 18 norm(X - TN_G_Ours): 4058.6540872560204, norm2(E): 68159.1103091836
2024-12-17 20:14:51,064 - Step 19 norm(X - TN_G_Ours): 4060.7374945938086, norm2(E): 68425.43049004767
2024-12-17 20:14:51,439 - Step 20 norm(X - TN_G_Ours): 4062.8225410421264, norm2(E): 68703.8201558739
2024-12-17 20:14:51,799 - Step 21 norm(X - TN_G_Ours): 4064.908240046754, norm2(E): 68994.23735970631
2024-12-17 20:14:52,112 - Step 22 norm(X - TN_G_Ours): 4066.9943447219102, norm2(E): 69296.62601720635
2024-12-17 20:14:52,478 - Step 23 norm(X - TN_G_Ours): 4069.08208322221, norm2(E): 69610.9961491311
2024-12-17 20:14:52,760 - Step 24 norm(X - TN_G_Ours): 4071.170838960212, norm2(E): 69937.26311898232
2024-12-17 20:14:53,132 - Step 25 norm(X - TN_G_Ours): 4073.260978626339, norm2(E): 70275.42439267877
2024-12-17 20:14:53,503 - Step 26 norm(X - TN_G_Ours): 4075.3522547136954, norm2(E): 70625.430653397
2024-12-17 20:14:53,855 - Step 27 norm(X - TN_G_Ours): 4077.4452786027673, norm2(E): 70987.29894825164
2024-12-17 20:14:54,161 - Step 28 norm(X - TN_G_Ours): 4079.5402927290716, norm2(E): 71360.96670091245
2024-12-17 20:14:54,424 - Step 29 norm(X - TN_G_Ours): 4081.636681528624, norm2(E): 71746.42135053873
2024-12-17 20:14:54,752 - Step 30 norm(X - TN_G_Ours): 4083.7352999429336, norm2(E): 72143.63534343336
2024-12-17 20:14:55,010 - Step 31 norm(X - TN_G_Ours): 4085.8361445363907, norm2(E): 72552.6315882206
2024-12-17 20:14:55,334 - Step 32 norm(X - TN_G_Ours): 4087.9392118768105, norm2(E): 72973.35218274966
2024-12-17 20:14:55,599 - Step 33 norm(X - TN_G_Ours): 4090.044620783495, norm2(E): 73405.83904832974
2024-12-17 20:14:55,930 - Step 34 norm(X - TN_G_Ours): 4092.152856382567, norm2(E): 73850.06945638452
2024-12-17 20:14:56,228 - Step 35 norm(X - TN_G_Ours): 4094.2634258191056, norm2(E): 74306.00488320086
2024-12-17 20:14:56,552 - Step 36 norm(X - TN_G_Ours): 4096.376935781179, norm2(E): 74773.67411637306
2024-12-17 20:14:56,826 - Step 37 norm(X - TN_G_Ours): 4098.493625711769, norm2(E): 75253.09051407967
2024-12-17 20:14:57,143 - Step 38 norm(X - TN_G_Ours): 4100.613368753508, norm2(E): 75744.23488844279
2024-12-17 20:14:57,513 - Step 39 norm(X - TN_G_Ours): 4102.7364039138565, norm2(E): 76247.08859898988
2024-12-17 20:14:57,885 - Step 40 norm(X - TN_G_Ours): 4104.862238857719, norm2(E): 76761.70111531392
2024-12-17 20:14:58,263 - Step 41 norm(X - TN_G_Ours): 4106.992573648022, norm2(E): 77288.05535104964
2024-12-17 20:14:58,617 - Step 42 norm(X - TN_G_Ours): 4109.125941121785, norm2(E): 77826.11753270403
2024-12-17 20:14:58,957 - Step 43 norm(X - TN_G_Ours): 4111.263066260781, norm2(E): 78375.93934631348
2024-12-17 20:14:59,296 - Step 44 norm(X - TN_G_Ours): 4113.404186315757, norm2(E): 78937.52219222579
2024-12-17 20:14:59,648 - Step 45 norm(X - TN_G_Ours): 4115.5488090897425, norm2(E): 79510.83343077544
2024-12-17 20:15:00,000 - Step 46 norm(X - TN_G_Ours): 4117.697657672306, norm2(E): 80095.90932869911
2024-12-17 20:15:00,360 - Step 47 norm(X - TN_G_Ours): 4119.850968178339, norm2(E): 80692.75223261118
2024-12-17 20:15:00,719 - Step 48 norm(X - TN_G_Ours): 4122.0082484148425, norm2(E): 81301.38208428398
2024-12-17 20:15:01,091 - Step 49 norm(X - TN_G_Ours): 4124.169977098422, norm2(E): 81921.76681244746
2024-12-17 20:15:01,473 - Step 50 norm(X - TN_G_Ours): 4126.335904891894, norm2(E): 82553.96156661306
2024-12-17 20:15:01,830 - Step 51 norm(X - TN_G_Ours): 4128.506267404714, norm2(E): 83197.9342933381
2024-12-17 20:15:02,186 - Step 52 norm(X - TN_G_Ours): 4130.681057646548, norm2(E): 83853.74071747903
2024-12-17 20:15:02,543 - Step 53 norm(X - TN_G_Ours): 4132.860752553853, norm2(E): 84521.34857422207
2024-12-17 20:15:02,902 - Step 54 norm(X - TN_G_Ours): 4135.045344370482, norm2(E): 85200.79614099208
2024-12-17 20:15:03,259 - Step 55 norm(X - TN_G_Ours): 4137.234341924566, norm2(E): 85892.08627630863
2024-12-17 20:15:03,620 - Step 56 norm(X - TN_G_Ours): 4139.428221385171, norm2(E): 86595.20361162722
2024-12-17 20:15:03,920 - Step 57 norm(X - TN_G_Ours): 4141.626974994248, norm2(E): 87310.16822925303
2024-12-17 20:15:04,279 - Step 58 norm(X - TN_G_Ours): 4143.830112347754, norm2(E): 88037.00012677256
2024-12-17 20:15:04,654 - Step 59 norm(X - TN_G_Ours): 4146.039073621955, norm2(E): 88775.66461417452
2024-12-17 20:15:05,028 - Step 60 norm(X - TN_G_Ours): 4148.252403121102, norm2(E): 89526.21721576992
2024-12-17 20:15:05,400 - Step 61 norm(X - TN_G_Ours): 4150.471780412438, norm2(E): 90288.62213948742
2024-12-17 20:15:05,686 - Step 62 norm(X - TN_G_Ours): 4152.695750955035, norm2(E): 91062.87921660487
2024-12-17 20:15:06,051 - Step 63 norm(X - TN_G_Ours): 4154.925270086093, norm2(E): 91849.00612727646
2024-12-17 20:15:06,409 - Step 64 norm(X - TN_G_Ours): 4157.160569427166, norm2(E): 92646.98301588092
2024-12-17 20:15:06,789 - Step 65 norm(X - TN_G_Ours): 4159.400918401591, norm2(E): 93456.80761456583
2024-12-17 20:15:07,165 - Step 66 norm(X - TN_G_Ours): 4161.647029722728, norm2(E): 94278.49559346214
2024-12-17 20:15:07,548 - Step 67 norm(X - TN_G_Ours): 4163.898413746426, norm2(E): 95112.02445387933
2024-12-17 20:15:07,884 - Step 68 norm(X - TN_G_Ours): 4166.156262071791, norm2(E): 95957.42718667164
2024-12-17 20:15:08,229 - Step 69 norm(X - TN_G_Ours): 4168.419364699286, norm2(E): 96814.66054167692
2024-12-17 20:15:08,502 - Step 70 norm(X - TN_G_Ours): 4170.688432381397, norm2(E): 97683.71775150299
2024-12-17 20:15:08,829 - Step 71 norm(X - TN_G_Ours): 4172.964413938849, norm2(E): 98564.62932678405
2024-12-17 20:15:09,160 - Step 72 norm(X - TN_G_Ours): 4175.2461005310815, norm2(E): 99457.36763253901
2024-12-17 20:15:09,468 - Step 73 norm(X - TN_G_Ours): 4177.5337221858545, norm2(E): 10000001562.500061
2024-12-17 20:15:09,779 - Step 74 norm(X - TN_G_Ours): 44494.18335018635, norm2(E): 9999998437.500061
2024-12-17 20:15:10,101 - Step 75 norm(X - TN_G_Ours): 44497.436870004094, norm2(E): 9999998437.500061
2024-12-17 20:15:10,432 - Step 76 norm(X - TN_G_Ours): 44502.0391442909, norm2(E): 10000000000.0
2024-12-17 20:15:10,797 - Step 77 norm(X - TN_G_Ours): 44507.562683211494, norm2(E): 10000000000.0
2024-12-17 20:15:11,153 - Step 78 norm(X - TN_G_Ours): 44513.69946432221, norm2(E): 10000001562.500061
2024-12-17 20:15:11,514 - Step 79 norm(X - TN_G_Ours): 44520.24222755308, norm2(E): 9999998437.500061
2024-12-17 20:15:11,878 - Step 80 norm(X - TN_G_Ours): 44527.10167976353, norm2(E): 10000001562.500061
2024-12-17 20:15:12,237 - Step 81 norm(X - TN_G_Ours): 44534.218753673, norm2(E): 10000000000.0
2024-12-17 20:15:12,597 - Step 82 norm(X - TN_G_Ours): 44541.52291963084, norm2(E): 9999998437.500061
2024-12-17 20:15:12,956 - Step 83 norm(X - TN_G_Ours): 44548.95662077845, norm2(E): 9999998437.500061
2024-12-17 20:15:13,326 - Step 84 norm(X - TN_G_Ours): 44556.465209888454, norm2(E): 10000001562.500061
2024-12-17 20:15:13,685 - Step 85 norm(X - TN_G_Ours): 44563.9998204829, norm2(E): 10000001562.500061
2024-12-17 20:15:14,046 - Step 86 norm(X - TN_G_Ours): 44571.51592665433, norm2(E): 10000000000.0
2024-12-17 20:15:14,408 - Step 87 norm(X - TN_G_Ours): 44578.980517728305, norm2(E): 10000000000.0
2024-12-17 20:15:14,762 - Step 88 norm(X - TN_G_Ours): 44586.37495917334, norm2(E): 10000001562.500061
2024-12-17 20:15:15,128 - Step 89 norm(X - TN_G_Ours): 44593.656230455024, norm2(E): 10000001562.500061
2024-12-17 20:15:15,484 - Step 90 norm(X - TN_G_Ours): 44600.79281806546, norm2(E): 9999998437.500061
2024-12-17 20:15:15,841 - Step 91 norm(X - TN_G_Ours): 44607.757531622236, norm2(E): 10000001562.500061
2024-12-17 20:15:16,200 - Step 92 norm(X - TN_G_Ours): 44614.559058675004, norm2(E): 10000000000.0
2024-12-17 20:15:16,553 - Step 93 norm(X - TN_G_Ours): 44621.20751391652, norm2(E): 10000000000.0
2024-12-17 20:15:16,913 - Step 94 norm(X - TN_G_Ours): 44627.750290598335, norm2(E): 10000000000.0
2024-12-17 20:15:17,271 - Step 95 norm(X - TN_G_Ours): 44634.18313355807, norm2(E): 10000000000.0
2024-12-17 20:15:17,636 - Step 96 norm(X - TN_G_Ours): 44640.51612604854, norm2(E): 9999998437.500061
2024-12-17 20:15:18,012 - Step 97 norm(X - TN_G_Ours): 44646.746443609976, norm2(E): 10000000000.0
2024-12-17 20:15:18,365 - Step 98 norm(X - TN_G_Ours): 44652.88272888997, norm2(E): 10000001562.500061
2024-12-17 20:15:18,648 - Step 99 norm(X - TN_G_Ours): 44658.91785522798, norm2(E): 10000001562.500061
2024-12-17 20:15:18,827 - Step 0 norm(X - TN_G_ATR): 4019.71435546875, norm2(E): 65585.96264387015
2024-12-17 20:15:19,104 - Step 1 norm(X - TN_G_ATR): 4019.67431640625, norm2(E): 65693.48512195144
2024-12-17 20:15:19,391 - Step 2 norm(X - TN_G_ATR): 4019.63525390625, norm2(E): 65814.12257563416
2024-12-17 20:15:19,607 - Step 3 norm(X - TN_G_ATR): 4019.596435546875, norm2(E): 65947.87949261162
2024-12-17 20:15:19,868 - Step 4 norm(X - TN_G_ATR): 4019.55859375, norm2(E): 66094.7954720119
2024-12-17 20:15:20,132 - Step 5 norm(X - TN_G_ATR): 4019.521240234375, norm2(E): 66254.88254156057
2024-12-17 20:15:20,393 - Step 6 norm(X - TN_G_ATR): 4019.484375, norm2(E): 66428.14068323374
2024-12-17 20:15:20,599 - Step 7 norm(X - TN_G_ATR): 4019.447998046875, norm2(E): 66614.5891982466
2024-12-17 20:15:20,866 - Step 8 norm(X - TN_G_ATR): 4019.412109375, norm2(E): 66814.28255562577
2024-12-17 20:15:21,126 - Step 9 norm(X - TN_G_ATR): 4019.376953125, norm2(E): 67027.20000042021
2024-12-17 20:15:21,331 - Step 10 norm(X - TN_G_ATR): 4019.342529296875, norm2(E): 67253.4031716371
2024-12-17 20:15:21,580 - Step 11 norm(X - TN_G_ATR): 4019.30810546875, norm2(E): 67492.89402103424
2024-12-17 20:15:21,900 - Step 12 norm(X - TN_G_ATR): 4019.274658203125, norm2(E): 67745.7095370153
2024-12-17 20:15:22,207 - Step 13 norm(X - TN_G_ATR): 4019.241455078125, norm2(E): 68011.87424364034
2024-12-17 20:15:22,520 - Step 14 norm(X - TN_G_ATR): 4019.208740234375, norm2(E): 68291.43190719187
2024-12-17 20:15:22,831 - Step 15 norm(X - TN_G_ATR): 4019.17626953125, norm2(E): 68584.41369339917
2024-12-17 20:15:23,141 - Step 16 norm(X - TN_G_ATR): 4019.144775390625, norm2(E): 68890.83795905486
2024-12-17 20:15:23,447 - Step 17 norm(X - TN_G_ATR): 4019.113525390625, norm2(E): 69210.77424976602
2024-12-17 20:15:23,762 - Step 18 norm(X - TN_G_ATR): 4019.082763671875, norm2(E): 69544.2472456405
2024-12-17 20:15:24,068 - Step 19 norm(X - TN_G_ATR): 4019.052490234375, norm2(E): 69891.26841634884
2024-12-17 20:15:24,373 - Step 20 norm(X - TN_G_ATR): 4019.022216796875, norm2(E): 70251.90046382044
2024-12-17 20:15:24,680 - Step 21 norm(X - TN_G_ATR): 4018.9931640625, norm2(E): 70626.19301259611
2024-12-17 20:15:24,986 - Step 22 norm(X - TN_G_ATR): 4018.9638671875, norm2(E): 71014.13356319908
2024-12-17 20:15:25,284 - Step 23 norm(X - TN_G_ATR): 4018.935546875, norm2(E): 71415.82594926003
2024-12-17 20:15:25,564 - Step 24 norm(X - TN_G_ATR): 4018.9072265625, norm2(E): 71831.27923715953
2024-12-17 20:15:25,852 - Step 25 norm(X - TN_G_ATR): 4018.879638671875, norm2(E): 72260.53751804028
2024-12-17 20:15:26,137 - Step 26 norm(X - TN_G_ATR): 4018.852294921875, norm2(E): 72703.63095225394
2024-12-17 20:15:26,427 - Step 27 norm(X - TN_G_ATR): 4018.825439453125, norm2(E): 73160.60847193003
2024-12-17 20:15:26,712 - Step 28 norm(X - TN_G_ATR): 4018.798828125, norm2(E): 73631.50485143438
2024-12-17 20:15:27,000 - Step 29 norm(X - TN_G_ATR): 4018.77294921875, norm2(E): 74116.37361157313
2024-12-17 20:15:27,297 - Step 30 norm(X - TN_G_ATR): 4018.747314453125, norm2(E): 74615.2705565095
2024-12-17 20:15:27,591 - Step 31 norm(X - TN_G_ATR): 4018.722412109375, norm2(E): 75128.20352968667
2024-12-17 20:15:27,889 - Step 32 norm(X - TN_G_ATR): 4018.697265625, norm2(E): 75655.23220785055
2024-12-17 20:15:28,195 - Step 33 norm(X - TN_G_ATR): 4018.6728515625, norm2(E): 76196.40151228849
2024-12-17 20:15:28,507 - Step 34 norm(X - TN_G_ATR): 4018.64892578125, norm2(E): 76751.75815701857
2024-12-17 20:15:28,819 - Step 35 norm(X - TN_G_ATR): 4018.625244140625, norm2(E): 77321.33360916376
2024-12-17 20:15:29,137 - Step 36 norm(X - TN_G_ATR): 4018.6025390625, norm2(E): 77905.16073770914
2024-12-17 20:15:29,449 - Step 37 norm(X - TN_G_ATR): 4018.57958984375, norm2(E): 78503.29083457962
2024-12-17 20:15:29,766 - Step 38 norm(X - TN_G_ATR): 4018.557373046875, norm2(E): 79115.77670051157
2024-12-17 20:15:30,081 - Step 39 norm(X - TN_G_ATR): 4018.53564453125, norm2(E): 79742.6381082274
2024-12-17 20:15:30,393 - Step 40 norm(X - TN_G_ATR): 4018.513916015625, norm2(E): 80383.93026442174
2024-12-17 20:15:30,705 - Step 41 norm(X - TN_G_ATR): 4018.492919921875, norm2(E): 81039.6922983611
2024-12-17 20:15:31,017 - Step 42 norm(X - TN_G_ATR): 4018.47216796875, norm2(E): 81709.94683922175
2024-12-17 20:15:31,322 - Step 43 norm(X - TN_G_ATR): 4018.451904296875, norm2(E): 82394.75213456526
2024-12-17 20:15:31,637 - Step 44 norm(X - TN_G_ATR): 4018.432373046875, norm2(E): 83094.1323282579
2024-12-17 20:15:31,913 - Step 45 norm(X - TN_G_ATR): 4018.4130859375, norm2(E): 83808.12965208292
2024-12-17 20:15:32,017 - Step 46 norm(X - TN_G_ATR): 4018.393798828125, norm2(E): 84536.80472258106
2024-12-17 20:15:32,121 - Step 47 norm(X - TN_G_ATR): 4018.37548828125, norm2(E): 85280.16556107346
2024-12-17 20:15:32,362 - Step 48 norm(X - TN_G_ATR): 4018.357666015625, norm2(E): 86038.29166815523
2024-12-17 20:15:32,631 - Step 49 norm(X - TN_G_ATR): 4018.33984375, norm2(E): 86811.1736833388
2024-12-17 20:15:32,889 - Step 50 norm(X - TN_G_ATR): 4018.32275390625, norm2(E): 87598.87388385832
2024-12-17 20:15:33,149 - Step 51 norm(X - TN_G_ATR): 4018.305908203125, norm2(E): 88401.43699425831
2024-12-17 20:15:33,406 - Step 52 norm(X - TN_G_ATR): 4018.289794921875, norm2(E): 89218.88970947266
2024-12-17 20:15:33,652 - Step 53 norm(X - TN_G_ATR): 4018.27392578125, norm2(E): 90051.27683281898
2024-12-17 20:15:33,861 - Step 54 norm(X - TN_G_ATR): 4018.258544921875, norm2(E): 90898.60642078891
2024-12-17 20:15:34,107 - Step 55 norm(X - TN_G_ATR): 4018.243408203125, norm2(E): 91760.95977726951
2024-12-17 20:15:34,355 - Step 56 norm(X - TN_G_ATR): 4018.22900390625, norm2(E): 92638.34451204538
2024-12-17 20:15:34,611 - Step 57 norm(X - TN_G_ATR): 4018.215087890625, norm2(E): 93530.80470848456
2024-12-17 20:15:34,883 - Step 58 norm(X - TN_G_ATR): 4018.201416015625, norm2(E): 94438.36546980683
2024-12-17 20:15:35,170 - Step 59 norm(X - TN_G_ATR): 4018.1884765625, norm2(E): 95361.07009314094
2024-12-17 20:15:35,458 - Step 60 norm(X - TN_G_ATR): 4018.175537109375, norm2(E): 96298.96151656285
2024-12-17 20:15:35,754 - Step 61 norm(X - TN_G_ATR): 4018.1630859375, norm2(E): 97252.06322164182
2024-12-17 20:15:36,042 - Step 62 norm(X - TN_G_ATR): 4018.1513671875, norm2(E): 98220.39782649372
2024-12-17 20:15:36,328 - Step 63 norm(X - TN_G_ATR): 4018.139892578125, norm2(E): 99204.02546156291
2024-12-17 20:15:36,524 - Step 64 norm(X - TN_G_ATR): 4018.129150390625, norm2(E): 10000000000.0
2024-12-17 20:15:36,818 - Step 65 norm(X - TN_G_ATR): 41202.11328125, norm2(E): 9999998437.500061
2024-12-17 20:15:37,112 - Step 66 norm(X - TN_G_ATR): 41201.5234375, norm2(E): 9999998437.500061
2024-12-17 20:15:37,402 - Step 67 norm(X - TN_G_ATR): 41200.59375, norm2(E): 10000000000.0
2024-12-17 20:15:37,677 - Step 68 norm(X - TN_G_ATR): 41199.4375, norm2(E): 10000000000.0
2024-12-17 20:15:37,960 - Step 69 norm(X - TN_G_ATR): 41198.11328125, norm2(E): 9999998437.500061
2024-12-17 20:15:38,253 - Step 70 norm(X - TN_G_ATR): 41196.6640625, norm2(E): 10000001562.500061
2024-12-17 20:15:38,558 - Step 71 norm(X - TN_G_ATR): 41195.1171875, norm2(E): 10000001562.500061
2024-12-17 20:15:38,866 - Step 72 norm(X - TN_G_ATR): 41193.4921875, norm2(E): 10000000000.0
2024-12-17 20:15:39,162 - Step 73 norm(X - TN_G_ATR): 41191.80078125, norm2(E): 10000001562.500061
2024-12-17 20:15:39,443 - Step 74 norm(X - TN_G_ATR): 41190.0703125, norm2(E): 10000000000.0
2024-12-17 20:15:39,720 - Step 75 norm(X - TN_G_ATR): 41188.296875, norm2(E): 10000001562.500061
2024-12-17 20:15:39,994 - Step 76 norm(X - TN_G_ATR): 41186.4921875, norm2(E): 9999998437.500061
2024-12-17 20:15:40,276 - Step 77 norm(X - TN_G_ATR): 41184.6640625, norm2(E): 10000001562.500061
2024-12-17 20:15:40,568 - Step 78 norm(X - TN_G_ATR): 41182.828125, norm2(E): 10000000000.0
2024-12-17 20:15:40,780 - Step 79 norm(X - TN_G_ATR): 41180.9765625, norm2(E): 10000000000.0
2024-12-17 20:15:41,073 - Step 80 norm(X - TN_G_ATR): 41179.1171875, norm2(E): 10000001562.500061
2024-12-17 20:15:41,363 - Step 81 norm(X - TN_G_ATR): 41177.25390625, norm2(E): 10000000000.0
2024-12-17 20:15:41,644 - Step 82 norm(X - TN_G_ATR): 41175.39453125, norm2(E): 10000000000.0
2024-12-17 20:15:41,938 - Step 83 norm(X - TN_G_ATR): 41173.53125, norm2(E): 9999998437.500061
2024-12-17 20:15:42,223 - Step 84 norm(X - TN_G_ATR): 41171.671875, norm2(E): 9999998437.500061
2024-12-17 20:15:42,513 - Step 85 norm(X - TN_G_ATR): 41169.8203125, norm2(E): 9999998437.500061
2024-12-17 20:15:42,798 - Step 86 norm(X - TN_G_ATR): 41167.97265625, norm2(E): 9999998437.500061
2024-12-17 20:15:43,116 - Step 87 norm(X - TN_G_ATR): 41166.1328125, norm2(E): 10000001562.500061
2024-12-17 20:15:43,430 - Step 88 norm(X - TN_G_ATR): 41164.30859375, norm2(E): 10000001562.500061
2024-12-17 20:15:43,639 - Step 89 norm(X - TN_G_ATR): 41162.48828125, norm2(E): 9999998437.500061
2024-12-17 20:15:43,912 - Step 90 norm(X - TN_G_ATR): 41160.67578125, norm2(E): 10000000000.0
2024-12-17 20:15:44,177 - Step 91 norm(X - TN_G_ATR): 41158.875, norm2(E): 10000001562.500061
2024-12-17 20:15:44,442 - Step 92 norm(X - TN_G_ATR): 41157.08984375, norm2(E): 9999998437.500061
2024-12-17 20:15:44,687 - Step 93 norm(X - TN_G_ATR): 41155.30859375, norm2(E): 10000001562.500061
2024-12-17 20:15:44,936 - Step 94 norm(X - TN_G_ATR): 41153.546875, norm2(E): 10000000000.0
2024-12-17 20:15:45,193 - Step 95 norm(X - TN_G_ATR): 41151.79296875, norm2(E): 9999998437.500061
2024-12-17 20:15:45,438 - Step 96 norm(X - TN_G_ATR): 41150.046875, norm2(E): 9999998437.500061
2024-12-17 20:15:45,606 - Step 97 norm(X - TN_G_ATR): 41148.3203125, norm2(E): 9999998437.500061
2024-12-17 20:15:45,855 - Step 98 norm(X - TN_G_ATR): 41146.6015625, norm2(E): 9999998437.500061
2024-12-17 20:15:46,101 - Step 99 norm(X - TN_G_ATR): 41144.890625, norm2(E): 10000001562.500061
2024-12-17 20:15:46,104 - Norm2 (Comparison Algorithm): 41144.890625
2024-12-17 20:15:46,248 - Norm2 (Our Algorithm): 44658.91796875
2024-12-17 20:15:46,248 - Norm2 (Original TR Algorithm): 4017.94482421875
