2024-12-24 20:36:35,343 - Norm2 (epsilon): 100
2024-12-24 20:36:35,343 - Optimization parameters:
2024-12-24 20:36:35,343 - epsilon (Frobenius norm constraint): 100
2024-12-24 20:36:35,343 - inner_tol (Tolerance for inner optimization): 1e-10
2024-12-24 20:36:35,343 - lr (Learning rate): 0.01
2024-12-24 20:36:35,343 - outer_num_steps (Number of outer optimization steps): 50
2024-12-24 20:36:35,343 - inner_num_steps (Number of inner optimization steps): 200
2024-12-24 20:36:35,343 - outer_dis_num (Display loss every outer_dis_num steps): 1
2024-12-24 20:36:35,344 - inner_dis_num (Display loss every inner_dis_num steps): 2000
2024-12-24 20:36:38,379 - Comparison Step 0, Loss_X_TNG: 26.761484146118164, normE: 0.22551023960113525
2024-12-24 20:36:39,226 - Comparison Step 1, Loss_X_TNG: 26.878841400146484, normE: 0.22551023960113525
2024-12-24 20:36:39,807 - Comparison Step 2, Loss_X_TNG: 26.601865768432617, normE: 0.22551023960113525
2024-12-24 20:36:40,358 - Comparison Step 3, Loss_X_TNG: 26.558223724365234, normE: 0.22551023960113525
2024-12-24 20:36:40,634 - Comparison Step 4, Loss_X_TNG: 26.54305648803711, normE: 0.22551023960113525
2024-12-24 20:36:41,187 - Comparison Step 5, Loss_X_TNG: 26.536338806152344, normE: 0.22551023960113525
2024-12-24 20:36:41,743 - Comparison Step 6, Loss_X_TNG: 26.525339126586914, normE: 0.22551023960113525
2024-12-24 20:36:42,312 - Comparison Step 7, Loss_X_TNG: 26.513017654418945, normE: 0.22551023960113525
2024-12-24 20:36:42,882 - Comparison Step 8, Loss_X_TNG: 26.549076080322266, normE: 0.22551023960113525
2024-12-24 20:36:43,474 - Comparison Step 9, Loss_X_TNG: 26.497594833374023, normE: 0.22551023960113525
2024-12-24 20:36:44,259 - Comparison Step 10, Loss_X_TNG: 26.484766006469727, normE: 0.22551023960113525
2024-12-24 20:36:44,335 - Comparison Step 11, Loss_X_TNG: 26.482566833496094, normE: 0.22551023960113525
2024-12-24 20:36:45,134 - Comparison Step 12, Loss_X_TNG: 26.48866844177246, normE: 0.22551023960113525
2024-12-24 20:36:45,732 - Comparison Step 13, Loss_X_TNG: 26.467126846313477, normE: 0.22551023960113525
2024-12-24 20:36:46,302 - Comparison Step 14, Loss_X_TNG: 26.46198844909668, normE: 0.22551023960113525
2024-12-24 20:36:46,853 - Comparison Step 15, Loss_X_TNG: 26.44900894165039, normE: 0.22551023960113525
2024-12-24 20:36:47,078 - Comparison Step 16, Loss_X_TNG: 26.444141387939453, normE: 0.22551023960113525
2024-12-24 20:36:47,633 - Comparison Step 17, Loss_X_TNG: 26.44445037841797, normE: 0.22551023960113525
2024-12-24 20:36:48,187 - Comparison Step 18, Loss_X_TNG: 26.42627716064453, normE: 0.22551023960113525
2024-12-24 20:36:48,753 - Comparison Step 19, Loss_X_TNG: 26.423513412475586, normE: 0.22551023960113525
2024-12-24 20:36:49,319 - Comparison Step 20, Loss_X_TNG: 26.412349700927734, normE: 0.22551023960113525
2024-12-24 20:36:49,882 - Comparison Step 21, Loss_X_TNG: 26.405284881591797, normE: 0.22551023960113525
2024-12-24 20:36:50,435 - Comparison Step 22, Loss_X_TNG: 26.39967918395996, normE: 0.22551023960113525
2024-12-24 20:36:50,513 - Comparison Step 23, Loss_X_TNG: 26.398160934448242, normE: 0.22551023960113525
2024-12-24 20:36:50,541 - Comparison Step 24, Loss_X_TNG: 26.39764404296875, normE: 0.22551023960113525
2024-12-24 20:36:50,632 - Comparison Step 25, Loss_X_TNG: 26.39612579345703, normE: 0.22551023960113525
2024-12-24 20:36:51,184 - Comparison Step 26, Loss_X_TNG: 26.39132308959961, normE: 0.22551023960113525
2024-12-24 20:36:51,733 - Comparison Step 27, Loss_X_TNG: 26.387121200561523, normE: 0.22551023960113525
2024-12-24 20:36:52,001 - Comparison Step 28, Loss_X_TNG: 26.383190155029297, normE: 0.22551023960113525
2024-12-24 20:36:52,555 - Comparison Step 29, Loss_X_TNG: 26.379188537597656, normE: 0.22551023960113525
2024-12-24 20:36:52,722 - Comparison Step 30, Loss_X_TNG: 26.37704086303711, normE: 0.22551023960113525
2024-12-24 20:36:53,276 - Comparison Step 31, Loss_X_TNG: 26.373931884765625, normE: 0.22551023960113525
2024-12-24 20:36:53,845 - Comparison Step 32, Loss_X_TNG: 26.36721420288086, normE: 0.22551023960113525
2024-12-24 20:36:54,037 - Comparison Step 33, Loss_X_TNG: 26.370328903198242, normE: 0.22551023960113525
2024-12-24 20:36:54,591 - Comparison Step 34, Loss_X_TNG: 26.362163543701172, normE: 0.22551023960113525
2024-12-24 20:36:55,143 - Comparison Step 35, Loss_X_TNG: 26.36599349975586, normE: 0.22551023960113525
2024-12-24 20:36:55,473 - Comparison Step 36, Loss_X_TNG: 26.356725692749023, normE: 0.22551023960113525
2024-12-24 20:36:55,515 - Comparison Step 37, Loss_X_TNG: 26.356250762939453, normE: 0.22551023960113525
2024-12-24 20:36:56,055 - Comparison Step 38, Loss_X_TNG: 26.35123062133789, normE: 0.22551023960113525
2024-12-24 20:36:56,595 - Comparison Step 39, Loss_X_TNG: 26.349992752075195, normE: 0.22551023960113525
2024-12-24 20:36:56,950 - Comparison Step 40, Loss_X_TNG: 26.3458309173584, normE: 0.22551023960113525
2024-12-24 20:36:57,054 - Comparison Step 41, Loss_X_TNG: 26.34473419189453, normE: 0.22551023960113525
2024-12-24 20:36:57,107 - Comparison Step 42, Loss_X_TNG: 26.344406127929688, normE: 0.22551023960113525
2024-12-24 20:36:57,162 - Comparison Step 43, Loss_X_TNG: 26.34387969970703, normE: 0.22551023960113525
2024-12-24 20:36:57,534 - Comparison Step 44, Loss_X_TNG: 26.34084129333496, normE: 0.22551023960113525
2024-12-24 20:36:57,553 - Comparison Step 45, Loss_X_TNG: 26.34079360961914, normE: 0.22551023960113525
2024-12-24 20:36:58,100 - Comparison Step 46, Loss_X_TNG: 26.548913955688477, normE: 0.22551023960113525
2024-12-24 20:36:58,661 - Comparison Step 47, Loss_X_TNG: 26.359254837036133, normE: 0.22551023960113525
2024-12-24 20:36:59,208 - Comparison Step 48, Loss_X_TNG: 26.760957717895508, normE: 0.22551023960113525
2024-12-24 20:36:59,402 - Comparison Step 49, Loss_X_TNG: 26.345151901245117, normE: 0.22551023960113525
2024-12-24 20:36:59,814 - Comparison Step 0, Loss_X_TNG: 26.337295532226562, normE: 4.441866397857666
2024-12-24 20:37:00,370 - Comparison Step 1, Loss_X_TNG: 26.50139808654785, normE: 8.489716529846191
2024-12-24 20:37:00,921 - Comparison Step 2, Loss_X_TNG: 27.087587356567383, normE: 8.107794761657715
2024-12-24 20:37:01,470 - Comparison Step 3, Loss_X_TNG: 27.02878189086914, normE: 8.372281074523926
2024-12-24 20:37:02,016 - Comparison Step 4, Loss_X_TNG: 26.95314598083496, normE: 8.168892860412598
2024-12-24 20:37:02,566 - Comparison Step 5, Loss_X_TNG: 26.659343719482422, normE: 8.266947746276855
2024-12-24 20:37:03,111 - Comparison Step 6, Loss_X_TNG: 26.58897590637207, normE: 8.170512199401855
2024-12-24 20:37:03,668 - Comparison Step 7, Loss_X_TNG: 26.62122917175293, normE: 8.220379829406738
2024-12-24 20:37:04,214 - Comparison Step 8, Loss_X_TNG: 26.719017028808594, normE: 8.182334899902344
2024-12-24 20:37:04,768 - Comparison Step 9, Loss_X_TNG: 26.615718841552734, normE: 8.19621753692627
2024-12-24 20:37:05,314 - Comparison Step 10, Loss_X_TNG: 26.617843627929688, normE: 8.177078247070312
2024-12-24 20:37:05,859 - Comparison Step 11, Loss_X_TNG: 26.68457794189453, normE: 8.18910026550293
2024-12-24 20:37:05,920 - Comparison Step 12, Loss_X_TNG: 26.692777633666992, normE: 8.17891788482666
2024-12-24 20:37:06,471 - Comparison Step 13, Loss_X_TNG: 26.7048397064209, normE: 8.186813354492188
2024-12-24 20:37:07,020 - Comparison Step 14, Loss_X_TNG: 26.704622268676758, normE: 8.181314468383789
2024-12-24 20:37:07,568 - Comparison Step 15, Loss_X_TNG: 27.20615577697754, normE: 8.199620246887207
2024-12-24 20:37:08,111 - Comparison Step 16, Loss_X_TNG: 26.777862548828125, normE: 8.188650131225586
2024-12-24 20:37:08,672 - Comparison Step 17, Loss_X_TNG: 26.718069076538086, normE: 8.195914268493652
2024-12-24 20:37:09,219 - Comparison Step 18, Loss_X_TNG: 26.614883422851562, normE: 8.18439769744873
2024-12-24 20:37:09,770 - Comparison Step 19, Loss_X_TNG: 26.6054630279541, normE: 8.18548583984375
2024-12-24 20:37:10,318 - Comparison Step 20, Loss_X_TNG: 26.562698364257812, normE: 8.178226470947266
2024-12-24 20:37:10,866 - Comparison Step 21, Loss_X_TNG: 26.566335678100586, normE: 8.177193641662598
2024-12-24 20:37:11,287 - Comparison Step 22, Loss_X_TNG: 26.57331085205078, normE: 8.172505378723145
2024-12-24 20:37:11,836 - Comparison Step 23, Loss_X_TNG: 26.74182891845703, normE: 8.179619789123535
2024-12-24 20:37:12,381 - Comparison Step 24, Loss_X_TNG: 26.71657371520996, normE: 8.176887512207031
2024-12-24 20:37:12,929 - Comparison Step 25, Loss_X_TNG: 26.636573791503906, normE: 8.177976608276367
2024-12-24 20:37:13,489 - Comparison Step 26, Loss_X_TNG: 26.57780647277832, normE: 8.172905921936035
2024-12-24 20:37:14,040 - Comparison Step 27, Loss_X_TNG: 26.669631958007812, normE: 8.177149772644043
2024-12-24 20:37:14,592 - Comparison Step 28, Loss_X_TNG: 26.68962860107422, normE: 8.176225662231445
2024-12-24 20:37:15,142 - Comparison Step 29, Loss_X_TNG: 26.857925415039062, normE: 8.1797513961792
2024-12-24 20:37:15,639 - Comparison Step 30, Loss_X_TNG: 26.567949295043945, normE: 8.172403335571289
2024-12-24 20:37:16,194 - Comparison Step 31, Loss_X_TNG: 26.497604370117188, normE: 8.169219970703125
2024-12-24 20:37:16,745 - Comparison Step 32, Loss_X_TNG: 26.576148986816406, normE: 8.168506622314453
2024-12-24 20:37:16,945 - Comparison Step 33, Loss_X_TNG: 26.554096221923828, normE: 8.166485786437988
2024-12-24 20:37:17,184 - Comparison Step 34, Loss_X_TNG: 26.546899795532227, normE: 8.164509773254395
2024-12-24 20:37:17,588 - Comparison Step 35, Loss_X_TNG: 26.555282592773438, normE: 8.163137435913086
2024-12-24 20:37:18,134 - Comparison Step 36, Loss_X_TNG: 26.648954391479492, normE: 8.16647720336914
2024-12-24 20:37:18,698 - Comparison Step 37, Loss_X_TNG: 26.716556549072266, normE: 8.169479370117188
2024-12-24 20:37:19,246 - Comparison Step 38, Loss_X_TNG: 26.655672073364258, normE: 8.170503616333008
2024-12-24 20:37:19,321 - Comparison Step 39, Loss_X_TNG: 26.620893478393555, normE: 8.170254707336426
2024-12-24 20:37:19,871 - Comparison Step 40, Loss_X_TNG: 26.57501220703125, normE: 8.166722297668457
2024-12-24 20:37:20,261 - Comparison Step 41, Loss_X_TNG: 26.553878784179688, normE: 8.165488243103027
2024-12-24 20:37:20,824 - Comparison Step 42, Loss_X_TNG: 26.55180549621582, normE: 8.162872314453125
2024-12-24 20:37:21,380 - Comparison Step 43, Loss_X_TNG: 26.619447708129883, normE: 8.163433074951172
2024-12-24 20:37:21,935 - Comparison Step 44, Loss_X_TNG: 26.614696502685547, normE: 8.163084983825684
2024-12-24 20:37:22,442 - Comparison Step 45, Loss_X_TNG: 26.623872756958008, normE: 8.164074897766113
2024-12-24 20:37:22,988 - Comparison Step 46, Loss_X_TNG: 26.66480827331543, normE: 8.165451049804688
2024-12-24 20:37:23,267 - Comparison Step 47, Loss_X_TNG: 26.67654800415039, normE: 8.165839195251465
2024-12-24 20:37:23,824 - Comparison Step 48, Loss_X_TNG: 26.69149398803711, normE: 8.16910457611084
2024-12-24 20:37:24,379 - Comparison Step 49, Loss_X_TNG: 26.689178466796875, normE: 8.171073913574219
2024-12-24 20:37:24,379 - Norm2 (Comparison Algorithm): 26.689178466796875
2024-12-24 20:37:24,920 - Norm2 (Original TR Algorithm): 26.809404373168945
2024-12-24 20:37:24,920 - Norm2 (Our Algorithm): 26.345151901245117
2024-12-24 20:37:25,016 - Clipping input data to the valid range for imshow with RGB data ([0..1] for floats or [0..255] for integers). Got range [-0.104303755..1.2069418].
2024-12-24 20:37:25,020 - Clipping input data to the valid range for imshow with RGB data ([0..1] for floats or [0..255] for integers). Got range [-0.0021943732..0.002247425].
2024-12-24 20:37:25,021 - Clipping input data to the valid range for imshow with RGB data ([0..1] for floats or [0..255] for integers). Got range [-0.0015352381..1.0013231].
2024-12-24 20:37:25,023 - Clipping input data to the valid range for imshow with RGB data ([0..1] for floats or [0..255] for integers). Got range [-0.13009794..1.1718796].
2024-12-24 20:37:25,026 - Clipping input data to the valid range for imshow with RGB data ([0..1] for floats or [0..255] for integers). Got range [-0.029402614..0.029372433].
2024-12-24 20:37:25,028 - Clipping input data to the valid range for imshow with RGB data ([0..1] for floats or [0..255] for integers). Got range [-0.021267468..1.022225].
2024-12-24 20:37:25,030 - Clipping input data to the valid range for imshow with RGB data ([0..1] for floats or [0..255] for integers). Got range [-0.11221443..1.1758835].
