2024-12-16 02:38:39,001 - Norm2 (epsilon): 100.0
2024-12-16 02:38:41,157 - Step 0 norm(X - TN_G_Ours): 41.65977075097074
2024-12-16 02:38:41,329 - Step 1 norm(X - TN_G_Ours): 41.00621767116924
2024-12-16 02:38:41,525 - Step 2 norm(X - TN_G_Ours): 40.70624088361636
2024-12-16 02:38:41,690 - Step 3 norm(X - TN_G_Ours): 40.57677125196601
2024-12-16 02:38:41,894 - Step 4 norm(X - TN_G_Ours): 40.49029952308022
2024-12-16 02:38:42,064 - Step 5 norm(X - TN_G_Ours): 40.42457923646593
2024-12-16 02:38:42,265 - Step 6 norm(X - TN_G_Ours): 40.37449659854519
2024-12-16 02:38:42,428 - Step 7 norm(X - TN_G_Ours): 40.33779487419336
2024-12-16 02:38:42,618 - Step 8 norm(X - TN_G_Ours): 40.31167180593063
2024-12-16 02:38:42,798 - Step 9 norm(X - TN_G_Ours): 40.29240051253462
2024-12-16 02:38:43,051 - Step 0 norm(X - TN_G_ATR): 100.17783503755957
2024-12-16 02:38:43,253 - Step 1 norm(X - TN_G_ATR): 103.6585911327421
2024-12-16 02:38:43,424 - Step 2 norm(X - TN_G_ATR): 104.14228829316887
2024-12-16 02:38:43,623 - Step 3 norm(X - TN_G_ATR): 104.58386194670524
2024-12-16 02:38:43,793 - Step 4 norm(X - TN_G_ATR): 104.97081532651112
2024-12-16 02:38:43,982 - Step 5 norm(X - TN_G_ATR): 105.33205957085192
2024-12-16 02:38:44,156 - Step 6 norm(X - TN_G_ATR): 105.66733619004503
2024-12-16 02:38:44,344 - Step 7 norm(X - TN_G_ATR): 105.97762422293444
2024-12-16 02:38:44,526 - Step 8 norm(X - TN_G_ATR): 106.27620081361114
2024-12-16 02:38:44,703 - Step 9 norm(X - TN_G_ATR): 106.56803046499218
2024-12-16 02:38:44,705 - Norm2 (Our Algorithm): 40.29240036010742
2024-12-16 02:38:44,705 - Norm2 (Comparison Algorithm): 37.29138946533203
2024-12-16 02:38:44,891 - Norm2 (Original TR Algorithm): 29.273649215698242
2024-12-16 02:38:45,025 - Clipping input data to the valid range for imshow with RGB data ([0..1] for floats or [0..255] for integers). Got range [-0.11927688..1.1455112].
2024-12-16 02:38:45,030 - Clipping input data to the valid range for imshow with RGB data ([0..1] for floats or [0..255] for integers). Got range [-1.0855721..1.0690509].
2024-12-16 02:38:45,032 - Clipping input data to the valid range for imshow with RGB data ([0..1] for floats or [0..255] for integers). Got range [-0.88149405..1.8357594].
2024-12-16 02:38:45,035 - Clipping input data to the valid range for imshow with RGB data ([0..1] for floats or [0..255] for integers). Got range [-0.32731843..1.3155755].
2024-12-16 02:38:45,039 - Clipping input data to the valid range for imshow with RGB data ([0..1] for floats or [0..255] for integers). Got range [-0.8398653..0.76999116].
2024-12-16 02:38:45,042 - Clipping input data to the valid range for imshow with RGB data ([0..1] for floats or [0..255] for integers). Got range [-0.64958465..1.6904212].
2024-12-16 02:38:45,044 - Clipping input data to the valid range for imshow with RGB data ([0..1] for floats or [0..255] for integers). Got range [-0.2733681..1.2555041].
