2024-12-26 16:24:56,407 - Norm2 (epsilon): 1
2024-12-26 16:24:56,407 - Optimization parameters:
2024-12-26 16:24:56,407 - epsilon (Frobenius norm constraint): 1
2024-12-26 16:24:56,407 - inner_tol (Tolerance for inner optimization): 1e-10
2024-12-26 16:24:56,407 - lr (Learning rate): 0.1
2024-12-26 16:24:56,407 - outer_num_steps (Number of outer optimization steps): 300
2024-12-26 16:24:56,407 - inner_num_steps (Number of inner optimization steps): 1000
2024-12-26 16:24:56,407 - outer_dis_num (Display loss every outer_dis_num steps): 1
2024-12-26 16:24:56,408 - inner_dis_num (Display loss every inner_dis_num steps): 2000
2024-12-26 16:24:59,625 - Step 0, RSE_E: 0.020174603909254074, Loss_X_Ours: 26.523468017578125, normE: 1.0
2024-12-26 16:25:00,227 - Step 1, RSE_E: 0.02194410189986229, Loss_X_Ours: 26.50445556640625, normE: 1.0
2024-12-26 16:25:01,210 - Step 2, RSE_E: 0.023851651698350906, Loss_X_Ours: 26.481182098388672, normE: 0.9999998807907104
2024-12-26 16:25:01,349 - Step 3, RSE_E: 0.025909235700964928, Loss_X_Ours: 26.478893280029297, normE: 1.0
2024-12-26 16:25:01,506 - Step 4, RSE_E: 0.028105594217777252, Loss_X_Ours: 26.476499557495117, normE: 1.0
2024-12-26 16:25:01,525 - Step 5, RSE_E: 0.030439313501119614, Loss_X_Ours: 26.476709365844727, normE: 0.9999999403953552
2024-12-26 16:25:02,109 - Step 6, RSE_E: 0.032887835055589676, Loss_X_Ours: 26.46662139892578, normE: 1.0
2024-12-26 16:25:02,193 - Step 7, RSE_E: 0.035445235669612885, Loss_X_Ours: 26.46578025817871, normE: 0.9999999403953552
2024-12-26 16:25:02,292 - Step 8, RSE_E: 0.038065746426582336, Loss_X_Ours: 26.464773178100586, normE: 1.0
2024-12-26 16:25:02,394 - Step 9, RSE_E: 0.040714509785175323, Loss_X_Ours: 26.463850021362305, normE: 1.0
2024-12-26 16:25:03,220 - Step 10, RSE_E: 0.043314918875694275, Loss_X_Ours: 26.45155143737793, normE: 0.9999999403953552
2024-12-26 16:25:03,466 - Step 11, RSE_E: 0.04583922401070595, Loss_X_Ours: 26.447717666625977, normE: 0.9999999403953552
2024-12-26 16:25:03,512 - Step 12, RSE_E: 0.04820067435503006, Loss_X_Ours: 26.44826316833496, normE: 1.0000001192092896
2024-12-26 16:25:04,266 - Step 13, RSE_E: 0.05029821768403053, Loss_X_Ours: 26.4397029876709, normE: 1.0
2024-12-26 16:25:07,092 - Step 14, RSE_E: 0.05205827206373215, Loss_X_Ours: 26.412874221801758, normE: 0.9999999403953552
2024-12-26 16:25:08,378 - Step 15, RSE_E: 0.053484924137592316, Loss_X_Ours: 26.406936645507812, normE: 1.0
2024-12-26 16:25:08,735 - Step 16, RSE_E: 0.05445970594882965, Loss_X_Ours: 26.404037475585938, normE: 1.0
2024-12-26 16:25:11,555 - Step 17, RSE_E: 0.054939109832048416, Loss_X_Ours: 26.42399024963379, normE: 0.9999999403953552
2024-12-26 16:25:12,153 - Step 18, RSE_E: 0.054928772151470184, Loss_X_Ours: 26.42220687866211, normE: 1.0
2024-12-26 16:25:13,126 - Step 19, RSE_E: 0.05440867319703102, Loss_X_Ours: 26.426368713378906, normE: 1.0
2024-12-26 16:25:13,534 - Step 20, RSE_E: 0.05342913791537285, Loss_X_Ours: 26.42128562927246, normE: 1.0
2024-12-26 16:25:14,680 - Step 21, RSE_E: 0.05222238972783089, Loss_X_Ours: 26.449356079101562, normE: 1.0
2024-12-26 16:25:14,996 - Step 22, RSE_E: 0.050525013357400894, Loss_X_Ours: 26.439212799072266, normE: 1.0
2024-12-26 16:25:15,958 - Step 23, RSE_E: 0.048562899231910706, Loss_X_Ours: 26.42496681213379, normE: 1.0
2024-12-26 16:25:16,481 - Step 24, RSE_E: 0.04644886776804924, Loss_X_Ours: 26.420576095581055, normE: 0.9999999403953552
2024-12-26 16:25:19,309 - Step 25, RSE_E: 0.044277891516685486, Loss_X_Ours: 26.40871238708496, normE: 0.9999998807907104
2024-12-26 16:25:20,220 - Step 26, RSE_E: 0.04208559915423393, Loss_X_Ours: 26.408720016479492, normE: 1.0
2024-12-26 16:25:22,091 - Step 27, RSE_E: 0.039926912635564804, Loss_X_Ours: 26.39604949951172, normE: 1.0
2024-12-26 16:25:24,481 - Step 28, RSE_E: 0.03787154331803322, Loss_X_Ours: 26.397823333740234, normE: 1.0
2024-12-26 16:25:26,242 - Step 29, RSE_E: 0.0358600877225399, Loss_X_Ours: 26.39260482788086, normE: 1.0
2024-12-26 16:25:27,211 - Step 30, RSE_E: 0.03400595113635063, Loss_X_Ours: 26.394529342651367, normE: 0.9999999403953552
2024-12-26 16:25:29,457 - Step 31, RSE_E: 0.03240923210978508, Loss_X_Ours: 26.400907516479492, normE: 0.9999999403953552
