2024-12-16 02:24:24,838 - Norm2 (epsilon): 100.0
2024-12-16 02:24:28,600 - Step 0 norm(X - TN_G_Ours): 40.522079665654964
2024-12-16 02:24:30,524 - Step 1 norm(X - TN_G_Ours): 40.37723575224272
2024-12-16 02:24:32,519 - Step 2 norm(X - TN_G_Ours): 40.38528131962962
2024-12-16 02:24:34,460 - Step 3 norm(X - TN_G_Ours): 40.41009111431435
2024-12-16 02:24:36,463 - Step 4 norm(X - TN_G_Ours): 40.42333660867352
2024-12-16 02:24:38,451 - Step 5 norm(X - TN_G_Ours): 40.42979393101933
2024-12-16 02:24:40,100 - Step 6 norm(X - TN_G_Ours): 40.43431510351851
2024-12-16 02:24:41,743 - Step 7 norm(X - TN_G_Ours): 40.440067357159066
2024-12-16 02:24:43,554 - Step 8 norm(X - TN_G_Ours): 40.45003488583941
2024-12-16 02:24:45,538 - Step 9 norm(X - TN_G_Ours): 40.46070141971095
2024-12-16 02:24:47,549 - Step 0 norm(X - TN_G_ATR): 40.20875549316406
2024-12-16 02:24:49,531 - Step 1 norm(X - TN_G_ATR): 40.277122497558594
2024-12-16 02:24:51,487 - Step 2 norm(X - TN_G_ATR): 39.58189010620117
2024-12-16 02:24:53,501 - Step 3 norm(X - TN_G_ATR): 39.20319366455078
2024-12-16 02:24:55,518 - Step 4 norm(X - TN_G_ATR): 38.86863327026367
2024-12-16 02:24:57,165 - Step 5 norm(X - TN_G_ATR): 38.68050003051758
2024-12-16 02:24:58,782 - Step 6 norm(X - TN_G_ATR): 38.33938980102539
2024-12-16 02:25:00,557 - Step 7 norm(X - TN_G_ATR): 37.86163330078125
2024-12-16 02:25:02,533 - Step 8 norm(X - TN_G_ATR): 37.515220642089844
2024-12-16 02:25:04,480 - Step 9 norm(X - TN_G_ATR): 37.23424530029297
2024-12-16 02:25:04,486 - Norm2 (Our Algorithm): 40.46070098876953
2024-12-16 02:25:04,486 - Norm2 (Comparison Algorithm): 37.23424530029297
2024-12-16 02:25:06,429 - Norm2 (Original TR Algorithm): 26.944562911987305
2024-12-16 02:25:06,536 - Clipping input data to the valid range for imshow with RGB data ([0..1] for floats or [0..255] for integers). Got range [-0.092967115..1.1903074].
2024-12-16 02:25:06,540 - Clipping input data to the valid range for imshow with RGB data ([0..1] for floats or [0..255] for integers). Got range [-0.9999845..1.056392].
2024-12-16 02:25:06,542 - Clipping input data to the valid range for imshow with RGB data ([0..1] for floats or [0..255] for integers). Got range [-0.81575155..1.7777876].
2024-12-16 02:25:06,544 - Clipping input data to the valid range for imshow with RGB data ([0..1] for floats or [0..255] for integers). Got range [-0.28214067..1.3290275].
2024-12-16 02:25:06,547 - Clipping input data to the valid range for imshow with RGB data ([0..1] for floats or [0..255] for integers). Got range [-0.8285213..0.805572].
2024-12-16 02:25:06,549 - Clipping input data to the valid range for imshow with RGB data ([0..1] for floats or [0..255] for integers). Got range [-0.58965963..1.6674876].
2024-12-16 02:25:06,551 - Clipping input data to the valid range for imshow with RGB data ([0..1] for floats or [0..255] for integers). Got range [-0.27727413..1.268733].
