2024-12-16 01:47:14,271 - Step 0 norm(X - TN_G_Ours): -25016.560546875
2024-12-16 01:47:16,233 - Step 1 norm(X - TN_G_Ours): -760.8231811523438
2024-12-16 01:47:18,210 - Step 2 norm(X - TN_G_Ours): -742.4029541015625
2024-12-16 01:47:20,172 - Step 3 norm(X - TN_G_Ours): -720.5657348632812
2024-12-16 01:47:21,833 - Step 4 norm(X - TN_G_Ours): -715.1376342773438
2024-12-16 01:47:23,458 - Step 5 norm(X - TN_G_Ours): -712.5731201171875
2024-12-16 01:47:25,251 - Step 6 norm(X - TN_G_Ours): -711.3548583984375
2024-12-16 01:47:27,236 - Step 7 norm(X - TN_G_Ours): -713.4767456054688
2024-12-16 01:47:29,202 - Step 8 norm(X - TN_G_Ours): -708.873046875
2024-12-16 01:47:31,174 - Step 9 norm(X - TN_G_Ours): -708.2555541992188
2024-12-16 01:47:33,221 - Step 0 norm(X - TN_G_ATR): 154.31076049804688
2024-12-16 01:47:35,202 - Step 1 norm(X - TN_G_ATR): 26.918657302856445
2024-12-16 01:47:37,184 - Step 2 norm(X - TN_G_ATR): 26.898279190063477
2024-12-16 01:47:38,430 - Step 3 norm(X - TN_G_ATR): 26.717470169067383
2024-12-16 01:47:39,998 - Step 4 norm(X - TN_G_ATR): 26.668848037719727
2024-12-16 01:47:41,673 - Step 5 norm(X - TN_G_ATR): 26.636402130126953
2024-12-16 01:47:43,561 - Step 6 norm(X - TN_G_ATR): 26.597904205322266
2024-12-16 01:47:45,464 - Step 7 norm(X - TN_G_ATR): 26.584529876708984
2024-12-16 01:47:47,459 - Step 8 norm(X - TN_G_ATR): 26.550872802734375
2024-12-16 01:47:49,411 - Step 9 norm(X - TN_G_ATR): 26.53728485107422
2024-12-16 01:47:49,414 - Norm2 (Our Algorithm): 26.61307144165039
2024-12-16 01:47:49,414 - Norm2 (Comparison Algorithm): 26.53728485107422
2024-12-16 01:47:51,428 - Norm2 (Original TR Algorithm): 27.106403350830078
2024-12-16 01:47:51,547 - Clipping input data to the valid range for imshow with RGB data ([0..1] for floats or [0..255] for integers). Got range [-0.13840671..1.2021966].
2024-12-16 01:47:51,551 - Clipping input data to the valid range for imshow with RGB data ([0..1] for floats or [0..255] for integers). Got range [-0.00010648796..0.000106340725].
2024-12-16 01:47:51,553 - Clipping input data to the valid range for imshow with RGB data ([0..1] for floats or [0..255] for integers). Got range [-8.8671615e-05..1.0000597].
2024-12-16 01:47:51,555 - Clipping input data to the valid range for imshow with RGB data ([0..1] for floats or [0..255] for integers). Got range [-0.14625178..1.1587694].
2024-12-16 01:47:51,558 - Clipping input data to the valid range for imshow with RGB data ([0..1] for floats or [0..255] for integers). Got range [-0.010468251..0.01045962].
2024-12-16 01:47:51,560 - Clipping input data to the valid range for imshow with RGB data ([0..1] for floats or [0..255] for integers). Got range [-0.010178299..1.0103406].
2024-12-16 01:47:51,562 - Clipping input data to the valid range for imshow with RGB data ([0..1] for floats or [0..255] for integers). Got range [-0.10974889..1.1716079].
