2024-12-24 20:14:43,357 - Proposed-ATNMF Experiment
2024-12-24 20:14:43,357 - Optimization parameters:
2024-12-24 20:14:43,357 - epsilon (Frobenius norm constraint): 20
2024-12-24 20:14:43,357 - inner_tol (Tolerance for inner optimization): 1e-10
2024-12-24 20:14:43,357 - lr (Learning rate): 0.01
2024-12-24 20:14:43,357 - outer_num_steps (Number of outer optimization steps): 100
2024-12-24 20:14:43,357 - inner_num_steps (Number of inner optimization steps): 100
2024-12-24 20:14:43,357 - outer_dis_num (Display loss every outer_dis_num steps): 10
2024-12-24 20:14:43,357 - inner_dis_num (Display loss every inner_dis_num steps): 2000
2024-12-24 20:14:45,523 - Step 0 norm(X - TN_G_Ours): 48.838016498100636, norm2(E): 6.5636780414161535
2024-12-24 20:14:45,703 - Step 1 norm(X - TN_G_Ours): 50.42783025724114, norm2(E): 17.85905040000307
2024-12-24 20:14:45,888 - Step 2 norm(X - TN_G_Ours): 51.65329836924139, norm2(E): 9.861626567443636
2024-12-24 20:14:46,074 - Step 3 norm(X - TN_G_Ours): 51.01653186406834, norm2(E): 14.015637999189096
2024-12-24 20:14:46,262 - Step 4 norm(X - TN_G_Ours): 51.490807166486036, norm2(E): 11.208338048760424
2024-12-24 20:14:46,450 - Step 5 norm(X - TN_G_Ours): 51.23658599224411, norm2(E): 12.72963268738954
2024-12-24 20:14:46,636 - Step 6 norm(X - TN_G_Ours): 51.416391002012915, norm2(E): 11.736093154463617
2024-12-24 20:14:46,825 - Step 7 norm(X - TN_G_Ours): 51.329138117855386, norm2(E): 12.235397878233925
2024-12-24 20:14:47,013 - Step 8 norm(X - TN_G_Ours): 51.390328081386095, norm2(E): 11.864653950830473
2024-12-24 20:14:47,202 - Step 9 norm(X - TN_G_Ours): 51.35678185954363, norm2(E): 12.015877082536463
2024-12-24 20:14:47,393 - Step 10 norm(X - TN_G_Ours): 51.375803103516056, norm2(E): 11.871075237351988
2024-12-24 20:14:47,588 - Step 11 norm(X - TN_G_Ours): 51.36230549519024, norm2(E): 11.900606907784322
2024-12-24 20:14:47,776 - Step 12 norm(X - TN_G_Ours): 51.36617453849128, norm2(E): 11.832468600042375
2024-12-24 20:14:47,964 - Step 13 norm(X - TN_G_Ours): 51.35910642232787, norm2(E): 11.825893785831397
2024-12-24 20:14:48,151 - Step 14 norm(X - TN_G_Ours): 51.358110533567384, norm2(E): 11.787476982340195
2024-12-24 20:14:48,337 - Step 15 norm(X - TN_G_Ours): 51.35356580319545, norm2(E): 11.769776542060754
2024-12-24 20:14:48,530 - Step 16 norm(X - TN_G_Ours): 51.35101515853898, norm2(E): 11.742981202645808
2024-12-24 20:14:48,716 - Step 17 norm(X - TN_G_Ours): 51.34748731072437, norm2(E): 11.724311698380063
2024-12-24 20:14:48,901 - Step 18 norm(X - TN_G_Ours): 51.34463918128406, norm2(E): 11.702634205276127
2024-12-24 20:14:49,046 - Step 19 norm(X - TN_G_Ours): 51.34146040619243, norm2(E): 11.684024522710445
2024-12-24 20:14:49,180 - Step 20 norm(X - TN_G_Ours): 51.33860956464686, norm2(E): 11.665371018261794
2024-12-24 20:14:49,326 - Step 21 norm(X - TN_G_Ours): 51.335684850428365, norm2(E): 11.648307711880136
2024-12-24 20:14:49,454 - Step 22 norm(X - TN_G_Ours): 51.33297636890564, norm2(E): 11.631609789914421
2024-12-24 20:14:49,585 - Step 23 norm(X - TN_G_Ours): 51.330291525813486, norm2(E): 11.61591192250404
2024-12-24 20:14:49,711 - Step 24 norm(X - TN_G_Ours): 51.32776588534952, norm2(E): 11.600732992843405
2024-12-24 20:14:49,842 - Step 25 norm(X - TN_G_Ours): 51.325282931209934, norm2(E): 11.586182372813937
2024-12-24 20:14:49,976 - Step 26 norm(X - TN_G_Ours): 51.322925916293734, norm2(E): 11.572116152991896
2024-12-24 20:14:50,109 - Step 27 norm(X - TN_G_Ours): 51.32058544321543, norm2(E): 11.55856751111628
2024-12-24 20:14:50,243 - Step 28 norm(X - TN_G_Ours): 51.31837331261704, norm2(E): 11.545461021885842
2024-12-24 20:14:50,375 - Step 29 norm(X - TN_G_Ours): 51.31619914726611, norm2(E): 11.532778133408158
2024-12-24 20:14:50,499 - Step 30 norm(X - TN_G_Ours): 51.314070088646254, norm2(E): 11.520505211564341
2024-12-24 20:14:50,633 - Step 31 norm(X - TN_G_Ours): 51.312069406689055, norm2(E): 11.508620583222694
2024-12-24 20:14:50,769 - Step 32 norm(X - TN_G_Ours): 51.30999727453218, norm2(E): 11.49707515229602
2024-12-24 20:14:50,894 - Step 33 norm(X - TN_G_Ours): 51.308070187897826, norm2(E): 11.48587164928864
2024-12-24 20:14:51,026 - Step 34 norm(X - TN_G_Ours): 51.30623819892665, norm2(E): 11.474969200658109
2024-12-24 20:14:51,150 - Step 35 norm(X - TN_G_Ours): 51.30437283385306, norm2(E): 11.464359312603904
2024-12-24 20:14:51,275 - Step 36 norm(X - TN_G_Ours): 51.30264064841107, norm2(E): 11.454027062082105
2024-12-24 20:14:51,409 - Step 37 norm(X - TN_G_Ours): 51.30089888649613, norm2(E): 11.443954336165518
2024-12-24 20:14:51,544 - Step 38 norm(X - TN_G_Ours): 51.299237971009376, norm2(E): 11.434142410830702
2024-12-24 20:14:51,676 - Step 39 norm(X - TN_G_Ours): 51.2976007982464, norm2(E): 11.424568392038964
2024-12-24 20:14:51,813 - Step 40 norm(X - TN_G_Ours): 51.29600878799563, norm2(E): 11.415223930771901
2024-12-24 20:14:51,948 - Step 41 norm(X - TN_G_Ours): 51.294516679721724, norm2(E): 11.406103918880092
2024-12-24 20:14:52,080 - Step 42 norm(X - TN_G_Ours): 51.292969791190686, norm2(E): 11.397195213485475
2024-12-24 20:14:52,221 - Step 43 norm(X - TN_G_Ours): 51.29152519316057, norm2(E): 11.388502398679577
2024-12-24 20:14:52,346 - Step 44 norm(X - TN_G_Ours): 51.29018765426166, norm2(E): 11.38001075412609
2024-12-24 20:14:52,483 - Step 45 norm(X - TN_G_Ours): 51.28878105882416, norm2(E): 11.371721666399992
2024-12-24 20:14:52,616 - Step 46 norm(X - TN_G_Ours): 51.28746248932335, norm2(E): 11.363620450776807
2024-12-24 20:14:52,750 - Step 47 norm(X - TN_G_Ours): 51.28621053095071, norm2(E): 11.355692447910371
2024-12-24 20:14:52,882 - Step 48 norm(X - TN_G_Ours): 51.28497044319491, norm2(E): 11.347926235314446
2024-12-24 20:14:53,013 - Step 49 norm(X - TN_G_Ours): 51.283901706273774, norm2(E): 11.340300774795708
2024-12-24 20:14:53,172 - Step 50 norm(X - TN_G_Ours): 51.28284008808404, norm2(E): 11.332815927089598
2024-12-24 20:14:53,350 - Step 51 norm(X - TN_G_Ours): 51.28170227558022, norm2(E): 11.325460322443405
2024-12-24 20:14:53,535 - Step 52 norm(X - TN_G_Ours): 51.28069298143552, norm2(E): 11.318227420561243
2024-12-24 20:14:53,720 - Step 53 norm(X - TN_G_Ours): 51.279707472230186, norm2(E): 11.311126728326201
2024-12-24 20:14:53,912 - Step 54 norm(X - TN_G_Ours): 51.27884097022865, norm2(E): 11.30415010741217
2024-12-24 20:14:54,096 - Step 55 norm(X - TN_G_Ours): 51.27793160348075, norm2(E): 11.297300650476757
2024-12-24 20:14:54,281 - Step 56 norm(X - TN_G_Ours): 51.277160295483895, norm2(E): 11.290594266274866
2024-12-24 20:14:54,469 - Step 57 norm(X - TN_G_Ours): 51.276367550174854, norm2(E): 11.284011607877403
2024-12-24 20:14:54,654 - Step 58 norm(X - TN_G_Ours): 51.27569382605905, norm2(E): 11.277574987236449
2024-12-24 20:14:54,840 - Step 59 norm(X - TN_G_Ours): 51.275079610494025, norm2(E): 11.271266671394415
2024-12-24 20:14:55,026 - Step 60 norm(X - TN_G_Ours): 51.27426302569472, norm2(E): 11.265094556356644
2024-12-24 20:14:55,213 - Step 61 norm(X - TN_G_Ours): 51.27399162145341, norm2(E): 11.259068131679669
2024-12-24 20:14:55,391 - Step 62 norm(X - TN_G_Ours): 51.273503566352375, norm2(E): 11.253198478876186
2024-12-24 20:14:55,537 - Step 63 norm(X - TN_G_Ours): 51.27320120793488, norm2(E): 11.247496670839837
2024-12-24 20:14:55,669 - Step 64 norm(X - TN_G_Ours): 51.27280123500544, norm2(E): 11.241983365385977
2024-12-24 20:14:55,802 - Step 65 norm(X - TN_G_Ours): 51.272517918959274, norm2(E): 11.236666416985827
2024-12-24 20:14:55,925 - Step 66 norm(X - TN_G_Ours): 51.272217935556974, norm2(E): 11.231564863832318
2024-12-24 20:14:56,054 - Step 67 norm(X - TN_G_Ours): 51.27194175880947, norm2(E): 11.226680157746216
2024-12-24 20:14:56,176 - Step 68 norm(X - TN_G_Ours): 51.27177986140378, norm2(E): 11.22198500270406
2024-12-24 20:14:56,305 - Step 69 norm(X - TN_G_Ours): 51.27150844401791, norm2(E): 11.217480877472553
2024-12-24 20:14:56,433 - Step 70 norm(X - TN_G_Ours): 51.27133226003348, norm2(E): 11.213118168708206
2024-12-24 20:14:56,563 - Step 71 norm(X - TN_G_Ours): 51.27100846086168, norm2(E): 11.20889360154274
2024-12-24 20:14:56,696 - Step 72 norm(X - TN_G_Ours): 51.27082513248275, norm2(E): 11.204784752349951
2024-12-24 20:14:56,836 - Step 73 norm(X - TN_G_Ours): 51.27066561245085, norm2(E): 11.200781982771332
2024-12-24 20:14:56,967 - Step 74 norm(X - TN_G_Ours): 51.27044180739035, norm2(E): 11.196869280553074
2024-12-24 20:14:57,101 - Step 75 norm(X - TN_G_Ours): 51.27020133490676, norm2(E): 11.193064147246389
2024-12-24 20:14:57,226 - Step 76 norm(X - TN_G_Ours): 51.26993705196546, norm2(E): 11.18934419773774
2024-12-24 20:14:57,358 - Step 77 norm(X - TN_G_Ours): 51.269646577251244, norm2(E): 11.18572374293359
2024-12-24 20:14:57,482 - Step 78 norm(X - TN_G_Ours): 51.269384672409515, norm2(E): 11.182205923901222
2024-12-24 20:14:57,619 - Step 79 norm(X - TN_G_Ours): 51.26916800466558, norm2(E): 11.178782721036441
2024-12-24 20:14:57,751 - Step 80 norm(X - TN_G_Ours): 51.26889181148862, norm2(E): 11.175474813831045
2024-12-24 20:14:57,885 - Step 81 norm(X - TN_G_Ours): 51.268670379677296, norm2(E): 11.172274182199601
2024-12-24 20:14:58,019 - Step 82 norm(X - TN_G_Ours): 51.268391802814286, norm2(E): 11.169195122709027
2024-12-24 20:14:58,150 - Step 83 norm(X - TN_G_Ours): 51.26816084478016, norm2(E): 11.166242365467042
2024-12-24 20:14:58,282 - Step 84 norm(X - TN_G_Ours): 51.26792274262485, norm2(E): 11.16339674222786
2024-12-24 20:14:58,418 - Step 85 norm(X - TN_G_Ours): 51.26774654631799, norm2(E): 11.160715560150095
2024-12-24 20:14:58,552 - Step 86 norm(X - TN_G_Ours): 51.26753225269625, norm2(E): 11.158107969464481
2024-12-24 20:14:58,684 - Step 87 norm(X - TN_G_Ours): 51.26725128859065, norm2(E): 11.155710911454264
2024-12-24 20:14:58,815 - Step 88 norm(X - TN_G_Ours): 51.26706794677627, norm2(E): 11.153333220630884
2024-12-24 20:14:58,939 - Step 89 norm(X - TN_G_Ours): 51.26700365793285, norm2(E): 11.151229661286436
2024-12-24 20:14:59,071 - Step 90 norm(X - TN_G_Ours): 51.266832220622916, norm2(E): 11.149022809264864
2024-12-24 20:14:59,202 - Step 91 norm(X - TN_G_Ours): 51.266641734050616, norm2(E): 11.147327216372105
2024-12-24 20:14:59,333 - Step 92 norm(X - TN_G_Ours): 51.266582206851616, norm2(E): 11.145096872248871
2024-12-24 20:14:59,474 - Step 93 norm(X - TN_G_Ours): 51.266436960195996, norm2(E): 11.14411310829388
2024-12-24 20:14:59,606 - Step 94 norm(X - TN_G_Ours): 51.266444103483764, norm2(E): 11.141273489586695
2024-12-24 20:14:59,736 - Step 95 norm(X - TN_G_Ours): 51.26616789563196, norm2(E): 11.142233252962797
2024-12-24 20:14:59,869 - Step 96 norm(X - TN_G_Ours): 51.2664536278659, norm2(E): 11.136779227479622
2024-12-24 20:14:59,995 - Step 97 norm(X - TN_G_Ours): 51.26578691684275, norm2(E): 11.145122342442448
2024-12-24 20:15:00,142 - Step 98 norm(X - TN_G_Ours): 51.26639886264443, norm2(E): 11.132274735228066
2024-12-24 20:15:00,274 - Step 99 norm(X - TN_G_Ours): 51.263653383299996, norm2(E): 11.171749819626712
2024-12-24 20:15:00,363 - Step 0 norm(X - TN_G_ATR): 15.756810188293457, norm2(E): 6.562400266751922
2024-12-24 20:15:00,434 - Step 1 norm(X - TN_G_ATR): 15.806550025939941, norm2(E): 15.611148754514033
2024-12-24 20:15:00,514 - Step 2 norm(X - TN_G_ATR): 15.90511417388916, norm2(E): 9.589717458368114
2024-12-24 20:15:00,592 - Step 3 norm(X - TN_G_ATR): 15.829495429992676, norm2(E): 12.647972912300474
2024-12-24 20:15:00,666 - Step 4 norm(X - TN_G_ATR): 15.854940414428711, norm2(E): 10.75821838608141
2024-12-24 20:15:00,737 - Step 5 norm(X - TN_G_ATR): 15.827231407165527, norm2(E): 11.768413884813128
2024-12-24 20:15:00,808 - Step 6 norm(X - TN_G_ATR): 15.832417488098145, norm2(E): 11.15460564387837
2024-12-24 20:15:00,880 - Step 7 norm(X - TN_G_ATR): 15.821881294250488, norm2(E): 11.480122499042466
2024-12-24 20:15:00,951 - Step 8 norm(X - TN_G_ATR): 15.82229232788086, norm2(E): 11.276934468589616
2024-12-24 20:15:01,021 - Step 9 norm(X - TN_G_ATR): 15.81815242767334, norm2(E): 11.378978072137272
2024-12-24 20:15:01,093 - Step 10 norm(X - TN_G_ATR): 15.817769050598145, norm2(E): 11.30998652663493
2024-12-24 20:15:01,164 - Step 11 norm(X - TN_G_ATR): 15.816106796264648, norm2(E): 11.340358582461306
2024-12-24 20:15:01,235 - Step 12 norm(X - TN_G_ATR): 15.815750122070312, norm2(E): 11.315673673600259
2024-12-24 20:15:01,306 - Step 13 norm(X - TN_G_ATR): 15.81506061553955, norm2(E): 11.323542768705067
2024-12-24 20:15:01,376 - Step 14 norm(X - TN_G_ATR): 15.814841270446777, norm2(E): 11.313957435228076
2024-12-24 20:15:01,448 - Step 15 norm(X - TN_G_ATR): 15.814545631408691, norm2(E): 11.315182848215954
2024-12-24 20:15:01,521 - Step 16 norm(X - TN_G_ATR): 15.814414978027344, norm2(E): 11.310977584753573
2024-12-24 20:15:01,601 - Step 17 norm(X - TN_G_ATR): 15.814263343811035, norm2(E): 11.31044516625684
2024-12-24 20:15:01,680 - Step 18 norm(X - TN_G_ATR): 15.814163208007812, norm2(E): 11.308339670097723
2024-12-24 20:15:01,755 - Step 19 norm(X - TN_G_ATR): 15.814059257507324, norm2(E): 11.30759405394565
2024-12-24 20:15:01,838 - Step 20 norm(X - TN_G_ATR): 15.813973426818848, norm2(E): 11.306489304456647
2024-12-24 20:15:01,910 - Step 21 norm(X - TN_G_ATR): 15.81389045715332, norm2(E): 11.305931338290577
2024-12-24 20:15:01,995 - Step 22 norm(X - TN_G_ATR): 15.813822746276855, norm2(E): 11.305371782600787
2024-12-24 20:15:02,073 - Step 23 norm(X - TN_G_ATR): 15.813772201538086, norm2(E): 11.305099224672631
2024-12-24 20:15:02,150 - Step 24 norm(X - TN_G_ATR): 15.813735008239746, norm2(E): 11.304914849113686
2024-12-24 20:15:02,226 - Step 25 norm(X - TN_G_ATR): 15.813709259033203, norm2(E): 11.304908436077824
2024-12-24 20:15:02,298 - Step 26 norm(X - TN_G_ATR): 15.813692092895508, norm2(E): 11.305001425275861
2024-12-24 20:15:02,387 - Step 27 norm(X - TN_G_ATR): 15.813678741455078, norm2(E): 11.305216263851037
2024-12-24 20:15:02,460 - Step 28 norm(X - TN_G_ATR): 15.81367015838623, norm2(E): 11.305514476002884
2024-12-24 20:15:02,549 - Step 29 norm(X - TN_G_ATR): 15.813663482666016, norm2(E): 11.305894461701428
2024-12-24 20:15:02,620 - Step 30 norm(X - TN_G_ATR): 15.813653945922852, norm2(E): 11.306320951145835
2024-12-24 20:15:02,702 - Step 31 norm(X - TN_G_ATR): 15.813647270202637, norm2(E): 11.30681318768444
2024-12-24 20:15:02,788 - Step 32 norm(X - TN_G_ATR): 15.813637733459473, norm2(E): 11.307342313828087
2024-12-24 20:15:02,866 - Step 33 norm(X - TN_G_ATR): 15.813627243041992, norm2(E): 11.307922763413046
2024-12-24 20:15:02,946 - Step 34 norm(X - TN_G_ATR): 15.81361198425293, norm2(E): 11.30853048764402
2024-12-24 20:15:03,017 - Step 35 norm(X - TN_G_ATR): 15.813593864440918, norm2(E): 11.309194352827262
2024-12-24 20:15:03,101 - Step 36 norm(X - TN_G_ATR): 15.813572883605957, norm2(E): 11.309875877209436
2024-12-24 20:15:03,182 - Step 37 norm(X - TN_G_ATR): 15.81354808807373, norm2(E): 11.310586288011336
2024-12-24 20:15:03,253 - Step 38 norm(X - TN_G_ATR): 15.813518524169922, norm2(E): 11.311301532259677
2024-12-24 20:15:03,325 - Step 39 norm(X - TN_G_ATR): 15.813483238220215, norm2(E): 11.312036044282877
2024-12-24 20:15:03,401 - Step 40 norm(X - TN_G_ATR): 15.813443183898926, norm2(E): 11.312793033590651
2024-12-24 20:15:03,480 - Step 41 norm(X - TN_G_ATR): 15.81339168548584, norm2(E): 11.313561275328595
2024-12-24 20:15:03,564 - Step 42 norm(X - TN_G_ATR): 15.813337326049805, norm2(E): 11.314355205991887
2024-12-24 20:15:03,638 - Step 43 norm(X - TN_G_ATR): 15.813276290893555, norm2(E): 11.315155580451176
2024-12-24 20:15:03,716 - Step 44 norm(X - TN_G_ATR): 15.813212394714355, norm2(E): 11.315959191302682
2024-12-24 20:15:03,796 - Step 45 norm(X - TN_G_ATR): 15.813141822814941, norm2(E): 11.316770851186675
2024-12-24 20:15:03,867 - Step 46 norm(X - TN_G_ATR): 15.813070297241211, norm2(E): 11.317584144335854
2024-12-24 20:15:03,947 - Step 47 norm(X - TN_G_ATR): 15.812996864318848, norm2(E): 11.31839746670812
2024-12-24 20:15:04,030 - Step 48 norm(X - TN_G_ATR): 15.81292724609375, norm2(E): 11.319231673856848
2024-12-24 20:15:04,103 - Step 49 norm(X - TN_G_ATR): 15.812860488891602, norm2(E): 11.320059494414636
2024-12-24 20:15:04,181 - Step 50 norm(X - TN_G_ATR): 15.812801361083984, norm2(E): 11.320900180377066
2024-12-24 20:15:04,258 - Step 51 norm(X - TN_G_ATR): 15.812743186950684, norm2(E): 11.321739293103349
2024-12-24 20:15:04,331 - Step 52 norm(X - TN_G_ATR): 15.812689781188965, norm2(E): 11.322568809860968
2024-12-24 20:15:04,420 - Step 53 norm(X - TN_G_ATR): 15.812637329101562, norm2(E): 11.323387125023373
2024-12-24 20:15:04,506 - Step 54 norm(X - TN_G_ATR): 15.812583923339844, norm2(E): 11.324199051250616
2024-12-24 20:15:04,578 - Step 55 norm(X - TN_G_ATR): 15.812530517578125, norm2(E): 11.324986936344942
2024-12-24 20:15:04,649 - Step 56 norm(X - TN_G_ATR): 15.81247615814209, norm2(E): 11.325770034634445
2024-12-24 20:15:04,720 - Step 57 norm(X - TN_G_ATR): 15.812422752380371, norm2(E): 11.326525878536131
2024-12-24 20:15:04,793 - Step 58 norm(X - TN_G_ATR): 15.812371253967285, norm2(E): 11.32727532828136
2024-12-24 20:15:04,864 - Step 59 norm(X - TN_G_ATR): 15.812322616577148, norm2(E): 11.327986285323277
2024-12-24 20:15:04,934 - Step 60 norm(X - TN_G_ATR): 15.812278747558594, norm2(E): 11.32868603006591
2024-12-24 20:15:05,005 - Step 61 norm(X - TN_G_ATR): 15.812235832214355, norm2(E): 11.329352091581825
2024-12-24 20:15:05,085 - Step 62 norm(X - TN_G_ATR): 15.81219482421875, norm2(E): 11.330010147487485
2024-12-24 20:15:05,156 - Step 63 norm(X - TN_G_ATR): 15.812153816223145, norm2(E): 11.330639331004534
2024-12-24 20:15:05,228 - Step 64 norm(X - TN_G_ATR): 15.812106132507324, norm2(E): 11.331242849976263
2024-12-24 20:15:05,299 - Step 65 norm(X - TN_G_ATR): 15.812049865722656, norm2(E): 11.331844779852872
2024-12-24 20:15:05,370 - Step 66 norm(X - TN_G_ATR): 15.811986923217773, norm2(E): 11.332414621533701
2024-12-24 20:15:05,445 - Step 67 norm(X - TN_G_ATR): 15.811915397644043, norm2(E): 11.332978056549337
2024-12-24 20:15:05,515 - Step 68 norm(X - TN_G_ATR): 15.81183910369873, norm2(E): 11.333515820980722
2024-12-24 20:15:05,586 - Step 69 norm(X - TN_G_ATR): 15.811758041381836, norm2(E): 11.33406001946787
2024-12-24 20:15:05,657 - Step 70 norm(X - TN_G_ATR): 15.811676025390625, norm2(E): 11.334573729141994
2024-12-24 20:15:05,728 - Step 71 norm(X - TN_G_ATR): 15.811592102050781, norm2(E): 11.335098688241544
2024-12-24 20:15:05,802 - Step 72 norm(X - TN_G_ATR): 15.811508178710938, norm2(E): 11.335601183414838
2024-12-24 20:15:05,886 - Step 73 norm(X - TN_G_ATR): 15.811424255371094, norm2(E): 11.336103689725917
2024-12-24 20:15:05,960 - Step 74 norm(X - TN_G_ATR): 15.81134033203125, norm2(E): 11.336583730118036
2024-12-24 20:15:06,040 - Step 75 norm(X - TN_G_ATR): 15.81125545501709, norm2(E): 11.33706217513668
2024-12-24 20:15:06,111 - Step 76 norm(X - TN_G_ATR): 15.811169624328613, norm2(E): 11.337522968976884
2024-12-24 20:15:06,182 - Step 77 norm(X - TN_G_ATR): 15.811083793640137, norm2(E): 11.33797574417082
2024-12-24 20:15:06,255 - Step 78 norm(X - TN_G_ATR): 15.810995101928711, norm2(E): 11.338418894604331
2024-12-24 20:15:06,334 - Step 79 norm(X - TN_G_ATR): 15.810906410217285, norm2(E): 11.338833151754045
2024-12-24 20:15:06,407 - Step 80 norm(X - TN_G_ATR): 15.810816764831543, norm2(E): 11.339216908346316
2024-12-24 20:15:06,479 - Step 81 norm(X - TN_G_ATR): 15.810725212097168, norm2(E): 11.339550894263994
2024-12-24 20:15:06,550 - Step 82 norm(X - TN_G_ATR): 15.810630798339844, norm2(E): 11.339846347445018
2024-12-24 20:15:06,622 - Step 83 norm(X - TN_G_ATR): 15.810534477233887, norm2(E): 11.340100054878576
2024-12-24 20:15:06,694 - Step 84 norm(X - TN_G_ATR): 15.810437202453613, norm2(E): 11.340299169029322
2024-12-24 20:15:06,771 - Step 85 norm(X - TN_G_ATR): 15.810338973999023, norm2(E): 11.340477409792186
2024-12-24 20:15:06,854 - Step 86 norm(X - TN_G_ATR): 15.810239791870117, norm2(E): 11.340602660895968
2024-12-24 20:15:06,924 - Step 87 norm(X - TN_G_ATR): 15.810137748718262, norm2(E): 11.340695796780494
2024-12-24 20:15:06,995 - Step 88 norm(X - TN_G_ATR): 15.810032844543457, norm2(E): 11.340726306894794
2024-12-24 20:15:07,067 - Step 89 norm(X - TN_G_ATR): 15.80992317199707, norm2(E): 11.340715066321593
2024-12-24 20:15:07,138 - Step 90 norm(X - TN_G_ATR): 15.809804916381836, norm2(E): 11.34064762299937
2024-12-24 20:15:07,210 - Step 91 norm(X - TN_G_ATR): 15.80967903137207, norm2(E): 11.340522371647296
2024-12-24 20:15:07,281 - Step 92 norm(X - TN_G_ATR): 15.809545516967773, norm2(E): 11.340350553610051
2024-12-24 20:15:07,352 - Step 93 norm(X - TN_G_ATR): 15.809404373168945, norm2(E): 11.340130564191497
2024-12-24 20:15:07,426 - Step 94 norm(X - TN_G_ATR): 15.809258460998535, norm2(E): 11.339870433471845
2024-12-24 20:15:07,513 - Step 95 norm(X - TN_G_ATR): 15.809107780456543, norm2(E): 11.339573374262045
2024-12-24 20:15:07,584 - Step 96 norm(X - TN_G_ATR): 15.808956146240234, norm2(E): 11.339234570939936
2024-12-24 20:15:07,656 - Step 97 norm(X - TN_G_ATR): 15.80880355834961, norm2(E): 11.33885884236912
2024-12-24 20:15:07,727 - Step 98 norm(X - TN_G_ATR): 15.808647155761719, norm2(E): 11.338431739673581
2024-12-24 20:15:07,799 - Step 99 norm(X - TN_G_ATR): 15.808491706848145, norm2(E): 11.337950054556188
2024-12-24 20:15:07,799 - Norm2 (Comparison Algorithm): 15.808491706848145
2024-12-24 20:15:07,826 - Norm2 (Our Algorithm): 17.66131019592285
2024-12-24 20:15:07,826 - Norm2 (Original TR Algorithm): 15.756647109985352
