2024-12-17 17:59:54,784 - Norm2 (epsilon): 100.0
2024-12-17 17:59:57,003 - Step 0 norm(X - TN_G_Ours): 4018.040318364165
2024-12-17 17:59:57,126 - Step 1 norm(X - TN_G_Ours): 4020.1084562484134
2024-12-17 17:59:57,258 - Step 2 norm(X - TN_G_Ours): 4022.1770224593547
2024-12-17 17:59:57,384 - Step 3 norm(X - TN_G_Ours): 4024.243904139012
2024-12-17 17:59:57,514 - Step 4 norm(X - TN_G_Ours): 4026.30562675016
2024-12-17 17:59:57,638 - Step 5 norm(X - TN_G_Ours): 4028.3600881748393
2024-12-17 17:59:57,767 - Step 6 norm(X - TN_G_Ours): 4030.4040740352575
2024-12-17 17:59:57,911 - Step 7 norm(X - TN_G_Ours): 4032.434872381698
2024-12-17 17:59:58,059 - Step 8 norm(X - TN_G_Ours): 4034.4503962745657
2024-12-17 17:59:58,197 - Step 9 norm(X - TN_G_Ours): 4036.448438912604
2024-12-17 17:59:58,325 - Step 10 norm(X - TN_G_Ours): 4038.4260547891677
2024-12-17 17:59:58,457 - Step 11 norm(X - TN_G_Ours): 4040.3812938879914
2024-12-17 17:59:58,586 - Step 12 norm(X - TN_G_Ours): 4042.3122096146903
2024-12-17 17:59:58,712 - Step 13 norm(X - TN_G_Ours): 4044.217476842708
2024-12-17 17:59:58,841 - Step 14 norm(X - TN_G_Ours): 4046.0950310144717
2024-12-17 17:59:59,013 - Step 15 norm(X - TN_G_Ours): 4047.942810860845
2024-12-17 17:59:59,188 - Step 16 norm(X - TN_G_Ours): 4049.7599928884674
2024-12-17 17:59:59,383 - Step 17 norm(X - TN_G_Ours): 4051.545384171329
2024-12-17 17:59:59,565 - Step 18 norm(X - TN_G_Ours): 4053.297546442896
2024-12-17 17:59:59,752 - Step 19 norm(X - TN_G_Ours): 4055.0156596491706
2024-12-17 17:59:59,942 - Step 20 norm(X - TN_G_Ours): 4056.698781028732
2024-12-17 18:00:00,124 - Step 21 norm(X - TN_G_Ours): 4058.3464613066244
2024-12-17 18:00:00,308 - Step 22 norm(X - TN_G_Ours): 4059.957512092953
2024-12-17 18:00:00,495 - Step 23 norm(X - TN_G_Ours): 4061.5319769761754
2024-12-17 18:00:00,683 - Step 24 norm(X - TN_G_Ours): 4063.069529309091
2024-12-17 18:00:00,870 - Step 25 norm(X - TN_G_Ours): 4064.5695959104946
2024-12-17 18:00:01,051 - Step 26 norm(X - TN_G_Ours): 4066.031972328796
2024-12-17 18:00:01,230 - Step 27 norm(X - TN_G_Ours): 4067.4570679971534
2024-12-17 18:00:01,412 - Step 28 norm(X - TN_G_Ours): 4068.8444305478183
2024-12-17 18:00:01,599 - Step 29 norm(X - TN_G_Ours): 4070.1940985658166
2024-12-17 18:00:01,785 - Step 30 norm(X - TN_G_Ours): 4071.506355146704
2024-12-17 18:00:01,982 - Step 31 norm(X - TN_G_Ours): 4072.781236452555
2024-12-17 18:00:02,165 - Step 32 norm(X - TN_G_Ours): 4074.019513944429
2024-12-17 18:00:02,363 - Step 33 norm(X - TN_G_Ours): 4075.2212209891136
2024-12-17 18:00:02,546 - Step 34 norm(X - TN_G_Ours): 4076.3865125868524
2024-12-17 18:00:02,731 - Step 35 norm(X - TN_G_Ours): 4077.515910453324
2024-12-17 18:00:02,915 - Step 36 norm(X - TN_G_Ours): 4078.6098121786545
2024-12-17 18:00:03,100 - Step 37 norm(X - TN_G_Ours): 4079.668981669959
2024-12-17 18:00:03,284 - Step 38 norm(X - TN_G_Ours): 4080.693568500335
2024-12-17 18:00:03,479 - Step 39 norm(X - TN_G_Ours): 4081.6848236971946
2024-12-17 18:00:03,670 - Step 40 norm(X - TN_G_Ours): 4082.6422816602485
2024-12-17 18:00:03,859 - Step 41 norm(X - TN_G_Ours): 4083.5671905822733
2024-12-17 18:00:04,055 - Step 42 norm(X - TN_G_Ours): 4084.4599398206856
2024-12-17 18:00:04,239 - Step 43 norm(X - TN_G_Ours): 4085.321284795114
2024-12-17 18:00:04,412 - Step 44 norm(X - TN_G_Ours): 4086.152101916912
2024-12-17 18:00:04,590 - Step 45 norm(X - TN_G_Ours): 4086.9521651225623
2024-12-17 18:00:04,763 - Step 46 norm(X - TN_G_Ours): 4087.7234495498838
2024-12-17 18:00:04,955 - Step 47 norm(X - TN_G_Ours): 4088.465360009792
2024-12-17 18:00:05,133 - Step 48 norm(X - TN_G_Ours): 4089.179746599555
2024-12-17 18:00:05,310 - Step 49 norm(X - TN_G_Ours): 4089.8662569820053
2024-12-17 18:00:05,468 - Step 50 norm(X - TN_G_Ours): 4090.5261275293183
2024-12-17 18:00:05,616 - Step 51 norm(X - TN_G_Ours): 4091.1601044202607
2024-12-17 18:00:05,777 - Step 52 norm(X - TN_G_Ours): 4091.7690550665247
2024-12-17 18:00:05,933 - Step 53 norm(X - TN_G_Ours): 4092.352746281777
2024-12-17 18:00:06,087 - Step 54 norm(X - TN_G_Ours): 4092.9131434712854
2024-12-17 18:00:06,240 - Step 55 norm(X - TN_G_Ours): 4093.4505004946623
2024-12-17 18:00:06,390 - Step 56 norm(X - TN_G_Ours): 4093.9650706863636
2024-12-17 18:00:06,549 - Step 57 norm(X - TN_G_Ours): 4094.4579616843057
2024-12-17 18:00:06,707 - Step 58 norm(X - TN_G_Ours): 4094.9299139301515
2024-12-17 18:00:06,873 - Step 59 norm(X - TN_G_Ours): 4095.381545106634
2024-12-17 18:00:07,034 - Step 60 norm(X - TN_G_Ours): 4095.8134723153594
2024-12-17 18:00:07,189 - Step 61 norm(X - TN_G_Ours): 4096.226556234408
2024-12-17 18:00:07,346 - Step 62 norm(X - TN_G_Ours): 4096.621046667607
2024-12-17 18:00:07,498 - Step 63 norm(X - TN_G_Ours): 4096.997925310678
2024-12-17 18:00:07,654 - Step 64 norm(X - TN_G_Ours): 4097.358417322068
2024-12-17 18:00:07,801 - Step 65 norm(X - TN_G_Ours): 4097.701550869707
2024-12-17 18:00:07,966 - Step 66 norm(X - TN_G_Ours): 4098.029282472247
2024-12-17 18:00:08,126 - Step 67 norm(X - TN_G_Ours): 4098.341859825751
2024-12-17 18:00:08,289 - Step 68 norm(X - TN_G_Ours): 4098.639530380782
2024-12-17 18:00:08,439 - Step 69 norm(X - TN_G_Ours): 4098.923761184148
2024-12-17 18:00:08,609 - Step 70 norm(X - TN_G_Ours): 4099.194311081143
2024-12-17 18:00:08,792 - Step 71 norm(X - TN_G_Ours): 4099.452158520697
2024-12-17 18:00:08,970 - Step 72 norm(X - TN_G_Ours): 4099.697305899546
2024-12-17 18:00:09,157 - Step 73 norm(X - TN_G_Ours): 4099.930243309025
2024-12-17 18:00:09,338 - Step 74 norm(X - TN_G_Ours): 4100.151948403864
2024-12-17 18:00:09,511 - Step 75 norm(X - TN_G_Ours): 4100.362910767777
2024-12-17 18:00:09,687 - Step 76 norm(X - TN_G_Ours): 4100.563375927752
2024-12-17 18:00:09,864 - Step 77 norm(X - TN_G_Ours): 4100.7533454232525
2024-12-17 18:00:10,048 - Step 78 norm(X - TN_G_Ours): 4100.9345276412305
2024-12-17 18:00:10,227 - Step 79 norm(X - TN_G_Ours): 4101.105948399772
2024-12-17 18:00:10,406 - Step 80 norm(X - TN_G_Ours): 4101.26955953885
2024-12-17 18:00:10,591 - Step 81 norm(X - TN_G_Ours): 4101.423899086755
2024-12-17 18:00:10,769 - Step 82 norm(X - TN_G_Ours): 4101.570430944713
2024-12-17 18:00:10,946 - Step 83 norm(X - TN_G_Ours): 4101.709399750304
2024-12-17 18:00:11,123 - Step 84 norm(X - TN_G_Ours): 4101.840806272227
2024-12-17 18:00:11,299 - Step 85 norm(X - TN_G_Ours): 4101.965382594056
2024-12-17 18:00:11,481 - Step 86 norm(X - TN_G_Ours): 4102.083616895199
2024-12-17 18:00:11,657 - Step 87 norm(X - TN_G_Ours): 4102.195265952122
2024-12-17 18:00:11,831 - Step 88 norm(X - TN_G_Ours): 4102.300817833817
2024-12-17 18:00:12,007 - Step 89 norm(X - TN_G_Ours): 4102.40076053035
2024-12-17 18:00:12,186 - Step 90 norm(X - TN_G_Ours): 4102.494606943439
2024-12-17 18:00:12,378 - Step 91 norm(X - TN_G_Ours): 4102.58406373349
2024-12-17 18:00:12,581 - Step 92 norm(X - TN_G_Ours): 4102.667912468666
2024-12-17 18:00:12,755 - Step 93 norm(X - TN_G_Ours): 4102.747615927648
2024-12-17 18:00:12,931 - Step 94 norm(X - TN_G_Ours): 4102.822199413472
2024-12-17 18:00:13,108 - Step 95 norm(X - TN_G_Ours): 4102.893125588333
2024-12-17 18:00:13,283 - Step 96 norm(X - TN_G_Ours): 4102.959419735955
2024-12-17 18:00:13,459 - Step 97 norm(X - TN_G_Ours): 4103.022056972153
2024-12-17 18:00:13,634 - Step 98 norm(X - TN_G_Ours): 4103.0805500257975
2024-12-17 18:00:13,811 - Step 99 norm(X - TN_G_Ours): 4103.136117654397
2024-12-17 18:00:13,811 - Norm2 (Our Algorithm): 4103.13623046875
2024-12-17 18:00:13,920 - Step 0 norm(X - TN_G_ATR): 4018.316650390625
2024-12-17 18:00:14,047 - Step 1 norm(X - TN_G_ATR): 4018.279052734375
2024-12-17 18:00:14,167 - Step 2 norm(X - TN_G_ATR): 4018.2412109375
2024-12-17 18:00:14,282 - Step 3 norm(X - TN_G_ATR): 4018.2041015625
2024-12-17 18:00:14,395 - Step 4 norm(X - TN_G_ATR): 4018.167236328125
2024-12-17 18:00:14,506 - Step 5 norm(X - TN_G_ATR): 4018.13037109375
2024-12-17 18:00:14,616 - Step 6 norm(X - TN_G_ATR): 4018.09423828125
2024-12-17 18:00:14,725 - Step 7 norm(X - TN_G_ATR): 4018.058349609375
2024-12-17 18:00:14,838 - Step 8 norm(X - TN_G_ATR): 4018.023193359375
2024-12-17 18:00:14,948 - Step 9 norm(X - TN_G_ATR): 4017.988525390625
2024-12-17 18:00:15,060 - Step 10 norm(X - TN_G_ATR): 4017.953857421875
2024-12-17 18:00:15,172 - Step 11 norm(X - TN_G_ATR): 4017.92041015625
2024-12-17 18:00:15,284 - Step 12 norm(X - TN_G_ATR): 4017.88720703125
2024-12-17 18:00:15,397 - Step 13 norm(X - TN_G_ATR): 4017.8544921875
2024-12-17 18:00:15,508 - Step 14 norm(X - TN_G_ATR): 4017.822265625
2024-12-17 18:00:15,620 - Step 15 norm(X - TN_G_ATR): 4017.791015625
2024-12-17 18:00:15,733 - Step 16 norm(X - TN_G_ATR): 4017.759765625
2024-12-17 18:00:15,852 - Step 17 norm(X - TN_G_ATR): 4017.7294921875
2024-12-17 18:00:15,963 - Step 18 norm(X - TN_G_ATR): 4017.69970703125
2024-12-17 18:00:16,083 - Step 19 norm(X - TN_G_ATR): 4017.670654296875
2024-12-17 18:00:16,189 - Step 20 norm(X - TN_G_ATR): 4017.642333984375
2024-12-17 18:00:16,294 - Step 21 norm(X - TN_G_ATR): 4017.6142578125
2024-12-17 18:00:16,400 - Step 22 norm(X - TN_G_ATR): 4017.587158203125
2024-12-17 18:00:16,508 - Step 23 norm(X - TN_G_ATR): 4017.560546875
2024-12-17 18:00:16,626 - Step 24 norm(X - TN_G_ATR): 4017.53466796875
2024-12-17 18:00:16,731 - Step 25 norm(X - TN_G_ATR): 4017.509521484375
2024-12-17 18:00:16,835 - Step 26 norm(X - TN_G_ATR): 4017.484375
2024-12-17 18:00:16,939 - Step 27 norm(X - TN_G_ATR): 4017.460693359375
2024-12-17 18:00:17,049 - Step 28 norm(X - TN_G_ATR): 4017.437255859375
2024-12-17 18:00:17,154 - Step 29 norm(X - TN_G_ATR): 4017.414306640625
2024-12-17 18:00:17,260 - Step 30 norm(X - TN_G_ATR): 4017.392333984375
2024-12-17 18:00:17,378 - Step 31 norm(X - TN_G_ATR): 4017.370849609375
2024-12-17 18:00:17,492 - Step 32 norm(X - TN_G_ATR): 4017.35009765625
2024-12-17 18:00:17,601 - Step 33 norm(X - TN_G_ATR): 4017.32958984375
2024-12-17 18:00:17,716 - Step 34 norm(X - TN_G_ATR): 4017.309814453125
2024-12-17 18:00:17,823 - Step 35 norm(X - TN_G_ATR): 4017.29052734375
2024-12-17 18:00:17,935 - Step 36 norm(X - TN_G_ATR): 4017.27197265625
2024-12-17 18:00:18,045 - Step 37 norm(X - TN_G_ATR): 4017.25390625
2024-12-17 18:00:18,169 - Step 38 norm(X - TN_G_ATR): 4017.236083984375
2024-12-17 18:00:18,293 - Step 39 norm(X - TN_G_ATR): 4017.21923828125
2024-12-17 18:00:18,417 - Step 40 norm(X - TN_G_ATR): 4017.202392578125
2024-12-17 18:00:18,534 - Step 41 norm(X - TN_G_ATR): 4017.1865234375
2024-12-17 18:00:18,656 - Step 42 norm(X - TN_G_ATR): 4017.1708984375
2024-12-17 18:00:18,772 - Step 43 norm(X - TN_G_ATR): 4017.155517578125
2024-12-17 18:00:18,886 - Step 44 norm(X - TN_G_ATR): 4017.14111328125
2024-12-17 18:00:19,008 - Step 45 norm(X - TN_G_ATR): 4017.126953125
2024-12-17 18:00:19,134 - Step 46 norm(X - TN_G_ATR): 4017.11279296875
2024-12-17 18:00:19,249 - Step 47 norm(X - TN_G_ATR): 4017.099609375
2024-12-17 18:00:19,378 - Step 48 norm(X - TN_G_ATR): 4017.08642578125
2024-12-17 18:00:19,515 - Step 49 norm(X - TN_G_ATR): 4017.073974609375
2024-12-17 18:00:19,643 - Step 50 norm(X - TN_G_ATR): 4017.0615234375
2024-12-17 18:00:19,779 - Step 51 norm(X - TN_G_ATR): 4017.050048828125
2024-12-17 18:00:19,919 - Step 52 norm(X - TN_G_ATR): 4017.03857421875
2024-12-17 18:00:20,049 - Step 53 norm(X - TN_G_ATR): 4017.027587890625
2024-12-17 18:00:20,168 - Step 54 norm(X - TN_G_ATR): 4017.016845703125
2024-12-17 18:00:20,284 - Step 55 norm(X - TN_G_ATR): 4017.00634765625
2024-12-17 18:00:20,394 - Step 56 norm(X - TN_G_ATR): 4016.99609375
2024-12-17 18:00:20,509 - Step 57 norm(X - TN_G_ATR): 4016.986328125
2024-12-17 18:00:20,629 - Step 58 norm(X - TN_G_ATR): 4016.97705078125
2024-12-17 18:00:20,738 - Step 59 norm(X - TN_G_ATR): 4016.9677734375
2024-12-17 18:00:20,850 - Step 60 norm(X - TN_G_ATR): 4016.958984375
2024-12-17 18:00:20,964 - Step 61 norm(X - TN_G_ATR): 4016.95068359375
2024-12-17 18:00:21,074 - Step 62 norm(X - TN_G_ATR): 4016.942138671875
2024-12-17 18:00:21,187 - Step 63 norm(X - TN_G_ATR): 4016.93408203125
2024-12-17 18:00:21,308 - Step 64 norm(X - TN_G_ATR): 4016.92626953125
2024-12-17 18:00:21,427 - Step 65 norm(X - TN_G_ATR): 4016.9189453125
2024-12-17 18:00:21,542 - Step 66 norm(X - TN_G_ATR): 4016.911865234375
2024-12-17 18:00:21,654 - Step 67 norm(X - TN_G_ATR): 4016.90478515625
2024-12-17 18:00:21,759 - Step 68 norm(X - TN_G_ATR): 4016.89794921875
2024-12-17 18:00:21,871 - Step 69 norm(X - TN_G_ATR): 4016.891357421875
2024-12-17 18:00:21,976 - Step 70 norm(X - TN_G_ATR): 4016.88525390625
2024-12-17 18:00:22,080 - Step 71 norm(X - TN_G_ATR): 4016.879150390625
2024-12-17 18:00:22,193 - Step 72 norm(X - TN_G_ATR): 4016.873291015625
2024-12-17 18:00:22,297 - Step 73 norm(X - TN_G_ATR): 4016.867919921875
2024-12-17 18:00:22,402 - Step 74 norm(X - TN_G_ATR): 4016.862548828125
2024-12-17 18:00:22,507 - Step 75 norm(X - TN_G_ATR): 4016.857421875
2024-12-17 18:00:22,621 - Step 76 norm(X - TN_G_ATR): 4016.852294921875
2024-12-17 18:00:22,725 - Step 77 norm(X - TN_G_ATR): 4016.84765625
2024-12-17 18:00:22,830 - Step 78 norm(X - TN_G_ATR): 4016.84326171875
2024-12-17 18:00:22,944 - Step 79 norm(X - TN_G_ATR): 4016.838623046875
2024-12-17 18:00:23,062 - Step 80 norm(X - TN_G_ATR): 4016.83447265625
2024-12-17 18:00:23,184 - Step 81 norm(X - TN_G_ATR): 4016.83056640625
2024-12-17 18:00:23,297 - Step 82 norm(X - TN_G_ATR): 4016.82666015625
2024-12-17 18:00:23,409 - Step 83 norm(X - TN_G_ATR): 4016.82275390625
2024-12-17 18:00:23,520 - Step 84 norm(X - TN_G_ATR): 4016.819580078125
2024-12-17 18:00:23,630 - Step 85 norm(X - TN_G_ATR): 4016.816162109375
2024-12-17 18:00:23,742 - Step 86 norm(X - TN_G_ATR): 4016.81298828125
2024-12-17 18:00:23,846 - Step 87 norm(X - TN_G_ATR): 4016.809814453125
2024-12-17 18:00:23,952 - Step 88 norm(X - TN_G_ATR): 4016.806884765625
2024-12-17 18:00:24,067 - Step 89 norm(X - TN_G_ATR): 4016.80419921875
2024-12-17 18:00:24,178 - Step 90 norm(X - TN_G_ATR): 4016.80126953125
2024-12-17 18:00:24,284 - Step 91 norm(X - TN_G_ATR): 4016.798828125
2024-12-17 18:00:24,396 - Step 92 norm(X - TN_G_ATR): 4016.79638671875
2024-12-17 18:00:24,511 - Step 93 norm(X - TN_G_ATR): 4016.794189453125
2024-12-17 18:00:24,622 - Step 94 norm(X - TN_G_ATR): 4016.791748046875
2024-12-17 18:00:24,737 - Step 95 norm(X - TN_G_ATR): 4016.7900390625
2024-12-17 18:00:24,854 - Step 96 norm(X - TN_G_ATR): 4016.787841796875
2024-12-17 18:00:24,960 - Step 97 norm(X - TN_G_ATR): 4016.785888671875
2024-12-17 18:00:25,071 - Step 98 norm(X - TN_G_ATR): 4016.783935546875
2024-12-17 18:00:25,191 - Step 99 norm(X - TN_G_ATR): 4016.782470703125
2024-12-17 18:00:25,192 - Norm2 (Comparison Algorithm): 4016.782470703125
2024-12-17 18:00:25,235 - Norm2 (Original TR Algorithm): 4017.94482421875
