2024-12-16 02:40:21,249 - Norm2 (epsilon): 100.0
2024-12-16 02:40:23,322 - Step 0 norm(X - TN_G_Ours): 41.06587992653542
2024-12-16 02:40:23,523 - Step 1 norm(X - TN_G_Ours): 40.5984648916988
2024-12-16 02:40:23,707 - Step 2 norm(X - TN_G_Ours): 40.393292042023354
2024-12-16 02:40:23,904 - Step 3 norm(X - TN_G_Ours): 40.25500078115296
2024-12-16 02:40:24,100 - Step 4 norm(X - TN_G_Ours): 40.164054141946224
2024-12-16 02:40:24,303 - Step 5 norm(X - TN_G_Ours): 40.109886293975265
2024-12-16 02:40:24,438 - Step 6 norm(X - TN_G_Ours): 40.08047934117992
2024-12-16 02:40:24,609 - Step 7 norm(X - TN_G_Ours): 40.06506701263037
2024-12-16 02:40:24,771 - Step 8 norm(X - TN_G_Ours): 40.056812376591296
2024-12-16 02:40:24,933 - Step 9 norm(X - TN_G_Ours): 40.05201391140494
2024-12-16 02:40:25,158 - Step 0 norm(X - TN_G_ATR): 39.84274673461914
2024-12-16 02:40:25,317 - Step 1 norm(X - TN_G_ATR): 40.0245475769043
2024-12-16 02:40:25,450 - Step 2 norm(X - TN_G_ATR): 39.44227981567383
2024-12-16 02:40:25,608 - Step 3 norm(X - TN_G_ATR): 38.92127227783203
2024-12-16 02:40:25,769 - Step 4 norm(X - TN_G_ATR): 38.537506103515625
2024-12-16 02:40:25,927 - Step 5 norm(X - TN_G_ATR): 38.218544006347656
2024-12-16 02:40:26,087 - Step 6 norm(X - TN_G_ATR): 37.941383361816406
2024-12-16 02:40:26,244 - Step 7 norm(X - TN_G_ATR): 37.67348861694336
2024-12-16 02:40:26,395 - Step 8 norm(X - TN_G_ATR): 37.38026809692383
2024-12-16 02:40:26,555 - Step 9 norm(X - TN_G_ATR): 37.099388122558594
2024-12-16 02:40:26,560 - Norm2 (Our Algorithm): 40.0520133972168
2024-12-16 02:40:26,560 - Norm2 (Comparison Algorithm): 37.099388122558594
2024-12-16 02:40:26,712 - Norm2 (Original TR Algorithm): 28.773515701293945
2024-12-16 02:40:26,824 - Clipping input data to the valid range for imshow with RGB data ([0..1] for floats or [0..255] for integers). Got range [-0.13258485..1.1250533].
2024-12-16 02:40:26,827 - Clipping input data to the valid range for imshow with RGB data ([0..1] for floats or [0..255] for integers). Got range [-0.96188337..1.0142752].
2024-12-16 02:40:26,829 - Clipping input data to the valid range for imshow with RGB data ([0..1] for floats or [0..255] for integers). Got range [-0.72961557..1.7918811].
2024-12-16 02:40:26,831 - Clipping input data to the valid range for imshow with RGB data ([0..1] for floats or [0..255] for integers). Got range [-0.26400116..1.3539052].
2024-12-16 02:40:26,835 - Clipping input data to the valid range for imshow with RGB data ([0..1] for floats or [0..255] for integers). Got range [-0.7789998..0.9099481].
2024-12-16 02:40:26,837 - Clipping input data to the valid range for imshow with RGB data ([0..1] for floats or [0..255] for integers). Got range [-0.62545997..1.6421242].
2024-12-16 02:40:26,839 - Clipping input data to the valid range for imshow with RGB data ([0..1] for floats or [0..255] for integers). Got range [-0.21309322..1.3118426].
