2024-12-26 16:54:45,819 - Norm2 (epsilon): 1
2024-12-26 16:54:45,819 - Optimization parameters:
2024-12-26 16:54:45,819 - epsilon (Frobenius norm constraint): 1
2024-12-26 16:54:45,819 - inner_tol (Tolerance for inner optimization): 1e-10
2024-12-26 16:54:45,819 - lr (Learning rate): 1e-05
2024-12-26 16:54:45,819 - outer_num_steps (Number of outer optimization steps): 100
2024-12-26 16:54:45,819 - inner_num_steps (Number of inner optimization steps): 1000
2024-12-26 16:54:45,819 - outer_dis_num (Display loss every outer_dis_num steps): 1
2024-12-26 16:54:45,819 - inner_dis_num (Display loss every inner_dis_num steps): 2000
2024-12-26 16:54:48,857 - Step 0, RSE_E: 0.02011065185070038, Loss_X_Ours: 26.423847198486328, normE: 0.9999999403953552
2024-12-26 16:54:51,691 - Step 1, RSE_E: 0.021869875490665436, Loss_X_Ours: 26.37491226196289, normE: 1.0
2024-12-26 16:54:52,987 - Step 2, RSE_E: 0.023777905851602554, Loss_X_Ours: 26.364948272705078, normE: 1.0
2024-12-26 16:54:53,787 - Step 3, RSE_E: 0.02582819014787674, Loss_X_Ours: 26.360183715820312, normE: 1.0
2024-12-26 16:54:54,134 - Step 4, RSE_E: 0.028023062273859978, Loss_X_Ours: 26.35858726501465, normE: 1.0
2024-12-26 16:54:54,743 - Step 5, RSE_E: 0.03035411238670349, Loss_X_Ours: 26.355712890625, normE: 1.0
2024-12-26 16:54:54,915 - Step 6, RSE_E: 0.03280440717935562, Loss_X_Ours: 26.355268478393555, normE: 0.9999999403953552
2024-12-26 16:54:55,067 - Step 7, RSE_E: 0.03535476326942444, Loss_X_Ours: 26.354990005493164, normE: 1.0
2024-12-26 16:54:55,124 - Step 8, RSE_E: 0.037973929196596146, Loss_X_Ours: 26.35530662536621, normE: 1.0
2024-12-26 16:54:55,314 - Step 9, RSE_E: 0.04061802476644516, Loss_X_Ours: 26.354970932006836, normE: 1.0000001192092896
2024-12-26 16:54:55,447 - Step 10, RSE_E: 0.043232012540102005, Loss_X_Ours: 26.35505485534668, normE: 0.9999998807907104
2024-12-26 16:54:55,601 - Step 11, RSE_E: 0.04575006291270256, Loss_X_Ours: 26.35503578186035, normE: 1.0
2024-12-26 16:54:55,625 - Step 12, RSE_E: 0.04810095205903053, Loss_X_Ours: 26.355754852294922, normE: 0.9999998807907104
2024-12-26 16:54:55,702 - Step 13, RSE_E: 0.05020798742771149, Loss_X_Ours: 26.356319427490234, normE: 1.0
2024-12-26 16:54:55,907 - Step 14, RSE_E: 0.051983077079057693, Loss_X_Ours: 26.356298446655273, normE: 1.0
2024-12-26 16:54:55,976 - Step 15, RSE_E: 0.05336041375994682, Loss_X_Ours: 26.356969833374023, normE: 0.9999999403953552
2024-12-26 16:54:56,155 - Step 16, RSE_E: 0.05428215116262436, Loss_X_Ours: 26.35726547241211, normE: 0.9999999403953552
2024-12-26 16:54:56,204 - Step 17, RSE_E: 0.05470877140760422, Loss_X_Ours: 26.35804557800293, normE: 1.0
2024-12-26 16:54:56,237 - Step 18, RSE_E: 0.05463147908449173, Loss_X_Ours: 26.35893440246582, normE: 0.9999999403953552
2024-12-26 16:54:56,269 - Step 19, RSE_E: 0.05406283959746361, Loss_X_Ours: 26.359792709350586, normE: 1.0
2024-12-26 16:54:56,313 - Step 20, RSE_E: 0.053050026297569275, Loss_X_Ours: 26.360469818115234, normE: 0.9999999403953552
2024-12-26 16:54:56,376 - Step 21, RSE_E: 0.05165256932377815, Loss_X_Ours: 26.361135482788086, normE: 1.0
2024-12-26 16:54:56,455 - Step 22, RSE_E: 0.04994126409292221, Loss_X_Ours: 26.36152458190918, normE: 1.0
2024-12-26 16:54:56,580 - Step 23, RSE_E: 0.04800805822014809, Loss_X_Ours: 26.36174964904785, normE: 0.9999999403953552
2024-12-26 16:54:56,613 - Step 24, RSE_E: 0.045923635363578796, Loss_X_Ours: 26.362112045288086, normE: 1.0
2024-12-26 16:54:56,892 - Step 25, RSE_E: 0.04376593977212906, Loss_X_Ours: 26.361543655395508, normE: 0.9999999403953552
2024-12-26 16:54:56,974 - Step 26, RSE_E: 0.04160033166408539, Loss_X_Ours: 26.361629486083984, normE: 1.0
2024-12-26 16:54:57,062 - Step 27, RSE_E: 0.039476051926612854, Loss_X_Ours: 26.361705780029297, normE: 0.9999999403953552
2024-12-26 16:54:57,190 - Step 28, RSE_E: 0.037429504096508026, Loss_X_Ours: 26.361373901367188, normE: 1.0
2024-12-26 16:54:57,295 - Step 29, RSE_E: 0.035489145666360855, Loss_X_Ours: 26.36136245727539, normE: 1.0
2024-12-26 16:54:57,425 - Step 30, RSE_E: 0.033671170473098755, Loss_X_Ours: 26.36115074157715, normE: 1.0
2024-12-26 16:54:57,491 - Step 31, RSE_E: 0.03198022395372391, Loss_X_Ours: 26.36096954345703, normE: 1.0
2024-12-26 16:54:57,617 - Step 32, RSE_E: 0.030412884429097176, Loss_X_Ours: 26.360605239868164, normE: 0.9999999403953552
2024-12-26 16:54:57,682 - Step 33, RSE_E: 0.028968527913093567, Loss_X_Ours: 26.36048698425293, normE: 0.9999999403953552
2024-12-26 16:54:57,895 - Step 34, RSE_E: 0.02764040231704712, Loss_X_Ours: 26.359956741333008, normE: 1.0
2024-12-26 16:54:58,005 - Step 35, RSE_E: 0.026409653946757317, Loss_X_Ours: 26.35948944091797, normE: 1.0
2024-12-26 16:54:58,393 - Step 36, RSE_E: 0.02527804672718048, Loss_X_Ours: 26.358097076416016, normE: 1.0
2024-12-26 16:54:58,473 - Step 37, RSE_E: 0.02422277070581913, Loss_X_Ours: 26.357925415039062, normE: 0.9999999403953552
2024-12-26 16:54:58,511 - Step 38, RSE_E: 0.02323388308286667, Loss_X_Ours: 26.35796356201172, normE: 0.9999999403953552
2024-12-26 16:54:58,591 - Step 39, RSE_E: 0.022306744009256363, Loss_X_Ours: 26.357492446899414, normE: 0.9999999403953552
2024-12-26 16:54:58,612 - Step 40, RSE_E: 0.021434815600514412, Loss_X_Ours: 26.3575382232666, normE: 0.9999999403953552
2024-12-26 16:54:59,376 - Step 41, RSE_E: 0.020777784287929535, Loss_X_Ours: 26.365570068359375, normE: 1.0
2024-12-26 16:54:59,585 - Step 42, RSE_E: 0.019930757582187653, Loss_X_Ours: 26.36293601989746, normE: 1.0
2024-12-26 16:54:59,947 - Step 43, RSE_E: 0.01914144866168499, Loss_X_Ours: 26.359846115112305, normE: 1.0
2024-12-26 16:55:00,399 - Step 44, RSE_E: 0.018403301015496254, Loss_X_Ours: 26.35752296447754, normE: 1.0
2024-12-26 16:55:00,633 - Step 45, RSE_E: 0.017697319388389587, Loss_X_Ours: 26.356689453125, normE: 1.0
2024-12-26 16:55:00,704 - Step 46, RSE_E: 0.017022371292114258, Loss_X_Ours: 26.356565475463867, normE: 0.9999999403953552
2024-12-26 16:55:00,823 - Step 47, RSE_E: 0.01636546477675438, Loss_X_Ours: 26.35595703125, normE: 0.9999998807907104
2024-12-26 16:55:00,888 - Step 48, RSE_E: 0.0157365333288908, Loss_X_Ours: 26.35591697692871, normE: 1.0
2024-12-26 16:55:01,052 - Step 49, RSE_E: 0.015131982043385506, Loss_X_Ours: 26.35538101196289, normE: 0.9999999403953552
2024-12-26 16:55:01,180 - Step 50, RSE_E: 0.01454379502683878, Loss_X_Ours: 26.354982376098633, normE: 1.0
2024-12-26 16:55:01,219 - Step 51, RSE_E: 0.013977625407278538, Loss_X_Ours: 26.354829788208008, normE: 1.0
2024-12-26 16:55:01,263 - Step 52, RSE_E: 0.013428824953734875, Loss_X_Ours: 26.354625701904297, normE: 1.0
2024-12-26 16:55:01,302 - Step 53, RSE_E: 0.012901226058602333, Loss_X_Ours: 26.354717254638672, normE: 1.0
2024-12-26 16:55:01,408 - Step 54, RSE_E: 0.012393691577017307, Loss_X_Ours: 26.354299545288086, normE: 0.9999999403953552
2024-12-26 16:55:01,483 - Step 55, RSE_E: 0.011900260113179684, Loss_X_Ours: 26.353946685791016, normE: 1.0
2024-12-26 16:55:01,526 - Step 56, RSE_E: 0.01142559852451086, Loss_X_Ours: 26.354087829589844, normE: 0.9999999403953552
2024-12-26 16:55:01,555 - Step 57, RSE_E: 0.010969524271786213, Loss_X_Ours: 26.353727340698242, normE: 1.0
2024-12-26 16:55:01,579 - Step 58, RSE_E: 0.01053062453866005, Loss_X_Ours: 26.353986740112305, normE: 0.9999999403953552
2024-12-26 16:55:02,234 - Step 59, RSE_E: 0.010123171843588352, Loss_X_Ours: 26.352218627929688, normE: 1.0
2024-12-26 16:55:02,474 - Step 60, RSE_E: 0.009841040708124638, Loss_X_Ours: 26.35746955871582, normE: 1.0
2024-12-26 16:55:02,632 - Step 61, RSE_E: 0.009391427040100098, Loss_X_Ours: 26.354856491088867, normE: 1.0
2024-12-26 16:55:03,039 - Step 62, RSE_E: 0.008992278017103672, Loss_X_Ours: 26.352209091186523, normE: 0.9999999403953552
2024-12-26 16:55:03,241 - Step 63, RSE_E: 0.00862351804971695, Loss_X_Ours: 26.351818084716797, normE: 1.0
2024-12-26 16:55:03,276 - Step 64, RSE_E: 0.008274994790554047, Loss_X_Ours: 26.351505279541016, normE: 1.0000001192092896
2024-12-26 16:55:03,500 - Step 65, RSE_E: 0.007947486825287342, Loss_X_Ours: 26.350872039794922, normE: 1.0
2024-12-26 16:55:03,529 - Step 66, RSE_E: 0.007630617823451757, Loss_X_Ours: 26.351024627685547, normE: 1.0
2024-12-26 16:55:03,624 - Step 67, RSE_E: 0.007325300946831703, Loss_X_Ours: 26.35039710998535, normE: 1.0
2024-12-26 16:55:03,915 - Step 68, RSE_E: 0.007046016398817301, Loss_X_Ours: 26.349672317504883, normE: 0.9999999403953552
2024-12-26 16:55:04,027 - Step 69, RSE_E: 0.006769581697881222, Loss_X_Ours: 26.349254608154297, normE: 0.9999999403953552
2024-12-26 16:55:04,079 - Step 70, RSE_E: 0.006500803865492344, Loss_X_Ours: 26.34915542602539, normE: 1.0
2024-12-26 16:55:04,131 - Step 71, RSE_E: 0.006250773090869188, Loss_X_Ours: 26.349050521850586, normE: 1.0
2024-12-26 16:55:04,216 - Step 72, RSE_E: 0.0060105896554887295, Loss_X_Ours: 26.34881591796875, normE: 1.0
2024-12-26 16:55:04,246 - Step 73, RSE_E: 0.005782779306173325, Loss_X_Ours: 26.348623275756836, normE: 0.9999999403953552
2024-12-26 16:55:04,284 - Step 74, RSE_E: 0.00556164002045989, Loss_X_Ours: 26.348825454711914, normE: 1.0
2024-12-26 16:55:04,349 - Step 75, RSE_E: 0.005358318332582712, Loss_X_Ours: 26.348670959472656, normE: 1.0
2024-12-26 16:55:04,504 - Step 76, RSE_E: 0.0051669892854988575, Loss_X_Ours: 26.34811782836914, normE: 1.0
2024-12-26 16:55:04,920 - Step 77, RSE_E: 0.004991187714040279, Loss_X_Ours: 26.346942901611328, normE: 1.0
2024-12-26 16:55:05,042 - Step 78, RSE_E: 0.004814986139535904, Loss_X_Ours: 26.346914291381836, normE: 1.0
2024-12-26 16:55:05,226 - Step 79, RSE_E: 0.004654711578041315, Loss_X_Ours: 26.34650421142578, normE: 1.0
2024-12-26 16:55:05,432 - Step 80, RSE_E: 0.004498081747442484, Loss_X_Ours: 26.345792770385742, normE: 1.0
2024-12-26 16:55:05,768 - Step 81, RSE_E: 0.004361092112958431, Loss_X_Ours: 26.345027923583984, normE: 1.0
2024-12-26 16:55:05,942 - Step 82, RSE_E: 0.004214191343635321, Loss_X_Ours: 26.344669342041016, normE: 1.0
2024-12-26 16:55:06,079 - Step 83, RSE_E: 0.004081479273736477, Loss_X_Ours: 26.34451675415039, normE: 1.0
2024-12-26 16:55:06,162 - Step 84, RSE_E: 0.00394905311986804, Loss_X_Ours: 26.34447479248047, normE: 1.0000001192092896
2024-12-26 16:55:07,264 - Step 85, RSE_E: 0.004198891576379538, Loss_X_Ours: 26.347105026245117, normE: 0.9999998807907104
2024-12-26 16:55:07,466 - Step 86, RSE_E: 0.003959048539400101, Loss_X_Ours: 26.345863342285156, normE: 0.9999999403953552
2024-12-26 16:55:07,487 - Step 87, RSE_E: 0.0037947045639157295, Loss_X_Ours: 26.34580421447754, normE: 1.0
2024-12-26 16:55:07,542 - Step 88, RSE_E: 0.003639854723587632, Loss_X_Ours: 26.34556007385254, normE: 1.0
2024-12-26 16:55:07,569 - Step 89, RSE_E: 0.0035135168582201004, Loss_X_Ours: 26.34543228149414, normE: 1.0
2024-12-26 16:55:07,792 - Step 90, RSE_E: 0.0033690750133246183, Loss_X_Ours: 26.344324111938477, normE: 1.0
2024-12-26 16:55:07,898 - Step 91, RSE_E: 0.00326830567792058, Loss_X_Ours: 26.34386444091797, normE: 1.0
2024-12-26 16:55:08,023 - Step 92, RSE_E: 0.003166902344673872, Loss_X_Ours: 26.343538284301758, normE: 1.0
2024-12-26 16:55:08,044 - Step 93, RSE_E: 0.0030740986112505198, Loss_X_Ours: 26.343364715576172, normE: 0.9999999403953552
2024-12-26 16:55:08,065 - Step 94, RSE_E: 0.002991792978718877, Loss_X_Ours: 26.343406677246094, normE: 1.0
2024-12-26 16:55:08,408 - Step 95, RSE_E: 0.0029289356898516417, Loss_X_Ours: 26.342287063598633, normE: 1.0
2024-12-26 16:55:08,727 - Step 96, RSE_E: 0.002878784202039242, Loss_X_Ours: 26.341466903686523, normE: 1.0
2024-12-26 16:55:08,902 - Step 97, RSE_E: 0.002820652909576893, Loss_X_Ours: 26.34099578857422, normE: 1.0
2024-12-26 16:55:09,111 - Step 98, RSE_E: 0.002761927666142583, Loss_X_Ours: 26.340431213378906, normE: 0.9999999403953552
2024-12-26 16:55:09,409 - Step 99, RSE_E: 0.0027268037665635347, Loss_X_Ours: 26.34004020690918, normE: 1.0
2024-12-26 16:55:11,246 - Comparison Step 0, Loss_X_TNG: 26.32160758972168, normE: 0.9999999403953552
2024-12-26 16:55:11,317 - Comparison Step 1, Loss_X_TNG: 26.32242202758789, normE: 1.0
2024-12-26 16:55:11,365 - Comparison Step 2, Loss_X_TNG: 26.32242774963379, normE: 1.0
2024-12-26 16:55:11,415 - Comparison Step 3, Loss_X_TNG: 26.322250366210938, normE: 1.0
2024-12-26 16:55:11,649 - Comparison Step 4, Loss_X_TNG: 26.321889877319336, normE: 1.0
2024-12-26 16:55:11,672 - Comparison Step 5, Loss_X_TNG: 26.32193374633789, normE: 0.9999999403953552
2024-12-26 16:55:12,656 - Comparison Step 6, Loss_X_TNG: 26.3282413482666, normE: 0.9999999403953552
2024-12-26 16:55:12,757 - Comparison Step 7, Loss_X_TNG: 26.327369689941406, normE: 0.9999998807907104
2024-12-26 16:55:12,849 - Comparison Step 8, Loss_X_TNG: 26.32657814025879, normE: 0.9999999403953552
2024-12-26 16:55:12,866 - Comparison Step 9, Loss_X_TNG: 26.326526641845703, normE: 1.0
2024-12-26 16:55:12,962 - Comparison Step 10, Loss_X_TNG: 26.32579803466797, normE: 1.0
2024-12-26 16:55:13,634 - Comparison Step 11, Loss_X_TNG: 26.32245445251465, normE: 1.0
2024-12-26 16:55:13,651 - Comparison Step 12, Loss_X_TNG: 26.322425842285156, normE: 0.9999999403953552
2024-12-26 16:55:13,944 - Comparison Step 13, Loss_X_TNG: 26.321521759033203, normE: 1.0
2024-12-26 16:55:14,030 - Comparison Step 14, Loss_X_TNG: 26.3212890625, normE: 1.0
2024-12-26 16:55:14,062 - Comparison Step 15, Loss_X_TNG: 26.321170806884766, normE: 0.9999999403953552
2024-12-26 16:55:14,073 - Comparison Step 16, Loss_X_TNG: 26.32121467590332, normE: 0.9999999403953552
2024-12-26 16:55:14,116 - Comparison Step 17, Loss_X_TNG: 26.32109832763672, normE: 1.0
2024-12-26 16:55:14,138 - Comparison Step 18, Loss_X_TNG: 26.321088790893555, normE: 1.0
2024-12-26 16:55:14,361 - Comparison Step 19, Loss_X_TNG: 26.320507049560547, normE: 1.0
2024-12-26 16:55:14,374 - Comparison Step 20, Loss_X_TNG: 26.320514678955078, normE: 1.0
2024-12-26 16:55:14,423 - Comparison Step 21, Loss_X_TNG: 26.320411682128906, normE: 1.0
2024-12-26 16:55:14,459 - Comparison Step 22, Loss_X_TNG: 26.320289611816406, normE: 0.9999999403953552
2024-12-26 16:55:14,488 - Comparison Step 23, Loss_X_TNG: 26.32019805908203, normE: 0.9999999403953552
2024-12-26 16:55:14,678 - Comparison Step 24, Loss_X_TNG: 26.31977653503418, normE: 0.9999999403953552
2024-12-26 16:55:14,785 - Comparison Step 25, Loss_X_TNG: 26.31959342956543, normE: 0.9999999403953552
2024-12-26 16:55:14,825 - Comparison Step 26, Loss_X_TNG: 26.319549560546875, normE: 0.9999999403953552
2024-12-26 16:55:14,956 - Comparison Step 27, Loss_X_TNG: 26.319355010986328, normE: 1.0
2024-12-26 16:55:15,270 - Comparison Step 28, Loss_X_TNG: 26.318721771240234, normE: 1.0
2024-12-26 16:55:15,482 - Comparison Step 29, Loss_X_TNG: 26.31842803955078, normE: 1.0
2024-12-26 16:55:15,539 - Comparison Step 30, Loss_X_TNG: 26.31830406188965, normE: 1.0
2024-12-26 16:55:15,646 - Comparison Step 31, Loss_X_TNG: 26.31815528869629, normE: 0.9999999403953552
2024-12-26 16:55:16,021 - Comparison Step 32, Loss_X_TNG: 26.317514419555664, normE: 0.9999999403953552
2024-12-26 16:55:16,537 - Comparison Step 33, Loss_X_TNG: 26.316680908203125, normE: 1.0000001192092896
2024-12-26 16:55:16,668 - Comparison Step 34, Loss_X_TNG: 26.316516876220703, normE: 1.0
2024-12-26 16:55:16,786 - Comparison Step 35, Loss_X_TNG: 26.31637191772461, normE: 0.9999999403953552
2024-12-26 16:55:16,798 - Comparison Step 36, Loss_X_TNG: 26.31635856628418, normE: 0.9999999403953552
2024-12-26 16:55:16,914 - Comparison Step 37, Loss_X_TNG: 26.316133499145508, normE: 0.9999999403953552
2024-12-26 16:55:17,034 - Comparison Step 38, Loss_X_TNG: 26.316022872924805, normE: 0.9999999403953552
2024-12-26 16:55:17,047 - Comparison Step 39, Loss_X_TNG: 26.316099166870117, normE: 1.0
2024-12-26 16:55:17,099 - Comparison Step 40, Loss_X_TNG: 26.316017150878906, normE: 1.0
2024-12-26 16:55:17,144 - Comparison Step 41, Loss_X_TNG: 26.315946578979492, normE: 0.9999999403953552
2024-12-26 16:55:17,161 - Comparison Step 42, Loss_X_TNG: 26.315942764282227, normE: 1.0
2024-12-26 16:55:17,304 - Comparison Step 43, Loss_X_TNG: 26.315767288208008, normE: 1.0
2024-12-26 16:55:17,725 - Comparison Step 44, Loss_X_TNG: 26.315160751342773, normE: 0.9999999403953552
2024-12-26 16:55:17,738 - Comparison Step 45, Loss_X_TNG: 26.31519317626953, normE: 1.0
2024-12-26 16:55:18,815 - Comparison Step 46, Loss_X_TNG: 26.322158813476562, normE: 1.0
2024-12-26 16:55:18,849 - Comparison Step 47, Loss_X_TNG: 26.321908950805664, normE: 0.9999999403953552
2024-12-26 16:55:19,121 - Comparison Step 48, Loss_X_TNG: 26.31963348388672, normE: 1.0
2024-12-26 16:55:19,175 - Comparison Step 49, Loss_X_TNG: 26.319379806518555, normE: 0.9999999403953552
2024-12-26 16:55:19,267 - Comparison Step 50, Loss_X_TNG: 26.318910598754883, normE: 0.9999999403953552
2024-12-26 16:55:19,445 - Comparison Step 51, Loss_X_TNG: 26.318174362182617, normE: 0.9999999403953552
2024-12-26 16:55:19,576 - Comparison Step 52, Loss_X_TNG: 26.317724227905273, normE: 1.0
2024-12-26 16:55:19,586 - Comparison Step 53, Loss_X_TNG: 26.317689895629883, normE: 1.0
2024-12-26 16:55:19,775 - Comparison Step 54, Loss_X_TNG: 26.31698226928711, normE: 0.9999999403953552
2024-12-26 16:55:19,818 - Comparison Step 55, Loss_X_TNG: 26.316905975341797, normE: 1.0
2024-12-26 16:55:20,147 - Comparison Step 56, Loss_X_TNG: 26.316083908081055, normE: 1.0
2024-12-26 16:55:20,284 - Comparison Step 57, Loss_X_TNG: 26.315786361694336, normE: 1.0
2024-12-26 16:55:20,318 - Comparison Step 58, Loss_X_TNG: 26.315711975097656, normE: 1.0
2024-12-26 16:55:20,355 - Comparison Step 59, Loss_X_TNG: 26.315641403198242, normE: 1.0
2024-12-26 16:55:20,432 - Comparison Step 60, Loss_X_TNG: 26.315519332885742, normE: 1.0000001192092896
2024-12-26 16:55:20,526 - Comparison Step 61, Loss_X_TNG: 26.315324783325195, normE: 1.0
2024-12-26 16:55:20,643 - Comparison Step 62, Loss_X_TNG: 26.315088272094727, normE: 0.9999999403953552
2024-12-26 16:55:20,780 - Comparison Step 63, Loss_X_TNG: 26.31492805480957, normE: 1.0
2024-12-26 16:55:21,115 - Comparison Step 64, Loss_X_TNG: 26.31432342529297, normE: 0.9999999403953552
2024-12-26 16:55:21,305 - Comparison Step 65, Loss_X_TNG: 26.314111709594727, normE: 0.9999999403953552
2024-12-26 16:55:21,437 - Comparison Step 66, Loss_X_TNG: 26.31395149230957, normE: 0.9999998807907104
2024-12-26 16:55:21,483 - Comparison Step 67, Loss_X_TNG: 26.313884735107422, normE: 1.0
2024-12-26 16:55:21,551 - Comparison Step 68, Loss_X_TNG: 26.31382179260254, normE: 1.0
2024-12-26 16:55:21,690 - Comparison Step 69, Loss_X_TNG: 26.313692092895508, normE: 1.0
2024-12-26 16:55:21,839 - Comparison Step 70, Loss_X_TNG: 26.313495635986328, normE: 0.9999999403953552
2024-12-26 16:55:21,868 - Comparison Step 71, Loss_X_TNG: 26.31344223022461, normE: 1.0
2024-12-26 16:55:21,882 - Comparison Step 72, Loss_X_TNG: 26.313444137573242, normE: 1.0
2024-12-26 16:55:21,951 - Comparison Step 73, Loss_X_TNG: 26.313329696655273, normE: 1.0000001192092896
2024-12-26 16:55:21,991 - Comparison Step 74, Loss_X_TNG: 26.313270568847656, normE: 1.0
2024-12-26 16:55:22,048 - Comparison Step 75, Loss_X_TNG: 26.3132381439209, normE: 1.0
2024-12-26 16:55:22,245 - Comparison Step 76, Loss_X_TNG: 26.313013076782227, normE: 1.0
2024-12-26 16:55:22,316 - Comparison Step 77, Loss_X_TNG: 26.31302261352539, normE: 1.0
2024-12-26 16:55:22,813 - Comparison Step 78, Loss_X_TNG: 26.31243133544922, normE: 1.0
2024-12-26 16:55:23,290 - Comparison Step 79, Loss_X_TNG: 26.31196403503418, normE: 0.9999999403953552
2024-12-26 16:55:23,483 - Comparison Step 80, Loss_X_TNG: 26.311784744262695, normE: 1.0
2024-12-26 16:55:23,595 - Comparison Step 81, Loss_X_TNG: 26.31177520751953, normE: 1.0
2024-12-26 16:55:23,994 - Comparison Step 82, Loss_X_TNG: 26.311443328857422, normE: 0.9999999403953552
2024-12-26 16:55:24,216 - Comparison Step 83, Loss_X_TNG: 26.31130027770996, normE: 1.0
2024-12-26 16:55:24,320 - Comparison Step 84, Loss_X_TNG: 26.311201095581055, normE: 1.0
2024-12-26 16:55:24,871 - Comparison Step 85, Loss_X_TNG: 26.31078338623047, normE: 1.0
2024-12-26 16:55:25,024 - Comparison Step 86, Loss_X_TNG: 26.31072998046875, normE: 1.0
2024-12-26 16:55:25,187 - Comparison Step 87, Loss_X_TNG: 26.310583114624023, normE: 1.0
2024-12-26 16:55:25,286 - Comparison Step 88, Loss_X_TNG: 26.310516357421875, normE: 1.0
2024-12-26 16:55:26,367 - Comparison Step 89, Loss_X_TNG: 26.31686782836914, normE: 0.9999999403953552
2024-12-26 16:55:26,438 - Comparison Step 90, Loss_X_TNG: 26.316314697265625, normE: 1.0
2024-12-26 16:55:26,551 - Comparison Step 91, Loss_X_TNG: 26.315502166748047, normE: 1.0
2024-12-26 16:55:26,719 - Comparison Step 92, Loss_X_TNG: 26.314481735229492, normE: 1.0
2024-12-26 16:55:26,736 - Comparison Step 93, Loss_X_TNG: 26.31439781188965, normE: 1.0
2024-12-26 16:55:26,766 - Comparison Step 94, Loss_X_TNG: 26.3143367767334, normE: 1.0
2024-12-26 16:55:26,804 - Comparison Step 95, Loss_X_TNG: 26.314226150512695, normE: 1.0
2024-12-26 16:55:27,108 - Comparison Step 96, Loss_X_TNG: 26.31307029724121, normE: 0.9999998807907104
2024-12-26 16:55:27,122 - Comparison Step 97, Loss_X_TNG: 26.313068389892578, normE: 1.0
2024-12-26 16:55:27,180 - Comparison Step 98, Loss_X_TNG: 26.312910079956055, normE: 1.0
2024-12-26 16:55:27,346 - Comparison Step 99, Loss_X_TNG: 26.312517166137695, normE: 1.0
2024-12-26 16:55:27,347 - Norm2 (Comparison Algorithm): 26.312517166137695
2024-12-26 16:55:30,163 - Norm2 (Original TR Algorithm): 26.499160766601562
2024-12-26 16:55:30,163 - Norm2 (Our Algorithm): 26.34004020690918
2024-12-26 16:55:30,257 - Clipping input data to the valid range for imshow with RGB data ([0..1] for floats or [0..255] for integers). Got range [-0.13825591..1.166118].
2024-12-26 16:55:30,260 - Clipping input data to the valid range for imshow with RGB data ([0..1] for floats or [0..255] for integers). Got range [-0.013191217..0.014934578].
2024-12-26 16:55:30,262 - Clipping input data to the valid range for imshow with RGB data ([0..1] for floats or [0..255] for integers). Got range [-0.007138551..1.0093035].
2024-12-26 16:55:30,264 - Clipping input data to the valid range for imshow with RGB data ([0..1] for floats or [0..255] for integers). Got range [-0.12514734..1.1821239].
2024-12-26 16:55:30,267 - Clipping input data to the valid range for imshow with RGB data ([0..1] for floats or [0..255] for integers). Got range [-0.0043742987..0.004236435].
2024-12-26 16:55:30,269 - Clipping input data to the valid range for imshow with RGB data ([0..1] for floats or [0..255] for integers). Got range [-0.0026263795..1.0027232].
2024-12-26 16:55:30,271 - Clipping input data to the valid range for imshow with RGB data ([0..1] for floats or [0..255] for integers). Got range [-0.12626797..1.1912339].
