2024-12-25 16:40:31,984 - Norm2 (epsilon): 100
2024-12-25 16:40:31,984 - Optimization parameters:
2024-12-25 16:40:31,984 - epsilon (Frobenius norm constraint): 100
2024-12-25 16:40:31,984 - inner_tol (Tolerance for inner optimization): 1e-10
2024-12-25 16:40:31,984 - lr (Learning rate): 0.01
2024-12-25 16:40:31,984 - outer_num_steps (Number of outer optimization steps): 50
2024-12-25 16:40:31,984 - inner_num_steps (Number of inner optimization steps): 200
2024-12-25 16:40:31,984 - outer_dis_num (Display loss every outer_dis_num steps): 1
2024-12-25 16:40:31,984 - inner_dis_num (Display loss every inner_dis_num steps): 2000
2024-12-25 16:40:35,755 - Step 0, RSE_E: 0.004092781338840723, Loss_X_Ours: 27.48878288269043, normE: 0.22636990249156952
2024-12-25 16:40:39,226 - Step 1, RSE_E: 0.004493121523410082, Loss_X_Ours: 27.37090492248535, normE: 0.22730432450771332
2024-12-25 16:40:42,643 - Step 2, RSE_E: 0.0049015735276043415, Loss_X_Ours: 27.11237907409668, normE: 0.228411465883255
2024-12-25 16:40:46,081 - Step 3, RSE_E: 0.005368446931242943, Loss_X_Ours: 26.85988426208496, normE: 0.229732483625412
2024-12-25 16:40:49,514 - Step 4, RSE_E: 0.005831471178680658, Loss_X_Ours: 26.634838104248047, normE: 0.2312815636396408
2024-12-25 16:40:52,940 - Step 5, RSE_E: 0.006411558482795954, Loss_X_Ours: 26.572349548339844, normE: 0.23314040899276733
2024-12-25 16:40:56,412 - Step 6, RSE_E: 0.007049100007861853, Loss_X_Ours: 26.544151306152344, normE: 0.2353678047657013
2024-12-25 16:40:59,834 - Step 7, RSE_E: 0.007752039469778538, Loss_X_Ours: 26.5418701171875, normE: 0.2380337417125702
2024-12-25 16:41:03,268 - Step 8, RSE_E: 0.00852693896740675, Loss_X_Ours: 26.51828384399414, normE: 0.24121931195259094
2024-12-25 16:41:04,582 - Step 9, RSE_E: 0.009378471411764622, Loss_X_Ours: 26.512577056884766, normE: 0.24501778185367584
2024-12-25 16:41:08,064 - Step 10, RSE_E: 0.010314497165381908, Loss_X_Ours: 26.51349639892578, normE: 0.24953527748584747
2024-12-25 16:41:11,509 - Step 11, RSE_E: 0.011344319209456444, Loss_X_Ours: 26.49677276611328, normE: 0.25489261746406555
2024-12-25 16:41:14,870 - Step 12, RSE_E: 0.012470832094550133, Loss_X_Ours: 26.5176944732666, normE: 0.2612205743789673
2024-12-25 16:41:18,310 - Step 13, RSE_E: 0.013717682100832462, Loss_X_Ours: 26.489917755126953, normE: 0.2686779499053955
2024-12-25 16:41:18,638 - Step 14, RSE_E: 0.01508945133537054, Loss_X_Ours: 26.48895263671875, normE: 0.27743345499038696
2024-12-25 16:41:22,054 - Step 15, RSE_E: 0.0165962316095829, Loss_X_Ours: 26.478302001953125, normE: 0.28766879439353943
2024-12-25 16:41:25,495 - Step 16, RSE_E: 0.018236299976706505, Loss_X_Ours: 26.502357482910156, normE: 0.2995617389678955
2024-12-25 16:41:28,975 - Step 17, RSE_E: 0.02006409503519535, Loss_X_Ours: 26.48178482055664, normE: 0.3133547902107239
2024-12-25 16:41:32,411 - Step 18, RSE_E: 0.02207300439476967, Loss_X_Ours: 26.486642837524414, normE: 0.3292759954929352
2024-12-25 16:41:35,833 - Step 19, RSE_E: 0.024279693141579628, Loss_X_Ours: 26.471126556396484, normE: 0.34756606817245483
2024-12-25 16:41:36,436 - Step 20, RSE_E: 0.026706751435995102, Loss_X_Ours: 26.46987533569336, normE: 0.368484228849411
2024-12-25 16:41:39,871 - Step 21, RSE_E: 0.029375925660133362, Loss_X_Ours: 26.462099075317383, normE: 0.3923034071922302
2024-12-25 16:41:40,017 - Step 22, RSE_E: 0.03231210261583328, Loss_X_Ours: 26.4622859954834, normE: 0.41931816935539246
2024-12-25 16:41:43,339 - Step 23, RSE_E: 0.035540636628866196, Loss_X_Ours: 26.457191467285156, normE: 0.44983723759651184
2024-12-25 16:41:46,289 - Step 24, RSE_E: 0.03909217566251755, Loss_X_Ours: 26.4591064453125, normE: 0.4841955006122589
2024-12-25 16:41:46,453 - Step 25, RSE_E: 0.04300045222043991, Loss_X_Ours: 26.45951271057129, normE: 0.5227575898170471
2024-12-25 16:41:49,935 - Step 26, RSE_E: 0.04729749262332916, Loss_X_Ours: 26.453989028930664, normE: 0.5659098625183105
2024-12-25 16:41:53,364 - Step 27, RSE_E: 0.05202428251504898, Loss_X_Ours: 26.45412826538086, normE: 0.6140764951705933
2024-12-25 16:41:56,793 - Step 28, RSE_E: 0.057172346860170364, Loss_X_Ours: 26.480449676513672, normE: 0.6676324605941772
2024-12-25 16:42:00,258 - Step 29, RSE_E: 0.06289427727460861, Loss_X_Ours: 26.46171760559082, normE: 0.7271881699562073
2024-12-25 16:42:00,743 - Step 30, RSE_E: 0.06918319314718246, Loss_X_Ours: 26.461957931518555, normE: 0.7932942509651184
2024-12-25 16:42:04,220 - Step 31, RSE_E: 0.07610177248716354, Loss_X_Ours: 26.4574031829834, normE: 0.8665652871131897
2024-12-25 16:42:05,308 - Step 32, RSE_E: 0.08370965719223022, Loss_X_Ours: 26.457080841064453, normE: 0.9476758241653442
2024-12-25 16:42:08,742 - Step 33, RSE_E: 0.09206531941890717, Loss_X_Ours: 26.472352981567383, normE: 1.037345051765442
2024-12-25 16:42:09,535 - Step 34, RSE_E: 0.1012779027223587, Loss_X_Ours: 26.469219207763672, normE: 1.1364359855651855
2024-12-25 16:42:11,949 - Step 35, RSE_E: 0.11140727996826172, Loss_X_Ours: 26.467777252197266, normE: 1.2458436489105225
2024-12-25 16:42:12,360 - Step 36, RSE_E: 0.1225452572107315, Loss_X_Ours: 26.471786499023438, normE: 1.366561770439148
2024-12-25 16:42:15,802 - Step 37, RSE_E: 0.13478633761405945, Loss_X_Ours: 26.47660255432129, normE: 1.4996687173843384
2024-12-25 16:42:19,239 - Step 38, RSE_E: 0.14821094274520874, Loss_X_Ours: 26.491952896118164, normE: 1.6462994813919067
2024-12-25 16:42:22,721 - Step 39, RSE_E: 0.16306346654891968, Loss_X_Ours: 26.488574981689453, normE: 1.8079519271850586
2024-12-25 16:42:25,373 - Step 40, RSE_E: 0.17935791611671448, Loss_X_Ours: 26.50349998474121, normE: 1.9860118627548218
2024-12-25 16:42:28,805 - Step 41, RSE_E: 0.19686849415302277, Loss_X_Ours: 26.5958194732666, normE: 2.181316375732422
2024-12-25 16:42:32,226 - Step 42, RSE_E: 0.2167733609676361, Loss_X_Ours: 26.5576114654541, normE: 2.3968605995178223
2024-12-25 16:42:32,830 - Step 43, RSE_E: 0.23845937848091125, Loss_X_Ours: 26.571626663208008, normE: 2.6342105865478516
2024-12-25 16:42:36,262 - Step 44, RSE_E: 0.2622465491294861, Loss_X_Ours: 26.606220245361328, normE: 2.895392656326294
2024-12-25 16:42:39,738 - Step 45, RSE_E: 0.28852224349975586, Loss_X_Ours: 26.604267120361328, normE: 3.182992935180664
2024-12-25 16:42:43,171 - Step 46, RSE_E: 0.31719106435775757, Loss_X_Ours: 26.6594181060791, normE: 3.499180555343628
2024-12-25 16:42:46,415 - Step 47, RSE_E: 0.3490017354488373, Loss_X_Ours: 26.686359405517578, normE: 3.8473522663116455
2024-12-25 16:42:46,850 - Step 48, RSE_E: 0.38389667868614197, Loss_X_Ours: 26.732385635375977, normE: 4.230486869812012
2024-12-25 16:42:49,293 - Step 49, RSE_E: 0.42223984003067017, Loss_X_Ours: 26.780574798583984, normE: 4.6519927978515625
2024-12-25 16:42:52,709 - Norm2 (Original TR Algorithm): 26.961721420288086
2024-12-25 16:42:52,709 - Norm2 (Our Algorithm): 26.780574798583984
2024-12-25 16:42:52,779 - Clipping input data to the valid range for imshow with RGB data ([0..1] for floats or [0..255] for integers). Got range [-0.10876387..1.1496484].
2024-12-25 16:42:52,783 - Clipping input data to the valid range for imshow with RGB data ([0..1] for floats or [0..255] for integers). Got range [-0.0552056..0.05148426].
2024-12-25 16:42:52,785 - Clipping input data to the valid range for imshow with RGB data ([0..1] for floats or [0..255] for integers). Got range [-0.034714706..1.0402578].
2024-12-25 16:42:52,787 - Clipping input data to the valid range for imshow with RGB data ([0..1] for floats or [0..255] for integers). Got range [-0.11121094..1.152517].
