2024-12-24 18:33:37,990 - Norm2 (epsilon): 50
2024-12-24 18:33:37,990 - Optimization parameters:
2024-12-24 18:33:37,990 - epsilon (Frobenius norm constraint): 50
2024-12-24 18:33:37,991 - inner_tol (Tolerance for inner optimization): 1e-10
2024-12-24 18:33:37,991 - lr (Learning rate): 0.01
2024-12-24 18:33:37,991 - outer_num_steps (Number of outer optimization steps): 20
2024-12-24 18:33:37,991 - inner_num_steps (Number of inner optimization steps): 100
2024-12-24 18:33:37,991 - outer_dis_num (Display loss every outer_dis_num steps): 1
2024-12-24 18:33:37,991 - inner_dis_num (Display loss every inner_dis_num steps): 2000
2024-12-24 18:33:38,753 - Step 0, RSE_E: 55.27456283569336, Loss_X_Ours: 30.10289764404297, normE: 30.00948715209961
2024-12-24 18:33:39,180 - Step 1, RSE_E: 0.009488188661634922, Loss_X_Ours: 30.009746551513672, normE: 30.00974464416504
2024-12-24 18:33:39,609 - Step 2, RSE_E: 0.00423897709697485, Loss_X_Ours: 30.00966453552246, normE: 30.00966453552246
2024-12-24 18:33:40,008 - Step 3, RSE_E: 0.00399849284440279, Loss_X_Ours: 30.00961685180664, normE: 30.00961685180664
2024-12-24 18:33:40,299 - Step 4, RSE_E: 0.0032238797284662724, Loss_X_Ours: 30.00956153869629, normE: 30.00956153869629
2024-12-24 18:33:40,577 - Step 5, RSE_E: 0.0033107378985732794, Loss_X_Ours: 30.009538650512695, normE: 30.009538650512695
2024-12-24 18:33:40,853 - Step 6, RSE_E: 0.00352063262835145, Loss_X_Ours: 30.00948143005371, normE: 30.00948143005371
2024-12-24 18:33:41,131 - Step 7, RSE_E: 0.0031791359651833773, Loss_X_Ours: 30.00945472717285, normE: 30.00945472717285
2024-12-24 18:33:41,424 - Step 8, RSE_E: 0.0030704885721206665, Loss_X_Ours: 30.009483337402344, normE: 30.009483337402344
2024-12-24 18:33:41,703 - Step 9, RSE_E: 0.003220650600269437, Loss_X_Ours: 30.009475708007812, normE: 30.009477615356445
2024-12-24 18:33:41,979 - Step 10, RSE_E: 0.0034316261298954487, Loss_X_Ours: 30.009479522705078, normE: 30.009479522705078
2024-12-24 18:33:42,257 - Step 11, RSE_E: 0.0036491919308900833, Loss_X_Ours: 30.009519577026367, normE: 30.009519577026367
2024-12-24 18:33:42,533 - Step 12, RSE_E: 0.003243891289457679, Loss_X_Ours: 30.00948143005371, normE: 30.00948143005371
2024-12-24 18:33:42,810 - Step 13, RSE_E: 0.003280872479081154, Loss_X_Ours: 30.00946044921875, normE: 30.00946044921875
2024-12-24 18:33:43,090 - Step 14, RSE_E: 0.0031352024525403976, Loss_X_Ours: 30.009458541870117, normE: 30.009458541870117
2024-12-24 18:33:43,367 - Step 15, RSE_E: 0.004065437708050013, Loss_X_Ours: 30.009408950805664, normE: 30.0094051361084
2024-12-24 18:33:43,640 - Step 16, RSE_E: 0.003926167264580727, Loss_X_Ours: 30.009368896484375, normE: 30.009368896484375
2024-12-24 18:33:43,915 - Step 17, RSE_E: 0.0037022677715867758, Loss_X_Ours: 30.009296417236328, normE: 30.009296417236328
2024-12-24 18:33:44,187 - Step 18, RSE_E: 0.00312039558775723, Loss_X_Ours: 30.00927734375, normE: 30.009279251098633
2024-12-24 18:33:44,460 - Step 19, RSE_E: 0.003588974941521883, Loss_X_Ours: 30.009248733520508, normE: 30.009248733520508
2024-12-24 18:33:46,461 - Comparison Step 0, Loss_X_TNG: 30.017776489257812, normE: 50.0
2024-12-24 18:33:46,754 - Comparison Step 1, Loss_X_TNG: 29.531780242919922, normE: 50.0
2024-12-24 18:33:47,040 - Comparison Step 2, Loss_X_TNG: 29.229087829589844, normE: 50.0
2024-12-24 18:33:47,326 - Comparison Step 3, Loss_X_TNG: 29.21767807006836, normE: 50.0
2024-12-24 18:33:47,614 - Comparison Step 4, Loss_X_TNG: 29.223102569580078, normE: 49.999996185302734
2024-12-24 18:33:47,898 - Comparison Step 5, Loss_X_TNG: 29.16840171813965, normE: 50.0
2024-12-24 18:33:48,184 - Comparison Step 6, Loss_X_TNG: 29.062097549438477, normE: 50.0
2024-12-24 18:33:48,470 - Comparison Step 7, Loss_X_TNG: 28.974164962768555, normE: 49.999996185302734
2024-12-24 18:33:48,757 - Comparison Step 8, Loss_X_TNG: 28.949054718017578, normE: 50.0
2024-12-24 18:33:49,047 - Comparison Step 9, Loss_X_TNG: 29.014324188232422, normE: 49.999996185302734
2024-12-24 18:33:49,331 - Comparison Step 10, Loss_X_TNG: 28.930530548095703, normE: 50.0
2024-12-24 18:33:49,618 - Comparison Step 11, Loss_X_TNG: 28.90880012512207, normE: 50.0
2024-12-24 18:33:49,905 - Comparison Step 12, Loss_X_TNG: 28.830076217651367, normE: 50.0
2024-12-24 18:33:50,201 - Comparison Step 13, Loss_X_TNG: 28.733400344848633, normE: 49.999996185302734
2024-12-24 18:33:50,493 - Comparison Step 14, Loss_X_TNG: 28.755693435668945, normE: 50.0
2024-12-24 18:33:50,778 - Comparison Step 15, Loss_X_TNG: 28.81757164001465, normE: 50.0
2024-12-24 18:33:51,064 - Comparison Step 16, Loss_X_TNG: 28.834247589111328, normE: 50.0
2024-12-24 18:33:51,360 - Comparison Step 17, Loss_X_TNG: 28.871362686157227, normE: 50.000003814697266
2024-12-24 18:33:51,643 - Comparison Step 18, Loss_X_TNG: 29.00970458984375, normE: 50.0
2024-12-24 18:33:51,928 - Comparison Step 19, Loss_X_TNG: 29.28013038635254, normE: 50.0
2024-12-24 18:33:51,929 - Norm2 (Comparison Algorithm): 29.28013038635254
2024-12-24 18:33:52,204 - Norm2 (Original TR Algorithm): 27.556053161621094
2024-12-24 18:33:52,204 - Norm2 (Our Algorithm): 30.009248733520508
2024-12-24 18:33:52,297 - Clipping input data to the valid range for imshow with RGB data ([0..1] for floats or [0..255] for integers). Got range [-0.0915278..1.1370447].
2024-12-24 18:33:52,300 - Clipping input data to the valid range for imshow with RGB data ([0..1] for floats or [0..255] for integers). Got range [-0.6141056..0.53242594].
2024-12-24 18:33:52,302 - Clipping input data to the valid range for imshow with RGB data ([0..1] for floats or [0..255] for integers). Got range [-0.1124126..1.1673985].
2024-12-24 18:33:52,304 - Clipping input data to the valid range for imshow with RGB data ([0..1] for floats or [0..255] for integers). Got range [-0.11241187..1.1673986].
2024-12-24 18:33:52,307 - Clipping input data to the valid range for imshow with RGB data ([0..1] for floats or [0..255] for integers). Got range [-0.20623991..0.20282708].
2024-12-24 18:33:52,309 - Clipping input data to the valid range for imshow with RGB data ([0..1] for floats or [0..255] for integers). Got range [-0.16924983..1.1601095].
2024-12-24 18:33:52,311 - Clipping input data to the valid range for imshow with RGB data ([0..1] for floats or [0..255] for integers). Got range [-0.15960754..1.1429415].
