2024-12-24 17:13:58,305 - Norm2 (epsilon): 30
2024-12-24 17:13:59,131 - Step 0, RSE_E: 42.26551055908203, Loss_X_Ours: 27.881057739257812, normE: 30.0
2024-12-24 17:13:59,690 - Step 1, RSE_E: 0.9655083417892456, Loss_X_Ours: 40.08674240112305, normE: 30.000001907348633
2024-12-24 17:14:00,247 - Step 2, RSE_E: 0.27506792545318604, Loss_X_Ours: 40.03368377685547, normE: 30.0
2024-12-24 17:14:00,803 - Step 3, RSE_E: 0.15036450326442719, Loss_X_Ours: 40.00954055786133, normE: 30.0
2024-12-24 17:14:01,353 - Step 4, RSE_E: 0.10367710888385773, Loss_X_Ours: 39.99363708496094, normE: 30.000001907348633
2024-12-24 17:14:01,925 - Step 5, RSE_E: 0.07635783404111862, Loss_X_Ours: 39.98194885253906, normE: 30.0
2024-12-24 17:14:02,485 - Step 6, RSE_E: 0.0612451508641243, Loss_X_Ours: 39.973941802978516, normE: 30.0
2024-12-24 17:14:03,049 - Step 7, RSE_E: 0.05350897088646889, Loss_X_Ours: 39.96893310546875, normE: 30.0
2024-12-24 17:14:03,604 - Step 8, RSE_E: 6.3948822021484375, Loss_X_Ours: 39.96034622192383, normE: 30.000001907348633
2024-12-24 17:14:04,162 - Step 9, RSE_E: 0.36040592193603516, Loss_X_Ours: 39.95694351196289, normE: 30.0
2024-12-24 17:14:04,717 - Step 10, RSE_E: 0.276756227016449, Loss_X_Ours: 39.952396392822266, normE: 29.999998092651367
2024-12-24 17:14:05,276 - Step 11, RSE_E: 0.2413700371980667, Loss_X_Ours: 39.94990921020508, normE: 29.999998092651367
2024-12-24 17:14:05,612 - Step 12, RSE_E: 0.14648239314556122, Loss_X_Ours: 39.94486618041992, normE: 29.999998092651367
2024-12-24 17:14:06,170 - Step 13, RSE_E: 0.23200243711471558, Loss_X_Ours: 39.94559097290039, normE: 30.0
2024-12-24 17:14:06,259 - Step 14, RSE_E: 0.04291451722383499, Loss_X_Ours: 39.941680908203125, normE: 30.0
2024-12-24 17:14:06,702 - Step 15, RSE_E: 0.1811620444059372, Loss_X_Ours: 39.93658447265625, normE: 30.0
2024-12-24 17:14:07,000 - Step 16, RSE_E: 0.1257162243127823, Loss_X_Ours: 39.92903137207031, normE: 30.0
2024-12-24 17:14:07,191 - Step 17, RSE_E: 0.0896117240190506, Loss_X_Ours: 39.929969787597656, normE: 30.0
2024-12-24 17:14:07,761 - Step 18, RSE_E: 1.583106517791748, Loss_X_Ours: 40.002716064453125, normE: 30.0
2024-12-24 17:14:08,317 - Step 19, RSE_E: 1.0919339656829834, Loss_X_Ours: 39.94493865966797, normE: 30.0
2024-12-24 17:14:08,873 - Step 20, RSE_E: 0.5529496669769287, Loss_X_Ours: 39.93183898925781, normE: 30.000001907348633
2024-12-24 17:14:09,215 - Step 21, RSE_E: 0.25102561712265015, Loss_X_Ours: 39.929866790771484, normE: 29.999998092651367
2024-12-24 17:14:09,416 - Step 22, RSE_E: 0.1259932518005371, Loss_X_Ours: 39.9350700378418, normE: 30.000001907348633
2024-12-24 17:14:09,452 - Step 23, RSE_E: 0.02451932616531849, Loss_X_Ours: 39.935638427734375, normE: 30.0
2024-12-24 17:14:09,739 - Step 24, RSE_E: 0.14635659754276276, Loss_X_Ours: 39.9238166809082, normE: 29.999998092651367
2024-12-24 17:14:09,949 - Step 25, RSE_E: 0.10141106694936752, Loss_X_Ours: 39.93337631225586, normE: 30.000001907348633
2024-12-24 17:14:09,961 - Step 26, RSE_E: 0.016561266034841537, Loss_X_Ours: 39.92483901977539, normE: 30.0
2024-12-24 17:14:10,191 - Step 27, RSE_E: 0.0961834266781807, Loss_X_Ours: 39.918296813964844, normE: 30.000001907348633
2024-12-24 17:14:10,264 - Step 28, RSE_E: 0.03343060612678528, Loss_X_Ours: 39.920127868652344, normE: 30.0
2024-12-24 17:14:10,699 - Step 29, RSE_E: 0.16456304490566254, Loss_X_Ours: 39.926910400390625, normE: 30.0
2024-12-24 17:14:10,905 - Step 30, RSE_E: 0.08690346032381058, Loss_X_Ours: 39.92367935180664, normE: 30.0
2024-12-24 17:14:10,940 - Step 31, RSE_E: 0.018590375781059265, Loss_X_Ours: 39.926422119140625, normE: 30.0
2024-12-24 17:14:11,449 - Step 32, RSE_E: 0.4513762891292572, Loss_X_Ours: 39.922115325927734, normE: 30.000001907348633
2024-12-24 17:14:11,565 - Step 33, RSE_E: 0.054831746965646744, Loss_X_Ours: 39.929222106933594, normE: 30.0
2024-12-24 17:14:12,126 - Step 34, RSE_E: 0.2524971067905426, Loss_X_Ours: 39.92298126220703, normE: 30.0
2024-12-24 17:14:12,240 - Step 35, RSE_E: 0.052290257066488266, Loss_X_Ours: 39.912105560302734, normE: 29.999998092651367
2024-12-24 17:14:12,405 - Step 36, RSE_E: 0.07173650711774826, Loss_X_Ours: 39.92081832885742, normE: 29.999998092651367
2024-12-24 17:14:12,981 - Step 37, RSE_E: 0.47959476709365845, Loss_X_Ours: 39.9138298034668, normE: 29.999998092651367
2024-12-24 17:14:13,499 - Step 38, RSE_E: 0.567308247089386, Loss_X_Ours: 39.91665267944336, normE: 30.0
2024-12-24 17:14:13,714 - Step 39, RSE_E: 0.10214220732450485, Loss_X_Ours: 39.91233444213867, normE: 30.000001907348633
2024-12-24 17:14:14,056 - Step 40, RSE_E: 0.12956316769123077, Loss_X_Ours: 39.91783142089844, normE: 29.999998092651367
2024-12-24 17:14:14,612 - Step 41, RSE_E: 0.5795192718505859, Loss_X_Ours: 39.90800094604492, normE: 29.999998092651367
2024-12-24 17:14:15,146 - Step 42, RSE_E: 0.4493163526058197, Loss_X_Ours: 39.912540435791016, normE: 30.0
2024-12-24 17:14:15,632 - Step 43, RSE_E: 0.18487180769443512, Loss_X_Ours: 39.91498565673828, normE: 30.0
2024-12-24 17:14:15,677 - Step 44, RSE_E: 0.02407953515648842, Loss_X_Ours: 39.91130447387695, normE: 30.0
2024-12-24 17:14:15,881 - Step 45, RSE_E: 0.06436315178871155, Loss_X_Ours: 39.9058837890625, normE: 30.0
2024-12-24 17:14:16,449 - Step 46, RSE_E: 0.6980220079421997, Loss_X_Ours: 39.911529541015625, normE: 29.999998092651367
2024-12-24 17:14:16,660 - Step 47, RSE_E: 0.13598942756652832, Loss_X_Ours: 39.907142639160156, normE: 30.0
2024-12-24 17:14:16,759 - Step 48, RSE_E: 0.059195201843976974, Loss_X_Ours: 39.908973693847656, normE: 30.000001907348633
2024-12-24 17:14:17,323 - Step 49, RSE_E: 0.3300356864929199, Loss_X_Ours: 39.905826568603516, normE: 29.999998092651367
2024-12-24 17:14:19,589 - Comparison Step 0, Loss_X_TNG: 27.764892578125, normE: 32.91967010498047
2024-12-24 17:14:20,152 - Comparison Step 1, Loss_X_TNG: 27.5955867767334, normE: 33.181121826171875
2024-12-24 17:14:20,715 - Comparison Step 2, Loss_X_TNG: 27.587539672851562, normE: 33.38378143310547
2024-12-24 17:14:21,273 - Comparison Step 3, Loss_X_TNG: 27.7220458984375, normE: 33.53892135620117
2024-12-24 17:14:21,849 - Comparison Step 4, Loss_X_TNG: 27.709957122802734, normE: 33.67597198486328
2024-12-24 17:14:22,413 - Comparison Step 5, Loss_X_TNG: 27.917146682739258, normE: 33.77770233154297
2024-12-24 17:14:22,993 - Comparison Step 6, Loss_X_TNG: 28.06121063232422, normE: 33.85943603515625
2024-12-24 17:14:23,550 - Comparison Step 7, Loss_X_TNG: 28.02252769470215, normE: 33.92869567871094
2024-12-24 17:14:24,112 - Comparison Step 8, Loss_X_TNG: 28.14532470703125, normE: 33.984867095947266
2024-12-24 17:14:24,675 - Comparison Step 9, Loss_X_TNG: 28.194486618041992, normE: 34.02860641479492
2024-12-24 17:14:25,239 - Comparison Step 10, Loss_X_TNG: 28.349571228027344, normE: 34.0643196105957
2024-12-24 17:14:25,804 - Comparison Step 11, Loss_X_TNG: 28.285860061645508, normE: 34.09379196166992
2024-12-24 17:14:26,369 - Comparison Step 12, Loss_X_TNG: 28.217945098876953, normE: 34.121036529541016
2024-12-24 17:14:26,946 - Comparison Step 13, Loss_X_TNG: 28.356754302978516, normE: 34.14231872558594
2024-12-24 17:14:27,513 - Comparison Step 14, Loss_X_TNG: 28.100492477416992, normE: 34.16421890258789
2024-12-24 17:14:28,087 - Comparison Step 15, Loss_X_TNG: 27.91352081298828, normE: 34.18437576293945
2024-12-24 17:14:28,650 - Comparison Step 16, Loss_X_TNG: 27.982866287231445, normE: 34.20026397705078
2024-12-24 17:14:29,213 - Comparison Step 17, Loss_X_TNG: 28.047733306884766, normE: 34.2134895324707
2024-12-24 17:14:29,777 - Comparison Step 18, Loss_X_TNG: 28.118446350097656, normE: 34.224220275878906
2024-12-24 17:14:30,342 - Comparison Step 19, Loss_X_TNG: 28.158559799194336, normE: 34.231685638427734
2024-12-24 17:14:30,906 - Comparison Step 20, Loss_X_TNG: 28.34872817993164, normE: 34.23707962036133
2024-12-24 17:14:31,475 - Comparison Step 21, Loss_X_TNG: 28.369613647460938, normE: 34.239627838134766
2024-12-24 17:14:32,044 - Comparison Step 22, Loss_X_TNG: 28.51528549194336, normE: 34.239498138427734
2024-12-24 17:14:32,615 - Comparison Step 23, Loss_X_TNG: 28.543004989624023, normE: 34.24052810668945
2024-12-24 17:14:33,178 - Comparison Step 24, Loss_X_TNG: 28.496938705444336, normE: 34.24034881591797
2024-12-24 17:14:33,737 - Comparison Step 25, Loss_X_TNG: 28.612567901611328, normE: 34.23862075805664
2024-12-24 17:14:34,297 - Comparison Step 26, Loss_X_TNG: 28.486539840698242, normE: 34.239253997802734
2024-12-24 17:14:34,856 - Comparison Step 27, Loss_X_TNG: 28.73162841796875, normE: 34.23964309692383
2024-12-24 17:14:35,419 - Comparison Step 28, Loss_X_TNG: 28.49331283569336, normE: 34.239707946777344
2024-12-24 17:14:35,980 - Comparison Step 29, Loss_X_TNG: 28.505645751953125, normE: 34.23952865600586
2024-12-24 17:14:36,550 - Comparison Step 30, Loss_X_TNG: 28.527158737182617, normE: 34.2421760559082
2024-12-24 17:14:37,112 - Comparison Step 31, Loss_X_TNG: 28.363889694213867, normE: 34.24443817138672
2024-12-24 17:14:37,685 - Comparison Step 32, Loss_X_TNG: 28.418888092041016, normE: 34.24570083618164
2024-12-24 17:14:38,242 - Comparison Step 33, Loss_X_TNG: 28.194883346557617, normE: 34.2482795715332
2024-12-24 17:14:38,799 - Comparison Step 34, Loss_X_TNG: 28.205699920654297, normE: 34.25039291381836
2024-12-24 17:14:39,363 - Comparison Step 35, Loss_X_TNG: 28.21484375, normE: 34.25198745727539
2024-12-24 17:14:39,926 - Comparison Step 36, Loss_X_TNG: 28.254928588867188, normE: 34.252593994140625
2024-12-24 17:14:40,488 - Comparison Step 37, Loss_X_TNG: 28.307687759399414, normE: 34.25224685668945
2024-12-24 17:14:41,052 - Comparison Step 38, Loss_X_TNG: 28.411846160888672, normE: 34.25048065185547
2024-12-24 17:14:41,625 - Comparison Step 39, Loss_X_TNG: 28.494325637817383, normE: 34.247257232666016
2024-12-24 17:14:42,189 - Comparison Step 40, Loss_X_TNG: 28.521451950073242, normE: 34.24396514892578
2024-12-24 17:14:42,767 - Comparison Step 41, Loss_X_TNG: 28.40599822998047, normE: 34.24205780029297
2024-12-24 17:14:43,325 - Comparison Step 42, Loss_X_TNG: 28.410306930541992, normE: 34.242156982421875
2024-12-24 17:14:43,882 - Comparison Step 43, Loss_X_TNG: 28.39406967163086, normE: 34.24109649658203
2024-12-24 17:14:44,444 - Comparison Step 44, Loss_X_TNG: 28.439897537231445, normE: 34.23944091796875
2024-12-24 17:14:45,007 - Comparison Step 45, Loss_X_TNG: 28.603046417236328, normE: 34.236724853515625
2024-12-24 17:14:45,565 - Comparison Step 46, Loss_X_TNG: 28.877729415893555, normE: 34.231597900390625
2024-12-24 17:14:46,117 - Comparison Step 47, Loss_X_TNG: 28.909000396728516, normE: 34.2288932800293
2024-12-24 17:14:46,686 - Comparison Step 48, Loss_X_TNG: 28.86315155029297, normE: 34.22441482543945
2024-12-24 17:14:47,243 - Comparison Step 49, Loss_X_TNG: 28.691526412963867, normE: 34.22156524658203
2024-12-24 17:14:47,243 - Norm2 (Comparison Algorithm): 28.691526412963867
2024-12-24 17:14:47,812 - Norm2 (Original TR Algorithm): 26.726726531982422
2024-12-24 17:14:47,813 - Norm2 (Our Algorithm): 39.905826568603516
2024-12-24 17:14:47,906 - Clipping input data to the valid range for imshow with RGB data ([0..1] for floats or [0..255] for integers). Got range [-0.120913796..1.1663276].
2024-12-24 17:14:47,910 - Clipping input data to the valid range for imshow with RGB data ([0..1] for floats or [0..255] for integers). Got range [-0.0025589436..0.13659678].
2024-12-24 17:14:47,912 - Clipping input data to the valid range for imshow with RGB data ([0..1] for floats or [0..255] for integers). Got range [0.0033971227..1.1211969].
2024-12-24 17:14:47,914 - Clipping input data to the valid range for imshow with RGB data ([0..1] for floats or [0..255] for integers). Got range [-0.09378968..1.2939314].
2024-12-24 17:14:47,917 - Clipping input data to the valid range for imshow with RGB data ([0..1] for floats or [0..255] for integers). Got range [-0.11191203..0.1128732].
2024-12-24 17:14:47,919 - Clipping input data to the valid range for imshow with RGB data ([0..1] for floats or [0..255] for integers). Got range [-0.09773688..1.1061244].
2024-12-24 17:14:47,920 - Clipping input data to the valid range for imshow with RGB data ([0..1] for floats or [0..255] for integers). Got range [-0.14326581..1.1856902].
