2024-12-24 19:42:53,456 - Norm2 (epsilon): 50
2024-12-24 19:42:53,456 - Optimization parameters:
2024-12-24 19:42:53,456 - epsilon (Frobenius norm constraint): 50
2024-12-24 19:42:53,456 - inner_tol (Tolerance for inner optimization): 1e-10
2024-12-24 19:42:53,456 - lr (Learning rate): 0.01
2024-12-24 19:42:53,456 - outer_num_steps (Number of outer optimization steps): 20
2024-12-24 19:42:53,456 - inner_num_steps (Number of inner optimization steps): 100
2024-12-24 19:42:53,456 - outer_dis_num (Display loss every outer_dis_num steps): 1
2024-12-24 19:42:53,456 - inner_dis_num (Display loss every inner_dis_num steps): 2000
2024-12-24 19:42:56,011 - Comparison Step 0, Loss_X_TNG: 27.02465057373047, normE: 0.11295434087514877
2024-12-24 19:42:56,317 - Comparison Step 1, Loss_X_TNG: 26.82594108581543, normE: 0.11295434087514877
2024-12-24 19:42:56,604 - Comparison Step 2, Loss_X_TNG: 26.719051361083984, normE: 0.11295434087514877
2024-12-24 19:42:56,886 - Comparison Step 3, Loss_X_TNG: 26.62973403930664, normE: 0.11295434087514877
2024-12-24 19:42:57,167 - Comparison Step 4, Loss_X_TNG: 26.564102172851562, normE: 0.11295434087514877
2024-12-24 19:42:57,448 - Comparison Step 5, Loss_X_TNG: 26.524864196777344, normE: 0.11295434087514877
2024-12-24 19:42:57,726 - Comparison Step 6, Loss_X_TNG: 26.498144149780273, normE: 0.11295434087514877
2024-12-24 19:42:58,010 - Comparison Step 7, Loss_X_TNG: 26.47909164428711, normE: 0.11295434087514877
2024-12-24 19:42:58,290 - Comparison Step 8, Loss_X_TNG: 26.46550750732422, normE: 0.11295434087514877
2024-12-24 19:42:58,571 - Comparison Step 9, Loss_X_TNG: 26.45508575439453, normE: 0.11295434087514877
2024-12-24 19:42:58,850 - Comparison Step 10, Loss_X_TNG: 26.446575164794922, normE: 0.11295434087514877
2024-12-24 19:42:59,129 - Comparison Step 11, Loss_X_TNG: 26.43877410888672, normE: 0.11295434087514877
2024-12-24 19:42:59,376 - Comparison Step 12, Loss_X_TNG: 26.432315826416016, normE: 0.11295434087514877
2024-12-24 19:42:59,484 - Comparison Step 13, Loss_X_TNG: 26.429655075073242, normE: 0.11295434087514877
2024-12-24 19:42:59,763 - Comparison Step 14, Loss_X_TNG: 26.422142028808594, normE: 0.11295434087514877
2024-12-24 19:43:00,046 - Comparison Step 15, Loss_X_TNG: 26.42386245727539, normE: 0.11295434087514877
2024-12-24 19:43:00,331 - Comparison Step 16, Loss_X_TNG: 26.45827865600586, normE: 0.11295434087514877
2024-12-24 19:43:00,613 - Comparison Step 17, Loss_X_TNG: 26.40534019470215, normE: 0.11295434087514877
2024-12-24 19:43:00,898 - Comparison Step 18, Loss_X_TNG: 26.410667419433594, normE: 0.11295434087514877
2024-12-24 19:43:01,179 - Comparison Step 19, Loss_X_TNG: 26.391754150390625, normE: 0.11295434087514877
2024-12-24 19:43:01,516 - Comparison Step 0, Loss_X_TNG: 26.391109466552734, normE: 4.43589448928833
2024-12-24 19:43:01,803 - Comparison Step 1, Loss_X_TNG: 26.612957000732422, normE: 5.892337322235107
2024-12-24 19:43:02,088 - Comparison Step 2, Loss_X_TNG: 26.805042266845703, normE: 5.093438625335693
2024-12-24 19:43:02,375 - Comparison Step 3, Loss_X_TNG: 26.672740936279297, normE: 5.5212721824646
2024-12-24 19:43:02,662 - Comparison Step 4, Loss_X_TNG: 26.523906707763672, normE: 5.249577045440674
2024-12-24 19:43:02,947 - Comparison Step 5, Loss_X_TNG: 26.462804794311523, normE: 5.388646602630615
2024-12-24 19:43:03,231 - Comparison Step 6, Loss_X_TNG: 26.482004165649414, normE: 5.296482563018799
2024-12-24 19:43:03,515 - Comparison Step 7, Loss_X_TNG: 26.44206428527832, normE: 5.33369779586792
2024-12-24 19:43:03,804 - Comparison Step 8, Loss_X_TNG: 26.426210403442383, normE: 5.29729700088501
2024-12-24 19:43:04,089 - Comparison Step 9, Loss_X_TNG: 26.451433181762695, normE: 5.307918071746826
2024-12-24 19:43:04,375 - Comparison Step 10, Loss_X_TNG: 26.466245651245117, normE: 5.297774791717529
2024-12-24 19:43:04,661 - Comparison Step 11, Loss_X_TNG: 26.502357482910156, normE: 5.305271625518799
2024-12-24 19:43:04,950 - Comparison Step 12, Loss_X_TNG: 26.5440731048584, normE: 5.305531024932861
2024-12-24 19:43:05,242 - Comparison Step 13, Loss_X_TNG: 26.602176666259766, normE: 5.307593822479248
2024-12-24 19:43:05,530 - Comparison Step 14, Loss_X_TNG: 26.466197967529297, normE: 5.300874710083008
2024-12-24 19:43:05,815 - Comparison Step 15, Loss_X_TNG: 26.455833435058594, normE: 5.299049377441406
2024-12-24 19:43:06,104 - Comparison Step 16, Loss_X_TNG: 26.435546875, normE: 5.295788764953613
2024-12-24 19:43:06,392 - Comparison Step 17, Loss_X_TNG: 26.43828010559082, normE: 5.293951988220215
2024-12-24 19:43:06,677 - Comparison Step 18, Loss_X_TNG: 26.573471069335938, normE: 5.302602291107178
2024-12-24 19:43:06,962 - Comparison Step 19, Loss_X_TNG: 26.73912811279297, normE: 5.307024955749512
2024-12-24 19:43:06,963 - Norm2 (Comparison Algorithm): 26.73912811279297
2024-12-24 19:43:07,236 - Norm2 (Original TR Algorithm): 27.138614654541016
2024-12-24 19:43:07,236 - Norm2 (Our Algorithm): 26.391754150390625
2024-12-24 19:43:07,329 - Clipping input data to the valid range for imshow with RGB data ([0..1] for floats or [0..255] for integers). Got range [-0.13077469..1.1788006].
2024-12-24 19:43:07,333 - Clipping input data to the valid range for imshow with RGB data ([0..1] for floats or [0..255] for integers). Got range [-0.0011696006..0.0011425258].
2024-12-24 19:43:07,335 - Clipping input data to the valid range for imshow with RGB data ([0..1] for floats or [0..255] for integers). Got range [-0.00084966666..1.0006907].
2024-12-24 19:43:07,337 - Clipping input data to the valid range for imshow with RGB data ([0..1] for floats or [0..255] for integers). Got range [-0.12588938..1.1710025].
2024-12-24 19:43:07,340 - Clipping input data to the valid range for imshow with RGB data ([0..1] for floats or [0..255] for integers). Got range [-0.014252065..0.014150016].
2024-12-24 19:43:07,342 - Clipping input data to the valid range for imshow with RGB data ([0..1] for floats or [0..255] for integers). Got range [-0.013358801..1.0132536].
2024-12-24 19:43:07,344 - Clipping input data to the valid range for imshow with RGB data ([0..1] for floats or [0..255] for integers). Got range [-0.14753975..1.1565453].
