2024-12-16 02:02:02,494 - Norm2 (epsilon): 100.0
2024-12-16 02:02:06,401 - Step 0 norm(X - TN_G_Ours): -25170.962890625
2024-12-16 02:02:08,414 - Step 1 norm(X - TN_G_Ours): -1667.3922119140625
2024-12-16 02:02:10,421 - Step 2 norm(X - TN_G_Ours): -1644.7593994140625
2024-12-16 02:02:12,027 - Step 3 norm(X - TN_G_Ours): -1635.237060546875
2024-12-16 02:02:13,606 - Step 4 norm(X - TN_G_Ours): -1630.2237548828125
2024-12-16 02:02:15,514 - Step 5 norm(X - TN_G_Ours): -1627.2159423828125
2024-12-16 02:02:17,473 - Step 6 norm(X - TN_G_Ours): -1625.6602783203125
2024-12-16 02:02:19,451 - Step 7 norm(X - TN_G_Ours): -1624.6351318359375
2024-12-16 02:02:21,388 - Step 8 norm(X - TN_G_Ours): -1623.7379150390625
2024-12-16 02:02:23,382 - Step 9 norm(X - TN_G_Ours): -1622.9464111328125
2024-12-16 02:02:25,386 - Step 0 norm(X - TN_G_ATR): 156.51446533203125
2024-12-16 02:02:26,981 - Step 1 norm(X - TN_G_ATR): 40.666080474853516
2024-12-16 02:02:28,544 - Step 2 norm(X - TN_G_ATR): 40.04692077636719
2024-12-16 02:02:30,276 - Step 3 norm(X - TN_G_ATR): 39.604427337646484
2024-12-16 02:02:32,241 - Step 4 norm(X - TN_G_ATR): 39.11753463745117
2024-12-16 02:02:34,214 - Step 5 norm(X - TN_G_ATR): 38.631595611572266
2024-12-16 02:02:36,161 - Step 6 norm(X - TN_G_ATR): 38.28797912597656
2024-12-16 02:02:38,097 - Step 7 norm(X - TN_G_ATR): 37.99293899536133
2024-12-16 02:02:40,080 - Step 8 norm(X - TN_G_ATR): 37.731544494628906
2024-12-16 02:02:42,129 - Step 9 norm(X - TN_G_ATR): 37.485652923583984
2024-12-16 02:02:42,134 - Norm2 (Our Algorithm): 40.28580856323242
2024-12-16 02:02:42,134 - Norm2 (Comparison Algorithm): 37.485652923583984
2024-12-16 02:02:43,693 - Norm2 (Original TR Algorithm): 27.111661911010742
2024-12-16 02:02:43,806 - Clipping input data to the valid range for imshow with RGB data ([0..1] for floats or [0..255] for integers). Got range [-0.12514333..1.1776285].
2024-12-16 02:02:43,810 - Clipping input data to the valid range for imshow with RGB data ([0..1] for floats or [0..255] for integers). Got range [-0.9670615..0.9572783].
2024-12-16 02:02:43,812 - Clipping input data to the valid range for imshow with RGB data ([0..1] for floats or [0..255] for integers). Got range [-0.74044055..1.8317881].
2024-12-16 02:02:43,814 - Clipping input data to the valid range for imshow with RGB data ([0..1] for floats or [0..255] for integers). Got range [-0.2786036..1.2814786].
2024-12-16 02:02:43,818 - Clipping input data to the valid range for imshow with RGB data ([0..1] for floats or [0..255] for integers). Got range [-1.0069667..0.8114402].
2024-12-16 02:02:43,819 - Clipping input data to the valid range for imshow with RGB data ([0..1] for floats or [0..255] for integers). Got range [-0.8122794..1.6741853].
2024-12-16 02:02:43,821 - Clipping input data to the valid range for imshow with RGB data ([0..1] for floats or [0..255] for integers). Got range [-0.22438644..1.2657121].
