2024-12-16 15:38:59,480 - Norm2 (epsilon): 100.0
2024-12-16 15:39:01,447 - Step 0 norm(X - TN_G_Ours): 41.79850756157449
2024-12-16 15:39:01,599 - Step 1 norm(X - TN_G_Ours): 41.29781349434934
2024-12-16 15:39:01,777 - Step 2 norm(X - TN_G_Ours): 41.02409733924684
2024-12-16 15:39:01,866 - Step 3 norm(X - TN_G_Ours): 40.825489354748555
2024-12-16 15:39:02,048 - Step 4 norm(X - TN_G_Ours): 40.68488374845134
2024-12-16 15:39:02,198 - Step 5 norm(X - TN_G_Ours): 40.598743017122004
2024-12-16 15:39:02,379 - Step 6 norm(X - TN_G_Ours): 40.54318233426013
2024-12-16 15:39:02,537 - Step 7 norm(X - TN_G_Ours): 40.50469566721555
2024-12-16 15:39:02,716 - Step 8 norm(X - TN_G_Ours): 40.47672610828737
2024-12-16 15:39:02,874 - Step 9 norm(X - TN_G_Ours): 40.456706702195866
2024-12-16 15:39:03,100 - Step 0 norm(X - TN_G_ATR): 39.787967681884766
2024-12-16 15:39:03,281 - Step 1 norm(X - TN_G_ATR): 40.0300407409668
2024-12-16 15:39:03,433 - Step 2 norm(X - TN_G_ATR): 39.50358200073242
2024-12-16 15:39:03,612 - Step 3 norm(X - TN_G_ATR): 39.052093505859375
2024-12-16 15:39:03,767 - Step 4 norm(X - TN_G_ATR): 38.624202728271484
2024-12-16 15:39:03,946 - Step 5 norm(X - TN_G_ATR): 38.23046875
2024-12-16 15:39:04,101 - Step 6 norm(X - TN_G_ATR): 38.01274871826172
2024-12-16 15:39:04,275 - Step 7 norm(X - TN_G_ATR): 37.876129150390625
2024-12-16 15:39:04,439 - Step 8 norm(X - TN_G_ATR): 37.693790435791016
2024-12-16 15:39:04,604 - Step 9 norm(X - TN_G_ATR): 37.49208450317383
2024-12-16 15:39:04,609 - Norm2 (Our Algorithm): 40.45670700073242
2024-12-16 15:39:04,609 - Norm2 (Comparison Algorithm): 37.49208450317383
2024-12-16 15:39:04,775 - Norm2 (Original TR Algorithm): 29.186765670776367
2024-12-16 15:39:04,912 - Clipping input data to the valid range for imshow with RGB data ([0..1] for floats or [0..255] for integers). Got range [-0.10767964..1.2158704].
2024-12-16 15:39:04,916 - Clipping input data to the valid range for imshow with RGB data ([0..1] for floats or [0..255] for integers). Got range [-1.0170553..0.99589].
2024-12-16 15:39:04,919 - Clipping input data to the valid range for imshow with RGB data ([0..1] for floats or [0..255] for integers). Got range [-0.78368974..1.7394961].
2024-12-16 15:39:04,921 - Clipping input data to the valid range for imshow with RGB data ([0..1] for floats or [0..255] for integers). Got range [-0.31529576..1.3202537].
2024-12-16 15:39:04,925 - Clipping input data to the valid range for imshow with RGB data ([0..1] for floats or [0..255] for integers). Got range [-0.8099418..0.8386059].
2024-12-16 15:39:04,927 - Clipping input data to the valid range for imshow with RGB data ([0..1] for floats or [0..255] for integers). Got range [-0.6534198..1.7248805].
2024-12-16 15:39:04,930 - Clipping input data to the valid range for imshow with RGB data ([0..1] for floats or [0..255] for integers). Got range [-0.27843952..1.273458].
