2024-12-25 16:34:01,265 - Norm2 (epsilon): 100
2024-12-25 16:34:01,266 - Optimization parameters:
2024-12-25 16:34:01,266 - epsilon (Frobenius norm constraint): 100
2024-12-25 16:34:01,266 - inner_tol (Tolerance for inner optimization): 1e-10
2024-12-25 16:34:01,266 - lr (Learning rate): 0.01
2024-12-25 16:34:01,266 - outer_num_steps (Number of outer optimization steps): 50
2024-12-25 16:34:01,266 - inner_num_steps (Number of inner optimization steps): 200
2024-12-25 16:34:01,266 - outer_dis_num (Display loss every outer_dis_num steps): 1
2024-12-25 16:34:01,266 - inner_dis_num (Display loss every inner_dis_num steps): 2000
2024-12-25 16:34:05,043 - Step 0, RSE_E: 0.00040305289439857006, Loss_X_Ours: 26.6104679107666, normE: 0.2258295863866806
2024-12-25 16:34:08,446 - Step 1, RSE_E: 0.000406465056585148, Loss_X_Ours: 26.50473403930664, normE: 0.22590310871601105
2024-12-25 16:34:11,920 - Step 2, RSE_E: 0.00041055239853449166, Loss_X_Ours: 26.456697463989258, normE: 0.2259780615568161
2024-12-25 16:34:15,350 - Step 3, RSE_E: 0.0004146269056946039, Loss_X_Ours: 26.43525505065918, normE: 0.22605448961257935
2024-12-25 16:34:18,816 - Step 4, RSE_E: 0.0004187720478512347, Loss_X_Ours: 26.422542572021484, normE: 0.22613242268562317
2024-12-25 16:34:22,248 - Step 5, RSE_E: 0.00042274026782251894, Loss_X_Ours: 26.413345336914062, normE: 0.22621184587478638
2024-12-25 16:34:25,663 - Step 6, RSE_E: 0.00042690488044172525, Loss_X_Ours: 26.40481185913086, normE: 0.22629278898239136
2024-12-25 16:34:26,903 - Step 7, RSE_E: 0.00043124842341057956, Loss_X_Ours: 26.402193069458008, normE: 0.22637535631656647
2024-12-25 16:34:29,639 - Step 8, RSE_E: 0.0004354883567430079, Loss_X_Ours: 26.396530151367188, normE: 0.22645951807498932
2024-12-25 16:34:32,681 - Step 9, RSE_E: 0.00043967182864435017, Loss_X_Ours: 26.390735626220703, normE: 0.2265453040599823
2024-12-25 16:34:33,086 - Step 10, RSE_E: 0.00044412488932721317, Loss_X_Ours: 26.390098571777344, normE: 0.22663278877735138
2024-12-25 16:34:36,524 - Step 11, RSE_E: 0.0004486687248572707, Loss_X_Ours: 26.403987884521484, normE: 0.22672203183174133
2024-12-25 16:34:39,949 - Step 12, RSE_E: 0.0004531706217676401, Loss_X_Ours: 26.390214920043945, normE: 0.22681301832199097
2024-12-25 16:34:43,415 - Step 13, RSE_E: 0.0004576186474878341, Loss_X_Ours: 26.382009506225586, normE: 0.22690577805042267
2024-12-25 16:34:43,727 - Step 14, RSE_E: 0.0004621192056220025, Loss_X_Ours: 26.381423950195312, normE: 0.22700034081935883
2024-12-25 16:34:44,693 - Step 15, RSE_E: 0.00046688871225342155, Loss_X_Ours: 26.37958526611328, normE: 0.2270967960357666
2024-12-25 16:34:46,218 - Step 16, RSE_E: 0.0004713927046395838, Loss_X_Ours: 26.376739501953125, normE: 0.22719509899616241
2024-12-25 16:34:48,998 - Step 17, RSE_E: 0.00047604754217900336, Loss_X_Ours: 26.371849060058594, normE: 0.22729532420635223
2024-12-25 16:34:51,134 - Step 18, RSE_E: 0.00048065840383060277, Loss_X_Ours: 26.36850357055664, normE: 0.22739747166633606
2024-12-25 16:34:52,252 - Step 19, RSE_E: 0.00048564973985776305, Loss_X_Ours: 26.366897583007812, normE: 0.22750166058540344
2024-12-25 16:34:55,683 - Step 20, RSE_E: 0.0004903543158434331, Loss_X_Ours: 26.361549377441406, normE: 0.2276078462600708
2024-12-25 16:34:59,164 - Step 21, RSE_E: 0.0004953659954480827, Loss_X_Ours: 26.391681671142578, normE: 0.22771617770195007
2024-12-25 16:35:02,602 - Step 22, RSE_E: 0.0005002026446163654, Loss_X_Ours: 26.375951766967773, normE: 0.2278265506029129
2024-12-25 16:35:06,036 - Step 23, RSE_E: 0.0005052165943197906, Loss_X_Ours: 26.385862350463867, normE: 0.22793912887573242
2024-12-25 16:35:07,542 - Step 24, RSE_E: 0.0005102717550471425, Loss_X_Ours: 26.3778133392334, normE: 0.22805388271808624
2024-12-25 16:35:09,482 - Step 25, RSE_E: 0.0005154316313564777, Loss_X_Ours: 26.372699737548828, normE: 0.22817091643810272
2024-12-25 16:35:10,327 - Step 26, RSE_E: 0.0005205498891882598, Loss_X_Ours: 26.371061325073242, normE: 0.22829023003578186
2024-12-25 16:35:11,109 - Step 27, RSE_E: 0.0005256925360299647, Loss_X_Ours: 26.36983299255371, normE: 0.22841185331344604
2024-12-25 16:35:11,379 - Step 28, RSE_E: 0.0005308674299158156, Loss_X_Ours: 26.36951446533203, normE: 0.22853581607341766
2024-12-25 16:35:12,971 - Step 29, RSE_E: 0.0005363266100175679, Loss_X_Ours: 26.36738395690918, normE: 0.22866225242614746
2024-12-25 16:35:16,027 - Step 30, RSE_E: 0.0005416398053057492, Loss_X_Ours: 26.363996505737305, normE: 0.22879113256931305
2024-12-25 16:35:16,206 - Step 31, RSE_E: 0.0005468974122777581, Loss_X_Ours: 26.363815307617188, normE: 0.22892248630523682
2024-12-25 16:35:16,764 - Step 32, RSE_E: 0.0005524548469111323, Loss_X_Ours: 26.363319396972656, normE: 0.2290564328432083
2024-12-25 16:35:17,741 - Step 33, RSE_E: 0.0005579628050327301, Loss_X_Ours: 26.362382888793945, normE: 0.22919297218322754
2024-12-25 16:35:19,131 - Step 34, RSE_E: 0.0005635546403937042, Loss_X_Ours: 26.361194610595703, normE: 0.22933217883110046
2024-12-25 16:35:19,365 - Step 35, RSE_E: 0.0005691951373592019, Loss_X_Ours: 26.361045837402344, normE: 0.22947408258914948
2024-12-25 16:35:20,623 - Step 36, RSE_E: 0.0005749240517616272, Loss_X_Ours: 26.360048294067383, normE: 0.22961878776550293
2024-12-25 16:35:21,460 - Step 37, RSE_E: 0.0005805881228297949, Loss_X_Ours: 26.359474182128906, normE: 0.22976626455783844
2024-12-25 16:35:23,648 - Step 38, RSE_E: 0.0005864552804268897, Loss_X_Ours: 26.35801124572754, normE: 0.22991660237312317
2024-12-25 16:35:24,757 - Step 39, RSE_E: 0.0005922485725022852, Loss_X_Ours: 26.357080459594727, normE: 0.2300698608160019
2024-12-25 16:35:25,373 - Step 40, RSE_E: 0.0005981267313472927, Loss_X_Ours: 26.35671043395996, normE: 0.230226069688797
2024-12-25 16:35:28,818 - Step 41, RSE_E: 0.0006041672313585877, Loss_X_Ours: 26.36853790283203, normE: 0.23038534820079803
2024-12-25 16:35:29,673 - Step 42, RSE_E: 0.0006101930048316717, Loss_X_Ours: 26.365325927734375, normE: 0.230547696352005
2024-12-25 16:35:32,365 - Step 43, RSE_E: 0.0006162095814943314, Loss_X_Ours: 26.360301971435547, normE: 0.2307131588459015
2024-12-25 16:35:33,522 - Step 44, RSE_E: 0.0006225086399354041, Loss_X_Ours: 26.358997344970703, normE: 0.23088185489177704
2024-12-25 16:35:34,627 - Step 45, RSE_E: 0.0006286170100793242, Loss_X_Ours: 26.357845306396484, normE: 0.23105379939079285
2024-12-25 16:35:35,735 - Step 46, RSE_E: 0.0006349153118208051, Loss_X_Ours: 26.356870651245117, normE: 0.2312290519475937
2024-12-25 16:35:36,783 - Step 47, RSE_E: 0.0006412215298041701, Loss_X_Ours: 26.35599708557129, normE: 0.23140768706798553
2024-12-25 16:35:40,216 - Step 48, RSE_E: 0.0006454993272200227, Loss_X_Ours: 26.475147247314453, normE: 0.23158854246139526
2024-12-25 16:35:43,651 - Step 49, RSE_E: 0.0006521179457195103, Loss_X_Ours: 26.436580657958984, normE: 0.2317730188369751
2024-12-25 16:35:47,034 - Norm2 (Original TR Algorithm): 26.662166595458984
2024-12-25 16:35:47,035 - Norm2 (Our Algorithm): 26.436580657958984
2024-12-25 16:35:47,106 - Clipping input data to the valid range for imshow with RGB data ([0..1] for floats or [0..255] for integers). Got range [-0.106292464..1.1528686].
2024-12-25 16:35:47,110 - Clipping input data to the valid range for imshow with RGB data ([0..1] for floats or [0..255] for integers). Got range [-0.002262628..0.0024388523].
2024-12-25 16:35:47,112 - Clipping input data to the valid range for imshow with RGB data ([0..1] for floats or [0..255] for integers). Got range [-0.0012646487..1.0014243].
2024-12-25 16:35:47,114 - Clipping input data to the valid range for imshow with RGB data ([0..1] for floats or [0..255] for integers). Got range [-0.11951517..1.1975667].
