2024-12-24 17:10:39,608 - Norm2 (epsilon): 10
2024-12-24 17:10:40,845 - Step 0, RSE_E: 14.14565658569336, Loss_X_Ours: 26.88736915588379, normE: 10.0
2024-12-24 17:10:41,714 - Step 1, RSE_E: 0.14629457890987396, Loss_X_Ours: 28.4686279296875, normE: 10.0
2024-12-24 17:10:42,581 - Step 2, RSE_E: 0.0784199982881546, Loss_X_Ours: 28.409318923950195, normE: 10.0
2024-12-24 17:10:43,449 - Step 3, RSE_E: 0.04198076203465462, Loss_X_Ours: 28.37892723083496, normE: 10.0
2024-12-24 17:10:44,072 - Step 4, RSE_E: 0.04461375251412392, Loss_X_Ours: 28.36478614807129, normE: 10.0
2024-12-24 17:10:44,637 - Step 5, RSE_E: 0.08372284471988678, Loss_X_Ours: 28.398500442504883, normE: 10.0
2024-12-24 17:10:44,944 - Step 6, RSE_E: 0.07978526502847672, Loss_X_Ours: 28.341550827026367, normE: 10.0
2024-12-24 17:10:44,984 - Step 7, RSE_E: 0.016455233097076416, Loss_X_Ours: 28.339527130126953, normE: 10.0
2024-12-24 17:10:44,998 - Step 8, RSE_E: 0.01610545441508293, Loss_X_Ours: 28.339651107788086, normE: 10.0
2024-12-24 17:10:45,559 - Step 9, RSE_E: 0.04439225792884827, Loss_X_Ours: 28.34986686706543, normE: 10.0
2024-12-24 17:10:46,129 - Step 10, RSE_E: 0.04468470811843872, Loss_X_Ours: 28.32957649230957, normE: 10.0
2024-12-24 17:10:46,690 - Step 11, RSE_E: 0.024440104141831398, Loss_X_Ours: 28.32197380065918, normE: 10.0
2024-12-24 17:10:47,268 - Step 12, RSE_E: 2.7830185890197754, Loss_X_Ours: 28.316097259521484, normE: 10.0
2024-12-24 17:10:47,845 - Step 13, RSE_E: 0.5139006972312927, Loss_X_Ours: 28.345348358154297, normE: 10.0
2024-12-24 17:10:48,409 - Step 14, RSE_E: 2.731994390487671, Loss_X_Ours: 28.318466186523438, normE: 10.0
2024-12-24 17:10:48,664 - Step 15, RSE_E: 2.7856760025024414, Loss_X_Ours: 28.304271697998047, normE: 10.0
2024-12-24 17:10:49,230 - Step 16, RSE_E: 0.30257371068000793, Loss_X_Ours: 28.2965030670166, normE: 10.0
2024-12-24 17:10:49,765 - Step 17, RSE_E: 0.33233046531677246, Loss_X_Ours: 28.29581069946289, normE: 10.0
2024-12-24 17:10:50,321 - Step 18, RSE_E: 0.28628915548324585, Loss_X_Ours: 28.291194915771484, normE: 10.0
2024-12-24 17:10:50,852 - Step 19, RSE_E: 0.38841772079467773, Loss_X_Ours: 28.299297332763672, normE: 10.0
2024-12-24 17:10:50,970 - Step 20, RSE_E: 0.09137636423110962, Loss_X_Ours: 28.293569564819336, normE: 10.0
2024-12-24 17:10:51,540 - Step 21, RSE_E: 0.36796513199806213, Loss_X_Ours: 28.288162231445312, normE: 10.0
2024-12-24 17:10:51,791 - Step 22, RSE_E: 0.2806622087955475, Loss_X_Ours: 28.296478271484375, normE: 10.0
2024-12-24 17:10:52,117 - Step 23, RSE_E: 0.14808779954910278, Loss_X_Ours: 28.286420822143555, normE: 10.0
2024-12-24 17:10:52,689 - Step 24, RSE_E: 0.22254236042499542, Loss_X_Ours: 28.284244537353516, normE: 10.0
2024-12-24 17:10:53,245 - Step 25, RSE_E: 0.3224349915981293, Loss_X_Ours: 28.300296783447266, normE: 10.0
2024-12-24 17:10:53,814 - Step 26, RSE_E: 0.27189409732818604, Loss_X_Ours: 28.27692222595215, normE: 10.0
2024-12-24 17:10:54,379 - Step 27, RSE_E: 0.5230218768119812, Loss_X_Ours: 28.363948822021484, normE: 10.0
2024-12-24 17:10:54,729 - Step 28, RSE_E: 0.42109811305999756, Loss_X_Ours: 28.280380249023438, normE: 10.0
2024-12-24 17:10:55,293 - Step 29, RSE_E: 0.3796488046646118, Loss_X_Ours: 28.280195236206055, normE: 10.0
2024-12-24 17:10:55,860 - Step 30, RSE_E: 2.859393835067749, Loss_X_Ours: 28.27649688720703, normE: 10.0
2024-12-24 17:10:55,959 - Step 31, RSE_E: 0.02115568146109581, Loss_X_Ours: 28.275285720825195, normE: 10.0
2024-12-24 17:10:56,536 - Step 32, RSE_E: 0.03490960970520973, Loss_X_Ours: 28.274099349975586, normE: 10.0
2024-12-24 17:10:56,612 - Step 33, RSE_E: 0.021476589143276215, Loss_X_Ours: 28.272457122802734, normE: 10.0
2024-12-24 17:10:57,177 - Step 34, RSE_E: 2.864236354827881, Loss_X_Ours: 28.264877319335938, normE: 10.0
2024-12-24 17:10:57,756 - Step 35, RSE_E: 2.8533315658569336, Loss_X_Ours: 29.162843704223633, normE: 10.0
2024-12-24 17:10:58,319 - Step 36, RSE_E: 0.3227502107620239, Loss_X_Ours: 28.291545867919922, normE: 10.0
2024-12-24 17:10:58,885 - Step 37, RSE_E: 0.06657254695892334, Loss_X_Ours: 28.30301284790039, normE: 9.999999046325684
2024-12-24 17:10:59,446 - Step 38, RSE_E: 0.06143862009048462, Loss_X_Ours: 28.30072021484375, normE: 10.0
2024-12-24 17:11:00,009 - Step 39, RSE_E: 0.2654843032360077, Loss_X_Ours: 28.671703338623047, normE: 10.0
2024-12-24 17:11:00,575 - Step 40, RSE_E: 0.24730513989925385, Loss_X_Ours: 28.28009796142578, normE: 10.0
2024-12-24 17:11:01,147 - Step 41, RSE_E: 0.053579848259687424, Loss_X_Ours: 28.303131103515625, normE: 10.0
2024-12-24 17:11:01,731 - Step 42, RSE_E: 0.04461453855037689, Loss_X_Ours: 28.273975372314453, normE: 10.0
2024-12-24 17:11:01,764 - Step 43, RSE_E: 0.011795603670179844, Loss_X_Ours: 28.270851135253906, normE: 10.0
2024-12-24 17:11:02,340 - Step 44, RSE_E: 0.045584987848997116, Loss_X_Ours: 28.297752380371094, normE: 10.0
2024-12-24 17:11:02,523 - Step 45, RSE_E: 0.029941311106085777, Loss_X_Ours: 28.281217575073242, normE: 10.0
2024-12-24 17:11:03,113 - Step 46, RSE_E: 0.06580279022455215, Loss_X_Ours: 28.312042236328125, normE: 10.0
2024-12-24 17:11:03,420 - Step 47, RSE_E: 0.05555563047528267, Loss_X_Ours: 28.275636672973633, normE: 10.0
2024-12-24 17:11:03,988 - Step 48, RSE_E: 0.024809114634990692, Loss_X_Ours: 28.27611541748047, normE: 10.0
2024-12-24 17:11:04,555 - Step 49, RSE_E: 0.042294010519981384, Loss_X_Ours: 28.285884857177734, normE: 10.0
2024-12-24 17:11:06,721 - Comparison Step 0, Loss_X_TNG: -803.7965087890625, normE: 26.812564849853516
2024-12-24 17:11:07,313 - Comparison Step 1, Loss_X_TNG: -977.409423828125, normE: 26.741348266601562
2024-12-24 17:11:07,905 - Comparison Step 2, Loss_X_TNG: -1096.75244140625, normE: 26.944849014282227
2024-12-24 17:11:08,488 - Comparison Step 3, Loss_X_TNG: -1181.7874755859375, normE: 27.18560028076172
2024-12-24 17:11:09,067 - Comparison Step 4, Loss_X_TNG: -1242.642333984375, normE: 27.31916618347168
2024-12-24 17:11:09,650 - Comparison Step 5, Loss_X_TNG: -1271.6641845703125, normE: 27.33212661743164
2024-12-24 17:11:10,220 - Comparison Step 6, Loss_X_TNG: -1300.0301513671875, normE: 27.242368698120117
2024-12-24 17:11:10,794 - Comparison Step 7, Loss_X_TNG: -1309.19091796875, normE: 27.236188888549805
2024-12-24 17:11:11,376 - Comparison Step 8, Loss_X_TNG: -1323.5599365234375, normE: 27.178346633911133
2024-12-24 17:11:11,949 - Comparison Step 9, Loss_X_TNG: -1342.1767578125, normE: 27.311857223510742
2024-12-24 17:11:12,534 - Comparison Step 10, Loss_X_TNG: -1352.2335205078125, normE: 27.278894424438477
2024-12-24 17:11:13,104 - Comparison Step 11, Loss_X_TNG: -1356.642333984375, normE: 27.273893356323242
2024-12-24 17:11:13,684 - Comparison Step 12, Loss_X_TNG: -1350.173095703125, normE: 27.046552658081055
2024-12-24 17:11:14,257 - Comparison Step 13, Loss_X_TNG: -1351.5888671875, normE: 27.178499221801758
2024-12-24 17:11:14,831 - Comparison Step 14, Loss_X_TNG: -1352.5537109375, normE: 27.22724151611328
2024-12-24 17:11:15,404 - Comparison Step 15, Loss_X_TNG: -1358.821044921875, normE: 27.364458084106445
2024-12-24 17:11:15,976 - Comparison Step 16, Loss_X_TNG: -1355.4129638671875, normE: 27.258337020874023
2024-12-24 17:11:16,557 - Comparison Step 17, Loss_X_TNG: -1355.3851318359375, normE: 27.164932250976562
2024-12-24 17:11:17,133 - Comparison Step 18, Loss_X_TNG: -1356.673583984375, normE: 27.097606658935547
2024-12-24 17:11:17,719 - Comparison Step 19, Loss_X_TNG: -1361.0755615234375, normE: 27.05853843688965
2024-12-24 17:11:18,039 - Comparison Step 20, Loss_X_TNG: -1363.8367919921875, normE: 27.02716827392578
2024-12-24 17:11:18,458 - Comparison Step 21, Loss_X_TNG: -1365.80078125, normE: 26.96365737915039
2024-12-24 17:11:19,036 - Comparison Step 22, Loss_X_TNG: -1368.828369140625, normE: 27.08652114868164
2024-12-24 17:11:19,609 - Comparison Step 23, Loss_X_TNG: -1399.2646484375, normE: 27.70000457763672
2024-12-24 17:11:20,181 - Comparison Step 24, Loss_X_TNG: -1373.1123046875, normE: 27.266002655029297
2024-12-24 17:11:20,756 - Comparison Step 25, Loss_X_TNG: -1368.5814208984375, normE: 27.179311752319336
2024-12-24 17:11:21,336 - Comparison Step 26, Loss_X_TNG: -1374.3460693359375, normE: 27.326801300048828
2024-12-24 17:11:21,910 - Comparison Step 27, Loss_X_TNG: -1368.8834228515625, normE: 27.049875259399414
2024-12-24 17:11:22,495 - Comparison Step 28, Loss_X_TNG: -1366.79541015625, normE: 27.005842208862305
2024-12-24 17:11:23,070 - Comparison Step 29, Loss_X_TNG: -1371.0594482421875, normE: 27.080114364624023
2024-12-24 17:11:23,639 - Comparison Step 30, Loss_X_TNG: -1364.7982177734375, normE: 27.1251220703125
2024-12-24 17:11:24,207 - Comparison Step 31, Loss_X_TNG: -1366.7437744140625, normE: 27.079042434692383
2024-12-24 17:11:24,775 - Comparison Step 32, Loss_X_TNG: -1367.2357177734375, normE: 27.058208465576172
2024-12-24 17:11:25,345 - Comparison Step 33, Loss_X_TNG: -1368.9449462890625, normE: 27.02642059326172
2024-12-24 17:11:25,923 - Comparison Step 34, Loss_X_TNG: -1367.9718017578125, normE: 26.985050201416016
2024-12-24 17:11:26,513 - Comparison Step 35, Loss_X_TNG: -1368.1368408203125, normE: 26.97311019897461
2024-12-24 17:11:27,083 - Comparison Step 36, Loss_X_TNG: -1368.7930908203125, normE: 26.990520477294922
2024-12-24 17:11:27,668 - Comparison Step 37, Loss_X_TNG: -1373.7760009765625, normE: 27.157169342041016
2024-12-24 17:11:28,241 - Comparison Step 38, Loss_X_TNG: -1366.0692138671875, normE: 27.034393310546875
2024-12-24 17:11:28,820 - Comparison Step 39, Loss_X_TNG: -1366.0068359375, normE: 27.091476440429688
2024-12-24 17:11:29,393 - Comparison Step 40, Loss_X_TNG: -1369.733154296875, normE: 27.19700813293457
2024-12-24 17:11:29,731 - Comparison Step 41, Loss_X_TNG: -1371.656494140625, normE: 27.052867889404297
2024-12-24 17:11:30,300 - Comparison Step 42, Loss_X_TNG: -1386.3955078125, normE: 27.51715087890625
2024-12-24 17:11:30,866 - Comparison Step 43, Loss_X_TNG: -1369.6993408203125, normE: 27.091787338256836
2024-12-24 17:11:31,449 - Comparison Step 44, Loss_X_TNG: -1369.7939453125, normE: 27.063344955444336
2024-12-24 17:11:32,022 - Comparison Step 45, Loss_X_TNG: -1371.1900634765625, normE: 27.029516220092773
2024-12-24 17:11:32,611 - Comparison Step 46, Loss_X_TNG: -1377.777587890625, normE: 27.170333862304688
2024-12-24 17:11:33,185 - Comparison Step 47, Loss_X_TNG: -1370.5772705078125, normE: 27.083093643188477
2024-12-24 17:11:33,763 - Comparison Step 48, Loss_X_TNG: -1377.3692626953125, normE: 27.19906997680664
2024-12-24 17:11:34,330 - Comparison Step 49, Loss_X_TNG: -1374.27197265625, normE: 27.02613067626953
2024-12-24 17:11:34,331 - Norm2 (Comparison Algorithm): 27.02613067626953
2024-12-24 17:11:34,886 - Norm2 (Original TR Algorithm): 26.780691146850586
2024-12-24 17:11:34,886 - Norm2 (Our Algorithm): 28.285884857177734
2024-12-24 17:11:34,980 - Clipping input data to the valid range for imshow with RGB data ([0..1] for floats or [0..255] for integers). Got range [-0.10145872..1.1858553].
2024-12-24 17:11:34,983 - Clipping input data to the valid range for imshow with RGB data ([0..1] for floats or [0..255] for integers). Got range [-0.0055394196..0.048656113].
2024-12-24 17:11:34,985 - Clipping input data to the valid range for imshow with RGB data ([0..1] for floats or [0..255] for integers). Got range [-0.004183128..1.0486561].
2024-12-24 17:11:34,987 - Clipping input data to the valid range for imshow with RGB data ([0..1] for floats or [0..255] for integers). Got range [-0.14103477..1.2383084].
2024-12-24 17:11:34,991 - Clipping input data to the valid range for imshow with RGB data ([0..1] for floats or [0..255] for integers). Got range [-0.05089347..0.050075606].
2024-12-24 17:11:34,992 - Clipping input data to the valid range for imshow with RGB data ([0..1] for floats or [0..255] for integers). Got range [-0.04046145..1.0425779].
2024-12-24 17:11:34,994 - Clipping input data to the valid range for imshow with RGB data ([0..1] for floats or [0..255] for integers). Got range [-0.1302922..1.1172584].
