2024-12-17 18:08:23,521 - Norm2 (epsilon): 100.0
2024-12-17 18:08:26,012 - Step 0 norm(X - TN_G_Ours): 4017.9008200800577
2024-12-17 18:08:26,182 - Step 1 norm(X - TN_G_Ours): 4019.962188876905
2024-12-17 18:08:26,356 - Step 2 norm(X - TN_G_Ours): 4022.024117282242
2024-12-17 18:08:26,532 - Step 3 norm(X - TN_G_Ours): 4024.084740658427
2024-12-17 18:08:26,714 - Step 4 norm(X - TN_G_Ours): 4026.1403353584187
2024-12-17 18:08:26,887 - Step 5 norm(X - TN_G_Ours): 4028.188674826441
2024-12-17 18:08:27,060 - Step 6 norm(X - TN_G_Ours): 4030.2270407509304
2024-12-17 18:08:27,236 - Step 7 norm(X - TN_G_Ours): 4032.252968254844
2024-12-17 18:08:27,422 - Step 8 norm(X - TN_G_Ours): 4034.263129742531
2024-12-17 18:08:27,596 - Step 9 norm(X - TN_G_Ours): 4036.2560622438214
2024-12-17 18:08:27,770 - Step 10 norm(X - TN_G_Ours): 4038.229438751592
2024-12-17 18:08:27,944 - Step 11 norm(X - TN_G_Ours): 4040.180936542323
2024-12-17 18:08:28,118 - Step 12 norm(X - TN_G_Ours): 4042.108608140063
2024-12-17 18:08:28,294 - Step 13 norm(X - TN_G_Ours): 4044.010509382981
2024-12-17 18:08:28,469 - Step 14 norm(X - TN_G_Ours): 4045.885070043389
2024-12-17 18:08:28,642 - Step 15 norm(X - TN_G_Ours): 4047.7307222689606
2024-12-17 18:08:28,815 - Step 16 norm(X - TN_G_Ours): 4049.5459004683476
2024-12-17 18:08:29,002 - Step 17 norm(X - TN_G_Ours): 4051.3292880238705
2024-12-17 18:08:29,184 - Step 18 norm(X - TN_G_Ours): 4053.080310085158
2024-12-17 18:08:29,366 - Step 19 norm(X - TN_G_Ours): 4054.797652164655
2024-12-17 18:08:29,556 - Step 20 norm(X - TN_G_Ours): 4056.480247702434
2024-12-17 18:08:29,742 - Step 21 norm(X - TN_G_Ours): 4058.127647080609
2024-12-17 18:08:29,917 - Step 22 norm(X - TN_G_Ours): 4059.7390310215756
2024-12-17 18:08:30,088 - Step 23 norm(X - TN_G_Ours): 4061.3139499428016
2024-12-17 18:08:30,263 - Step 24 norm(X - TN_G_Ours): 4062.8520770512923
2024-12-17 18:08:30,450 - Step 25 norm(X - TN_G_Ours): 4064.3530850554803
2024-12-17 18:08:30,635 - Step 26 norm(X - TN_G_Ours): 4065.8168920894605
2024-12-17 18:08:30,808 - Step 27 norm(X - TN_G_Ours): 4067.243415385905
2024-12-17 18:08:30,996 - Step 28 norm(X - TN_G_Ours): 4068.6320797044305
2024-12-17 18:08:31,173 - Step 29 norm(X - TN_G_Ours): 4069.9839066020886
2024-12-17 18:08:31,349 - Step 30 norm(X - TN_G_Ours): 4071.298073096589
2024-12-17 18:08:31,529 - Step 31 norm(X - TN_G_Ours): 4072.575475052611
2024-12-17 18:08:31,703 - Step 32 norm(X - TN_G_Ours): 4073.8156561140563
2024-12-17 18:08:31,876 - Step 33 norm(X - TN_G_Ours): 4075.0197545533447
2024-12-17 18:08:32,053 - Step 34 norm(X - TN_G_Ours): 4076.1875570194265
2024-12-17 18:08:32,227 - Step 35 norm(X - TN_G_Ours): 4077.31958521772
2024-12-17 18:08:32,413 - Step 36 norm(X - TN_G_Ours): 4078.416236727193
2024-12-17 18:08:32,589 - Step 37 norm(X - TN_G_Ours): 4079.4782754661164
2024-12-17 18:08:32,773 - Step 38 norm(X - TN_G_Ours): 4080.505360859118
2024-12-17 18:08:32,950 - Step 39 norm(X - TN_G_Ours): 4081.4989893420284
2024-12-17 18:08:33,127 - Step 40 norm(X - TN_G_Ours): 4082.4594302944397
2024-12-17 18:08:33,316 - Step 41 norm(X - TN_G_Ours): 4083.386707134165
2024-12-17 18:08:33,515 - Step 42 norm(X - TN_G_Ours): 4084.282433916636
2024-12-17 18:08:33,709 - Step 43 norm(X - TN_G_Ours): 4085.1467537898807
2024-12-17 18:08:33,898 - Step 44 norm(X - TN_G_Ours): 4085.9796866847
2024-12-17 18:08:34,088 - Step 45 norm(X - TN_G_Ours): 4086.7827199399776
2024-12-17 18:08:34,290 - Step 46 norm(X - TN_G_Ours): 4087.555871177787
2024-12-17 18:08:34,495 - Step 47 norm(X - TN_G_Ours): 4088.300502653884
2024-12-17 18:08:34,677 - Step 48 norm(X - TN_G_Ours): 4089.016874506634
2024-12-17 18:08:34,847 - Step 49 norm(X - TN_G_Ours): 4089.705857393659
2024-12-17 18:08:35,038 - Step 50 norm(X - TN_G_Ours): 4090.3679541087745
2024-12-17 18:08:35,237 - Step 51 norm(X - TN_G_Ours): 4091.0041554611016
2024-12-17 18:08:35,421 - Step 52 norm(X - TN_G_Ours): 4091.614717932274
2024-12-17 18:08:35,625 - Step 53 norm(X - TN_G_Ours): 4092.2006304676706
2024-12-17 18:08:35,823 - Step 54 norm(X - TN_G_Ours): 4092.7628809888315
2024-12-17 18:08:36,008 - Step 55 norm(X - TN_G_Ours): 4093.3017235478746
2024-12-17 18:08:36,204 - Step 56 norm(X - TN_G_Ours): 4093.818388741738
2024-12-17 18:08:36,395 - Step 57 norm(X - TN_G_Ours): 4094.313007086781
2024-12-17 18:08:36,578 - Step 58 norm(X - TN_G_Ours): 4094.786563424277
2024-12-17 18:08:36,783 - Step 59 norm(X - TN_G_Ours): 4095.239797618694
2024-12-17 18:08:36,972 - Step 60 norm(X - TN_G_Ours): 4095.6733268169714
2024-12-17 18:08:37,168 - Step 61 norm(X - TN_G_Ours): 4096.087889682056
2024-12-17 18:08:37,371 - Step 62 norm(X - TN_G_Ours): 4096.483858139807
2024-12-17 18:08:37,559 - Step 63 norm(X - TN_G_Ours): 4096.862213938858
2024-12-17 18:08:37,758 - Step 64 norm(X - TN_G_Ours): 4097.224182297083
2024-12-17 18:08:37,959 - Step 65 norm(X - TN_G_Ours): 4097.5687913688525
2024-12-17 18:08:38,176 - Step 66 norm(X - TN_G_Ours): 4097.897997754459
2024-12-17 18:08:38,376 - Step 67 norm(X - TN_G_Ours): 4098.211805165761
2024-12-17 18:08:38,563 - Step 68 norm(X - TN_G_Ours): 4098.510705122045
2024-12-17 18:08:38,759 - Step 69 norm(X - TN_G_Ours): 4098.796408703413
2024-12-17 18:08:38,956 - Step 70 norm(X - TN_G_Ours): 4099.067942837737
2024-12-17 18:08:39,142 - Step 71 norm(X - TN_G_Ours): 4099.326773995945
2024-12-17 18:08:39,329 - Step 72 norm(X - TN_G_Ours): 4099.573148511928
2024-12-17 18:08:39,510 - Step 73 norm(X - TN_G_Ours): 4099.807068631401
2024-12-17 18:08:39,700 - Step 74 norm(X - TN_G_Ours): 4100.030731592143
2024-12-17 18:08:39,891 - Step 75 norm(X - TN_G_Ours): 4100.242675744937
2024-12-17 18:08:40,081 - Step 76 norm(X - TN_G_Ours): 4100.444366163258
2024-12-17 18:08:40,258 - Step 77 norm(X - TN_G_Ours): 4100.636292089314
2024-12-17 18:08:40,452 - Step 78 norm(X - TN_G_Ours): 4100.817967186546
2024-12-17 18:08:40,642 - Step 79 norm(X - TN_G_Ours): 4100.990612035097
2024-12-17 18:08:40,821 - Step 80 norm(X - TN_G_Ours): 4101.154715442957
2024-12-17 18:08:41,003 - Step 81 norm(X - TN_G_Ours): 4101.310522259928
2024-12-17 18:08:41,183 - Step 82 norm(X - TN_G_Ours): 4101.458521062965
2024-12-17 18:08:41,382 - Step 83 norm(X - TN_G_Ours): 4101.598712697282
2024-12-17 18:08:41,562 - Step 84 norm(X - TN_G_Ours): 4101.730854163886
2024-12-17 18:08:41,745 - Step 85 norm(X - TN_G_Ours): 4101.856408993372
2024-12-17 18:08:41,932 - Step 86 norm(X - TN_G_Ours): 4101.976109145445
2024-12-17 18:08:42,115 - Step 87 norm(X - TN_G_Ours): 4102.088980019815
2024-12-17 18:08:42,304 - Step 88 norm(X - TN_G_Ours): 4102.195265952122
2024-12-17 18:08:42,486 - Step 89 norm(X - TN_G_Ours): 4102.296430049882
2024-12-17 18:08:42,668 - Step 90 norm(X - TN_G_Ours): 4102.391985171578
2024-12-17 18:08:42,848 - Step 91 norm(X - TN_G_Ours): 4102.481931709145
2024-12-17 18:08:43,029 - Step 92 norm(X - TN_G_Ours): 4102.567976280223
2024-12-17 18:08:43,213 - Step 93 norm(X - TN_G_Ours): 4102.648412915735
2024-12-17 18:08:43,400 - Step 94 norm(X - TN_G_Ours): 4102.724216907591
2024-12-17 18:08:43,593 - Step 95 norm(X - TN_G_Ours): 4102.795875985058
2024-12-17 18:08:43,775 - Step 96 norm(X - TN_G_Ours): 4102.863877829729
2024-12-17 18:08:43,957 - Step 97 norm(X - TN_G_Ours): 4102.927735166682
2024-12-17 18:08:44,133 - Step 98 norm(X - TN_G_Ours): 4102.987691914272
2024-12-17 18:08:44,319 - Step 99 norm(X - TN_G_Ours): 4103.044479407943
2024-12-17 18:08:44,426 - Step 0 norm(X - TN_G_ATR): 4018.316650390625
2024-12-17 18:08:44,541 - Step 1 norm(X - TN_G_ATR): 4018.279052734375
2024-12-17 18:08:44,652 - Step 2 norm(X - TN_G_ATR): 4018.2412109375
2024-12-17 18:08:44,757 - Step 3 norm(X - TN_G_ATR): 4018.2041015625
2024-12-17 18:08:44,864 - Step 4 norm(X - TN_G_ATR): 4018.167236328125
2024-12-17 18:08:44,977 - Step 5 norm(X - TN_G_ATR): 4018.13037109375
2024-12-17 18:08:45,094 - Step 6 norm(X - TN_G_ATR): 4018.09423828125
2024-12-17 18:08:45,206 - Step 7 norm(X - TN_G_ATR): 4018.058349609375
2024-12-17 18:08:45,300 - Step 8 norm(X - TN_G_ATR): 4018.023193359375
2024-12-17 18:08:45,389 - Step 9 norm(X - TN_G_ATR): 4017.988525390625
2024-12-17 18:08:45,479 - Step 10 norm(X - TN_G_ATR): 4017.953857421875
2024-12-17 18:08:45,589 - Step 11 norm(X - TN_G_ATR): 4017.92041015625
2024-12-17 18:08:45,699 - Step 12 norm(X - TN_G_ATR): 4017.88720703125
2024-12-17 18:08:45,809 - Step 13 norm(X - TN_G_ATR): 4017.8544921875
2024-12-17 18:08:45,923 - Step 14 norm(X - TN_G_ATR): 4017.822265625
2024-12-17 18:08:46,029 - Step 15 norm(X - TN_G_ATR): 4017.791015625
2024-12-17 18:08:46,137 - Step 16 norm(X - TN_G_ATR): 4017.759765625
2024-12-17 18:08:46,253 - Step 17 norm(X - TN_G_ATR): 4017.7294921875
2024-12-17 18:08:46,357 - Step 18 norm(X - TN_G_ATR): 4017.69970703125
2024-12-17 18:08:46,469 - Step 19 norm(X - TN_G_ATR): 4017.670654296875
2024-12-17 18:08:46,579 - Step 20 norm(X - TN_G_ATR): 4017.642333984375
2024-12-17 18:08:46,690 - Step 21 norm(X - TN_G_ATR): 4017.6142578125
2024-12-17 18:08:46,796 - Step 22 norm(X - TN_G_ATR): 4017.587158203125
2024-12-17 18:08:46,902 - Step 23 norm(X - TN_G_ATR): 4017.560546875
2024-12-17 18:08:47,014 - Step 24 norm(X - TN_G_ATR): 4017.53466796875
2024-12-17 18:08:47,127 - Step 25 norm(X - TN_G_ATR): 4017.509521484375
2024-12-17 18:08:47,248 - Step 26 norm(X - TN_G_ATR): 4017.484375
2024-12-17 18:08:47,356 - Step 27 norm(X - TN_G_ATR): 4017.460693359375
2024-12-17 18:08:47,468 - Step 28 norm(X - TN_G_ATR): 4017.437255859375
2024-12-17 18:08:47,572 - Step 29 norm(X - TN_G_ATR): 4017.414306640625
2024-12-17 18:08:47,676 - Step 30 norm(X - TN_G_ATR): 4017.392333984375
2024-12-17 18:08:47,786 - Step 31 norm(X - TN_G_ATR): 4017.370849609375
2024-12-17 18:08:47,889 - Step 32 norm(X - TN_G_ATR): 4017.35009765625
2024-12-17 18:08:48,004 - Step 33 norm(X - TN_G_ATR): 4017.32958984375
2024-12-17 18:08:48,120 - Step 34 norm(X - TN_G_ATR): 4017.309814453125
2024-12-17 18:08:48,231 - Step 35 norm(X - TN_G_ATR): 4017.29052734375
2024-12-17 18:08:48,343 - Step 36 norm(X - TN_G_ATR): 4017.27197265625
2024-12-17 18:08:48,459 - Step 37 norm(X - TN_G_ATR): 4017.25390625
2024-12-17 18:08:48,564 - Step 38 norm(X - TN_G_ATR): 4017.236083984375
2024-12-17 18:08:48,675 - Step 39 norm(X - TN_G_ATR): 4017.21923828125
2024-12-17 18:08:48,794 - Step 40 norm(X - TN_G_ATR): 4017.202392578125
2024-12-17 18:08:48,909 - Step 41 norm(X - TN_G_ATR): 4017.1865234375
2024-12-17 18:08:49,027 - Step 42 norm(X - TN_G_ATR): 4017.1708984375
2024-12-17 18:08:49,134 - Step 43 norm(X - TN_G_ATR): 4017.155517578125
2024-12-17 18:08:49,244 - Step 44 norm(X - TN_G_ATR): 4017.14111328125
2024-12-17 18:08:49,354 - Step 45 norm(X - TN_G_ATR): 4017.126953125
2024-12-17 18:08:49,465 - Step 46 norm(X - TN_G_ATR): 4017.11279296875
2024-12-17 18:08:49,568 - Step 47 norm(X - TN_G_ATR): 4017.099609375
2024-12-17 18:08:49,672 - Step 48 norm(X - TN_G_ATR): 4017.08642578125
2024-12-17 18:08:49,775 - Step 49 norm(X - TN_G_ATR): 4017.073974609375
2024-12-17 18:08:49,878 - Step 50 norm(X - TN_G_ATR): 4017.0615234375
2024-12-17 18:08:49,982 - Step 51 norm(X - TN_G_ATR): 4017.050048828125
2024-12-17 18:08:50,085 - Step 52 norm(X - TN_G_ATR): 4017.03857421875
2024-12-17 18:08:50,192 - Step 53 norm(X - TN_G_ATR): 4017.027587890625
2024-12-17 18:08:50,300 - Step 54 norm(X - TN_G_ATR): 4017.016845703125
2024-12-17 18:08:50,409 - Step 55 norm(X - TN_G_ATR): 4017.00634765625
2024-12-17 18:08:50,516 - Step 56 norm(X - TN_G_ATR): 4016.99609375
2024-12-17 18:08:50,632 - Step 57 norm(X - TN_G_ATR): 4016.986328125
2024-12-17 18:08:50,756 - Step 58 norm(X - TN_G_ATR): 4016.97705078125
2024-12-17 18:08:50,872 - Step 59 norm(X - TN_G_ATR): 4016.9677734375
2024-12-17 18:08:50,982 - Step 60 norm(X - TN_G_ATR): 4016.958984375
2024-12-17 18:08:51,094 - Step 61 norm(X - TN_G_ATR): 4016.95068359375
2024-12-17 18:08:51,206 - Step 62 norm(X - TN_G_ATR): 4016.942138671875
2024-12-17 18:08:51,309 - Step 63 norm(X - TN_G_ATR): 4016.93408203125
2024-12-17 18:08:51,419 - Step 64 norm(X - TN_G_ATR): 4016.92626953125
2024-12-17 18:08:51,532 - Step 65 norm(X - TN_G_ATR): 4016.9189453125
2024-12-17 18:08:51,642 - Step 66 norm(X - TN_G_ATR): 4016.911865234375
2024-12-17 18:08:51,748 - Step 67 norm(X - TN_G_ATR): 4016.90478515625
2024-12-17 18:08:51,857 - Step 68 norm(X - TN_G_ATR): 4016.89794921875
2024-12-17 18:08:51,965 - Step 69 norm(X - TN_G_ATR): 4016.891357421875
2024-12-17 18:08:52,066 - Step 70 norm(X - TN_G_ATR): 4016.88525390625
2024-12-17 18:08:52,174 - Step 71 norm(X - TN_G_ATR): 4016.879150390625
2024-12-17 18:08:52,283 - Step 72 norm(X - TN_G_ATR): 4016.873291015625
2024-12-17 18:08:52,393 - Step 73 norm(X - TN_G_ATR): 4016.867919921875
2024-12-17 18:08:52,506 - Step 74 norm(X - TN_G_ATR): 4016.862548828125
2024-12-17 18:08:52,615 - Step 75 norm(X - TN_G_ATR): 4016.857421875
2024-12-17 18:08:52,725 - Step 76 norm(X - TN_G_ATR): 4016.852294921875
2024-12-17 18:08:52,836 - Step 77 norm(X - TN_G_ATR): 4016.84765625
2024-12-17 18:08:52,946 - Step 78 norm(X - TN_G_ATR): 4016.84326171875
2024-12-17 18:08:53,050 - Step 79 norm(X - TN_G_ATR): 4016.838623046875
2024-12-17 18:08:53,158 - Step 80 norm(X - TN_G_ATR): 4016.83447265625
2024-12-17 18:08:53,261 - Step 81 norm(X - TN_G_ATR): 4016.83056640625
2024-12-17 18:08:53,377 - Step 82 norm(X - TN_G_ATR): 4016.82666015625
2024-12-17 18:08:53,487 - Step 83 norm(X - TN_G_ATR): 4016.82275390625
2024-12-17 18:08:53,590 - Step 84 norm(X - TN_G_ATR): 4016.819580078125
2024-12-17 18:08:53,693 - Step 85 norm(X - TN_G_ATR): 4016.816162109375
2024-12-17 18:08:53,800 - Step 86 norm(X - TN_G_ATR): 4016.81298828125
2024-12-17 18:08:53,910 - Step 87 norm(X - TN_G_ATR): 4016.809814453125
2024-12-17 18:08:54,020 - Step 88 norm(X - TN_G_ATR): 4016.806884765625
2024-12-17 18:08:54,130 - Step 89 norm(X - TN_G_ATR): 4016.80419921875
2024-12-17 18:08:54,242 - Step 90 norm(X - TN_G_ATR): 4016.80126953125
2024-12-17 18:08:54,353 - Step 91 norm(X - TN_G_ATR): 4016.798828125
2024-12-17 18:08:54,473 - Step 92 norm(X - TN_G_ATR): 4016.79638671875
2024-12-17 18:08:54,585 - Step 93 norm(X - TN_G_ATR): 4016.794189453125
2024-12-17 18:08:54,693 - Step 94 norm(X - TN_G_ATR): 4016.791748046875
2024-12-17 18:08:54,796 - Step 95 norm(X - TN_G_ATR): 4016.7900390625
2024-12-17 18:08:54,908 - Step 96 norm(X - TN_G_ATR): 4016.787841796875
2024-12-17 18:08:55,020 - Step 97 norm(X - TN_G_ATR): 4016.785888671875
2024-12-17 18:08:55,129 - Step 98 norm(X - TN_G_ATR): 4016.783935546875
2024-12-17 18:08:55,232 - Step 99 norm(X - TN_G_ATR): 4016.782470703125
2024-12-17 18:08:55,233 - Norm2 (Comparison Algorithm): 4016.782470703125
2024-12-17 18:08:55,269 - Norm2 (Our Algorithm): 4103.04443359375
2024-12-17 18:08:55,270 - Norm2 (Original TR Algorithm): 4017.94482421875
