2024-12-17 19:30:58,417 - Norm2 (epsilon): 100.0
2024-12-17 19:31:00,598 - Step 0 norm(X - TN_G_Ours): 10454.96475364695
2024-12-17 19:31:00,650 - Step 1 norm(X - TN_G_Ours): 10455.369146998111
2024-12-17 19:31:00,693 - Step 2 norm(X - TN_G_Ours): 10455.774289836214
2024-12-17 19:31:00,731 - Step 3 norm(X - TN_G_Ours): 10456.177886780619
2024-12-17 19:31:00,772 - Step 4 norm(X - TN_G_Ours): 10456.579938010324
2024-12-17 19:31:00,813 - Step 5 norm(X - TN_G_Ours): 10456.97967866439
2024-12-17 19:31:00,854 - Step 6 norm(X - TN_G_Ours): 10457.377874017942
2024-12-17 19:31:00,895 - Step 7 norm(X - TN_G_Ours): 10457.77261179454
2024-12-17 19:31:00,946 - Step 8 norm(X - TN_G_Ours): 10458.163892385699
2024-12-17 19:31:00,987 - Step 9 norm(X - TN_G_Ours): 10458.551716179445
2024-12-17 19:31:01,027 - Step 0 norm(X - TN_G_ATR): 10455.01953125
2024-12-17 19:31:01,069 - Step 1 norm(X - TN_G_ATR): 10454.85546875
2024-12-17 19:31:01,111 - Step 2 norm(X - TN_G_ATR): 10454.6923828125
2024-12-17 19:31:01,151 - Step 3 norm(X - TN_G_ATR): 10454.5283203125
2024-12-17 19:31:01,186 - Step 4 norm(X - TN_G_ATR): 10454.365234375
2024-12-17 19:31:01,217 - Step 5 norm(X - TN_G_ATR): 10454.2021484375
2024-12-17 19:31:01,251 - Step 6 norm(X - TN_G_ATR): 10454.041015625
2024-12-17 19:31:01,284 - Step 7 norm(X - TN_G_ATR): 10453.880859375
2024-12-17 19:31:01,321 - Step 8 norm(X - TN_G_ATR): 10453.7216796875
2024-12-17 19:31:01,361 - Step 9 norm(X - TN_G_ATR): 10453.5634765625
2024-12-17 19:31:01,363 - Norm2 (Comparison Algorithm): 10453.5634765625
2024-12-17 19:31:01,392 - Norm2 (Our Algorithm): 10458.5517578125
2024-12-17 19:31:01,392 - Norm2 (Original TR Algorithm): 10454.974609375
