2024-12-26 15:57:58,818 - Proposed-ATNMF Experiment
2024-12-26 15:57:58,819 - Optimization parameters:
2024-12-26 15:57:58,819 - epsilon (Frobenius norm constraint): 0.010000000000000002
2024-12-26 15:57:58,819 - inner_tol (Tolerance for inner optimization): 1e-10
2024-12-26 15:57:58,819 - lr (Learning rate): 10
2024-12-26 15:57:58,819 - outer_num_steps (Number of outer optimization steps): 100
2024-12-26 15:57:58,819 - inner_num_steps (Number of inner optimization steps): 100
2024-12-26 15:57:58,819 - outer_dis_num (Display loss every outer_dis_num steps): 10
2024-12-26 15:57:58,819 - inner_dis_num (Display loss every inner_dis_num steps): 2000
2024-12-26 15:58:00,837 - Step 0 norm(X - TN_G_Ours): 48.83833393276356, norm2(E): 0.10000000894069672
2024-12-26 15:58:01,000 - Step 1 norm(X - TN_G_Ours): 48.901449944154265, norm2(E): 0.10000000149011612
2024-12-26 15:58:01,171 - Step 2 norm(X - TN_G_Ours): 48.90219631762463, norm2(E): 0.10000000149011612
2024-12-26 15:58:01,339 - Step 3 norm(X - TN_G_Ours): 48.90218134034258, norm2(E): 0.10000000149011612
2024-12-26 15:58:01,476 - Step 4 norm(X - TN_G_Ours): 48.902261219127176, norm2(E): 0.10000000149011612
2024-12-26 15:58:01,615 - Step 5 norm(X - TN_G_Ours): 48.90215138576472, norm2(E): 0.10000000149011612
2024-12-26 15:58:01,755 - Step 6 norm(X - TN_G_Ours): 48.902128919819276, norm2(E): 0.10000000894069672
2024-12-26 15:58:01,891 - Step 7 norm(X - TN_G_Ours): 48.90214639333329, norm2(E): 0.10000000149011612
2024-12-26 15:58:02,030 - Step 8 norm(X - TN_G_Ours): 48.90207400302031, norm2(E): 0.10000000149011612
2024-12-26 15:58:02,169 - Step 9 norm(X - TN_G_Ours): 48.90206401814115, norm2(E): 0.09999999403953552
2024-12-26 15:58:02,307 - Step 10 norm(X - TN_G_Ours): 48.90211643873402, norm2(E): 0.10000000149011612
2024-12-26 15:58:02,450 - Step 11 norm(X - TN_G_Ours): 48.90203156726978, norm2(E): 0.10000000894069672
2024-12-26 15:58:02,594 - Step 12 norm(X - TN_G_Ours): 48.90206651436113, norm2(E): 0.10000000149011612
2024-12-26 15:58:02,736 - Step 13 norm(X - TN_G_Ours): 48.90198164281024, norm2(E): 0.10000000149011612
2024-12-26 15:58:02,874 - Step 14 norm(X - TN_G_Ours): 48.901886786196705, norm2(E): 0.10000000149011612
2024-12-26 15:58:03,012 - Step 15 norm(X - TN_G_Ours): 48.901959176786825, norm2(E): 0.10000001639127731
2024-12-26 15:58:03,149 - Step 16 norm(X - TN_G_Ours): 48.90202657482612, norm2(E): 0.10000000149011612
2024-12-26 15:58:03,286 - Step 17 norm(X - TN_G_Ours): 48.90203406349142, norm2(E): 0.10000000149011612
2024-12-26 15:58:03,427 - Step 18 norm(X - TN_G_Ours): 48.90204155215557, norm2(E): 0.10000000149011612
2024-12-26 15:58:03,571 - Step 19 norm(X - TN_G_Ours): 48.902113942516586, norm2(E): 0.10000000149011612
2024-12-26 15:58:03,706 - Step 20 norm(X - TN_G_Ours): 48.9019941239299, norm2(E): 0.10000000149011612
2024-12-26 15:58:03,844 - Step 21 norm(X - TN_G_Ours): 48.90203905593432, norm2(E): 0.10000000894069672
2024-12-26 15:58:03,982 - Step 22 norm(X - TN_G_Ours): 48.90207150680071, norm2(E): 0.10000001639127731
2024-12-26 15:58:04,131 - Step 23 norm(X - TN_G_Ours): 48.90201658993727, norm2(E): 0.10000000149011612
2024-12-26 15:58:04,269 - Step 24 norm(X - TN_G_Ours): 48.90200161260017, norm2(E): 0.10000000149011612
2024-12-26 15:58:04,414 - Step 25 norm(X - TN_G_Ours): 48.9020440483767, norm2(E): 0.10000000894069672
2024-12-26 15:58:04,550 - Step 26 norm(X - TN_G_Ours): 48.90203655971293, norm2(E): 0.10000000149011612
2024-12-26 15:58:04,686 - Step 27 norm(X - TN_G_Ours): 48.90202158238195, norm2(E): 0.10000000149011612
2024-12-26 15:58:04,827 - Step 28 norm(X - TN_G_Ours): 48.901944199432144, norm2(E): 0.10000000149011612
2024-12-26 15:58:04,965 - Step 29 norm(X - TN_G_Ours): 48.902019086159676, norm2(E): 0.10000000149011612
2024-12-26 15:58:05,103 - Step 30 norm(X - TN_G_Ours): 48.90205652948043, norm2(E): 0.10000000894069672
2024-12-26 15:58:05,249 - Step 31 norm(X - TN_G_Ours): 48.902098965209305, norm2(E): 0.10000000149011612
2024-12-26 15:58:05,388 - Step 32 norm(X - TN_G_Ours): 48.90198913148242, norm2(E): 0.09999998658895493
2024-12-26 15:58:05,526 - Step 33 norm(X - TN_G_Ours): 48.90200910126929, norm2(E): 0.10000000894069672
2024-12-26 15:58:05,667 - Step 34 norm(X - TN_G_Ours): 48.90200660504638, norm2(E): 0.10000000149011612
2024-12-26 15:58:05,804 - Step 35 norm(X - TN_G_Ours): 48.90203406349142, norm2(E): 0.10000000894069672
2024-12-26 15:58:05,951 - Step 36 norm(X - TN_G_Ours): 48.90202907104801, norm2(E): 0.10000000894069672
2024-12-26 15:58:06,087 - Step 37 norm(X - TN_G_Ours): 48.90196167301216, norm2(E): 0.10000000894069672
2024-12-26 15:58:06,227 - Step 38 norm(X - TN_G_Ours): 48.901959176786825, norm2(E): 0.10000000149011612
2024-12-26 15:58:06,364 - Step 39 norm(X - TN_G_Ours): 48.90198413903443, norm2(E): 0.10000000894069672
2024-12-26 15:58:06,511 - Step 40 norm(X - TN_G_Ours): 48.90200660504638, norm2(E): 0.10000000149011612
2024-12-26 15:58:06,648 - Step 41 norm(X - TN_G_Ours): 48.90190176356897, norm2(E): 0.10000000149011612
2024-12-26 15:58:06,786 - Step 42 norm(X - TN_G_Ours): 48.90199911637688, norm2(E): 0.10000000894069672
2024-12-26 15:58:06,926 - Step 43 norm(X - TN_G_Ours): 48.90200161260017, norm2(E): 0.10000000149011612
2024-12-26 15:58:07,062 - Step 44 norm(X - TN_G_Ours): 48.9019691616874, norm2(E): 0.10000000894069672
2024-12-26 15:58:07,208 - Step 45 norm(X - TN_G_Ours): 48.901936710753084, norm2(E): 0.10000000149011612
2024-12-26 15:58:07,360 - Step 46 norm(X - TN_G_Ours): 48.90195668056136, norm2(E): 0.10000000149011612
2024-12-26 15:58:07,496 - Step 47 norm(X - TN_G_Ours): 48.90191674093665, norm2(E): 0.10000000894069672
2024-12-26 15:58:07,634 - Step 48 norm(X - TN_G_Ours): 48.901931718299736, norm2(E): 0.10000001639127731
2024-12-26 15:58:07,772 - Step 49 norm(X - TN_G_Ours): 48.90190925225338, norm2(E): 0.10000000149011612
2024-12-26 15:58:07,909 - Step 50 norm(X - TN_G_Ours): 48.90199162770623, norm2(E): 0.10000000149011612
2024-12-26 15:58:08,041 - Step 51 norm(X - TN_G_Ours): 48.90190925225338, norm2(E): 0.10000000894069672
2024-12-26 15:58:08,188 - Step 52 norm(X - TN_G_Ours): 48.90186931258993, norm2(E): 0.10000000149011612
2024-12-26 15:58:08,327 - Step 53 norm(X - TN_G_Ours): 48.90182438042956, norm2(E): 0.10000000149011612
2024-12-26 15:58:08,466 - Step 54 norm(X - TN_G_Ours): 48.901856831438415, norm2(E): 0.10000000149011612
2024-12-26 15:58:08,604 - Step 55 norm(X - TN_G_Ours): 48.90182438042956, norm2(E): 0.10000001639127731
2024-12-26 15:58:08,741 - Step 56 norm(X - TN_G_Ours): 48.90184185405239, norm2(E): 0.10000000149011612
2024-12-26 15:58:08,880 - Step 57 norm(X - TN_G_Ours): 48.90182687666177, norm2(E): 0.10000000149011612
2024-12-26 15:58:09,019 - Step 58 norm(X - TN_G_Ours): 48.90181938796475, norm2(E): 0.10000000149011612
2024-12-26 15:58:09,157 - Step 59 norm(X - TN_G_Ours): 48.90180690680049, norm2(E): 0.10000000149011612
2024-12-26 15:58:09,308 - Step 60 norm(X - TN_G_Ours): 48.90175947834725, norm2(E): 0.10000000149011612
2024-12-26 15:58:09,454 - Step 61 norm(X - TN_G_Ours): 48.901786936931046, norm2(E): 0.10000000894069672
2024-12-26 15:58:09,593 - Step 62 norm(X - TN_G_Ours): 48.90177695199327, norm2(E): 0.10000000894069672
2024-12-26 15:58:09,731 - Step 63 norm(X - TN_G_Ours): 48.90169207993983, norm2(E): 0.10000000149011612
2024-12-26 15:58:09,879 - Step 64 norm(X - TN_G_Ours): 48.901674606263484, norm2(E): 0.10000000149011612
2024-12-26 15:58:10,026 - Step 65 norm(X - TN_G_Ours): 48.90167710250334, norm2(E): 0.10000000149011612
2024-12-26 15:58:10,164 - Step 66 norm(X - TN_G_Ours): 48.90168958370074, norm2(E): 0.09999999403953552
2024-12-26 15:58:10,300 - Step 67 norm(X - TN_G_Ours): 48.901639658892066, norm2(E): 0.10000000149011612
2024-12-26 15:58:10,442 - Step 68 norm(X - TN_G_Ours): 48.90164215513371, norm2(E): 0.10000000149011612
2024-12-26 15:58:10,578 - Step 69 norm(X - TN_G_Ours): 48.9015872377881, norm2(E): 0.10000000894069672
2024-12-26 15:58:10,715 - Step 70 norm(X - TN_G_Ours): 48.901617192711534, norm2(E): 0.10000000149011612
2024-12-26 15:58:10,858 - Step 71 norm(X - TN_G_Ours): 48.901582245299075, norm2(E): 0.10000000149011612
2024-12-26 15:58:10,995 - Step 72 norm(X - TN_G_Ours): 48.901574756564585, norm2(E): 0.10000000149011612
2024-12-26 15:58:11,138 - Step 73 norm(X - TN_G_Ours): 48.901582245299075, norm2(E): 0.10000001639127731
2024-12-26 15:58:11,275 - Step 74 norm(X - TN_G_Ours): 48.90156976407429, norm2(E): 0.10000000149011612
2024-12-26 15:58:11,414 - Step 75 norm(X - TN_G_Ours): 48.90156477158349, norm2(E): 0.10000000894069672
2024-12-26 15:58:11,559 - Step 76 norm(X - TN_G_Ours): 48.901512350399244, norm2(E): 0.10000000149011612
2024-12-26 15:58:11,695 - Step 77 norm(X - TN_G_Ours): 48.90148239541159, norm2(E): 0.10000000894069672
2024-12-26 15:58:11,835 - Step 78 norm(X - TN_G_Ours): 48.9015173428954, norm2(E): 0.10000001639127731
2024-12-26 15:58:11,973 - Step 79 norm(X - TN_G_Ours): 48.90143746289571, norm2(E): 0.10000000894069672
2024-12-26 15:58:12,108 - Step 80 norm(X - TN_G_Ours): 48.90142997413905, norm2(E): 0.10000000149011612
2024-12-26 15:58:12,247 - Step 81 norm(X - TN_G_Ours): 48.90136257527749, norm2(E): 0.10000000894069672
2024-12-26 15:58:12,388 - Step 82 norm(X - TN_G_Ours): 48.90138753782964, norm2(E): 0.10000000149011612
2024-12-26 15:58:12,532 - Step 83 norm(X - TN_G_Ours): 48.90139253033854, norm2(E): 0.10000000894069672
2024-12-26 15:58:12,669 - Step 84 norm(X - TN_G_Ours): 48.90138004906533, norm2(E): 0.10000000894069672
2024-12-26 15:58:12,806 - Step 85 norm(X - TN_G_Ours): 48.901372560299876, norm2(E): 0.09999998658895493
2024-12-26 15:58:12,953 - Step 86 norm(X - TN_G_Ours): 48.901385041575, norm2(E): 0.09999999403953552
2024-12-26 15:58:13,092 - Step 87 norm(X - TN_G_Ours): 48.901357582765534, norm2(E): 0.09999999403953552
2024-12-26 15:58:13,236 - Step 88 norm(X - TN_G_Ours): 48.90138753782964, norm2(E): 0.10000000149011612
2024-12-26 15:58:13,382 - Step 89 norm(X - TN_G_Ours): 48.901325131425374, norm2(E): 0.10000000894069672
2024-12-26 15:58:13,519 - Step 90 norm(X - TN_G_Ours): 48.90133511645541, norm2(E): 0.10000000149011612
2024-12-26 15:58:13,656 - Step 91 norm(X - TN_G_Ours): 48.90131764265151, norm2(E): 0.10000000894069672
2024-12-26 15:58:13,793 - Step 92 norm(X - TN_G_Ours): 48.901330123940646, norm2(E): 0.10000000149011612
2024-12-26 15:58:13,940 - Step 93 norm(X - TN_G_Ours): 48.90129268006368, norm2(E): 0.10000000894069672
2024-12-26 15:58:14,078 - Step 94 norm(X - TN_G_Ours): 48.90128269502498, norm2(E): 0.10000000149011612
2024-12-26 15:58:14,216 - Step 95 norm(X - TN_G_Ours): 48.901235266063324, norm2(E): 0.10000000149011612
2024-12-26 15:58:14,358 - Step 96 norm(X - TN_G_Ours): 48.9012427548498, norm2(E): 0.10000000149011612
2024-12-26 15:58:14,494 - Step 97 norm(X - TN_G_Ours): 48.90129268006368, norm2(E): 0.10000000149011612
2024-12-26 15:58:14,631 - Step 98 norm(X - TN_G_Ours): 48.901267717463114, norm2(E): 0.10000000149011612
2024-12-26 15:58:14,770 - Step 99 norm(X - TN_G_Ours): 48.901232769800906, norm2(E): 0.10000000149011612
2024-12-26 15:58:14,851 - Step 0 norm(X - TN_G_ATR): 15.756866455078125, norm2(E): 0.10000000149011612
2024-12-26 15:58:14,927 - Step 1 norm(X - TN_G_ATR): 15.755358695983887, norm2(E): 0.10000000149011612
2024-12-26 15:58:15,001 - Step 2 norm(X - TN_G_ATR): 15.755326271057129, norm2(E): 0.10000000894069672
2024-12-26 15:58:15,090 - Step 3 norm(X - TN_G_ATR): 15.7553129196167, norm2(E): 0.10000000894069672
2024-12-26 15:58:15,166 - Step 4 norm(X - TN_G_ATR): 15.755302429199219, norm2(E): 0.10000000149011612
2024-12-26 15:58:15,248 - Step 5 norm(X - TN_G_ATR): 15.755295753479004, norm2(E): 0.10000000149011612
2024-12-26 15:58:15,323 - Step 6 norm(X - TN_G_ATR): 15.755289077758789, norm2(E): 0.10000000149011612
2024-12-26 15:58:15,403 - Step 7 norm(X - TN_G_ATR): 15.755287170410156, norm2(E): 0.10000000149011612
2024-12-26 15:58:15,486 - Step 8 norm(X - TN_G_ATR): 15.755285263061523, norm2(E): 0.10000000894069672
2024-12-26 15:58:15,564 - Step 9 norm(X - TN_G_ATR): 15.755285263061523, norm2(E): 0.10000000149011612
2024-12-26 15:58:15,647 - Step 10 norm(X - TN_G_ATR): 15.755285263061523, norm2(E): 0.10000000894069672
2024-12-26 15:58:15,726 - Step 11 norm(X - TN_G_ATR): 15.755284309387207, norm2(E): 0.10000001639127731
2024-12-26 15:58:15,802 - Step 12 norm(X - TN_G_ATR): 15.755285263061523, norm2(E): 0.10000001639127731
2024-12-26 15:58:15,884 - Step 13 norm(X - TN_G_ATR): 15.755284309387207, norm2(E): 0.10000000149011612
2024-12-26 15:58:15,959 - Step 14 norm(X - TN_G_ATR): 15.755285263061523, norm2(E): 0.10000000894069672
2024-12-26 15:58:16,035 - Step 15 norm(X - TN_G_ATR): 15.755285263061523, norm2(E): 0.10000000149011612
2024-12-26 15:58:16,118 - Step 16 norm(X - TN_G_ATR): 15.755285263061523, norm2(E): 0.10000000894069672
2024-12-26 15:58:16,194 - Step 17 norm(X - TN_G_ATR): 15.755285263061523, norm2(E): 0.10000000149011612
2024-12-26 15:58:16,268 - Step 18 norm(X - TN_G_ATR): 15.755285263061523, norm2(E): 0.10000000149011612
2024-12-26 15:58:16,344 - Step 19 norm(X - TN_G_ATR): 15.755285263061523, norm2(E): 0.10000000894069672
2024-12-26 15:58:16,423 - Step 20 norm(X - TN_G_ATR): 15.755285263061523, norm2(E): 0.09999998658895493
2024-12-26 15:58:16,506 - Step 21 norm(X - TN_G_ATR): 15.75528621673584, norm2(E): 0.10000000149011612
2024-12-26 15:58:16,581 - Step 22 norm(X - TN_G_ATR): 15.75528621673584, norm2(E): 0.10000000149011612
2024-12-26 15:58:16,656 - Step 23 norm(X - TN_G_ATR): 15.75528621673584, norm2(E): 0.10000000894069672
2024-12-26 15:58:16,730 - Step 24 norm(X - TN_G_ATR): 15.75528621673584, norm2(E): 0.10000000149011612
2024-12-26 15:58:16,806 - Step 25 norm(X - TN_G_ATR): 15.755285263061523, norm2(E): 0.10000000894069672
2024-12-26 15:58:16,881 - Step 26 norm(X - TN_G_ATR): 15.755284309387207, norm2(E): 0.10000000149011612
2024-12-26 15:58:16,956 - Step 27 norm(X - TN_G_ATR): 15.755284309387207, norm2(E): 0.10000000894069672
2024-12-26 15:58:17,031 - Step 28 norm(X - TN_G_ATR): 15.755284309387207, norm2(E): 0.10000000894069672
2024-12-26 15:58:17,107 - Step 29 norm(X - TN_G_ATR): 15.755284309387207, norm2(E): 0.10000000894069672
2024-12-26 15:58:17,183 - Step 30 norm(X - TN_G_ATR): 15.75528335571289, norm2(E): 0.10000000894069672
2024-12-26 15:58:17,265 - Step 31 norm(X - TN_G_ATR): 15.755284309387207, norm2(E): 0.10000000149011612
2024-12-26 15:58:17,343 - Step 32 norm(X - TN_G_ATR): 15.755284309387207, norm2(E): 0.10000000894069672
2024-12-26 15:58:17,423 - Step 33 norm(X - TN_G_ATR): 15.755284309387207, norm2(E): 0.10000000149011612
2024-12-26 15:58:17,499 - Step 34 norm(X - TN_G_ATR): 15.755284309387207, norm2(E): 0.10000000894069672
2024-12-26 15:58:17,573 - Step 35 norm(X - TN_G_ATR): 15.755284309387207, norm2(E): 0.10000000149011612
2024-12-26 15:58:17,648 - Step 36 norm(X - TN_G_ATR): 15.755284309387207, norm2(E): 0.10000000149011612
2024-12-26 15:58:17,723 - Step 37 norm(X - TN_G_ATR): 15.755284309387207, norm2(E): 0.10000000149011612
2024-12-26 15:58:17,800 - Step 38 norm(X - TN_G_ATR): 15.755285263061523, norm2(E): 0.10000000894069672
2024-12-26 15:58:17,882 - Step 39 norm(X - TN_G_ATR): 15.755285263061523, norm2(E): 0.10000000149011612
2024-12-26 15:58:17,957 - Step 40 norm(X - TN_G_ATR): 15.755287170410156, norm2(E): 0.10000000149011612
2024-12-26 15:58:18,036 - Step 41 norm(X - TN_G_ATR): 15.75528621673584, norm2(E): 0.10000000894069672
2024-12-26 15:58:18,122 - Step 42 norm(X - TN_G_ATR): 15.755287170410156, norm2(E): 0.10000000149011612
2024-12-26 15:58:18,198 - Step 43 norm(X - TN_G_ATR): 15.755287170410156, norm2(E): 0.10000000149011612
2024-12-26 15:58:18,273 - Step 44 norm(X - TN_G_ATR): 15.755287170410156, norm2(E): 0.10000000894069672
2024-12-26 15:58:18,348 - Step 45 norm(X - TN_G_ATR): 15.755287170410156, norm2(E): 0.09999999403953552
2024-12-26 15:58:18,426 - Step 46 norm(X - TN_G_ATR): 15.755287170410156, norm2(E): 0.10000000894069672
2024-12-26 15:58:18,502 - Step 47 norm(X - TN_G_ATR): 15.755287170410156, norm2(E): 0.10000000149011612
2024-12-26 15:58:18,578 - Step 48 norm(X - TN_G_ATR): 15.755288124084473, norm2(E): 0.10000000149011612
2024-12-26 15:58:18,653 - Step 49 norm(X - TN_G_ATR): 15.755287170410156, norm2(E): 0.10000000149011612
2024-12-26 15:58:18,728 - Step 50 norm(X - TN_G_ATR): 15.755287170410156, norm2(E): 0.10000000149011612
2024-12-26 15:58:18,808 - Step 51 norm(X - TN_G_ATR): 15.755287170410156, norm2(E): 0.10000000894069672
2024-12-26 15:58:18,890 - Step 52 norm(X - TN_G_ATR): 15.75528621673584, norm2(E): 0.10000000149011612
2024-12-26 15:58:18,964 - Step 53 norm(X - TN_G_ATR): 15.75528621673584, norm2(E): 0.10000000149011612
2024-12-26 15:58:19,040 - Step 54 norm(X - TN_G_ATR): 15.755287170410156, norm2(E): 0.10000000149011612
2024-12-26 15:58:19,121 - Step 55 norm(X - TN_G_ATR): 15.75528621673584, norm2(E): 0.10000000894069672
2024-12-26 15:58:19,205 - Step 56 norm(X - TN_G_ATR): 15.755285263061523, norm2(E): 0.10000000894069672
2024-12-26 15:58:19,281 - Step 57 norm(X - TN_G_ATR): 15.75528621673584, norm2(E): 0.09999999403953552
2024-12-26 15:58:19,356 - Step 58 norm(X - TN_G_ATR): 15.755285263061523, norm2(E): 0.10000000149011612
2024-12-26 15:58:19,432 - Step 59 norm(X - TN_G_ATR): 15.755284309387207, norm2(E): 0.10000000149011612
2024-12-26 15:58:19,515 - Step 60 norm(X - TN_G_ATR): 15.755285263061523, norm2(E): 0.10000000149011612
2024-12-26 15:58:19,592 - Step 61 norm(X - TN_G_ATR): 15.755284309387207, norm2(E): 0.10000000149011612
2024-12-26 15:58:19,666 - Step 62 norm(X - TN_G_ATR): 15.755284309387207, norm2(E): 0.10000000149011612
2024-12-26 15:58:19,742 - Step 63 norm(X - TN_G_ATR): 15.75528335571289, norm2(E): 0.10000000894069672
2024-12-26 15:58:19,826 - Step 64 norm(X - TN_G_ATR): 15.75528335571289, norm2(E): 0.10000000149011612
2024-12-26 15:58:19,902 - Step 65 norm(X - TN_G_ATR): 15.755282402038574, norm2(E): 0.10000000149011612
2024-12-26 15:58:19,977 - Step 66 norm(X - TN_G_ATR): 15.755282402038574, norm2(E): 0.10000000149011612
2024-12-26 15:58:20,052 - Step 67 norm(X - TN_G_ATR): 15.755281448364258, norm2(E): 0.09999999403953552
2024-12-26 15:58:20,137 - Step 68 norm(X - TN_G_ATR): 15.755281448364258, norm2(E): 0.09999999403953552
2024-12-26 15:58:20,227 - Step 69 norm(X - TN_G_ATR): 15.755281448364258, norm2(E): 0.10000000149011612
2024-12-26 15:58:20,304 - Step 70 norm(X - TN_G_ATR): 15.755281448364258, norm2(E): 0.10000000149011612
2024-12-26 15:58:20,379 - Step 71 norm(X - TN_G_ATR): 15.755280494689941, norm2(E): 0.10000000149011612
2024-12-26 15:58:20,455 - Step 72 norm(X - TN_G_ATR): 15.755280494689941, norm2(E): 0.10000000149011612
2024-12-26 15:58:20,530 - Step 73 norm(X - TN_G_ATR): 15.755280494689941, norm2(E): 0.10000000894069672
2024-12-26 15:58:20,609 - Step 74 norm(X - TN_G_ATR): 15.755280494689941, norm2(E): 0.10000000149011612
2024-12-26 15:58:20,683 - Step 75 norm(X - TN_G_ATR): 15.755279541015625, norm2(E): 0.10000000149011612
2024-12-26 15:58:20,759 - Step 76 norm(X - TN_G_ATR): 15.755280494689941, norm2(E): 0.10000001639127731
2024-12-26 15:58:20,834 - Step 77 norm(X - TN_G_ATR): 15.755279541015625, norm2(E): 0.10000000149011612
2024-12-26 15:58:20,910 - Step 78 norm(X - TN_G_ATR): 15.755279541015625, norm2(E): 0.10000000149011612
2024-12-26 15:58:20,984 - Step 79 norm(X - TN_G_ATR): 15.755279541015625, norm2(E): 0.10000000149011612
2024-12-26 15:58:21,059 - Step 80 norm(X - TN_G_ATR): 15.755278587341309, norm2(E): 0.10000000894069672
2024-12-26 15:58:21,136 - Step 81 norm(X - TN_G_ATR): 15.755277633666992, norm2(E): 0.10000000149011612
2024-12-26 15:58:21,217 - Step 82 norm(X - TN_G_ATR): 15.755277633666992, norm2(E): 0.10000000149011612
2024-12-26 15:58:21,293 - Step 83 norm(X - TN_G_ATR): 15.755276679992676, norm2(E): 0.10000000894069672
2024-12-26 15:58:21,371 - Step 84 norm(X - TN_G_ATR): 15.75527572631836, norm2(E): 0.09999999403953552
2024-12-26 15:58:21,463 - Step 85 norm(X - TN_G_ATR): 15.75527572631836, norm2(E): 0.10000000894069672
2024-12-26 15:58:21,538 - Step 86 norm(X - TN_G_ATR): 15.75527572631836, norm2(E): 0.10000000149011612
2024-12-26 15:58:21,614 - Step 87 norm(X - TN_G_ATR): 15.755274772644043, norm2(E): 0.10000000894069672
2024-12-26 15:58:21,689 - Step 88 norm(X - TN_G_ATR): 15.75527286529541, norm2(E): 0.10000000149011612
2024-12-26 15:58:21,764 - Step 89 norm(X - TN_G_ATR): 15.75527286529541, norm2(E): 0.10000000149011612
2024-12-26 15:58:21,840 - Step 90 norm(X - TN_G_ATR): 15.755271911621094, norm2(E): 0.10000000149011612
2024-12-26 15:58:21,915 - Step 91 norm(X - TN_G_ATR): 15.75527286529541, norm2(E): 0.10000000149011612
2024-12-26 15:58:21,990 - Step 92 norm(X - TN_G_ATR): 15.75527286529541, norm2(E): 0.10000000894069672
2024-12-26 15:58:22,065 - Step 93 norm(X - TN_G_ATR): 15.755271911621094, norm2(E): 0.10000000149011612
2024-12-26 15:58:22,147 - Step 94 norm(X - TN_G_ATR): 15.755271911621094, norm2(E): 0.10000000894069672
2024-12-26 15:58:22,225 - Step 95 norm(X - TN_G_ATR): 15.755271911621094, norm2(E): 0.10000000149011612
2024-12-26 15:58:22,309 - Step 96 norm(X - TN_G_ATR): 15.755271911621094, norm2(E): 0.09999999403953552
2024-12-26 15:58:22,391 - Step 97 norm(X - TN_G_ATR): 15.755271911621094, norm2(E): 0.10000000894069672
2024-12-26 15:58:22,474 - Step 98 norm(X - TN_G_ATR): 15.755271911621094, norm2(E): 0.10000000149011612
2024-12-26 15:58:22,549 - Step 99 norm(X - TN_G_ATR): 15.755270957946777, norm2(E): 0.10000000149011612
2024-12-26 15:58:22,550 - Norm2 (Comparison Algorithm): 15.755270957946777
2024-12-26 15:58:22,577 - Norm2 (Our Algorithm): 15.787960052490234
2024-12-26 15:58:22,577 - Norm2 (Original TR Algorithm): 15.756647109985352
