2024-12-24 18:31:25,317 - Norm2 (epsilon): 10
2024-12-24 18:31:25,317 - Optimization parameters:
2024-12-24 18:31:25,317 - epsilon (Frobenius norm constraint): 10
2024-12-24 18:31:25,317 - inner_tol (Tolerance for inner optimization): 1e-10
2024-12-24 18:31:25,317 - lr (Learning rate): 0.01
2024-12-24 18:31:25,317 - outer_num_steps (Number of outer optimization steps): 3
2024-12-24 18:31:25,317 - inner_num_steps (Number of inner optimization steps): 50
2024-12-24 18:31:25,317 - outer_dis_num (Display loss every outer_dis_num steps): 1
2024-12-24 18:31:25,317 - inner_dis_num (Display loss every inner_dis_num steps): 2000
2024-12-24 18:31:25,806 - Step 0, RSE_E: 13.948180198669434, Loss_X_Ours: 27.348485946655273, normE: 10.0
2024-12-24 18:31:25,994 - Step 1, RSE_E: 0.8894535899162292, Loss_X_Ours: 27.043514251708984, normE: 10.0
2024-12-24 18:31:26,176 - Step 2, RSE_E: 0.5387823581695557, Loss_X_Ours: 26.92422103881836, normE: 10.0
2024-12-24 18:31:27,944 - Comparison Step 0, Loss_X_TNG: 26.93873405456543, normE: 10.0
2024-12-24 18:31:28,092 - Comparison Step 1, Loss_X_TNG: 26.851421356201172, normE: 10.0
2024-12-24 18:31:28,240 - Comparison Step 2, Loss_X_TNG: 26.91880226135254, normE: 10.0
2024-12-24 18:31:28,240 - Norm2 (Comparison Algorithm): 26.91880226135254
2024-12-24 18:31:28,383 - Norm2 (Original TR Algorithm): 27.339981079101562
2024-12-24 18:31:28,383 - Norm2 (Our Algorithm): 26.92422103881836
2024-12-24 18:31:28,472 - Clipping input data to the valid range for imshow with RGB data ([0..1] for floats or [0..255] for integers). Got range [-0.109262064..1.1512277].
2024-12-24 18:31:28,475 - Clipping input data to the valid range for imshow with RGB data ([0..1] for floats or [0..255] for integers). Got range [-0.23606922..0.16099444].
2024-12-24 18:31:28,477 - Clipping input data to the valid range for imshow with RGB data ([0..1] for floats or [0..255] for integers). Got range [-0.04656021..1.0624272].
2024-12-24 18:31:28,479 - Clipping input data to the valid range for imshow with RGB data ([0..1] for floats or [0..255] for integers). Got range [-0.12595499..1.1683487].
2024-12-24 18:31:28,483 - Clipping input data to the valid range for imshow with RGB data ([0..1] for floats or [0..255] for integers). Got range [-0.063355945..0.059030946].
2024-12-24 18:31:28,484 - Clipping input data to the valid range for imshow with RGB data ([0..1] for floats or [0..255] for integers). Got range [-0.043642264..1.0475522].
2024-12-24 18:31:28,486 - Clipping input data to the valid range for imshow with RGB data ([0..1] for floats or [0..255] for integers). Got range [-0.1127909..1.171158].
