2024-12-17 17:39:37,730 - Norm2 (epsilon): 100.0
2024-12-17 17:39:39,798 - Step 0 norm(X - TN_G_Ours): 4017.7302049789255
2024-12-17 17:39:39,962 - Step 1 norm(X - TN_G_Ours): 4019.7895467300277
2024-12-17 17:39:40,138 - Step 2 norm(X - TN_G_Ours): 4021.850569078866
2024-12-17 17:39:40,303 - Step 3 norm(X - TN_G_Ours): 4023.9104115275727
2024-12-17 17:39:40,465 - Step 4 norm(X - TN_G_Ours): 4025.9655984620636
2024-12-17 17:39:40,622 - Step 5 norm(X - TN_G_Ours): 4028.0136543959234
2024-12-17 17:39:40,778 - Step 6 norm(X - TN_G_Ours): 4030.0522329121245
2024-12-17 17:39:40,945 - Step 7 norm(X - TN_G_Ours): 4032.07837225419
2024-12-17 17:39:41,107 - Step 8 norm(X - TN_G_Ours): 4034.089612291725
2024-12-17 17:39:41,267 - Step 9 norm(X - TN_G_Ours): 4036.084240944433
2024-12-17 17:39:41,449 - Step 10 norm(X - TN_G_Ours): 4038.058568173572
2024-12-17 17:39:41,608 - Step 11 norm(X - TN_G_Ours): 4040.012004932659
2024-12-17 17:39:41,786 - Step 12 norm(X - TN_G_Ours): 4041.941365235275
2024-12-17 17:39:41,958 - Step 13 norm(X - TN_G_Ours): 4043.8456943854817
2024-12-17 17:39:42,117 - Step 14 norm(X - TN_G_Ours): 4045.72292674622
2024-12-17 17:39:42,277 - Step 15 norm(X - TN_G_Ours): 4047.570752933171
2024-12-17 17:39:42,436 - Step 16 norm(X - TN_G_Ours): 4049.3889662515753
2024-12-17 17:39:42,594 - Step 17 norm(X - TN_G_Ours): 4051.1760021011182
2024-12-17 17:39:42,752 - Step 18 norm(X - TN_G_Ours): 4052.9304213124606
2024-12-17 17:39:42,909 - Step 19 norm(X - TN_G_Ours): 4054.650663127466
2024-12-17 17:39:43,083 - Step 20 norm(X - TN_G_Ours): 4056.337140820521
2024-12-17 17:39:43,260 - Step 21 norm(X - TN_G_Ours): 4057.9885411370988
2024-12-17 17:39:43,424 - Step 22 norm(X - TN_G_Ours): 4059.6037984020068
2024-12-17 17:39:43,602 - Step 23 norm(X - TN_G_Ours): 4061.182832624013
2024-12-17 17:39:43,786 - Step 24 norm(X - TN_G_Ours): 4062.725070688392
2024-12-17 17:39:43,968 - Step 25 norm(X - TN_G_Ours): 4064.230431459319
2024-12-17 17:39:44,148 - Step 26 norm(X - TN_G_Ours): 4065.6984639788525
2024-12-17 17:39:44,330 - Step 27 norm(X - TN_G_Ours): 4067.129208667952
2024-12-17 17:39:44,506 - Step 28 norm(X - TN_G_Ours): 4068.522213285802
2024-12-17 17:39:44,671 - Step 29 norm(X - TN_G_Ours): 4069.8783765611474
2024-12-17 17:39:44,836 - Step 30 norm(X - TN_G_Ours): 4071.1967527988622
2024-12-17 17:39:45,002 - Step 31 norm(X - TN_G_Ours): 4072.4784836755125
2024-12-17 17:39:45,168 - Step 32 norm(X - TN_G_Ours): 4073.723112829344
2024-12-17 17:39:45,347 - Step 33 norm(X - TN_G_Ours): 4074.9314104657024
2024-12-17 17:39:45,521 - Step 34 norm(X - TN_G_Ours): 4076.1030408958013
2024-12-17 17:39:45,689 - Step 35 norm(X - TN_G_Ours): 4077.2395073137413
2024-12-17 17:39:45,857 - Step 36 norm(X - TN_G_Ours): 4078.34010352251
2024-12-17 17:39:46,024 - Step 37 norm(X - TN_G_Ours): 4079.405471389183
2024-12-17 17:39:46,189 - Step 38 norm(X - TN_G_Ours): 4080.4369864023142
2024-12-17 17:39:46,359 - Step 39 norm(X - TN_G_Ours): 4081.434306711306
2024-12-17 17:39:46,527 - Step 40 norm(X - TN_G_Ours): 4082.3979472853944
2024-12-17 17:39:46,695 - Step 41 norm(X - TN_G_Ours): 4083.3291564604488
2024-12-17 17:39:46,859 - Step 42 norm(X - TN_G_Ours): 4084.228323686128
2024-12-17 17:39:47,032 - Step 43 norm(X - TN_G_Ours): 4085.0949805359483
2024-12-17 17:39:47,203 - Step 44 norm(X - TN_G_Ours): 4085.931350377781
2024-12-17 17:39:47,379 - Step 45 norm(X - TN_G_Ours): 4086.7373294597733
2024-12-17 17:39:47,553 - Step 46 norm(X - TN_G_Ours): 4087.513669701913
2024-12-17 17:39:47,719 - Step 47 norm(X - TN_G_Ours): 4088.2612440987673
2024-12-17 17:39:47,888 - Step 48 norm(X - TN_G_Ours): 4088.979946147939
2024-12-17 17:39:48,057 - Step 49 norm(X - TN_G_Ours): 4089.6718694780393
2024-12-17 17:39:48,230 - Step 50 norm(X - TN_G_Ours): 4090.33617200347
2024-12-17 17:39:48,394 - Step 51 norm(X - TN_G_Ours): 4090.9745782637174
2024-12-17 17:39:48,559 - Step 52 norm(X - TN_G_Ours): 4091.587589188334
2024-12-17 17:39:48,726 - Step 53 norm(X - TN_G_Ours): 4092.176071480796
2024-12-17 17:39:48,893 - Step 54 norm(X - TN_G_Ours): 4092.7400357217903
2024-12-17 17:39:49,070 - Step 55 norm(X - TN_G_Ours): 4093.281202165324
2024-12-17 17:39:49,249 - Step 56 norm(X - TN_G_Ours): 4093.7995798524385
2024-12-17 17:39:49,420 - Step 57 norm(X - TN_G_Ours): 4094.296154407983
2024-12-17 17:39:49,589 - Step 58 norm(X - TN_G_Ours): 4094.7715442989
2024-12-17 17:39:49,757 - Step 59 norm(X - TN_G_Ours): 4095.2263673696966
2024-12-17 17:39:49,924 - Step 60 norm(X - TN_G_Ours): 4095.661362954706
2024-12-17 17:39:50,090 - Step 61 norm(X - TN_G_Ours): 4096.07763598299
2024-12-17 17:39:50,258 - Step 62 norm(X - TN_G_Ours): 4096.474581881353
2024-12-17 17:39:50,428 - Step 63 norm(X - TN_G_Ours): 4096.854891254998
2024-12-17 17:39:50,594 - Step 64 norm(X - TN_G_Ours): 4097.217836532493
2024-12-17 17:39:50,766 - Step 65 norm(X - TN_G_Ours): 4097.563422327957
2024-12-17 17:39:50,946 - Step 66 norm(X - TN_G_Ours): 4097.894093311832
2024-12-17 17:39:51,123 - Step 67 norm(X - TN_G_Ours): 4098.208877058367
2024-12-17 17:39:51,304 - Step 68 norm(X - TN_G_Ours): 4098.509241175381
2024-12-17 17:39:51,479 - Step 69 norm(X - TN_G_Ours): 4098.795432807058
2024-12-17 17:39:51,655 - Step 70 norm(X - TN_G_Ours): 4099.068430753505
2024-12-17 17:39:51,833 - Step 71 norm(X - TN_G_Ours): 4099.327749765807
2024-12-17 17:39:52,013 - Step 72 norm(X - TN_G_Ours): 4099.5746120786725
2024-12-17 17:39:52,193 - Step 73 norm(X - TN_G_Ours): 4099.809507769843
2024-12-17 17:39:52,370 - Step 74 norm(X - TN_G_Ours): 4100.033658398428
2024-12-17 17:39:52,547 - Step 75 norm(X - TN_G_Ours): 4100.246090175564
2024-12-17 17:39:52,716 - Step 76 norm(X - TN_G_Ours): 4100.448268177517
2024-12-17 17:39:52,898 - Step 77 norm(X - TN_G_Ours): 4100.640681649637
2024-12-17 17:39:53,100 - Step 78 norm(X - TN_G_Ours): 4100.82284425943
2024-12-17 17:39:53,285 - Step 79 norm(X - TN_G_Ours): 4100.995976589102
2024-12-17 17:39:53,490 - Step 80 norm(X - TN_G_Ours): 4101.160079782305
2024-12-17 17:39:53,670 - Step 81 norm(X - TN_G_Ours): 4101.316374043827
2024-12-17 17:39:53,867 - Step 82 norm(X - TN_G_Ours): 4101.464372635705
2024-12-17 17:39:54,056 - Step 83 norm(X - TN_G_Ours): 4101.604564070018
2024-12-17 17:39:54,244 - Step 84 norm(X - TN_G_Ours): 4101.7371929464225
2024-12-17 17:39:54,416 - Step 85 norm(X - TN_G_Ours): 4101.8632351652095
2024-12-17 17:39:54,583 - Step 86 norm(X - TN_G_Ours): 4101.9824475489895
2024-12-17 17:39:54,764 - Step 87 norm(X - TN_G_Ours): 4102.095318248956
2024-12-17 17:39:54,952 - Step 88 norm(X - TN_G_Ours): 4102.202091560092
2024-12-17 17:39:55,150 - Step 89 norm(X - TN_G_Ours): 4102.302767958504
2024-12-17 17:39:55,339 - Step 90 norm(X - TN_G_Ours): 4102.398322932575
2024-12-17 17:39:55,527 - Step 91 norm(X - TN_G_Ours): 4102.488269331187
2024-12-17 17:39:55,710 - Step 92 norm(X - TN_G_Ours): 4102.573826270528
2024-12-17 17:39:55,902 - Step 93 norm(X - TN_G_Ours): 4102.654262791346
2024-12-17 17:39:56,086 - Step 94 norm(X - TN_G_Ours): 4102.730066675116
2024-12-17 17:39:56,262 - Step 95 norm(X - TN_G_Ours): 4102.8012381786175
2024-12-17 17:39:56,438 - Step 96 norm(X - TN_G_Ours): 4102.8692399344145
2024-12-17 17:39:56,610 - Step 97 norm(X - TN_G_Ours): 4102.932609731727
2024-12-17 17:39:56,805 - Step 98 norm(X - TN_G_Ours): 4102.992078958964
2024-12-17 17:39:56,995 - Step 99 norm(X - TN_G_Ours): 4103.048866391918
2024-12-17 17:39:56,996 - Norm2 (Our Algorithm): 4103.048828125
2024-12-17 17:39:57,111 - Step 0 norm(X - TN_G_ATR): 4018.316650390625
2024-12-17 17:39:57,224 - Step 1 norm(X - TN_G_ATR): 4018.279052734375
2024-12-17 17:39:57,342 - Step 2 norm(X - TN_G_ATR): 4018.2412109375
2024-12-17 17:39:57,461 - Step 3 norm(X - TN_G_ATR): 4018.2041015625
2024-12-17 17:39:57,567 - Step 4 norm(X - TN_G_ATR): 4018.167236328125
2024-12-17 17:39:57,671 - Step 5 norm(X - TN_G_ATR): 4018.13037109375
2024-12-17 17:39:57,779 - Step 6 norm(X - TN_G_ATR): 4018.09423828125
2024-12-17 17:39:57,886 - Step 7 norm(X - TN_G_ATR): 4018.058349609375
2024-12-17 17:39:57,992 - Step 8 norm(X - TN_G_ATR): 4018.023193359375
2024-12-17 17:39:58,105 - Step 9 norm(X - TN_G_ATR): 4017.988525390625
2024-12-17 17:39:58,211 - Step 10 norm(X - TN_G_ATR): 4017.953857421875
2024-12-17 17:39:58,310 - Step 11 norm(X - TN_G_ATR): 4017.92041015625
2024-12-17 17:39:58,416 - Step 12 norm(X - TN_G_ATR): 4017.88720703125
2024-12-17 17:39:58,514 - Step 13 norm(X - TN_G_ATR): 4017.8544921875
2024-12-17 17:39:58,615 - Step 14 norm(X - TN_G_ATR): 4017.822265625
2024-12-17 17:39:58,721 - Step 15 norm(X - TN_G_ATR): 4017.791015625
2024-12-17 17:39:58,821 - Step 16 norm(X - TN_G_ATR): 4017.759765625
2024-12-17 17:39:58,935 - Step 17 norm(X - TN_G_ATR): 4017.7294921875
2024-12-17 17:39:59,046 - Step 18 norm(X - TN_G_ATR): 4017.69970703125
2024-12-17 17:39:59,145 - Step 19 norm(X - TN_G_ATR): 4017.670654296875
2024-12-17 17:39:59,246 - Step 20 norm(X - TN_G_ATR): 4017.642333984375
2024-12-17 17:39:59,355 - Step 21 norm(X - TN_G_ATR): 4017.6142578125
2024-12-17 17:39:59,456 - Step 22 norm(X - TN_G_ATR): 4017.587158203125
2024-12-17 17:39:59,560 - Step 23 norm(X - TN_G_ATR): 4017.560546875
2024-12-17 17:39:59,673 - Step 24 norm(X - TN_G_ATR): 4017.53466796875
2024-12-17 17:39:59,777 - Step 25 norm(X - TN_G_ATR): 4017.509521484375
2024-12-17 17:39:59,876 - Step 26 norm(X - TN_G_ATR): 4017.484375
2024-12-17 17:39:59,977 - Step 27 norm(X - TN_G_ATR): 4017.460693359375
2024-12-17 17:40:00,084 - Step 28 norm(X - TN_G_ATR): 4017.437255859375
2024-12-17 17:40:00,190 - Step 29 norm(X - TN_G_ATR): 4017.414306640625
2024-12-17 17:40:00,293 - Step 30 norm(X - TN_G_ATR): 4017.392333984375
2024-12-17 17:40:00,405 - Step 31 norm(X - TN_G_ATR): 4017.370849609375
2024-12-17 17:40:00,509 - Step 32 norm(X - TN_G_ATR): 4017.35009765625
2024-12-17 17:40:00,612 - Step 33 norm(X - TN_G_ATR): 4017.32958984375
2024-12-17 17:40:00,722 - Step 34 norm(X - TN_G_ATR): 4017.309814453125
2024-12-17 17:40:00,833 - Step 35 norm(X - TN_G_ATR): 4017.29052734375
2024-12-17 17:40:00,934 - Step 36 norm(X - TN_G_ATR): 4017.27197265625
2024-12-17 17:40:01,033 - Step 37 norm(X - TN_G_ATR): 4017.25390625
2024-12-17 17:40:01,135 - Step 38 norm(X - TN_G_ATR): 4017.236083984375
2024-12-17 17:40:01,233 - Step 39 norm(X - TN_G_ATR): 4017.21923828125
2024-12-17 17:40:01,343 - Step 40 norm(X - TN_G_ATR): 4017.202392578125
2024-12-17 17:40:01,451 - Step 41 norm(X - TN_G_ATR): 4017.1865234375
2024-12-17 17:40:01,563 - Step 42 norm(X - TN_G_ATR): 4017.1708984375
2024-12-17 17:40:01,675 - Step 43 norm(X - TN_G_ATR): 4017.155517578125
2024-12-17 17:40:01,786 - Step 44 norm(X - TN_G_ATR): 4017.14111328125
2024-12-17 17:40:01,890 - Step 45 norm(X - TN_G_ATR): 4017.126953125
2024-12-17 17:40:01,992 - Step 46 norm(X - TN_G_ATR): 4017.11279296875
2024-12-17 17:40:02,106 - Step 47 norm(X - TN_G_ATR): 4017.099609375
2024-12-17 17:40:02,208 - Step 48 norm(X - TN_G_ATR): 4017.08642578125
2024-12-17 17:40:02,318 - Step 49 norm(X - TN_G_ATR): 4017.073974609375
2024-12-17 17:40:02,427 - Step 50 norm(X - TN_G_ATR): 4017.0615234375
2024-12-17 17:40:02,548 - Step 51 norm(X - TN_G_ATR): 4017.050048828125
2024-12-17 17:40:02,663 - Step 52 norm(X - TN_G_ATR): 4017.03857421875
2024-12-17 17:40:02,766 - Step 53 norm(X - TN_G_ATR): 4017.027587890625
2024-12-17 17:40:02,876 - Step 54 norm(X - TN_G_ATR): 4017.016845703125
2024-12-17 17:40:02,996 - Step 55 norm(X - TN_G_ATR): 4017.00634765625
2024-12-17 17:40:03,102 - Step 56 norm(X - TN_G_ATR): 4016.99609375
2024-12-17 17:40:03,221 - Step 57 norm(X - TN_G_ATR): 4016.986328125
2024-12-17 17:40:03,344 - Step 58 norm(X - TN_G_ATR): 4016.97705078125
2024-12-17 17:40:03,458 - Step 59 norm(X - TN_G_ATR): 4016.9677734375
2024-12-17 17:40:03,576 - Step 60 norm(X - TN_G_ATR): 4016.958984375
2024-12-17 17:40:03,686 - Step 61 norm(X - TN_G_ATR): 4016.95068359375
2024-12-17 17:40:03,805 - Step 62 norm(X - TN_G_ATR): 4016.942138671875
2024-12-17 17:40:03,918 - Step 63 norm(X - TN_G_ATR): 4016.93408203125
2024-12-17 17:40:04,031 - Step 64 norm(X - TN_G_ATR): 4016.92626953125
2024-12-17 17:40:04,147 - Step 65 norm(X - TN_G_ATR): 4016.9189453125
2024-12-17 17:40:04,266 - Step 66 norm(X - TN_G_ATR): 4016.911865234375
2024-12-17 17:40:04,374 - Step 67 norm(X - TN_G_ATR): 4016.90478515625
2024-12-17 17:40:04,491 - Step 68 norm(X - TN_G_ATR): 4016.89794921875
2024-12-17 17:40:04,608 - Step 69 norm(X - TN_G_ATR): 4016.891357421875
2024-12-17 17:40:04,716 - Step 70 norm(X - TN_G_ATR): 4016.88525390625
2024-12-17 17:40:04,828 - Step 71 norm(X - TN_G_ATR): 4016.879150390625
2024-12-17 17:40:04,948 - Step 72 norm(X - TN_G_ATR): 4016.873291015625
2024-12-17 17:40:05,069 - Step 73 norm(X - TN_G_ATR): 4016.867919921875
2024-12-17 17:40:05,192 - Step 74 norm(X - TN_G_ATR): 4016.862548828125
2024-12-17 17:40:05,308 - Step 75 norm(X - TN_G_ATR): 4016.857421875
2024-12-17 17:40:05,433 - Step 76 norm(X - TN_G_ATR): 4016.852294921875
2024-12-17 17:40:05,551 - Step 77 norm(X - TN_G_ATR): 4016.84765625
2024-12-17 17:40:05,661 - Step 78 norm(X - TN_G_ATR): 4016.84326171875
2024-12-17 17:40:05,781 - Step 79 norm(X - TN_G_ATR): 4016.838623046875
2024-12-17 17:40:05,895 - Step 80 norm(X - TN_G_ATR): 4016.83447265625
2024-12-17 17:40:06,017 - Step 81 norm(X - TN_G_ATR): 4016.83056640625
2024-12-17 17:40:06,135 - Step 82 norm(X - TN_G_ATR): 4016.82666015625
2024-12-17 17:40:06,243 - Step 83 norm(X - TN_G_ATR): 4016.82275390625
2024-12-17 17:40:06,358 - Step 84 norm(X - TN_G_ATR): 4016.819580078125
2024-12-17 17:40:06,475 - Step 85 norm(X - TN_G_ATR): 4016.816162109375
2024-12-17 17:40:06,578 - Step 86 norm(X - TN_G_ATR): 4016.81298828125
2024-12-17 17:40:06,693 - Step 87 norm(X - TN_G_ATR): 4016.809814453125
2024-12-17 17:40:06,806 - Step 88 norm(X - TN_G_ATR): 4016.806884765625
2024-12-17 17:40:06,929 - Step 89 norm(X - TN_G_ATR): 4016.80419921875
2024-12-17 17:40:07,049 - Step 90 norm(X - TN_G_ATR): 4016.80126953125
2024-12-17 17:40:07,160 - Step 91 norm(X - TN_G_ATR): 4016.798828125
2024-12-17 17:40:07,273 - Step 92 norm(X - TN_G_ATR): 4016.79638671875
2024-12-17 17:40:07,387 - Step 93 norm(X - TN_G_ATR): 4016.794189453125
2024-12-17 17:40:07,508 - Step 94 norm(X - TN_G_ATR): 4016.791748046875
2024-12-17 17:40:07,629 - Step 95 norm(X - TN_G_ATR): 4016.7900390625
2024-12-17 17:40:07,743 - Step 96 norm(X - TN_G_ATR): 4016.787841796875
2024-12-17 17:40:07,862 - Step 97 norm(X - TN_G_ATR): 4016.785888671875
2024-12-17 17:40:07,990 - Step 98 norm(X - TN_G_ATR): 4016.783935546875
2024-12-17 17:40:08,117 - Step 99 norm(X - TN_G_ATR): 4016.782470703125
2024-12-17 17:40:08,118 - Norm2 (Comparison Algorithm): 4016.782470703125
2024-12-17 17:40:08,165 - Norm2 (Original TR Algorithm): 4017.94482421875
