2024-12-24 20:31:19,978 - Norm2 (epsilon): 100
2024-12-24 20:31:19,978 - Optimization parameters:
2024-12-24 20:31:19,978 - epsilon (Frobenius norm constraint): 100
2024-12-24 20:31:19,978 - inner_tol (Tolerance for inner optimization): 1e-10
2024-12-24 20:31:19,978 - lr (Learning rate): 0.01
2024-12-24 20:31:19,978 - outer_num_steps (Number of outer optimization steps): 50
2024-12-24 20:31:19,978 - inner_num_steps (Number of inner optimization steps): 200
2024-12-24 20:31:19,978 - outer_dis_num (Display loss every outer_dis_num steps): 1
2024-12-24 20:31:19,978 - inner_dis_num (Display loss every inner_dis_num steps): 2000
2024-12-24 20:31:22,962 - Comparison Step 0, Loss_X_TNG: 26.689348220825195, normE: 0.22519618272781372
2024-12-24 20:31:23,806 - Comparison Step 1, Loss_X_TNG: 26.598487854003906, normE: 0.22519618272781372
2024-12-24 20:31:24,712 - Comparison Step 2, Loss_X_TNG: 26.528371810913086, normE: 0.22519618272781372
2024-12-24 20:31:25,507 - Comparison Step 3, Loss_X_TNG: 26.443126678466797, normE: 0.22519618272781372
2024-12-24 20:31:26,092 - Comparison Step 4, Loss_X_TNG: 26.404987335205078, normE: 0.22519618272781372
2024-12-24 20:31:26,674 - Comparison Step 5, Loss_X_TNG: 26.38277816772461, normE: 0.22519618272781372
2024-12-24 20:31:27,264 - Comparison Step 6, Loss_X_TNG: 26.36444664001465, normE: 0.22519618272781372
2024-12-24 20:31:27,849 - Comparison Step 7, Loss_X_TNG: 26.347980499267578, normE: 0.22519618272781372
2024-12-24 20:31:28,441 - Comparison Step 8, Loss_X_TNG: 26.33495330810547, normE: 0.22519618272781372
2024-12-24 20:31:28,874 - Comparison Step 9, Loss_X_TNG: 26.327993392944336, normE: 0.22519618272781372
2024-12-24 20:31:29,399 - Comparison Step 10, Loss_X_TNG: 26.32172203063965, normE: 0.22519618272781372
2024-12-24 20:31:29,987 - Comparison Step 11, Loss_X_TNG: 26.316436767578125, normE: 0.22519618272781372
2024-12-24 20:31:29,999 - Comparison Step 12, Loss_X_TNG: 26.316482543945312, normE: 0.22519618272781372
2024-12-24 20:31:30,116 - Comparison Step 13, Loss_X_TNG: 26.31561851501465, normE: 0.22519618272781372
2024-12-24 20:31:30,333 - Comparison Step 14, Loss_X_TNG: 26.31407928466797, normE: 0.22519618272781372
2024-12-24 20:31:30,426 - Comparison Step 15, Loss_X_TNG: 26.31354522705078, normE: 0.22519618272781372
2024-12-24 20:31:30,797 - Comparison Step 16, Loss_X_TNG: 26.311349868774414, normE: 0.22519618272781372
2024-12-24 20:31:30,832 - Comparison Step 17, Loss_X_TNG: 26.3111572265625, normE: 0.22519618272781372
2024-12-24 20:31:30,901 - Comparison Step 18, Loss_X_TNG: 26.310871124267578, normE: 0.22519618272781372
2024-12-24 20:31:31,378 - Comparison Step 19, Loss_X_TNG: 26.308612823486328, normE: 0.22519618272781372
2024-12-24 20:31:31,956 - Comparison Step 20, Loss_X_TNG: 26.308698654174805, normE: 0.22519618272781372
2024-12-24 20:31:32,187 - Comparison Step 21, Loss_X_TNG: 26.306468963623047, normE: 0.22519618272781372
2024-12-24 20:31:32,350 - Comparison Step 22, Loss_X_TNG: 26.305360794067383, normE: 0.22519618272781372
2024-12-24 20:31:32,375 - Comparison Step 23, Loss_X_TNG: 26.30522346496582, normE: 0.22519618272781372
2024-12-24 20:31:32,475 - Comparison Step 24, Loss_X_TNG: 26.304691314697266, normE: 0.22519618272781372
2024-12-24 20:31:32,503 - Comparison Step 25, Loss_X_TNG: 26.30467987060547, normE: 0.22519618272781372
2024-12-24 20:31:32,648 - Comparison Step 26, Loss_X_TNG: 26.303874969482422, normE: 0.22519618272781372
2024-12-24 20:31:32,762 - Comparison Step 27, Loss_X_TNG: 26.303377151489258, normE: 0.22519618272781372
2024-12-24 20:31:32,839 - Comparison Step 28, Loss_X_TNG: 26.30307960510254, normE: 0.22519618272781372
2024-12-24 20:31:33,142 - Comparison Step 29, Loss_X_TNG: 26.302045822143555, normE: 0.22519618272781372
2024-12-24 20:31:33,392 - Comparison Step 30, Loss_X_TNG: 26.301244735717773, normE: 0.22519618272781372
2024-12-24 20:31:33,841 - Comparison Step 31, Loss_X_TNG: 26.300077438354492, normE: 0.22519618272781372
2024-12-24 20:31:34,010 - Comparison Step 32, Loss_X_TNG: 26.29959487915039, normE: 0.22519618272781372
2024-12-24 20:31:34,128 - Comparison Step 33, Loss_X_TNG: 26.29936981201172, normE: 0.22519618272781372
2024-12-24 20:31:34,508 - Comparison Step 34, Loss_X_TNG: 26.29859733581543, normE: 0.22519618272781372
2024-12-24 20:31:34,554 - Comparison Step 35, Loss_X_TNG: 26.298450469970703, normE: 0.22519618272781372
2024-12-24 20:31:34,752 - Comparison Step 36, Loss_X_TNG: 26.29814338684082, normE: 0.22519618272781372
2024-12-24 20:31:34,998 - Comparison Step 37, Loss_X_TNG: 26.297697067260742, normE: 0.22519618272781372
2024-12-24 20:31:35,028 - Comparison Step 38, Loss_X_TNG: 26.297657012939453, normE: 0.22519618272781372
2024-12-24 20:31:35,103 - Comparison Step 39, Loss_X_TNG: 26.29758071899414, normE: 0.22519618272781372
2024-12-24 20:31:35,550 - Comparison Step 40, Loss_X_TNG: 26.296890258789062, normE: 0.22519618272781372
2024-12-24 20:31:36,132 - Comparison Step 41, Loss_X_TNG: 26.29996109008789, normE: 0.22519618272781372
2024-12-24 20:31:36,330 - Comparison Step 42, Loss_X_TNG: 26.297887802124023, normE: 0.22519618272781372
2024-12-24 20:31:36,342 - Comparison Step 43, Loss_X_TNG: 26.2978458404541, normE: 0.22519618272781372
2024-12-24 20:31:36,787 - Comparison Step 44, Loss_X_TNG: 26.295936584472656, normE: 0.22519618272781372
2024-12-24 20:31:37,144 - Comparison Step 45, Loss_X_TNG: 26.29517364501953, normE: 0.22519618272781372
2024-12-24 20:31:37,379 - Comparison Step 46, Loss_X_TNG: 26.29483413696289, normE: 0.22519618272781372
2024-12-24 20:31:37,533 - Comparison Step 47, Loss_X_TNG: 26.29462432861328, normE: 0.22519618272781372
2024-12-24 20:31:37,866 - Comparison Step 48, Loss_X_TNG: 26.29425048828125, normE: 0.22519618272781372
2024-12-24 20:31:37,890 - Comparison Step 49, Loss_X_TNG: 26.29417610168457, normE: 0.22519618272781372
2024-12-24 20:31:37,994 - Comparison Step 0, Loss_X_TNG: 26.294099807739258, normE: 4.441547870635986
2024-12-24 20:31:38,580 - Comparison Step 1, Loss_X_TNG: 26.45801544189453, normE: 8.503096580505371
2024-12-24 20:31:39,169 - Comparison Step 2, Loss_X_TNG: 27.18977928161621, normE: 8.126897811889648
2024-12-24 20:31:39,767 - Comparison Step 3, Loss_X_TNG: 27.07354736328125, normE: 8.38150405883789
2024-12-24 20:31:40,361 - Comparison Step 4, Loss_X_TNG: 26.896718978881836, normE: 8.175065994262695
2024-12-24 20:31:40,952 - Comparison Step 5, Loss_X_TNG: 26.728803634643555, normE: 8.280181884765625
2024-12-24 20:31:41,545 - Comparison Step 6, Loss_X_TNG: 26.58255386352539, normE: 8.17402172088623
2024-12-24 20:31:42,132 - Comparison Step 7, Loss_X_TNG: 26.544498443603516, normE: 8.220561027526855
2024-12-24 20:31:42,995 - Comparison Step 8, Loss_X_TNG: 26.819292068481445, normE: 8.18680477142334
2024-12-24 20:31:43,871 - Comparison Step 9, Loss_X_TNG: 26.583297729492188, normE: 8.197717666625977
2024-12-24 20:31:44,522 - Comparison Step 10, Loss_X_TNG: 26.559690475463867, normE: 8.179039001464844
2024-12-24 20:31:45,109 - Comparison Step 11, Loss_X_TNG: 26.586559295654297, normE: 8.184043884277344
2024-12-24 20:31:45,699 - Comparison Step 12, Loss_X_TNG: 26.669740676879883, normE: 8.181018829345703
2024-12-24 20:31:45,944 - Comparison Step 13, Loss_X_TNG: 26.66444206237793, normE: 8.181981086730957
2024-12-24 20:31:46,522 - Comparison Step 14, Loss_X_TNG: 26.7031192779541, normE: 8.180092811584473
2024-12-24 20:31:47,109 - Comparison Step 15, Loss_X_TNG: 26.6367244720459, normE: 8.178494453430176
2024-12-24 20:31:47,687 - Comparison Step 16, Loss_X_TNG: 26.69026756286621, normE: 8.181428909301758
2024-12-24 20:31:48,269 - Comparison Step 17, Loss_X_TNG: 26.658845901489258, normE: 8.1788969039917
2024-12-24 20:31:48,852 - Comparison Step 18, Loss_X_TNG: 26.566858291625977, normE: 8.17440128326416
2024-12-24 20:31:49,190 - Comparison Step 19, Loss_X_TNG: 26.5537052154541, normE: 8.171300888061523
2024-12-24 20:31:49,774 - Comparison Step 20, Loss_X_TNG: 26.609586715698242, normE: 8.171656608581543
2024-12-24 20:31:50,353 - Comparison Step 21, Loss_X_TNG: 26.596670150756836, normE: 8.169190406799316
2024-12-24 20:31:50,932 - Comparison Step 22, Loss_X_TNG: 26.562545776367188, normE: 8.166814804077148
2024-12-24 20:31:51,508 - Comparison Step 23, Loss_X_TNG: 26.623594284057617, normE: 8.167427062988281
2024-12-24 20:31:51,962 - Comparison Step 24, Loss_X_TNG: 26.626113891601562, normE: 8.16628360748291
2024-12-24 20:31:52,540 - Comparison Step 25, Loss_X_TNG: 27.293212890625, normE: 8.177384376525879
2024-12-24 20:31:53,126 - Comparison Step 26, Loss_X_TNG: 26.628108978271484, normE: 8.167717933654785
2024-12-24 20:31:53,716 - Comparison Step 27, Loss_X_TNG: 26.690439224243164, normE: 8.172929763793945
2024-12-24 20:31:54,300 - Comparison Step 28, Loss_X_TNG: 26.503238677978516, normE: 8.161782264709473
2024-12-24 20:31:54,883 - Comparison Step 29, Loss_X_TNG: 26.598791122436523, normE: 8.168148040771484
2024-12-24 20:31:55,467 - Comparison Step 30, Loss_X_TNG: 26.639368057250977, normE: 8.16672134399414
2024-12-24 20:31:56,055 - Comparison Step 31, Loss_X_TNG: 26.685903549194336, normE: 8.171707153320312
2024-12-24 20:31:56,174 - Comparison Step 32, Loss_X_TNG: 26.667903900146484, normE: 8.168964385986328
2024-12-24 20:31:56,759 - Comparison Step 33, Loss_X_TNG: 26.656944274902344, normE: 8.169919967651367
2024-12-24 20:31:57,340 - Comparison Step 34, Loss_X_TNG: 26.64902114868164, normE: 8.169228553771973
2024-12-24 20:31:57,914 - Comparison Step 35, Loss_X_TNG: 26.616775512695312, normE: 8.169732093811035
2024-12-24 20:31:58,499 - Comparison Step 36, Loss_X_TNG: 26.601228713989258, normE: 8.168560028076172
2024-12-24 20:31:58,768 - Comparison Step 37, Loss_X_TNG: 26.550748825073242, normE: 8.165729522705078
2024-12-24 20:31:59,358 - Comparison Step 38, Loss_X_TNG: 26.52593421936035, normE: 8.162500381469727
2024-12-24 20:31:59,947 - Comparison Step 39, Loss_X_TNG: 26.568281173706055, normE: 8.163253784179688
2024-12-24 20:32:00,525 - Comparison Step 40, Loss_X_TNG: 26.608074188232422, normE: 8.164064407348633
2024-12-24 20:32:01,107 - Comparison Step 41, Loss_X_TNG: 26.6047306060791, normE: 8.163105964660645
2024-12-24 20:32:01,685 - Comparison Step 42, Loss_X_TNG: 26.720394134521484, normE: 8.167274475097656
2024-12-24 20:32:02,267 - Comparison Step 43, Loss_X_TNG: 26.714967727661133, normE: 8.166339874267578
2024-12-24 20:32:02,847 - Comparison Step 44, Loss_X_TNG: 26.785964965820312, normE: 8.172820091247559
2024-12-24 20:32:03,436 - Comparison Step 45, Loss_X_TNG: 26.77637481689453, normE: 8.173271179199219
2024-12-24 20:32:04,020 - Comparison Step 46, Loss_X_TNG: 26.68889045715332, normE: 8.174715995788574
2024-12-24 20:32:04,603 - Comparison Step 47, Loss_X_TNG: 26.62628173828125, normE: 8.173296928405762
2024-12-24 20:32:05,185 - Comparison Step 48, Loss_X_TNG: 26.61347198486328, normE: 8.173686027526855
2024-12-24 20:32:05,695 - Comparison Step 49, Loss_X_TNG: 26.566205978393555, normE: 8.17029857635498
2024-12-24 20:32:05,696 - Norm2 (Comparison Algorithm): 26.566205978393555
2024-12-24 20:32:06,269 - Norm2 (Original TR Algorithm): 26.696575164794922
2024-12-24 20:32:06,269 - Norm2 (Our Algorithm): 26.29417610168457
2024-12-24 20:32:06,368 - Clipping input data to the valid range for imshow with RGB data ([0..1] for floats or [0..255] for integers). Got range [-0.122149825..1.1465583].
2024-12-24 20:32:06,372 - Clipping input data to the valid range for imshow with RGB data ([0..1] for floats or [0..255] for integers). Got range [-0.00207855..0.0021683995].
2024-12-24 20:32:06,373 - Clipping input data to the valid range for imshow with RGB data ([0..1] for floats or [0..255] for integers). Got range [-0.0014729662..1.0013081].
2024-12-24 20:32:06,375 - Clipping input data to the valid range for imshow with RGB data ([0..1] for floats or [0..255] for integers). Got range [-0.122936875..1.1614654].
2024-12-24 20:32:06,378 - Clipping input data to the valid range for imshow with RGB data ([0..1] for floats or [0..255] for integers). Got range [-0.02891392..0.028974831].
2024-12-24 20:32:06,380 - Clipping input data to the valid range for imshow with RGB data ([0..1] for floats or [0..255] for integers). Got range [-0.021077257..1.0243886].
2024-12-24 20:32:06,382 - Clipping input data to the valid range for imshow with RGB data ([0..1] for floats or [0..255] for integers). Got range [-0.10551321..1.1821903].
