2024-12-16 14:50:40,153 - Norm2 (epsilon): 100.0
2024-12-16 14:50:42,242 - Step 0 norm(X - TN_G_Ours): 41.4097448407188
2024-12-16 14:50:42,406 - Step 1 norm(X - TN_G_Ours): 40.794024878900004
2024-12-16 14:50:42,562 - Step 2 norm(X - TN_G_Ours): 40.47729458539843
2024-12-16 14:50:42,717 - Step 3 norm(X - TN_G_Ours): 40.29521492315341
2024-12-16 14:50:42,886 - Step 4 norm(X - TN_G_Ours): 40.179595597065806
2024-12-16 14:50:43,055 - Step 5 norm(X - TN_G_Ours): 40.09800006702329
2024-12-16 14:50:43,226 - Step 6 norm(X - TN_G_Ours): 40.04000532426522
2024-12-16 14:50:43,391 - Step 7 norm(X - TN_G_Ours): 40.00449803811129
2024-12-16 14:50:43,557 - Step 8 norm(X - TN_G_Ours): 39.98643874119231
2024-12-16 14:50:43,716 - Step 9 norm(X - TN_G_Ours): 39.98078151593588
2024-12-16 14:50:43,937 - Step 0 norm(X - TN_G_ATR): 39.419742584228516
2024-12-16 14:50:44,084 - Step 1 norm(X - TN_G_ATR): 39.50193786621094
2024-12-16 14:50:44,238 - Step 2 norm(X - TN_G_ATR): 38.85520935058594
2024-12-16 14:50:44,397 - Step 3 norm(X - TN_G_ATR): 38.300819396972656
2024-12-16 14:50:44,547 - Step 4 norm(X - TN_G_ATR): 37.899696350097656
2024-12-16 14:50:44,703 - Step 5 norm(X - TN_G_ATR): 37.640682220458984
2024-12-16 14:50:44,866 - Step 6 norm(X - TN_G_ATR): 37.51534652709961
2024-12-16 14:50:45,031 - Step 7 norm(X - TN_G_ATR): 37.490596771240234
2024-12-16 14:50:45,190 - Step 8 norm(X - TN_G_ATR): 37.44867706298828
2024-12-16 14:50:45,349 - Step 9 norm(X - TN_G_ATR): 37.37506866455078
2024-12-16 14:50:45,353 - Norm2 (Our Algorithm): 39.98078155517578
2024-12-16 14:50:45,353 - Norm2 (Comparison Algorithm): 37.37506866455078
2024-12-16 14:50:45,504 - Norm2 (Original TR Algorithm): 29.255468368530273
2024-12-16 14:50:45,619 - Clipping input data to the valid range for imshow with RGB data ([0..1] for floats or [0..255] for integers). Got range [-0.122733854..1.1563698].
2024-12-16 14:50:45,623 - Clipping input data to the valid range for imshow with RGB data ([0..1] for floats or [0..255] for integers). Got range [-0.97333735..0.9675437].
2024-12-16 14:50:45,625 - Clipping input data to the valid range for imshow with RGB data ([0..1] for floats or [0..255] for integers). Got range [-0.7553553..1.8169966].
2024-12-16 14:50:45,627 - Clipping input data to the valid range for imshow with RGB data ([0..1] for floats or [0..255] for integers). Got range [-0.3827268..1.3532798].
2024-12-16 14:50:45,631 - Clipping input data to the valid range for imshow with RGB data ([0..1] for floats or [0..255] for integers). Got range [-0.84085..0.7979446].
2024-12-16 14:50:45,633 - Clipping input data to the valid range for imshow with RGB data ([0..1] for floats or [0..255] for integers). Got range [-0.6845557..1.6368434].
2024-12-16 14:50:45,635 - Clipping input data to the valid range for imshow with RGB data ([0..1] for floats or [0..255] for integers). Got range [-0.2532304..1.2252321].
