2024-12-26 17:08:22,633 - Norm2 (epsilon): 10000.0
2024-12-26 17:08:22,634 - Optimization parameters:
2024-12-26 17:08:22,634 - epsilon (Frobenius norm constraint): 10000.0
2024-12-26 17:08:22,634 - inner_tol (Tolerance for inner optimization): 1e-10
2024-12-26 17:08:22,634 - lr (Learning rate): 0.01
2024-12-26 17:08:22,634 - outer_num_steps (Number of outer optimization steps): 100
2024-12-26 17:08:22,634 - inner_num_steps (Number of inner optimization steps): 1000
2024-12-26 17:08:22,634 - outer_dis_num (Display loss every outer_dis_num steps): 1
2024-12-26 17:08:22,634 - inner_dis_num (Display loss every inner_dis_num steps): 2000
2024-12-26 17:08:26,017 - Step 0, RSE_E: 2.9655983448028564, Loss_X_Ours: 39.85069274902344, normE: 100.0
2024-12-26 17:08:28,291 - Step 1, RSE_E: 3.3754100799560547, Loss_X_Ours: 41.97866439819336, normE: 100.0
2024-12-26 17:08:28,436 - Step 2, RSE_E: 3.812670946121216, Loss_X_Ours: 44.4084587097168, normE: 99.99999237060547
2024-12-26 17:08:28,645 - Step 3, RSE_E: 4.2764058113098145, Loss_X_Ours: 47.16841125488281, normE: 100.0
2024-12-26 17:08:28,814 - Step 4, RSE_E: 4.75616979598999, Loss_X_Ours: 50.280399322509766, normE: 100.00000762939453
2024-12-26 17:08:28,903 - Step 5, RSE_E: 5.237156867980957, Loss_X_Ours: 53.749755859375, normE: 100.00000762939453
2024-12-26 17:08:29,031 - Step 6, RSE_E: 5.699557781219482, Loss_X_Ours: 57.561431884765625, normE: 99.99999237060547
2024-12-26 17:08:29,136 - Step 7, RSE_E: 6.1188130378723145, Loss_X_Ours: 61.66371536254883, normE: 100.0
2024-12-26 17:08:29,267 - Step 8, RSE_E: 6.4683332443237305, Loss_X_Ours: 65.98995971679688, normE: 99.99999237060547
2024-12-26 17:08:29,406 - Step 9, RSE_E: 6.722512245178223, Loss_X_Ours: 70.42436218261719, normE: 99.99999237060547
2024-12-26 17:08:29,698 - Step 10, RSE_E: 6.861279010772705, Loss_X_Ours: 74.8482437133789, normE: 100.0
2024-12-26 17:08:29,785 - Step 11, RSE_E: 6.8736796379089355, Loss_X_Ours: 79.14263916015625, normE: 100.0
2024-12-26 17:08:30,002 - Step 12, RSE_E: 6.760666370391846, Loss_X_Ours: 83.16722106933594, normE: 100.00000762939453
2024-12-26 17:08:30,220 - Step 13, RSE_E: 6.534337997436523, Loss_X_Ours: 86.82996368408203, normE: 100.00000762939453
2024-12-26 17:08:30,569 - Step 14, RSE_E: 6.2158918380737305, Loss_X_Ours: 90.06134033203125, normE: 100.0
2024-12-26 17:08:30,798 - Step 15, RSE_E: 5.83117151260376, Loss_X_Ours: 92.8732681274414, normE: 99.99999237060547
2024-12-26 17:08:31,194 - Step 16, RSE_E: 5.407074928283691, Loss_X_Ours: 95.20310974121094, normE: 100.0
2024-12-26 17:08:31,545 - Step 17, RSE_E: 4.967526912689209, Loss_X_Ours: 97.12875366210938, normE: 100.00000762939453
2024-12-26 17:08:31,985 - Step 18, RSE_E: 4.532344818115234, Loss_X_Ours: 98.6856460571289, normE: 100.00000762939453
2024-12-26 17:08:32,162 - Step 19, RSE_E: 4.115553855895996, Loss_X_Ours: 99.92424011230469, normE: 100.0
2024-12-26 17:08:32,632 - Step 20, RSE_E: 3.7279670238494873, Loss_X_Ours: 100.88957214355469, normE: 100.0
2024-12-26 17:08:32,876 - Step 21, RSE_E: 3.373940944671631, Loss_X_Ours: 101.63251495361328, normE: 100.0
2024-12-26 17:08:33,219 - Step 22, RSE_E: 3.056877851486206, Loss_X_Ours: 102.22866821289062, normE: 100.0
2024-12-26 17:08:33,526 - Step 23, RSE_E: 2.776162624359131, Loss_X_Ours: 102.6469955444336, normE: 99.99999237060547
2024-12-26 17:08:33,766 - Step 24, RSE_E: 2.5307183265686035, Loss_X_Ours: 102.98836517333984, normE: 99.99999237060547
2024-12-26 17:08:33,974 - Step 25, RSE_E: 2.3179705142974854, Loss_X_Ours: 103.26107788085938, normE: 100.0
2024-12-26 17:08:34,134 - Step 26, RSE_E: 2.135012149810791, Loss_X_Ours: 103.44035339355469, normE: 100.0
2024-12-26 17:08:34,651 - Step 27, RSE_E: 1.9802711009979248, Loss_X_Ours: 103.5708999633789, normE: 99.99999237060547
2024-12-26 17:08:35,101 - Step 28, RSE_E: 1.8478326797485352, Loss_X_Ours: 103.66497039794922, normE: 100.00000762939453
2024-12-26 17:08:35,283 - Step 29, RSE_E: 1.7344129085540771, Loss_X_Ours: 103.73336029052734, normE: 100.00000762939453
2024-12-26 17:08:35,624 - Step 30, RSE_E: 1.6393526792526245, Loss_X_Ours: 103.8114013671875, normE: 100.0
2024-12-26 17:08:36,122 - Step 31, RSE_E: 1.5587905645370483, Loss_X_Ours: 103.84889221191406, normE: 99.99999237060547
2024-12-26 17:08:36,247 - Step 32, RSE_E: 1.4882044792175293, Loss_X_Ours: 103.87403106689453, normE: 100.00000762939453
2024-12-26 17:08:36,662 - Step 33, RSE_E: 1.4300020933151245, Loss_X_Ours: 103.90065002441406, normE: 99.99999237060547
2024-12-26 17:08:37,059 - Step 34, RSE_E: 1.378911018371582, Loss_X_Ours: 103.88067626953125, normE: 100.0
2024-12-26 17:08:37,092 - Step 35, RSE_E: 1.3309136629104614, Loss_X_Ours: 103.92282104492188, normE: 99.99999237060547
2024-12-26 17:08:37,428 - Step 36, RSE_E: 1.2946105003356934, Loss_X_Ours: 103.88275146484375, normE: 100.0
2024-12-26 17:08:37,617 - Step 37, RSE_E: 1.2596464157104492, Loss_X_Ours: 103.89877319335938, normE: 100.0
2024-12-26 17:08:37,927 - Step 38, RSE_E: 1.2287839651107788, Loss_X_Ours: 103.86961364746094, normE: 100.0
2024-12-26 17:08:38,331 - Step 39, RSE_E: 1.2012219429016113, Loss_X_Ours: 103.8869400024414, normE: 100.0
2024-12-26 17:08:38,438 - Step 40, RSE_E: 1.174233078956604, Loss_X_Ours: 103.88383483886719, normE: 99.99999237060547
2024-12-26 17:08:38,644 - Step 41, RSE_E: 1.1502456665039062, Loss_X_Ours: 103.84246063232422, normE: 100.0
2024-12-26 17:08:38,828 - Step 42, RSE_E: 1.1280152797698975, Loss_X_Ours: 103.88927459716797, normE: 100.0
2024-12-26 17:08:39,094 - Step 43, RSE_E: 1.1075698137283325, Loss_X_Ours: 103.86949157714844, normE: 99.99999237060547
2024-12-26 17:08:39,435 - Step 44, RSE_E: 1.0885796546936035, Loss_X_Ours: 103.8442611694336, normE: 100.00000762939453
2024-12-26 17:08:39,514 - Step 45, RSE_E: 1.0683687925338745, Loss_X_Ours: 103.87027740478516, normE: 100.0
2024-12-26 17:08:40,608 - Step 46, RSE_E: 1.0551629066467285, Loss_X_Ours: 103.8287353515625, normE: 100.0
2024-12-26 17:08:40,936 - Step 47, RSE_E: 1.0367982387542725, Loss_X_Ours: 103.836181640625, normE: 99.99999237060547
2024-12-26 17:08:41,416 - Step 48, RSE_E: 1.0203657150268555, Loss_X_Ours: 103.83325958251953, normE: 100.00000762939453
2024-12-26 17:08:41,812 - Step 49, RSE_E: 1.004292607307434, Loss_X_Ours: 103.81753540039062, normE: 99.99999237060547
2024-12-26 17:08:42,137 - Step 50, RSE_E: 0.988968014717102, Loss_X_Ours: 103.81739044189453, normE: 100.00000762939453
2024-12-26 17:08:42,495 - Step 51, RSE_E: 0.9742873907089233, Loss_X_Ours: 103.7907485961914, normE: 100.00000762939453
2024-12-26 17:08:42,754 - Step 52, RSE_E: 0.9594693183898926, Loss_X_Ours: 103.82315826416016, normE: 100.0
2024-12-26 17:08:42,838 - Step 53, RSE_E: 0.9443750977516174, Loss_X_Ours: 103.80730438232422, normE: 100.0
2024-12-26 17:08:43,425 - Step 54, RSE_E: 0.9330291152000427, Loss_X_Ours: 103.77999114990234, normE: 99.99999237060547
2024-12-26 17:08:43,544 - Step 55, RSE_E: 0.9187970161437988, Loss_X_Ours: 103.80532836914062, normE: 100.0
2024-12-26 17:08:43,714 - Step 56, RSE_E: 0.9058560729026794, Loss_X_Ours: 103.75607299804688, normE: 100.00000762939453
2024-12-26 17:08:43,774 - Step 57, RSE_E: 0.8920897245407104, Loss_X_Ours: 103.75792694091797, normE: 99.99999237060547
2024-12-26 17:08:44,254 - Step 58, RSE_E: 0.8824955224990845, Loss_X_Ours: 103.7806625366211, normE: 100.0
2024-12-26 17:08:44,341 - Step 59, RSE_E: 0.8692808747291565, Loss_X_Ours: 103.7736587524414, normE: 99.99999237060547
2024-12-26 17:08:44,438 - Step 60, RSE_E: 0.8572882413864136, Loss_X_Ours: 103.77519226074219, normE: 100.0
2024-12-26 17:08:44,647 - Step 61, RSE_E: 0.8470728993415833, Loss_X_Ours: 103.73388671875, normE: 99.99999237060547
2024-12-26 17:08:44,941 - Step 62, RSE_E: 0.83643639087677, Loss_X_Ours: 103.74266052246094, normE: 100.0
2024-12-26 17:08:45,056 - Step 63, RSE_E: 0.8249334096908569, Loss_X_Ours: 103.75944519042969, normE: 100.00000762939453
2024-12-26 17:08:45,954 - Step 64, RSE_E: 0.8170560598373413, Loss_X_Ours: 103.7381591796875, normE: 100.0
2024-12-26 17:08:46,407 - Step 65, RSE_E: 0.8066278696060181, Loss_X_Ours: 103.69163513183594, normE: 99.99999237060547
2024-12-26 17:08:46,487 - Step 66, RSE_E: 0.7952142953872681, Loss_X_Ours: 103.75336456298828, normE: 100.0
2024-12-26 17:08:48,607 - Step 67, RSE_E: 0.7899869084358215, Loss_X_Ours: 103.7090072631836, normE: 100.0
2024-12-26 17:08:48,639 - Step 68, RSE_E: 0.7770869731903076, Loss_X_Ours: 103.72613525390625, normE: 100.0
2024-12-26 17:08:48,931 - Step 69, RSE_E: 0.768546462059021, Loss_X_Ours: 103.70381164550781, normE: 100.0
2024-12-26 17:08:49,047 - Step 70, RSE_E: 0.7581837177276611, Loss_X_Ours: 103.73410034179688, normE: 99.99999237060547
2024-12-26 17:08:49,082 - Step 71, RSE_E: 0.7468346953392029, Loss_X_Ours: 103.71437072753906, normE: 100.0
2024-12-26 17:08:49,524 - Step 72, RSE_E: 0.7404133081436157, Loss_X_Ours: 103.67506408691406, normE: 100.00000762939453
2024-12-26 17:08:49,757 - Step 73, RSE_E: 0.7312532663345337, Loss_X_Ours: 103.6898422241211, normE: 99.99999237060547
2024-12-26 17:08:50,046 - Step 74, RSE_E: 0.7229117155075073, Loss_X_Ours: 103.68962860107422, normE: 99.99999237060547
2024-12-26 17:08:50,349 - Step 75, RSE_E: 0.7146892547607422, Loss_X_Ours: 103.68157958984375, normE: 99.99999237060547
2024-12-26 17:08:50,458 - Step 76, RSE_E: 0.7057417631149292, Loss_X_Ours: 103.70806121826172, normE: 99.99999237060547
2024-12-26 17:08:50,588 - Step 77, RSE_E: 0.6972013115882874, Loss_X_Ours: 103.71668243408203, normE: 99.99999237060547
2024-12-26 17:08:50,778 - Step 78, RSE_E: 0.6895943284034729, Loss_X_Ours: 103.67344665527344, normE: 100.00000762939453
2024-12-26 17:08:50,886 - Step 79, RSE_E: 0.6812589168548584, Loss_X_Ours: 103.68199157714844, normE: 99.99999237060547
2024-12-26 17:08:51,029 - Step 80, RSE_E: 0.6736880540847778, Loss_X_Ours: 103.68453979492188, normE: 100.0
2024-12-26 17:08:51,627 - Step 81, RSE_E: 0.6681515574455261, Loss_X_Ours: 103.64078521728516, normE: 100.00000762939453
2024-12-26 17:08:51,756 - Step 82, RSE_E: 0.6598556041717529, Loss_X_Ours: 103.6335220336914, normE: 100.00000762939453
2024-12-26 17:08:51,871 - Step 83, RSE_E: 0.6521672010421753, Loss_X_Ours: 103.69063568115234, normE: 100.00000762939453
2024-12-26 17:08:51,966 - Step 84, RSE_E: 0.6443215012550354, Loss_X_Ours: 103.6451187133789, normE: 100.0
2024-12-26 17:08:52,111 - Step 85, RSE_E: 0.637596607208252, Loss_X_Ours: 103.6279525756836, normE: 100.0
2024-12-26 17:08:52,350 - Step 86, RSE_E: 0.6312315464019775, Loss_X_Ours: 103.65611267089844, normE: 100.0
2024-12-26 17:08:52,414 - Step 87, RSE_E: 0.6233687400817871, Loss_X_Ours: 103.62588500976562, normE: 100.0
2024-12-26 17:08:52,743 - Step 88, RSE_E: 0.6183083057403564, Loss_X_Ours: 103.67369079589844, normE: 100.0
2024-12-26 17:08:52,970 - Step 89, RSE_E: 0.611771285533905, Loss_X_Ours: 103.69110870361328, normE: 100.0
2024-12-26 17:08:53,086 - Step 90, RSE_E: 0.6045327186584473, Loss_X_Ours: 103.6417236328125, normE: 99.99999237060547
2024-12-26 17:08:53,499 - Step 91, RSE_E: 0.5994887948036194, Loss_X_Ours: 103.64236450195312, normE: 100.0
2024-12-26 17:08:53,650 - Step 92, RSE_E: 0.5926151275634766, Loss_X_Ours: 103.65138244628906, normE: 99.99999237060547
2024-12-26 17:08:53,945 - Step 93, RSE_E: 0.5813074111938477, Loss_X_Ours: 103.60108184814453, normE: 100.0
2024-12-26 17:08:54,179 - Step 94, RSE_E: 0.5754860043525696, Loss_X_Ours: 103.632080078125, normE: 100.0
2024-12-26 17:08:54,371 - Step 95, RSE_E: 0.5694866180419922, Loss_X_Ours: 103.6153335571289, normE: 100.0
2024-12-26 17:08:56,389 - Step 96, RSE_E: 0.5765065550804138, Loss_X_Ours: 103.63090515136719, normE: 100.00000762939453
2024-12-26 17:08:56,728 - Step 97, RSE_E: 0.5682935118675232, Loss_X_Ours: 103.63075256347656, normE: 100.00000762939453
2024-12-26 17:08:56,757 - Step 98, RSE_E: 0.5595696568489075, Loss_X_Ours: 103.59904479980469, normE: 100.00000762939453
2024-12-26 17:08:56,919 - Step 99, RSE_E: 0.553800106048584, Loss_X_Ours: 103.6320571899414, normE: 100.00000762939453
2024-12-26 17:09:01,409 - Comparison Step 0, Loss_X_TNG: 39.700828552246094, normE: 100.0
2024-12-26 17:09:03,145 - Comparison Step 1, Loss_X_TNG: 37.179019927978516, normE: 100.0
2024-12-26 17:09:05,289 - Comparison Step 2, Loss_X_TNG: 36.40117645263672, normE: 100.0
2024-12-26 17:09:05,880 - Comparison Step 3, Loss_X_TNG: 36.00374984741211, normE: 100.0
2024-12-26 17:09:07,094 - Comparison Step 4, Loss_X_TNG: 36.2050895690918, normE: 100.00000762939453
2024-12-26 17:09:07,600 - Comparison Step 5, Loss_X_TNG: 35.7607536315918, normE: 99.99999237060547
2024-12-26 17:09:10,384 - Comparison Step 6, Loss_X_TNG: 36.10947036743164, normE: 100.00000762939453
2024-12-26 17:09:12,122 - Comparison Step 7, Loss_X_TNG: 36.223575592041016, normE: 99.99999237060547
2024-12-26 17:09:14,902 - Comparison Step 8, Loss_X_TNG: 36.0455322265625, normE: 100.0
2024-12-26 17:09:17,707 - Comparison Step 9, Loss_X_TNG: 35.72917938232422, normE: 100.0
2024-12-26 17:09:20,258 - Comparison Step 10, Loss_X_TNG: 35.677391052246094, normE: 100.00000762939453
2024-12-26 17:09:23,056 - Comparison Step 11, Loss_X_TNG: 35.68726348876953, normE: 99.99999237060547
2024-12-26 17:09:25,838 - Comparison Step 12, Loss_X_TNG: 35.494998931884766, normE: 100.00000762939453
2024-12-26 17:09:28,623 - Comparison Step 13, Loss_X_TNG: 35.229610443115234, normE: 100.0
2024-12-26 17:09:31,418 - Comparison Step 14, Loss_X_TNG: 35.59638595581055, normE: 100.0
2024-12-26 17:09:34,222 - Comparison Step 15, Loss_X_TNG: 35.27889633178711, normE: 99.99999237060547
2024-12-26 17:09:37,028 - Comparison Step 16, Loss_X_TNG: 35.38810348510742, normE: 100.0
2024-12-26 17:09:39,824 - Comparison Step 17, Loss_X_TNG: 35.51530075073242, normE: 99.99999237060547
2024-12-26 17:09:41,223 - Comparison Step 18, Loss_X_TNG: 34.94172668457031, normE: 99.99999237060547
2024-12-26 17:09:43,305 - Comparison Step 19, Loss_X_TNG: 35.38071060180664, normE: 100.0
2024-12-26 17:09:44,318 - Comparison Step 20, Loss_X_TNG: 35.311588287353516, normE: 100.00000762939453
2024-12-26 17:09:45,625 - Comparison Step 21, Loss_X_TNG: 35.48996353149414, normE: 100.00000762939453
2024-12-26 17:09:48,414 - Comparison Step 22, Loss_X_TNG: 35.6682014465332, normE: 100.0
2024-12-26 17:09:51,209 - Comparison Step 23, Loss_X_TNG: 35.3803825378418, normE: 100.00000762939453
2024-12-26 17:09:54,016 - Comparison Step 24, Loss_X_TNG: 35.475135803222656, normE: 100.00000762939453
2024-12-26 17:09:55,728 - Comparison Step 25, Loss_X_TNG: 35.144081115722656, normE: 100.00000762939453
2024-12-26 17:09:58,830 - Comparison Step 26, Loss_X_TNG: 35.308448791503906, normE: 100.0
2024-12-26 17:10:01,335 - Comparison Step 27, Loss_X_TNG: 35.06206512451172, normE: 100.00000762939453
2024-12-26 17:10:03,670 - Comparison Step 28, Loss_X_TNG: 35.29852294921875, normE: 100.00000762939453
2024-12-26 17:10:05,507 - Comparison Step 29, Loss_X_TNG: 35.03395462036133, normE: 100.00000762939453
2024-12-26 17:10:08,033 - Comparison Step 30, Loss_X_TNG: 35.32133483886719, normE: 99.99999237060547
2024-12-26 17:10:10,034 - Comparison Step 31, Loss_X_TNG: 35.6539421081543, normE: 100.00000762939453
2024-12-26 17:10:12,440 - Comparison Step 32, Loss_X_TNG: 35.23066711425781, normE: 100.00000762939453
2024-12-26 17:10:15,265 - Comparison Step 33, Loss_X_TNG: 35.327884674072266, normE: 100.0
2024-12-26 17:10:18,089 - Comparison Step 34, Loss_X_TNG: 35.32521057128906, normE: 100.00000762939453
2024-12-26 17:10:20,906 - Comparison Step 35, Loss_X_TNG: 35.33738708496094, normE: 99.99999237060547
2024-12-26 17:10:23,703 - Comparison Step 36, Loss_X_TNG: 35.06114959716797, normE: 100.0
2024-12-26 17:10:25,433 - Comparison Step 37, Loss_X_TNG: 34.76774215698242, normE: 99.99999237060547
2024-12-26 17:10:28,263 - Comparison Step 38, Loss_X_TNG: 34.78881072998047, normE: 100.00000762939453
2024-12-26 17:10:30,773 - Comparison Step 39, Loss_X_TNG: 35.048561096191406, normE: 100.0
2024-12-26 17:10:32,748 - Comparison Step 40, Loss_X_TNG: 35.136714935302734, normE: 99.99999237060547
2024-12-26 17:10:35,244 - Comparison Step 41, Loss_X_TNG: 35.356178283691406, normE: 99.99999237060547
2024-12-26 17:10:38,055 - Comparison Step 42, Loss_X_TNG: 35.052642822265625, normE: 100.00000762939453
2024-12-26 17:10:40,035 - Comparison Step 43, Loss_X_TNG: 35.765010833740234, normE: 99.99999237060547
2024-12-26 17:10:41,105 - Comparison Step 44, Loss_X_TNG: 35.35441970825195, normE: 99.99999237060547
2024-12-26 17:10:43,336 - Comparison Step 45, Loss_X_TNG: 35.244842529296875, normE: 99.99999237060547
2024-12-26 17:10:44,027 - Comparison Step 46, Loss_X_TNG: 34.65534210205078, normE: 100.0
2024-12-26 17:10:45,821 - Comparison Step 47, Loss_X_TNG: 35.315101623535156, normE: 99.99999237060547
2024-12-26 17:10:48,654 - Comparison Step 48, Loss_X_TNG: 35.41941452026367, normE: 100.00000762939453
2024-12-26 17:10:51,471 - Comparison Step 49, Loss_X_TNG: 35.315834045410156, normE: 100.00000762939453
2024-12-26 17:10:54,077 - Comparison Step 50, Loss_X_TNG: 35.18845748901367, normE: 100.0
2024-12-26 17:10:56,589 - Comparison Step 51, Loss_X_TNG: 35.21881103515625, normE: 100.00000762939453
2024-12-26 17:10:57,787 - Comparison Step 52, Loss_X_TNG: 34.84489822387695, normE: 100.0
2024-12-26 17:11:00,609 - Comparison Step 53, Loss_X_TNG: 34.907291412353516, normE: 100.00000762939453
2024-12-26 17:11:03,434 - Comparison Step 54, Loss_X_TNG: 35.3326416015625, normE: 100.0
2024-12-26 17:11:06,262 - Comparison Step 55, Loss_X_TNG: 35.57928466796875, normE: 100.0
2024-12-26 17:11:08,633 - Comparison Step 56, Loss_X_TNG: 35.45444869995117, normE: 100.00000762939453
2024-12-26 17:11:11,492 - Comparison Step 57, Loss_X_TNG: 35.113067626953125, normE: 100.0
2024-12-26 17:11:14,334 - Comparison Step 58, Loss_X_TNG: 35.24599075317383, normE: 99.99999237060547
2024-12-26 17:11:16,951 - Comparison Step 59, Loss_X_TNG: 34.85346603393555, normE: 99.99999237060547
2024-12-26 17:11:18,291 - Comparison Step 60, Loss_X_TNG: 34.751583099365234, normE: 100.00000762939453
2024-12-26 17:11:20,548 - Comparison Step 61, Loss_X_TNG: 35.08290100097656, normE: 100.00000762939453
2024-12-26 17:11:22,130 - Comparison Step 62, Loss_X_TNG: 35.05801010131836, normE: 100.0
2024-12-26 17:11:24,963 - Comparison Step 63, Loss_X_TNG: 35.279022216796875, normE: 100.00000762939453
2024-12-26 17:11:27,813 - Comparison Step 64, Loss_X_TNG: 35.71318817138672, normE: 100.0
2024-12-26 17:11:30,640 - Comparison Step 65, Loss_X_TNG: 35.88063049316406, normE: 100.00000762939453
2024-12-26 17:11:33,470 - Comparison Step 66, Loss_X_TNG: 35.08647537231445, normE: 100.0
2024-12-26 17:11:36,120 - Comparison Step 67, Loss_X_TNG: 34.7143669128418, normE: 100.0
2024-12-26 17:11:38,942 - Comparison Step 68, Loss_X_TNG: 34.85839080810547, normE: 100.0
2024-12-26 17:11:41,753 - Comparison Step 69, Loss_X_TNG: 35.7296028137207, normE: 100.0
2024-12-26 17:11:44,582 - Comparison Step 70, Loss_X_TNG: 35.56163024902344, normE: 99.99999237060547
2024-12-26 17:11:47,408 - Comparison Step 71, Loss_X_TNG: 35.266212463378906, normE: 100.0
2024-12-26 17:11:50,229 - Comparison Step 72, Loss_X_TNG: 35.30792236328125, normE: 100.0
2024-12-26 17:11:53,041 - Comparison Step 73, Loss_X_TNG: 35.15974807739258, normE: 100.0
2024-12-26 17:11:55,854 - Comparison Step 74, Loss_X_TNG: 35.376461029052734, normE: 99.99999237060547
2024-12-26 17:11:58,673 - Comparison Step 75, Loss_X_TNG: 35.42353057861328, normE: 100.0
2024-12-26 17:12:00,745 - Comparison Step 76, Loss_X_TNG: 35.08417510986328, normE: 100.00000762939453
2024-12-26 17:12:03,556 - Comparison Step 77, Loss_X_TNG: 34.769874572753906, normE: 99.99999237060547
2024-12-26 17:12:06,388 - Comparison Step 78, Loss_X_TNG: 35.20465087890625, normE: 100.0
2024-12-26 17:12:07,718 - Comparison Step 79, Loss_X_TNG: 34.607303619384766, normE: 99.99999237060547
2024-12-26 17:12:08,095 - Comparison Step 80, Loss_X_TNG: 34.217857360839844, normE: 99.99999237060547
2024-12-26 17:12:10,865 - Comparison Step 81, Loss_X_TNG: 35.938270568847656, normE: 100.0
2024-12-26 17:12:13,696 - Comparison Step 82, Loss_X_TNG: 35.623985290527344, normE: 100.0
2024-12-26 17:12:15,420 - Comparison Step 83, Loss_X_TNG: 35.22987747192383, normE: 100.00000762939453
2024-12-26 17:12:18,254 - Comparison Step 84, Loss_X_TNG: 35.21710205078125, normE: 100.0
2024-12-26 17:12:21,093 - Comparison Step 85, Loss_X_TNG: 35.2564811706543, normE: 100.0
2024-12-26 17:12:22,960 - Comparison Step 86, Loss_X_TNG: 35.31867980957031, normE: 99.99999237060547
2024-12-26 17:12:25,702 - Comparison Step 87, Loss_X_TNG: 35.322635650634766, normE: 100.00000762939453
2024-12-26 17:12:28,527 - Comparison Step 88, Loss_X_TNG: 35.47887420654297, normE: 99.99999237060547
2024-12-26 17:12:30,994 - Comparison Step 89, Loss_X_TNG: 34.66891098022461, normE: 100.0
2024-12-26 17:12:32,876 - Comparison Step 90, Loss_X_TNG: 34.72796630859375, normE: 100.00000762939453
2024-12-26 17:12:35,685 - Comparison Step 91, Loss_X_TNG: 35.33018112182617, normE: 100.0
2024-12-26 17:12:38,500 - Comparison Step 92, Loss_X_TNG: 35.2815055847168, normE: 100.00000762939453
2024-12-26 17:12:41,312 - Comparison Step 93, Loss_X_TNG: 34.97697448730469, normE: 99.99999237060547
2024-12-26 17:12:44,114 - Comparison Step 94, Loss_X_TNG: 34.95929718017578, normE: 100.0
2024-12-26 17:12:46,923 - Comparison Step 95, Loss_X_TNG: 35.23920822143555, normE: 100.0
2024-12-26 17:12:49,728 - Comparison Step 96, Loss_X_TNG: 34.97836685180664, normE: 100.0
2024-12-26 17:12:51,042 - Comparison Step 97, Loss_X_TNG: 34.88452911376953, normE: 100.0
2024-12-26 17:12:52,875 - Comparison Step 98, Loss_X_TNG: 35.147830963134766, normE: 100.0
2024-12-26 17:12:54,648 - Comparison Step 99, Loss_X_TNG: 35.470890045166016, normE: 99.99999237060547
2024-12-26 17:12:54,648 - Norm2 (Comparison Algorithm): 35.470890045166016
2024-12-26 17:12:57,425 - Norm2 (Original TR Algorithm): 26.43861198425293
2024-12-26 17:12:57,426 - Norm2 (Our Algorithm): 103.6320571899414
2024-12-26 17:12:57,518 - Clipping input data to the valid range for imshow with RGB data ([0..1] for floats or [0..255] for integers). Got range [-0.13187121..1.1439595].
2024-12-26 17:12:57,522 - Clipping input data to the valid range for imshow with RGB data ([0..1] for floats or [0..255] for integers). Got range [-1.5311668..1.5233884].
2024-12-26 17:12:57,523 - Clipping input data to the valid range for imshow with RGB data ([0..1] for floats or [0..255] for integers). Got range [-1.3272452..2.3079581].
2024-12-26 17:12:57,525 - Clipping input data to the valid range for imshow with RGB data ([0..1] for floats or [0..255] for integers). Got range [-1.4449325..2.280255].
2024-12-26 17:12:57,528 - Clipping input data to the valid range for imshow with RGB data ([0..1] for floats or [0..255] for integers). Got range [-0.46250597..0.4658338].
2024-12-26 17:12:57,530 - Clipping input data to the valid range for imshow with RGB data ([0..1] for floats or [0..255] for integers). Got range [-0.43263477..1.4116973].
2024-12-26 17:12:57,532 - Clipping input data to the valid range for imshow with RGB data ([0..1] for floats or [0..255] for integers). Got range [-0.29485232..1.2712133].
