2024-12-26 16:51:05,665 - Norm2 (epsilon): 1
2024-12-26 16:51:05,666 - Optimization parameters:
2024-12-26 16:51:05,666 - epsilon (Frobenius norm constraint): 1
2024-12-26 16:51:05,666 - inner_tol (Tolerance for inner optimization): 1e-10
2024-12-26 16:51:05,666 - lr (Learning rate): 0.01
2024-12-26 16:51:05,666 - outer_num_steps (Number of outer optimization steps): 100
2024-12-26 16:51:05,666 - inner_num_steps (Number of inner optimization steps): 1000
2024-12-26 16:51:05,666 - outer_dis_num (Display loss every outer_dis_num steps): 1
2024-12-26 16:51:05,666 - inner_dis_num (Display loss every inner_dis_num steps): 2000
2024-12-26 16:51:09,093 - Step 0, RSE_E: 0.020223354920744896, Loss_X_Ours: 26.488637924194336, normE: 0.9999998807907104
2024-12-26 16:51:11,369 - Step 1, RSE_E: 0.02198931761085987, Loss_X_Ours: 26.444915771484375, normE: 0.9999999403953552
2024-12-26 16:51:11,469 - Step 2, RSE_E: 0.02390551194548607, Loss_X_Ours: 26.44359016418457, normE: 0.9999999403953552
2024-12-26 16:51:11,568 - Step 3, RSE_E: 0.025970324873924255, Loss_X_Ours: 26.44248390197754, normE: 1.0
2024-12-26 16:51:11,743 - Step 4, RSE_E: 0.028178613632917404, Loss_X_Ours: 26.440486907958984, normE: 1.0
2024-12-26 16:51:11,834 - Step 5, RSE_E: 0.03052443265914917, Loss_X_Ours: 26.439773559570312, normE: 1.0
2024-12-26 16:51:11,866 - Step 6, RSE_E: 0.0329921655356884, Loss_X_Ours: 26.439868927001953, normE: 0.9999999403953552
2024-12-26 16:51:11,889 - Step 7, RSE_E: 0.03555842861533165, Loss_X_Ours: 26.440187454223633, normE: 0.9999999403953552
2024-12-26 16:51:11,955 - Step 8, RSE_E: 0.038195304572582245, Loss_X_Ours: 26.440021514892578, normE: 1.0
2024-12-26 16:51:13,491 - Step 9, RSE_E: 0.040851835161447525, Loss_X_Ours: 26.428451538085938, normE: 0.9999999403953552
2024-12-26 16:51:13,773 - Step 10, RSE_E: 0.043483149260282516, Loss_X_Ours: 26.426048278808594, normE: 1.0
2024-12-26 16:51:14,036 - Step 11, RSE_E: 0.04601593315601349, Loss_X_Ours: 26.424381256103516, normE: 0.9999999403953552
2024-12-26 16:51:14,378 - Step 12, RSE_E: 0.04837598279118538, Loss_X_Ours: 26.42230224609375, normE: 0.9999999403953552
2024-12-26 16:51:14,488 - Step 13, RSE_E: 0.05048421025276184, Loss_X_Ours: 26.422279357910156, normE: 1.0
2024-12-26 16:51:14,740 - Step 14, RSE_E: 0.05225996673107147, Loss_X_Ours: 26.421140670776367, normE: 0.9999998807907104
2024-12-26 16:51:14,995 - Step 15, RSE_E: 0.05362796410918236, Loss_X_Ours: 26.420076370239258, normE: 1.0
2024-12-26 16:51:15,034 - Step 16, RSE_E: 0.05453825369477272, Loss_X_Ours: 26.42087173461914, normE: 1.0
2024-12-26 16:51:15,631 - Step 17, RSE_E: 0.05494070425629616, Loss_X_Ours: 26.41713523864746, normE: 1.0
2024-12-26 16:51:15,654 - Step 18, RSE_E: 0.054835230112075806, Loss_X_Ours: 26.418075561523438, normE: 1.0
2024-12-26 16:51:15,722 - Step 19, RSE_E: 0.05423819646239281, Loss_X_Ours: 26.418399810791016, normE: 1.0
2024-12-26 16:51:15,938 - Step 20, RSE_E: 0.05319032073020935, Loss_X_Ours: 26.41755485534668, normE: 0.9999999403953552
2024-12-26 16:51:16,055 - Step 21, RSE_E: 0.05175141990184784, Loss_X_Ours: 26.417564392089844, normE: 0.9999999403953552
2024-12-26 16:51:16,700 - Step 22, RSE_E: 0.050014834851026535, Loss_X_Ours: 26.41309356689453, normE: 0.9999999403953552
2024-12-26 16:51:16,738 - Step 23, RSE_E: 0.0480397529900074, Loss_X_Ours: 26.413311004638672, normE: 1.0
2024-12-26 16:51:17,025 - Step 24, RSE_E: 0.045928262174129486, Loss_X_Ours: 26.411334991455078, normE: 0.9999999403953552
2024-12-26 16:51:17,077 - Step 25, RSE_E: 0.04373184219002724, Loss_X_Ours: 26.411752700805664, normE: 1.0
2024-12-26 16:51:17,253 - Step 26, RSE_E: 0.041542503982782364, Loss_X_Ours: 26.410432815551758, normE: 1.0000001192092896
2024-12-26 16:51:17,280 - Step 27, RSE_E: 0.03938302770256996, Loss_X_Ours: 26.41064453125, normE: 1.0
2024-12-26 16:51:17,348 - Step 28, RSE_E: 0.037305884063243866, Loss_X_Ours: 26.41037368774414, normE: 1.0
2024-12-26 16:51:17,366 - Step 29, RSE_E: 0.035335104912519455, Loss_X_Ours: 26.410593032836914, normE: 1.0
2024-12-26 16:51:17,782 - Step 30, RSE_E: 0.033508069813251495, Loss_X_Ours: 26.407169342041016, normE: 0.9999999403953552
2024-12-26 16:51:17,988 - Step 31, RSE_E: 0.03179670497775078, Loss_X_Ours: 26.405941009521484, normE: 0.9999999403953552
2024-12-26 16:51:18,745 - Step 32, RSE_E: 0.030245177447795868, Loss_X_Ours: 26.39932632446289, normE: 1.0
2024-12-26 16:51:18,774 - Step 33, RSE_E: 0.028773056343197823, Loss_X_Ours: 26.399290084838867, normE: 1.0
2024-12-26 16:51:19,277 - Step 34, RSE_E: 0.02748178318142891, Loss_X_Ours: 26.398067474365234, normE: 1.0
2024-12-26 16:51:19,722 - Step 35, RSE_E: 0.026321295648813248, Loss_X_Ours: 26.396730422973633, normE: 1.0
2024-12-26 16:51:19,827 - Step 36, RSE_E: 0.025120502337813377, Loss_X_Ours: 26.394664764404297, normE: 0.9999999403953552
2024-12-26 16:51:20,506 - Step 37, RSE_E: 0.02410759963095188, Loss_X_Ours: 26.393259048461914, normE: 1.0
2024-12-26 16:51:20,533 - Step 38, RSE_E: 0.02306886576116085, Loss_X_Ours: 26.392614364624023, normE: 0.9999998807907104
2024-12-26 16:51:21,060 - Step 39, RSE_E: 0.022135045379400253, Loss_X_Ours: 26.39145851135254, normE: 1.0
2024-12-26 16:51:22,861 - Step 40, RSE_E: 0.022363588213920593, Loss_X_Ours: 26.403532028198242, normE: 0.9999999403953552
2024-12-26 16:51:24,403 - Step 41, RSE_E: 0.021459918469190598, Loss_X_Ours: 26.40652084350586, normE: 1.0
2024-12-26 16:51:24,440 - Step 42, RSE_E: 0.020445503294467926, Loss_X_Ours: 26.405603408813477, normE: 0.9999999403953552
2024-12-26 16:51:26,681 - Step 43, RSE_E: 0.019531533122062683, Loss_X_Ours: 26.3919677734375, normE: 1.0
2024-12-26 16:51:26,856 - Step 44, RSE_E: 0.018683549016714096, Loss_X_Ours: 26.390260696411133, normE: 1.0
2024-12-26 16:51:26,925 - Step 45, RSE_E: 0.017844032496213913, Loss_X_Ours: 26.388235092163086, normE: 1.0
2024-12-26 16:51:28,955 - Step 46, RSE_E: 0.01733425259590149, Loss_X_Ours: 26.385896682739258, normE: 1.0
2024-12-26 16:51:29,002 - Step 47, RSE_E: 0.016547664999961853, Loss_X_Ours: 26.38475227355957, normE: 0.9999999403953552
2024-12-26 16:51:31,555 - Step 48, RSE_E: 0.016005689278244972, Loss_X_Ours: 26.363813400268555, normE: 0.9999999403953552
2024-12-26 16:51:31,726 - Step 49, RSE_E: 0.015286656096577644, Loss_X_Ours: 26.36182403564453, normE: 1.0
2024-12-26 16:51:31,888 - Step 50, RSE_E: 0.014604268595576286, Loss_X_Ours: 26.360580444335938, normE: 1.0
2024-12-26 16:51:32,152 - Step 51, RSE_E: 0.014017947018146515, Loss_X_Ours: 26.363882064819336, normE: 0.9999999403953552
2024-12-26 16:51:32,292 - Step 52, RSE_E: 0.013383799232542515, Loss_X_Ours: 26.361326217651367, normE: 0.9999999403953552
2024-12-26 16:51:32,499 - Step 53, RSE_E: 0.012804785743355751, Loss_X_Ours: 26.359561920166016, normE: 0.9999999403953552
2024-12-26 16:51:33,063 - Step 54, RSE_E: 0.012289178557693958, Loss_X_Ours: 26.35960578918457, normE: 1.0
2024-12-26 16:51:33,149 - Step 55, RSE_E: 0.011751118116080761, Loss_X_Ours: 26.358400344848633, normE: 1.0
2024-12-26 16:51:33,571 - Step 56, RSE_E: 0.011263717897236347, Loss_X_Ours: 26.354888916015625, normE: 0.9999999403953552
2024-12-26 16:51:33,883 - Step 57, RSE_E: 0.010823473334312439, Loss_X_Ours: 26.356958389282227, normE: 1.0
2024-12-26 16:51:33,926 - Step 58, RSE_E: 0.010359592735767365, Loss_X_Ours: 26.35649299621582, normE: 0.9999999403953552
2024-12-26 16:51:33,996 - Step 59, RSE_E: 0.009916299022734165, Loss_X_Ours: 26.35579490661621, normE: 0.9999999403953552
2024-12-26 16:51:34,563 - Step 60, RSE_E: 0.009623033925890923, Loss_X_Ours: 26.361175537109375, normE: 0.9999999403953552
2024-12-26 16:51:34,726 - Step 61, RSE_E: 0.00917555671185255, Loss_X_Ours: 26.358539581298828, normE: 1.0
2024-12-26 16:51:35,116 - Step 62, RSE_E: 0.00880482979118824, Loss_X_Ours: 26.359695434570312, normE: 1.0
2024-12-26 16:51:35,293 - Step 63, RSE_E: 0.008403128944337368, Loss_X_Ours: 26.357114791870117, normE: 0.9999999403953552
2024-12-26 16:51:35,365 - Step 64, RSE_E: 0.008050515316426754, Loss_X_Ours: 26.356739044189453, normE: 1.0
2024-12-26 16:51:35,519 - Step 65, RSE_E: 0.007717765402048826, Loss_X_Ours: 26.355453491210938, normE: 0.9999999403953552
2024-12-26 16:51:37,180 - Step 66, RSE_E: 0.007640903349965811, Loss_X_Ours: 26.357458114624023, normE: 1.0
2024-12-26 16:51:38,949 - Step 67, RSE_E: 0.007458069361746311, Loss_X_Ours: 26.354990005493164, normE: 1.0
2024-12-26 16:51:39,261 - Step 68, RSE_E: 0.007089987862855196, Loss_X_Ours: 26.351533889770508, normE: 1.0
2024-12-26 16:51:39,510 - Step 69, RSE_E: 0.006778784096240997, Loss_X_Ours: 26.35004234313965, normE: 1.0
2024-12-26 16:51:39,568 - Step 70, RSE_E: 0.0064850146882236, Loss_X_Ours: 26.349815368652344, normE: 1.0
2024-12-26 16:51:39,743 - Step 71, RSE_E: 0.0062135313637554646, Loss_X_Ours: 26.349205017089844, normE: 0.9999999403953552
2024-12-26 16:51:41,201 - Step 72, RSE_E: 0.006021574139595032, Loss_X_Ours: 26.349340438842773, normE: 0.9999999403953552
2024-12-26 16:51:41,416 - Step 73, RSE_E: 0.005886260420084, Loss_X_Ours: 26.35344886779785, normE: 1.0
2024-12-26 16:51:41,567 - Step 74, RSE_E: 0.005515927914530039, Loss_X_Ours: 26.34955596923828, normE: 1.0
2024-12-26 16:51:41,820 - Step 75, RSE_E: 0.005291438661515713, Loss_X_Ours: 26.347427368164062, normE: 1.0
2024-12-26 16:51:41,852 - Step 76, RSE_E: 0.00508970906957984, Loss_X_Ours: 26.3475284576416, normE: 1.0
2024-12-26 16:51:42,201 - Step 77, RSE_E: 0.005036066751927137, Loss_X_Ours: 26.352231979370117, normE: 1.0
2024-12-26 16:51:42,652 - Step 78, RSE_E: 0.004777532070875168, Loss_X_Ours: 26.34958839416504, normE: 0.9999999403953552
2024-12-26 16:51:43,426 - Step 79, RSE_E: 0.004846335854381323, Loss_X_Ours: 26.352115631103516, normE: 1.0
2024-12-26 16:51:43,729 - Step 80, RSE_E: 0.004583599511533976, Loss_X_Ours: 26.349027633666992, normE: 1.0
2024-12-26 16:51:44,027 - Step 81, RSE_E: 0.0043891179375350475, Loss_X_Ours: 26.347270965576172, normE: 1.0
2024-12-26 16:51:44,348 - Step 82, RSE_E: 0.004247556906193495, Loss_X_Ours: 26.346033096313477, normE: 1.0
2024-12-26 16:51:44,459 - Step 83, RSE_E: 0.004088657442480326, Loss_X_Ours: 26.345491409301758, normE: 1.0
2024-12-26 16:51:44,500 - Step 84, RSE_E: 0.003936038352549076, Loss_X_Ours: 26.345232009887695, normE: 0.9999999403953552
2024-12-26 16:51:44,542 - Step 85, RSE_E: 0.003805584041401744, Loss_X_Ours: 26.3453426361084, normE: 0.9999999403953552
2024-12-26 16:51:44,764 - Step 86, RSE_E: 0.003691688645631075, Loss_X_Ours: 26.344711303710938, normE: 1.0
2024-12-26 16:51:44,896 - Step 87, RSE_E: 0.0035833746660500765, Loss_X_Ours: 26.344242095947266, normE: 0.9999999403953552
2024-12-26 16:51:44,929 - Step 88, RSE_E: 0.0034694811329245567, Loss_X_Ours: 26.344356536865234, normE: 1.0
2024-12-26 16:51:45,077 - Step 89, RSE_E: 0.0033708626870065928, Loss_X_Ours: 26.343603134155273, normE: 1.0
2024-12-26 16:51:45,154 - Step 90, RSE_E: 0.003282498335465789, Loss_X_Ours: 26.343660354614258, normE: 1.0
2024-12-26 16:51:45,730 - Step 91, RSE_E: 0.003255098359659314, Loss_X_Ours: 26.345096588134766, normE: 1.0
2024-12-26 16:51:45,767 - Step 92, RSE_E: 0.003160535590723157, Loss_X_Ours: 26.34476661682129, normE: 1.0
2024-12-26 16:51:46,068 - Step 93, RSE_E: 0.0031014650594443083, Loss_X_Ours: 26.34476089477539, normE: 1.0
2024-12-26 16:51:46,817 - Step 94, RSE_E: 0.0031039200257509947, Loss_X_Ours: 26.344919204711914, normE: 1.0
2024-12-26 16:51:47,823 - Step 95, RSE_E: 0.003181834239512682, Loss_X_Ours: 26.346555709838867, normE: 1.0
2024-12-26 16:51:47,880 - Step 96, RSE_E: 0.003052737796679139, Loss_X_Ours: 26.346315383911133, normE: 1.0
2024-12-26 16:51:47,950 - Step 97, RSE_E: 0.002944919280707836, Loss_X_Ours: 26.34563636779785, normE: 1.0
2024-12-26 16:51:48,105 - Step 98, RSE_E: 0.0028349512722343206, Loss_X_Ours: 26.344837188720703, normE: 1.0
2024-12-26 16:51:48,199 - Step 99, RSE_E: 0.002758477348834276, Loss_X_Ours: 26.344268798828125, normE: 0.9999999403953552
2024-12-26 16:51:50,360 - Comparison Step 0, Loss_X_TNG: 26.324329376220703, normE: 1.0
2024-12-26 16:51:50,400 - Comparison Step 1, Loss_X_TNG: 26.325040817260742, normE: 1.0
2024-12-26 16:51:50,488 - Comparison Step 2, Loss_X_TNG: 26.324995040893555, normE: 1.0
2024-12-26 16:51:50,985 - Comparison Step 3, Loss_X_TNG: 26.32847785949707, normE: 1.0
2024-12-26 16:51:52,141 - Comparison Step 4, Loss_X_TNG: 26.32411003112793, normE: 0.9999999403953552
2024-12-26 16:51:52,209 - Comparison Step 5, Loss_X_TNG: 26.32379150390625, normE: 0.9999999403953552
2024-12-26 16:51:52,919 - Comparison Step 6, Loss_X_TNG: 26.33051872253418, normE: 0.9999999403953552
2024-12-26 16:51:52,959 - Comparison Step 7, Loss_X_TNG: 26.329872131347656, normE: 1.0
2024-12-26 16:51:53,142 - Comparison Step 8, Loss_X_TNG: 26.327438354492188, normE: 1.0
2024-12-26 16:51:53,624 - Comparison Step 9, Loss_X_TNG: 26.324098587036133, normE: 1.0
2024-12-26 16:51:53,691 - Comparison Step 10, Loss_X_TNG: 26.32391929626465, normE: 0.9999999403953552
2024-12-26 16:51:53,986 - Comparison Step 11, Loss_X_TNG: 26.32267951965332, normE: 1.0
2024-12-26 16:51:55,032 - Comparison Step 12, Loss_X_TNG: 26.323148727416992, normE: 1.0
2024-12-26 16:51:56,630 - Comparison Step 13, Loss_X_TNG: 26.32628631591797, normE: 1.0
2024-12-26 16:51:56,773 - Comparison Step 14, Loss_X_TNG: 26.32449722290039, normE: 1.0
2024-12-26 16:51:57,082 - Comparison Step 15, Loss_X_TNG: 26.32204818725586, normE: 0.9999999403953552
2024-12-26 16:51:57,569 - Comparison Step 16, Loss_X_TNG: 26.319929122924805, normE: 1.0
2024-12-26 16:51:57,762 - Comparison Step 17, Loss_X_TNG: 26.319107055664062, normE: 1.0
2024-12-26 16:51:57,817 - Comparison Step 18, Loss_X_TNG: 26.31895637512207, normE: 1.0
2024-12-26 16:51:58,420 - Comparison Step 19, Loss_X_TNG: 26.32182502746582, normE: 1.0
2024-12-26 16:51:58,527 - Comparison Step 20, Loss_X_TNG: 26.320926666259766, normE: 0.9999999403953552
2024-12-26 16:51:58,959 - Comparison Step 21, Loss_X_TNG: 26.319965362548828, normE: 1.0
2024-12-26 16:52:00,239 - Comparison Step 22, Loss_X_TNG: 26.325891494750977, normE: 1.0
2024-12-26 16:52:00,314 - Comparison Step 23, Loss_X_TNG: 26.32481575012207, normE: 0.9999999403953552
2024-12-26 16:52:00,574 - Comparison Step 24, Loss_X_TNG: 26.322254180908203, normE: 1.0
2024-12-26 16:52:00,623 - Comparison Step 25, Loss_X_TNG: 26.32198143005371, normE: 1.0
2024-12-26 16:52:00,844 - Comparison Step 26, Loss_X_TNG: 26.320493698120117, normE: 1.0
2024-12-26 16:52:00,943 - Comparison Step 27, Loss_X_TNG: 26.319839477539062, normE: 1.0
2024-12-26 16:52:01,811 - Comparison Step 28, Loss_X_TNG: 26.31847381591797, normE: 1.0
2024-12-26 16:52:02,290 - Comparison Step 29, Loss_X_TNG: 26.32282829284668, normE: 1.0
2024-12-26 16:52:02,415 - Comparison Step 30, Loss_X_TNG: 26.3212890625, normE: 1.0
2024-12-26 16:52:02,670 - Comparison Step 31, Loss_X_TNG: 26.319005966186523, normE: 0.9999999403953552
2024-12-26 16:52:02,743 - Comparison Step 32, Loss_X_TNG: 26.31876564025879, normE: 1.0
2024-12-26 16:52:03,036 - Comparison Step 33, Loss_X_TNG: 26.319169998168945, normE: 1.0
2024-12-26 16:52:03,080 - Comparison Step 34, Loss_X_TNG: 26.31886863708496, normE: 1.0
2024-12-26 16:52:03,568 - Comparison Step 35, Loss_X_TNG: 26.325578689575195, normE: 1.0
2024-12-26 16:52:03,679 - Comparison Step 36, Loss_X_TNG: 26.322858810424805, normE: 0.9999999403953552
2024-12-26 16:52:03,742 - Comparison Step 37, Loss_X_TNG: 26.32170867919922, normE: 1.0
2024-12-26 16:52:03,769 - Comparison Step 38, Loss_X_TNG: 26.32145881652832, normE: 0.9999999403953552
2024-12-26 16:52:04,111 - Comparison Step 39, Loss_X_TNG: 26.32198715209961, normE: 1.0000001192092896
2024-12-26 16:52:05,320 - Comparison Step 40, Loss_X_TNG: 26.325542449951172, normE: 1.0
2024-12-26 16:52:05,643 - Comparison Step 41, Loss_X_TNG: 26.3218936920166, normE: 1.0
2024-12-26 16:52:05,686 - Comparison Step 42, Loss_X_TNG: 26.321657180786133, normE: 1.0
2024-12-26 16:52:05,762 - Comparison Step 43, Loss_X_TNG: 26.321250915527344, normE: 1.0
2024-12-26 16:52:06,201 - Comparison Step 44, Loss_X_TNG: 26.318714141845703, normE: 1.0
2024-12-26 16:52:06,258 - Comparison Step 45, Loss_X_TNG: 26.318456649780273, normE: 1.0
2024-12-26 16:52:09,043 - Comparison Step 46, Loss_X_TNG: 26.316617965698242, normE: 1.0
2024-12-26 16:52:09,370 - Comparison Step 47, Loss_X_TNG: 26.318462371826172, normE: 1.0
2024-12-26 16:52:09,908 - Comparison Step 48, Loss_X_TNG: 26.319393157958984, normE: 1.0
2024-12-26 16:52:09,924 - Comparison Step 49, Loss_X_TNG: 26.318933486938477, normE: 1.0
2024-12-26 16:52:10,892 - Comparison Step 50, Loss_X_TNG: 26.32197380065918, normE: 0.9999999403953552
2024-12-26 16:52:13,345 - Comparison Step 51, Loss_X_TNG: 26.318016052246094, normE: 1.0
2024-12-26 16:52:14,284 - Comparison Step 52, Loss_X_TNG: 26.326738357543945, normE: 0.9999999403953552
2024-12-26 16:52:14,589 - Comparison Step 53, Loss_X_TNG: 26.32048225402832, normE: 0.9999999403953552
2024-12-26 16:52:15,047 - Comparison Step 54, Loss_X_TNG: 26.31841468811035, normE: 0.9999999403953552
2024-12-26 16:52:15,618 - Comparison Step 55, Loss_X_TNG: 26.316808700561523, normE: 1.0
2024-12-26 16:52:16,367 - Comparison Step 56, Loss_X_TNG: 26.319433212280273, normE: 1.0
2024-12-26 16:52:16,498 - Comparison Step 57, Loss_X_TNG: 26.31723976135254, normE: 1.0
2024-12-26 16:52:16,809 - Comparison Step 58, Loss_X_TNG: 26.317947387695312, normE: 1.0
2024-12-26 16:52:17,931 - Comparison Step 59, Loss_X_TNG: 26.32159996032715, normE: 0.9999999403953552
2024-12-26 16:52:18,538 - Comparison Step 60, Loss_X_TNG: 26.31781005859375, normE: 0.9999999403953552
2024-12-26 16:52:19,952 - Comparison Step 61, Loss_X_TNG: 26.32537269592285, normE: 1.0
2024-12-26 16:52:21,019 - Comparison Step 62, Loss_X_TNG: 26.325965881347656, normE: 1.0
2024-12-26 16:52:21,310 - Comparison Step 63, Loss_X_TNG: 26.32063865661621, normE: 0.9999999403953552
2024-12-26 16:52:21,783 - Comparison Step 64, Loss_X_TNG: 26.317150115966797, normE: 1.0
2024-12-26 16:52:21,816 - Comparison Step 65, Loss_X_TNG: 26.317026138305664, normE: 0.9999999403953552
2024-12-26 16:52:22,942 - Comparison Step 66, Loss_X_TNG: 26.319543838500977, normE: 1.0
2024-12-26 16:52:23,533 - Comparison Step 67, Loss_X_TNG: 26.31429100036621, normE: 0.9999999403953552
2024-12-26 16:52:23,720 - Comparison Step 68, Loss_X_TNG: 26.313493728637695, normE: 1.0
2024-12-26 16:52:24,068 - Comparison Step 69, Loss_X_TNG: 26.313831329345703, normE: 1.0
2024-12-26 16:52:24,160 - Comparison Step 70, Loss_X_TNG: 26.313467025756836, normE: 0.9999999403953552
2024-12-26 16:52:24,834 - Comparison Step 71, Loss_X_TNG: 26.317493438720703, normE: 1.0
2024-12-26 16:52:25,205 - Comparison Step 72, Loss_X_TNG: 26.3178768157959, normE: 1.0
2024-12-26 16:52:25,248 - Comparison Step 73, Loss_X_TNG: 26.316585540771484, normE: 1.0
2024-12-26 16:52:25,810 - Comparison Step 74, Loss_X_TNG: 26.32074546813965, normE: 1.0
2024-12-26 16:52:25,942 - Comparison Step 75, Loss_X_TNG: 26.31836700439453, normE: 0.9999999403953552
2024-12-26 16:52:26,688 - Comparison Step 76, Loss_X_TNG: 26.316171646118164, normE: 1.0
2024-12-26 16:52:26,869 - Comparison Step 77, Loss_X_TNG: 26.313613891601562, normE: 1.0000001192092896
2024-12-26 16:52:28,816 - Comparison Step 78, Loss_X_TNG: 26.345029830932617, normE: 1.0
2024-12-26 16:52:28,868 - Comparison Step 79, Loss_X_TNG: 26.3439998626709, normE: 1.0
2024-12-26 16:52:29,143 - Comparison Step 80, Loss_X_TNG: 26.339305877685547, normE: 0.9999998807907104
2024-12-26 16:52:29,222 - Comparison Step 81, Loss_X_TNG: 26.338485717773438, normE: 0.9999999403953552
2024-12-26 16:52:29,651 - Comparison Step 82, Loss_X_TNG: 26.3372859954834, normE: 1.0
2024-12-26 16:52:29,770 - Comparison Step 83, Loss_X_TNG: 26.33513069152832, normE: 1.0
2024-12-26 16:52:31,192 - Comparison Step 84, Loss_X_TNG: 26.329381942749023, normE: 1.0
2024-12-26 16:52:31,208 - Comparison Step 85, Loss_X_TNG: 26.329265594482422, normE: 1.0
2024-12-26 16:52:31,667 - Comparison Step 86, Loss_X_TNG: 26.332294464111328, normE: 1.0
2024-12-26 16:52:32,983 - Comparison Step 87, Loss_X_TNG: 26.33201789855957, normE: 1.0
2024-12-26 16:52:35,402 - Comparison Step 88, Loss_X_TNG: 26.330394744873047, normE: 0.9999999403953552
2024-12-26 16:52:35,519 - Comparison Step 89, Loss_X_TNG: 26.328495025634766, normE: 1.0
2024-12-26 16:52:35,615 - Comparison Step 90, Loss_X_TNG: 26.32726287841797, normE: 1.0
2024-12-26 16:52:36,287 - Comparison Step 91, Loss_X_TNG: 26.33363914489746, normE: 0.9999999403953552
2024-12-26 16:52:36,349 - Comparison Step 92, Loss_X_TNG: 26.331912994384766, normE: 1.0
2024-12-26 16:52:37,278 - Comparison Step 93, Loss_X_TNG: 26.323518753051758, normE: 1.0
2024-12-26 16:52:40,101 - Comparison Step 94, Loss_X_TNG: 26.386470794677734, normE: 1.0
2024-12-26 16:52:42,934 - Comparison Step 95, Loss_X_TNG: 26.323516845703125, normE: 1.0
2024-12-26 16:52:43,485 - Comparison Step 96, Loss_X_TNG: 26.322114944458008, normE: 1.0
2024-12-26 16:52:44,754 - Comparison Step 97, Loss_X_TNG: 26.32830047607422, normE: 1.0
2024-12-26 16:52:44,851 - Comparison Step 98, Loss_X_TNG: 26.325977325439453, normE: 1.0
2024-12-26 16:52:45,057 - Comparison Step 99, Loss_X_TNG: 26.322587966918945, normE: 1.0
2024-12-26 16:52:45,057 - Norm2 (Comparison Algorithm): 26.322587966918945
2024-12-26 16:52:47,828 - Norm2 (Original TR Algorithm): 26.54380989074707
2024-12-26 16:52:47,828 - Norm2 (Our Algorithm): 26.344268798828125
2024-12-26 16:52:47,924 - Clipping input data to the valid range for imshow with RGB data ([0..1] for floats or [0..255] for integers). Got range [-0.11660535..1.1329347].
2024-12-26 16:52:47,928 - Clipping input data to the valid range for imshow with RGB data ([0..1] for floats or [0..255] for integers). Got range [-0.01152903..0.012520743].
2024-12-26 16:52:47,930 - Clipping input data to the valid range for imshow with RGB data ([0..1] for floats or [0..255] for integers). Got range [-0.007854541..1.0065749].
2024-12-26 16:52:47,932 - Clipping input data to the valid range for imshow with RGB data ([0..1] for floats or [0..255] for integers). Got range [-0.11144154..1.1524475].
2024-12-26 16:52:47,935 - Clipping input data to the valid range for imshow with RGB data ([0..1] for floats or [0..255] for integers). Got range [-0.004675289..0.004787211].
2024-12-26 16:52:47,937 - Clipping input data to the valid range for imshow with RGB data ([0..1] for floats or [0..255] for integers). Got range [-0.0038431566..1.0031466].
2024-12-26 16:52:47,939 - Clipping input data to the valid range for imshow with RGB data ([0..1] for floats or [0..255] for integers). Got range [-0.11929803..1.1662469].
