2024-12-16 02:37:44,842 - Norm2 (epsilon): 100.0
2024-12-16 02:37:46,934 - Step 0 norm(X - TN_G_Ours): 41.30411489460297
2024-12-16 02:37:47,080 - Step 1 norm(X - TN_G_Ours): 40.851116517215594
2024-12-16 02:37:47,224 - Step 2 norm(X - TN_G_Ours): 40.68992258292816
2024-12-16 02:37:47,351 - Step 3 norm(X - TN_G_Ours): 40.60093337616298
2024-12-16 02:37:47,495 - Step 4 norm(X - TN_G_Ours): 40.53676264795405
2024-12-16 02:37:47,645 - Step 5 norm(X - TN_G_Ours): 40.47561627319975
2024-12-16 02:37:47,786 - Step 6 norm(X - TN_G_Ours): 40.41814826268486
2024-12-16 02:37:47,939 - Step 7 norm(X - TN_G_Ours): 40.37092272127536
2024-12-16 02:37:48,070 - Step 8 norm(X - TN_G_Ours): 40.3342510360689
2024-12-16 02:37:48,195 - Step 9 norm(X - TN_G_Ours): 40.307819798570875
2024-12-16 02:37:48,457 - Step 0 norm(X - TN_G_ATR): 100.14297396410295
2024-12-16 02:37:48,615 - Step 1 norm(X - TN_G_ATR): 103.61637667678309
2024-12-16 02:37:48,804 - Step 2 norm(X - TN_G_ATR): 104.08659161816905
2024-12-16 02:37:48,981 - Step 3 norm(X - TN_G_ATR): 104.50919984174838
2024-12-16 02:37:49,160 - Step 4 norm(X - TN_G_ATR): 104.89380790828407
2024-12-16 02:37:49,350 - Step 5 norm(X - TN_G_ATR): 105.25737151293728
2024-12-16 02:37:49,517 - Step 6 norm(X - TN_G_ATR): 105.6043341469705
2024-12-16 02:37:49,720 - Step 7 norm(X - TN_G_ATR): 105.93111614246071
2024-12-16 02:37:49,885 - Step 8 norm(X - TN_G_ATR): 106.24174600292486
2024-12-16 02:37:50,071 - Step 9 norm(X - TN_G_ATR): 106.53974280462198
2024-12-16 02:37:50,075 - Norm2 (Our Algorithm): 40.30781936645508
2024-12-16 02:37:50,076 - Norm2 (Comparison Algorithm): 36.74810028076172
2024-12-16 02:37:50,258 - Norm2 (Original TR Algorithm): 28.433578491210938
2024-12-16 02:37:50,358 - Clipping input data to the valid range for imshow with RGB data ([0..1] for floats or [0..255] for integers). Got range [-0.117170595..1.2102176].
2024-12-16 02:37:50,361 - Clipping input data to the valid range for imshow with RGB data ([0..1] for floats or [0..255] for integers). Got range [-0.97847974..1.0338651].
2024-12-16 02:37:50,363 - Clipping input data to the valid range for imshow with RGB data ([0..1] for floats or [0..255] for integers). Got range [-0.82882243..1.8541294].
2024-12-16 02:37:50,365 - Clipping input data to the valid range for imshow with RGB data ([0..1] for floats or [0..255] for integers). Got range [-0.25829586..1.3129978].
2024-12-16 02:37:50,368 - Clipping input data to the valid range for imshow with RGB data ([0..1] for floats or [0..255] for integers). Got range [-0.7976003..0.91538006].
2024-12-16 02:37:50,370 - Clipping input data to the valid range for imshow with RGB data ([0..1] for floats or [0..255] for integers). Got range [-0.5864195..1.7467526].
2024-12-16 02:37:50,371 - Clipping input data to the valid range for imshow with RGB data ([0..1] for floats or [0..255] for integers). Got range [-0.26917714..1.2724905].
