2024-12-16 02:17:41,447 - Norm2 (epsilon): 100.0
2024-12-16 02:17:45,237 - Step 0 norm(X - TN_G_Ours): 40.365833481984644
2024-12-16 02:17:47,222 - Step 1 norm(X - TN_G_Ours): 40.35861582232163
2024-12-16 02:17:49,254 - Step 2 norm(X - TN_G_Ours): 40.39387831433666
2024-12-16 02:17:51,094 - Step 3 norm(X - TN_G_Ours): 40.40720766943226
2024-12-16 02:17:52,680 - Step 4 norm(X - TN_G_Ours): 40.411735899828656
2024-12-16 02:17:54,254 - Step 5 norm(X - TN_G_Ours): 40.407795250325
2024-12-16 02:17:56,215 - Step 6 norm(X - TN_G_Ours): 40.39928431113059
2024-12-16 02:17:58,197 - Step 7 norm(X - TN_G_Ours): 40.38900353370101
2024-12-16 02:18:00,148 - Step 8 norm(X - TN_G_Ours): 40.37998983533258
2024-12-16 02:18:02,048 - Step 9 norm(X - TN_G_Ours): 40.3727459824578
2024-12-16 02:18:04,104 - Step 0 norm(X - TN_G_ATR): 39.781463623046875
2024-12-16 02:18:06,154 - Step 1 norm(X - TN_G_ATR): 40.034332275390625
2024-12-16 02:18:08,042 - Step 2 norm(X - TN_G_ATR): 39.62323760986328
2024-12-16 02:18:09,550 - Step 3 norm(X - TN_G_ATR): 39.0119743347168
2024-12-16 02:18:11,156 - Step 4 norm(X - TN_G_ATR): 38.47178649902344
2024-12-16 02:18:13,086 - Step 5 norm(X - TN_G_ATR): 37.94401931762695
2024-12-16 02:18:15,019 - Step 6 norm(X - TN_G_ATR): 37.58977127075195
2024-12-16 02:18:16,963 - Step 7 norm(X - TN_G_ATR): 37.684593200683594
2024-12-16 02:18:18,904 - Step 8 norm(X - TN_G_ATR): 37.19011306762695
2024-12-16 02:18:20,922 - Step 9 norm(X - TN_G_ATR): 37.06746292114258
2024-12-16 02:18:20,928 - Norm2 (Our Algorithm): 40.372745513916016
2024-12-16 02:18:20,928 - Norm2 (Comparison Algorithm): 37.06746292114258
2024-12-16 02:18:22,198 - Norm2 (Original TR Algorithm): 27.496124267578125
2024-12-16 02:18:22,306 - Clipping input data to the valid range for imshow with RGB data ([0..1] for floats or [0..255] for integers). Got range [-0.10436967..1.1576518].
2024-12-16 02:18:22,310 - Clipping input data to the valid range for imshow with RGB data ([0..1] for floats or [0..255] for integers). Got range [-1.0812639..1.0280198].
2024-12-16 02:18:22,312 - Clipping input data to the valid range for imshow with RGB data ([0..1] for floats or [0..255] for integers). Got range [-0.86557764..1.8242619].
2024-12-16 02:18:22,313 - Clipping input data to the valid range for imshow with RGB data ([0..1] for floats or [0..255] for integers). Got range [-0.31647676..1.3043675].
2024-12-16 02:18:22,317 - Clipping input data to the valid range for imshow with RGB data ([0..1] for floats or [0..255] for integers). Got range [-0.79754937..0.77047044].
2024-12-16 02:18:22,319 - Clipping input data to the valid range for imshow with RGB data ([0..1] for floats or [0..255] for integers). Got range [-0.61373127..1.5867795].
2024-12-16 02:18:22,321 - Clipping input data to the valid range for imshow with RGB data ([0..1] for floats or [0..255] for integers). Got range [-0.2442264..1.2381505].
