2024-12-24 18:29:24,707 - Norm2 (epsilon): 10
2024-12-24 18:29:24,707 - Optimization parameters:
2024-12-24 18:29:24,707 - epsilon (Frobenius norm constraint): 10
2024-12-24 18:29:24,707 - inner_tol (Tolerance for inner optimization): 1e-10
2024-12-24 18:29:24,707 - lr (Learning rate): 0.01
2024-12-24 18:29:24,707 - outer_num_steps (Number of outer optimization steps): 3
2024-12-24 18:29:24,707 - inner_num_steps (Number of inner optimization steps): 50
2024-12-24 18:29:24,707 - outer_dis_num (Display loss every outer_dis_num steps): 1
2024-12-24 18:29:24,708 - inner_dis_num (Display loss every inner_dis_num steps): 2000
2024-12-24 18:29:25,357 - Step 0, RSE_E: 13.972503662109375, Loss_X_Ours: 27.88213348388672, normE: 10.0
2024-12-24 18:29:25,542 - Step 1, RSE_E: 0.8317533135414124, Loss_X_Ours: 27.623720169067383, normE: 10.0
2024-12-24 18:29:25,724 - Step 2, RSE_E: 0.5022298097610474, Loss_X_Ours: 27.518064498901367, normE: 10.0
2024-12-24 18:29:27,676 - Comparison Step 0, Loss_X_TNG: 27.532466888427734, normE: 10.0
2024-12-24 18:29:27,821 - Comparison Step 1, Loss_X_TNG: 27.511138916015625, normE: 10.0
2024-12-24 18:29:27,967 - Comparison Step 2, Loss_X_TNG: 27.254066467285156, normE: 10.0
2024-12-24 18:29:27,967 - Norm2 (Comparison Algorithm): 27.254066467285156
2024-12-24 18:29:28,114 - Norm2 (Original TR Algorithm): 27.77674102783203
2024-12-24 18:29:28,114 - Norm2 (Our Algorithm): 27.518064498901367
2024-12-24 18:29:28,203 - Clipping input data to the valid range for imshow with RGB data ([0..1] for floats or [0..255] for integers). Got range [-0.0973715..1.1662441].
2024-12-24 18:29:28,206 - Clipping input data to the valid range for imshow with RGB data ([0..1] for floats or [0..255] for integers). Got range [-0.22183463..0.18387485].
2024-12-24 18:29:28,208 - Clipping input data to the valid range for imshow with RGB data ([0..1] for floats or [0..255] for integers). Got range [-0.037538797..1.0558852].
2024-12-24 18:29:28,210 - Clipping input data to the valid range for imshow with RGB data ([0..1] for floats or [0..255] for integers). Got range [-0.10321387..1.1537193].
2024-12-24 18:29:28,214 - Clipping input data to the valid range for imshow with RGB data ([0..1] for floats or [0..255] for integers). Got range [-0.0630883..0.06544408].
2024-12-24 18:29:28,215 - Clipping input data to the valid range for imshow with RGB data ([0..1] for floats or [0..255] for integers). Got range [-0.04627247..1.042188].
2024-12-24 18:29:28,217 - Clipping input data to the valid range for imshow with RGB data ([0..1] for floats or [0..255] for integers). Got range [-0.15207866..1.1754913].
