2024-12-17 20:25:47,676 - Optimization parameters:
2024-12-17 20:25:47,677 - epsilon (Frobenius norm constraint): 10000.0
2024-12-17 20:25:47,677 - inner_tol (Tolerance for inner optimization): 1e-10
2024-12-17 20:25:47,677 - lr (Learning rate): 0.01
2024-12-17 20:25:47,677 - outer_num_steps (Number of outer optimization steps): 100
2024-12-17 20:25:47,677 - inner_num_steps (Number of inner optimization steps): 100
2024-12-17 20:25:47,677 - outer_dis_num (Display loss every outer_dis_num steps): 10
2024-12-17 20:25:47,677 - inner_dis_num (Display loss every inner_dis_num steps): 2000
2024-12-17 20:25:50,060 - Step 0 norm(X - TN_G_Ours): 6284.015276875129, norm2(E): 99999980.46875095
2024-12-17 20:25:50,381 - Step 1 norm(X - TN_G_Ours): 6286.271709049808, norm2(E): 100000000.0
2024-12-17 20:25:50,717 - Step 2 norm(X - TN_G_Ours): 6288.530193932443, norm2(E): 100000000.0
2024-12-17 20:25:51,009 - Step 3 norm(X - TN_G_Ours): 6290.788185911206, norm2(E): 100000000.0
2024-12-17 20:25:51,351 - Step 4 norm(X - TN_G_Ours): 6293.047274572153, norm2(E): 100000000.0
2024-12-17 20:25:51,650 - Step 5 norm(X - TN_G_Ours): 6295.306823340702, norm2(E): 100000000.0
2024-12-17 20:25:52,043 - Step 6 norm(X - TN_G_Ours): 6297.567149304563, norm2(E): 100000000.0
2024-12-17 20:25:52,321 - Step 7 norm(X - TN_G_Ours): 6299.827934158202, norm2(E): 100000019.53125095
2024-12-17 20:25:52,710 - Step 8 norm(X - TN_G_Ours): 6302.0894947628285, norm2(E): 100000019.53125095
2024-12-17 20:25:53,097 - Step 9 norm(X - TN_G_Ours): 6304.351195801199, norm2(E): 100000019.53125095
2024-12-17 20:25:53,486 - Step 10 norm(X - TN_G_Ours): 6306.613037122223, norm2(E): 100000000.0
2024-12-17 20:25:53,879 - Step 11 norm(X - TN_G_Ours): 6308.875652602451, norm2(E): 100000000.0
2024-12-17 20:25:54,268 - Step 12 norm(X - TN_G_Ours): 6311.139041409245, norm2(E): 100000000.0
2024-12-17 20:25:54,618 - Step 13 norm(X - TN_G_Ours): 6313.402252351738, norm2(E): 100000000.0
2024-12-17 20:25:55,010 - Step 14 norm(X - TN_G_Ours): 6315.666235639753, norm2(E): 100000019.53125095
2024-12-17 20:25:55,397 - Step 15 norm(X - TN_G_Ours): 6317.931940120912, norm2(E): 100000000.0
2024-12-17 20:25:55,795 - Step 16 norm(X - TN_G_Ours): 6320.19651593208, norm2(E): 100000000.0
2024-12-17 20:25:56,183 - Step 17 norm(X - TN_G_Ours): 6322.461545948698, norm2(E): 100000000.0
2024-12-17 20:25:56,575 - Step 18 norm(X - TN_G_Ours): 6324.727345901956, norm2(E): 100000000.0
2024-12-17 20:25:56,972 - Step 19 norm(X - TN_G_Ours): 6326.993914964673, norm2(E): 100000000.0
2024-12-17 20:25:57,272 - Step 20 norm(X - TN_G_Ours): 6329.261252310573, norm2(E): 100000019.53125095
2024-12-17 20:25:57,673 - Step 21 norm(X - TN_G_Ours): 6331.528409475867, norm2(E): 100000000.0
2024-12-17 20:25:58,038 - Step 22 norm(X - TN_G_Ours): 6333.796018186882, norm2(E): 100000000.0
2024-12-17 20:25:58,425 - Step 23 norm(X - TN_G_Ours): 6336.06344665203, norm2(E): 100000000.0
2024-12-17 20:25:58,825 - Step 24 norm(X - TN_G_Ours): 6338.331641686163, norm2(E): 99999980.46875095
2024-12-17 20:25:59,223 - Step 25 norm(X - TN_G_Ours): 6340.601233321648, norm2(E): 100000000.0
2024-12-17 20:25:59,629 - Step 26 norm(X - TN_G_Ours): 6342.870012856956, norm2(E): 100000019.53125095
2024-12-17 20:26:00,040 - Step 27 norm(X - TN_G_Ours): 6345.139557172876, norm2(E): 100000000.0
2024-12-17 20:26:00,278 - Step 28 norm(X - TN_G_Ours): 6347.409550359895, norm2(E): 99999980.46875095
2024-12-17 20:26:00,604 - Step 29 norm(X - TN_G_Ours): 6349.679361983564, norm2(E): 100000000.0
2024-12-17 20:26:00,974 - Step 30 norm(X - TN_G_Ours): 6351.949936830421, norm2(E): 100000000.0
2024-12-17 20:26:01,331 - Step 31 norm(X - TN_G_Ours): 6354.221274082293, norm2(E): 100000000.0
2024-12-17 20:26:01,669 - Step 32 norm(X - TN_G_Ours): 6356.492429005167, norm2(E): 100000019.53125095
2024-12-17 20:26:02,015 - Step 33 norm(X - TN_G_Ours): 6358.764345374028, norm2(E): 100000000.0
2024-12-17 20:26:02,370 - Step 34 norm(X - TN_G_Ours): 6361.035764716309, norm2(E): 100000000.0
2024-12-17 20:26:02,722 - Step 35 norm(X - TN_G_Ours): 6363.308259074049, norm2(E): 100000000.0
2024-12-17 20:26:03,076 - Step 36 norm(X - TN_G_Ours): 6365.5802563474135, norm2(E): 100000000.0
2024-12-17 20:26:03,446 - Step 37 norm(X - TN_G_Ours): 6367.854269689281, norm2(E): 100000000.0
2024-12-17 20:26:03,835 - Step 38 norm(X - TN_G_Ours): 6370.12715728658, norm2(E): 100000000.0
2024-12-17 20:26:04,225 - Step 39 norm(X - TN_G_Ours): 6372.400175757954, norm2(E): 100000000.0
2024-12-17 20:26:04,634 - Step 40 norm(X - TN_G_Ours): 6374.674579929551, norm2(E): 100000000.0
2024-12-17 20:26:05,020 - Step 41 norm(X - TN_G_Ours): 6376.948800170815, norm2(E): 100000000.0
2024-12-17 20:26:05,412 - Step 42 norm(X - TN_G_Ours): 6379.222836678462, norm2(E): 100000000.0
2024-12-17 20:26:05,811 - Step 43 norm(X - TN_G_Ours): 6381.497943273193, norm2(E): 99999980.46875095
2024-12-17 20:26:06,215 - Step 44 norm(X - TN_G_Ours): 6383.772552339251, norm2(E): 100000000.0
2024-12-17 20:26:06,620 - Step 45 norm(X - TN_G_Ours): 6386.047917139364, norm2(E): 100000000.0
2024-12-17 20:26:06,955 - Step 46 norm(X - TN_G_Ours): 6388.323723794842, norm2(E): 100000000.0
2024-12-17 20:26:07,352 - Step 47 norm(X - TN_G_Ours): 6390.599345914278, norm2(E): 100000000.0
2024-12-17 20:26:07,739 - Step 48 norm(X - TN_G_Ours): 6392.875722239562, norm2(E): 100000000.0
2024-12-17 20:26:08,142 - Step 49 norm(X - TN_G_Ours): 6395.151601017758, norm2(E): 100000000.0
2024-12-17 20:26:08,545 - Step 50 norm(X - TN_G_Ours): 6397.428233282496, norm2(E): 100000000.0
2024-12-17 20:26:08,930 - Step 51 norm(X - TN_G_Ours): 6399.7046806864455, norm2(E): 100000000.0
2024-12-17 20:26:09,324 - Step 52 norm(X - TN_G_Ours): 6401.982193039903, norm2(E): 100000000.0
2024-12-17 20:26:09,714 - Step 53 norm(X - TN_G_Ours): 6404.258583161676, norm2(E): 100000000.0
2024-12-17 20:26:10,125 - Step 54 norm(X - TN_G_Ours): 6406.536349697862, norm2(E): 100000000.0
2024-12-17 20:26:10,487 - Step 55 norm(X - TN_G_Ours): 6408.814242900164, norm2(E): 100000019.53125095
2024-12-17 20:26:10,869 - Step 56 norm(X - TN_G_Ours): 6411.092262633568, norm2(E): 100000000.0
2024-12-17 20:26:11,254 - Step 57 norm(X - TN_G_Ours): 6413.370096914726, norm2(E): 100000000.0
2024-12-17 20:26:11,647 - Step 58 norm(X - TN_G_Ours): 6415.6483694167655, norm2(E): 100000000.0
2024-12-17 20:26:12,061 - Step 59 norm(X - TN_G_Ours): 6417.9267680458925, norm2(E): 99999980.46875095
2024-12-17 20:26:12,446 - Step 60 norm(X - TN_G_Ours): 6420.204669634762, norm2(E): 100000000.0
2024-12-17 20:26:12,852 - Step 61 norm(X - TN_G_Ours): 6422.483943148476, norm2(E): 100000000.0
2024-12-17 20:26:13,248 - Step 62 norm(X - TN_G_Ours): 6424.7630306494575, norm2(E): 100000000.0
2024-12-17 20:26:13,665 - Step 63 norm(X - TN_G_Ours): 6427.04193233559, norm2(E): 100000000.0
2024-12-17 20:26:13,952 - Step 64 norm(X - TN_G_Ours): 6429.321270554147, norm2(E): 100000000.0
2024-12-17 20:26:14,305 - Step 65 norm(X - TN_G_Ours): 6431.600422911859, norm2(E): 100000000.0
2024-12-17 20:26:14,658 - Step 66 norm(X - TN_G_Ours): 6433.879078751791, norm2(E): 100000000.0
2024-12-17 20:26:15,007 - Step 67 norm(X - TN_G_Ours): 6436.159103067605, norm2(E): 99999980.46875095
2024-12-17 20:26:15,338 - Step 68 norm(X - TN_G_Ours): 6438.438009331146, norm2(E): 99999980.46875095
2024-12-17 20:26:15,687 - Step 69 norm(X - TN_G_Ours): 6440.717661875888, norm2(E): 100000019.53125095
2024-12-17 20:26:16,033 - Step 70 norm(X - TN_G_Ours): 6442.998680738651, norm2(E): 100000000.0
2024-12-17 20:26:16,372 - Step 71 norm(X - TN_G_Ours): 6445.27765111791, norm2(E): 100000000.0
2024-12-17 20:26:16,693 - Step 72 norm(X - TN_G_Ours): 6447.556746551363, norm2(E): 100000000.0
2024-12-17 20:26:17,072 - Step 73 norm(X - TN_G_Ours): 6449.837517333285, norm2(E): 100000000.0
2024-12-17 20:26:17,464 - Step 74 norm(X - TN_G_Ours): 6452.116551954095, norm2(E): 100000000.0
2024-12-17 20:26:17,871 - Step 75 norm(X - TN_G_Ours): 6454.396641050192, norm2(E): 100000000.0
2024-12-17 20:26:18,272 - Step 76 norm(X - TN_G_Ours): 6456.676544477043, norm2(E): 100000000.0
2024-12-17 20:26:18,664 - Step 77 norm(X - TN_G_Ours): 6458.955952783701, norm2(E): 100000000.0
2024-12-17 20:26:19,050 - Step 78 norm(X - TN_G_Ours): 6461.235795109168, norm2(E): 100000000.0
2024-12-17 20:26:19,459 - Step 79 norm(X - TN_G_Ours): 6463.5160709941765, norm2(E): 100000000.0
2024-12-17 20:26:19,855 - Step 80 norm(X - TN_G_Ours): 6465.7949240599955, norm2(E): 100000000.0
2024-12-17 20:26:20,247 - Step 81 norm(X - TN_G_Ours): 6468.07452028809, norm2(E): 100000000.0
2024-12-17 20:26:20,645 - Step 82 norm(X - TN_G_Ours): 6470.353622484632, norm2(E): 100000000.0
2024-12-17 20:26:21,051 - Step 83 norm(X - TN_G_Ours): 6472.632849158061, norm2(E): 99999980.46875095
2024-12-17 20:26:21,447 - Step 84 norm(X - TN_G_Ours): 6474.911582407902, norm2(E): 100000000.0
2024-12-17 20:26:21,844 - Step 85 norm(X - TN_G_Ours): 6477.190440306661, norm2(E): 100000000.0
2024-12-17 20:26:22,152 - Step 86 norm(X - TN_G_Ours): 6479.469114055564, norm2(E): 100000019.53125095
2024-12-17 20:26:22,553 - Step 87 norm(X - TN_G_Ours): 6481.747912407578, norm2(E): 100000000.0
2024-12-17 20:26:22,890 - Step 88 norm(X - TN_G_Ours): 6484.025601430025, norm2(E): 100000000.0
2024-12-17 20:26:23,294 - Step 89 norm(X - TN_G_Ours): 6486.304032343844, norm2(E): 100000019.53125095
2024-12-17 20:26:23,692 - Step 90 norm(X - TN_G_Ours): 6488.581971432587, norm2(E): 100000000.0
2024-12-17 20:26:24,090 - Step 91 norm(X - TN_G_Ours): 6490.858494837182, norm2(E): 100000000.0
2024-12-17 20:26:24,491 - Step 92 norm(X - TN_G_Ours): 6493.13576017012, norm2(E): 100000000.0
2024-12-17 20:26:24,861 - Step 93 norm(X - TN_G_Ours): 6495.412842922304, norm2(E): 100000019.53125095
2024-12-17 20:26:25,265 - Step 94 norm(X - TN_G_Ours): 6497.689127682241, norm2(E): 100000000.0
2024-12-17 20:26:25,670 - Step 95 norm(X - TN_G_Ours): 6499.965230676238, norm2(E): 100000000.0
2024-12-17 20:26:26,079 - Step 96 norm(X - TN_G_Ours): 6502.240536922638, norm2(E): 100000000.0
2024-12-17 20:26:26,485 - Step 97 norm(X - TN_G_Ours): 6504.515354736277, norm2(E): 100000019.53125095
2024-12-17 20:26:26,888 - Step 98 norm(X - TN_G_Ours): 6506.790606743081, norm2(E): 100000000.0
2024-12-17 20:26:27,286 - Step 99 norm(X - TN_G_Ours): 6509.064756168892, norm2(E): 100000000.0
2024-12-17 20:26:27,559 - Step 0 norm(X - TN_G_ATR): 6200.1005859375, norm2(E): 100000019.53125095
2024-12-17 20:26:27,823 - Step 1 norm(X - TN_G_ATR): 6199.48828125, norm2(E): 99999980.46875095
2024-12-17 20:26:27,979 - Step 2 norm(X - TN_G_ATR): 6198.87548828125, norm2(E): 100000000.0
2024-12-17 20:26:28,227 - Step 3 norm(X - TN_G_ATR): 6198.26318359375, norm2(E): 100000000.0
2024-12-17 20:26:28,480 - Step 4 norm(X - TN_G_ATR): 6197.650390625, norm2(E): 100000000.0
2024-12-17 20:26:28,688 - Step 5 norm(X - TN_G_ATR): 6197.0380859375, norm2(E): 100000000.0
2024-12-17 20:26:28,931 - Step 6 norm(X - TN_G_ATR): 6196.42626953125, norm2(E): 100000000.0
2024-12-17 20:26:29,177 - Step 7 norm(X - TN_G_ATR): 6195.8134765625, norm2(E): 99999980.46875095
2024-12-17 20:26:29,395 - Step 8 norm(X - TN_G_ATR): 6195.201171875, norm2(E): 100000000.0
2024-12-17 20:26:29,649 - Step 9 norm(X - TN_G_ATR): 6194.58984375, norm2(E): 100000019.53125095
2024-12-17 20:26:29,904 - Step 10 norm(X - TN_G_ATR): 6193.978515625, norm2(E): 100000000.0
2024-12-17 20:26:30,100 - Step 11 norm(X - TN_G_ATR): 6193.3662109375, norm2(E): 100000000.0
2024-12-17 20:26:30,388 - Step 12 norm(X - TN_G_ATR): 6192.75439453125, norm2(E): 100000000.0
2024-12-17 20:26:30,693 - Step 13 norm(X - TN_G_ATR): 6192.142578125, norm2(E): 100000000.0
2024-12-17 20:26:31,001 - Step 14 norm(X - TN_G_ATR): 6191.53125, norm2(E): 100000000.0
2024-12-17 20:26:31,303 - Step 15 norm(X - TN_G_ATR): 6190.92041015625, norm2(E): 100000000.0
2024-12-17 20:26:31,604 - Step 16 norm(X - TN_G_ATR): 6190.30908203125, norm2(E): 99999980.46875095
2024-12-17 20:26:31,909 - Step 17 norm(X - TN_G_ATR): 6189.69775390625, norm2(E): 100000000.0
2024-12-17 20:26:32,210 - Step 18 norm(X - TN_G_ATR): 6189.08740234375, norm2(E): 100000000.0
2024-12-17 20:26:32,508 - Step 19 norm(X - TN_G_ATR): 6188.4765625, norm2(E): 100000000.0
2024-12-17 20:26:32,810 - Step 20 norm(X - TN_G_ATR): 6187.86572265625, norm2(E): 100000019.53125095
2024-12-17 20:26:33,110 - Step 21 norm(X - TN_G_ATR): 6187.25537109375, norm2(E): 100000000.0
2024-12-17 20:26:33,404 - Step 22 norm(X - TN_G_ATR): 6186.64453125, norm2(E): 100000000.0
2024-12-17 20:26:33,692 - Step 23 norm(X - TN_G_ATR): 6186.0341796875, norm2(E): 100000000.0
2024-12-17 20:26:33,987 - Step 24 norm(X - TN_G_ATR): 6185.4248046875, norm2(E): 100000000.0
2024-12-17 20:26:34,275 - Step 25 norm(X - TN_G_ATR): 6184.814453125, norm2(E): 100000000.0
2024-12-17 20:26:34,575 - Step 26 norm(X - TN_G_ATR): 6184.205078125, norm2(E): 100000000.0
2024-12-17 20:26:34,874 - Step 27 norm(X - TN_G_ATR): 6183.59521484375, norm2(E): 100000000.0
2024-12-17 20:26:35,175 - Step 28 norm(X - TN_G_ATR): 6182.9853515625, norm2(E): 100000000.0
2024-12-17 20:26:35,469 - Step 29 norm(X - TN_G_ATR): 6182.3759765625, norm2(E): 100000000.0
2024-12-17 20:26:35,763 - Step 30 norm(X - TN_G_ATR): 6181.7666015625, norm2(E): 100000000.0
2024-12-17 20:26:36,056 - Step 31 norm(X - TN_G_ATR): 6181.15771484375, norm2(E): 100000000.0
2024-12-17 20:26:36,350 - Step 32 norm(X - TN_G_ATR): 6180.548828125, norm2(E): 100000000.0
2024-12-17 20:26:36,644 - Step 33 norm(X - TN_G_ATR): 6179.93994140625, norm2(E): 100000000.0
2024-12-17 20:26:36,944 - Step 34 norm(X - TN_G_ATR): 6179.33154296875, norm2(E): 100000000.0
2024-12-17 20:26:37,235 - Step 35 norm(X - TN_G_ATR): 6178.72265625, norm2(E): 100000000.0
2024-12-17 20:26:37,534 - Step 36 norm(X - TN_G_ATR): 6178.11474609375, norm2(E): 99999980.46875095
2024-12-17 20:26:37,825 - Step 37 norm(X - TN_G_ATR): 6177.50634765625, norm2(E): 100000000.0
2024-12-17 20:26:38,128 - Step 38 norm(X - TN_G_ATR): 6176.89892578125, norm2(E): 100000000.0
2024-12-17 20:26:38,416 - Step 39 norm(X - TN_G_ATR): 6176.291015625, norm2(E): 100000019.53125095
2024-12-17 20:26:38,713 - Step 40 norm(X - TN_G_ATR): 6175.68310546875, norm2(E): 100000000.0
2024-12-17 20:26:39,011 - Step 41 norm(X - TN_G_ATR): 6175.07568359375, norm2(E): 100000000.0
2024-12-17 20:26:39,298 - Step 42 norm(X - TN_G_ATR): 6174.46875, norm2(E): 100000000.0
2024-12-17 20:26:39,613 - Step 43 norm(X - TN_G_ATR): 6173.861328125, norm2(E): 100000000.0
2024-12-17 20:26:39,795 - Step 44 norm(X - TN_G_ATR): 6173.25439453125, norm2(E): 100000000.0
2024-12-17 20:26:40,064 - Step 45 norm(X - TN_G_ATR): 6172.64794921875, norm2(E): 100000000.0
2024-12-17 20:26:40,312 - Step 46 norm(X - TN_G_ATR): 6172.041015625, norm2(E): 99999980.46875095
2024-12-17 20:26:40,488 - Step 47 norm(X - TN_G_ATR): 6171.43408203125, norm2(E): 100000000.0
2024-12-17 20:26:40,651 - Step 48 norm(X - TN_G_ATR): 6170.828125, norm2(E): 100000000.0
2024-12-17 20:26:40,809 - Step 49 norm(X - TN_G_ATR): 6170.22216796875, norm2(E): 100000000.0
2024-12-17 20:26:40,972 - Step 50 norm(X - TN_G_ATR): 6169.61572265625, norm2(E): 100000019.53125095
2024-12-17 20:26:41,132 - Step 51 norm(X - TN_G_ATR): 6169.01025390625, norm2(E): 100000000.0
2024-12-17 20:26:41,296 - Step 52 norm(X - TN_G_ATR): 6168.404296875, norm2(E): 100000000.0
2024-12-17 20:26:41,447 - Step 53 norm(X - TN_G_ATR): 6167.798828125, norm2(E): 100000000.0
2024-12-17 20:26:41,612 - Step 54 norm(X - TN_G_ATR): 6167.193359375, norm2(E): 100000000.0
2024-12-17 20:26:41,756 - Step 55 norm(X - TN_G_ATR): 6166.587890625, norm2(E): 100000019.53125095
2024-12-17 20:26:41,920 - Step 56 norm(X - TN_G_ATR): 6165.98291015625, norm2(E): 100000000.0
2024-12-17 20:26:42,078 - Step 57 norm(X - TN_G_ATR): 6165.3779296875, norm2(E): 100000000.0
2024-12-17 20:26:42,234 - Step 58 norm(X - TN_G_ATR): 6164.77294921875, norm2(E): 100000000.0
2024-12-17 20:26:42,392 - Step 59 norm(X - TN_G_ATR): 6164.1689453125, norm2(E): 100000000.0
2024-12-17 20:26:42,553 - Step 60 norm(X - TN_G_ATR): 6163.564453125, norm2(E): 100000000.0
2024-12-17 20:26:42,711 - Step 61 norm(X - TN_G_ATR): 6162.95947265625, norm2(E): 100000000.0
2024-12-17 20:26:42,864 - Step 62 norm(X - TN_G_ATR): 6162.35546875, norm2(E): 100000000.0
2024-12-17 20:26:43,012 - Step 63 norm(X - TN_G_ATR): 6161.75146484375, norm2(E): 100000000.0
2024-12-17 20:26:43,173 - Step 64 norm(X - TN_G_ATR): 6161.1474609375, norm2(E): 100000000.0
2024-12-17 20:26:43,340 - Step 65 norm(X - TN_G_ATR): 6160.5439453125, norm2(E): 100000000.0
2024-12-17 20:26:43,489 - Step 66 norm(X - TN_G_ATR): 6159.9404296875, norm2(E): 100000000.0
2024-12-17 20:26:43,647 - Step 67 norm(X - TN_G_ATR): 6159.33740234375, norm2(E): 100000000.0
2024-12-17 20:26:43,798 - Step 68 norm(X - TN_G_ATR): 6158.7333984375, norm2(E): 100000000.0
2024-12-17 20:26:43,975 - Step 69 norm(X - TN_G_ATR): 6158.130859375, norm2(E): 100000000.0
2024-12-17 20:26:44,146 - Step 70 norm(X - TN_G_ATR): 6157.52734375, norm2(E): 100000000.0
2024-12-17 20:26:44,310 - Step 71 norm(X - TN_G_ATR): 6156.92431640625, norm2(E): 100000000.0
2024-12-17 20:26:44,612 - Step 72 norm(X - TN_G_ATR): 6156.322265625, norm2(E): 100000019.53125095
2024-12-17 20:26:44,731 - Step 73 norm(X - TN_G_ATR): 6155.7197265625, norm2(E): 100000000.0
2024-12-17 20:26:44,994 - Step 74 norm(X - TN_G_ATR): 6155.11767578125, norm2(E): 100000000.0
2024-12-17 20:26:45,165 - Step 75 norm(X - TN_G_ATR): 6154.51513671875, norm2(E): 100000000.0
2024-12-17 20:26:45,423 - Step 76 norm(X - TN_G_ATR): 6153.91259765625, norm2(E): 100000000.0
2024-12-17 20:26:45,602 - Step 77 norm(X - TN_G_ATR): 6153.310546875, norm2(E): 100000000.0
2024-12-17 20:26:45,864 - Step 78 norm(X - TN_G_ATR): 6152.70947265625, norm2(E): 100000000.0
2024-12-17 20:26:46,045 - Step 79 norm(X - TN_G_ATR): 6152.107421875, norm2(E): 100000000.0
2024-12-17 20:26:46,308 - Step 80 norm(X - TN_G_ATR): 6151.505859375, norm2(E): 100000000.0
2024-12-17 20:26:46,471 - Step 81 norm(X - TN_G_ATR): 6150.90478515625, norm2(E): 100000000.0
2024-12-17 20:26:46,721 - Step 82 norm(X - TN_G_ATR): 6150.30322265625, norm2(E): 100000000.0
2024-12-17 20:26:46,911 - Step 83 norm(X - TN_G_ATR): 6149.70263671875, norm2(E): 100000000.0
2024-12-17 20:26:47,160 - Step 84 norm(X - TN_G_ATR): 6149.1015625, norm2(E): 100000000.0
2024-12-17 20:26:47,347 - Step 85 norm(X - TN_G_ATR): 6148.50048828125, norm2(E): 100000000.0
2024-12-17 20:26:47,611 - Step 86 norm(X - TN_G_ATR): 6147.89990234375, norm2(E): 100000000.0
2024-12-17 20:26:47,794 - Step 87 norm(X - TN_G_ATR): 6147.29931640625, norm2(E): 100000000.0
2024-12-17 20:26:48,047 - Step 88 norm(X - TN_G_ATR): 6146.69921875, norm2(E): 100000000.0
2024-12-17 20:26:48,222 - Step 89 norm(X - TN_G_ATR): 6146.09912109375, norm2(E): 100000000.0
2024-12-17 20:26:48,477 - Step 90 norm(X - TN_G_ATR): 6145.49853515625, norm2(E): 100000000.0
2024-12-17 20:26:48,663 - Step 91 norm(X - TN_G_ATR): 6144.89892578125, norm2(E): 100000000.0
2024-12-17 20:26:48,932 - Step 92 norm(X - TN_G_ATR): 6144.298828125, norm2(E): 100000000.0
2024-12-17 20:26:49,107 - Step 93 norm(X - TN_G_ATR): 6143.69970703125, norm2(E): 100000000.0
2024-12-17 20:26:49,356 - Step 94 norm(X - TN_G_ATR): 6143.099609375, norm2(E): 100000000.0
2024-12-17 20:26:49,547 - Step 95 norm(X - TN_G_ATR): 6142.50048828125, norm2(E): 100000000.0
2024-12-17 20:26:49,802 - Step 96 norm(X - TN_G_ATR): 6141.9013671875, norm2(E): 100000000.0
2024-12-17 20:26:49,980 - Step 97 norm(X - TN_G_ATR): 6141.30224609375, norm2(E): 100000000.0
2024-12-17 20:26:50,232 - Step 98 norm(X - TN_G_ATR): 6140.703125, norm2(E): 100000000.0
2024-12-17 20:26:50,414 - Step 99 norm(X - TN_G_ATR): 6140.10400390625, norm2(E): 99999980.46875095
2024-12-17 20:26:50,414 - Norm2 (Comparison Algorithm): 6140.10400390625
2024-12-17 20:26:50,605 - Norm2 (Our Algorithm): 6430.42236328125
2024-12-17 20:26:50,605 - Norm2 (Original TR Algorithm): 4017.94482421875
