2024-12-16 15:33:23,487 - Norm2 (epsilon): 100.0
2024-12-16 15:33:25,381 - Step 0 norm(X - TN_G_Ours): 41.226162027854045
2024-12-16 15:33:25,562 - Step 1 norm(X - TN_G_Ours): 40.987826889516846
2024-12-16 15:33:25,721 - Step 2 norm(X - TN_G_Ours): 40.84904864731399
2024-12-16 15:33:25,902 - Step 3 norm(X - TN_G_Ours): 40.742003984486026
2024-12-16 15:33:26,005 - Step 4 norm(X - TN_G_Ours): 40.666412185956666
2024-12-16 15:33:26,170 - Step 5 norm(X - TN_G_Ours): 40.6103023292543
2024-12-16 15:33:26,333 - Step 6 norm(X - TN_G_Ours): 40.56647075855487
2024-12-16 15:33:26,510 - Step 7 norm(X - TN_G_Ours): 40.531902040341166
2024-12-16 15:33:26,673 - Step 8 norm(X - TN_G_Ours): 40.50501210787839
2024-12-16 15:33:26,854 - Step 9 norm(X - TN_G_Ours): 40.483916680153676
2024-12-16 15:33:27,090 - Step 0 norm(X - TN_G_ATR): 39.89089584350586
2024-12-16 15:33:27,252 - Step 1 norm(X - TN_G_ATR): 40.00784683227539
2024-12-16 15:33:27,431 - Step 2 norm(X - TN_G_ATR): 39.362403869628906
2024-12-16 15:33:27,595 - Step 3 norm(X - TN_G_ATR): 38.857540130615234
2024-12-16 15:33:27,772 - Step 4 norm(X - TN_G_ATR): 38.52567672729492
2024-12-16 15:33:27,936 - Step 5 norm(X - TN_G_ATR): 38.221588134765625
2024-12-16 15:33:28,110 - Step 6 norm(X - TN_G_ATR): 37.97023010253906
2024-12-16 15:33:28,289 - Step 7 norm(X - TN_G_ATR): 37.74918746948242
2024-12-16 15:33:28,388 - Step 8 norm(X - TN_G_ATR): 37.55461120605469
2024-12-16 15:33:28,525 - Step 9 norm(X - TN_G_ATR): 37.393795013427734
2024-12-16 15:33:28,530 - Norm2 (Our Algorithm): 40.483917236328125
2024-12-16 15:33:28,530 - Norm2 (Comparison Algorithm): 37.393795013427734
2024-12-16 15:33:28,670 - Norm2 (Original TR Algorithm): 29.321683883666992
2024-12-16 15:33:28,805 - Clipping input data to the valid range for imshow with RGB data ([0..1] for floats or [0..255] for integers). Got range [-0.08568554..1.1752104].
2024-12-16 15:33:28,809 - Clipping input data to the valid range for imshow with RGB data ([0..1] for floats or [0..255] for integers). Got range [-0.98340195..1.0690316].
2024-12-16 15:33:28,812 - Clipping input data to the valid range for imshow with RGB data ([0..1] for floats or [0..255] for integers). Got range [-0.7949729..1.9616501].
2024-12-16 15:33:28,814 - Clipping input data to the valid range for imshow with RGB data ([0..1] for floats or [0..255] for integers). Got range [-0.25339788..1.2919078].
2024-12-16 15:33:28,819 - Clipping input data to the valid range for imshow with RGB data ([0..1] for floats or [0..255] for integers). Got range [-0.8454394..0.7897929].
2024-12-16 15:33:28,821 - Clipping input data to the valid range for imshow with RGB data ([0..1] for floats or [0..255] for integers). Got range [-0.6454286..1.6892531].
2024-12-16 15:33:28,823 - Clipping input data to the valid range for imshow with RGB data ([0..1] for floats or [0..255] for integers). Got range [-0.24420764..1.2979485].
