2024-12-16 02:51:45,617 - Norm2 (epsilon): 100.0
2024-12-16 02:51:47,669 - Step 0 norm(X - TN_G_Ours): 41.779521806535946
2024-12-16 02:51:47,858 - Step 1 norm(X - TN_G_Ours): 41.162254272061105
2024-12-16 02:51:48,044 - Step 2 norm(X - TN_G_Ours): 40.77455494612648
2024-12-16 02:51:48,199 - Step 3 norm(X - TN_G_Ours): 40.621879387356486
2024-12-16 02:51:48,383 - Step 4 norm(X - TN_G_Ours): 40.550124809552834
2024-12-16 02:51:48,547 - Step 5 norm(X - TN_G_Ours): 40.50904123618578
2024-12-16 02:51:48,746 - Step 6 norm(X - TN_G_Ours): 40.48107920297457
2024-12-16 02:51:48,925 - Step 7 norm(X - TN_G_Ours): 40.45967411500231
2024-12-16 02:51:49,107 - Step 8 norm(X - TN_G_Ours): 40.44223461704747
2024-12-16 02:51:49,310 - Step 9 norm(X - TN_G_Ours): 40.427177609290574
2024-12-16 02:51:49,563 - Step 0 norm(X - TN_G_ATR): 39.61391830444336
2024-12-16 02:51:49,748 - Step 1 norm(X - TN_G_ATR): 39.8399543762207
2024-12-16 02:51:49,936 - Step 2 norm(X - TN_G_ATR): 39.32091522216797
2024-12-16 02:51:50,133 - Step 3 norm(X - TN_G_ATR): 38.871971130371094
2024-12-16 02:51:50,307 - Step 4 norm(X - TN_G_ATR): 38.50880432128906
2024-12-16 02:51:50,509 - Step 5 norm(X - TN_G_ATR): 38.17603302001953
2024-12-16 02:51:50,709 - Step 6 norm(X - TN_G_ATR): 37.835670471191406
2024-12-16 02:51:50,844 - Step 7 norm(X - TN_G_ATR): 37.498268127441406
2024-12-16 02:51:50,992 - Step 8 norm(X - TN_G_ATR): 37.23390197753906
2024-12-16 02:51:51,130 - Step 9 norm(X - TN_G_ATR): 37.065956115722656
2024-12-16 02:51:51,134 - Norm2 (Our Algorithm): 40.42717742919922
2024-12-16 02:51:51,134 - Norm2 (Comparison Algorithm): 37.065956115722656
2024-12-16 02:51:51,292 - Norm2 (Original TR Algorithm): 28.801424026489258
2024-12-16 02:51:51,427 - Clipping input data to the valid range for imshow with RGB data ([0..1] for floats or [0..255] for integers). Got range [-0.09732506..1.2195189].
2024-12-16 02:51:51,432 - Clipping input data to the valid range for imshow with RGB data ([0..1] for floats or [0..255] for integers). Got range [-0.9687922..0.97401273].
2024-12-16 02:51:51,434 - Clipping input data to the valid range for imshow with RGB data ([0..1] for floats or [0..255] for integers). Got range [-0.8550667..1.842803].
2024-12-16 02:51:51,437 - Clipping input data to the valid range for imshow with RGB data ([0..1] for floats or [0..255] for integers). Got range [-0.26736823..1.3733995].
2024-12-16 02:51:51,441 - Clipping input data to the valid range for imshow with RGB data ([0..1] for floats or [0..255] for integers). Got range [-0.80222124..0.7809459].
2024-12-16 02:51:51,443 - Clipping input data to the valid range for imshow with RGB data ([0..1] for floats or [0..255] for integers). Got range [-0.62032944..1.6366878].
2024-12-16 02:51:51,446 - Clipping input data to the valid range for imshow with RGB data ([0..1] for floats or [0..255] for integers). Got range [-0.2895194..1.2958587].
