2024-12-16 02:32:37,387 - Norm2 (epsilon): 100.0
2024-12-16 02:32:40,698 - Step 0 norm(X - TN_G_Ours): 40.43621399616623
2024-12-16 02:32:42,088 - Step 1 norm(X - TN_G_Ours): 40.46179507080182
2024-12-16 02:32:43,741 - Step 2 norm(X - TN_G_Ours): 40.51627729179888
2024-12-16 02:32:45,518 - Step 3 norm(X - TN_G_Ours): 40.54377396619455
2024-12-16 02:32:47,263 - Step 4 norm(X - TN_G_Ours): 40.554564841608
2024-12-16 02:32:49,008 - Step 5 norm(X - TN_G_Ours): 40.56016159958408
2024-12-16 02:32:50,735 - Step 6 norm(X - TN_G_Ours): 40.562865645019926
2024-12-16 02:32:52,547 - Step 7 norm(X - TN_G_Ours): 40.55970714576228
2024-12-16 02:32:54,295 - Step 8 norm(X - TN_G_Ours): 40.555153297508014
2024-12-16 02:32:55,659 - Step 9 norm(X - TN_G_Ours): 40.54996827073743
2024-12-16 02:32:57,156 - Step 0 norm(X - TN_G_ATR): 99.84996557335411
2024-12-16 02:32:58,911 - Step 1 norm(X - TN_G_ATR): 103.33847695951638
2024-12-16 02:33:00,598 - Step 2 norm(X - TN_G_ATR): 103.8401951693683
2024-12-16 02:33:02,357 - Step 3 norm(X - TN_G_ATR): 104.26827908543183
2024-12-16 02:33:04,061 - Step 4 norm(X - TN_G_ATR): 104.6699892071505
2024-12-16 02:33:05,850 - Step 5 norm(X - TN_G_ATR): 105.04399654876761
2024-12-16 02:33:07,596 - Step 6 norm(X - TN_G_ATR): 105.42940469812015
2024-12-16 02:33:09,093 - Step 7 norm(X - TN_G_ATR): 105.80243510164357
2024-12-16 02:33:10,524 - Step 8 norm(X - TN_G_ATR): 106.64874167828938
2024-12-16 02:33:12,252 - Step 9 norm(X - TN_G_ATR): 106.36754068294285
2024-12-16 02:33:12,257 - Norm2 (Our Algorithm): 40.54996871948242
2024-12-16 02:33:12,257 - Norm2 (Comparison Algorithm): 37.43772506713867
2024-12-16 02:33:14,035 - Norm2 (Original TR Algorithm): 26.973407745361328
2024-12-16 02:33:14,150 - Clipping input data to the valid range for imshow with RGB data ([0..1] for floats or [0..255] for integers). Got range [-0.09504659..1.1767203].
2024-12-16 02:33:14,154 - Clipping input data to the valid range for imshow with RGB data ([0..1] for floats or [0..255] for integers). Got range [-0.9504032..1.0821803].
2024-12-16 02:33:14,156 - Clipping input data to the valid range for imshow with RGB data ([0..1] for floats or [0..255] for integers). Got range [-0.758438..1.9057097].
2024-12-16 02:33:14,158 - Clipping input data to the valid range for imshow with RGB data ([0..1] for floats or [0..255] for integers). Got range [-0.25259253..1.2962805].
2024-12-16 02:33:14,162 - Clipping input data to the valid range for imshow with RGB data ([0..1] for floats or [0..255] for integers). Got range [-0.8544879..0.8365109].
2024-12-16 02:33:14,164 - Clipping input data to the valid range for imshow with RGB data ([0..1] for floats or [0..255] for integers). Got range [-0.6095848..1.6075511].
2024-12-16 02:33:14,166 - Clipping input data to the valid range for imshow with RGB data ([0..1] for floats or [0..255] for integers). Got range [-0.23033662..1.2852257].
