2024-12-16 02:35:38,544 - Norm2 (epsilon): 100.0
2024-12-16 02:35:40,583 - Step 0 norm(X - TN_G_Ours): 41.14135787896408
2024-12-16 02:35:40,774 - Step 1 norm(X - TN_G_Ours): 40.75243384459157
2024-12-16 02:35:40,957 - Step 2 norm(X - TN_G_Ours): 40.61407455252197
2024-12-16 02:35:41,126 - Step 3 norm(X - TN_G_Ours): 40.5210991047411
2024-12-16 02:35:41,313 - Step 4 norm(X - TN_G_Ours): 40.43862597447056
2024-12-16 02:35:41,501 - Step 5 norm(X - TN_G_Ours): 40.36068008681609
2024-12-16 02:35:41,669 - Step 6 norm(X - TN_G_Ours): 40.29380774241636
2024-12-16 02:35:41,843 - Step 7 norm(X - TN_G_Ours): 40.242294426910945
2024-12-16 02:35:41,995 - Step 8 norm(X - TN_G_Ours): 40.206340354320986
2024-12-16 02:35:42,165 - Step 9 norm(X - TN_G_Ours): 40.18377279080605
2024-12-16 02:35:42,429 - Step 0 norm(X - TN_G_ATR): 100.09814519697655
2024-12-16 02:35:42,627 - Step 1 norm(X - TN_G_ATR): 103.58231931657062
2024-12-16 02:35:42,804 - Step 2 norm(X - TN_G_ATR): 104.06112048635167
2024-12-16 02:35:42,977 - Step 3 norm(X - TN_G_ATR): 104.48657958082464
2024-12-16 02:35:43,167 - Step 4 norm(X - TN_G_ATR): 104.88083826121434
2024-12-16 02:35:43,363 - Step 5 norm(X - TN_G_ATR): 105.2592456227124
2024-12-16 02:35:43,530 - Step 6 norm(X - TN_G_ATR): 105.61494497258663
2024-12-16 02:35:43,716 - Step 7 norm(X - TN_G_ATR): 105.95194407430662
2024-12-16 02:35:43,918 - Step 8 norm(X - TN_G_ATR): 106.27769400108143
2024-12-16 02:35:44,098 - Step 9 norm(X - TN_G_ATR): 106.58575625992434
2024-12-16 02:35:44,104 - Norm2 (Our Algorithm): 40.183773040771484
2024-12-16 02:35:44,104 - Norm2 (Comparison Algorithm): 37.15842056274414
2024-12-16 02:35:44,271 - Norm2 (Original TR Algorithm): 28.897016525268555
2024-12-16 02:35:44,404 - Clipping input data to the valid range for imshow with RGB data ([0..1] for floats or [0..255] for integers). Got range [-0.09661648..1.1523645].
2024-12-16 02:35:44,407 - Clipping input data to the valid range for imshow with RGB data ([0..1] for floats or [0..255] for integers). Got range [-0.9989724..1.0095923].
2024-12-16 02:35:44,409 - Clipping input data to the valid range for imshow with RGB data ([0..1] for floats or [0..255] for integers). Got range [-0.9724854..1.7962328].
2024-12-16 02:35:44,411 - Clipping input data to the valid range for imshow with RGB data ([0..1] for floats or [0..255] for integers). Got range [-0.2920522..1.307999].
2024-12-16 02:35:44,414 - Clipping input data to the valid range for imshow with RGB data ([0..1] for floats or [0..255] for integers). Got range [-0.8940935..0.7942794].
2024-12-16 02:35:44,416 - Clipping input data to the valid range for imshow with RGB data ([0..1] for floats or [0..255] for integers). Got range [-0.8117406..1.5678706].
2024-12-16 02:35:44,418 - Clipping input data to the valid range for imshow with RGB data ([0..1] for floats or [0..255] for integers). Got range [-0.23160973..1.2863].
