2024-12-16 02:49:07,338 - Norm2 (epsilon): 100.0
2024-12-16 02:49:09,422 - Step 0 norm(X - TN_G_Ours): 41.811996388503
2024-12-16 02:49:09,604 - Step 1 norm(X - TN_G_Ours): 40.97872149340893
2024-12-16 02:49:09,786 - Step 2 norm(X - TN_G_Ours): 40.574760100665564
2024-12-16 02:49:09,964 - Step 3 norm(X - TN_G_Ours): 40.394431336606445
2024-12-16 02:49:10,161 - Step 4 norm(X - TN_G_Ours): 40.29808063337973
2024-12-16 02:49:10,326 - Step 5 norm(X - TN_G_Ours): 40.24367914266165
2024-12-16 02:49:10,531 - Step 6 norm(X - TN_G_Ours): 40.2107849533244
2024-12-16 02:49:10,694 - Step 7 norm(X - TN_G_Ours): 40.186268266990936
2024-12-16 02:49:10,893 - Step 8 norm(X - TN_G_Ours): 40.16187642976079
2024-12-16 02:49:11,061 - Step 9 norm(X - TN_G_Ours): 40.13489522165375
2024-12-16 02:49:11,316 - Step 0 norm(X - TN_G_ATR): 39.96464538574219
2024-12-16 02:49:11,519 - Step 1 norm(X - TN_G_ATR): 40.15735626220703
2024-12-16 02:49:11,680 - Step 2 norm(X - TN_G_ATR): 39.60221862792969
2024-12-16 02:49:11,887 - Step 3 norm(X - TN_G_ATR): 39.103458404541016
2024-12-16 02:49:12,051 - Step 4 norm(X - TN_G_ATR): 38.66239929199219
2024-12-16 02:49:12,242 - Step 5 norm(X - TN_G_ATR): 38.27497863769531
2024-12-16 02:49:12,371 - Step 6 norm(X - TN_G_ATR): 37.97215270996094
2024-12-16 02:49:12,576 - Step 7 norm(X - TN_G_ATR): 37.6973876953125
2024-12-16 02:49:12,740 - Step 8 norm(X - TN_G_ATR): 37.44968032836914
2024-12-16 02:49:12,929 - Step 9 norm(X - TN_G_ATR): 37.204280853271484
2024-12-16 02:49:12,934 - Norm2 (Our Algorithm): 40.13489532470703
2024-12-16 02:49:12,934 - Norm2 (Comparison Algorithm): 37.204280853271484
2024-12-16 02:49:13,113 - Norm2 (Original TR Algorithm): 28.895244598388672
2024-12-16 02:49:13,228 - Clipping input data to the valid range for imshow with RGB data ([0..1] for floats or [0..255] for integers). Got range [-0.102089986..1.1877711].
2024-12-16 02:49:13,235 - Clipping input data to the valid range for imshow with RGB data ([0..1] for floats or [0..255] for integers). Got range [-1.072839..0.9971192].
2024-12-16 02:49:13,238 - Clipping input data to the valid range for imshow with RGB data ([0..1] for floats or [0..255] for integers). Got range [-0.7592099..1.7922988].
2024-12-16 02:49:13,240 - Clipping input data to the valid range for imshow with RGB data ([0..1] for floats or [0..255] for integers). Got range [-0.2766664..1.2892554].
2024-12-16 02:49:13,243 - Clipping input data to the valid range for imshow with RGB data ([0..1] for floats or [0..255] for integers). Got range [-0.78377306..0.8481224].
2024-12-16 02:49:13,246 - Clipping input data to the valid range for imshow with RGB data ([0..1] for floats or [0..255] for integers). Got range [-0.64829385..1.6478708].
2024-12-16 02:49:13,248 - Clipping input data to the valid range for imshow with RGB data ([0..1] for floats or [0..255] for integers). Got range [-0.23098813..1.241905].
