2024-12-16 02:00:28,899 - Norm2 (epsilon): 1000.0
2024-12-16 02:00:32,682 - Step 0 norm(X - TN_G_Ours): -25370.935546875
2024-12-16 02:00:34,669 - Step 1 norm(X - TN_G_Ours): -124332.53125
2024-12-16 02:00:36,616 - Step 2 norm(X - TN_G_Ours): -125126.90625
2024-12-16 02:00:38,599 - Step 3 norm(X - TN_G_Ours): -125397.6640625
2024-12-16 02:00:40,587 - Step 4 norm(X - TN_G_Ours): -125574.8671875
2024-12-16 02:00:42,042 - Step 5 norm(X - TN_G_Ours): -125752.0078125
2024-12-16 02:00:43,633 - Step 6 norm(X - TN_G_Ours): -125921.5390625
2024-12-16 02:00:45,179 - Step 7 norm(X - TN_G_Ours): -126080.1953125
2024-12-16 02:00:46,996 - Step 8 norm(X - TN_G_Ours): -126241.6171875
2024-12-16 02:00:48,930 - Step 9 norm(X - TN_G_Ours): -126409.828125
2024-12-16 02:00:50,898 - Step 0 norm(X - TN_G_ATR): 158.84552001953125
2024-12-16 02:00:52,828 - Step 1 norm(X - TN_G_ATR): 352.883544921875
2024-12-16 02:00:54,801 - Step 2 norm(X - TN_G_ATR): 353.5837707519531
2024-12-16 02:00:56,713 - Step 3 norm(X - TN_G_ATR): 353.54046630859375
2024-12-16 02:00:58,326 - Step 4 norm(X - TN_G_ATR): 353.0562438964844
2024-12-16 02:00:59,935 - Step 5 norm(X - TN_G_ATR): 352.5482177734375
2024-12-16 02:01:01,786 - Step 6 norm(X - TN_G_ATR): 352.06927490234375
2024-12-16 02:01:03,699 - Step 7 norm(X - TN_G_ATR): 351.8716735839844
2024-12-16 02:01:05,679 - Step 8 norm(X - TN_G_ATR): 351.7527770996094
2024-12-16 02:01:07,531 - Step 9 norm(X - TN_G_ATR): 351.69671630859375
2024-12-16 02:01:07,537 - Norm2 (Our Algorithm): 355.5415954589844
2024-12-16 02:01:07,537 - Norm2 (Comparison Algorithm): 351.69671630859375
2024-12-16 02:01:09,490 - Norm2 (Original TR Algorithm): 26.883939743041992
2024-12-16 02:01:09,596 - Clipping input data to the valid range for imshow with RGB data ([0..1] for floats or [0..255] for integers). Got range [-0.11361525..1.1878837].
2024-12-16 02:01:09,599 - Clipping input data to the valid range for imshow with RGB data ([0..1] for floats or [0..255] for integers). Got range [-10.8344555..10.396071].
2024-12-16 02:01:09,601 - Clipping input data to the valid range for imshow with RGB data ([0..1] for floats or [0..255] for integers). Got range [-9.893279..10.799993].
2024-12-16 02:01:09,603 - Clipping input data to the valid range for imshow with RGB data ([0..1] for floats or [0..255] for integers). Got range [-4.0603957..4.835334].
2024-12-16 02:01:09,606 - Clipping input data to the valid range for imshow with RGB data ([0..1] for floats or [0..255] for integers). Got range [-9.415802..10.955744].
2024-12-16 02:01:09,608 - Clipping input data to the valid range for imshow with RGB data ([0..1] for floats or [0..255] for integers). Got range [-9.031488..11.253783].
2024-12-16 02:01:09,610 - Clipping input data to the valid range for imshow with RGB data ([0..1] for floats or [0..255] for integers). Got range [-3.5978937..4.6672873].
