2024-12-24 18:27:35,167 - Norm2 (epsilon): 100
2024-12-24 18:27:35,167 - Optimization parameters:
2024-12-24 18:27:35,167 - epsilon (Frobenius norm constraint): 100
2024-12-24 18:27:35,167 - inner_tol (Tolerance for inner optimization): 1e-10
2024-12-24 18:27:35,167 - lr (Learning rate): 0.01
2024-12-24 18:27:35,167 - outer_num_steps (Number of outer optimization steps): 20
2024-12-24 18:27:35,167 - inner_num_steps (Number of inner optimization steps): 50
2024-12-24 18:27:35,168 - outer_dis_num (Display loss every outer_dis_num steps): 1
2024-12-24 18:27:35,168 - inner_dis_num (Display loss every inner_dis_num steps): 2000
2024-12-24 18:27:35,645 - Step 0, RSE_E: 127.83018493652344, Loss_X_Ours: 40.393341064453125, normE: 100.0
2024-12-24 18:27:35,824 - Step 1, RSE_E: 49.27633285522461, Loss_X_Ours: 69.92176055908203, normE: 99.99999237060547
2024-12-24 18:27:36,002 - Step 2, RSE_E: 26.990711212158203, Loss_X_Ours: 90.39788055419922, normE: 99.99999237060547
2024-12-24 18:27:36,184 - Step 3, RSE_E: 10.11519718170166, Loss_X_Ours: 97.17677307128906, normE: 100.00000762939453
2024-12-24 18:27:36,362 - Step 4, RSE_E: 3.1800737380981445, Loss_X_Ours: 99.27687072753906, normE: 100.0
2024-12-24 18:27:36,541 - Step 5, RSE_E: 0.748771071434021, Loss_X_Ours: 99.82988739013672, normE: 100.0
2024-12-24 18:27:36,723 - Step 6, RSE_E: 0.16735397279262543, Loss_X_Ours: 99.9616928100586, normE: 100.0
2024-12-24 18:27:36,901 - Step 7, RSE_E: 0.04920102283358574, Loss_X_Ours: 99.99128723144531, normE: 99.99999237060547
2024-12-24 18:27:37,080 - Step 8, RSE_E: 0.023965520784258842, Loss_X_Ours: 99.9981918334961, normE: 100.0
2024-12-24 18:27:37,255 - Step 9, RSE_E: 0.0319683775305748, Loss_X_Ours: 99.99979400634766, normE: 100.0
2024-12-24 18:27:37,396 - Step 10, RSE_E: 0.03906867653131485, Loss_X_Ours: 99.99989318847656, normE: 100.0
2024-12-24 18:27:37,536 - Step 11, RSE_E: 0.02182229794561863, Loss_X_Ours: 99.99996948242188, normE: 99.99999237060547
2024-12-24 18:27:37,675 - Step 12, RSE_E: 0.034727178514003754, Loss_X_Ours: 100.0000228881836, normE: 100.0
2024-12-24 18:27:37,813 - Step 13, RSE_E: 0.01786953955888748, Loss_X_Ours: 100.00001525878906, normE: 100.00000762939453
2024-12-24 18:27:37,953 - Step 14, RSE_E: 0.03133738785982132, Loss_X_Ours: 100.00006866455078, normE: 100.0
2024-12-24 18:27:38,089 - Step 15, RSE_E: 0.021796993911266327, Loss_X_Ours: 100.00000762939453, normE: 100.0
2024-12-24 18:27:38,225 - Step 16, RSE_E: 0.02329210937023163, Loss_X_Ours: 100.00018310546875, normE: 100.0
2024-12-24 18:27:38,361 - Step 17, RSE_E: 0.020151564851403236, Loss_X_Ours: 100.00015258789062, normE: 100.0
2024-12-24 18:27:38,500 - Step 18, RSE_E: 0.02715374156832695, Loss_X_Ours: 99.99977111816406, normE: 100.00000762939453
2024-12-24 18:27:38,638 - Step 19, RSE_E: 0.02576015517115593, Loss_X_Ours: 99.99996948242188, normE: 99.99999237060547
2024-12-24 18:27:40,344 - Comparison Step 0, Loss_X_TNG: 40.34531021118164, normE: 100.0
2024-12-24 18:27:40,488 - Comparison Step 1, Loss_X_TNG: 39.52047348022461, normE: 100.0
2024-12-24 18:27:40,630 - Comparison Step 2, Loss_X_TNG: 38.723472595214844, normE: 100.0
2024-12-24 18:27:40,775 - Comparison Step 3, Loss_X_TNG: 38.280601501464844, normE: 99.99999237060547
2024-12-24 18:27:40,923 - Comparison Step 4, Loss_X_TNG: 37.808773040771484, normE: 100.0
2024-12-24 18:27:41,078 - Comparison Step 5, Loss_X_TNG: 37.32085037231445, normE: 100.0
2024-12-24 18:27:41,224 - Comparison Step 6, Loss_X_TNG: 36.865562438964844, normE: 100.0
2024-12-24 18:27:41,370 - Comparison Step 7, Loss_X_TNG: 36.40708541870117, normE: 100.0
2024-12-24 18:27:41,515 - Comparison Step 8, Loss_X_TNG: 36.03080368041992, normE: 100.0
2024-12-24 18:27:41,662 - Comparison Step 9, Loss_X_TNG: 35.76530456542969, normE: 100.0
2024-12-24 18:27:41,808 - Comparison Step 10, Loss_X_TNG: 35.781429290771484, normE: 99.99999237060547
2024-12-24 18:27:41,954 - Comparison Step 11, Loss_X_TNG: 35.72610855102539, normE: 100.0
2024-12-24 18:27:42,100 - Comparison Step 12, Loss_X_TNG: 35.720802307128906, normE: 100.0
2024-12-24 18:27:42,245 - Comparison Step 13, Loss_X_TNG: 35.66872024536133, normE: 100.0
2024-12-24 18:27:42,390 - Comparison Step 14, Loss_X_TNG: 35.60162353515625, normE: 100.0
2024-12-24 18:27:42,533 - Comparison Step 15, Loss_X_TNG: 35.47858810424805, normE: 99.99999237060547
2024-12-24 18:27:42,676 - Comparison Step 16, Loss_X_TNG: 35.27179718017578, normE: 100.0
2024-12-24 18:27:42,820 - Comparison Step 17, Loss_X_TNG: 35.22157669067383, normE: 100.0
2024-12-24 18:27:42,966 - Comparison Step 18, Loss_X_TNG: 35.43225860595703, normE: 100.0
2024-12-24 18:27:43,115 - Comparison Step 19, Loss_X_TNG: 35.36094284057617, normE: 100.00000762939453
2024-12-24 18:27:43,115 - Norm2 (Comparison Algorithm): 35.36094284057617
2024-12-24 18:27:43,254 - Norm2 (Original TR Algorithm): 27.162752151489258
2024-12-24 18:27:43,254 - Norm2 (Our Algorithm): 99.99996948242188
2024-12-24 18:27:43,346 - Clipping input data to the valid range for imshow with RGB data ([0..1] for floats or [0..255] for integers). Got range [-0.124592505..1.2384434].
2024-12-24 18:27:43,350 - Clipping input data to the valid range for imshow with RGB data ([0..1] for floats or [0..255] for integers). Got range [-1.3219299..1.1676891].
2024-12-24 18:27:43,352 - Clipping input data to the valid range for imshow with RGB data ([0..1] for floats or [0..255] for integers). Got range [-0.56512797..1.8642035].
2024-12-24 18:27:43,354 - Clipping input data to the valid range for imshow with RGB data ([0..1] for floats or [0..255] for integers). Got range [-0.56504655..1.8641455].
2024-12-24 18:27:43,357 - Clipping input data to the valid range for imshow with RGB data ([0..1] for floats or [0..255] for integers). Got range [-0.687138..0.602178].
2024-12-24 18:27:43,359 - Clipping input data to the valid range for imshow with RGB data ([0..1] for floats or [0..255] for integers). Got range [-0.50000703..1.4788829].
2024-12-24 18:27:43,360 - Clipping input data to the valid range for imshow with RGB data ([0..1] for floats or [0..255] for integers). Got range [-0.22575212..1.2847174].
