2024-12-16 12:49:27,571 - Norm2 (epsilon): 100.0
2024-12-16 12:49:29,453 - Step 0 norm(X - TN_G_Ours): 41.846862631616425
2024-12-16 12:49:29,600 - Step 1 norm(X - TN_G_Ours): 41.146926739163945
2024-12-16 12:49:29,701 - Step 2 norm(X - TN_G_Ours): 40.903441820149745
2024-12-16 12:49:29,852 - Step 3 norm(X - TN_G_Ours): 40.785572088975286
2024-12-16 12:49:29,998 - Step 4 norm(X - TN_G_Ours): 40.709926255191434
2024-12-16 12:49:30,144 - Step 5 norm(X - TN_G_Ours): 40.652224952082115
2024-12-16 12:49:30,291 - Step 6 norm(X - TN_G_Ours): 40.60138285870399
2024-12-16 12:49:30,444 - Step 7 norm(X - TN_G_Ours): 40.55574475480863
2024-12-16 12:49:30,532 - Step 8 norm(X - TN_G_Ours): 40.51541560156069
2024-12-16 12:49:30,676 - Step 9 norm(X - TN_G_Ours): 40.480174545695824
2024-12-16 12:49:30,891 - Step 0 norm(X - TN_G_ATR): 39.53018569946289
2024-12-16 12:49:31,038 - Step 1 norm(X - TN_G_ATR): 39.6628303527832
2024-12-16 12:49:31,178 - Step 2 norm(X - TN_G_ATR): 39.0886116027832
2024-12-16 12:49:31,267 - Step 3 norm(X - TN_G_ATR): 38.56696319580078
2024-12-16 12:49:31,426 - Step 4 norm(X - TN_G_ATR): 38.117576599121094
2024-12-16 12:49:31,563 - Step 5 norm(X - TN_G_ATR): 37.813201904296875
2024-12-16 12:49:31,731 - Step 6 norm(X - TN_G_ATR): 37.64653778076172
2024-12-16 12:49:31,923 - Step 7 norm(X - TN_G_ATR): 37.498741149902344
2024-12-16 12:49:32,082 - Step 8 norm(X - TN_G_ATR): 37.34135818481445
2024-12-16 12:49:32,256 - Step 9 norm(X - TN_G_ATR): 37.16832733154297
2024-12-16 12:49:32,260 - Norm2 (Our Algorithm): 40.48017501831055
2024-12-16 12:49:32,261 - Norm2 (Comparison Algorithm): 37.16832733154297
2024-12-16 12:49:32,434 - Norm2 (Original TR Algorithm): 29.40851593017578
2024-12-16 12:49:32,533 - Clipping input data to the valid range for imshow with RGB data ([0..1] for floats or [0..255] for integers). Got range [-0.09477382..1.1765088].
2024-12-16 12:49:32,537 - Clipping input data to the valid range for imshow with RGB data ([0..1] for floats or [0..255] for integers). Got range [-1.0477915..1.0837821].
2024-12-16 12:49:32,539 - Clipping input data to the valid range for imshow with RGB data ([0..1] for floats or [0..255] for integers). Got range [-0.7704529..1.8108796].
2024-12-16 12:49:32,541 - Clipping input data to the valid range for imshow with RGB data ([0..1] for floats or [0..255] for integers). Got range [-0.25793055..1.2914834].
2024-12-16 12:49:32,544 - Clipping input data to the valid range for imshow with RGB data ([0..1] for floats or [0..255] for integers). Got range [-0.7649044..0.7798054].
2024-12-16 12:49:32,546 - Clipping input data to the valid range for imshow with RGB data ([0..1] for floats or [0..255] for integers). Got range [-0.72548604..1.671441].
2024-12-16 12:49:32,547 - Clipping input data to the valid range for imshow with RGB data ([0..1] for floats or [0..255] for integers). Got range [-0.27194127..1.2636136].
