2024-12-24 19:40:49,312 - Norm2 (epsilon): 50
2024-12-24 19:40:49,312 - Optimization parameters:
2024-12-24 19:40:49,312 - epsilon (Frobenius norm constraint): 50
2024-12-24 19:40:49,312 - inner_tol (Tolerance for inner optimization): 1e-10
2024-12-24 19:40:49,312 - lr (Learning rate): 0.01
2024-12-24 19:40:49,312 - outer_num_steps (Number of outer optimization steps): 20
2024-12-24 19:40:49,312 - inner_num_steps (Number of inner optimization steps): 50
2024-12-24 19:40:49,312 - outer_dis_num (Display loss every outer_dis_num steps): 1
2024-12-24 19:40:49,312 - inner_dis_num (Display loss every inner_dis_num steps): 2000
2024-12-24 19:40:51,254 - Comparison Step 0, Loss_X_TNG: 27.35082244873047, normE: 4.435953140258789
2024-12-24 19:40:51,399 - Comparison Step 1, Loss_X_TNG: 26.994226455688477, normE: 5.950429916381836
2024-12-24 19:40:51,544 - Comparison Step 2, Loss_X_TNG: 27.000925064086914, normE: 5.065920352935791
2024-12-24 19:40:51,693 - Comparison Step 3, Loss_X_TNG: 26.850427627563477, normE: 5.565127849578857
2024-12-24 19:40:51,843 - Comparison Step 4, Loss_X_TNG: 26.810686111450195, normE: 5.266349792480469
2024-12-24 19:40:51,991 - Comparison Step 5, Loss_X_TNG: 26.677892684936523, normE: 5.427663326263428
2024-12-24 19:40:52,139 - Comparison Step 6, Loss_X_TNG: 26.63060188293457, normE: 5.329379081726074
2024-12-24 19:40:52,290 - Comparison Step 7, Loss_X_TNG: 26.58378028869629, normE: 5.380613327026367
2024-12-24 19:40:52,437 - Comparison Step 8, Loss_X_TNG: 26.54888343811035, normE: 5.343120098114014
2024-12-24 19:40:52,584 - Comparison Step 9, Loss_X_TNG: 26.512731552124023, normE: 5.354764938354492
2024-12-24 19:40:52,735 - Comparison Step 10, Loss_X_TNG: 26.494400024414062, normE: 5.338897228240967
2024-12-24 19:40:52,885 - Comparison Step 11, Loss_X_TNG: 26.54600715637207, normE: 5.349573135375977
2024-12-24 19:40:53,035 - Comparison Step 12, Loss_X_TNG: 26.59699249267578, normE: 5.350424289703369
2024-12-24 19:40:53,184 - Comparison Step 13, Loss_X_TNG: 26.60223960876465, normE: 5.3535380363464355
2024-12-24 19:40:53,334 - Comparison Step 14, Loss_X_TNG: 26.57727813720703, normE: 5.350017070770264
2024-12-24 19:40:53,484 - Comparison Step 15, Loss_X_TNG: 26.52104377746582, normE: 5.345310211181641
2024-12-24 19:40:53,633 - Comparison Step 16, Loss_X_TNG: 26.482913970947266, normE: 5.341881275177002
2024-12-24 19:40:53,784 - Comparison Step 17, Loss_X_TNG: 26.477556228637695, normE: 5.339602947235107
2024-12-24 19:40:53,934 - Comparison Step 18, Loss_X_TNG: 26.465030670166016, normE: 5.33571720123291
2024-12-24 19:40:54,084 - Comparison Step 19, Loss_X_TNG: 26.4471492767334, normE: 5.331036567687988
2024-12-24 19:40:54,234 - Comparison Step 0, Loss_X_TNG: 26.36762237548828, normE: 4.435898780822754
2024-12-24 19:40:54,384 - Comparison Step 1, Loss_X_TNG: 26.51099967956543, normE: 5.851811408996582
2024-12-24 19:40:54,533 - Comparison Step 2, Loss_X_TNG: 26.744157791137695, normE: 5.080876350402832
2024-12-24 19:40:54,682 - Comparison Step 3, Loss_X_TNG: 26.657140731811523, normE: 5.497681140899658
2024-12-24 19:40:54,834 - Comparison Step 4, Loss_X_TNG: 26.51238441467285, normE: 5.230338096618652
2024-12-24 19:40:54,982 - Comparison Step 5, Loss_X_TNG: 26.43526268005371, normE: 5.363433837890625
2024-12-24 19:40:55,132 - Comparison Step 6, Loss_X_TNG: 26.438735961914062, normE: 5.277072429656982
2024-12-24 19:40:55,282 - Comparison Step 7, Loss_X_TNG: 26.42776870727539, normE: 5.313302040100098
2024-12-24 19:40:55,434 - Comparison Step 8, Loss_X_TNG: 26.420379638671875, normE: 5.279727935791016
2024-12-24 19:40:55,583 - Comparison Step 9, Loss_X_TNG: 26.412492752075195, normE: 5.286054611206055
2024-12-24 19:40:55,670 - Comparison Step 10, Loss_X_TNG: 26.410846710205078, normE: 5.271732330322266
2024-12-24 19:40:55,816 - Comparison Step 11, Loss_X_TNG: 26.42403793334961, normE: 5.273115158081055
2024-12-24 19:40:55,966 - Comparison Step 12, Loss_X_TNG: 26.47560691833496, normE: 5.273445129394531
2024-12-24 19:40:56,116 - Comparison Step 13, Loss_X_TNG: 26.5446720123291, normE: 5.281768321990967
2024-12-24 19:40:56,266 - Comparison Step 14, Loss_X_TNG: 26.574148178100586, normE: 5.2872185707092285
2024-12-24 19:40:56,415 - Comparison Step 15, Loss_X_TNG: 26.56642723083496, normE: 5.291458606719971
2024-12-24 19:40:56,565 - Comparison Step 16, Loss_X_TNG: 26.498416900634766, normE: 5.289478778839111
2024-12-24 19:40:56,715 - Comparison Step 17, Loss_X_TNG: 26.47927474975586, normE: 5.290862083435059
2024-12-24 19:40:56,870 - Comparison Step 18, Loss_X_TNG: 26.47840690612793, normE: 5.291384220123291
2024-12-24 19:40:57,020 - Comparison Step 19, Loss_X_TNG: 26.46929168701172, normE: 5.290961265563965
2024-12-24 19:40:57,020 - Norm2 (Comparison Algorithm): 26.46929168701172
2024-12-24 19:40:57,160 - Norm2 (Original TR Algorithm): 27.16661834716797
2024-12-24 19:40:57,160 - Norm2 (Our Algorithm): 26.4471492767334
2024-12-24 19:40:57,253 - Clipping input data to the valid range for imshow with RGB data ([0..1] for floats or [0..255] for integers). Got range [-0.12629133..1.1610122].
2024-12-24 19:40:57,256 - Clipping input data to the valid range for imshow with RGB data ([0..1] for floats or [0..255] for integers). Got range [-0.014872682..0.01480187].
2024-12-24 19:40:57,258 - Clipping input data to the valid range for imshow with RGB data ([0..1] for floats or [0..255] for integers). Got range [-0.014392819..1.0136172].
2024-12-24 19:40:57,260 - Clipping input data to the valid range for imshow with RGB data ([0..1] for floats or [0..255] for integers). Got range [-0.116677865..1.1516153].
2024-12-24 19:40:57,263 - Clipping input data to the valid range for imshow with RGB data ([0..1] for floats or [0..255] for integers). Got range [-0.014229192..0.01425457].
2024-12-24 19:40:57,265 - Clipping input data to the valid range for imshow with RGB data ([0..1] for floats or [0..255] for integers). Got range [-0.013213806..1.0130708].
2024-12-24 19:40:57,267 - Clipping input data to the valid range for imshow with RGB data ([0..1] for floats or [0..255] for integers). Got range [-0.09076908..1.1743683].
