2024-12-24 16:47:39,994 - Norm2 (epsilon): 100.0
2024-12-24 16:48:03,998 - Step 0 norm(X - TN_G_ATR): 39.27292251586914
2024-12-24 16:48:04,555 - Step 1 norm(X - TN_G_ATR): 39.69805908203125
2024-12-24 16:48:05,111 - Step 2 norm(X - TN_G_ATR): 39.10353469848633
2024-12-24 16:48:05,688 - Step 3 norm(X - TN_G_ATR): 38.85542297363281
2024-12-24 16:48:06,246 - Step 4 norm(X - TN_G_ATR): 38.63022994995117
2024-12-24 16:48:06,804 - Step 5 norm(X - TN_G_ATR): 38.279117584228516
2024-12-24 16:48:07,362 - Step 6 norm(X - TN_G_ATR): 37.94209289550781
2024-12-24 16:48:07,917 - Step 7 norm(X - TN_G_ATR): 37.50816345214844
2024-12-24 16:48:08,476 - Step 8 norm(X - TN_G_ATR): 37.3157844543457
2024-12-24 16:48:09,037 - Step 9 norm(X - TN_G_ATR): 37.30756759643555
2024-12-24 16:48:09,593 - Step 10 norm(X - TN_G_ATR): 37.039127349853516
2024-12-24 16:48:10,150 - Step 11 norm(X - TN_G_ATR): 37.177284240722656
2024-12-24 16:48:10,709 - Step 12 norm(X - TN_G_ATR): 36.91265106201172
2024-12-24 16:48:11,270 - Step 13 norm(X - TN_G_ATR): 36.68781280517578
2024-12-24 16:48:11,833 - Step 14 norm(X - TN_G_ATR): 36.426673889160156
2024-12-24 16:48:12,392 - Step 15 norm(X - TN_G_ATR): 36.21707534790039
2024-12-24 16:48:12,947 - Step 16 norm(X - TN_G_ATR): 36.343055725097656
2024-12-24 16:48:13,504 - Step 17 norm(X - TN_G_ATR): 36.22978591918945
2024-12-24 16:48:14,060 - Step 18 norm(X - TN_G_ATR): 35.95517349243164
2024-12-24 16:48:14,619 - Step 19 norm(X - TN_G_ATR): 35.86650848388672
2024-12-24 16:48:15,175 - Step 20 norm(X - TN_G_ATR): 35.646846771240234
2024-12-24 16:48:15,743 - Step 21 norm(X - TN_G_ATR): 35.39704132080078
2024-12-24 16:48:16,310 - Step 22 norm(X - TN_G_ATR): 35.21950912475586
2024-12-24 16:48:16,866 - Step 23 norm(X - TN_G_ATR): 35.034156799316406
2024-12-24 16:48:17,422 - Step 24 norm(X - TN_G_ATR): 35.00685501098633
2024-12-24 16:48:17,982 - Step 25 norm(X - TN_G_ATR): 35.20650100708008
2024-12-24 16:48:18,542 - Step 26 norm(X - TN_G_ATR): 34.97297286987305
2024-12-24 16:48:19,061 - Step 27 norm(X - TN_G_ATR): 35.06526565551758
2024-12-24 16:48:19,622 - Step 28 norm(X - TN_G_ATR): 35.09763717651367
2024-12-24 16:48:20,185 - Step 29 norm(X - TN_G_ATR): 35.24813461303711
2024-12-24 16:48:20,751 - Step 30 norm(X - TN_G_ATR): 35.516414642333984
2024-12-24 16:48:21,318 - Step 31 norm(X - TN_G_ATR): 35.54551696777344
2024-12-24 16:48:21,878 - Step 32 norm(X - TN_G_ATR): 35.390316009521484
2024-12-24 16:48:22,432 - Step 33 norm(X - TN_G_ATR): 35.23738479614258
2024-12-24 16:48:22,987 - Step 34 norm(X - TN_G_ATR): 35.080345153808594
2024-12-24 16:48:23,545 - Step 35 norm(X - TN_G_ATR): 34.96669006347656
2024-12-24 16:48:24,098 - Step 36 norm(X - TN_G_ATR): 35.23051834106445
2024-12-24 16:48:24,649 - Step 37 norm(X - TN_G_ATR): 35.275814056396484
2024-12-24 16:48:25,210 - Step 38 norm(X - TN_G_ATR): 35.28396224975586
2024-12-24 16:48:25,771 - Step 39 norm(X - TN_G_ATR): 35.688377380371094
2024-12-24 16:48:26,338 - Step 40 norm(X - TN_G_ATR): 35.33935546875
2024-12-24 16:48:26,901 - Step 41 norm(X - TN_G_ATR): 35.52165985107422
2024-12-24 16:48:27,457 - Step 42 norm(X - TN_G_ATR): 35.61636734008789
2024-12-24 16:48:28,013 - Step 43 norm(X - TN_G_ATR): 35.415260314941406
2024-12-24 16:48:28,572 - Step 44 norm(X - TN_G_ATR): 35.24516296386719
2024-12-24 16:48:29,128 - Step 45 norm(X - TN_G_ATR): 35.611751556396484
2024-12-24 16:48:29,686 - Step 46 norm(X - TN_G_ATR): 35.84189224243164
2024-12-24 16:48:30,255 - Step 47 norm(X - TN_G_ATR): 35.41175842285156
2024-12-24 16:48:30,815 - Step 48 norm(X - TN_G_ATR): 35.60033416748047
2024-12-24 16:48:31,391 - Step 49 norm(X - TN_G_ATR): 35.73128128051758
2024-12-24 16:48:31,391 - Norm2 (Comparison Algorithm): 35.73128128051758
2024-12-24 16:48:31,934 - Norm2 (Original TR Algorithm): 26.829357147216797
2024-12-24 16:48:31,934 - Norm2 (Our Algorithm): 103.42217254638672
2024-12-24 16:48:32,027 - Clipping input data to the valid range for imshow with RGB data ([0..1] for floats or [0..255] for integers). Got range [-0.124908224..1.1845921].
2024-12-24 16:48:32,032 - Clipping input data to the valid range for imshow with RGB data ([0..1] for floats or [0..255] for integers). Got range [0.017184893..1.3450562].
2024-12-24 16:48:32,034 - Clipping input data to the valid range for imshow with RGB data ([0..1] for floats or [0..255] for integers). Got range [-0.0053832275..1.45063].
2024-12-24 16:48:32,037 - Clipping input data to the valid range for imshow with RGB data ([0..1] for floats or [0..255] for integers). Got range [-0.31325263..0.30425543].
2024-12-24 16:48:32,039 - Clipping input data to the valid range for imshow with RGB data ([0..1] for floats or [0..255] for integers). Got range [-0.27088535..1.2871842].
2024-12-24 16:48:32,040 - Clipping input data to the valid range for imshow with RGB data ([0..1] for floats or [0..255] for integers). Got range [-0.19009511..1.2303468].
