2024-12-24 20:59:36,223 - Norm2 (epsilon): 100
2024-12-24 20:59:36,224 - Optimization parameters:
2024-12-24 20:59:36,224 - epsilon (Frobenius norm constraint): 100
2024-12-24 20:59:36,224 - inner_tol (Tolerance for inner optimization): 1e-10
2024-12-24 20:59:36,224 - lr (Learning rate): 0.01
2024-12-24 20:59:36,224 - outer_num_steps (Number of outer optimization steps): 50
2024-12-24 20:59:36,224 - inner_num_steps (Number of inner optimization steps): 200
2024-12-24 20:59:36,224 - outer_dis_num (Display loss every outer_dis_num steps): 1
2024-12-24 20:59:36,224 - inner_dis_num (Display loss every inner_dis_num steps): 2000
2024-12-24 20:59:38,623 - Comparison Step 0, Loss_X_TNG: 26.75110626220703, normE: 0.22536557912826538
2024-12-24 20:59:39,198 - Comparison Step 1, Loss_X_TNG: 26.54182243347168, normE: 0.22536557912826538
2024-12-24 20:59:39,765 - Comparison Step 2, Loss_X_TNG: 26.47020721435547, normE: 0.22536557912826538
2024-12-24 20:59:40,325 - Comparison Step 3, Loss_X_TNG: 26.433799743652344, normE: 0.22536557912826538
2024-12-24 20:59:40,890 - Comparison Step 4, Loss_X_TNG: 26.412986755371094, normE: 0.22536557912826538
2024-12-24 20:59:41,450 - Comparison Step 5, Loss_X_TNG: 26.400358200073242, normE: 0.22536557912826538
2024-12-24 20:59:42,010 - Comparison Step 6, Loss_X_TNG: 26.39234161376953, normE: 0.22536557912826538
2024-12-24 20:59:42,571 - Comparison Step 7, Loss_X_TNG: 26.386445999145508, normE: 0.22536557912826538
2024-12-24 20:59:43,131 - Comparison Step 8, Loss_X_TNG: 26.381446838378906, normE: 0.22536557912826538
2024-12-24 20:59:43,690 - Comparison Step 9, Loss_X_TNG: 26.376689910888672, normE: 0.22536557912826538
2024-12-24 20:59:43,706 - Comparison Step 10, Loss_X_TNG: 26.376615524291992, normE: 0.22536557912826538
2024-12-24 20:59:43,776 - Comparison Step 11, Loss_X_TNG: 26.37605094909668, normE: 0.22536557912826538
2024-12-24 20:59:43,961 - Comparison Step 12, Loss_X_TNG: 26.374488830566406, normE: 0.22536557912826538
2024-12-24 20:59:44,522 - Comparison Step 13, Loss_X_TNG: 26.36944580078125, normE: 0.22536557912826538
2024-12-24 20:59:45,090 - Comparison Step 14, Loss_X_TNG: 26.363603591918945, normE: 0.22536557912826538
2024-12-24 20:59:45,666 - Comparison Step 15, Loss_X_TNG: 26.356576919555664, normE: 0.22536557912826538
2024-12-24 20:59:46,228 - Comparison Step 16, Loss_X_TNG: 26.34886932373047, normE: 0.22536557912826538
2024-12-24 20:59:46,783 - Comparison Step 17, Loss_X_TNG: 26.341917037963867, normE: 0.22536557912826538
2024-12-24 20:59:47,338 - Comparison Step 18, Loss_X_TNG: 26.336286544799805, normE: 0.22536557912826538
2024-12-24 20:59:47,892 - Comparison Step 19, Loss_X_TNG: 26.332141876220703, normE: 0.22536557912826538
2024-12-24 20:59:47,991 - Comparison Step 20, Loss_X_TNG: 26.33159065246582, normE: 0.22536557912826538
2024-12-24 20:59:48,088 - Comparison Step 21, Loss_X_TNG: 26.331085205078125, normE: 0.22536557912826538
2024-12-24 20:59:48,287 - Comparison Step 22, Loss_X_TNG: 26.330123901367188, normE: 0.22536557912826538
2024-12-24 20:59:48,302 - Comparison Step 23, Loss_X_TNG: 26.33007049560547, normE: 0.22536557912826538
2024-12-24 20:59:48,368 - Comparison Step 24, Loss_X_TNG: 26.32973861694336, normE: 0.22536557912826538
2024-12-24 20:59:48,474 - Comparison Step 25, Loss_X_TNG: 26.32925796508789, normE: 0.22536557912826538
2024-12-24 20:59:48,496 - Comparison Step 26, Loss_X_TNG: 26.329177856445312, normE: 0.22536557912826538
2024-12-24 20:59:48,524 - Comparison Step 27, Loss_X_TNG: 26.329082489013672, normE: 0.22536557912826538
2024-12-24 20:59:48,596 - Comparison Step 28, Loss_X_TNG: 26.328731536865234, normE: 0.22536557912826538
2024-12-24 20:59:48,655 - Comparison Step 29, Loss_X_TNG: 26.328472137451172, normE: 0.22536557912826538
2024-12-24 20:59:48,709 - Comparison Step 30, Loss_X_TNG: 26.328218460083008, normE: 0.22536557912826538
2024-12-24 20:59:48,841 - Comparison Step 31, Loss_X_TNG: 26.327648162841797, normE: 0.22536557912826538
2024-12-24 20:59:48,864 - Comparison Step 32, Loss_X_TNG: 26.3276309967041, normE: 0.22536557912826538
2024-12-24 20:59:48,916 - Comparison Step 33, Loss_X_TNG: 26.32744026184082, normE: 0.22536557912826538
2024-12-24 20:59:48,971 - Comparison Step 34, Loss_X_TNG: 26.327165603637695, normE: 0.22536557912826538
2024-12-24 20:59:48,993 - Comparison Step 35, Loss_X_TNG: 26.327089309692383, normE: 0.22536557912826538
2024-12-24 20:59:49,038 - Comparison Step 36, Loss_X_TNG: 26.326908111572266, normE: 0.22536557912826538
2024-12-24 20:59:49,047 - Comparison Step 37, Loss_X_TNG: 26.32688331604004, normE: 0.22536557912826538
2024-12-24 20:59:49,144 - Comparison Step 38, Loss_X_TNG: 26.32657241821289, normE: 0.22536557912826538
2024-12-24 20:59:49,241 - Comparison Step 39, Loss_X_TNG: 26.326202392578125, normE: 0.22536557912826538
2024-12-24 20:59:49,362 - Comparison Step 40, Loss_X_TNG: 26.32576560974121, normE: 0.22536557912826538
2024-12-24 20:59:49,375 - Comparison Step 41, Loss_X_TNG: 26.32573890686035, normE: 0.22536557912826538
2024-12-24 20:59:49,477 - Comparison Step 42, Loss_X_TNG: 26.325424194335938, normE: 0.22536557912826538
2024-12-24 20:59:49,547 - Comparison Step 43, Loss_X_TNG: 26.325197219848633, normE: 0.22536557912826538
2024-12-24 20:59:49,692 - Comparison Step 44, Loss_X_TNG: 26.3247127532959, normE: 0.22536557912826538
2024-12-24 20:59:49,701 - Comparison Step 45, Loss_X_TNG: 26.324689865112305, normE: 0.22536557912826538
2024-12-24 20:59:49,787 - Comparison Step 46, Loss_X_TNG: 26.32439613342285, normE: 0.22536557912826538
2024-12-24 20:59:49,869 - Comparison Step 47, Loss_X_TNG: 26.32414436340332, normE: 0.22536557912826538
2024-12-24 20:59:49,892 - Comparison Step 48, Loss_X_TNG: 26.324060440063477, normE: 0.22536557912826538
2024-12-24 20:59:49,955 - Comparison Step 49, Loss_X_TNG: 26.323883056640625, normE: 0.22536557912826538
2024-12-24 20:59:50,130 - Comparison Step 0, Loss_X_TNG: 26.323514938354492, normE: 4.442720413208008
2024-12-24 20:59:50,698 - Comparison Step 1, Loss_X_TNG: 26.492887496948242, normE: 8.485219955444336
2024-12-24 20:59:51,264 - Comparison Step 2, Loss_X_TNG: 27.278945922851562, normE: 8.159682273864746
2024-12-24 20:59:51,834 - Comparison Step 3, Loss_X_TNG: 26.906604766845703, normE: 8.351258277893066
2024-12-24 20:59:52,400 - Comparison Step 4, Loss_X_TNG: 26.97687339782715, normE: 8.194013595581055
2024-12-24 20:59:52,969 - Comparison Step 5, Loss_X_TNG: 26.717464447021484, normE: 8.26341438293457
2024-12-24 20:59:53,551 - Comparison Step 6, Loss_X_TNG: 26.602678298950195, normE: 8.186005592346191
2024-12-24 20:59:54,124 - Comparison Step 7, Loss_X_TNG: 26.559606552124023, normE: 8.216209411621094
2024-12-24 20:59:54,708 - Comparison Step 8, Loss_X_TNG: 26.575651168823242, normE: 8.180388450622559
2024-12-24 20:59:55,279 - Comparison Step 9, Loss_X_TNG: 26.608200073242188, normE: 8.196220397949219
2024-12-24 20:59:55,843 - Comparison Step 10, Loss_X_TNG: 26.610923767089844, normE: 8.176949501037598
2024-12-24 20:59:56,407 - Comparison Step 11, Loss_X_TNG: 26.666858673095703, normE: 8.188017845153809
2024-12-24 20:59:56,970 - Comparison Step 12, Loss_X_TNG: 26.707157135009766, normE: 8.183046340942383
2024-12-24 20:59:57,546 - Comparison Step 13, Loss_X_TNG: 26.716487884521484, normE: 8.190133094787598
2024-12-24 20:59:58,108 - Comparison Step 14, Loss_X_TNG: 27.286043167114258, normE: 8.193306922912598
2024-12-24 20:59:58,671 - Comparison Step 15, Loss_X_TNG: 26.81047248840332, normE: 8.197761535644531
2024-12-24 20:59:59,237 - Comparison Step 16, Loss_X_TNG: 26.779191970825195, normE: 8.19811725616455
2024-12-24 20:59:59,812 - Comparison Step 17, Loss_X_TNG: 27.266380310058594, normE: 8.201530456542969
2024-12-24 21:00:00,378 - Comparison Step 18, Loss_X_TNG: 26.780380249023438, normE: 8.202413558959961
2024-12-24 21:00:00,946 - Comparison Step 19, Loss_X_TNG: 27.224323272705078, normE: 8.19921588897705
2024-12-24 21:00:01,065 - Comparison Step 20, Loss_X_TNG: 27.15254020690918, normE: 8.195137977600098
2024-12-24 21:00:01,631 - Comparison Step 21, Loss_X_TNG: 27.149019241333008, normE: 8.192306518554688
2024-12-24 21:00:02,195 - Comparison Step 22, Loss_X_TNG: 26.793947219848633, normE: 8.197794914245605
2024-12-24 21:00:02,766 - Comparison Step 23, Loss_X_TNG: 27.202842712402344, normE: 8.191295623779297
2024-12-24 21:00:03,331 - Comparison Step 24, Loss_X_TNG: 26.789093017578125, normE: 8.197497367858887
2024-12-24 21:00:03,902 - Comparison Step 25, Loss_X_TNG: 26.726625442504883, normE: 8.196454048156738
2024-12-24 21:00:04,477 - Comparison Step 26, Loss_X_TNG: 26.670639038085938, normE: 8.199313163757324
2024-12-24 21:00:05,047 - Comparison Step 27, Loss_X_TNG: 26.658977508544922, normE: 8.197452545166016
2024-12-24 21:00:05,616 - Comparison Step 28, Loss_X_TNG: 26.63634490966797, normE: 8.198123931884766
2024-12-24 21:00:05,733 - Comparison Step 29, Loss_X_TNG: 26.62429428100586, normE: 8.195034980773926
2024-12-24 21:00:06,297 - Comparison Step 30, Loss_X_TNG: 26.59034538269043, normE: 8.192625999450684
2024-12-24 21:00:06,643 - Comparison Step 31, Loss_X_TNG: 26.567543029785156, normE: 8.190553665161133
2024-12-24 21:00:07,213 - Comparison Step 32, Loss_X_TNG: 26.572261810302734, normE: 8.188243865966797
2024-12-24 21:00:07,780 - Comparison Step 33, Loss_X_TNG: 26.58893585205078, normE: 8.186826705932617
2024-12-24 21:00:07,923 - Comparison Step 34, Loss_X_TNG: 26.576324462890625, normE: 8.183198928833008
2024-12-24 21:00:08,435 - Comparison Step 35, Loss_X_TNG: 27.0169734954834, normE: 8.179526329040527
2024-12-24 21:00:08,506 - Comparison Step 36, Loss_X_TNG: 27.02861213684082, normE: 8.177005767822266
2024-12-24 21:00:09,074 - Comparison Step 37, Loss_X_TNG: 27.13504409790039, normE: 8.179338455200195
2024-12-24 21:00:09,653 - Comparison Step 38, Loss_X_TNG: 27.093435287475586, normE: 8.176486015319824
2024-12-24 21:00:10,222 - Comparison Step 39, Loss_X_TNG: 27.150794982910156, normE: 8.179596900939941
2024-12-24 21:00:10,798 - Comparison Step 40, Loss_X_TNG: 26.837289810180664, normE: 8.183445930480957
2024-12-24 21:00:11,371 - Comparison Step 41, Loss_X_TNG: 27.11020851135254, normE: 8.179377555847168
2024-12-24 21:00:11,941 - Comparison Step 42, Loss_X_TNG: 26.99722671508789, normE: 8.175880432128906
2024-12-24 21:00:12,228 - Comparison Step 43, Loss_X_TNG: 27.0259952545166, normE: 8.172003746032715
2024-12-24 21:00:12,582 - Comparison Step 44, Loss_X_TNG: 26.98507308959961, normE: 8.169391632080078
2024-12-24 21:00:13,152 - Comparison Step 45, Loss_X_TNG: 27.054805755615234, normE: 8.169567108154297
2024-12-24 21:00:13,723 - Comparison Step 46, Loss_X_TNG: 27.5484561920166, normE: 8.17531681060791
2024-12-24 21:00:14,291 - Comparison Step 47, Loss_X_TNG: 26.73407745361328, normE: 8.172832489013672
2024-12-24 21:00:14,864 - Comparison Step 48, Loss_X_TNG: 26.9969425201416, normE: 8.170025825500488
2024-12-24 21:00:15,434 - Comparison Step 49, Loss_X_TNG: 26.659374237060547, normE: 8.173845291137695
2024-12-24 21:00:15,434 - Norm2 (Comparison Algorithm): 26.659374237060547
2024-12-24 21:00:15,984 - Norm2 (Original TR Algorithm): 26.746692657470703
2024-12-24 21:00:15,984 - Norm2 (Our Algorithm): 26.323883056640625
2024-12-24 21:00:16,077 - Clipping input data to the valid range for imshow with RGB data ([0..1] for floats or [0..255] for integers). Got range [-0.10656921..1.1639078].
2024-12-24 21:00:16,080 - Clipping input data to the valid range for imshow with RGB data ([0..1] for floats or [0..255] for integers). Got range [-0.0023602303..0.0024078686].
2024-12-24 21:00:16,082 - Clipping input data to the valid range for imshow with RGB data ([0..1] for floats or [0..255] for integers). Got range [-0.0013286497..1.0016226].
2024-12-24 21:00:16,084 - Clipping input data to the valid range for imshow with RGB data ([0..1] for floats or [0..255] for integers). Got range [-0.12745991..1.1930751].
2024-12-24 21:00:16,087 - Clipping input data to the valid range for imshow with RGB data ([0..1] for floats or [0..255] for integers). Got range [-0.028334672..0.028788904].
2024-12-24 21:00:16,089 - Clipping input data to the valid range for imshow with RGB data ([0..1] for floats or [0..255] for integers). Got range [-0.02184879..1.0228065].
2024-12-24 21:00:16,091 - Clipping input data to the valid range for imshow with RGB data ([0..1] for floats or [0..255] for integers). Got range [-0.120957784..1.1374317].
