2024-12-16 02:09:18,913 - Norm2 (epsilon): 100.0
2024-12-16 02:09:22,709 - Step 0 norm(X - TN_G_Ours): 158.90869282783117
2024-12-16 02:09:24,652 - Step 1 norm(X - TN_G_Ours): 40.567466772668496
2024-12-16 02:09:26,659 - Step 2 norm(X - TN_G_Ours): 40.54850068995307
2024-12-16 02:09:28,641 - Step 3 norm(X - TN_G_Ours): 40.53729264179544
2024-12-16 02:09:30,576 - Step 4 norm(X - TN_G_Ours): 40.529854026172025
2024-12-16 02:09:32,594 - Step 5 norm(X - TN_G_Ours): 40.52269419864858
2024-12-16 02:09:34,223 - Step 6 norm(X - TN_G_Ours): 40.767143153984925
2024-12-16 02:09:35,787 - Step 7 norm(X - TN_G_Ours): 40.51691752180501
2024-12-16 02:09:36,645 - Step 8 norm(X - TN_G_Ours): 40.52882395640247
2024-12-16 02:09:38,417 - Step 9 norm(X - TN_G_Ours): 40.42780717245789
2024-12-16 02:09:40,424 - Step 0 norm(X - TN_G_ATR): 155.2545928955078
2024-12-16 02:09:42,348 - Step 1 norm(X - TN_G_ATR): 40.27385330200195
2024-12-16 02:09:44,295 - Step 2 norm(X - TN_G_ATR): 39.58331298828125
2024-12-16 02:09:46,278 - Step 3 norm(X - TN_G_ATR): 39.02559280395508
2024-12-16 02:09:48,159 - Step 4 norm(X - TN_G_ATR): 38.68152618408203
2024-12-16 02:09:49,780 - Step 5 norm(X - TN_G_ATR): 38.33346176147461
2024-12-16 02:09:51,410 - Step 6 norm(X - TN_G_ATR): 38.22874450683594
2024-12-16 02:09:53,006 - Step 7 norm(X - TN_G_ATR): 37.88922119140625
2024-12-16 02:09:54,927 - Step 8 norm(X - TN_G_ATR): 37.62833786010742
2024-12-16 02:09:56,900 - Step 9 norm(X - TN_G_ATR): 37.24064254760742
2024-12-16 02:09:56,901 - Norm2 (Our Algorithm): 40.42780685424805
2024-12-16 02:09:56,901 - Norm2 (Comparison Algorithm): 37.24064254760742
2024-12-16 02:09:58,853 - Norm2 (Original TR Algorithm): 26.903162002563477
2024-12-16 02:09:58,962 - Clipping input data to the valid range for imshow with RGB data ([0..1] for floats or [0..255] for integers). Got range [-0.12067217..1.1606225].
2024-12-16 02:09:58,966 - Clipping input data to the valid range for imshow with RGB data ([0..1] for floats or [0..255] for integers). Got range [-0.9465244..1.0015421].
2024-12-16 02:09:58,968 - Clipping input data to the valid range for imshow with RGB data ([0..1] for floats or [0..255] for integers). Got range [-0.92268115..1.8641031].
2024-12-16 02:09:58,970 - Clipping input data to the valid range for imshow with RGB data ([0..1] for floats or [0..255] for integers). Got range [-0.3438495..1.2885231].
2024-12-16 02:09:58,973 - Clipping input data to the valid range for imshow with RGB data ([0..1] for floats or [0..255] for integers). Got range [-0.8499142..0.8545358].
2024-12-16 02:09:58,975 - Clipping input data to the valid range for imshow with RGB data ([0..1] for floats or [0..255] for integers). Got range [-0.6668534..1.6918406].
2024-12-16 02:09:58,977 - Clipping input data to the valid range for imshow with RGB data ([0..1] for floats or [0..255] for integers). Got range [-0.2669815..1.2638042].
