2024-12-17 19:32:04,781 - Norm2 (epsilon): 100.0
2024-12-17 19:32:07,956 - Step 0 norm(X - TN_G_Ours): 10454.875991612716
2024-12-17 19:32:07,986 - Step 1 norm(X - TN_G_Ours): 10455.280388397052
2024-12-17 19:32:08,028 - Step 2 norm(X - TN_G_Ours): 10455.684386973433
2024-12-17 19:32:08,067 - Step 3 norm(X - TN_G_Ours): 10456.088752492493
2024-12-17 19:32:08,110 - Step 4 norm(X - TN_G_Ours): 10456.49118968691
2024-12-17 19:32:08,156 - Step 5 norm(X - TN_G_Ours): 10456.891698779327
2024-12-17 19:32:08,197 - Step 6 norm(X - TN_G_Ours): 10457.289897482999
2024-12-17 19:32:08,238 - Step 7 norm(X - TN_G_Ours): 10457.684638580378
2024-12-17 19:32:08,271 - Step 8 norm(X - TN_G_Ours): 10458.077069901521
2024-12-17 19:32:08,307 - Step 9 norm(X - TN_G_Ours): 10458.464896914844
2024-12-17 19:32:08,347 - Step 0 norm(X - TN_G_ATR): 10455.01953125
2024-12-17 19:32:08,387 - Step 1 norm(X - TN_G_ATR): 10454.85546875
2024-12-17 19:32:08,422 - Step 2 norm(X - TN_G_ATR): 10454.6923828125
2024-12-17 19:32:08,464 - Step 3 norm(X - TN_G_ATR): 10454.5283203125
2024-12-17 19:32:08,501 - Step 4 norm(X - TN_G_ATR): 10454.365234375
2024-12-17 19:32:08,537 - Step 5 norm(X - TN_G_ATR): 10454.2021484375
2024-12-17 19:32:08,572 - Step 6 norm(X - TN_G_ATR): 10454.041015625
2024-12-17 19:32:08,612 - Step 7 norm(X - TN_G_ATR): 10453.880859375
2024-12-17 19:32:08,647 - Step 8 norm(X - TN_G_ATR): 10453.7216796875
2024-12-17 19:32:08,686 - Step 9 norm(X - TN_G_ATR): 10453.5634765625
2024-12-17 19:32:08,689 - Norm2 (Comparison Algorithm): 10453.5634765625
2024-12-17 19:32:08,707 - Norm2 (Our Algorithm): 10458.46484375
2024-12-17 19:32:08,707 - Norm2 (Original TR Algorithm): 10454.974609375
