2024-12-17 18:14:57,647 - Norm2 (epsilon): 100.0
2024-12-17 18:14:59,963 - Step 0 norm(X - TN_G_Ours): 4017.9553257844964
2024-12-17 18:15:00,111 - Step 1 norm(X - TN_G_Ours): 4020.026865581871
2024-12-17 18:15:00,247 - Step 2 norm(X - TN_G_Ours): 4022.0993274656953
2024-12-17 18:15:00,410 - Step 3 norm(X - TN_G_Ours): 4024.1703492769784
2024-12-17 18:15:00,561 - Step 4 norm(X - TN_G_Ours): 4026.236331861308
2024-12-17 18:15:00,719 - Step 5 norm(X - TN_G_Ours): 4028.2951728988282
2024-12-17 18:15:00,893 - Step 6 norm(X - TN_G_Ours): 4030.3440299805675
2024-12-17 18:15:01,037 - Step 7 norm(X - TN_G_Ours): 4032.3794464311018
2024-12-17 18:15:01,205 - Step 8 norm(X - TN_G_Ours): 4034.4002032520275
2024-12-17 18:15:01,372 - Step 9 norm(X - TN_G_Ours): 4036.402606281985
2024-12-17 18:15:01,536 - Step 10 norm(X - TN_G_Ours): 4038.385444704356
2024-12-17 18:15:01,700 - Step 11 norm(X - TN_G_Ours): 4040.345901033722
2024-12-17 18:15:01,880 - Step 12 norm(X - TN_G_Ours): 4042.282276140547
2024-12-17 18:15:02,075 - Step 13 norm(X - TN_G_Ours): 4044.1926264707026
2024-12-17 18:15:02,246 - Step 14 norm(X - TN_G_Ours): 4046.0750116625372
2024-12-17 18:15:02,405 - Step 15 norm(X - TN_G_Ours): 4047.927988489914
2024-12-17 18:15:02,555 - Step 16 norm(X - TN_G_Ours): 4049.7497453546434
2024-12-17 18:15:02,702 - Step 17 norm(X - TN_G_Ours): 4051.540077550758
2024-12-17 18:15:02,843 - Step 18 norm(X - TN_G_Ours): 4053.2969296610877
2024-12-17 18:15:02,986 - Step 19 norm(X - TN_G_Ours): 4055.019235466091
2024-12-17 18:15:03,131 - Step 20 norm(X - TN_G_Ours): 4056.7070389664573
2024-12-17 18:15:03,273 - Step 21 norm(X - TN_G_Ours): 4058.358658374097
2024-12-17 18:15:03,412 - Step 22 norm(X - TN_G_Ours): 4059.9736452346583
2024-12-17 18:15:03,547 - Step 23 norm(X - TN_G_Ours): 4061.5520432465223
2024-12-17 18:15:03,691 - Step 24 norm(X - TN_G_Ours): 4063.09303363829
2024-12-17 18:15:03,833 - Step 25 norm(X - TN_G_Ours): 4064.596166902685
2024-12-17 18:15:03,978 - Step 26 norm(X - TN_G_Ours): 4066.061976900992
2024-12-17 18:15:04,116 - Step 27 norm(X - TN_G_Ours): 4067.4900122803006
2024-12-17 18:15:04,261 - Step 28 norm(X - TN_G_Ours): 4068.87969839365
2024-12-17 18:15:04,408 - Step 29 norm(X - TN_G_Ours): 4070.231688737141
2024-12-17 18:15:04,545 - Step 30 norm(X - TN_G_Ours): 4071.546143665819
2024-12-17 18:15:04,686 - Step 31 norm(X - TN_G_Ours): 4072.823222286968
2024-12-17 18:15:04,835 - Step 32 norm(X - TN_G_Ours): 4074.0629597491493
2024-12-17 18:15:04,973 - Step 33 norm(X - TN_G_Ours): 4075.265880896607
2024-12-17 18:15:05,126 - Step 34 norm(X - TN_G_Ours): 4076.432386290738
2024-12-17 18:15:05,267 - Step 35 norm(X - TN_G_Ours): 4077.562752429446
2024-12-17 18:15:05,405 - Step 36 norm(X - TN_G_Ours): 4078.6574997172784
2024-12-17 18:15:05,546 - Step 37 norm(X - TN_G_Ours): 4079.7170245005964
2024-12-17 18:15:05,684 - Step 38 norm(X - TN_G_Ours): 4080.741966848676
2024-12-17 18:15:05,824 - Step 39 norm(X - TN_G_Ours): 4081.7327203039645
2024-12-17 18:15:05,972 - Step 40 norm(X - TN_G_Ours): 4082.68992209793
2024-12-17 18:15:06,108 - Step 41 norm(X - TN_G_Ours): 4083.61445290811
2024-12-17 18:15:06,247 - Step 42 norm(X - TN_G_Ours): 4084.506824575031
2024-12-17 18:15:06,383 - Step 43 norm(X - TN_G_Ours): 4085.367425336429
2024-12-17 18:15:06,520 - Step 44 norm(X - TN_G_Ours): 4086.197009445335
2024-12-17 18:15:06,662 - Step 45 norm(X - TN_G_Ours): 4086.9958404676654
2024-12-17 18:15:06,806 - Step 46 norm(X - TN_G_Ours): 4087.7658934924343
2024-12-17 18:15:06,954 - Step 47 norm(X - TN_G_Ours): 4088.5063287220187
2024-12-17 18:15:07,092 - Step 48 norm(X - TN_G_Ours): 4089.2189963365863
2024-12-17 18:15:07,234 - Step 49 norm(X - TN_G_Ours): 4089.903544094897
2024-12-17 18:15:07,378 - Step 50 norm(X - TN_G_Ours): 4090.5620640689467
2024-12-17 18:15:07,531 - Step 51 norm(X - TN_G_Ours): 4091.193835544828
2024-12-17 18:15:07,679 - Step 52 norm(X - TN_G_Ours): 4091.800337259872
2024-12-17 18:15:07,820 - Step 53 norm(X - TN_G_Ours): 4092.3825578750575
2024-12-17 18:15:07,959 - Step 54 norm(X - TN_G_Ours): 4092.9408742370074
2024-12-17 18:15:08,098 - Step 55 norm(X - TN_G_Ours): 4093.4755404179464
2024-12-17 18:15:08,237 - Step 56 norm(X - TN_G_Ours): 4093.9882755083704
2024-12-17 18:15:08,381 - Step 57 norm(X - TN_G_Ours): 4094.4792098629587
2024-12-17 18:15:08,526 - Step 58 norm(X - TN_G_Ours): 4094.9489618309044
2024-12-17 18:15:08,666 - Step 59 norm(X - TN_G_Ours): 4095.398393319019
2024-12-17 18:15:08,802 - Step 60 norm(X - TN_G_Ours): 4095.8281213937676
2024-12-17 18:15:08,941 - Step 61 norm(X - TN_G_Ours): 4096.238762572319
2024-12-17 18:15:09,086 - Step 62 norm(X - TN_G_Ours): 4096.631787212515
2024-12-17 18:15:09,236 - Step 63 norm(X - TN_G_Ours): 4097.0069563035895
2024-12-17 18:15:09,383 - Step 64 norm(X - TN_G_Ours): 4097.364762868934
2024-12-17 18:15:09,532 - Step 65 norm(X - TN_G_Ours): 4097.705943573795
2024-12-17 18:15:09,682 - Step 66 norm(X - TN_G_Ours): 4098.032210707964
2024-12-17 18:15:09,832 - Step 67 norm(X - TN_G_Ours): 4098.342835830112
2024-12-17 18:15:09,974 - Step 68 norm(X - TN_G_Ours): 4098.639042413957
2024-12-17 18:15:10,119 - Step 69 norm(X - TN_G_Ours): 4098.921321518626
2024-12-17 18:15:10,264 - Step 70 norm(X - TN_G_Ours): 4099.190407873242
2024-12-17 18:15:10,405 - Step 71 norm(X - TN_G_Ours): 4099.44630407571
2024-12-17 18:15:10,547 - Step 72 norm(X - TN_G_Ours): 4099.690476121337
2024-12-17 18:15:10,688 - Step 73 norm(X - TN_G_Ours): 4099.921950476619
2024-12-17 18:15:10,836 - Step 74 norm(X - TN_G_Ours): 4100.14219265625
2024-12-17 18:15:10,979 - Step 75 norm(X - TN_G_Ours): 4100.351448351714
2024-12-17 18:15:11,121 - Step 76 norm(X - TN_G_Ours): 4100.55069472382
2024-12-17 18:15:11,265 - Step 77 norm(X - TN_G_Ours): 4100.740177089985
2024-12-17 18:15:11,405 - Step 78 norm(X - TN_G_Ours): 4100.919896803643
2024-12-17 18:15:11,557 - Step 79 norm(X - TN_G_Ours): 4101.090342823479
2024-12-17 18:15:11,696 - Step 80 norm(X - TN_G_Ours): 4101.2520039617175
2024-12-17 18:15:11,833 - Step 81 norm(X - TN_G_Ours): 4101.405856532611
2024-12-17 18:15:11,969 - Step 82 norm(X - TN_G_Ours): 4101.551169984351
2024-12-17 18:15:12,109 - Step 83 norm(X - TN_G_Ours): 4101.689408036645
2024-12-17 18:15:12,245 - Step 84 norm(X - TN_G_Ours): 4101.820327610657
2024-12-17 18:15:12,394 - Step 85 norm(X - TN_G_Ours): 4101.943929407129
2024-12-17 18:15:12,531 - Step 86 norm(X - TN_G_Ours): 4102.060945427311
2024-12-17 18:15:12,671 - Step 87 norm(X - TN_G_Ours): 4102.171863781428
2024-12-17 18:15:12,817 - Step 88 norm(X - TN_G_Ours): 4102.276928731165
2024-12-17 18:15:12,955 - Step 89 norm(X - TN_G_Ours): 4102.376384487411
2024-12-17 18:15:13,101 - Step 90 norm(X - TN_G_Ours): 4102.470231458115
2024-12-17 18:15:13,237 - Step 91 norm(X - TN_G_Ours): 4102.558713778512
2024-12-17 18:15:13,390 - Step 92 norm(X - TN_G_Ours): 4102.6425630317835
2024-12-17 18:15:13,545 - Step 93 norm(X - TN_G_Ours): 4102.721779501993
2024-12-17 18:15:13,689 - Step 94 norm(X - TN_G_Ours): 4102.795875985058
2024-12-17 18:15:13,825 - Step 95 norm(X - TN_G_Ours): 4102.866315150909
2024-12-17 18:15:13,965 - Step 96 norm(X - TN_G_Ours): 4102.932609731727
2024-12-17 18:15:14,106 - Step 97 norm(X - TN_G_Ours): 4102.99500365282
2024-12-17 18:15:14,246 - Step 98 norm(X - TN_G_Ours): 4103.053740813055
2024-12-17 18:15:14,399 - Step 99 norm(X - TN_G_Ours): 4103.108821369475
2024-12-17 18:15:14,489 - Step 0 norm(X - TN_G_ATR): 4018.316650390625
2024-12-17 18:15:14,577 - Step 1 norm(X - TN_G_ATR): 4018.279052734375
2024-12-17 18:15:14,664 - Step 2 norm(X - TN_G_ATR): 4018.2412109375
2024-12-17 18:15:14,764 - Step 3 norm(X - TN_G_ATR): 4018.2041015625
2024-12-17 18:15:14,853 - Step 4 norm(X - TN_G_ATR): 4018.167236328125
2024-12-17 18:15:14,942 - Step 5 norm(X - TN_G_ATR): 4018.13037109375
2024-12-17 18:15:15,033 - Step 6 norm(X - TN_G_ATR): 4018.09423828125
2024-12-17 18:15:15,118 - Step 7 norm(X - TN_G_ATR): 4018.058349609375
2024-12-17 18:15:15,204 - Step 8 norm(X - TN_G_ATR): 4018.023193359375
2024-12-17 18:15:15,295 - Step 9 norm(X - TN_G_ATR): 4017.988525390625
2024-12-17 18:15:15,384 - Step 10 norm(X - TN_G_ATR): 4017.953857421875
2024-12-17 18:15:15,478 - Step 11 norm(X - TN_G_ATR): 4017.92041015625
2024-12-17 18:15:15,563 - Step 12 norm(X - TN_G_ATR): 4017.88720703125
2024-12-17 18:15:15,652 - Step 13 norm(X - TN_G_ATR): 4017.8544921875
2024-12-17 18:15:15,738 - Step 14 norm(X - TN_G_ATR): 4017.822265625
2024-12-17 18:15:15,826 - Step 15 norm(X - TN_G_ATR): 4017.791015625
2024-12-17 18:15:15,919 - Step 16 norm(X - TN_G_ATR): 4017.759765625
2024-12-17 18:15:16,006 - Step 17 norm(X - TN_G_ATR): 4017.7294921875
2024-12-17 18:15:16,093 - Step 18 norm(X - TN_G_ATR): 4017.69970703125
2024-12-17 18:15:16,179 - Step 19 norm(X - TN_G_ATR): 4017.670654296875
2024-12-17 18:15:16,266 - Step 20 norm(X - TN_G_ATR): 4017.642333984375
2024-12-17 18:15:16,352 - Step 21 norm(X - TN_G_ATR): 4017.6142578125
2024-12-17 18:15:16,441 - Step 22 norm(X - TN_G_ATR): 4017.587158203125
2024-12-17 18:15:16,528 - Step 23 norm(X - TN_G_ATR): 4017.560546875
2024-12-17 18:15:16,637 - Step 24 norm(X - TN_G_ATR): 4017.53466796875
2024-12-17 18:15:16,749 - Step 25 norm(X - TN_G_ATR): 4017.509521484375
2024-12-17 18:15:16,846 - Step 26 norm(X - TN_G_ATR): 4017.484375
2024-12-17 18:15:16,938 - Step 27 norm(X - TN_G_ATR): 4017.460693359375
2024-12-17 18:15:17,034 - Step 28 norm(X - TN_G_ATR): 4017.437255859375
2024-12-17 18:15:17,131 - Step 29 norm(X - TN_G_ATR): 4017.414306640625
2024-12-17 18:15:17,224 - Step 30 norm(X - TN_G_ATR): 4017.392333984375
2024-12-17 18:15:17,317 - Step 31 norm(X - TN_G_ATR): 4017.370849609375
2024-12-17 18:15:17,404 - Step 32 norm(X - TN_G_ATR): 4017.35009765625
2024-12-17 18:15:17,487 - Step 33 norm(X - TN_G_ATR): 4017.32958984375
2024-12-17 18:15:17,570 - Step 34 norm(X - TN_G_ATR): 4017.309814453125
2024-12-17 18:15:17,655 - Step 35 norm(X - TN_G_ATR): 4017.29052734375
2024-12-17 18:15:17,747 - Step 36 norm(X - TN_G_ATR): 4017.27197265625
2024-12-17 18:15:17,836 - Step 37 norm(X - TN_G_ATR): 4017.25390625
2024-12-17 18:15:17,923 - Step 38 norm(X - TN_G_ATR): 4017.236083984375
2024-12-17 18:15:18,010 - Step 39 norm(X - TN_G_ATR): 4017.21923828125
2024-12-17 18:15:18,096 - Step 40 norm(X - TN_G_ATR): 4017.202392578125
2024-12-17 18:15:18,194 - Step 41 norm(X - TN_G_ATR): 4017.1865234375
2024-12-17 18:15:18,297 - Step 42 norm(X - TN_G_ATR): 4017.1708984375
2024-12-17 18:15:18,384 - Step 43 norm(X - TN_G_ATR): 4017.155517578125
2024-12-17 18:15:18,479 - Step 44 norm(X - TN_G_ATR): 4017.14111328125
2024-12-17 18:15:18,564 - Step 45 norm(X - TN_G_ATR): 4017.126953125
2024-12-17 18:15:18,665 - Step 46 norm(X - TN_G_ATR): 4017.11279296875
2024-12-17 18:15:18,771 - Step 47 norm(X - TN_G_ATR): 4017.099609375
2024-12-17 18:15:18,868 - Step 48 norm(X - TN_G_ATR): 4017.08642578125
2024-12-17 18:15:18,957 - Step 49 norm(X - TN_G_ATR): 4017.073974609375
2024-12-17 18:15:19,045 - Step 50 norm(X - TN_G_ATR): 4017.0615234375
2024-12-17 18:15:19,138 - Step 51 norm(X - TN_G_ATR): 4017.050048828125
2024-12-17 18:15:19,224 - Step 52 norm(X - TN_G_ATR): 4017.03857421875
2024-12-17 18:15:19,304 - Step 53 norm(X - TN_G_ATR): 4017.027587890625
2024-12-17 18:15:19,374 - Step 54 norm(X - TN_G_ATR): 4017.016845703125
2024-12-17 18:15:19,445 - Step 55 norm(X - TN_G_ATR): 4017.00634765625
2024-12-17 18:15:19,517 - Step 56 norm(X - TN_G_ATR): 4016.99609375
2024-12-17 18:15:19,588 - Step 57 norm(X - TN_G_ATR): 4016.986328125
2024-12-17 18:15:19,668 - Step 58 norm(X - TN_G_ATR): 4016.97705078125
2024-12-17 18:15:19,764 - Step 59 norm(X - TN_G_ATR): 4016.9677734375
2024-12-17 18:15:19,841 - Step 60 norm(X - TN_G_ATR): 4016.958984375
2024-12-17 18:15:19,913 - Step 61 norm(X - TN_G_ATR): 4016.95068359375
2024-12-17 18:15:19,987 - Step 62 norm(X - TN_G_ATR): 4016.942138671875
2024-12-17 18:15:20,065 - Step 63 norm(X - TN_G_ATR): 4016.93408203125
2024-12-17 18:15:20,162 - Step 64 norm(X - TN_G_ATR): 4016.92626953125
2024-12-17 18:15:20,258 - Step 65 norm(X - TN_G_ATR): 4016.9189453125
2024-12-17 18:15:20,336 - Step 66 norm(X - TN_G_ATR): 4016.911865234375
2024-12-17 18:15:20,409 - Step 67 norm(X - TN_G_ATR): 4016.90478515625
2024-12-17 18:15:20,480 - Step 68 norm(X - TN_G_ATR): 4016.89794921875
2024-12-17 18:15:20,554 - Step 69 norm(X - TN_G_ATR): 4016.891357421875
2024-12-17 18:15:20,630 - Step 70 norm(X - TN_G_ATR): 4016.88525390625
2024-12-17 18:15:20,704 - Step 71 norm(X - TN_G_ATR): 4016.879150390625
2024-12-17 18:15:20,776 - Step 72 norm(X - TN_G_ATR): 4016.873291015625
2024-12-17 18:15:20,866 - Step 73 norm(X - TN_G_ATR): 4016.867919921875
2024-12-17 18:15:20,955 - Step 74 norm(X - TN_G_ATR): 4016.862548828125
2024-12-17 18:15:21,047 - Step 75 norm(X - TN_G_ATR): 4016.857421875
2024-12-17 18:15:21,122 - Step 76 norm(X - TN_G_ATR): 4016.852294921875
2024-12-17 18:15:21,219 - Step 77 norm(X - TN_G_ATR): 4016.84765625
2024-12-17 18:15:21,311 - Step 78 norm(X - TN_G_ATR): 4016.84326171875
2024-12-17 18:15:21,401 - Step 79 norm(X - TN_G_ATR): 4016.838623046875
2024-12-17 18:15:21,492 - Step 80 norm(X - TN_G_ATR): 4016.83447265625
2024-12-17 18:15:21,576 - Step 81 norm(X - TN_G_ATR): 4016.83056640625
2024-12-17 18:15:21,653 - Step 82 norm(X - TN_G_ATR): 4016.82666015625
2024-12-17 18:15:21,730 - Step 83 norm(X - TN_G_ATR): 4016.82275390625
2024-12-17 18:15:21,817 - Step 84 norm(X - TN_G_ATR): 4016.819580078125
2024-12-17 18:15:21,913 - Step 85 norm(X - TN_G_ATR): 4016.816162109375
2024-12-17 18:15:22,005 - Step 86 norm(X - TN_G_ATR): 4016.81298828125
2024-12-17 18:15:22,089 - Step 87 norm(X - TN_G_ATR): 4016.809814453125
2024-12-17 18:15:22,170 - Step 88 norm(X - TN_G_ATR): 4016.806884765625
2024-12-17 18:15:22,251 - Step 89 norm(X - TN_G_ATR): 4016.80419921875
2024-12-17 18:15:22,332 - Step 90 norm(X - TN_G_ATR): 4016.80126953125
2024-12-17 18:15:22,405 - Step 91 norm(X - TN_G_ATR): 4016.798828125
2024-12-17 18:15:22,481 - Step 92 norm(X - TN_G_ATR): 4016.79638671875
2024-12-17 18:15:22,553 - Step 93 norm(X - TN_G_ATR): 4016.794189453125
2024-12-17 18:15:22,630 - Step 94 norm(X - TN_G_ATR): 4016.791748046875
2024-12-17 18:15:22,702 - Step 95 norm(X - TN_G_ATR): 4016.7900390625
2024-12-17 18:15:22,773 - Step 96 norm(X - TN_G_ATR): 4016.787841796875
2024-12-17 18:15:22,844 - Step 97 norm(X - TN_G_ATR): 4016.785888671875
2024-12-17 18:15:22,924 - Step 98 norm(X - TN_G_ATR): 4016.783935546875
2024-12-17 18:15:22,996 - Step 99 norm(X - TN_G_ATR): 4016.782470703125
2024-12-17 18:15:22,996 - Norm2 (Comparison Algorithm): 4016.782470703125
2024-12-17 18:15:23,022 - Norm2 (Our Algorithm): 4103.10888671875
2024-12-17 18:15:23,022 - Norm2 (Original TR Algorithm): 4017.94482421875
