2024-12-25 16:32:32,793 - Norm2 (epsilon): 10000
2024-12-25 16:32:32,793 - Optimization parameters:
2024-12-25 16:32:32,793 - epsilon (Frobenius norm constraint): 10000
2024-12-25 16:32:32,793 - inner_tol (Tolerance for inner optimization): 1e-10
2024-12-25 16:32:32,793 - lr (Learning rate): 0.01
2024-12-25 16:32:32,793 - outer_num_steps (Number of outer optimization steps): 50
2024-12-25 16:32:32,793 - inner_num_steps (Number of inner optimization steps): 200
2024-12-25 16:32:32,793 - outer_dis_num (Display loss every outer_dis_num steps): 1
2024-12-25 16:32:32,793 - inner_dis_num (Display loss every inner_dis_num steps): 2000
2024-12-25 16:32:36,498 - Step 0, RSE_E: 0.04155560955405235, Loss_X_Ours: 27.47325325012207, normE: 22.592540740966797
2024-12-25 16:32:39,880 - Step 1, RSE_E: 0.041948575526475906, Loss_X_Ours: 27.289749145507812, normE: 22.600366592407227
2024-12-25 16:32:43,347 - Step 2, RSE_E: 0.042411498725414276, Loss_X_Ours: 27.18846893310547, normE: 22.60836410522461
2024-12-25 16:32:46,770 - Step 3, RSE_E: 0.042877085506916046, Loss_X_Ours: 27.131467819213867, normE: 22.616535186767578
2024-12-25 16:32:50,189 - Step 4, RSE_E: 0.04332227259874344, Loss_X_Ours: 27.112993240356445, normE: 22.624874114990234
2024-12-25 16:32:53,532 - Step 5, RSE_E: 0.043764058500528336, Loss_X_Ours: 27.10679054260254, normE: 22.633380889892578
2024-12-25 16:32:56,960 - Step 6, RSE_E: 0.04420752823352814, Loss_X_Ours: 27.10476303100586, normE: 22.64205551147461
2024-12-25 16:33:00,394 - Step 7, RSE_E: 0.0446564219892025, Loss_X_Ours: 27.1052303314209, normE: 22.65090560913086
2024-12-25 16:33:03,354 - Step 8, RSE_E: 0.04510927572846413, Loss_X_Ours: 27.10784912109375, normE: 22.65993309020996
2024-12-25 16:33:04,653 - Step 9, RSE_E: 0.045565810054540634, Loss_X_Ours: 27.113231658935547, normE: 22.669139862060547
2024-12-25 16:33:07,012 - Step 10, RSE_E: 0.046027857810258865, Loss_X_Ours: 27.118148803710938, normE: 22.678529739379883
2024-12-25 16:33:07,632 - Step 11, RSE_E: 0.04649237170815468, Loss_X_Ours: 27.12607765197754, normE: 22.688106536865234
2024-12-25 16:33:08,248 - Step 12, RSE_E: 0.04696193337440491, Loss_X_Ours: 27.13302230834961, normE: 22.697874069213867
2024-12-25 16:33:09,444 - Step 13, RSE_E: 0.047436609864234924, Loss_X_Ours: 27.141054153442383, normE: 22.707834243774414
2024-12-25 16:33:10,322 - Step 14, RSE_E: 0.047915417701005936, Loss_X_Ours: 27.148008346557617, normE: 22.717992782592773
2024-12-25 16:33:10,466 - Step 15, RSE_E: 0.04839880391955376, Loss_X_Ours: 27.157474517822266, normE: 22.72835350036621
2024-12-25 16:33:10,867 - Step 16, RSE_E: 0.04888702183961868, Loss_X_Ours: 27.166213989257812, normE: 22.73891830444336
2024-12-25 16:33:11,388 - Step 17, RSE_E: 0.049381472170352936, Loss_X_Ours: 27.174896240234375, normE: 22.74969482421875
2024-12-25 16:33:11,725 - Step 18, RSE_E: 0.049878984689712524, Loss_X_Ours: 27.183713912963867, normE: 22.76068115234375
2024-12-25 16:33:12,114 - Step 19, RSE_E: 0.05038215592503548, Loss_X_Ours: 27.194034576416016, normE: 22.771886825561523
2024-12-25 16:33:12,431 - Step 20, RSE_E: 0.0508907213807106, Loss_X_Ours: 27.202417373657227, normE: 22.783315658569336
2024-12-25 16:33:12,928 - Step 21, RSE_E: 0.05140401050448418, Loss_X_Ours: 27.213024139404297, normE: 22.79496955871582
2024-12-25 16:33:13,299 - Step 22, RSE_E: 0.05192232131958008, Loss_X_Ours: 27.221899032592773, normE: 22.80685043334961
2024-12-25 16:33:13,444 - Step 23, RSE_E: 0.052446700632572174, Loss_X_Ours: 27.232995986938477, normE: 22.818967819213867
2024-12-25 16:33:13,490 - Step 24, RSE_E: 0.05297449976205826, Loss_X_Ours: 27.24250030517578, normE: 22.831323623657227
2024-12-25 16:33:13,724 - Step 25, RSE_E: 0.05350923538208008, Loss_X_Ours: 27.25494956970215, normE: 22.84392547607422
2024-12-25 16:33:14,710 - Step 26, RSE_E: 0.054049864411354065, Loss_X_Ours: 27.26531219482422, normE: 22.856773376464844
2024-12-25 16:33:14,833 - Step 27, RSE_E: 0.0545949824154377, Loss_X_Ours: 27.2756404876709, normE: 22.869876861572266
2024-12-25 16:33:14,961 - Step 28, RSE_E: 0.055144473910331726, Loss_X_Ours: 27.28767967224121, normE: 22.88323402404785
2024-12-25 16:33:15,337 - Step 29, RSE_E: 0.05570125952363014, Loss_X_Ours: 27.29937171936035, normE: 22.8968563079834
2024-12-25 16:33:16,319 - Step 30, RSE_E: 0.05626523122191429, Loss_X_Ours: 27.31052589416504, normE: 22.910747528076172
2024-12-25 16:33:17,270 - Step 31, RSE_E: 0.056831810623407364, Loss_X_Ours: 27.3212833404541, normE: 22.924911499023438
2024-12-25 16:33:17,389 - Step 32, RSE_E: 0.05740465223789215, Loss_X_Ours: 27.33452796936035, normE: 22.939353942871094
2024-12-25 16:33:17,491 - Step 33, RSE_E: 0.05798448622226715, Loss_X_Ours: 27.346725463867188, normE: 22.954078674316406
2024-12-25 16:33:18,095 - Step 34, RSE_E: 0.05856948345899582, Loss_X_Ours: 27.35865592956543, normE: 22.969093322753906
2024-12-25 16:33:18,309 - Step 35, RSE_E: 0.059158939868211746, Loss_X_Ours: 27.37244987487793, normE: 22.98440170288086
2024-12-25 16:33:18,778 - Step 36, RSE_E: 0.05975523218512535, Loss_X_Ours: 27.38580322265625, normE: 23.000009536743164
2024-12-25 16:33:18,994 - Step 37, RSE_E: 0.06035708263516426, Loss_X_Ours: 27.400218963623047, normE: 23.01592254638672
2024-12-25 16:33:19,857 - Step 38, RSE_E: 0.06096821650862694, Loss_X_Ours: 27.41217041015625, normE: 23.032146453857422
2024-12-25 16:33:20,379 - Step 39, RSE_E: 0.061581555753946304, Loss_X_Ours: 27.425878524780273, normE: 23.048686981201172
2024-12-25 16:33:22,057 - Step 40, RSE_E: 0.06220446527004242, Loss_X_Ours: 27.440656661987305, normE: 23.065553665161133
2024-12-25 16:33:22,550 - Step 41, RSE_E: 0.06283101439476013, Loss_X_Ours: 27.45545196533203, normE: 23.082748413085938
2024-12-25 16:33:23,074 - Step 42, RSE_E: 0.06346350908279419, Loss_X_Ours: 27.469900131225586, normE: 23.100276947021484
2024-12-25 16:33:23,359 - Step 43, RSE_E: 0.06410426646471024, Loss_X_Ours: 27.486845016479492, normE: 23.118148803710938
2024-12-25 16:33:24,214 - Step 44, RSE_E: 0.06475040316581726, Loss_X_Ours: 27.50092124938965, normE: 23.136367797851562
2024-12-25 16:33:24,815 - Step 45, RSE_E: 0.06540321558713913, Loss_X_Ours: 27.51640510559082, normE: 23.15494155883789
2024-12-25 16:33:25,047 - Step 46, RSE_E: 0.06606265157461166, Loss_X_Ours: 27.53357696533203, normE: 23.173877716064453
2024-12-25 16:33:25,501 - Step 47, RSE_E: 0.06672906875610352, Loss_X_Ours: 27.549823760986328, normE: 23.193178176879883
2024-12-25 16:33:25,612 - Step 48, RSE_E: 0.06740109622478485, Loss_X_Ours: 27.565963745117188, normE: 23.21285629272461
2024-12-25 16:33:26,439 - Step 49, RSE_E: 0.06807985156774521, Loss_X_Ours: 27.58431053161621, normE: 23.232913970947266
2024-12-25 16:33:29,798 - Norm2 (Original TR Algorithm): 27.25602912902832
2024-12-25 16:33:29,798 - Norm2 (Our Algorithm): 27.58431053161621
2024-12-25 16:33:29,868 - Clipping input data to the valid range for imshow with RGB data ([0..1] for floats or [0..255] for integers). Got range [-0.107907884..1.1304995].
2024-12-25 16:33:29,872 - Clipping input data to the valid range for imshow with RGB data ([0..1] for floats or [0..255] for integers). Got range [-0.23689522..0.23281403].
2024-12-25 16:33:29,874 - Clipping input data to the valid range for imshow with RGB data ([0..1] for floats or [0..255] for integers). Got range [-0.1780717..1.1492766].
2024-12-25 16:33:29,876 - Clipping input data to the valid range for imshow with RGB data ([0..1] for floats or [0..255] for integers). Got range [-0.13856617..1.2404389].
