2024-12-24 20:10:07,271 - Norm2 (epsilon): 100
2024-12-24 20:10:07,271 - Optimization parameters:
2024-12-24 20:10:07,271 - epsilon (Frobenius norm constraint): 100
2024-12-24 20:10:07,271 - inner_tol (Tolerance for inner optimization): 1e-10
2024-12-24 20:10:07,271 - lr (Learning rate): 0.01
2024-12-24 20:10:07,271 - outer_num_steps (Number of outer optimization steps): 50
2024-12-24 20:10:07,271 - inner_num_steps (Number of inner optimization steps): 200
2024-12-24 20:10:07,271 - outer_dis_num (Display loss every outer_dis_num steps): 1
2024-12-24 20:10:07,271 - inner_dis_num (Display loss every inner_dis_num steps): 2000
2024-12-24 20:10:09,883 - Comparison Step 0, Loss_X_TNG: 26.81871795654297, normE: 0.22596490383148193
2024-12-24 20:10:10,443 - Comparison Step 1, Loss_X_TNG: 26.682830810546875, normE: 0.22596490383148193
2024-12-24 20:10:11,011 - Comparison Step 2, Loss_X_TNG: 26.573345184326172, normE: 0.22596490383148193
2024-12-24 20:10:11,565 - Comparison Step 3, Loss_X_TNG: 26.519969940185547, normE: 0.22596490383148193
2024-12-24 20:10:12,118 - Comparison Step 4, Loss_X_TNG: 26.49169158935547, normE: 0.22596490383148193
2024-12-24 20:10:12,670 - Comparison Step 5, Loss_X_TNG: 26.47348976135254, normE: 0.22596490383148193
2024-12-24 20:10:13,221 - Comparison Step 6, Loss_X_TNG: 26.46031379699707, normE: 0.22596490383148193
2024-12-24 20:10:13,249 - Comparison Step 7, Loss_X_TNG: 26.45990562438965, normE: 0.22596490383148193
2024-12-24 20:10:13,270 - Comparison Step 8, Loss_X_TNG: 26.45952606201172, normE: 0.22596490383148193
2024-12-24 20:10:13,642 - Comparison Step 9, Loss_X_TNG: 26.45246696472168, normE: 0.22596490383148193
2024-12-24 20:10:13,839 - Comparison Step 10, Loss_X_TNG: 26.449134826660156, normE: 0.22596490383148193
2024-12-24 20:10:14,138 - Comparison Step 11, Loss_X_TNG: 26.444358825683594, normE: 0.22596490383148193
2024-12-24 20:10:14,218 - Comparison Step 12, Loss_X_TNG: 26.44318389892578, normE: 0.22596490383148193
2024-12-24 20:10:14,338 - Comparison Step 13, Loss_X_TNG: 26.441436767578125, normE: 0.22596490383148193
2024-12-24 20:10:14,632 - Comparison Step 14, Loss_X_TNG: 26.437639236450195, normE: 0.22596490383148193
2024-12-24 20:10:15,179 - Comparison Step 15, Loss_X_TNG: 26.442020416259766, normE: 0.22596490383148193
2024-12-24 20:10:15,452 - Comparison Step 16, Loss_X_TNG: 26.43351936340332, normE: 0.22596490383148193
2024-12-24 20:10:15,530 - Comparison Step 17, Loss_X_TNG: 26.432313919067383, normE: 0.22596490383148193
2024-12-24 20:10:15,597 - Comparison Step 18, Loss_X_TNG: 26.431339263916016, normE: 0.22596490383148193
2024-12-24 20:10:15,824 - Comparison Step 19, Loss_X_TNG: 26.428293228149414, normE: 0.22596490383148193
2024-12-24 20:10:16,324 - Comparison Step 20, Loss_X_TNG: 26.423063278198242, normE: 0.22596490383148193
2024-12-24 20:10:16,821 - Comparison Step 21, Loss_X_TNG: 26.41853904724121, normE: 0.22596490383148193
2024-12-24 20:10:17,525 - Comparison Step 22, Loss_X_TNG: 26.41387939453125, normE: 0.22596490383148193
2024-12-24 20:10:17,757 - Comparison Step 23, Loss_X_TNG: 26.41152572631836, normE: 0.22596490383148193
2024-12-24 20:10:18,442 - Comparison Step 24, Loss_X_TNG: 26.407913208007812, normE: 0.22596490383148193
2024-12-24 20:10:18,997 - Comparison Step 25, Loss_X_TNG: 26.399995803833008, normE: 0.22596490383148193
2024-12-24 20:10:19,414 - Comparison Step 26, Loss_X_TNG: 26.39798927307129, normE: 0.22596490383148193
2024-12-24 20:10:19,526 - Comparison Step 27, Loss_X_TNG: 26.39619255065918, normE: 0.22596490383148193
2024-12-24 20:10:20,075 - Comparison Step 28, Loss_X_TNG: 26.394872665405273, normE: 0.22596490383148193
2024-12-24 20:10:20,232 - Comparison Step 29, Loss_X_TNG: 26.391292572021484, normE: 0.22596490383148193
2024-12-24 20:10:20,630 - Comparison Step 30, Loss_X_TNG: 26.385696411132812, normE: 0.22596490383148193
2024-12-24 20:10:20,856 - Comparison Step 31, Loss_X_TNG: 26.386505126953125, normE: 0.22596490383148193
2024-12-24 20:10:20,990 - Comparison Step 32, Loss_X_TNG: 26.384048461914062, normE: 0.22596490383148193
2024-12-24 20:10:21,041 - Comparison Step 33, Loss_X_TNG: 26.383419036865234, normE: 0.22596490383148193
2024-12-24 20:10:21,079 - Comparison Step 34, Loss_X_TNG: 26.383026123046875, normE: 0.22596490383148193
2024-12-24 20:10:21,164 - Comparison Step 35, Loss_X_TNG: 26.38197898864746, normE: 0.22596490383148193
2024-12-24 20:10:21,719 - Comparison Step 36, Loss_X_TNG: 26.42820167541504, normE: 0.22596490383148193
2024-12-24 20:10:22,268 - Comparison Step 37, Loss_X_TNG: 26.39382553100586, normE: 0.22596490383148193
2024-12-24 20:10:22,457 - Comparison Step 38, Loss_X_TNG: 26.386734008789062, normE: 0.22596490383148193
2024-12-24 20:10:23,011 - Comparison Step 39, Loss_X_TNG: 26.376977920532227, normE: 0.22596490383148193
2024-12-24 20:10:23,119 - Comparison Step 40, Loss_X_TNG: 26.372283935546875, normE: 0.22596490383148193
2024-12-24 20:10:23,672 - Comparison Step 41, Loss_X_TNG: 26.36963653564453, normE: 0.22596490383148193
2024-12-24 20:10:24,219 - Comparison Step 42, Loss_X_TNG: 26.362102508544922, normE: 0.22596490383148193
2024-12-24 20:10:24,778 - Comparison Step 43, Loss_X_TNG: 26.360021591186523, normE: 0.22596490383148193
2024-12-24 20:10:25,330 - Comparison Step 44, Loss_X_TNG: 26.347042083740234, normE: 0.22596490383148193
2024-12-24 20:10:25,897 - Comparison Step 45, Loss_X_TNG: 26.34185791015625, normE: 0.22596490383148193
2024-12-24 20:10:26,443 - Comparison Step 46, Loss_X_TNG: 26.39879035949707, normE: 0.22596490383148193
2024-12-24 20:10:27,000 - Comparison Step 47, Loss_X_TNG: 26.370994567871094, normE: 0.22596490383148193
2024-12-24 20:10:27,552 - Comparison Step 48, Loss_X_TNG: 26.35811424255371, normE: 0.22596490383148193
2024-12-24 20:10:27,649 - Comparison Step 49, Loss_X_TNG: 26.3558292388916, normE: 0.22596490383148193
2024-12-24 20:10:28,244 - Comparison Step 0, Loss_X_TNG: 26.349048614501953, normE: 4.442046642303467
2024-12-24 20:10:28,795 - Comparison Step 1, Loss_X_TNG: 26.8779296875, normE: 8.360434532165527
2024-12-24 20:10:29,344 - Comparison Step 2, Loss_X_TNG: 27.364206314086914, normE: 8.249489784240723
2024-12-24 20:10:29,900 - Comparison Step 3, Loss_X_TNG: 27.135751724243164, normE: 8.332723617553711
2024-12-24 20:10:30,451 - Comparison Step 4, Loss_X_TNG: 26.870702743530273, normE: 8.23297119140625
2024-12-24 20:10:31,015 - Comparison Step 5, Loss_X_TNG: 26.66019630432129, normE: 8.257184028625488
2024-12-24 20:10:31,567 - Comparison Step 6, Loss_X_TNG: 26.91826629638672, normE: 8.219583511352539
2024-12-24 20:10:32,122 - Comparison Step 7, Loss_X_TNG: 26.580617904663086, normE: 8.22268295288086
2024-12-24 20:10:32,677 - Comparison Step 8, Loss_X_TNG: 26.579896926879883, normE: 8.202779769897461
2024-12-24 20:10:33,231 - Comparison Step 9, Loss_X_TNG: 26.526819229125977, normE: 8.197205543518066
2024-12-24 20:10:33,788 - Comparison Step 10, Loss_X_TNG: 26.9500789642334, normE: 8.206791877746582
2024-12-24 20:10:34,340 - Comparison Step 11, Loss_X_TNG: 26.7618350982666, normE: 8.205201148986816
2024-12-24 20:10:34,897 - Comparison Step 12, Loss_X_TNG: 26.736536026000977, normE: 8.210033416748047
2024-12-24 20:10:35,449 - Comparison Step 13, Loss_X_TNG: 26.63625144958496, normE: 8.202378273010254
2024-12-24 20:10:36,241 - Comparison Step 14, Loss_X_TNG: 26.583736419677734, normE: 8.198272705078125
2024-12-24 20:10:37,004 - Comparison Step 15, Loss_X_TNG: 26.521751403808594, normE: 8.189842224121094
2024-12-24 20:10:37,566 - Comparison Step 16, Loss_X_TNG: 26.54965591430664, normE: 8.188197135925293
2024-12-24 20:10:38,128 - Comparison Step 17, Loss_X_TNG: 26.596006393432617, normE: 8.18616771697998
2024-12-24 20:10:38,700 - Comparison Step 18, Loss_X_TNG: 26.65371322631836, normE: 8.188541412353516
2024-12-24 20:10:38,895 - Comparison Step 19, Loss_X_TNG: 26.658920288085938, normE: 8.187308311462402
2024-12-24 20:10:39,407 - Comparison Step 20, Loss_X_TNG: 26.65045928955078, normE: 8.187202453613281
2024-12-24 20:10:39,980 - Comparison Step 21, Loss_X_TNG: 26.79079246520996, normE: 8.190792083740234
2024-12-24 20:10:40,537 - Comparison Step 22, Loss_X_TNG: 26.722192764282227, normE: 8.19027328491211
2024-12-24 20:10:41,114 - Comparison Step 23, Loss_X_TNG: 26.63646697998047, normE: 8.188157081604004
2024-12-24 20:10:41,544 - Comparison Step 24, Loss_X_TNG: 26.569869995117188, normE: 8.183998107910156
2024-12-24 20:10:42,113 - Comparison Step 25, Loss_X_TNG: 26.8128719329834, normE: 8.19025993347168
2024-12-24 20:10:42,680 - Comparison Step 26, Loss_X_TNG: 26.721975326538086, normE: 8.189031600952148
2024-12-24 20:10:43,162 - Comparison Step 27, Loss_X_TNG: 26.634580612182617, normE: 8.187372207641602
2024-12-24 20:10:43,731 - Comparison Step 28, Loss_X_TNG: 26.548358917236328, normE: 8.18126106262207
2024-12-24 20:10:44,301 - Comparison Step 29, Loss_X_TNG: 26.557323455810547, normE: 8.179428100585938
2024-12-24 20:10:44,883 - Comparison Step 30, Loss_X_TNG: 26.57362174987793, normE: 8.176874160766602
2024-12-24 20:10:45,218 - Comparison Step 31, Loss_X_TNG: 26.569311141967773, normE: 8.174481391906738
2024-12-24 20:10:45,868 - Comparison Step 32, Loss_X_TNG: 26.616561889648438, normE: 8.175140380859375
2024-12-24 20:10:46,283 - Comparison Step 33, Loss_X_TNG: 26.593725204467773, normE: 8.17347240447998
2024-12-24 20:10:46,537 - Comparison Step 34, Loss_X_TNG: 26.570510864257812, normE: 8.17120361328125
2024-12-24 20:10:47,251 - Comparison Step 35, Loss_X_TNG: 26.558475494384766, normE: 8.168155670166016
2024-12-24 20:10:47,990 - Comparison Step 36, Loss_X_TNG: 26.58268928527832, normE: 8.169344902038574
2024-12-24 20:10:48,721 - Comparison Step 37, Loss_X_TNG: 26.586109161376953, normE: 8.168457984924316
2024-12-24 20:10:49,551 - Comparison Step 38, Loss_X_TNG: 26.551097869873047, normE: 8.165705680847168
2024-12-24 20:10:49,821 - Comparison Step 39, Loss_X_TNG: 26.51308250427246, normE: 8.162331581115723
2024-12-24 20:10:49,948 - Comparison Step 40, Loss_X_TNG: 26.489091873168945, normE: 8.157865524291992
2024-12-24 20:10:50,672 - Comparison Step 41, Loss_X_TNG: 26.623430252075195, normE: 8.160628318786621
2024-12-24 20:10:51,399 - Comparison Step 42, Loss_X_TNG: 26.673566818237305, normE: 8.163789749145508
2024-12-24 20:10:52,225 - Comparison Step 43, Loss_X_TNG: 26.69293975830078, normE: 8.166069984436035
2024-12-24 20:10:53,090 - Comparison Step 44, Loss_X_TNG: 28.887760162353516, normE: 8.179363250732422
2024-12-24 20:10:53,963 - Comparison Step 45, Loss_X_TNG: 26.773090362548828, normE: 8.173623085021973
2024-12-24 20:10:54,619 - Comparison Step 46, Loss_X_TNG: 26.65258026123047, normE: 8.17688274383545
2024-12-24 20:10:55,049 - Comparison Step 47, Loss_X_TNG: 26.668912887573242, normE: 8.175431251525879
2024-12-24 20:10:55,631 - Comparison Step 48, Loss_X_TNG: 26.647851943969727, normE: 8.176539421081543
2024-12-24 20:10:56,196 - Comparison Step 49, Loss_X_TNG: 26.55721664428711, normE: 8.170997619628906
2024-12-24 20:10:56,197 - Norm2 (Comparison Algorithm): 26.55721664428711
2024-12-24 20:10:56,754 - Norm2 (Original TR Algorithm): 26.756698608398438
2024-12-24 20:10:56,754 - Norm2 (Our Algorithm): 26.3558292388916
2024-12-24 20:10:56,852 - Clipping input data to the valid range for imshow with RGB data ([0..1] for floats or [0..255] for integers). Got range [-0.12355743..1.1842052].
2024-12-24 20:10:56,856 - Clipping input data to the valid range for imshow with RGB data ([0..1] for floats or [0..255] for integers). Got range [-0.002231718..0.002198517].
2024-12-24 20:10:56,858 - Clipping input data to the valid range for imshow with RGB data ([0..1] for floats or [0..255] for integers). Got range [-0.00154314..1.0012529].
2024-12-24 20:10:56,859 - Clipping input data to the valid range for imshow with RGB data ([0..1] for floats or [0..255] for integers). Got range [-0.10182124..1.180789].
2024-12-24 20:10:56,863 - Clipping input data to the valid range for imshow with RGB data ([0..1] for floats or [0..255] for integers). Got range [-0.029431192..0.029122384].
2024-12-24 20:10:56,864 - Clipping input data to the valid range for imshow with RGB data ([0..1] for floats or [0..255] for integers). Got range [-0.0213476..1.0242796].
2024-12-24 20:10:56,866 - Clipping input data to the valid range for imshow with RGB data ([0..1] for floats or [0..255] for integers). Got range [-0.13841297..1.1336459].
