2024-12-17 20:27:42,233 - Optimization parameters:
2024-12-17 20:27:42,233 - epsilon (Frobenius norm constraint): 10000.0
2024-12-17 20:27:42,233 - inner_tol (Tolerance for inner optimization): 1e-10
2024-12-17 20:27:42,233 - lr (Learning rate): 0.01
2024-12-17 20:27:42,233 - outer_num_steps (Number of outer optimization steps): 100
2024-12-17 20:27:42,233 - inner_num_steps (Number of inner optimization steps): 100
2024-12-17 20:27:42,233 - outer_dis_num (Display loss every outer_dis_num steps): 10
2024-12-17 20:27:42,233 - inner_dis_num (Display loss every inner_dis_num steps): 2000
2024-12-17 20:27:44,656 - Step 0 norm(X - TN_G_Ours): 6339.707564233543, norm2(E): 100000000.0
2024-12-17 20:27:45,039 - Step 1 norm(X - TN_G_Ours): 6341.91422206261, norm2(E): 100000000.0
2024-12-17 20:27:45,410 - Step 2 norm(X - TN_G_Ours): 6344.124841142394, norm2(E): 100000000.0
2024-12-17 20:27:45,801 - Step 3 norm(X - TN_G_Ours): 6346.338156764104, norm2(E): 100000000.0
2024-12-17 20:27:46,181 - Step 4 norm(X - TN_G_Ours): 6348.554166107429, norm2(E): 100000000.0
2024-12-17 20:27:46,562 - Step 5 norm(X - TN_G_Ours): 6350.773811119398, norm2(E): 100000000.0
2024-12-17 20:27:46,952 - Step 6 norm(X - TN_G_Ours): 6352.996458365139, norm2(E): 100000000.0
2024-12-17 20:27:47,340 - Step 7 norm(X - TN_G_Ours): 6355.223048800097, norm2(E): 100000000.0
2024-12-17 20:27:47,718 - Step 8 norm(X - TN_G_Ours): 6357.453263689793, norm2(E): 100000000.0
2024-12-17 20:27:48,092 - Step 9 norm(X - TN_G_Ours): 6359.687413702029, norm2(E): 100000000.0
2024-12-17 20:27:48,476 - Step 10 norm(X - TN_G_Ours): 6361.924551580284, norm2(E): 100000000.0
2024-12-17 20:27:48,851 - Step 11 norm(X - TN_G_Ours): 6364.166245471593, norm2(E): 100000000.0
2024-12-17 20:27:49,242 - Step 12 norm(X - TN_G_Ours): 6366.412176414593, norm2(E): 100000000.0
2024-12-17 20:27:49,625 - Step 13 norm(X - TN_G_Ours): 6368.662339926651, norm2(E): 100000019.53125095
2024-12-17 20:27:49,971 - Step 14 norm(X - TN_G_Ours): 6370.91704544958, norm2(E): 100000000.0
2024-12-17 20:27:50,367 - Step 15 norm(X - TN_G_Ours): 6373.175974347484, norm2(E): 100000000.0
2024-12-17 20:27:50,767 - Step 16 norm(X - TN_G_Ours): 6375.43974953885, norm2(E): 100000000.0
2024-12-17 20:27:51,185 - Step 17 norm(X - TN_G_Ours): 6377.708052270816, norm2(E): 100000000.0
2024-12-17 20:27:51,591 - Step 18 norm(X - TN_G_Ours): 6379.981504675386, norm2(E): 100000019.53125095
2024-12-17 20:27:51,998 - Step 19 norm(X - TN_G_Ours): 6382.2613547237315, norm2(E): 100000000.0
2024-12-17 20:27:52,419 - Step 20 norm(X - TN_G_Ours): 6384.544776254608, norm2(E): 100000019.53125095
2024-12-17 20:27:52,610 - Step 21 norm(X - TN_G_Ours): 6386.83333115872, norm2(E): 100000019.53125095
2024-12-17 20:27:52,973 - Step 22 norm(X - TN_G_Ours): 6389.128892110411, norm2(E): 100000000.0
2024-12-17 20:27:53,339 - Step 23 norm(X - TN_G_Ours): 6391.429261127749, norm2(E): 100000019.53125095
2024-12-17 20:27:53,634 - Step 24 norm(X - TN_G_Ours): 6393.735684245948, norm2(E): 100000000.0
2024-12-17 20:27:53,983 - Step 25 norm(X - TN_G_Ours): 6396.047529529467, norm2(E): 100000000.0
2024-12-17 20:27:54,318 - Step 26 norm(X - TN_G_Ours): 6398.365728840451, norm2(E): 100000000.0
2024-12-17 20:27:54,673 - Step 27 norm(X - TN_G_Ours): 6400.689025409686, norm2(E): 100000019.53125095
2024-12-17 20:27:55,007 - Step 28 norm(X - TN_G_Ours): 6403.019600157413, norm2(E): 100000000.0
2024-12-17 20:27:55,361 - Step 29 norm(X - TN_G_Ours): 6405.356196184565, norm2(E): 100000000.0
2024-12-17 20:27:55,710 - Step 30 norm(X - TN_G_Ours): 6407.698806904083, norm2(E): 100000000.0
2024-12-17 20:27:56,096 - Step 31 norm(X - TN_G_Ours): 6410.047737731756, norm2(E): 100000000.0
2024-12-17 20:27:56,487 - Step 32 norm(X - TN_G_Ours): 6412.403605513302, norm2(E): 100000000.0
2024-12-17 20:27:56,875 - Step 33 norm(X - TN_G_Ours): 6414.765467263787, norm2(E): 100000000.0
2024-12-17 20:27:57,286 - Step 34 norm(X - TN_G_Ours): 6417.13425136174, norm2(E): 100000000.0
2024-12-17 20:27:57,661 - Step 35 norm(X - TN_G_Ours): 6419.509015493319, norm2(E): 100000000.0
2024-12-17 20:27:58,051 - Step 36 norm(X - TN_G_Ours): 6421.8906873287715, norm2(E): 100000019.53125095
2024-12-17 20:27:58,446 - Step 37 norm(X - TN_G_Ours): 6424.278947866445, norm2(E): 100000000.0
2024-12-17 20:27:58,848 - Step 38 norm(X - TN_G_Ours): 6426.673478557939, norm2(E): 100000000.0
2024-12-17 20:27:59,253 - Step 39 norm(X - TN_G_Ours): 6429.074583484003, norm2(E): 100000000.0
2024-12-17 20:27:59,640 - Step 40 norm(X - TN_G_Ours): 6431.482255281437, norm2(E): 100000000.0
2024-12-17 20:27:59,973 - Step 41 norm(X - TN_G_Ours): 6433.896797431554, norm2(E): 100000000.0
2024-12-17 20:28:00,372 - Step 42 norm(X - TN_G_Ours): 6436.316337782039, norm2(E): 100000000.0
2024-12-17 20:28:00,689 - Step 43 norm(X - TN_G_Ours): 6438.742423796746, norm2(E): 100000000.0
2024-12-17 20:28:01,076 - Step 44 norm(X - TN_G_Ours): 6441.175048079349, norm2(E): 100000000.0
2024-12-17 20:28:01,472 - Step 45 norm(X - TN_G_Ours): 6443.613892839949, norm2(E): 100000000.0
2024-12-17 20:28:01,866 - Step 46 norm(X - TN_G_Ours): 6446.057709949547, norm2(E): 100000000.0
2024-12-17 20:28:02,264 - Step 47 norm(X - TN_G_Ours): 6448.507424202906, norm2(E): 100000000.0
2024-12-17 20:28:02,659 - Step 48 norm(X - TN_G_Ours): 6450.962098788056, norm2(E): 100000000.0
2024-12-17 20:28:03,057 - Step 49 norm(X - TN_G_Ours): 6453.421728044743, norm2(E): 100000000.0
2024-12-17 20:28:03,466 - Step 50 norm(X - TN_G_Ours): 6455.886616104716, norm2(E): 100000000.0
2024-12-17 20:28:03,860 - Step 51 norm(X - TN_G_Ours): 6458.356137594148, norm2(E): 100000000.0
2024-12-17 20:28:04,259 - Step 52 norm(X - TN_G_Ours): 6460.829668084432, norm2(E): 100000000.0
2024-12-17 20:28:04,662 - Step 53 norm(X - TN_G_Ours): 6463.306274655411, norm2(E): 100000000.0
2024-12-17 20:28:05,073 - Step 54 norm(X - TN_G_Ours): 6465.787191054156, norm2(E): 100000000.0
2024-12-17 20:28:05,454 - Step 55 norm(X - TN_G_Ours): 6468.2711755151395, norm2(E): 100000000.0
2024-12-17 20:28:05,850 - Step 56 norm(X - TN_G_Ours): 6470.758842670618, norm2(E): 100000000.0
2024-12-17 20:28:06,267 - Step 57 norm(X - TN_G_Ours): 6473.248025527834, norm2(E): 100000000.0
2024-12-17 20:28:06,619 - Step 58 norm(X - TN_G_Ours): 6475.739957719117, norm2(E): 100000000.0
2024-12-17 20:28:06,928 - Step 59 norm(X - TN_G_Ours): 6478.233401167327, norm2(E): 99999980.46875095
2024-12-17 20:28:07,273 - Step 60 norm(X - TN_G_Ours): 6480.728045520812, norm2(E): 100000000.0
2024-12-17 20:28:07,516 - Step 61 norm(X - TN_G_Ours): 6483.224197881792, norm2(E): 99999980.46875095
2024-12-17 20:28:07,852 - Step 62 norm(X - TN_G_Ours): 6485.720314660508, norm2(E): 100000000.0
2024-12-17 20:28:08,187 - Step 63 norm(X - TN_G_Ours): 6488.217320651336, norm2(E): 100000000.0
2024-12-17 20:28:08,534 - Step 64 norm(X - TN_G_Ours): 6490.713674165577, norm2(E): 99999980.46875095
2024-12-17 20:28:08,879 - Step 65 norm(X - TN_G_Ours): 6493.209683969862, norm2(E): 100000000.0
2024-12-17 20:28:09,228 - Step 66 norm(X - TN_G_Ours): 6495.704734668902, norm2(E): 100000000.0
2024-12-17 20:28:09,604 - Step 67 norm(X - TN_G_Ours): 6498.198827367473, norm2(E): 100000000.0
2024-12-17 20:28:09,985 - Step 68 norm(X - TN_G_Ours): 6500.69073252989, norm2(E): 100000000.0
2024-12-17 20:28:10,389 - Step 69 norm(X - TN_G_Ours): 6503.181067754457, norm2(E): 99999980.46875095
2024-12-17 20:28:10,783 - Step 70 norm(X - TN_G_Ours): 6505.668912571558, norm2(E): 100000000.0
2024-12-17 20:28:11,162 - Step 71 norm(X - TN_G_Ours): 6508.15457714397, norm2(E): 100000000.0
2024-12-17 20:28:11,547 - Step 72 norm(X - TN_G_Ours): 6510.638063968846, norm2(E): 99999980.46875095
2024-12-17 20:28:11,934 - Step 73 norm(X - TN_G_Ours): 6513.11784017455, norm2(E): 100000000.0
2024-12-17 20:28:12,339 - Step 74 norm(X - TN_G_Ours): 6515.594216953662, norm2(E): 100000000.0
2024-12-17 20:28:12,721 - Step 75 norm(X - TN_G_Ours): 6518.067505020181, norm2(E): 100000000.0
2024-12-17 20:28:13,104 - Step 76 norm(X - TN_G_Ours): 6520.538628058268, norm2(E): 100000000.0
2024-12-17 20:28:13,405 - Step 77 norm(X - TN_G_Ours): 6523.004829064593, norm2(E): 100000000.0
2024-12-17 20:28:13,815 - Step 78 norm(X - TN_G_Ours): 6525.467339585725, norm2(E): 100000000.0
2024-12-17 20:28:14,210 - Step 79 norm(X - TN_G_Ours): 6527.925244670009, norm2(E): 100000000.0
2024-12-17 20:28:14,618 - Step 80 norm(X - TN_G_Ours): 6530.380387083129, norm2(E): 100000000.0
2024-12-17 20:28:15,007 - Step 81 norm(X - TN_G_Ours): 6532.831545356117, norm2(E): 100000000.0
2024-12-17 20:28:15,391 - Step 82 norm(X - TN_G_Ours): 6535.278723971916, norm2(E): 100000000.0
2024-12-17 20:28:15,769 - Step 83 norm(X - TN_G_Ours): 6537.720703731538, norm2(E): 100000000.0
2024-12-17 20:28:16,091 - Step 84 norm(X - TN_G_Ours): 6540.159631079351, norm2(E): 100000000.0
2024-12-17 20:28:16,478 - Step 85 norm(X - TN_G_Ours): 6542.593675294225, norm2(E): 100000000.0
2024-12-17 20:28:16,822 - Step 86 norm(X - TN_G_Ours): 6545.023452975551, norm2(E): 100000019.53125095
2024-12-17 20:28:17,228 - Step 87 norm(X - TN_G_Ours): 6547.450496185519, norm2(E): 100000000.0
2024-12-17 20:28:17,617 - Step 88 norm(X - TN_G_Ours): 6549.871754469701, norm2(E): 99999980.46875095
2024-12-17 20:28:18,019 - Step 89 norm(X - TN_G_Ours): 6552.289676136122, norm2(E): 100000000.0
2024-12-17 20:28:18,409 - Step 90 norm(X - TN_G_Ours): 6554.70334950408, norm2(E): 99999980.46875095
2024-12-17 20:28:18,810 - Step 91 norm(X - TN_G_Ours): 6557.113084277257, norm2(E): 100000000.0
2024-12-17 20:28:19,209 - Step 92 norm(X - TN_G_Ours): 6559.519494597146, norm2(E): 100000000.0
2024-12-17 20:28:19,609 - Step 93 norm(X - TN_G_Ours): 6561.921060177423, norm2(E): 100000000.0
2024-12-17 20:28:20,021 - Step 94 norm(X - TN_G_Ours): 6564.3193097228295, norm2(E): 100000000.0
2024-12-17 20:28:20,370 - Step 95 norm(X - TN_G_Ours): 6566.713028601143, norm2(E): 100000000.0
2024-12-17 20:28:20,727 - Step 96 norm(X - TN_G_Ours): 6569.103744043018, norm2(E): 99999980.46875095
2024-12-17 20:28:21,058 - Step 97 norm(X - TN_G_Ours): 6571.490241946647, norm2(E): 100000000.0
2024-12-17 20:28:21,412 - Step 98 norm(X - TN_G_Ours): 6573.8740480785, norm2(E): 100000000.0
2024-12-17 20:28:21,709 - Step 99 norm(X - TN_G_Ours): 6576.252732369704, norm2(E): 100000000.0
2024-12-17 20:28:21,973 - Step 0 norm(X - TN_G_ATR): 6200.1005859375, norm2(E): 100000019.53125095
2024-12-17 20:28:22,239 - Step 1 norm(X - TN_G_ATR): 6199.48828125, norm2(E): 99999980.46875095
2024-12-17 20:28:22,480 - Step 2 norm(X - TN_G_ATR): 6198.87548828125, norm2(E): 100000000.0
2024-12-17 20:28:22,733 - Step 3 norm(X - TN_G_ATR): 6198.26318359375, norm2(E): 100000000.0
2024-12-17 20:28:22,977 - Step 4 norm(X - TN_G_ATR): 6197.650390625, norm2(E): 100000000.0
2024-12-17 20:28:23,280 - Step 5 norm(X - TN_G_ATR): 6197.0380859375, norm2(E): 100000000.0
2024-12-17 20:28:23,560 - Step 6 norm(X - TN_G_ATR): 6196.42626953125, norm2(E): 100000000.0
2024-12-17 20:28:23,833 - Step 7 norm(X - TN_G_ATR): 6195.8134765625, norm2(E): 99999980.46875095
2024-12-17 20:28:24,111 - Step 8 norm(X - TN_G_ATR): 6195.201171875, norm2(E): 100000000.0
2024-12-17 20:28:24,380 - Step 9 norm(X - TN_G_ATR): 6194.58984375, norm2(E): 100000019.53125095
2024-12-17 20:28:24,679 - Step 10 norm(X - TN_G_ATR): 6193.978515625, norm2(E): 100000000.0
2024-12-17 20:28:24,976 - Step 11 norm(X - TN_G_ATR): 6193.3662109375, norm2(E): 100000000.0
2024-12-17 20:28:25,276 - Step 12 norm(X - TN_G_ATR): 6192.75439453125, norm2(E): 100000000.0
2024-12-17 20:28:25,588 - Step 13 norm(X - TN_G_ATR): 6192.142578125, norm2(E): 100000000.0
2024-12-17 20:28:25,897 - Step 14 norm(X - TN_G_ATR): 6191.53125, norm2(E): 100000000.0
2024-12-17 20:28:26,208 - Step 15 norm(X - TN_G_ATR): 6190.92041015625, norm2(E): 100000000.0
2024-12-17 20:28:26,509 - Step 16 norm(X - TN_G_ATR): 6190.30908203125, norm2(E): 99999980.46875095
2024-12-17 20:28:26,817 - Step 17 norm(X - TN_G_ATR): 6189.69775390625, norm2(E): 100000000.0
2024-12-17 20:28:27,118 - Step 18 norm(X - TN_G_ATR): 6189.08740234375, norm2(E): 100000000.0
2024-12-17 20:28:27,308 - Step 19 norm(X - TN_G_ATR): 6188.4765625, norm2(E): 100000000.0
2024-12-17 20:28:27,577 - Step 20 norm(X - TN_G_ATR): 6187.86572265625, norm2(E): 100000019.53125095
2024-12-17 20:28:27,864 - Step 21 norm(X - TN_G_ATR): 6187.25537109375, norm2(E): 100000000.0
2024-12-17 20:28:28,166 - Step 22 norm(X - TN_G_ATR): 6186.64453125, norm2(E): 100000000.0
2024-12-17 20:28:28,458 - Step 23 norm(X - TN_G_ATR): 6186.0341796875, norm2(E): 100000000.0
2024-12-17 20:28:28,764 - Step 24 norm(X - TN_G_ATR): 6185.4248046875, norm2(E): 100000000.0
2024-12-17 20:28:29,058 - Step 25 norm(X - TN_G_ATR): 6184.814453125, norm2(E): 100000000.0
2024-12-17 20:28:29,346 - Step 26 norm(X - TN_G_ATR): 6184.205078125, norm2(E): 100000000.0
2024-12-17 20:28:29,657 - Step 27 norm(X - TN_G_ATR): 6183.59521484375, norm2(E): 100000000.0
2024-12-17 20:28:29,969 - Step 28 norm(X - TN_G_ATR): 6182.9853515625, norm2(E): 100000000.0
2024-12-17 20:28:30,216 - Step 29 norm(X - TN_G_ATR): 6182.3759765625, norm2(E): 100000000.0
2024-12-17 20:28:30,495 - Step 30 norm(X - TN_G_ATR): 6181.7666015625, norm2(E): 100000000.0
2024-12-17 20:28:30,784 - Step 31 norm(X - TN_G_ATR): 6181.15771484375, norm2(E): 100000000.0
2024-12-17 20:28:31,063 - Step 32 norm(X - TN_G_ATR): 6180.548828125, norm2(E): 100000000.0
2024-12-17 20:28:31,362 - Step 33 norm(X - TN_G_ATR): 6179.93994140625, norm2(E): 100000000.0
2024-12-17 20:28:31,661 - Step 34 norm(X - TN_G_ATR): 6179.33154296875, norm2(E): 100000000.0
2024-12-17 20:28:31,953 - Step 35 norm(X - TN_G_ATR): 6178.72265625, norm2(E): 100000000.0
2024-12-17 20:28:32,186 - Step 36 norm(X - TN_G_ATR): 6178.11474609375, norm2(E): 99999980.46875095
2024-12-17 20:28:32,492 - Step 37 norm(X - TN_G_ATR): 6177.50634765625, norm2(E): 100000000.0
2024-12-17 20:28:32,797 - Step 38 norm(X - TN_G_ATR): 6176.89892578125, norm2(E): 100000000.0
2024-12-17 20:28:33,116 - Step 39 norm(X - TN_G_ATR): 6176.291015625, norm2(E): 100000019.53125095
2024-12-17 20:28:33,386 - Step 40 norm(X - TN_G_ATR): 6175.68310546875, norm2(E): 100000000.0
2024-12-17 20:28:33,640 - Step 41 norm(X - TN_G_ATR): 6175.07568359375, norm2(E): 100000000.0
2024-12-17 20:28:33,893 - Step 42 norm(X - TN_G_ATR): 6174.46875, norm2(E): 100000000.0
2024-12-17 20:28:34,126 - Step 43 norm(X - TN_G_ATR): 6173.861328125, norm2(E): 100000000.0
2024-12-17 20:28:34,369 - Step 44 norm(X - TN_G_ATR): 6173.25439453125, norm2(E): 100000000.0
2024-12-17 20:28:34,600 - Step 45 norm(X - TN_G_ATR): 6172.64794921875, norm2(E): 100000000.0
2024-12-17 20:28:34,824 - Step 46 norm(X - TN_G_ATR): 6172.041015625, norm2(E): 99999980.46875095
2024-12-17 20:28:35,068 - Step 47 norm(X - TN_G_ATR): 6171.43408203125, norm2(E): 100000000.0
2024-12-17 20:28:35,308 - Step 48 norm(X - TN_G_ATR): 6170.828125, norm2(E): 100000000.0
2024-12-17 20:28:35,502 - Step 49 norm(X - TN_G_ATR): 6170.22216796875, norm2(E): 100000000.0
2024-12-17 20:28:35,737 - Step 50 norm(X - TN_G_ATR): 6169.61572265625, norm2(E): 100000019.53125095
2024-12-17 20:28:36,031 - Step 51 norm(X - TN_G_ATR): 6169.01025390625, norm2(E): 100000000.0
2024-12-17 20:28:36,302 - Step 52 norm(X - TN_G_ATR): 6168.404296875, norm2(E): 100000000.0
2024-12-17 20:28:36,586 - Step 53 norm(X - TN_G_ATR): 6167.798828125, norm2(E): 100000000.0
2024-12-17 20:28:36,886 - Step 54 norm(X - TN_G_ATR): 6167.193359375, norm2(E): 100000000.0
2024-12-17 20:28:37,181 - Step 55 norm(X - TN_G_ATR): 6166.587890625, norm2(E): 100000019.53125095
2024-12-17 20:28:37,465 - Step 56 norm(X - TN_G_ATR): 6165.98291015625, norm2(E): 100000000.0
2024-12-17 20:28:37,729 - Step 57 norm(X - TN_G_ATR): 6165.3779296875, norm2(E): 100000000.0
2024-12-17 20:28:38,003 - Step 58 norm(X - TN_G_ATR): 6164.77294921875, norm2(E): 100000000.0
2024-12-17 20:28:38,276 - Step 59 norm(X - TN_G_ATR): 6164.1689453125, norm2(E): 100000000.0
2024-12-17 20:28:38,554 - Step 60 norm(X - TN_G_ATR): 6163.564453125, norm2(E): 100000000.0
2024-12-17 20:28:38,839 - Step 61 norm(X - TN_G_ATR): 6162.95947265625, norm2(E): 100000000.0
2024-12-17 20:28:39,120 - Step 62 norm(X - TN_G_ATR): 6162.35546875, norm2(E): 100000000.0
2024-12-17 20:28:39,387 - Step 63 norm(X - TN_G_ATR): 6161.75146484375, norm2(E): 100000000.0
2024-12-17 20:28:39,672 - Step 64 norm(X - TN_G_ATR): 6161.1474609375, norm2(E): 100000000.0
2024-12-17 20:28:39,947 - Step 65 norm(X - TN_G_ATR): 6160.5439453125, norm2(E): 100000000.0
2024-12-17 20:28:40,228 - Step 66 norm(X - TN_G_ATR): 6159.9404296875, norm2(E): 100000000.0
2024-12-17 20:28:40,516 - Step 67 norm(X - TN_G_ATR): 6159.33740234375, norm2(E): 100000000.0
2024-12-17 20:28:40,802 - Step 68 norm(X - TN_G_ATR): 6158.7333984375, norm2(E): 100000000.0
2024-12-17 20:28:41,093 - Step 69 norm(X - TN_G_ATR): 6158.130859375, norm2(E): 100000000.0
2024-12-17 20:28:41,385 - Step 70 norm(X - TN_G_ATR): 6157.52734375, norm2(E): 100000000.0
2024-12-17 20:28:41,681 - Step 71 norm(X - TN_G_ATR): 6156.92431640625, norm2(E): 100000000.0
2024-12-17 20:28:41,959 - Step 72 norm(X - TN_G_ATR): 6156.322265625, norm2(E): 100000019.53125095
2024-12-17 20:28:42,239 - Step 73 norm(X - TN_G_ATR): 6155.7197265625, norm2(E): 100000000.0
2024-12-17 20:28:42,516 - Step 74 norm(X - TN_G_ATR): 6155.11767578125, norm2(E): 100000000.0
2024-12-17 20:28:42,811 - Step 75 norm(X - TN_G_ATR): 6154.51513671875, norm2(E): 100000000.0
2024-12-17 20:28:43,093 - Step 76 norm(X - TN_G_ATR): 6153.91259765625, norm2(E): 100000000.0
2024-12-17 20:28:43,361 - Step 77 norm(X - TN_G_ATR): 6153.310546875, norm2(E): 100000000.0
2024-12-17 20:28:43,652 - Step 78 norm(X - TN_G_ATR): 6152.70947265625, norm2(E): 100000000.0
2024-12-17 20:28:43,959 - Step 79 norm(X - TN_G_ATR): 6152.107421875, norm2(E): 100000000.0
2024-12-17 20:28:44,273 - Step 80 norm(X - TN_G_ATR): 6151.505859375, norm2(E): 100000000.0
2024-12-17 20:28:44,448 - Step 81 norm(X - TN_G_ATR): 6150.90478515625, norm2(E): 100000000.0
2024-12-17 20:28:44,712 - Step 82 norm(X - TN_G_ATR): 6150.30322265625, norm2(E): 100000000.0
2024-12-17 20:28:44,963 - Step 83 norm(X - TN_G_ATR): 6149.70263671875, norm2(E): 100000000.0
2024-12-17 20:28:45,185 - Step 84 norm(X - TN_G_ATR): 6149.1015625, norm2(E): 100000000.0
2024-12-17 20:28:45,422 - Step 85 norm(X - TN_G_ATR): 6148.50048828125, norm2(E): 100000000.0
2024-12-17 20:28:45,670 - Step 86 norm(X - TN_G_ATR): 6147.89990234375, norm2(E): 100000000.0
2024-12-17 20:28:45,876 - Step 87 norm(X - TN_G_ATR): 6147.29931640625, norm2(E): 100000000.0
2024-12-17 20:28:46,133 - Step 88 norm(X - TN_G_ATR): 6146.69921875, norm2(E): 100000000.0
2024-12-17 20:28:46,369 - Step 89 norm(X - TN_G_ATR): 6146.09912109375, norm2(E): 100000000.0
2024-12-17 20:28:46,542 - Step 90 norm(X - TN_G_ATR): 6145.49853515625, norm2(E): 100000000.0
2024-12-17 20:28:46,781 - Step 91 norm(X - TN_G_ATR): 6144.89892578125, norm2(E): 100000000.0
2024-12-17 20:28:47,031 - Step 92 norm(X - TN_G_ATR): 6144.298828125, norm2(E): 100000000.0
2024-12-17 20:28:47,265 - Step 93 norm(X - TN_G_ATR): 6143.69970703125, norm2(E): 100000000.0
2024-12-17 20:28:47,519 - Step 94 norm(X - TN_G_ATR): 6143.099609375, norm2(E): 100000000.0
2024-12-17 20:28:47,813 - Step 95 norm(X - TN_G_ATR): 6142.50048828125, norm2(E): 100000000.0
2024-12-17 20:28:48,104 - Step 96 norm(X - TN_G_ATR): 6141.9013671875, norm2(E): 100000000.0
2024-12-17 20:28:48,404 - Step 97 norm(X - TN_G_ATR): 6141.30224609375, norm2(E): 100000000.0
2024-12-17 20:28:48,702 - Step 98 norm(X - TN_G_ATR): 6140.703125, norm2(E): 100000000.0
2024-12-17 20:28:49,005 - Step 99 norm(X - TN_G_ATR): 6140.10400390625, norm2(E): 99999980.46875095
2024-12-17 20:28:49,007 - Norm2 (Comparison Algorithm): 6140.10400390625
2024-12-17 20:28:49,243 - Norm2 (Our Algorithm): 6419.6962890625
2024-12-17 20:28:49,243 - Norm2 (Original TR Algorithm): 4017.94482421875
