2024-12-24 17:21:08,888 - Norm2 (epsilon): 30
2024-12-24 17:21:09,913 - Step 0, RSE_E: 40.892269134521484, Loss_X_Ours: 27.85439109802246, normE: 30.000001907348633
2024-12-24 17:21:10,621 - Step 1, RSE_E: 0.6183662414550781, Loss_X_Ours: 28.00938606262207, normE: 30.0
2024-12-24 17:21:11,260 - Step 2, RSE_E: 0.6018767952919006, Loss_X_Ours: 28.19108009338379, normE: 30.0
2024-12-24 17:21:11,820 - Step 3, RSE_E: 0.5746355652809143, Loss_X_Ours: 28.37696075439453, normE: 30.000001907348633
2024-12-24 17:21:12,379 - Step 4, RSE_E: 0.5385931730270386, Loss_X_Ours: 28.562496185302734, normE: 30.000001907348633
2024-12-24 17:21:12,952 - Step 5, RSE_E: 0.49492987990379333, Loss_X_Ours: 28.742849349975586, normE: 30.0
2024-12-24 17:21:13,507 - Step 6, RSE_E: 0.4467417597770691, Loss_X_Ours: 28.91405487060547, normE: 29.999998092651367
2024-12-24 17:21:14,052 - Step 7, RSE_E: 0.3962799310684204, Loss_X_Ours: 29.072629928588867, normE: 30.0
2024-12-24 17:21:14,608 - Step 8, RSE_E: 0.34578487277030945, Loss_X_Ours: 29.21628189086914, normE: 30.0
2024-12-24 17:21:14,967 - Step 9, RSE_E: 0.2967190444469452, Loss_X_Ours: 29.3432559967041, normE: 30.0
2024-12-24 17:21:15,522 - Step 10, RSE_E: 0.25313064455986023, Loss_X_Ours: 29.454832077026367, normE: 30.0
2024-12-24 17:21:16,076 - Step 11, RSE_E: 0.21265754103660583, Loss_X_Ours: 29.55068016052246, normE: 29.999998092651367
2024-12-24 17:21:16,626 - Step 12, RSE_E: 0.17765185236930847, Loss_X_Ours: 29.63209342956543, normE: 30.0
2024-12-24 17:21:17,195 - Step 13, RSE_E: 0.14630265533924103, Loss_X_Ours: 29.700157165527344, normE: 30.000001907348633
2024-12-24 17:21:17,751 - Step 14, RSE_E: 0.12031164020299911, Loss_X_Ours: 29.75689125061035, normE: 30.0
2024-12-24 17:21:18,315 - Step 15, RSE_E: 0.09821615368127823, Loss_X_Ours: 29.803573608398438, normE: 30.0
2024-12-24 17:21:18,873 - Step 16, RSE_E: 0.08020470291376114, Loss_X_Ours: 29.841833114624023, normE: 30.0
2024-12-24 17:21:19,426 - Step 17, RSE_E: 0.06557926535606384, Loss_X_Ours: 29.872920989990234, normE: 30.000001907348633
2024-12-24 17:21:19,985 - Step 18, RSE_E: 0.052545297890901566, Loss_X_Ours: 29.898136138916016, normE: 30.0
2024-12-24 17:21:20,553 - Step 19, RSE_E: 0.04231969639658928, Loss_X_Ours: 29.918399810791016, normE: 30.000001907348633
2024-12-24 17:21:21,115 - Step 20, RSE_E: 0.03429887071251869, Loss_X_Ours: 29.934715270996094, normE: 30.0
2024-12-24 17:21:21,718 - Step 21, RSE_E: 0.028006661683321, Loss_X_Ours: 29.947803497314453, normE: 30.0
2024-12-24 17:21:22,430 - Step 22, RSE_E: 0.02303793653845787, Loss_X_Ours: 29.958280563354492, normE: 30.0
2024-12-24 17:21:23,157 - Step 23, RSE_E: 0.01907816343009472, Loss_X_Ours: 29.966678619384766, normE: 30.000001907348633
2024-12-24 17:21:23,883 - Step 24, RSE_E: 0.015970949083566666, Loss_X_Ours: 29.973474502563477, normE: 30.0
2024-12-24 17:21:24,585 - Step 25, RSE_E: 0.01473021600395441, Loss_X_Ours: 29.97882843017578, normE: 30.0
2024-12-24 17:21:25,148 - Step 26, RSE_E: 0.012753407470881939, Loss_X_Ours: 29.983047485351562, normE: 30.0
2024-12-24 17:21:25,715 - Step 27, RSE_E: 0.011040404438972473, Loss_X_Ours: 29.98647689819336, normE: 29.999998092651367
2024-12-24 17:21:26,283 - Step 28, RSE_E: 0.01092759519815445, Loss_X_Ours: 29.989025115966797, normE: 30.000001907348633
2024-12-24 17:21:26,862 - Step 29, RSE_E: 0.01154725905507803, Loss_X_Ours: 29.991209030151367, normE: 29.999998092651367
2024-12-24 17:21:27,432 - Step 30, RSE_E: 0.009832912124693394, Loss_X_Ours: 29.99295425415039, normE: 29.999998092651367
2024-12-24 17:21:28,012 - Step 31, RSE_E: 0.01111108623445034, Loss_X_Ours: 29.994300842285156, normE: 30.0
2024-12-24 17:21:28,574 - Step 32, RSE_E: 0.009496418759226799, Loss_X_Ours: 29.995431900024414, normE: 29.999998092651367
2024-12-24 17:21:29,139 - Step 33, RSE_E: 0.009722384624183178, Loss_X_Ours: 29.996320724487305, normE: 30.0
2024-12-24 17:21:29,704 - Step 34, RSE_E: 0.009394087828695774, Loss_X_Ours: 29.997093200683594, normE: 30.0
2024-12-24 17:21:30,267 - Step 35, RSE_E: 0.009016886353492737, Loss_X_Ours: 29.997655868530273, normE: 30.000001907348633
2024-12-24 17:21:30,831 - Step 36, RSE_E: 0.009433690458536148, Loss_X_Ours: 29.998197555541992, normE: 29.999998092651367
2024-12-24 17:21:31,393 - Step 37, RSE_E: 0.00934656336903572, Loss_X_Ours: 29.998559951782227, normE: 30.000001907348633
2024-12-24 17:21:31,970 - Step 38, RSE_E: 0.011063625104725361, Loss_X_Ours: 29.998889923095703, normE: 29.999998092651367
2024-12-24 17:21:32,536 - Step 39, RSE_E: 0.010610263794660568, Loss_X_Ours: 29.999156951904297, normE: 30.0
2024-12-24 17:21:33,107 - Step 40, RSE_E: 0.008029409684240818, Loss_X_Ours: 29.999380111694336, normE: 30.0
2024-12-24 17:21:33,673 - Step 41, RSE_E: 0.009526181034743786, Loss_X_Ours: 29.999513626098633, normE: 30.0
2024-12-24 17:21:34,231 - Step 42, RSE_E: 0.008490086533129215, Loss_X_Ours: 29.99974822998047, normE: 30.0
2024-12-24 17:21:34,791 - Step 43, RSE_E: 0.009377221576869488, Loss_X_Ours: 29.999727249145508, normE: 30.0
2024-12-24 17:21:35,360 - Step 44, RSE_E: 0.01094852201640606, Loss_X_Ours: 29.999780654907227, normE: 30.0
2024-12-24 17:21:35,922 - Step 45, RSE_E: 0.011517202481627464, Loss_X_Ours: 29.99991226196289, normE: 30.0
2024-12-24 17:21:36,481 - Step 46, RSE_E: 0.00955225620418787, Loss_X_Ours: 29.999849319458008, normE: 30.0
2024-12-24 17:21:37,056 - Step 47, RSE_E: 0.009573202580213547, Loss_X_Ours: 29.999887466430664, normE: 30.0
2024-12-24 17:21:37,616 - Step 48, RSE_E: 0.009869823232293129, Loss_X_Ours: 29.999841690063477, normE: 30.0
2024-12-24 17:21:38,186 - Step 49, RSE_E: 0.008956491015851498, Loss_X_Ours: 29.99999237060547, normE: 29.999998092651367
2024-12-24 17:21:40,336 - Comparison Step 0, Loss_X_TNG: 27.82099723815918, normE: 30.0
2024-12-24 17:21:40,906 - Comparison Step 1, Loss_X_TNG: 27.667631149291992, normE: 30.000001907348633
2024-12-24 17:21:41,475 - Comparison Step 2, Loss_X_TNG: 27.45345687866211, normE: 30.0
2024-12-24 17:21:42,040 - Comparison Step 3, Loss_X_TNG: 27.581096649169922, normE: 30.0
2024-12-24 17:21:42,608 - Comparison Step 4, Loss_X_TNG: 27.7806453704834, normE: 29.999998092651367
2024-12-24 17:21:43,191 - Comparison Step 5, Loss_X_TNG: 27.879657745361328, normE: 30.000001907348633
2024-12-24 17:21:43,765 - Comparison Step 6, Loss_X_TNG: 27.95209312438965, normE: 30.0
2024-12-24 17:21:44,339 - Comparison Step 7, Loss_X_TNG: 27.826797485351562, normE: 29.999998092651367
2024-12-24 17:21:44,909 - Comparison Step 8, Loss_X_TNG: 27.694664001464844, normE: 29.999998092651367
2024-12-24 17:21:45,476 - Comparison Step 9, Loss_X_TNG: 27.691415786743164, normE: 29.999998092651367
2024-12-24 17:21:46,045 - Comparison Step 10, Loss_X_TNG: 27.789806365966797, normE: 29.999998092651367
2024-12-24 17:21:46,614 - Comparison Step 11, Loss_X_TNG: 27.94507598876953, normE: 29.999998092651367
2024-12-24 17:21:47,197 - Comparison Step 12, Loss_X_TNG: 28.1243839263916, normE: 29.999998092651367
2024-12-24 17:21:47,771 - Comparison Step 13, Loss_X_TNG: 27.995637893676758, normE: 30.000001907348633
2024-12-24 17:21:48,358 - Comparison Step 14, Loss_X_TNG: 27.925800323486328, normE: 29.999998092651367
2024-12-24 17:21:48,929 - Comparison Step 15, Loss_X_TNG: 27.900304794311523, normE: 30.0
2024-12-24 17:21:49,021 - Comparison Step 16, Loss_X_TNG: 27.8468017578125, normE: 29.999998092651367
2024-12-24 17:21:49,590 - Comparison Step 17, Loss_X_TNG: 27.844375610351562, normE: 30.0
2024-12-24 17:21:50,159 - Comparison Step 18, Loss_X_TNG: 27.6994571685791, normE: 30.0
2024-12-24 17:21:50,728 - Comparison Step 19, Loss_X_TNG: 27.89968490600586, normE: 29.999998092651367
2024-12-24 17:21:51,300 - Comparison Step 20, Loss_X_TNG: 27.9046573638916, normE: 29.999998092651367
2024-12-24 17:21:51,878 - Comparison Step 21, Loss_X_TNG: 27.898828506469727, normE: 29.999998092651367
2024-12-24 17:21:52,453 - Comparison Step 22, Loss_X_TNG: 27.929712295532227, normE: 30.000001907348633
2024-12-24 17:21:53,035 - Comparison Step 23, Loss_X_TNG: 27.984434127807617, normE: 30.0
2024-12-24 17:21:53,602 - Comparison Step 24, Loss_X_TNG: 28.179697036743164, normE: 30.0
2024-12-24 17:21:54,170 - Comparison Step 25, Loss_X_TNG: 27.997480392456055, normE: 30.000001907348633
2024-12-24 17:21:54,737 - Comparison Step 26, Loss_X_TNG: 27.941804885864258, normE: 29.999996185302734
2024-12-24 17:21:55,308 - Comparison Step 27, Loss_X_TNG: 27.893583297729492, normE: 30.0
2024-12-24 17:21:55,876 - Comparison Step 28, Loss_X_TNG: 27.899824142456055, normE: 30.0
2024-12-24 17:21:56,446 - Comparison Step 29, Loss_X_TNG: 27.971853256225586, normE: 30.000001907348633
2024-12-24 17:21:57,024 - Comparison Step 30, Loss_X_TNG: 28.050556182861328, normE: 30.0
2024-12-24 17:21:57,598 - Comparison Step 31, Loss_X_TNG: 28.067899703979492, normE: 29.999998092651367
2024-12-24 17:21:58,177 - Comparison Step 32, Loss_X_TNG: 28.050880432128906, normE: 30.0
2024-12-24 17:21:58,748 - Comparison Step 33, Loss_X_TNG: 28.113391876220703, normE: 30.0
2024-12-24 17:21:59,314 - Comparison Step 34, Loss_X_TNG: 28.188274383544922, normE: 30.000001907348633
2024-12-24 17:21:59,884 - Comparison Step 35, Loss_X_TNG: 28.00709342956543, normE: 30.0
2024-12-24 17:22:00,460 - Comparison Step 36, Loss_X_TNG: 27.97835922241211, normE: 29.999998092651367
2024-12-24 17:22:01,039 - Comparison Step 37, Loss_X_TNG: 28.003677368164062, normE: 29.999998092651367
2024-12-24 17:22:01,612 - Comparison Step 38, Loss_X_TNG: 28.07162094116211, normE: 30.000001907348633
2024-12-24 17:22:02,195 - Comparison Step 39, Loss_X_TNG: 28.089601516723633, normE: 29.999998092651367
2024-12-24 17:22:02,710 - Comparison Step 40, Loss_X_TNG: 28.03653907775879, normE: 29.999998092651367
2024-12-24 17:22:03,293 - Comparison Step 41, Loss_X_TNG: 28.05135154724121, normE: 30.0
2024-12-24 17:22:03,867 - Comparison Step 42, Loss_X_TNG: 28.12234878540039, normE: 29.999998092651367
2024-12-24 17:22:04,441 - Comparison Step 43, Loss_X_TNG: 28.059247970581055, normE: 29.999998092651367
2024-12-24 17:22:05,015 - Comparison Step 44, Loss_X_TNG: 28.106409072875977, normE: 30.0
2024-12-24 17:22:05,586 - Comparison Step 45, Loss_X_TNG: 28.26846694946289, normE: 29.999998092651367
2024-12-24 17:22:06,153 - Comparison Step 46, Loss_X_TNG: 28.139665603637695, normE: 29.999998092651367
2024-12-24 17:22:06,719 - Comparison Step 47, Loss_X_TNG: 28.258262634277344, normE: 30.0
2024-12-24 17:22:07,302 - Comparison Step 48, Loss_X_TNG: 28.255502700805664, normE: 29.999998092651367
2024-12-24 17:22:07,366 - Comparison Step 49, Loss_X_TNG: 28.177934646606445, normE: 30.000001907348633
2024-12-24 17:22:07,366 - Norm2 (Comparison Algorithm): 28.177934646606445
2024-12-24 17:22:07,940 - Norm2 (Original TR Algorithm): 26.74432945251465
2024-12-24 17:22:07,940 - Norm2 (Our Algorithm): 29.99999237060547
2024-12-24 17:22:08,034 - Clipping input data to the valid range for imshow with RGB data ([0..1] for floats or [0..255] for integers). Got range [-0.11547239..1.1708654].
2024-12-24 17:22:08,038 - Clipping input data to the valid range for imshow with RGB data ([0..1] for floats or [0..255] for integers). Got range [-0.6011121..0.4495154].
2024-12-24 17:22:08,040 - Clipping input data to the valid range for imshow with RGB data ([0..1] for floats or [0..255] for integers). Got range [-0.1481906..1.171144].
2024-12-24 17:22:08,042 - Clipping input data to the valid range for imshow with RGB data ([0..1] for floats or [0..255] for integers). Got range [-0.14817132..1.171136].
2024-12-24 17:22:08,045 - Clipping input data to the valid range for imshow with RGB data ([0..1] for floats or [0..255] for integers). Got range [-0.09787309..0.09788545].
2024-12-24 17:22:08,047 - Clipping input data to the valid range for imshow with RGB data ([0..1] for floats or [0..255] for integers). Got range [-0.0863722..1.0827894].
2024-12-24 17:22:08,048 - Clipping input data to the valid range for imshow with RGB data ([0..1] for floats or [0..255] for integers). Got range [-0.15225984..1.1522266].
