2024-12-16 14:49:29,985 - Norm2 (epsilon): 100.0
2024-12-16 14:49:32,069 - Step 0 norm(X - TN_G_Ours): 41.69656333026365
2024-12-16 14:49:32,243 - Step 1 norm(X - TN_G_Ours): 41.15162274670951
2024-12-16 14:49:32,405 - Step 2 norm(X - TN_G_Ours): 40.858257632905435
2024-12-16 14:49:32,575 - Step 3 norm(X - TN_G_Ours): 40.685836359517516
2024-12-16 14:49:32,749 - Step 4 norm(X - TN_G_Ours): 40.56092001449024
2024-12-16 14:49:32,915 - Step 5 norm(X - TN_G_Ours): 40.46201681438408
2024-12-16 14:49:33,082 - Step 6 norm(X - TN_G_Ours): 40.387156826439735
2024-12-16 14:49:33,248 - Step 7 norm(X - TN_G_Ours): 40.33284824384384
2024-12-16 14:49:33,427 - Step 8 norm(X - TN_G_Ours): 40.29170218107492
2024-12-16 14:49:33,579 - Step 9 norm(X - TN_G_Ours): 40.258140735853814
2024-12-16 14:49:33,813 - Step 0 norm(X - TN_G_ATR): 39.68034362792969
2024-12-16 14:49:33,986 - Step 1 norm(X - TN_G_ATR): 39.8843879699707
2024-12-16 14:49:34,146 - Step 2 norm(X - TN_G_ATR): 39.30435562133789
2024-12-16 14:49:34,321 - Step 3 norm(X - TN_G_ATR): 38.81022644042969
2024-12-16 14:49:34,472 - Step 4 norm(X - TN_G_ATR): 38.372711181640625
2024-12-16 14:49:34,654 - Step 5 norm(X - TN_G_ATR): 37.98450469970703
2024-12-16 14:49:34,821 - Step 6 norm(X - TN_G_ATR): 37.64784240722656
2024-12-16 14:49:34,997 - Step 7 norm(X - TN_G_ATR): 37.3653564453125
2024-12-16 14:49:35,115 - Step 8 norm(X - TN_G_ATR): 37.13300323486328
2024-12-16 14:49:35,295 - Step 9 norm(X - TN_G_ATR): 37.009056091308594
2024-12-16 14:49:35,299 - Norm2 (Our Algorithm): 40.258140563964844
2024-12-16 14:49:35,300 - Norm2 (Comparison Algorithm): 37.009056091308594
2024-12-16 14:49:35,458 - Norm2 (Original TR Algorithm): 28.803449630737305
2024-12-16 14:49:35,589 - Clipping input data to the valid range for imshow with RGB data ([0..1] for floats or [0..255] for integers). Got range [-0.09046329..1.2478281].
2024-12-16 14:49:35,594 - Clipping input data to the valid range for imshow with RGB data ([0..1] for floats or [0..255] for integers). Got range [-0.9083637..1.0938901].
2024-12-16 14:49:35,596 - Clipping input data to the valid range for imshow with RGB data ([0..1] for floats or [0..255] for integers). Got range [-0.80125844..1.8903394].
2024-12-16 14:49:35,598 - Clipping input data to the valid range for imshow with RGB data ([0..1] for floats or [0..255] for integers). Got range [-0.2556177..1.2872899].
2024-12-16 14:49:35,602 - Clipping input data to the valid range for imshow with RGB data ([0..1] for floats or [0..255] for integers). Got range [-0.94390047..0.83014655].
2024-12-16 14:49:35,605 - Clipping input data to the valid range for imshow with RGB data ([0..1] for floats or [0..255] for integers). Got range [-0.62625337..1.6416311].
2024-12-16 14:49:35,607 - Clipping input data to the valid range for imshow with RGB data ([0..1] for floats or [0..255] for integers). Got range [-0.2361069..1.2725025].
