2024-12-16 02:27:22,454 - Norm2 (epsilon): 100.0
2024-12-16 02:27:26,209 - Step 0 norm(X - TN_G_Ours): 40.10463761222401
2024-12-16 02:27:27,848 - Step 1 norm(X - TN_G_Ours): 40.10587641782919
2024-12-16 02:27:29,695 - Step 2 norm(X - TN_G_Ours): 40.14762948569084
2024-12-16 02:27:31,673 - Step 3 norm(X - TN_G_Ours): 40.155926251126836
2024-12-16 02:27:33,634 - Step 4 norm(X - TN_G_Ours): 40.16193417940986
2024-12-16 02:27:35,631 - Step 5 norm(X - TN_G_Ours): 40.167362275702146
2024-12-16 02:27:37,625 - Step 6 norm(X - TN_G_Ours): 40.171627345113706
2024-12-16 02:27:39,605 - Step 7 norm(X - TN_G_Ours): 40.17905784675799
2024-12-16 02:27:41,609 - Step 8 norm(X - TN_G_Ours): 40.180721203648304
2024-12-16 02:27:42,351 - Step 9 norm(X - TN_G_Ours): 40.172892951902284
2024-12-16 02:27:44,023 - Step 0 norm(X - TN_G_ATR): 39.767425537109375
2024-12-16 02:27:45,623 - Step 1 norm(X - TN_G_ATR): 39.997764587402344
2024-12-16 02:27:47,591 - Step 2 norm(X - TN_G_ATR): 39.6889762878418
2024-12-16 02:27:49,574 - Step 3 norm(X - TN_G_ATR): 39.10093688964844
2024-12-16 02:27:51,476 - Step 4 norm(X - TN_G_ATR): 38.59314727783203
2024-12-16 02:27:53,403 - Step 5 norm(X - TN_G_ATR): 38.340599060058594
2024-12-16 02:27:55,394 - Step 6 norm(X - TN_G_ATR): 38.13774490356445
2024-12-16 02:27:57,382 - Step 7 norm(X - TN_G_ATR): 37.839744567871094
2024-12-16 02:27:59,296 - Step 8 norm(X - TN_G_ATR): 37.45627212524414
2024-12-16 02:28:00,888 - Step 9 norm(X - TN_G_ATR): 37.17848205566406
2024-12-16 02:28:00,890 - Norm2 (Our Algorithm): 40.17289352416992
2024-12-16 02:28:00,890 - Norm2 (Comparison Algorithm): 37.17848205566406
2024-12-16 02:28:02,488 - Norm2 (Original TR Algorithm): 27.765789031982422
2024-12-16 02:28:02,596 - Clipping input data to the valid range for imshow with RGB data ([0..1] for floats or [0..255] for integers). Got range [-0.11431039..1.124919].
2024-12-16 02:28:02,600 - Clipping input data to the valid range for imshow with RGB data ([0..1] for floats or [0..255] for integers). Got range [-1.0412083..1.1959108].
2024-12-16 02:28:02,602 - Clipping input data to the valid range for imshow with RGB data ([0..1] for floats or [0..255] for integers). Got range [-0.75609285..2.0076756].
2024-12-16 02:28:02,604 - Clipping input data to the valid range for imshow with RGB data ([0..1] for floats or [0..255] for integers). Got range [-0.26206326..1.2744759].
2024-12-16 02:28:02,607 - Clipping input data to the valid range for imshow with RGB data ([0..1] for floats or [0..255] for integers). Got range [-0.8945667..0.82011175].
2024-12-16 02:28:02,609 - Clipping input data to the valid range for imshow with RGB data ([0..1] for floats or [0..255] for integers). Got range [-0.64236224..1.7022078].
2024-12-16 02:28:02,611 - Clipping input data to the valid range for imshow with RGB data ([0..1] for floats or [0..255] for integers). Got range [-0.270968..1.2474444].
