2024-12-24 18:25:10,319 - Norm2 (epsilon): 100
2024-12-24 18:25:10,320 - Optimization parameters:
2024-12-24 18:25:10,320 - epsilon (Frobenius norm constraint): 100
2024-12-24 18:25:10,320 - inner_tol (Tolerance for inner optimization): 1e-10
2024-12-24 18:25:10,320 - lr (Learning rate): 0.01
2024-12-24 18:25:10,320 - outer_num_steps (Number of outer optimization steps): 20
2024-12-24 18:25:10,320 - inner_num_steps (Number of inner optimization steps): 50
2024-12-24 18:25:10,320 - outer_dis_num (Display loss every outer_dis_num steps): 1
2024-12-24 18:25:10,320 - inner_dis_num (Display loss every inner_dis_num steps): 2000
2024-12-24 18:25:10,845 - Step 0, RSE_E: 127.3155288696289, Loss_X_Ours: 40.73980712890625, normE: 100.0
2024-12-24 18:25:11,025 - Step 1, RSE_E: 46.644622802734375, Loss_X_Ours: 70.73391723632812, normE: 99.99999237060547
2024-12-24 18:25:11,209 - Step 2, RSE_E: 23.35548210144043, Loss_X_Ours: 91.9375991821289, normE: 99.99999237060547
2024-12-24 18:25:11,388 - Step 3, RSE_E: 7.288076877593994, Loss_X_Ours: 98.06529998779297, normE: 99.99999237060547
2024-12-24 18:25:11,577 - Step 4, RSE_E: 1.6704529523849487, Loss_X_Ours: 99.59686279296875, normE: 100.0
2024-12-24 18:25:11,755 - Step 5, RSE_E: 0.3293495178222656, Loss_X_Ours: 99.92212677001953, normE: 100.0
2024-12-24 18:25:11,935 - Step 6, RSE_E: 0.06329360604286194, Loss_X_Ours: 99.9853286743164, normE: 100.0
2024-12-24 18:25:12,113 - Step 7, RSE_E: 0.012576400302350521, Loss_X_Ours: 99.99727630615234, normE: 100.0
2024-12-24 18:25:12,283 - Step 8, RSE_E: 0.00793056283146143, Loss_X_Ours: 99.99954986572266, normE: 100.0
2024-12-24 18:25:12,426 - Step 9, RSE_E: 0.007991786114871502, Loss_X_Ours: 99.99983215332031, normE: 100.0
2024-12-24 18:25:12,569 - Step 10, RSE_E: 0.00820786040276289, Loss_X_Ours: 100.00009155273438, normE: 99.99999237060547
2024-12-24 18:25:12,710 - Step 11, RSE_E: 0.006920418236404657, Loss_X_Ours: 100.00000762939453, normE: 100.0
2024-12-24 18:25:12,851 - Step 12, RSE_E: 0.007696129381656647, Loss_X_Ours: 100.00006103515625, normE: 100.0
2024-12-24 18:25:12,993 - Step 13, RSE_E: 0.011951744556427002, Loss_X_Ours: 99.99996185302734, normE: 100.0
2024-12-24 18:25:13,134 - Step 14, RSE_E: 0.006846316624432802, Loss_X_Ours: 100.00006103515625, normE: 100.0
2024-12-24 18:25:13,273 - Step 15, RSE_E: 0.008233126252889633, Loss_X_Ours: 99.99993896484375, normE: 100.0
2024-12-24 18:25:13,417 - Step 16, RSE_E: 0.013020768761634827, Loss_X_Ours: 100.00006103515625, normE: 100.0
2024-12-24 18:25:13,558 - Step 17, RSE_E: 0.009265963919460773, Loss_X_Ours: 99.9999771118164, normE: 100.00000762939453
2024-12-24 18:25:13,702 - Step 18, RSE_E: 0.009709201753139496, Loss_X_Ours: 100.00010681152344, normE: 100.00000762939453
2024-12-24 18:25:13,842 - Step 19, RSE_E: 0.008991816081106663, Loss_X_Ours: 100.0, normE: 100.00000762939453
2024-12-24 18:25:15,694 - Comparison Step 0, Loss_X_TNG: 40.5194206237793, normE: 100.0
2024-12-24 18:25:15,885 - Comparison Step 1, Loss_X_TNG: 39.602882385253906, normE: 100.0
2024-12-24 18:25:16,069 - Comparison Step 2, Loss_X_TNG: 38.82941818237305, normE: 100.0
2024-12-24 18:25:16,253 - Comparison Step 3, Loss_X_TNG: 38.262489318847656, normE: 100.0
2024-12-24 18:25:16,438 - Comparison Step 4, Loss_X_TNG: 37.79307174682617, normE: 100.00000762939453
2024-12-24 18:25:16,622 - Comparison Step 5, Loss_X_TNG: 37.38813400268555, normE: 100.00000762939453
2024-12-24 18:25:16,812 - Comparison Step 6, Loss_X_TNG: 36.93891906738281, normE: 100.0
2024-12-24 18:25:16,980 - Comparison Step 7, Loss_X_TNG: 36.55791091918945, normE: 100.0
2024-12-24 18:25:17,128 - Comparison Step 8, Loss_X_TNG: 36.25502395629883, normE: 99.99999237060547
2024-12-24 18:25:17,282 - Comparison Step 9, Loss_X_TNG: 36.2174186706543, normE: 99.99999237060547
2024-12-24 18:25:17,432 - Comparison Step 10, Loss_X_TNG: 36.15560531616211, normE: 99.99999237060547
2024-12-24 18:25:17,582 - Comparison Step 11, Loss_X_TNG: 36.061073303222656, normE: 100.00000762939453
2024-12-24 18:25:17,730 - Comparison Step 12, Loss_X_TNG: 36.06454086303711, normE: 100.0
2024-12-24 18:25:17,881 - Comparison Step 13, Loss_X_TNG: 36.032264709472656, normE: 100.0
2024-12-24 18:25:18,031 - Comparison Step 14, Loss_X_TNG: 35.70892333984375, normE: 100.0
2024-12-24 18:25:18,180 - Comparison Step 15, Loss_X_TNG: 35.45853042602539, normE: 100.0
2024-12-24 18:25:18,329 - Comparison Step 16, Loss_X_TNG: 35.24689483642578, normE: 100.0
2024-12-24 18:25:18,478 - Comparison Step 17, Loss_X_TNG: 35.076637268066406, normE: 100.00000762939453
2024-12-24 18:25:18,628 - Comparison Step 18, Loss_X_TNG: 34.878074645996094, normE: 100.0
2024-12-24 18:25:18,777 - Comparison Step 19, Loss_X_TNG: 34.6751594543457, normE: 100.0
2024-12-24 18:25:18,777 - Norm2 (Comparison Algorithm): 34.6751594543457
2024-12-24 18:25:18,921 - Norm2 (Original TR Algorithm): 27.065282821655273
2024-12-24 18:25:18,922 - Norm2 (Our Algorithm): 100.0
2024-12-24 18:25:19,020 - Clipping input data to the valid range for imshow with RGB data ([0..1] for floats or [0..255] for integers). Got range [-0.11961895..1.1989156].
2024-12-24 18:25:19,023 - Clipping input data to the valid range for imshow with RGB data ([0..1] for floats or [0..255] for integers). Got range [-1.2364688..1.3011287].
2024-12-24 18:25:19,026 - Clipping input data to the valid range for imshow with RGB data ([0..1] for floats or [0..255] for integers). Got range [-0.6128564..1.7961941].
2024-12-24 18:25:19,028 - Clipping input data to the valid range for imshow with RGB data ([0..1] for floats or [0..255] for integers). Got range [-0.6128506..1.7961872].
2024-12-24 18:25:19,031 - Clipping input data to the valid range for imshow with RGB data ([0..1] for floats or [0..255] for integers). Got range [-0.6263345..0.62495285].
2024-12-24 18:25:19,033 - Clipping input data to the valid range for imshow with RGB data ([0..1] for floats or [0..255] for integers). Got range [-0.5019622..1.4614499].
2024-12-24 18:25:19,035 - Clipping input data to the valid range for imshow with RGB data ([0..1] for floats or [0..255] for integers). Got range [-0.21197596..1.2455955].
