2024-12-26 16:25:39,999 - Proposed-ATNMF Experiment
2024-12-26 16:25:39,999 - Optimization parameters:
2024-12-26 16:25:39,999 - epsilon (Frobenius norm constraint): 0.010000000000000002
2024-12-26 16:25:39,999 - inner_tol (Tolerance for inner optimization): 1e-10
2024-12-26 16:25:39,999 - lr (Learning rate): 0.1
2024-12-26 16:25:39,999 - outer_num_steps (Number of outer optimization steps): 300
2024-12-26 16:25:39,999 - inner_num_steps (Number of inner optimization steps): 100
2024-12-26 16:25:39,999 - outer_dis_num (Display loss every outer_dis_num steps): 10
2024-12-26 16:25:39,999 - inner_dis_num (Display loss every inner_dis_num steps): 2000
2024-12-26 16:25:42,009 - Step 0 norm(X - TN_G_Ours): 48.83926372950994, norm2(E): 0.10000000149011612
2024-12-26 16:25:42,178 - Step 1 norm(X - TN_G_Ours): 48.90154230536855, norm2(E): 0.10000000894069672
2024-12-26 16:25:42,357 - Step 2 norm(X - TN_G_Ours): 48.9021588744109, norm2(E): 0.10000000149011612
2024-12-26 16:25:42,541 - Step 3 norm(X - TN_G_Ours): 48.9021688592707, norm2(E): 0.09999998658895493
2024-12-26 16:25:42,719 - Step 4 norm(X - TN_G_Ours): 48.90218134034258, norm2(E): 0.10000000149011612
2024-12-26 16:25:42,899 - Step 5 norm(X - TN_G_Ours): 48.902111446299024, norm2(E): 0.10000000149011612
2024-12-26 16:25:43,075 - Step 6 norm(X - TN_G_Ours): 48.90214140090135, norm2(E): 0.09999998658895493
2024-12-26 16:25:43,254 - Step 7 norm(X - TN_G_Ours): 48.90203406349142, norm2(E): 0.10000000149011612
2024-12-26 16:25:43,434 - Step 8 norm(X - TN_G_Ours): 48.902061521921034, norm2(E): 0.10000000894069672
2024-12-26 16:25:43,613 - Step 9 norm(X - TN_G_Ours): 48.90206401814115, norm2(E): 0.10000000894069672
2024-12-26 16:25:43,794 - Step 10 norm(X - TN_G_Ours): 48.9020465445977, norm2(E): 0.10000000894069672
2024-12-26 16:25:43,986 - Step 11 norm(X - TN_G_Ours): 48.9020240786041, norm2(E): 0.10000000894069672
2024-12-26 16:25:44,166 - Step 12 norm(X - TN_G_Ours): 48.901959176786825, norm2(E): 0.10000000149011612
2024-12-26 16:25:44,352 - Step 13 norm(X - TN_G_Ours): 48.90198663525849, norm2(E): 0.09999998658895493
2024-12-26 16:25:44,533 - Step 14 norm(X - TN_G_Ours): 48.90198663525849, norm2(E): 0.10000000149011612
2024-12-26 16:25:44,713 - Step 15 norm(X - TN_G_Ours): 48.90196167301216, norm2(E): 0.10000000894069672
2024-12-26 16:25:44,892 - Step 16 norm(X - TN_G_Ours): 48.901941703205914, norm2(E): 0.10000000894069672
2024-12-26 16:25:45,071 - Step 17 norm(X - TN_G_Ours): 48.90194919188421, norm2(E): 0.10000000894069672
2024-12-26 16:25:45,249 - Step 18 norm(X - TN_G_Ours): 48.901996620153454, norm2(E): 0.10000000149011612
2024-12-26 16:25:45,431 - Step 19 norm(X - TN_G_Ours): 48.90195668056136, norm2(E): 0.10000000149011612
2024-12-26 16:25:45,610 - Step 20 norm(X - TN_G_Ours): 48.90191174848127, norm2(E): 0.10000000149011612
2024-12-26 16:25:45,790 - Step 21 norm(X - TN_G_Ours): 48.90197165791222, norm2(E): 0.10000000894069672
2024-12-26 16:25:45,970 - Step 22 norm(X - TN_G_Ours): 48.901959176786825, norm2(E): 0.09999999403953552
2024-12-26 16:25:46,151 - Step 23 norm(X - TN_G_Ours): 48.901941703205914, norm2(E): 0.10000000894069672
2024-12-26 16:25:46,337 - Step 24 norm(X - TN_G_Ours): 48.90194669565824, norm2(E): 0.10000000149011612
2024-12-26 16:25:46,519 - Step 25 norm(X - TN_G_Ours): 48.90186931258993, norm2(E): 0.09999999403953552
2024-12-26 16:25:46,699 - Step 26 norm(X - TN_G_Ours): 48.90200910126929, norm2(E): 0.10000000894069672
2024-12-26 16:25:46,883 - Step 27 norm(X - TN_G_Ours): 48.90191674093665, norm2(E): 0.10000000149011612
2024-12-26 16:25:47,060 - Step 28 norm(X - TN_G_Ours): 48.90193920697956, norm2(E): 0.10000000894069672
2024-12-26 16:25:47,240 - Step 29 norm(X - TN_G_Ours): 48.90196416923737, norm2(E): 0.10000000149011612
2024-12-26 16:25:47,417 - Step 30 norm(X - TN_G_Ours): 48.90194669565824, norm2(E): 0.10000000149011612
2024-12-26 16:25:47,598 - Step 31 norm(X - TN_G_Ours): 48.90195418433577, norm2(E): 0.10000000894069672
2024-12-26 16:25:47,775 - Step 32 norm(X - TN_G_Ours): 48.90191674093665, norm2(E): 0.10000000149011612
2024-12-26 16:25:47,956 - Step 33 norm(X - TN_G_Ours): 48.901904259797234, norm2(E): 0.10000000149011612
2024-12-26 16:25:48,140 - Step 34 norm(X - TN_G_Ours): 48.90192173339152, norm2(E): 0.10000000149011612
2024-12-26 16:25:48,321 - Step 35 norm(X - TN_G_Ours): 48.90191424470902, norm2(E): 0.10000000894069672
2024-12-26 16:25:48,501 - Step 36 norm(X - TN_G_Ours): 48.901904259797234, norm2(E): 0.10000000149011612
2024-12-26 16:25:48,686 - Step 37 norm(X - TN_G_Ours): 48.901876801279315, norm2(E): 0.10000000149011612
2024-12-26 16:25:48,865 - Step 38 norm(X - TN_G_Ours): 48.901829372893864, norm2(E): 0.10000000894069672
2024-12-26 16:25:49,044 - Step 39 norm(X - TN_G_Ours): 48.90188179373826, norm2(E): 0.10000000149011612
2024-12-26 16:25:49,229 - Step 40 norm(X - TN_G_Ours): 48.901876801279315, norm2(E): 0.10000000149011612
2024-12-26 16:25:49,409 - Step 41 norm(X - TN_G_Ours): 48.90191923716415, norm2(E): 0.10000000149011612
2024-12-26 16:25:49,585 - Step 42 norm(X - TN_G_Ours): 48.901829372893864, norm2(E): 0.10000000149011612
2024-12-26 16:25:49,764 - Step 43 norm(X - TN_G_Ours): 48.90179442563304, norm2(E): 0.10000000149011612
2024-12-26 16:25:49,951 - Step 44 norm(X - TN_G_Ours): 48.901781944462414, norm2(E): 0.10000000149011612
2024-12-26 16:25:50,132 - Step 45 norm(X - TN_G_Ours): 48.90185932766897, norm2(E): 0.10000000149011612
2024-12-26 16:25:50,317 - Step 46 norm(X - TN_G_Ours): 48.90176696705345, norm2(E): 0.10000000149011612
2024-12-26 16:25:50,498 - Step 47 norm(X - TN_G_Ours): 48.9017994181004, norm2(E): 0.10000000894069672
2024-12-26 16:25:50,685 - Step 48 norm(X - TN_G_Ours): 48.90177695199327, norm2(E): 0.10000000149011612
2024-12-26 16:25:50,864 - Step 49 norm(X - TN_G_Ours): 48.901801914333895, norm2(E): 0.09999999403953552
2024-12-26 16:25:51,043 - Step 50 norm(X - TN_G_Ours): 48.901771959523614, norm2(E): 0.10000000149011612
2024-12-26 16:25:51,223 - Step 51 norm(X - TN_G_Ours): 48.90174200469499, norm2(E): 0.10000000894069672
2024-12-26 16:25:51,403 - Step 52 norm(X - TN_G_Ours): 48.901849342745976, norm2(E): 0.10000000149011612
2024-12-26 16:25:51,581 - Step 53 norm(X - TN_G_Ours): 48.90171204984801, norm2(E): 0.09999999403953552
2024-12-26 16:25:51,762 - Step 54 norm(X - TN_G_Ours): 48.901737012221766, norm2(E): 0.10000000894069672
2024-12-26 16:25:51,943 - Step 55 norm(X - TN_G_Ours): 48.901737012221766, norm2(E): 0.10000000894069672
2024-12-26 16:25:52,124 - Step 56 norm(X - TN_G_Ours): 48.90160221525211, norm2(E): 0.10000000149011612
2024-12-26 16:25:52,297 - Step 57 norm(X - TN_G_Ours): 48.90166961378338, norm2(E): 0.09999999403953552
2024-12-26 16:25:52,447 - Step 58 norm(X - TN_G_Ours): 48.90160221525211, norm2(E): 0.10000000894069672
2024-12-26 16:25:52,604 - Step 59 norm(X - TN_G_Ours): 48.90154729786165, norm2(E): 0.10000000149011612
2024-12-26 16:25:52,762 - Step 60 norm(X - TN_G_Ours): 48.90155728284632, norm2(E): 0.10000000149011612
2024-12-26 16:25:52,904 - Step 61 norm(X - TN_G_Ours): 48.90153731287494, norm2(E): 0.10000000149011612
2024-12-26 16:25:53,051 - Step 62 norm(X - TN_G_Ours): 48.90162717768193, norm2(E): 0.10000000149011612
2024-12-26 16:25:53,205 - Step 63 norm(X - TN_G_Ours): 48.90162717768193, norm2(E): 0.10000000149011612
2024-12-26 16:25:53,351 - Step 64 norm(X - TN_G_Ours): 48.90153731287494, norm2(E): 0.10000000149011612
2024-12-26 16:25:53,507 - Step 65 norm(X - TN_G_Ours): 48.90154480161517, norm2(E): 0.10000000149011612
2024-12-26 16:25:53,656 - Step 66 norm(X - TN_G_Ours): 48.9015872377881, norm2(E): 0.10000000149011612
2024-12-26 16:25:53,815 - Step 67 norm(X - TN_G_Ours): 48.90159971900842, norm2(E): 0.10000000894069672
2024-12-26 16:25:53,974 - Step 68 norm(X - TN_G_Ours): 48.90154480161517, norm2(E): 0.09999998658895493
2024-12-26 16:25:54,129 - Step 69 norm(X - TN_G_Ours): 48.90148738791081, norm2(E): 0.09999999403953552
2024-12-26 16:25:54,276 - Step 70 norm(X - TN_G_Ours): 48.90146492166032, norm2(E): 0.10000000149011612
2024-12-26 16:25:54,419 - Step 71 norm(X - TN_G_Ours): 48.901512350399244, norm2(E): 0.10000000149011612
2024-12-26 16:25:54,573 - Step 72 norm(X - TN_G_Ours): 48.90153980912181, norm2(E): 0.10000000149011612
2024-12-26 16:25:54,726 - Step 73 norm(X - TN_G_Ours): 48.90149986915662, norm2(E): 0.09999999403953552
2024-12-26 16:25:54,878 - Step 74 norm(X - TN_G_Ours): 48.90147490666181, norm2(E): 0.10000000149011612
2024-12-26 16:25:55,036 - Step 75 norm(X - TN_G_Ours): 48.90140001910093, norm2(E): 0.10000000149011612
2024-12-26 16:25:55,187 - Step 76 norm(X - TN_G_Ours): 48.90145493665679, norm2(E): 0.10000000894069672
2024-12-26 16:25:55,334 - Step 77 norm(X - TN_G_Ours): 48.901397522846935, norm2(E): 0.09999998658895493
2024-12-26 16:25:55,488 - Step 78 norm(X - TN_G_Ours): 48.90138004906533, norm2(E): 0.09999998658895493
2024-12-26 16:25:55,637 - Step 79 norm(X - TN_G_Ours): 48.90137505655516, norm2(E): 0.10000000149011612
2024-12-26 16:25:55,794 - Step 80 norm(X - TN_G_Ours): 48.90138753782964, norm2(E): 0.10000000149011612
2024-12-26 16:25:55,938 - Step 81 norm(X - TN_G_Ours): 48.90127520624462, norm2(E): 0.10000000149011612
2024-12-26 16:25:56,088 - Step 82 norm(X - TN_G_Ours): 48.90122777727569, norm2(E): 0.10000000894069672
2024-12-26 16:25:56,234 - Step 83 norm(X - TN_G_Ours): 48.90123776232561, norm2(E): 0.10000000149011612
2024-12-26 16:25:56,387 - Step 84 norm(X - TN_G_Ours): 48.90124774737348, norm2(E): 0.10000000149011612
2024-12-26 16:25:56,540 - Step 85 norm(X - TN_G_Ours): 48.901330123940646, norm2(E): 0.10000000149011612
2024-12-26 16:25:56,692 - Step 86 norm(X - TN_G_Ours): 48.9013201389096, norm2(E): 0.10000000149011612
2024-12-26 16:25:56,837 - Step 87 norm(X - TN_G_Ours): 48.901325131425374, norm2(E): 0.10000000149011612
2024-12-26 16:25:56,990 - Step 88 norm(X - TN_G_Ours): 48.90128768754459, norm2(E): 0.09999998658895493
2024-12-26 16:25:57,136 - Step 89 norm(X - TN_G_Ours): 48.901325131425374, norm2(E): 0.10000000149011612
2024-12-26 16:25:57,290 - Step 90 norm(X - TN_G_Ours): 48.90125773241932, norm2(E): 0.10000000149011612
2024-12-26 16:25:57,436 - Step 91 norm(X - TN_G_Ours): 48.90126272494147, norm2(E): 0.10000000149011612
2024-12-26 16:25:57,588 - Step 92 norm(X - TN_G_Ours): 48.90126022868046, norm2(E): 0.10000000149011612
2024-12-26 16:25:57,735 - Step 93 norm(X - TN_G_Ours): 48.90125523615805, norm2(E): 0.10000000894069672
2024-12-26 16:25:57,887 - Step 94 norm(X - TN_G_Ours): 48.90117036319913, norm2(E): 0.10000000149011612
2024-12-26 16:25:58,033 - Step 95 norm(X - TN_G_Ours): 48.901232769800906, norm2(E): 0.10000000894069672
2024-12-26 16:25:58,187 - Step 96 norm(X - TN_G_Ours): 48.90124025858777, norm2(E): 0.10000000149011612
2024-12-26 16:25:58,335 - Step 97 norm(X - TN_G_Ours): 48.901222784749976, norm2(E): 0.10000000149011612
2024-12-26 16:25:58,490 - Step 98 norm(X - TN_G_Ours): 48.90122777727569, norm2(E): 0.10000000149011612
2024-12-26 16:25:58,640 - Step 99 norm(X - TN_G_Ours): 48.901210303433444, norm2(E): 0.10000000149011612
2024-12-26 16:25:58,793 - Step 100 norm(X - TN_G_Ours): 48.90119282958494, norm2(E): 0.10000000149011612
2024-12-26 16:25:58,945 - Step 101 norm(X - TN_G_Ours): 48.90121779222374, norm2(E): 0.09999999403953552
2024-12-26 16:25:59,097 - Step 102 norm(X - TN_G_Ours): 48.90126272494147, norm2(E): 0.10000000149011612
2024-12-26 16:25:59,244 - Step 103 norm(X - TN_G_Ours): 48.90115039306974, norm2(E): 0.10000000894069672
2024-12-26 16:25:59,396 - Step 104 norm(X - TN_G_Ours): 48.90109547517187, norm2(E): 0.10000000149011612
2024-12-26 16:25:59,546 - Step 105 norm(X - TN_G_Ours): 48.901122934128516, norm2(E): 0.10000000149011612
2024-12-26 16:25:59,698 - Step 106 norm(X - TN_G_Ours): 48.901122934128516, norm2(E): 0.10000000149011612
2024-12-26 16:25:59,851 - Step 107 norm(X - TN_G_Ours): 48.90115288933636, norm2(E): 0.10000000149011612
2024-12-26 16:26:00,003 - Step 108 norm(X - TN_G_Ours): 48.90114290426912, norm2(E): 0.10000000149011612
2024-12-26 16:26:00,155 - Step 109 norm(X - TN_G_Ours): 48.901040557212326, norm2(E): 0.10000000894069672
2024-12-26 16:26:00,314 - Step 110 norm(X - TN_G_Ours): 48.90105553484378, norm2(E): 0.10000000149011612
2024-12-26 16:26:00,457 - Step 111 norm(X - TN_G_Ours): 48.90105553484378, norm2(E): 0.10000000894069672
2024-12-26 16:26:00,610 - Step 112 norm(X - TN_G_Ours): 48.90103306839488, norm2(E): 0.10000000894069672
2024-12-26 16:26:00,763 - Step 113 norm(X - TN_G_Ours): 48.901073008741335, norm2(E): 0.09999998658895493
2024-12-26 16:26:00,920 - Step 114 norm(X - TN_G_Ours): 48.90097315781405, norm2(E): 0.10000000894069672
2024-12-26 16:26:01,066 - Step 115 norm(X - TN_G_Ours): 48.90101809075656, norm2(E): 0.10000000894069672
2024-12-26 16:26:01,218 - Step 116 norm(X - TN_G_Ours): 48.900985639191106, norm2(E): 0.10000000149011612
2024-12-26 16:26:01,363 - Step 117 norm(X - TN_G_Ours): 48.900985639191106, norm2(E): 0.10000000894069672
2024-12-26 16:26:01,515 - Step 118 norm(X - TN_G_Ours): 48.90097315781405, norm2(E): 0.10000000149011612
2024-12-26 16:26:01,660 - Step 119 norm(X - TN_G_Ours): 48.901000616839376, norm2(E): 0.10000000149011612
2024-12-26 16:26:01,816 - Step 120 norm(X - TN_G_Ours): 48.90095568388081, norm2(E): 0.10000000894069672
2024-12-26 16:26:01,960 - Step 121 norm(X - TN_G_Ours): 48.90097315781405, norm2(E): 0.10000000149011612
2024-12-26 16:26:02,112 - Step 122 norm(X - TN_G_Ours): 48.90098314291595, norm2(E): 0.10000000149011612
2024-12-26 16:26:02,258 - Step 123 norm(X - TN_G_Ours): 48.90098064664067, norm2(E): 0.09999999403953552
2024-12-26 16:26:02,410 - Step 124 norm(X - TN_G_Ours): 48.90097565408971, norm2(E): 0.10000000149011612
2024-12-26 16:26:02,564 - Step 125 norm(X - TN_G_Ours): 48.90098064664067, norm2(E): 0.10000000149011612
2024-12-26 16:26:02,719 - Step 126 norm(X - TN_G_Ours): 48.90094070621878, norm2(E): 0.10000000149011612
2024-12-26 16:26:02,864 - Step 127 norm(X - TN_G_Ours): 48.900903262043634, norm2(E): 0.09999999403953552
2024-12-26 16:26:03,015 - Step 128 norm(X - TN_G_Ours): 48.90095069132731, norm2(E): 0.10000000149011612
2024-12-26 16:26:03,159 - Step 129 norm(X - TN_G_Ours): 48.90088828436555, norm2(E): 0.10000000149011612
2024-12-26 16:26:03,318 - Step 130 norm(X - TN_G_Ours): 48.90089327692542, norm2(E): 0.10000000149011612
2024-12-26 16:26:03,479 - Step 131 norm(X - TN_G_Ours): 48.90085333643218, norm2(E): 0.10000000894069672
2024-12-26 16:26:03,627 - Step 132 norm(X - TN_G_Ours): 48.900920735995605, norm2(E): 0.10000000149011612
2024-12-26 16:26:03,782 - Step 133 norm(X - TN_G_Ours): 48.90091574343854, norm2(E): 0.10000000149011612
2024-12-26 16:26:03,934 - Step 134 norm(X - TN_G_Ours): 48.90084085502135, norm2(E): 0.10000000149011612
2024-12-26 16:26:04,081 - Step 135 norm(X - TN_G_Ours): 48.90086082527714, norm2(E): 0.10000000149011612
2024-12-26 16:26:04,224 - Step 136 norm(X - TN_G_Ours): 48.90086831412097, norm2(E): 0.10000000149011612
2024-12-26 16:26:04,372 - Step 137 norm(X - TN_G_Ours): 48.90086831412097, norm2(E): 0.10000000149011612
2024-12-26 16:26:04,523 - Step 138 norm(X - TN_G_Ours): 48.90090825460198, norm2(E): 0.10000000894069672
2024-12-26 16:26:04,677 - Step 139 norm(X - TN_G_Ours): 48.900880795524785, norm2(E): 0.10000000149011612
2024-12-26 16:26:04,822 - Step 140 norm(X - TN_G_Ours): 48.90090076576428, norm2(E): 0.10000000149011612
2024-12-26 16:26:04,968 - Step 141 norm(X - TN_G_Ours): 48.90088828436555, norm2(E): 0.09999998658895493
2024-12-26 16:26:05,112 - Step 142 norm(X - TN_G_Ours): 48.90079092934617, norm2(E): 0.10000000894069672
2024-12-26 16:26:05,267 - Step 143 norm(X - TN_G_Ours): 48.900873306682875, norm2(E): 0.10000000149011612
2024-12-26 16:26:05,412 - Step 144 norm(X - TN_G_Ours): 48.90083336617332, norm2(E): 0.10000000894069672
2024-12-26 16:26:05,558 - Step 145 norm(X - TN_G_Ours): 48.900825877324145, norm2(E): 0.10000000149011612
2024-12-26 16:26:05,704 - Step 146 norm(X - TN_G_Ours): 48.900825877324145, norm2(E): 0.10000000149011612
2024-12-26 16:26:05,858 - Step 147 norm(X - TN_G_Ours): 48.900825877324145, norm2(E): 0.10000000149011612
2024-12-26 16:26:06,013 - Step 148 norm(X - TN_G_Ours): 48.90092572855217, norm2(E): 0.10000000149011612
2024-12-26 16:26:06,161 - Step 149 norm(X - TN_G_Ours): 48.90086831412097, norm2(E): 0.10000000149011612
2024-12-26 16:26:06,307 - Step 150 norm(X - TN_G_Ours): 48.90082837360733, norm2(E): 0.10000000149011612
2024-12-26 16:26:06,454 - Step 151 norm(X - TN_G_Ours): 48.90088828436555, norm2(E): 0.10000000149011612
2024-12-26 16:26:06,603 - Step 152 norm(X - TN_G_Ours): 48.90082837360733, norm2(E): 0.10000000894069672
2024-12-26 16:26:06,748 - Step 153 norm(X - TN_G_Ours): 48.90089327692542, norm2(E): 0.10000000149011612
2024-12-26 16:26:06,894 - Step 154 norm(X - TN_G_Ours): 48.9008383587388, norm2(E): 0.10000000149011612
2024-12-26 16:26:07,040 - Step 155 norm(X - TN_G_Ours): 48.900863321558546, norm2(E): 0.10000001639127731
2024-12-26 16:26:07,186 - Step 156 norm(X - TN_G_Ours): 48.90089327692542, norm2(E): 0.09999998658895493
2024-12-26 16:26:07,333 - Step 157 norm(X - TN_G_Ours): 48.90087580296364, norm2(E): 0.09999999403953552
2024-12-26 16:26:07,480 - Step 158 norm(X - TN_G_Ours): 48.90083336617332, norm2(E): 0.10000000149011612
2024-12-26 16:26:07,625 - Step 159 norm(X - TN_G_Ours): 48.900920735995605, norm2(E): 0.10000000149011612
2024-12-26 16:26:07,771 - Step 160 norm(X - TN_G_Ours): 48.900878299244276, norm2(E): 0.10000000149011612
2024-12-26 16:26:07,915 - Step 161 norm(X - TN_G_Ours): 48.900885788085425, norm2(E): 0.09999999403953552
2024-12-26 16:26:08,062 - Step 162 norm(X - TN_G_Ours): 48.90083586245613, norm2(E): 0.10000000149011612
2024-12-26 16:26:08,208 - Step 163 norm(X - TN_G_Ours): 48.900903262043634, norm2(E): 0.10000000894069672
2024-12-26 16:26:08,354 - Step 164 norm(X - TN_G_Ours): 48.90087081040198, norm2(E): 0.10000000894069672
2024-12-26 16:26:08,508 - Step 165 norm(X - TN_G_Ours): 48.90087580296364, norm2(E): 0.10000000149011612
2024-12-26 16:26:08,655 - Step 166 norm(X - TN_G_Ours): 48.900863321558546, norm2(E): 0.10000000149011612
2024-12-26 16:26:08,810 - Step 167 norm(X - TN_G_Ours): 48.900918239717136, norm2(E): 0.09999998658895493
2024-12-26 16:26:08,956 - Step 168 norm(X - TN_G_Ours): 48.90090825460198, norm2(E): 0.10000000149011612
2024-12-26 16:26:09,102 - Step 169 norm(X - TN_G_Ours): 48.900880795524785, norm2(E): 0.10000000149011612
2024-12-26 16:26:09,256 - Step 170 norm(X - TN_G_Ours): 48.900988135466136, norm2(E): 0.10000000149011612
2024-12-26 16:26:09,402 - Step 171 norm(X - TN_G_Ours): 48.90095568388081, norm2(E): 0.10000000149011612
2024-12-26 16:26:09,555 - Step 172 norm(X - TN_G_Ours): 48.90102058702993, norm2(E): 0.10000000149011612
2024-12-26 16:26:09,701 - Step 173 norm(X - TN_G_Ours): 48.900960676433805, norm2(E): 0.09999999403953552
2024-12-26 16:26:09,854 - Step 174 norm(X - TN_G_Ours): 48.90095818015737, norm2(E): 0.10000000149011612
2024-12-26 16:26:10,010 - Step 175 norm(X - TN_G_Ours): 48.90095818015737, norm2(E): 0.10000000149011612
2024-12-26 16:26:10,164 - Step 176 norm(X - TN_G_Ours): 48.90098314291595, norm2(E): 0.10000000149011612
2024-12-26 16:26:10,307 - Step 177 norm(X - TN_G_Ours): 48.90098064664067, norm2(E): 0.10000000894069672
2024-12-26 16:26:10,455 - Step 178 norm(X - TN_G_Ours): 48.900985639191106, norm2(E): 0.10000000149011612
2024-12-26 16:26:10,601 - Step 179 norm(X - TN_G_Ours): 48.90099063174104, norm2(E): 0.10000000149011612
2024-12-26 16:26:10,747 - Step 180 norm(X - TN_G_Ours): 48.90098314291595, norm2(E): 0.10000000149011612
2024-12-26 16:26:10,892 - Step 181 norm(X - TN_G_Ours): 48.900960676433805, norm2(E): 0.10000000149011612
2024-12-26 16:26:11,038 - Step 182 norm(X - TN_G_Ours): 48.90095069132731, norm2(E): 0.10000000149011612
2024-12-26 16:26:11,184 - Step 183 norm(X - TN_G_Ours): 48.90099063174104, norm2(E): 0.10000000149011612
2024-12-26 16:26:11,330 - Step 184 norm(X - TN_G_Ours): 48.90098314291595, norm2(E): 0.10000000149011612
2024-12-26 16:26:11,476 - Step 185 norm(X - TN_G_Ours): 48.90098064664067, norm2(E): 0.10000000149011612
2024-12-26 16:26:11,622 - Step 186 norm(X - TN_G_Ours): 48.901000616839376, norm2(E): 0.10000000149011612
2024-12-26 16:26:11,767 - Step 187 norm(X - TN_G_Ours): 48.90100810566179, norm2(E): 0.10000000149011612
2024-12-26 16:26:11,912 - Step 188 norm(X - TN_G_Ours): 48.90102807584928, norm2(E): 0.10000000149011612
2024-12-26 16:26:12,058 - Step 189 norm(X - TN_G_Ours): 48.90105553484378, norm2(E): 0.10000000894069672
2024-12-26 16:26:12,205 - Step 190 norm(X - TN_G_Ours): 48.90102308330317, norm2(E): 0.09999998658895493
2024-12-26 16:26:12,363 - Step 191 norm(X - TN_G_Ours): 48.90108798636284, norm2(E): 0.10000000149011612
2024-12-26 16:26:12,517 - Step 192 norm(X - TN_G_Ours): 48.90102807584928, norm2(E): 0.10000000149011612
2024-12-26 16:26:12,663 - Step 193 norm(X - TN_G_Ours): 48.90109048263265, norm2(E): 0.10000000149011612
2024-12-26 16:26:12,816 - Step 194 norm(X - TN_G_Ours): 48.90104804602863, norm2(E): 0.10000000894069672
2024-12-26 16:26:12,962 - Step 195 norm(X - TN_G_Ours): 48.90113291919984, norm2(E): 0.10000000149011612
2024-12-26 16:26:13,107 - Step 196 norm(X - TN_G_Ours): 48.9011304229322, norm2(E): 0.10000000894069672
2024-12-26 16:26:13,257 - Step 197 norm(X - TN_G_Ours): 48.901137911734736, norm2(E): 0.10000000149011612
2024-12-26 16:26:13,405 - Step 198 norm(X - TN_G_Ours): 48.90117785199555, norm2(E): 0.10000000149011612
2024-12-26 16:26:13,559 - Step 199 norm(X - TN_G_Ours): 48.90106052738657, norm2(E): 0.10000000149011612
2024-12-26 16:26:13,704 - Step 200 norm(X - TN_G_Ours): 48.9011753557302, norm2(E): 0.10000000894069672
2024-12-26 16:26:13,863 - Step 201 norm(X - TN_G_Ours): 48.90108798636284, norm2(E): 0.10000000149011612
2024-12-26 16:26:14,016 - Step 202 norm(X - TN_G_Ours): 48.90114290426912, norm2(E): 0.10000000149011612
2024-12-26 16:26:14,163 - Step 203 norm(X - TN_G_Ours): 48.9011753557302, norm2(E): 0.10000000894069672
2024-12-26 16:26:14,313 - Step 204 norm(X - TN_G_Ours): 48.90115288933636, norm2(E): 0.10000000149011612
2024-12-26 16:26:14,458 - Step 205 norm(X - TN_G_Ours): 48.901232769800906, norm2(E): 0.10000000894069672
2024-12-26 16:26:14,614 - Step 206 norm(X - TN_G_Ours): 48.9012452511117, norm2(E): 0.09999999403953552
2024-12-26 16:26:14,758 - Step 207 norm(X - TN_G_Ours): 48.90117785199555, norm2(E): 0.10000000894069672
2024-12-26 16:26:14,904 - Step 208 norm(X - TN_G_Ours): 48.901267717463114, norm2(E): 0.09999999403953552
2024-12-26 16:26:15,051 - Step 209 norm(X - TN_G_Ours): 48.90128269502498, norm2(E): 0.10000000149011612
2024-12-26 16:26:15,195 - Step 210 norm(X - TN_G_Ours): 48.90131265013497, norm2(E): 0.10000000894069672
2024-12-26 16:26:15,342 - Step 211 norm(X - TN_G_Ours): 48.90135259025306, norm2(E): 0.09999998658895493
2024-12-26 16:26:15,489 - Step 212 norm(X - TN_G_Ours): 48.90128269502498, norm2(E): 0.10000001639127731
2024-12-26 16:26:15,634 - Step 213 norm(X - TN_G_Ours): 48.901357582765534, norm2(E): 0.10000000149011612
2024-12-26 16:26:15,780 - Step 214 norm(X - TN_G_Ours): 48.901347597740084, norm2(E): 0.10000000894069672
2024-12-26 16:26:15,926 - Step 215 norm(X - TN_G_Ours): 48.901347597740084, norm2(E): 0.10000000149011612
2024-12-26 16:26:16,071 - Step 216 norm(X - TN_G_Ours): 48.90131764265151, norm2(E): 0.09999998658895493
2024-12-26 16:26:16,218 - Step 217 norm(X - TN_G_Ours): 48.90138254532023, norm2(E): 0.10000000149011612
2024-12-26 16:26:16,374 - Step 218 norm(X - TN_G_Ours): 48.90140501160856, norm2(E): 0.10000000149011612
2024-12-26 16:26:16,526 - Step 219 norm(X - TN_G_Ours): 48.90139253033854, norm2(E): 0.10000000149011612
2024-12-26 16:26:16,672 - Step 220 norm(X - TN_G_Ours): 48.90140501160856, norm2(E): 0.10000000894069672
2024-12-26 16:26:16,826 - Step 221 norm(X - TN_G_Ours): 48.901469914161325, norm2(E): 0.10000000149011612
2024-12-26 16:26:16,970 - Step 222 norm(X - TN_G_Ours): 48.90142997413905, norm2(E): 0.09999999403953552
2024-12-26 16:26:17,116 - Step 223 norm(X - TN_G_Ours): 48.90146492166032, norm2(E): 0.10000000149011612
2024-12-26 16:26:17,270 - Step 224 norm(X - TN_G_Ours): 48.901419989128385, norm2(E): 0.10000000894069672
2024-12-26 16:26:17,414 - Step 225 norm(X - TN_G_Ours): 48.90146741791089, norm2(E): 0.10000000149011612
2024-12-26 16:26:17,560 - Step 226 norm(X - TN_G_Ours): 48.901504861654054, norm2(E): 0.10000000149011612
2024-12-26 16:26:17,706 - Step 227 norm(X - TN_G_Ours): 48.90147490666181, norm2(E): 0.10000000894069672
2024-12-26 16:26:17,857 - Step 228 norm(X - TN_G_Ours): 48.90156976407429, norm2(E): 0.10000000149011612
2024-12-26 16:26:18,008 - Step 229 norm(X - TN_G_Ours): 48.90148239541159, norm2(E): 0.10000000149011612
2024-12-26 16:26:18,154 - Step 230 norm(X - TN_G_Ours): 48.90155229035424, norm2(E): 0.10000000149011612
2024-12-26 16:26:18,300 - Step 231 norm(X - TN_G_Ours): 48.90152233539105, norm2(E): 0.10000000149011612
2024-12-26 16:26:18,448 - Step 232 norm(X - TN_G_Ours): 48.90154480161517, norm2(E): 0.09999999403953552
2024-12-26 16:26:18,607 - Step 233 norm(X - TN_G_Ours): 48.90159472652068, norm2(E): 0.09999999403953552
2024-12-26 16:26:18,754 - Step 234 norm(X - TN_G_Ours): 48.90157974905438, norm2(E): 0.10000000149011612
2024-12-26 16:26:18,907 - Step 235 norm(X - TN_G_Ours): 48.90154979410801, norm2(E): 0.10000000149011612
2024-12-26 16:26:19,051 - Step 236 norm(X - TN_G_Ours): 48.90154230536855, norm2(E): 0.10000000149011612
2024-12-26 16:26:19,199 - Step 237 norm(X - TN_G_Ours): 48.901609703982395, norm2(E): 0.10000000149011612
2024-12-26 16:26:19,343 - Step 238 norm(X - TN_G_Ours): 48.901647147616615, norm2(E): 0.10000000149011612
2024-12-26 16:26:19,491 - Step 239 norm(X - TN_G_Ours): 48.90157974905438, norm2(E): 0.10000000149011612
2024-12-26 16:26:19,637 - Step 240 norm(X - TN_G_Ours): 48.90168209498268, norm2(E): 0.10000000149011612
2024-12-26 16:26:19,783 - Step 241 norm(X - TN_G_Ours): 48.901622185196985, norm2(E): 0.10000000149011612
2024-12-26 16:26:19,929 - Step 242 norm(X - TN_G_Ours): 48.90165962882165, norm2(E): 0.10000000149011612
2024-12-26 16:26:20,076 - Step 243 norm(X - TN_G_Ours): 48.90164465137522, norm2(E): 0.10000000149011612
2024-12-26 16:26:20,225 - Step 244 norm(X - TN_G_Ours): 48.90155728284632, norm2(E): 0.10000000149011612
2024-12-26 16:26:20,379 - Step 245 norm(X - TN_G_Ours): 48.901597222764615, norm2(E): 0.10000000894069672
2024-12-26 16:26:20,527 - Step 246 norm(X - TN_G_Ours): 48.90164964385787, norm2(E): 0.10000000149011612
2024-12-26 16:26:20,674 - Step 247 norm(X - TN_G_Ours): 48.9016945761788, norm2(E): 0.09999998658895493
2024-12-26 16:26:20,831 - Step 248 norm(X - TN_G_Ours): 48.9017045611334, norm2(E): 0.10000000149011612
2024-12-26 16:26:20,979 - Step 249 norm(X - TN_G_Ours): 48.9017045611334, norm2(E): 0.09999999403953552
2024-12-26 16:26:21,127 - Step 250 norm(X - TN_G_Ours): 48.901771959523614, norm2(E): 0.10000000149011612
2024-12-26 16:26:21,279 - Step 251 norm(X - TN_G_Ours): 48.90171204984801, norm2(E): 0.10000000894069672
2024-12-26 16:26:21,425 - Step 252 norm(X - TN_G_Ours): 48.90165214009901, norm2(E): 0.10000000894069672
2024-12-26 16:26:21,571 - Step 253 norm(X - TN_G_Ours): 48.901714546085955, norm2(E): 0.10000000149011612
2024-12-26 16:26:21,716 - Step 254 norm(X - TN_G_Ours): 48.901781944462414, norm2(E): 0.10000000149011612
2024-12-26 16:26:21,868 - Step 255 norm(X - TN_G_Ours): 48.90172952351097, norm2(E): 0.10000000149011612
2024-12-26 16:26:22,022 - Step 256 norm(X - TN_G_Ours): 48.90181689173215, norm2(E): 0.10000000894069672
2024-12-26 16:26:22,176 - Step 257 norm(X - TN_G_Ours): 48.901791929399174, norm2(E): 0.10000000894069672
2024-12-26 16:26:22,331 - Step 258 norm(X - TN_G_Ours): 48.901809403033596, norm2(E): 0.10000000149011612
2024-12-26 16:26:22,478 - Step 259 norm(X - TN_G_Ours): 48.901769463288595, norm2(E): 0.10000000149011612
2024-12-26 16:26:22,630 - Step 260 norm(X - TN_G_Ours): 48.90184185405239, norm2(E): 0.10000000894069672
2024-12-26 16:26:22,776 - Step 261 norm(X - TN_G_Ours): 48.901809403033596, norm2(E): 0.10000000149011612
2024-12-26 16:26:22,930 - Step 262 norm(X - TN_G_Ours): 48.90183686158936, norm2(E): 0.09999998658895493
2024-12-26 16:26:23,078 - Step 263 norm(X - TN_G_Ours): 48.90185932766897, norm2(E): 0.10000000149011612
2024-12-26 16:26:23,230 - Step 264 norm(X - TN_G_Ours): 48.90192672584588, norm2(E): 0.10000000149011612
2024-12-26 16:26:23,374 - Step 265 norm(X - TN_G_Ours): 48.90191923716415, norm2(E): 0.09999998658895493
2024-12-26 16:26:23,524 - Step 266 norm(X - TN_G_Ours): 48.901924229618764, norm2(E): 0.10000000149011612
2024-12-26 16:26:23,670 - Step 267 norm(X - TN_G_Ours): 48.90188179373826, norm2(E): 0.10000000149011612
2024-12-26 16:26:23,818 - Step 268 norm(X - TN_G_Ours): 48.90192672584588, norm2(E): 0.10000000894069672
2024-12-26 16:26:23,972 - Step 269 norm(X - TN_G_Ours): 48.90197165791222, norm2(E): 0.10000000149011612
2024-12-26 16:26:24,117 - Step 270 norm(X - TN_G_Ours): 48.90198413903443, norm2(E): 0.10000000894069672
2024-12-26 16:26:24,265 - Step 271 norm(X - TN_G_Ours): 48.901879297508856, norm2(E): 0.10000000149011612
2024-12-26 16:26:24,416 - Step 272 norm(X - TN_G_Ours): 48.90189177865464, norm2(E): 0.10000000149011612
2024-12-26 16:26:24,566 - Step 273 norm(X - TN_G_Ours): 48.90195168811006, norm2(E): 0.09999999403953552
2024-12-26 16:26:24,711 - Step 274 norm(X - TN_G_Ours): 48.90200660504638, norm2(E): 0.10000000149011612
2024-12-26 16:26:24,864 - Step 275 norm(X - TN_G_Ours): 48.90200410882334, norm2(E): 0.10000000149011612
2024-12-26 16:26:25,011 - Step 276 norm(X - TN_G_Ours): 48.901924229618764, norm2(E): 0.10000000894069672
2024-12-26 16:26:25,160 - Step 277 norm(X - TN_G_Ours): 48.901936710753084, norm2(E): 0.09999998658895493
2024-12-26 16:26:25,304 - Step 278 norm(X - TN_G_Ours): 48.90198663525849, norm2(E): 0.09999999403953552
2024-12-26 16:26:25,450 - Step 279 norm(X - TN_G_Ours): 48.90207400302031, norm2(E): 0.09999998658895493
2024-12-26 16:26:25,596 - Step 280 norm(X - TN_G_Ours): 48.90208398789744, norm2(E): 0.10000000149011612
2024-12-26 16:26:25,744 - Step 281 norm(X - TN_G_Ours): 48.902111446299024, norm2(E): 0.10000000894069672
2024-12-26 16:26:25,894 - Step 282 norm(X - TN_G_Ours): 48.90209147655394, norm2(E): 0.10000000894069672
2024-12-26 16:26:26,037 - Step 283 norm(X - TN_G_Ours): 48.902093972772526, norm2(E): 0.10000000149011612
2024-12-26 16:26:26,185 - Step 284 norm(X - TN_G_Ours): 48.9021214311685, norm2(E): 0.10000000149011612
2024-12-26 16:26:26,333 - Step 285 norm(X - TN_G_Ours): 48.90215138576472, norm2(E): 0.10000000149011612
2024-12-26 16:26:26,481 - Step 286 norm(X - TN_G_Ours): 48.902136408468905, norm2(E): 0.10000000149011612
2024-12-26 16:26:26,626 - Step 287 norm(X - TN_G_Ours): 48.90215138576472, norm2(E): 0.10000000149011612
2024-12-26 16:26:26,918 - Step 288 norm(X - TN_G_Ours): 48.90217884412846, norm2(E): 0.10000000149011612
2024-12-26 16:26:27,068 - Step 289 norm(X - TN_G_Ours): 48.902233760809686, norm2(E): 0.10000000149011612
2024-12-26 16:26:27,217 - Step 290 norm(X - TN_G_Ours): 48.902193821411274, norm2(E): 0.10000000149011612
2024-12-26 16:26:27,373 - Step 291 norm(X - TN_G_Ours): 48.902218783539105, norm2(E): 0.09999999403953552
2024-12-26 16:26:27,521 - Step 292 norm(X - TN_G_Ours): 48.90223625702101, norm2(E): 0.10000001639127731
2024-12-26 16:26:27,666 - Step 293 norm(X - TN_G_Ours): 48.90232362433686, norm2(E): 0.10000000149011612
2024-12-26 16:26:27,813 - Step 294 norm(X - TN_G_Ours): 48.90225373049667, norm2(E): 0.10000000149011612
2024-12-26 16:26:27,961 - Step 295 norm(X - TN_G_Ours): 48.90225373049667, norm2(E): 0.10000000894069672
2024-12-26 16:26:28,105 - Step 296 norm(X - TN_G_Ours): 48.90229616605441, norm2(E): 0.10000000149011612
2024-12-26 16:26:28,254 - Step 297 norm(X - TN_G_Ours): 48.9023410977813, norm2(E): 0.10000000149011612
2024-12-26 16:26:28,407 - Step 298 norm(X - TN_G_Ours): 48.9023410977813, norm2(E): 0.09999999403953552
2024-12-26 16:26:28,568 - Step 299 norm(X - TN_G_Ours): 48.90235108260389, norm2(E): 0.10000000894069672
2024-12-26 16:26:28,659 - Step 0 norm(X - TN_G_ATR): 15.756866455078125, norm2(E): 0.10000000149011612
2024-12-26 16:26:28,745 - Step 1 norm(X - TN_G_ATR): 15.755358695983887, norm2(E): 0.10000000149011612
2024-12-26 16:26:28,830 - Step 2 norm(X - TN_G_ATR): 15.755326271057129, norm2(E): 0.10000000894069672
2024-12-26 16:26:28,918 - Step 3 norm(X - TN_G_ATR): 15.7553129196167, norm2(E): 0.10000000894069672
2024-12-26 16:26:29,003 - Step 4 norm(X - TN_G_ATR): 15.755303382873535, norm2(E): 0.10000000894069672
2024-12-26 16:26:29,088 - Step 5 norm(X - TN_G_ATR): 15.75529670715332, norm2(E): 0.10000000149011612
2024-12-26 16:26:29,174 - Step 6 norm(X - TN_G_ATR): 15.755290031433105, norm2(E): 0.10000000149011612
2024-12-26 16:26:29,267 - Step 7 norm(X - TN_G_ATR): 15.755287170410156, norm2(E): 0.10000000149011612
2024-12-26 16:26:29,352 - Step 8 norm(X - TN_G_ATR): 15.75528621673584, norm2(E): 0.10000000149011612
2024-12-26 16:26:29,436 - Step 9 norm(X - TN_G_ATR): 15.755285263061523, norm2(E): 0.09999998658895493
2024-12-26 16:26:29,528 - Step 10 norm(X - TN_G_ATR): 15.755285263061523, norm2(E): 0.10000000894069672
2024-12-26 16:26:29,613 - Step 11 norm(X - TN_G_ATR): 15.755284309387207, norm2(E): 0.10000000894069672
2024-12-26 16:26:29,698 - Step 12 norm(X - TN_G_ATR): 15.755284309387207, norm2(E): 0.10000000149011612
2024-12-26 16:26:29,789 - Step 13 norm(X - TN_G_ATR): 15.75528335571289, norm2(E): 0.10000000149011612
2024-12-26 16:26:29,874 - Step 14 norm(X - TN_G_ATR): 15.755284309387207, norm2(E): 0.10000000149011612
2024-12-26 16:26:29,964 - Step 15 norm(X - TN_G_ATR): 15.755285263061523, norm2(E): 0.09999999403953552
2024-12-26 16:26:30,051 - Step 16 norm(X - TN_G_ATR): 15.755285263061523, norm2(E): 0.10000000149011612
2024-12-26 16:26:30,136 - Step 17 norm(X - TN_G_ATR): 15.755285263061523, norm2(E): 0.10000000149011612
2024-12-26 16:26:30,223 - Step 18 norm(X - TN_G_ATR): 15.755285263061523, norm2(E): 0.10000000149011612
2024-12-26 16:26:30,322 - Step 19 norm(X - TN_G_ATR): 15.755285263061523, norm2(E): 0.10000000149011612
2024-12-26 16:26:30,412 - Step 20 norm(X - TN_G_ATR): 15.75528621673584, norm2(E): 0.10000000149011612
2024-12-26 16:26:30,500 - Step 21 norm(X - TN_G_ATR): 15.75528621673584, norm2(E): 0.10000000894069672
2024-12-26 16:26:30,592 - Step 22 norm(X - TN_G_ATR): 15.75528621673584, norm2(E): 0.10000000149011612
2024-12-26 16:26:30,676 - Step 23 norm(X - TN_G_ATR): 15.75528621673584, norm2(E): 0.09999999403953552
2024-12-26 16:26:30,773 - Step 24 norm(X - TN_G_ATR): 15.75528621673584, norm2(E): 0.09999999403953552
2024-12-26 16:26:30,858 - Step 25 norm(X - TN_G_ATR): 15.755285263061523, norm2(E): 0.10000000149011612
2024-12-26 16:26:30,942 - Step 26 norm(X - TN_G_ATR): 15.755284309387207, norm2(E): 0.10000000149011612
2024-12-26 16:26:31,028 - Step 27 norm(X - TN_G_ATR): 15.755284309387207, norm2(E): 0.10000000894069672
2024-12-26 16:26:31,113 - Step 28 norm(X - TN_G_ATR): 15.755284309387207, norm2(E): 0.10000000149011612
2024-12-26 16:26:31,198 - Step 29 norm(X - TN_G_ATR): 15.75528335571289, norm2(E): 0.10000000894069672
2024-12-26 16:26:31,283 - Step 30 norm(X - TN_G_ATR): 15.755284309387207, norm2(E): 0.10000000149011612
2024-12-26 16:26:31,371 - Step 31 norm(X - TN_G_ATR): 15.755284309387207, norm2(E): 0.10000000149011612
2024-12-26 16:26:31,455 - Step 32 norm(X - TN_G_ATR): 15.75528335571289, norm2(E): 0.10000000149011612
2024-12-26 16:26:31,540 - Step 33 norm(X - TN_G_ATR): 15.75528335571289, norm2(E): 0.10000000149011612
2024-12-26 16:26:31,624 - Step 34 norm(X - TN_G_ATR): 15.75528335571289, norm2(E): 0.10000000894069672
2024-12-26 16:26:31,708 - Step 35 norm(X - TN_G_ATR): 15.755284309387207, norm2(E): 0.10000000149011612
2024-12-26 16:26:31,794 - Step 36 norm(X - TN_G_ATR): 15.755284309387207, norm2(E): 0.10000000149011612
2024-12-26 16:26:31,878 - Step 37 norm(X - TN_G_ATR): 15.755284309387207, norm2(E): 0.10000000149011612
2024-12-26 16:26:31,962 - Step 38 norm(X - TN_G_ATR): 15.755285263061523, norm2(E): 0.10000000149011612
2024-12-26 16:26:32,047 - Step 39 norm(X - TN_G_ATR): 15.75528621673584, norm2(E): 0.10000000149011612
2024-12-26 16:26:32,135 - Step 40 norm(X - TN_G_ATR): 15.75528621673584, norm2(E): 0.10000000894069672
2024-12-26 16:26:32,221 - Step 41 norm(X - TN_G_ATR): 15.75528621673584, norm2(E): 0.10000000149011612
2024-12-26 16:26:32,313 - Step 42 norm(X - TN_G_ATR): 15.755287170410156, norm2(E): 0.10000000149011612
2024-12-26 16:26:32,398 - Step 43 norm(X - TN_G_ATR): 15.755287170410156, norm2(E): 0.10000000149011612
2024-12-26 16:26:32,493 - Step 44 norm(X - TN_G_ATR): 15.755287170410156, norm2(E): 0.09999999403953552
2024-12-26 16:26:32,578 - Step 45 norm(X - TN_G_ATR): 15.755287170410156, norm2(E): 0.10000000149011612
2024-12-26 16:26:32,664 - Step 46 norm(X - TN_G_ATR): 15.755288124084473, norm2(E): 0.10000000149011612
2024-12-26 16:26:32,748 - Step 47 norm(X - TN_G_ATR): 15.755288124084473, norm2(E): 0.10000000149011612
2024-12-26 16:26:32,835 - Step 48 norm(X - TN_G_ATR): 15.755287170410156, norm2(E): 0.09999999403953552
2024-12-26 16:26:32,919 - Step 49 norm(X - TN_G_ATR): 15.755287170410156, norm2(E): 0.10000000149011612
2024-12-26 16:26:33,003 - Step 50 norm(X - TN_G_ATR): 15.755287170410156, norm2(E): 0.10000000894069672
2024-12-26 16:26:33,087 - Step 51 norm(X - TN_G_ATR): 15.755287170410156, norm2(E): 0.10000000149011612
2024-12-26 16:26:33,171 - Step 52 norm(X - TN_G_ATR): 15.755287170410156, norm2(E): 0.10000000149011612
2024-12-26 16:26:33,261 - Step 53 norm(X - TN_G_ATR): 15.755287170410156, norm2(E): 0.10000000149011612
2024-12-26 16:26:33,351 - Step 54 norm(X - TN_G_ATR): 15.755287170410156, norm2(E): 0.10000000149011612
2024-12-26 16:26:33,435 - Step 55 norm(X - TN_G_ATR): 15.75528621673584, norm2(E): 0.10000000149011612
2024-12-26 16:26:33,526 - Step 56 norm(X - TN_G_ATR): 15.75528621673584, norm2(E): 0.10000000149011612
2024-12-26 16:26:33,610 - Step 57 norm(X - TN_G_ATR): 15.75528621673584, norm2(E): 0.10000000149011612
2024-12-26 16:26:33,693 - Step 58 norm(X - TN_G_ATR): 15.75528621673584, norm2(E): 0.10000000894069672
2024-12-26 16:26:33,778 - Step 59 norm(X - TN_G_ATR): 15.755285263061523, norm2(E): 0.10000000149011612
2024-12-26 16:26:33,870 - Step 60 norm(X - TN_G_ATR): 15.755285263061523, norm2(E): 0.10000000149011612
2024-12-26 16:26:33,954 - Step 61 norm(X - TN_G_ATR): 15.755284309387207, norm2(E): 0.09999999403953552
2024-12-26 16:26:34,038 - Step 62 norm(X - TN_G_ATR): 15.755284309387207, norm2(E): 0.09999998658895493
2024-12-26 16:26:34,122 - Step 63 norm(X - TN_G_ATR): 15.75528335571289, norm2(E): 0.10000000149011612
2024-12-26 16:26:34,210 - Step 64 norm(X - TN_G_ATR): 15.75528335571289, norm2(E): 0.09999999403953552
2024-12-26 16:26:34,301 - Step 65 norm(X - TN_G_ATR): 15.75528335571289, norm2(E): 0.10000000149011612
2024-12-26 16:26:34,385 - Step 66 norm(X - TN_G_ATR): 15.75528335571289, norm2(E): 0.10000000894069672
2024-12-26 16:26:34,469 - Step 67 norm(X - TN_G_ATR): 15.755281448364258, norm2(E): 0.10000000149011612
2024-12-26 16:26:34,555 - Step 68 norm(X - TN_G_ATR): 15.755281448364258, norm2(E): 0.10000000894069672
2024-12-26 16:26:34,641 - Step 69 norm(X - TN_G_ATR): 15.755281448364258, norm2(E): 0.10000000149011612
2024-12-26 16:26:34,725 - Step 70 norm(X - TN_G_ATR): 15.755281448364258, norm2(E): 0.10000000149011612
2024-12-26 16:26:34,809 - Step 71 norm(X - TN_G_ATR): 15.755281448364258, norm2(E): 0.10000000149011612
2024-12-26 16:26:34,894 - Step 72 norm(X - TN_G_ATR): 15.755281448364258, norm2(E): 0.10000000894069672
2024-12-26 16:26:34,978 - Step 73 norm(X - TN_G_ATR): 15.755280494689941, norm2(E): 0.10000000149011612
2024-12-26 16:26:35,063 - Step 74 norm(X - TN_G_ATR): 15.755280494689941, norm2(E): 0.10000000149011612
2024-12-26 16:26:35,147 - Step 75 norm(X - TN_G_ATR): 15.755280494689941, norm2(E): 0.10000000149011612
2024-12-26 16:26:35,233 - Step 76 norm(X - TN_G_ATR): 15.755280494689941, norm2(E): 0.10000000149011612
2024-12-26 16:26:35,316 - Step 77 norm(X - TN_G_ATR): 15.755280494689941, norm2(E): 0.10000000149011612
2024-12-26 16:26:35,400 - Step 78 norm(X - TN_G_ATR): 15.755279541015625, norm2(E): 0.10000000149011612
2024-12-26 16:26:35,491 - Step 79 norm(X - TN_G_ATR): 15.755279541015625, norm2(E): 0.10000000149011612
2024-12-26 16:26:35,575 - Step 80 norm(X - TN_G_ATR): 15.755278587341309, norm2(E): 0.10000000149011612
2024-12-26 16:26:35,660 - Step 81 norm(X - TN_G_ATR): 15.755277633666992, norm2(E): 0.10000000149011612
2024-12-26 16:26:35,744 - Step 82 norm(X - TN_G_ATR): 15.755277633666992, norm2(E): 0.10000000894069672
2024-12-26 16:26:35,828 - Step 83 norm(X - TN_G_ATR): 15.755276679992676, norm2(E): 0.10000000149011612
2024-12-26 16:26:35,913 - Step 84 norm(X - TN_G_ATR): 15.75527572631836, norm2(E): 0.10000000894069672
2024-12-26 16:26:36,002 - Step 85 norm(X - TN_G_ATR): 15.75527572631836, norm2(E): 0.10000000894069672
2024-12-26 16:26:36,087 - Step 86 norm(X - TN_G_ATR): 15.75527572631836, norm2(E): 0.10000000149011612
2024-12-26 16:26:36,171 - Step 87 norm(X - TN_G_ATR): 15.755273818969727, norm2(E): 0.10000000149011612
2024-12-26 16:26:36,256 - Step 88 norm(X - TN_G_ATR): 15.755273818969727, norm2(E): 0.10000000894069672
2024-12-26 16:26:36,349 - Step 89 norm(X - TN_G_ATR): 15.755271911621094, norm2(E): 0.10000000894069672
2024-12-26 16:26:36,443 - Step 90 norm(X - TN_G_ATR): 15.755271911621094, norm2(E): 0.10000000149011612
2024-12-26 16:26:36,534 - Step 91 norm(X - TN_G_ATR): 15.755271911621094, norm2(E): 0.10000000149011612
2024-12-26 16:26:36,622 - Step 92 norm(X - TN_G_ATR): 15.755271911621094, norm2(E): 0.10000000894069672
2024-12-26 16:26:36,707 - Step 93 norm(X - TN_G_ATR): 15.755271911621094, norm2(E): 0.10000000149011612
2024-12-26 16:26:36,803 - Step 94 norm(X - TN_G_ATR): 15.755271911621094, norm2(E): 0.10000000149011612
2024-12-26 16:26:36,887 - Step 95 norm(X - TN_G_ATR): 15.755270957946777, norm2(E): 0.10000000149011612
2024-12-26 16:26:36,971 - Step 96 norm(X - TN_G_ATR): 15.755271911621094, norm2(E): 0.10000000149011612
2024-12-26 16:26:37,056 - Step 97 norm(X - TN_G_ATR): 15.755271911621094, norm2(E): 0.10000000149011612
2024-12-26 16:26:37,141 - Step 98 norm(X - TN_G_ATR): 15.755271911621094, norm2(E): 0.09999999403953552
2024-12-26 16:26:37,225 - Step 99 norm(X - TN_G_ATR): 15.755271911621094, norm2(E): 0.10000000149011612
2024-12-26 16:26:37,312 - Step 100 norm(X - TN_G_ATR): 15.755271911621094, norm2(E): 0.10000000149011612
2024-12-26 16:26:37,396 - Step 101 norm(X - TN_G_ATR): 15.755271911621094, norm2(E): 0.09999999403953552
2024-12-26 16:26:37,488 - Step 102 norm(X - TN_G_ATR): 15.755271911621094, norm2(E): 0.10000000149011612
2024-12-26 16:26:37,573 - Step 103 norm(X - TN_G_ATR): 15.755271911621094, norm2(E): 0.10000000894069672
2024-12-26 16:26:37,658 - Step 104 norm(X - TN_G_ATR): 15.755271911621094, norm2(E): 0.10000000149011612
2024-12-26 16:26:37,742 - Step 105 norm(X - TN_G_ATR): 15.755271911621094, norm2(E): 0.10000000149011612
2024-12-26 16:26:37,826 - Step 106 norm(X - TN_G_ATR): 15.755271911621094, norm2(E): 0.09999998658895493
2024-12-26 16:26:37,916 - Step 107 norm(X - TN_G_ATR): 15.755271911621094, norm2(E): 0.10000000149011612
2024-12-26 16:26:38,011 - Step 108 norm(X - TN_G_ATR): 15.755271911621094, norm2(E): 0.10000000149011612
2024-12-26 16:26:38,095 - Step 109 norm(X - TN_G_ATR): 15.75527286529541, norm2(E): 0.10000000149011612
2024-12-26 16:26:38,179 - Step 110 norm(X - TN_G_ATR): 15.75527286529541, norm2(E): 0.10000000149011612
2024-12-26 16:26:38,266 - Step 111 norm(X - TN_G_ATR): 15.75527286529541, norm2(E): 0.10000000149011612
2024-12-26 16:26:38,364 - Step 112 norm(X - TN_G_ATR): 15.755271911621094, norm2(E): 0.09999998658895493
2024-12-26 16:26:38,449 - Step 113 norm(X - TN_G_ATR): 15.75527286529541, norm2(E): 0.10000000149011612
2024-12-26 16:26:38,536 - Step 114 norm(X - TN_G_ATR): 15.75527286529541, norm2(E): 0.10000000149011612
2024-12-26 16:26:38,628 - Step 115 norm(X - TN_G_ATR): 15.755271911621094, norm2(E): 0.09999998658895493
2024-12-26 16:26:38,722 - Step 116 norm(X - TN_G_ATR): 15.755271911621094, norm2(E): 0.10000000149011612
2024-12-26 16:26:38,822 - Step 117 norm(X - TN_G_ATR): 15.755271911621094, norm2(E): 0.10000000149011612
2024-12-26 16:26:38,912 - Step 118 norm(X - TN_G_ATR): 15.755270957946777, norm2(E): 0.09999998658895493
2024-12-26 16:26:39,003 - Step 119 norm(X - TN_G_ATR): 15.755270957946777, norm2(E): 0.10000000894069672
2024-12-26 16:26:39,092 - Step 120 norm(X - TN_G_ATR): 15.755270957946777, norm2(E): 0.10000000149011612
2024-12-26 16:26:39,177 - Step 121 norm(X - TN_G_ATR): 15.755270004272461, norm2(E): 0.10000000894069672
2024-12-26 16:26:39,262 - Step 122 norm(X - TN_G_ATR): 15.755270004272461, norm2(E): 0.10000000149011612
2024-12-26 16:26:39,346 - Step 123 norm(X - TN_G_ATR): 15.755270004272461, norm2(E): 0.10000000149011612
2024-12-26 16:26:39,430 - Step 124 norm(X - TN_G_ATR): 15.755269050598145, norm2(E): 0.10000000149011612
2024-12-26 16:26:39,524 - Step 125 norm(X - TN_G_ATR): 15.755269050598145, norm2(E): 0.10000000149011612
2024-12-26 16:26:39,615 - Step 126 norm(X - TN_G_ATR): 15.755269050598145, norm2(E): 0.10000000149011612
2024-12-26 16:26:39,700 - Step 127 norm(X - TN_G_ATR): 15.755268096923828, norm2(E): 0.10000000149011612
2024-12-26 16:26:39,785 - Step 128 norm(X - TN_G_ATR): 15.755268096923828, norm2(E): 0.09999999403953552
2024-12-26 16:26:39,875 - Step 129 norm(X - TN_G_ATR): 15.755268096923828, norm2(E): 0.10000000149011612
2024-12-26 16:26:39,966 - Step 130 norm(X - TN_G_ATR): 15.755267143249512, norm2(E): 0.10000000149011612
2024-12-26 16:26:40,050 - Step 131 norm(X - TN_G_ATR): 15.755267143249512, norm2(E): 0.10000000149011612
2024-12-26 16:26:40,135 - Step 132 norm(X - TN_G_ATR): 15.755267143249512, norm2(E): 0.09999999403953552
2024-12-26 16:26:40,220 - Step 133 norm(X - TN_G_ATR): 15.755268096923828, norm2(E): 0.10000000149011612
2024-12-26 16:26:40,305 - Step 134 norm(X - TN_G_ATR): 15.755266189575195, norm2(E): 0.10000000149011612
2024-12-26 16:26:40,389 - Step 135 norm(X - TN_G_ATR): 15.755267143249512, norm2(E): 0.10000000894069672
2024-12-26 16:26:40,474 - Step 136 norm(X - TN_G_ATR): 15.755267143249512, norm2(E): 0.10000000894069672
2024-12-26 16:26:40,560 - Step 137 norm(X - TN_G_ATR): 15.755266189575195, norm2(E): 0.10000000149011612
2024-12-26 16:26:40,650 - Step 138 norm(X - TN_G_ATR): 15.755266189575195, norm2(E): 0.10000000149011612
2024-12-26 16:26:40,739 - Step 139 norm(X - TN_G_ATR): 15.755266189575195, norm2(E): 0.10000000149011612
2024-12-26 16:26:40,823 - Step 140 norm(X - TN_G_ATR): 15.755265235900879, norm2(E): 0.10000000149011612
2024-12-26 16:26:40,908 - Step 141 norm(X - TN_G_ATR): 15.755266189575195, norm2(E): 0.10000000149011612
2024-12-26 16:26:40,994 - Step 142 norm(X - TN_G_ATR): 15.755265235900879, norm2(E): 0.09999999403953552
2024-12-26 16:26:41,082 - Step 143 norm(X - TN_G_ATR): 15.755265235900879, norm2(E): 0.10000000149011612
2024-12-26 16:26:41,166 - Step 144 norm(X - TN_G_ATR): 15.755265235900879, norm2(E): 0.10000000149011612
2024-12-26 16:26:41,260 - Step 145 norm(X - TN_G_ATR): 15.755265235900879, norm2(E): 0.10000000149011612
2024-12-26 16:26:41,349 - Step 146 norm(X - TN_G_ATR): 15.755264282226562, norm2(E): 0.10000000149011612
2024-12-26 16:26:41,433 - Step 147 norm(X - TN_G_ATR): 15.755264282226562, norm2(E): 0.10000000149011612
2024-12-26 16:26:41,524 - Step 148 norm(X - TN_G_ATR): 15.755264282226562, norm2(E): 0.10000000149011612
2024-12-26 16:26:41,607 - Step 149 norm(X - TN_G_ATR): 15.755264282226562, norm2(E): 0.10000000894069672
2024-12-26 16:26:41,697 - Step 150 norm(X - TN_G_ATR): 15.755264282226562, norm2(E): 0.09999998658895493
2024-12-26 16:26:41,782 - Step 151 norm(X - TN_G_ATR): 15.755264282226562, norm2(E): 0.10000000149011612
2024-12-26 16:26:41,873 - Step 152 norm(X - TN_G_ATR): 15.755263328552246, norm2(E): 0.10000000149011612
2024-12-26 16:26:41,957 - Step 153 norm(X - TN_G_ATR): 15.755263328552246, norm2(E): 0.10000000149011612
2024-12-26 16:26:42,041 - Step 154 norm(X - TN_G_ATR): 15.755263328552246, norm2(E): 0.10000000894069672
2024-12-26 16:26:42,126 - Step 155 norm(X - TN_G_ATR): 15.75526237487793, norm2(E): 0.10000000149011612
2024-12-26 16:26:42,210 - Step 156 norm(X - TN_G_ATR): 15.75526237487793, norm2(E): 0.10000000149011612
2024-12-26 16:26:42,307 - Step 157 norm(X - TN_G_ATR): 15.755261421203613, norm2(E): 0.10000000894069672
2024-12-26 16:26:42,392 - Step 158 norm(X - TN_G_ATR): 15.755261421203613, norm2(E): 0.10000000894069672
2024-12-26 16:26:42,476 - Step 159 norm(X - TN_G_ATR): 15.755260467529297, norm2(E): 0.10000000149011612
2024-12-26 16:26:42,564 - Step 160 norm(X - TN_G_ATR): 15.755260467529297, norm2(E): 0.09999999403953552
2024-12-26 16:26:42,655 - Step 161 norm(X - TN_G_ATR): 15.755260467529297, norm2(E): 0.10000000149011612
2024-12-26 16:26:42,739 - Step 162 norm(X - TN_G_ATR): 15.75525951385498, norm2(E): 0.10000000149011612
2024-12-26 16:26:42,823 - Step 163 norm(X - TN_G_ATR): 15.75525951385498, norm2(E): 0.09999999403953552
2024-12-26 16:26:42,907 - Step 164 norm(X - TN_G_ATR): 15.755260467529297, norm2(E): 0.10000000149011612
2024-12-26 16:26:42,991 - Step 165 norm(X - TN_G_ATR): 15.755258560180664, norm2(E): 0.10000000149011612
2024-12-26 16:26:43,076 - Step 166 norm(X - TN_G_ATR): 15.755258560180664, norm2(E): 0.09999999403953552
2024-12-26 16:26:43,160 - Step 167 norm(X - TN_G_ATR): 15.755258560180664, norm2(E): 0.10000000149011612
2024-12-26 16:26:43,244 - Step 168 norm(X - TN_G_ATR): 15.755258560180664, norm2(E): 0.10000000149011612
2024-12-26 16:26:43,329 - Step 169 norm(X - TN_G_ATR): 15.755258560180664, norm2(E): 0.10000000149011612
2024-12-26 16:26:43,413 - Step 170 norm(X - TN_G_ATR): 15.755257606506348, norm2(E): 0.10000000894069672
2024-12-26 16:26:43,499 - Step 171 norm(X - TN_G_ATR): 15.755258560180664, norm2(E): 0.10000000149011612
2024-12-26 16:26:43,588 - Step 172 norm(X - TN_G_ATR): 15.755257606506348, norm2(E): 0.10000000149011612
2024-12-26 16:26:43,678 - Step 173 norm(X - TN_G_ATR): 15.755258560180664, norm2(E): 0.10000001639127731
2024-12-26 16:26:43,763 - Step 174 norm(X - TN_G_ATR): 15.755258560180664, norm2(E): 0.10000000149011612
2024-12-26 16:26:43,848 - Step 175 norm(X - TN_G_ATR): 15.755258560180664, norm2(E): 0.10000000149011612
2024-12-26 16:26:43,943 - Step 176 norm(X - TN_G_ATR): 15.755258560180664, norm2(E): 0.10000000149011612
2024-12-26 16:26:44,032 - Step 177 norm(X - TN_G_ATR): 15.755257606506348, norm2(E): 0.10000000894069672
2024-12-26 16:26:44,116 - Step 178 norm(X - TN_G_ATR): 15.755258560180664, norm2(E): 0.10000000149011612
2024-12-26 16:26:44,206 - Step 179 norm(X - TN_G_ATR): 15.755258560180664, norm2(E): 0.10000000149011612
2024-12-26 16:26:44,291 - Step 180 norm(X - TN_G_ATR): 15.75525951385498, norm2(E): 0.10000000894069672
2024-12-26 16:26:44,379 - Step 181 norm(X - TN_G_ATR): 15.75525951385498, norm2(E): 0.09999999403953552
2024-12-26 16:26:44,463 - Step 182 norm(X - TN_G_ATR): 15.75525951385498, norm2(E): 0.10000000149011612
2024-12-26 16:26:44,548 - Step 183 norm(X - TN_G_ATR): 15.75525951385498, norm2(E): 0.10000000149011612
2024-12-26 16:26:44,640 - Step 184 norm(X - TN_G_ATR): 15.75525951385498, norm2(E): 0.10000000149011612
2024-12-26 16:26:44,734 - Step 185 norm(X - TN_G_ATR): 15.755260467529297, norm2(E): 0.10000000894069672
2024-12-26 16:26:44,827 - Step 186 norm(X - TN_G_ATR): 15.755261421203613, norm2(E): 0.09999999403953552
2024-12-26 16:26:44,911 - Step 187 norm(X - TN_G_ATR): 15.755261421203613, norm2(E): 0.10000000894069672
2024-12-26 16:26:44,995 - Step 188 norm(X - TN_G_ATR): 15.755261421203613, norm2(E): 0.10000000149011612
2024-12-26 16:26:45,080 - Step 189 norm(X - TN_G_ATR): 15.75526237487793, norm2(E): 0.10000000894069672
2024-12-26 16:26:45,170 - Step 190 norm(X - TN_G_ATR): 15.75526237487793, norm2(E): 0.10000000149011612
2024-12-26 16:26:45,259 - Step 191 norm(X - TN_G_ATR): 15.755263328552246, norm2(E): 0.10000000149011612
2024-12-26 16:26:45,344 - Step 192 norm(X - TN_G_ATR): 15.755263328552246, norm2(E): 0.09999999403953552
2024-12-26 16:26:45,428 - Step 193 norm(X - TN_G_ATR): 15.755265235900879, norm2(E): 0.10000000149011612
2024-12-26 16:26:45,513 - Step 194 norm(X - TN_G_ATR): 15.755264282226562, norm2(E): 0.10000000149011612
2024-12-26 16:26:45,598 - Step 195 norm(X - TN_G_ATR): 15.755265235900879, norm2(E): 0.10000000149011612
2024-12-26 16:26:45,682 - Step 196 norm(X - TN_G_ATR): 15.755266189575195, norm2(E): 0.10000000894069672
2024-12-26 16:26:45,766 - Step 197 norm(X - TN_G_ATR): 15.755266189575195, norm2(E): 0.09999998658895493
2024-12-26 16:26:45,851 - Step 198 norm(X - TN_G_ATR): 15.755267143249512, norm2(E): 0.10000000149011612
2024-12-26 16:26:45,934 - Step 199 norm(X - TN_G_ATR): 15.755267143249512, norm2(E): 0.09999999403953552
2024-12-26 16:26:46,023 - Step 200 norm(X - TN_G_ATR): 15.755268096923828, norm2(E): 0.10000000894069672
2024-12-26 16:26:46,108 - Step 201 norm(X - TN_G_ATR): 15.755269050598145, norm2(E): 0.10000000149011612
2024-12-26 16:26:46,192 - Step 202 norm(X - TN_G_ATR): 15.755270004272461, norm2(E): 0.10000000894069672
2024-12-26 16:26:46,283 - Step 203 norm(X - TN_G_ATR): 15.755270004272461, norm2(E): 0.09999999403953552
2024-12-26 16:26:46,368 - Step 204 norm(X - TN_G_ATR): 15.755271911621094, norm2(E): 0.10000000149011612
2024-12-26 16:26:46,453 - Step 205 norm(X - TN_G_ATR): 15.75527286529541, norm2(E): 0.10000000149011612
2024-12-26 16:26:46,538 - Step 206 norm(X - TN_G_ATR): 15.755273818969727, norm2(E): 0.10000000149011612
2024-12-26 16:26:46,627 - Step 207 norm(X - TN_G_ATR): 15.755274772644043, norm2(E): 0.10000000894069672
2024-12-26 16:26:46,711 - Step 208 norm(X - TN_G_ATR): 15.75527572631836, norm2(E): 0.10000000894069672
2024-12-26 16:26:46,803 - Step 209 norm(X - TN_G_ATR): 15.755276679992676, norm2(E): 0.10000000149011612
2024-12-26 16:26:46,888 - Step 210 norm(X - TN_G_ATR): 15.755276679992676, norm2(E): 0.10000000149011612
2024-12-26 16:26:46,972 - Step 211 norm(X - TN_G_ATR): 15.755278587341309, norm2(E): 0.10000000149011612
2024-12-26 16:26:47,064 - Step 212 norm(X - TN_G_ATR): 15.755278587341309, norm2(E): 0.10000000149011612
2024-12-26 16:26:47,148 - Step 213 norm(X - TN_G_ATR): 15.755280494689941, norm2(E): 0.10000000149011612
2024-12-26 16:26:47,233 - Step 214 norm(X - TN_G_ATR): 15.755280494689941, norm2(E): 0.10000000894069672
2024-12-26 16:26:47,323 - Step 215 norm(X - TN_G_ATR): 15.755281448364258, norm2(E): 0.10000000149011612
2024-12-26 16:26:47,413 - Step 216 norm(X - TN_G_ATR): 15.755282402038574, norm2(E): 0.10000000894069672
2024-12-26 16:26:47,497 - Step 217 norm(X - TN_G_ATR): 15.75528335571289, norm2(E): 0.10000000149011612
2024-12-26 16:26:47,582 - Step 218 norm(X - TN_G_ATR): 15.755284309387207, norm2(E): 0.09999999403953552
2024-12-26 16:26:47,666 - Step 219 norm(X - TN_G_ATR): 15.755285263061523, norm2(E): 0.10000000894069672
2024-12-26 16:26:47,750 - Step 220 norm(X - TN_G_ATR): 15.75528621673584, norm2(E): 0.10000000149011612
2024-12-26 16:26:47,835 - Step 221 norm(X - TN_G_ATR): 15.755287170410156, norm2(E): 0.10000000894069672
2024-12-26 16:26:47,920 - Step 222 norm(X - TN_G_ATR): 15.755287170410156, norm2(E): 0.09999999403953552
2024-12-26 16:26:48,010 - Step 223 norm(X - TN_G_ATR): 15.755288124084473, norm2(E): 0.10000000149011612
2024-12-26 16:26:48,094 - Step 224 norm(X - TN_G_ATR): 15.755289077758789, norm2(E): 0.10000000894069672
2024-12-26 16:26:48,184 - Step 225 norm(X - TN_G_ATR): 15.755289077758789, norm2(E): 0.10000000149011612
2024-12-26 16:26:48,270 - Step 226 norm(X - TN_G_ATR): 15.755290031433105, norm2(E): 0.10000000149011612
2024-12-26 16:26:48,366 - Step 227 norm(X - TN_G_ATR): 15.755290031433105, norm2(E): 0.10000000894069672
2024-12-26 16:26:48,452 - Step 228 norm(X - TN_G_ATR): 15.755290985107422, norm2(E): 0.09999999403953552
2024-12-26 16:26:48,540 - Step 229 norm(X - TN_G_ATR): 15.755290985107422, norm2(E): 0.10000001639127731
2024-12-26 16:26:48,626 - Step 230 norm(X - TN_G_ATR): 15.755291938781738, norm2(E): 0.09999999403953552
2024-12-26 16:26:48,717 - Step 231 norm(X - TN_G_ATR): 15.755291938781738, norm2(E): 0.10000000894069672
2024-12-26 16:26:48,806 - Step 232 norm(X - TN_G_ATR): 15.755292892456055, norm2(E): 0.10000000149011612
2024-12-26 16:26:48,894 - Step 233 norm(X - TN_G_ATR): 15.755292892456055, norm2(E): 0.10000000149011612
2024-12-26 16:26:48,978 - Step 234 norm(X - TN_G_ATR): 15.755292892456055, norm2(E): 0.10000000149011612
2024-12-26 16:26:49,067 - Step 235 norm(X - TN_G_ATR): 15.755293846130371, norm2(E): 0.10000000149011612
2024-12-26 16:26:49,151 - Step 236 norm(X - TN_G_ATR): 15.755293846130371, norm2(E): 0.10000000894069672
2024-12-26 16:26:49,236 - Step 237 norm(X - TN_G_ATR): 15.755293846130371, norm2(E): 0.10000000149011612
2024-12-26 16:26:49,320 - Step 238 norm(X - TN_G_ATR): 15.755294799804688, norm2(E): 0.10000000149011612
2024-12-26 16:26:49,404 - Step 239 norm(X - TN_G_ATR): 15.755294799804688, norm2(E): 0.10000000149011612
2024-12-26 16:26:49,499 - Step 240 norm(X - TN_G_ATR): 15.755294799804688, norm2(E): 0.10000000149011612
2024-12-26 16:26:49,586 - Step 241 norm(X - TN_G_ATR): 15.755294799804688, norm2(E): 0.10000000894069672
2024-12-26 16:26:49,670 - Step 242 norm(X - TN_G_ATR): 15.755294799804688, norm2(E): 0.10000001639127731
2024-12-26 16:26:49,762 - Step 243 norm(X - TN_G_ATR): 15.755294799804688, norm2(E): 0.10000000149011612
2024-12-26 16:26:49,847 - Step 244 norm(X - TN_G_ATR): 15.755294799804688, norm2(E): 0.09999999403953552
2024-12-26 16:26:49,931 - Step 245 norm(X - TN_G_ATR): 15.755295753479004, norm2(E): 0.09999998658895493
2024-12-26 16:26:50,019 - Step 246 norm(X - TN_G_ATR): 15.755294799804688, norm2(E): 0.10000000149011612
2024-12-26 16:26:50,102 - Step 247 norm(X - TN_G_ATR): 15.755295753479004, norm2(E): 0.10000000149011612
2024-12-26 16:26:50,187 - Step 248 norm(X - TN_G_ATR): 15.755295753479004, norm2(E): 0.10000000149011612
2024-12-26 16:26:50,271 - Step 249 norm(X - TN_G_ATR): 15.755294799804688, norm2(E): 0.10000000149011612
2024-12-26 16:26:50,361 - Step 250 norm(X - TN_G_ATR): 15.755294799804688, norm2(E): 0.10000000149011612
2024-12-26 16:26:50,445 - Step 251 norm(X - TN_G_ATR): 15.755294799804688, norm2(E): 0.10000000149011612
2024-12-26 16:26:50,530 - Step 252 norm(X - TN_G_ATR): 15.755294799804688, norm2(E): 0.10000000149011612
2024-12-26 16:26:50,620 - Step 253 norm(X - TN_G_ATR): 15.755294799804688, norm2(E): 0.10000000149011612
2024-12-26 16:26:50,704 - Step 254 norm(X - TN_G_ATR): 15.755294799804688, norm2(E): 0.10000000894069672
2024-12-26 16:26:50,795 - Step 255 norm(X - TN_G_ATR): 15.755294799804688, norm2(E): 0.10000000149011612
2024-12-26 16:26:50,879 - Step 256 norm(X - TN_G_ATR): 15.755294799804688, norm2(E): 0.10000000894069672
2024-12-26 16:26:50,964 - Step 257 norm(X - TN_G_ATR): 15.755294799804688, norm2(E): 0.10000000894069672
2024-12-26 16:26:51,048 - Step 258 norm(X - TN_G_ATR): 15.755293846130371, norm2(E): 0.10000000149011612
2024-12-26 16:26:51,132 - Step 259 norm(X - TN_G_ATR): 15.755293846130371, norm2(E): 0.10000000149011612
2024-12-26 16:26:51,217 - Step 260 norm(X - TN_G_ATR): 15.755293846130371, norm2(E): 0.10000000894069672
2024-12-26 16:26:51,301 - Step 261 norm(X - TN_G_ATR): 15.755293846130371, norm2(E): 0.10000000894069672
2024-12-26 16:26:51,386 - Step 262 norm(X - TN_G_ATR): 15.755293846130371, norm2(E): 0.10000000149011612
2024-12-26 16:26:51,470 - Step 263 norm(X - TN_G_ATR): 15.755293846130371, norm2(E): 0.10000000149011612
2024-12-26 16:26:51,555 - Step 264 norm(X - TN_G_ATR): 15.755292892456055, norm2(E): 0.10000000894069672
2024-12-26 16:26:51,639 - Step 265 norm(X - TN_G_ATR): 15.755292892456055, norm2(E): 0.09999998658895493
2024-12-26 16:26:51,714 - Step 266 norm(X - TN_G_ATR): 15.755291938781738, norm2(E): 0.10000000149011612
2024-12-26 16:26:51,788 - Step 267 norm(X - TN_G_ATR): 15.755291938781738, norm2(E): 0.10000000149011612
2024-12-26 16:26:51,863 - Step 268 norm(X - TN_G_ATR): 15.755291938781738, norm2(E): 0.10000000149011612
2024-12-26 16:26:51,938 - Step 269 norm(X - TN_G_ATR): 15.755291938781738, norm2(E): 0.10000000894069672
2024-12-26 16:26:52,021 - Step 270 norm(X - TN_G_ATR): 15.755290985107422, norm2(E): 0.10000000894069672
2024-12-26 16:26:52,095 - Step 271 norm(X - TN_G_ATR): 15.755290985107422, norm2(E): 0.10000000149011612
2024-12-26 16:26:52,170 - Step 272 norm(X - TN_G_ATR): 15.755290985107422, norm2(E): 0.10000000894069672
2024-12-26 16:26:52,245 - Step 273 norm(X - TN_G_ATR): 15.755290985107422, norm2(E): 0.10000000149011612
2024-12-26 16:26:52,325 - Step 274 norm(X - TN_G_ATR): 15.755290031433105, norm2(E): 0.10000000149011612
2024-12-26 16:26:52,399 - Step 275 norm(X - TN_G_ATR): 15.755290031433105, norm2(E): 0.09999998658895493
2024-12-26 16:26:52,483 - Step 276 norm(X - TN_G_ATR): 15.755290031433105, norm2(E): 0.10000000894069672
2024-12-26 16:26:52,559 - Step 277 norm(X - TN_G_ATR): 15.755289077758789, norm2(E): 0.10000000149011612
2024-12-26 16:26:52,634 - Step 278 norm(X - TN_G_ATR): 15.755289077758789, norm2(E): 0.10000000894069672
2024-12-26 16:26:52,715 - Step 279 norm(X - TN_G_ATR): 15.755288124084473, norm2(E): 0.10000000149011612
2024-12-26 16:26:52,796 - Step 280 norm(X - TN_G_ATR): 15.755288124084473, norm2(E): 0.10000000149011612
2024-12-26 16:26:52,872 - Step 281 norm(X - TN_G_ATR): 15.755288124084473, norm2(E): 0.10000000149011612
2024-12-26 16:26:52,946 - Step 282 norm(X - TN_G_ATR): 15.755287170410156, norm2(E): 0.10000000149011612
2024-12-26 16:26:53,022 - Step 283 norm(X - TN_G_ATR): 15.755287170410156, norm2(E): 0.10000000149011612
2024-12-26 16:26:53,102 - Step 284 norm(X - TN_G_ATR): 15.755288124084473, norm2(E): 0.10000000149011612
2024-12-26 16:26:53,184 - Step 285 norm(X - TN_G_ATR): 15.755287170410156, norm2(E): 0.10000000149011612
2024-12-26 16:26:53,264 - Step 286 norm(X - TN_G_ATR): 15.755287170410156, norm2(E): 0.10000000149011612
2024-12-26 16:26:53,348 - Step 287 norm(X - TN_G_ATR): 15.75528621673584, norm2(E): 0.10000000894069672
2024-12-26 16:26:53,423 - Step 288 norm(X - TN_G_ATR): 15.75528621673584, norm2(E): 0.10000000149011612
2024-12-26 16:26:53,500 - Step 289 norm(X - TN_G_ATR): 15.75528621673584, norm2(E): 0.09999998658895493
2024-12-26 16:26:53,582 - Step 290 norm(X - TN_G_ATR): 15.755285263061523, norm2(E): 0.10000000149011612
2024-12-26 16:26:53,671 - Step 291 norm(X - TN_G_ATR): 15.755285263061523, norm2(E): 0.10000000894069672
2024-12-26 16:26:53,745 - Step 292 norm(X - TN_G_ATR): 15.755284309387207, norm2(E): 0.10000000149011612
2024-12-26 16:26:53,823 - Step 293 norm(X - TN_G_ATR): 15.755284309387207, norm2(E): 0.10000000149011612
2024-12-26 16:26:53,906 - Step 294 norm(X - TN_G_ATR): 15.755284309387207, norm2(E): 0.10000000149011612
2024-12-26 16:26:53,989 - Step 295 norm(X - TN_G_ATR): 15.75528335571289, norm2(E): 0.10000000894069672
2024-12-26 16:26:54,064 - Step 296 norm(X - TN_G_ATR): 15.755284309387207, norm2(E): 0.10000000149011612
2024-12-26 16:26:54,138 - Step 297 norm(X - TN_G_ATR): 15.75528335571289, norm2(E): 0.10000000894069672
2024-12-26 16:26:54,221 - Step 298 norm(X - TN_G_ATR): 15.75528335571289, norm2(E): 0.10000000149011612
2024-12-26 16:26:54,307 - Step 299 norm(X - TN_G_ATR): 15.75528335571289, norm2(E): 0.10000000149011612
2024-12-26 16:26:54,308 - Norm2 (Comparison Algorithm): 15.75528335571289
2024-12-26 16:26:54,335 - Norm2 (Our Algorithm): 15.788317680358887
2024-12-26 16:26:54,335 - Norm2 (Original TR Algorithm): 15.756647109985352
