2024-12-24 18:32:17,887 - Norm2 (epsilon): 10
2024-12-24 18:32:17,887 - Optimization parameters:
2024-12-24 18:32:17,887 - epsilon (Frobenius norm constraint): 10
2024-12-24 18:32:17,887 - inner_tol (Tolerance for inner optimization): 1e-10
2024-12-24 18:32:17,887 - lr (Learning rate): 0.01
2024-12-24 18:32:17,887 - outer_num_steps (Number of outer optimization steps): 20
2024-12-24 18:32:17,887 - inner_num_steps (Number of inner optimization steps): 100
2024-12-24 18:32:17,887 - outer_dis_num (Display loss every outer_dis_num steps): 1
2024-12-24 18:32:17,887 - inner_dis_num (Display loss every inner_dis_num steps): 2000
2024-12-24 18:32:18,669 - Step 0, RSE_E: 13.97239875793457, Loss_X_Ours: 27.586326599121094, normE: 10.000000953674316
2024-12-24 18:32:19,082 - Step 1, RSE_E: 0.9717978835105896, Loss_X_Ours: 27.229801177978516, normE: 10.0
2024-12-24 18:32:19,493 - Step 2, RSE_E: 0.7152732610702515, Loss_X_Ours: 27.04679298400879, normE: 9.999999046325684
2024-12-24 18:32:19,904 - Step 3, RSE_E: 0.6155452132225037, Loss_X_Ours: 26.922893524169922, normE: 10.0
2024-12-24 18:32:20,196 - Step 4, RSE_E: 0.5072909593582153, Loss_X_Ours: 26.843929290771484, normE: 10.0
2024-12-24 18:32:20,472 - Step 5, RSE_E: 0.41424131393432617, Loss_X_Ours: 26.790809631347656, normE: 10.0
2024-12-24 18:32:20,747 - Step 6, RSE_E: 0.34818387031555176, Loss_X_Ours: 26.750965118408203, normE: 10.0
2024-12-24 18:32:21,020 - Step 7, RSE_E: 0.29858216643333435, Loss_X_Ours: 26.71915054321289, normE: 10.0
2024-12-24 18:32:21,306 - Step 8, RSE_E: 0.2608928978443146, Loss_X_Ours: 26.692556381225586, normE: 10.0
2024-12-24 18:32:21,580 - Step 9, RSE_E: 0.23404578864574432, Loss_X_Ours: 26.669191360473633, normE: 10.0
2024-12-24 18:32:21,854 - Step 10, RSE_E: 0.215650737285614, Loss_X_Ours: 26.64780044555664, normE: 10.0
2024-12-24 18:32:22,126 - Step 11, RSE_E: 0.2039954513311386, Loss_X_Ours: 26.627559661865234, normE: 10.0
2024-12-24 18:32:22,400 - Step 12, RSE_E: 0.1953437179327011, Loss_X_Ours: 26.60831069946289, normE: 10.0
2024-12-24 18:32:22,671 - Step 13, RSE_E: 0.18636637926101685, Loss_X_Ours: 26.5903377532959, normE: 10.0
2024-12-24 18:32:22,943 - Step 14, RSE_E: 0.17561355233192444, Loss_X_Ours: 26.573944091796875, normE: 10.0
2024-12-24 18:32:23,215 - Step 15, RSE_E: 0.16318167746067047, Loss_X_Ours: 26.559314727783203, normE: 10.0
2024-12-24 18:32:23,487 - Step 16, RSE_E: 0.1496136337518692, Loss_X_Ours: 26.54653549194336, normE: 10.0
2024-12-24 18:32:23,763 - Step 17, RSE_E: 0.13681870698928833, Loss_X_Ours: 26.5353946685791, normE: 10.0
2024-12-24 18:32:24,038 - Step 18, RSE_E: 0.1265278309583664, Loss_X_Ours: 26.52558708190918, normE: 10.0
2024-12-24 18:32:24,313 - Step 19, RSE_E: 0.11750239133834839, Loss_X_Ours: 26.516889572143555, normE: 10.0
2024-12-24 18:32:26,308 - Comparison Step 0, Loss_X_TNG: 26.625486373901367, normE: 10.0
2024-12-24 18:32:26,600 - Comparison Step 1, Loss_X_TNG: 26.649093627929688, normE: 10.0
2024-12-24 18:32:26,892 - Comparison Step 2, Loss_X_TNG: 26.76500701904297, normE: 10.0
2024-12-24 18:32:27,175 - Comparison Step 3, Loss_X_TNG: 26.885791778564453, normE: 10.0
2024-12-24 18:32:27,460 - Comparison Step 4, Loss_X_TNG: 26.974361419677734, normE: 10.0
2024-12-24 18:32:27,745 - Comparison Step 5, Loss_X_TNG: 26.902999877929688, normE: 10.0
2024-12-24 18:32:28,023 - Comparison Step 6, Loss_X_TNG: 27.01978874206543, normE: 10.0
2024-12-24 18:32:28,300 - Comparison Step 7, Loss_X_TNG: 26.922082901000977, normE: 10.0
2024-12-24 18:32:28,580 - Comparison Step 8, Loss_X_TNG: 26.907358169555664, normE: 10.0
2024-12-24 18:32:28,858 - Comparison Step 9, Loss_X_TNG: 26.857343673706055, normE: 10.0
2024-12-24 18:32:29,136 - Comparison Step 10, Loss_X_TNG: 26.87192153930664, normE: 10.0
2024-12-24 18:32:29,418 - Comparison Step 11, Loss_X_TNG: 26.892610549926758, normE: 10.0
2024-12-24 18:32:29,697 - Comparison Step 12, Loss_X_TNG: 26.916189193725586, normE: 10.0
2024-12-24 18:32:29,977 - Comparison Step 13, Loss_X_TNG: 26.909873962402344, normE: 9.999999046325684
2024-12-24 18:32:30,264 - Comparison Step 14, Loss_X_TNG: 26.862632751464844, normE: 10.0
2024-12-24 18:32:30,546 - Comparison Step 15, Loss_X_TNG: 26.770292282104492, normE: 10.0
2024-12-24 18:32:30,827 - Comparison Step 16, Loss_X_TNG: 26.776782989501953, normE: 10.000000953674316
2024-12-24 18:32:31,106 - Comparison Step 17, Loss_X_TNG: 26.798595428466797, normE: 10.0
2024-12-24 18:32:31,404 - Comparison Step 18, Loss_X_TNG: 26.7880859375, normE: 10.0
2024-12-24 18:32:31,684 - Comparison Step 19, Loss_X_TNG: 26.758190155029297, normE: 10.0
2024-12-24 18:32:31,684 - Norm2 (Comparison Algorithm): 26.758190155029297
2024-12-24 18:32:31,956 - Norm2 (Original TR Algorithm): 27.19200897216797
2024-12-24 18:32:31,956 - Norm2 (Our Algorithm): 26.516889572143555
2024-12-24 18:32:32,047 - Clipping input data to the valid range for imshow with RGB data ([0..1] for floats or [0..255] for integers). Got range [-0.09738394..1.137319].
2024-12-24 18:32:32,051 - Clipping input data to the valid range for imshow with RGB data ([0..1] for floats or [0..255] for integers). Got range [-0.23072724..0.16965769].
2024-12-24 18:32:32,053 - Clipping input data to the valid range for imshow with RGB data ([0..1] for floats or [0..255] for integers). Got range [-0.037469335..1.060713].
2024-12-24 18:32:32,055 - Clipping input data to the valid range for imshow with RGB data ([0..1] for floats or [0..255] for integers). Got range [-0.10375368..1.1610379].
2024-12-24 18:32:32,058 - Clipping input data to the valid range for imshow with RGB data ([0..1] for floats or [0..255] for integers). Got range [-0.02789048..0.02787646].
2024-12-24 18:32:32,060 - Clipping input data to the valid range for imshow with RGB data ([0..1] for floats or [0..255] for integers). Got range [-0.026750334..1.0272676].
2024-12-24 18:32:32,061 - Clipping input data to the valid range for imshow with RGB data ([0..1] for floats or [0..255] for integers). Got range [-0.14113724..1.1277843].
