2024-12-16 02:30:59,995 - Norm2 (epsilon): 100.0
2024-12-16 02:31:03,729 - Step 0 norm(X - TN_G_Ours): 40.234977240638365
2024-12-16 02:31:05,535 - Step 1 norm(X - TN_G_Ours): 40.25582104403893
2024-12-16 02:31:07,291 - Step 2 norm(X - TN_G_Ours): 40.28150910263837
2024-12-16 02:31:09,075 - Step 3 norm(X - TN_G_Ours): 40.28315762308036
2024-12-16 02:31:10,912 - Step 4 norm(X - TN_G_Ours): 40.24208815630332
2024-12-16 02:31:11,894 - Step 5 norm(X - TN_G_Ours): 40.20174799672506
2024-12-16 02:31:13,121 - Step 6 norm(X - TN_G_Ours): 40.18091563721903
2024-12-16 02:31:14,382 - Step 7 norm(X - TN_G_Ours): 40.17511412456566
2024-12-16 02:31:16,024 - Step 8 norm(X - TN_G_Ours): 40.17637962151627
2024-12-16 02:31:17,742 - Step 9 norm(X - TN_G_Ours): 40.17813119798505
2024-12-16 02:31:19,487 - Step 0 norm(X - TN_G_ATR): 99.72346529904584
2024-12-16 02:31:21,181 - Step 1 norm(X - TN_G_ATR): 103.244324904568
2024-12-16 02:31:22,845 - Step 2 norm(X - TN_G_ATR): 103.73485393962339
2024-12-16 02:31:24,216 - Step 3 norm(X - TN_G_ATR): 104.182710222834
2024-12-16 02:31:25,584 - Step 4 norm(X - TN_G_ATR): 104.60070095666185
2024-12-16 02:31:27,266 - Step 5 norm(X - TN_G_ATR): 105.00141833119446
2024-12-16 02:31:28,974 - Step 6 norm(X - TN_G_ATR): 105.37484708618798
2024-12-16 02:31:30,739 - Step 7 norm(X - TN_G_ATR): 105.75166222097883
2024-12-16 02:31:32,401 - Step 8 norm(X - TN_G_ATR): 106.04072680903079
2024-12-16 02:31:34,189 - Step 9 norm(X - TN_G_ATR): 106.32043621171802
2024-12-16 02:31:34,195 - Norm2 (Our Algorithm): 40.178131103515625
2024-12-16 02:31:34,195 - Norm2 (Comparison Algorithm): 37.5742301940918
2024-12-16 02:31:36,018 - Norm2 (Original TR Algorithm): 26.991914749145508
2024-12-16 02:31:36,128 - Clipping input data to the valid range for imshow with RGB data ([0..1] for floats or [0..255] for integers). Got range [-0.15397426..1.209103].
2024-12-16 02:31:36,132 - Clipping input data to the valid range for imshow with RGB data ([0..1] for floats or [0..255] for integers). Got range [-1.004337..0.9975566].
2024-12-16 02:31:36,134 - Clipping input data to the valid range for imshow with RGB data ([0..1] for floats or [0..255] for integers). Got range [-0.8154023..1.8563802].
2024-12-16 02:31:36,136 - Clipping input data to the valid range for imshow with RGB data ([0..1] for floats or [0..255] for integers). Got range [-0.31375298..1.2620454].
2024-12-16 02:31:36,140 - Clipping input data to the valid range for imshow with RGB data ([0..1] for floats or [0..255] for integers). Got range [-0.8051655..0.8024187].
2024-12-16 02:31:36,142 - Clipping input data to the valid range for imshow with RGB data ([0..1] for floats or [0..255] for integers). Got range [-0.63067096..1.606967].
2024-12-16 02:31:36,144 - Clipping input data to the valid range for imshow with RGB data ([0..1] for floats or [0..255] for integers). Got range [-0.24829291..1.2386707].
