2024-12-16 00:44:40,952 - Step 0 norm(X - TN_G_Ours): -89252.1796875
2024-12-16 00:46:25,664 - Step 1 norm(X - TN_G_Ours): -94.30325317382812
2024-12-16 00:48:11,475 - Step 2 norm(X - TN_G_Ours): -92.46430206298828
2024-12-16 00:49:58,205 - Step 3 norm(X - TN_G_Ours): -91.42364501953125
2024-12-16 00:51:44,744 - Step 4 norm(X - TN_G_Ours): -88.2361831665039
2024-12-16 00:53:33,257 - Step 5 norm(X - TN_G_Ours): -86.13131713867188
2024-12-16 00:55:23,054 - Step 6 norm(X - TN_G_Ours): -85.70327758789062
2024-12-16 00:57:13,029 - Step 7 norm(X - TN_G_Ours): -85.08891296386719
2024-12-16 00:58:54,873 - Step 8 norm(X - TN_G_Ours): -82.10579681396484
2024-12-16 01:00:45,945 - Step 9 norm(X - TN_G_Ours): -81.73875427246094
2024-12-16 01:02:34,603 - Step 0 norm(X - TN_G_ATR): 295.35107421875
2024-12-16 01:04:19,637 - Step 1 norm(X - TN_G_ATR): 10.133861541748047
2024-12-16 01:05:33,910 - Step 2 norm(X - TN_G_ATR): 9.579489707946777
2024-12-16 01:06:45,424 - Step 3 norm(X - TN_G_ATR): 9.318219184875488
2024-12-16 01:08:33,968 - Step 4 norm(X - TN_G_ATR): 9.606901168823242
2024-12-16 01:10:21,957 - Step 5 norm(X - TN_G_ATR): 9.473933219909668
2024-12-16 01:12:12,191 - Step 6 norm(X - TN_G_ATR): 9.477510452270508
2024-12-16 01:14:03,301 - Step 7 norm(X - TN_G_ATR): 9.570158004760742
2024-12-16 01:15:52,345 - Step 8 norm(X - TN_G_ATR): 9.639764785766602
2024-12-16 01:17:41,560 - Step 9 norm(X - TN_G_ATR): 9.754878044128418
2024-12-16 01:17:41,561 - Norm2 (Our Algorithm): 9.040948867797852
2024-12-16 01:17:41,561 - Norm2 (Comparison Algorithm): 9.754878044128418
2024-12-16 01:19:25,651 - Clipping input data to the valid range for imshow with RGB data ([0..1] for floats or [0..255] for integers). Got range [-0.11732812..1.0874342].
2024-12-16 01:19:25,654 - Clipping input data to the valid range for imshow with RGB data ([0..1] for floats or [0..255] for integers). Got range [-9.620658e-05..0.00010784519].
2024-12-16 01:19:25,656 - Clipping input data to the valid range for imshow with RGB data ([0..1] for floats or [0..255] for integers). Got range [-6.681195e-05..1.0000693].
2024-12-16 01:19:25,658 - Clipping input data to the valid range for imshow with RGB data ([0..1] for floats or [0..255] for integers). Got range [-0.13537748..1.0908561].
2024-12-16 01:19:25,661 - Clipping input data to the valid range for imshow with RGB data ([0..1] for floats or [0..255] for integers). Got range [-0.010431682..0.010442767].
2024-12-16 01:19:25,663 - Clipping input data to the valid range for imshow with RGB data ([0..1] for floats or [0..255] for integers). Got range [-0.009249347..1.0097578].
2024-12-16 01:19:25,665 - Clipping input data to the valid range for imshow with RGB data ([0..1] for floats or [0..255] for integers). Got range [-0.12266422..1.1014351].
