2024-12-24 20:07:20,906 - Norm2 (epsilon): 100
2024-12-24 20:07:20,906 - Optimization parameters:
2024-12-24 20:07:20,906 - epsilon (Frobenius norm constraint): 100
2024-12-24 20:07:20,906 - inner_tol (Tolerance for inner optimization): 1e-10
2024-12-24 20:07:20,906 - lr (Learning rate): 0.01
2024-12-24 20:07:20,906 - outer_num_steps (Number of outer optimization steps): 50
2024-12-24 20:07:20,906 - inner_num_steps (Number of inner optimization steps): 200
2024-12-24 20:07:20,906 - outer_dis_num (Display loss every outer_dis_num steps): 1
2024-12-24 20:07:20,906 - inner_dis_num (Display loss every inner_dis_num steps): 2000
2024-12-24 20:07:23,648 - Comparison Step 0, Loss_X_TNG: 26.720882415771484, normE: 0.2253747433423996
2024-12-24 20:07:24,202 - Comparison Step 1, Loss_X_TNG: 26.568330764770508, normE: 0.2253747433423996
2024-12-24 20:07:24,764 - Comparison Step 2, Loss_X_TNG: 26.49835777282715, normE: 0.2253747433423996
2024-12-24 20:07:25,085 - Comparison Step 3, Loss_X_TNG: 26.48139762878418, normE: 0.2253747433423996
2024-12-24 20:07:25,181 - Comparison Step 4, Loss_X_TNG: 26.477890014648438, normE: 0.2253747433423996
2024-12-24 20:07:25,736 - Comparison Step 5, Loss_X_TNG: 26.46039581298828, normE: 0.2253747433423996
2024-12-24 20:07:26,288 - Comparison Step 6, Loss_X_TNG: 26.462987899780273, normE: 0.2253747433423996
2024-12-24 20:07:26,844 - Comparison Step 7, Loss_X_TNG: 26.443954467773438, normE: 0.2253747433423996
2024-12-24 20:07:27,298 - Comparison Step 8, Loss_X_TNG: 26.4361515045166, normE: 0.2253747433423996
2024-12-24 20:07:28,008 - Comparison Step 9, Loss_X_TNG: 26.457975387573242, normE: 0.2253747433423996
2024-12-24 20:07:28,580 - Comparison Step 10, Loss_X_TNG: 26.427932739257812, normE: 0.2253747433423996
2024-12-24 20:07:28,770 - Comparison Step 11, Loss_X_TNG: 26.423830032348633, normE: 0.2253747433423996
2024-12-24 20:07:29,325 - Comparison Step 12, Loss_X_TNG: 26.428184509277344, normE: 0.2253747433423996
2024-12-24 20:07:29,640 - Comparison Step 13, Loss_X_TNG: 26.419330596923828, normE: 0.2253747433423996
2024-12-24 20:07:30,203 - Comparison Step 14, Loss_X_TNG: 26.412471771240234, normE: 0.2253747433423996
2024-12-24 20:07:30,768 - Comparison Step 15, Loss_X_TNG: 26.407516479492188, normE: 0.2253747433423996
2024-12-24 20:07:31,056 - Comparison Step 16, Loss_X_TNG: 26.405200958251953, normE: 0.2253747433423996
2024-12-24 20:07:31,385 - Comparison Step 17, Loss_X_TNG: 26.402889251708984, normE: 0.2253747433423996
2024-12-24 20:07:31,947 - Comparison Step 18, Loss_X_TNG: 26.39931297302246, normE: 0.2253747433423996
2024-12-24 20:07:32,515 - Comparison Step 19, Loss_X_TNG: 26.397165298461914, normE: 0.2253747433423996
2024-12-24 20:07:33,079 - Comparison Step 20, Loss_X_TNG: 26.421194076538086, normE: 0.2253747433423996
2024-12-24 20:07:33,649 - Comparison Step 21, Loss_X_TNG: 26.395418167114258, normE: 0.2253747433423996
2024-12-24 20:07:34,021 - Comparison Step 22, Loss_X_TNG: 26.3918514251709, normE: 0.2253747433423996
2024-12-24 20:07:34,591 - Comparison Step 23, Loss_X_TNG: 26.38873863220215, normE: 0.2253747433423996
2024-12-24 20:07:35,154 - Comparison Step 24, Loss_X_TNG: 26.390331268310547, normE: 0.2253747433423996
2024-12-24 20:07:35,719 - Comparison Step 25, Loss_X_TNG: 26.38875961303711, normE: 0.2253747433423996
2024-12-24 20:07:36,281 - Comparison Step 26, Loss_X_TNG: 26.406414031982422, normE: 0.2253747433423996
2024-12-24 20:07:36,796 - Comparison Step 27, Loss_X_TNG: 26.392372131347656, normE: 0.2253747433423996
2024-12-24 20:07:36,870 - Comparison Step 28, Loss_X_TNG: 26.391342163085938, normE: 0.2253747433423996
2024-12-24 20:07:36,909 - Comparison Step 29, Loss_X_TNG: 26.39077377319336, normE: 0.2253747433423996
2024-12-24 20:07:37,466 - Comparison Step 30, Loss_X_TNG: 26.38374900817871, normE: 0.2253747433423996
2024-12-24 20:07:37,967 - Comparison Step 31, Loss_X_TNG: 26.37931251525879, normE: 0.2253747433423996
2024-12-24 20:07:38,042 - Comparison Step 32, Loss_X_TNG: 26.37860870361328, normE: 0.2253747433423996
2024-12-24 20:07:38,053 - Comparison Step 33, Loss_X_TNG: 26.378515243530273, normE: 0.2253747433423996
2024-12-24 20:07:38,221 - Comparison Step 34, Loss_X_TNG: 26.377174377441406, normE: 0.2253747433423996
2024-12-24 20:07:38,784 - Comparison Step 35, Loss_X_TNG: 26.373281478881836, normE: 0.2253747433423996
2024-12-24 20:07:38,834 - Comparison Step 36, Loss_X_TNG: 26.37278938293457, normE: 0.2253747433423996
2024-12-24 20:07:39,397 - Comparison Step 37, Loss_X_TNG: 26.395212173461914, normE: 0.2253747433423996
2024-12-24 20:07:39,952 - Comparison Step 38, Loss_X_TNG: 26.378421783447266, normE: 0.2253747433423996
2024-12-24 20:07:40,202 - Comparison Step 39, Loss_X_TNG: 26.374645233154297, normE: 0.2253747433423996
2024-12-24 20:07:40,756 - Comparison Step 40, Loss_X_TNG: 26.368350982666016, normE: 0.2253747433423996
2024-12-24 20:07:40,972 - Comparison Step 41, Loss_X_TNG: 26.366310119628906, normE: 0.2253747433423996
2024-12-24 20:07:41,526 - Comparison Step 42, Loss_X_TNG: 26.4050235748291, normE: 0.2253747433423996
2024-12-24 20:07:42,056 - Comparison Step 43, Loss_X_TNG: 26.365489959716797, normE: 0.2253747433423996
2024-12-24 20:07:42,393 - Comparison Step 44, Loss_X_TNG: 26.36167335510254, normE: 0.2253747433423996
2024-12-24 20:07:42,490 - Comparison Step 45, Loss_X_TNG: 26.360952377319336, normE: 0.2253747433423996
2024-12-24 20:07:43,050 - Comparison Step 46, Loss_X_TNG: 26.361169815063477, normE: 0.2253747433423996
2024-12-24 20:07:43,148 - Comparison Step 47, Loss_X_TNG: 26.359769821166992, normE: 0.2253747433423996
2024-12-24 20:07:43,716 - Comparison Step 48, Loss_X_TNG: 26.36156463623047, normE: 0.2253747433423996
2024-12-24 20:07:44,283 - Comparison Step 49, Loss_X_TNG: 26.357526779174805, normE: 0.2253747433423996
2024-12-24 20:07:44,907 - Comparison Step 0, Loss_X_TNG: 26.39632797241211, normE: 4.442028999328613
2024-12-24 20:07:45,370 - Comparison Step 1, Loss_X_TNG: 26.513269424438477, normE: 8.519684791564941
2024-12-24 20:07:45,927 - Comparison Step 2, Loss_X_TNG: 27.2354793548584, normE: 8.113546371459961
2024-12-24 20:07:46,490 - Comparison Step 3, Loss_X_TNG: 27.003843307495117, normE: 8.375312805175781
2024-12-24 20:07:47,055 - Comparison Step 4, Loss_X_TNG: 26.969106674194336, normE: 8.170947074890137
2024-12-24 20:07:47,615 - Comparison Step 5, Loss_X_TNG: 26.790348052978516, normE: 8.280232429504395
2024-12-24 20:07:48,174 - Comparison Step 6, Loss_X_TNG: 26.64617156982422, normE: 8.176017761230469
2024-12-24 20:07:48,739 - Comparison Step 7, Loss_X_TNG: 26.60455322265625, normE: 8.227009773254395
2024-12-24 20:07:49,302 - Comparison Step 8, Loss_X_TNG: 26.765968322753906, normE: 8.185259819030762
2024-12-24 20:07:49,867 - Comparison Step 9, Loss_X_TNG: 26.610902786254883, normE: 8.201369285583496
2024-12-24 20:07:50,432 - Comparison Step 10, Loss_X_TNG: 26.639957427978516, normE: 8.185046195983887
2024-12-24 20:07:50,536 - Comparison Step 11, Loss_X_TNG: 26.633255004882812, normE: 8.18896484375
2024-12-24 20:07:51,103 - Comparison Step 12, Loss_X_TNG: 26.739944458007812, normE: 8.189276695251465
2024-12-24 20:07:51,665 - Comparison Step 13, Loss_X_TNG: 26.780550003051758, normE: 8.194924354553223
2024-12-24 20:07:52,227 - Comparison Step 14, Loss_X_TNG: 26.76455307006836, normE: 8.191980361938477
2024-12-24 20:07:52,788 - Comparison Step 15, Loss_X_TNG: 26.634416580200195, normE: 8.187965393066406
2024-12-24 20:07:52,973 - Comparison Step 16, Loss_X_TNG: 26.615129470825195, normE: 8.184179306030273
2024-12-24 20:07:53,542 - Comparison Step 17, Loss_X_TNG: 26.640899658203125, normE: 8.182282447814941
2024-12-24 20:07:53,806 - Comparison Step 18, Loss_X_TNG: 26.594894409179688, normE: 8.177093505859375
2024-12-24 20:07:54,229 - Comparison Step 19, Loss_X_TNG: 26.662050247192383, normE: 8.17930793762207
2024-12-24 20:07:54,798 - Comparison Step 20, Loss_X_TNG: 26.700517654418945, normE: 8.179258346557617
2024-12-24 20:07:55,362 - Comparison Step 21, Loss_X_TNG: 26.6938533782959, normE: 8.180685997009277
2024-12-24 20:07:55,613 - Comparison Step 22, Loss_X_TNG: 26.634159088134766, normE: 8.176432609558105
2024-12-24 20:07:56,075 - Comparison Step 23, Loss_X_TNG: 26.592613220214844, normE: 8.173877716064453
2024-12-24 20:07:56,636 - Comparison Step 24, Loss_X_TNG: 26.637649536132812, normE: 8.17432689666748
2024-12-24 20:07:57,197 - Comparison Step 25, Loss_X_TNG: 26.800111770629883, normE: 8.177409172058105
2024-12-24 20:07:57,757 - Comparison Step 26, Loss_X_TNG: 26.607040405273438, normE: 8.171527862548828
2024-12-24 20:07:58,024 - Comparison Step 27, Loss_X_TNG: 26.570446014404297, normE: 8.170451164245605
2024-12-24 20:07:58,239 - Comparison Step 28, Loss_X_TNG: 26.54139518737793, normE: 8.164372444152832
2024-12-24 20:07:58,808 - Comparison Step 29, Loss_X_TNG: 26.530115127563477, normE: 8.162447929382324
2024-12-24 20:07:59,379 - Comparison Step 30, Loss_X_TNG: 26.626163482666016, normE: 8.165159225463867
2024-12-24 20:07:59,442 - Comparison Step 31, Loss_X_TNG: 26.626659393310547, normE: 8.16396427154541
2024-12-24 20:08:00,003 - Comparison Step 32, Loss_X_TNG: 26.668319702148438, normE: 8.165515899658203
2024-12-24 20:08:00,388 - Comparison Step 33, Loss_X_TNG: 26.648235321044922, normE: 8.164539337158203
2024-12-24 20:08:00,957 - Comparison Step 34, Loss_X_TNG: 26.595104217529297, normE: 8.162126541137695
2024-12-24 20:08:01,526 - Comparison Step 35, Loss_X_TNG: 26.626041412353516, normE: 8.163106918334961
2024-12-24 20:08:02,095 - Comparison Step 36, Loss_X_TNG: 26.711503982543945, normE: 8.163663864135742
2024-12-24 20:08:02,659 - Comparison Step 37, Loss_X_TNG: 26.55715560913086, normE: 8.160645484924316
2024-12-24 20:08:03,215 - Comparison Step 38, Loss_X_TNG: 26.574779510498047, normE: 8.161087036132812
2024-12-24 20:08:03,784 - Comparison Step 39, Loss_X_TNG: 26.573028564453125, normE: 8.158864974975586
2024-12-24 20:08:04,348 - Comparison Step 40, Loss_X_TNG: 26.638206481933594, normE: 8.162530899047852
2024-12-24 20:08:04,913 - Comparison Step 41, Loss_X_TNG: 26.640531539916992, normE: 8.161517143249512
2024-12-24 20:08:05,314 - Comparison Step 42, Loss_X_TNG: 26.589452743530273, normE: 8.160697937011719
2024-12-24 20:08:05,878 - Comparison Step 43, Loss_X_TNG: 26.641965866088867, normE: 8.162785530090332
2024-12-24 20:08:06,443 - Comparison Step 44, Loss_X_TNG: 26.671688079833984, normE: 8.16484546661377
2024-12-24 20:08:06,674 - Comparison Step 45, Loss_X_TNG: 26.637592315673828, normE: 8.163482666015625
2024-12-24 20:08:07,240 - Comparison Step 46, Loss_X_TNG: 26.669837951660156, normE: 8.167108535766602
2024-12-24 20:08:07,805 - Comparison Step 47, Loss_X_TNG: 26.656818389892578, normE: 8.16567325592041
2024-12-24 20:08:08,350 - Comparison Step 48, Loss_X_TNG: 26.558368682861328, normE: 8.164130210876465
2024-12-24 20:08:08,514 - Comparison Step 49, Loss_X_TNG: 26.537912368774414, normE: 8.161285400390625
2024-12-24 20:08:08,514 - Norm2 (Comparison Algorithm): 26.537912368774414
2024-12-24 20:08:09,058 - Norm2 (Original TR Algorithm): 26.67849349975586
2024-12-24 20:08:09,059 - Norm2 (Our Algorithm): 26.357526779174805
2024-12-24 20:08:09,151 - Clipping input data to the valid range for imshow with RGB data ([0..1] for floats or [0..255] for integers). Got range [-0.11663502..1.1933883].
2024-12-24 20:08:09,154 - Clipping input data to the valid range for imshow with RGB data ([0..1] for floats or [0..255] for integers). Got range [-0.0023143794..0.0023049712].
2024-12-24 20:08:09,156 - Clipping input data to the valid range for imshow with RGB data ([0..1] for floats or [0..255] for integers). Got range [-0.0016891533..1.0015566].
2024-12-24 20:08:09,158 - Clipping input data to the valid range for imshow with RGB data ([0..1] for floats or [0..255] for integers). Got range [-0.116890974..1.1752365].
2024-12-24 20:08:09,161 - Clipping input data to the valid range for imshow with RGB data ([0..1] for floats or [0..255] for integers). Got range [-0.029728495..0.029655633].
2024-12-24 20:08:09,163 - Clipping input data to the valid range for imshow with RGB data ([0..1] for floats or [0..255] for integers). Got range [-0.020922234..1.0243052].
2024-12-24 20:08:09,165 - Clipping input data to the valid range for imshow with RGB data ([0..1] for floats or [0..255] for integers). Got range [-0.11718861..1.1499069].
