2024-12-17 20:31:12,084 - Optimization parameters:
2024-12-17 20:31:12,085 - epsilon (Frobenius norm constraint): 10000.0
2024-12-17 20:31:12,085 - inner_tol (Tolerance for inner optimization): 1e-10
2024-12-17 20:31:12,085 - lr (Learning rate): 0.01
2024-12-17 20:31:12,085 - outer_num_steps (Number of outer optimization steps): 500
2024-12-17 20:31:12,085 - inner_num_steps (Number of inner optimization steps): 100
2024-12-17 20:31:12,085 - outer_dis_num (Display loss every outer_dis_num steps): 10
2024-12-17 20:31:12,085 - inner_dis_num (Display loss every inner_dis_num steps): 2000
2024-12-17 20:31:14,724 - Step 0 norm(X - TN_G_Ours): 6291.596617711596, norm2(E): 99999980.46875095
2024-12-17 20:31:15,084 - Step 1 norm(X - TN_G_Ours): 6293.80838602511, norm2(E): 100000000.0
2024-12-17 20:31:15,385 - Step 2 norm(X - TN_G_Ours): 6296.020330335664, norm2(E): 100000000.0
2024-12-17 20:31:15,772 - Step 3 norm(X - TN_G_Ours): 6298.231815358974, norm2(E): 100000000.0
2024-12-17 20:31:16,158 - Step 4 norm(X - TN_G_Ours): 6300.443476454653, norm2(E): 100000000.0
2024-12-17 20:31:16,544 - Step 5 norm(X - TN_G_Ours): 6302.654678784171, norm2(E): 100000000.0
2024-12-17 20:31:16,938 - Step 6 norm(X - TN_G_Ours): 6304.866057260852, norm2(E): 100000000.0
2024-12-17 20:31:17,322 - Step 7 norm(X - TN_G_Ours): 6307.076660387124, norm2(E): 100000000.0
2024-12-17 20:31:17,711 - Step 8 norm(X - TN_G_Ours): 6309.28807394305, norm2(E): 100000000.0
2024-12-17 20:31:18,116 - Step 9 norm(X - TN_G_Ours): 6311.498712667222, norm2(E): 100000000.0
2024-12-17 20:31:18,516 - Step 10 norm(X - TN_G_Ours): 6313.709527686557, norm2(E): 100000000.0
2024-12-17 20:31:18,904 - Step 11 norm(X - TN_G_Ours): 6315.919568835563, norm2(E): 100000000.0
2024-12-17 20:31:19,299 - Step 12 norm(X - TN_G_Ours): 6318.129153475735, norm2(E): 100000000.0
2024-12-17 20:31:19,689 - Step 13 norm(X - TN_G_Ours): 6320.339231402061, norm2(E): 100000019.53125095
2024-12-17 20:31:20,083 - Step 14 norm(X - TN_G_Ours): 6322.549802097252, norm2(E): 100000000.0
2024-12-17 20:31:20,468 - Step 15 norm(X - TN_G_Ours): 6324.7589677394035, norm2(E): 100000000.0
2024-12-17 20:31:20,860 - Step 16 norm(X - TN_G_Ours): 6326.967994229148, norm2(E): 100000000.0
2024-12-17 20:31:21,245 - Step 17 norm(X - TN_G_Ours): 6329.1768817121865, norm2(E): 100000000.0
2024-12-17 20:31:21,645 - Step 18 norm(X - TN_G_Ours): 6331.385630334011, norm2(E): 100000019.53125095
2024-12-17 20:31:22,048 - Step 19 norm(X - TN_G_Ours): 6333.594240239897, norm2(E): 100000000.0
2024-12-17 20:31:22,443 - Step 20 norm(X - TN_G_Ours): 6335.802080242091, norm2(E): 100000000.0
2024-12-17 20:31:22,848 - Step 21 norm(X - TN_G_Ours): 6338.010097814613, norm2(E): 100000000.0
2024-12-17 20:31:23,246 - Step 22 norm(X - TN_G_Ours): 6340.217346432219, norm2(E): 100000019.53125095
2024-12-17 20:31:23,468 - Step 23 norm(X - TN_G_Ours): 6342.425403581819, norm2(E): 100000019.53125095
2024-12-17 20:31:23,652 - Step 24 norm(X - TN_G_Ours): 6344.632377057003, norm2(E): 100000000.0
2024-12-17 20:31:24,014 - Step 25 norm(X - TN_G_Ours): 6346.839213340763, norm2(E): 100000000.0
2024-12-17 20:31:24,374 - Step 26 norm(X - TN_G_Ours): 6349.045282560205, norm2(E): 100000000.0
2024-12-17 20:31:24,729 - Step 27 norm(X - TN_G_Ours): 6351.252160007505, norm2(E): 99999980.46875095
2024-12-17 20:31:25,078 - Step 28 norm(X - TN_G_Ours): 6353.458270894679, norm2(E): 100000000.0
2024-12-17 20:31:25,428 - Step 29 norm(X - TN_G_Ours): 6355.664245379864, norm2(E): 100000000.0
2024-12-17 20:31:25,778 - Step 30 norm(X - TN_G_Ours): 6357.86976903428, norm2(E): 100000000.0
2024-12-17 20:31:26,128 - Step 31 norm(X - TN_G_Ours): 6360.075156788636, norm2(E): 100000000.0
2024-12-17 20:31:26,487 - Step 32 norm(X - TN_G_Ours): 6362.280408784259, norm2(E): 100000000.0
2024-12-17 20:31:26,833 - Step 33 norm(X - TN_G_Ours): 6364.48458243085, norm2(E): 100000000.0
2024-12-17 20:31:27,217 - Step 34 norm(X - TN_G_Ours): 6366.689563658652, norm2(E): 100000000.0
2024-12-17 20:31:27,533 - Step 35 norm(X - TN_G_Ours): 6368.89346747141, norm2(E): 100000000.0
2024-12-17 20:31:27,923 - Step 36 norm(X - TN_G_Ours): 6371.097550657972, norm2(E): 100000000.0
2024-12-17 20:31:28,316 - Step 37 norm(X - TN_G_Ours): 6373.301499223146, norm2(E): 100000000.0
2024-12-17 20:31:28,721 - Step 38 norm(X - TN_G_Ours): 6375.504685905265, norm2(E): 100000000.0
2024-12-17 20:31:29,129 - Step 39 norm(X - TN_G_Ours): 6377.708679455342, norm2(E): 100000000.0
2024-12-17 20:31:29,515 - Step 40 norm(X - TN_G_Ours): 6379.911598133629, norm2(E): 100000000.0
2024-12-17 20:31:29,908 - Step 41 norm(X - TN_G_Ours): 6382.114383180546, norm2(E): 100000000.0
2024-12-17 20:31:30,301 - Step 42 norm(X - TN_G_Ours): 6384.317034734412, norm2(E): 100000000.0
2024-12-17 20:31:30,706 - Step 43 norm(X - TN_G_Ours): 6386.519866092957, norm2(E): 100000000.0
2024-12-17 20:31:31,060 - Step 44 norm(X - TN_G_Ours): 6388.721937915282, norm2(E): 100000000.0
2024-12-17 20:31:31,448 - Step 45 norm(X - TN_G_Ours): 6390.923876874141, norm2(E): 100000000.0
2024-12-17 20:31:31,830 - Step 46 norm(X - TN_G_Ours): 6393.12599594283, norm2(E): 100000000.0
2024-12-17 20:31:32,222 - Step 47 norm(X - TN_G_Ours): 6395.328294935296, norm2(E): 100000000.0
2024-12-17 20:31:32,632 - Step 48 norm(X - TN_G_Ours): 6397.529210562465, norm2(E): 100000000.0
2024-12-17 20:31:33,023 - Step 49 norm(X - TN_G_Ours): 6399.731244357063, norm2(E): 100000000.0
2024-12-17 20:31:33,418 - Step 50 norm(X - TN_G_Ours): 6401.932520731533, norm2(E): 100000000.0
2024-12-17 20:31:33,806 - Step 51 norm(X - TN_G_Ours): 6404.133040466914, norm2(E): 100000000.0
2024-12-17 20:31:34,121 - Step 52 norm(X - TN_G_Ours): 6406.334365298146, norm2(E): 100000000.0
2024-12-17 20:31:34,510 - Step 53 norm(X - TN_G_Ours): 6408.535870228082, norm2(E): 99999980.46875095
2024-12-17 20:31:34,918 - Step 54 norm(X - TN_G_Ours): 6410.735995188072, norm2(E): 99999980.46875095
2024-12-17 20:31:35,325 - Step 55 norm(X - TN_G_Ours): 6412.936612816316, norm2(E): 100000000.0
2024-12-17 20:31:35,731 - Step 56 norm(X - TN_G_Ours): 6415.138034368395, norm2(E): 100000000.0
2024-12-17 20:31:36,130 - Step 57 norm(X - TN_G_Ours): 6417.338389083126, norm2(E): 100000000.0
2024-12-17 20:31:36,536 - Step 58 norm(X - TN_G_Ours): 6419.538924253049, norm2(E): 100000000.0
2024-12-17 20:31:36,933 - Step 59 norm(X - TN_G_Ours): 6421.739639692659, norm2(E): 100000000.0
2024-12-17 20:31:37,349 - Step 60 norm(X - TN_G_Ours): 6423.939912545882, norm2(E): 100000000.0
2024-12-17 20:31:37,726 - Step 61 norm(X - TN_G_Ours): 6426.140054496167, norm2(E): 100000000.0
2024-12-17 20:31:38,084 - Step 62 norm(X - TN_G_Ours): 6428.340376800221, norm2(E): 100000000.0
2024-12-17 20:31:38,442 - Step 63 norm(X - TN_G_Ours): 6430.540568257073, norm2(E): 100000000.0
2024-12-17 20:31:38,790 - Step 64 norm(X - TN_G_Ours): 6432.740939910452, norm2(E): 100000000.0
2024-12-17 20:31:39,140 - Step 65 norm(X - TN_G_Ours): 6434.941180772362, norm2(E): 100000000.0
2024-12-17 20:31:39,483 - Step 66 norm(X - TN_G_Ours): 6437.141601673836, norm2(E): 100000000.0
2024-12-17 20:31:39,782 - Step 67 norm(X - TN_G_Ours): 6439.341891839569, norm2(E): 100000000.0
2024-12-17 20:31:40,133 - Step 68 norm(X - TN_G_Ours): 6441.542361888184, norm2(E): 100000000.0
2024-12-17 20:31:40,445 - Step 69 norm(X - TN_G_Ours): 6443.742701256778, norm2(E): 100000000.0
2024-12-17 20:31:40,862 - Step 70 norm(X - TN_G_Ours): 6445.942910079177, norm2(E): 99999980.46875095
2024-12-17 20:31:41,251 - Step 71 norm(X - TN_G_Ours): 6448.142988489011, norm2(E): 100000000.0
2024-12-17 20:31:41,584 - Step 72 norm(X - TN_G_Ours): 6450.343866802761, norm2(E): 100000000.0
2024-12-17 20:31:41,970 - Step 73 norm(X - TN_G_Ours): 6452.544304381025, norm2(E): 100000019.53125095
2024-12-17 20:31:42,363 - Step 74 norm(X - TN_G_Ours): 6454.745850922405, norm2(E): 100000000.0
2024-12-17 20:31:42,753 - Step 75 norm(X - TN_G_Ours): 6456.946337085356, norm2(E): 100000000.0
2024-12-17 20:31:43,156 - Step 76 norm(X - TN_G_Ours): 6459.147312145776, norm2(E): 100000000.0
2024-12-17 20:31:43,556 - Step 77 norm(X - TN_G_Ours): 6461.348156538232, norm2(E): 100000000.0
2024-12-17 20:31:43,940 - Step 78 norm(X - TN_G_Ours): 6463.549489251242, norm2(E): 100000000.0
2024-12-17 20:31:44,332 - Step 79 norm(X - TN_G_Ours): 6465.751000463906, norm2(E): 100000000.0
2024-12-17 20:31:44,720 - Step 80 norm(X - TN_G_Ours): 6467.952380777088, norm2(E): 99999980.46875095
2024-12-17 20:31:45,125 - Step 81 norm(X - TN_G_Ours): 6470.153630324399, norm2(E): 100000000.0
2024-12-17 20:31:45,473 - Step 82 norm(X - TN_G_Ours): 6472.3550582458, norm2(E): 100000000.0
2024-12-17 20:31:45,867 - Step 83 norm(X - TN_G_Ours): 6474.5578999650625, norm2(E): 100000000.0
2024-12-17 20:31:46,192 - Step 84 norm(X - TN_G_Ours): 6476.759992465369, norm2(E): 100000000.0
2024-12-17 20:31:46,576 - Step 85 norm(X - TN_G_Ours): 6478.962262584958, norm2(E): 99999980.46875095
2024-12-17 20:31:46,963 - Step 86 norm(X - TN_G_Ours): 6481.164710142769, norm2(E): 100000000.0
2024-12-17 20:31:47,355 - Step 87 norm(X - TN_G_Ours): 6483.3670264762895, norm2(E): 100000000.0
2024-12-17 20:31:47,755 - Step 88 norm(X - TN_G_Ours): 6485.570753603726, norm2(E): 100000000.0
2024-12-17 20:31:48,151 - Step 89 norm(X - TN_G_Ours): 6487.774348726996, norm2(E): 100000000.0
2024-12-17 20:31:48,548 - Step 90 norm(X - TN_G_Ours): 6489.977503813091, norm2(E): 100000000.0
2024-12-17 20:31:48,940 - Step 91 norm(X - TN_G_Ours): 6492.180835435809, norm2(E): 100000000.0
2024-12-17 20:31:49,349 - Step 92 norm(X - TN_G_Ours): 6494.385267290508, norm2(E): 100000000.0
2024-12-17 20:31:49,727 - Step 93 norm(X - TN_G_Ours): 6496.589566841975, norm2(E): 100000000.0
2024-12-17 20:31:50,136 - Step 94 norm(X - TN_G_Ours): 6498.793734224837, norm2(E): 100000000.0
2024-12-17 20:31:50,541 - Step 95 norm(X - TN_G_Ours): 6500.998692508713, norm2(E): 100000000.0
2024-12-17 20:31:50,958 - Step 96 norm(X - TN_G_Ours): 6503.204133348422, norm2(E): 100000000.0
2024-12-17 20:31:51,246 - Step 97 norm(X - TN_G_Ours): 6505.409133943845, norm2(E): 100000000.0
2024-12-17 20:31:51,544 - Step 98 norm(X - TN_G_Ours): 6507.615231403897, norm2(E): 100000000.0
2024-12-17 20:31:51,910 - Step 99 norm(X - TN_G_Ours): 6509.821810157326, norm2(E): 100000000.0
2024-12-17 20:31:52,261 - Step 100 norm(X - TN_G_Ours): 6512.027641218978, norm2(E): 100000000.0
2024-12-17 20:31:52,603 - Step 101 norm(X - TN_G_Ours): 6514.234567468384, norm2(E): 100000000.0
2024-12-17 20:31:52,925 - Step 102 norm(X - TN_G_Ours): 6516.441667044984, norm2(E): 100000000.0
2024-12-17 20:31:53,277 - Step 103 norm(X - TN_G_Ours): 6518.649553396777, norm2(E): 100000000.0
2024-12-17 20:31:53,596 - Step 104 norm(X - TN_G_Ours): 6520.856692183934, norm2(E): 100000000.0
2024-12-17 20:31:53,936 - Step 105 norm(X - TN_G_Ours): 6523.064923791576, norm2(E): 99999980.46875095
2024-12-17 20:31:54,264 - Step 106 norm(X - TN_G_Ours): 6525.273021108006, norm2(E): 100000000.0
2024-12-17 20:31:54,671 - Step 107 norm(X - TN_G_Ours): 6527.4822098570285, norm2(E): 100000000.0
2024-12-17 20:31:55,059 - Step 108 norm(X - TN_G_Ours): 6529.692182637708, norm2(E): 100000019.53125095
2024-12-17 20:31:55,452 - Step 109 norm(X - TN_G_Ours): 6531.901101517076, norm2(E): 100000000.0
2024-12-17 20:31:55,835 - Step 110 norm(X - TN_G_Ours): 6534.110497994352, norm2(E): 100000000.0
2024-12-17 20:31:56,227 - Step 111 norm(X - TN_G_Ours): 6536.321289532821, norm2(E): 100000000.0
2024-12-17 20:31:56,625 - Step 112 norm(X - TN_G_Ours): 6538.532251201335, norm2(E): 100000000.0
2024-12-17 20:31:57,020 - Step 113 norm(X - TN_G_Ours): 6540.743382827368, norm2(E): 100000019.53125095
2024-12-17 20:31:57,415 - Step 114 norm(X - TN_G_Ours): 6542.954989910904, norm2(E): 100000000.0
2024-12-17 20:31:57,807 - Step 115 norm(X - TN_G_Ours): 6545.166155262981, norm2(E): 100000000.0
2024-12-17 20:31:58,215 - Step 116 norm(X - TN_G_Ours): 6547.37840666018, norm2(E): 100000000.0
2024-12-17 20:31:58,614 - Step 117 norm(X - TN_G_Ours): 6549.59143763945, norm2(E): 100000019.53125095
2024-12-17 20:31:58,998 - Step 118 norm(X - TN_G_Ours): 6551.804636892037, norm2(E): 100000000.0
2024-12-17 20:31:59,393 - Step 119 norm(X - TN_G_Ours): 6554.01800424747, norm2(E): 99999980.46875095
2024-12-17 20:31:59,785 - Step 120 norm(X - TN_G_Ours): 6556.23092942889, norm2(E): 100000000.0
2024-12-17 20:32:00,184 - Step 121 norm(X - TN_G_Ours): 6558.4458524867005, norm2(E): 100000000.0
2024-12-17 20:32:00,577 - Step 122 norm(X - TN_G_Ours): 6560.660942313663, norm2(E): 100000000.0
2024-12-17 20:32:00,904 - Step 123 norm(X - TN_G_Ours): 6562.875284507546, norm2(E): 100000000.0
2024-12-17 20:32:01,289 - Step 124 norm(X - TN_G_Ours): 6565.091012316585, norm2(E): 100000000.0
2024-12-17 20:32:01,682 - Step 125 norm(X - TN_G_Ours): 6567.306906183082, norm2(E): 100000019.53125095
2024-12-17 20:32:02,084 - Step 126 norm(X - TN_G_Ours): 6569.522965939003, norm2(E): 100000000.0
2024-12-17 20:32:02,451 - Step 127 norm(X - TN_G_Ours): 6571.739495749965, norm2(E): 100000019.53125095
2024-12-17 20:32:02,859 - Step 128 norm(X - TN_G_Ours): 6573.956799371289, norm2(E): 100000000.0
2024-12-17 20:32:03,261 - Step 129 norm(X - TN_G_Ours): 6576.173963635694, norm2(E): 100000000.0
2024-12-17 20:32:03,652 - Step 130 norm(X - TN_G_Ours): 6578.391292709792, norm2(E): 100000000.0
2024-12-17 20:32:04,057 - Step 131 norm(X - TN_G_Ours): 6580.609698196665, norm2(E): 100000000.0
2024-12-17 20:32:04,451 - Step 132 norm(X - TN_G_Ours): 6582.828267545797, norm2(E): 100000000.0
2024-12-17 20:32:04,865 - Step 133 norm(X - TN_G_Ours): 6585.047911746732, norm2(E): 100000000.0
2024-12-17 20:32:05,206 - Step 134 norm(X - TN_G_Ours): 6587.266808016812, norm2(E): 100000000.0
2024-12-17 20:32:05,570 - Step 135 norm(X - TN_G_Ours): 6589.48677819449, norm2(E): 100000000.0
2024-12-17 20:32:05,914 - Step 136 norm(X - TN_G_Ours): 6591.707214371706, norm2(E): 100000000.0
2024-12-17 20:32:06,260 - Step 137 norm(X - TN_G_Ours): 6593.9275094589875, norm2(E): 100000000.0
2024-12-17 20:32:06,605 - Step 138 norm(X - TN_G_Ours): 6596.147966806081, norm2(E): 100000000.0
2024-12-17 20:32:06,906 - Step 139 norm(X - TN_G_Ours): 6598.369495564794, norm2(E): 100000000.0
2024-12-17 20:32:07,256 - Step 140 norm(X - TN_G_Ours): 6600.591488647059, norm2(E): 100000019.53125095
2024-12-17 20:32:07,595 - Step 141 norm(X - TN_G_Ours): 6602.81394558411, norm2(E): 100000000.0
2024-12-17 20:32:07,991 - Step 142 norm(X - TN_G_Ours): 6605.035654710729, norm2(E): 100000000.0
2024-12-17 20:32:08,387 - Step 143 norm(X - TN_G_Ours): 6607.258130268561, norm2(E): 100000000.0
2024-12-17 20:32:08,779 - Step 144 norm(X - TN_G_Ours): 6609.481068888843, norm2(E): 100000019.53125095
2024-12-17 20:32:09,169 - Step 145 norm(X - TN_G_Ours): 6611.7050750922035, norm2(E): 100000000.0
2024-12-17 20:32:09,563 - Step 146 norm(X - TN_G_Ours): 6613.928635841182, norm2(E): 100000000.0
2024-12-17 20:32:09,937 - Step 147 norm(X - TN_G_Ours): 6616.153263037367, norm2(E): 100000000.0
2024-12-17 20:32:10,192 - Step 148 norm(X - TN_G_Ours): 6618.377746850054, norm2(E): 100000000.0
2024-12-17 20:32:10,553 - Step 149 norm(X - TN_G_Ours): 6620.602087423771, norm2(E): 100000000.0
2024-12-17 20:32:10,914 - Step 150 norm(X - TN_G_Ours): 6622.827492846239, norm2(E): 100000000.0
2024-12-17 20:32:11,277 - Step 151 norm(X - TN_G_Ours): 6625.052150738136, norm2(E): 100000000.0
2024-12-17 20:32:11,659 - Step 152 norm(X - TN_G_Ours): 6627.278174333714, norm2(E): 100000000.0
2024-12-17 20:32:12,020 - Step 153 norm(X - TN_G_Ours): 6629.504355530661, norm2(E): 100000019.53125095
2024-12-17 20:32:12,289 - Step 154 norm(X - TN_G_Ours): 6631.730995750657, norm2(E): 100000000.0
2024-12-17 20:32:12,650 - Step 155 norm(X - TN_G_Ours): 6633.957190094009, norm2(E): 100000000.0
2024-12-17 20:32:13,011 - Step 156 norm(X - TN_G_Ours): 6636.184144521609, norm2(E): 100000000.0
2024-12-17 20:32:13,367 - Step 157 norm(X - TN_G_Ours): 6638.410954437816, norm2(E): 100000000.0
2024-12-17 20:32:13,740 - Step 158 norm(X - TN_G_Ours): 6640.638222339778, norm2(E): 100000000.0
2024-12-17 20:32:14,084 - Step 159 norm(X - TN_G_Ours): 6642.86685099137, norm2(E): 100000000.0
2024-12-17 20:32:14,393 - Step 160 norm(X - TN_G_Ours): 6645.0938292848805, norm2(E): 100000000.0
2024-12-17 20:32:14,743 - Step 161 norm(X - TN_G_Ours): 6647.322167610052, norm2(E): 100000000.0
2024-12-17 20:32:15,094 - Step 162 norm(X - TN_G_Ours): 6649.550962283092, norm2(E): 100000000.0
2024-12-17 20:32:15,447 - Step 163 norm(X - TN_G_Ours): 6651.779010159613, norm2(E): 100000000.0
2024-12-17 20:32:15,796 - Step 164 norm(X - TN_G_Ours): 6654.007814843622, norm2(E): 100000000.0
2024-12-17 20:32:16,161 - Step 165 norm(X - TN_G_Ours): 6656.236774634748, norm2(E): 100000000.0
2024-12-17 20:32:16,532 - Step 166 norm(X - TN_G_Ours): 6658.465589007726, norm2(E): 100000000.0
2024-12-17 20:32:16,908 - Step 167 norm(X - TN_G_Ours): 6660.694858646506, norm2(E): 100000000.0
2024-12-17 20:32:17,295 - Step 168 norm(X - TN_G_Ours): 6662.924282925628, norm2(E): 100000019.53125095
2024-12-17 20:32:17,565 - Step 169 norm(X - TN_G_Ours): 6665.153861689916, norm2(E): 100000000.0
2024-12-17 20:32:17,891 - Step 170 norm(X - TN_G_Ours): 6667.382994848878, norm2(E): 100000000.0
2024-12-17 20:32:18,221 - Step 171 norm(X - TN_G_Ours): 6669.612882319333, norm2(E): 99999980.46875095
2024-12-17 20:32:18,529 - Step 172 norm(X - TN_G_Ours): 6671.842624043226, norm2(E): 100000000.0
2024-12-17 20:32:18,860 - Step 173 norm(X - TN_G_Ours): 6674.072220166635, norm2(E): 100000019.53125095
2024-12-17 20:32:19,161 - Step 174 norm(X - TN_G_Ours): 6676.302569536525, norm2(E): 100000000.0
2024-12-17 20:32:19,482 - Step 175 norm(X - TN_G_Ours): 6678.532473530394, norm2(E): 100000019.53125095
2024-12-17 20:32:19,764 - Step 176 norm(X - TN_G_Ours): 6680.7625313282915, norm2(E): 100000000.0
2024-12-17 20:32:20,082 - Step 177 norm(X - TN_G_Ours): 6682.992144241979, norm2(E): 100000000.0
2024-12-17 20:32:20,393 - Step 178 norm(X - TN_G_Ours): 6685.222808553205, norm2(E): 100000000.0
2024-12-17 20:32:20,740 - Step 179 norm(X - TN_G_Ours): 6687.452130669796, norm2(E): 100000000.0
2024-12-17 20:32:21,119 - Step 180 norm(X - TN_G_Ours): 6689.682503676838, norm2(E): 100000000.0
2024-12-17 20:32:21,504 - Step 181 norm(X - TN_G_Ours): 6691.912432182597, norm2(E): 100000000.0
2024-12-17 20:32:21,900 - Step 182 norm(X - TN_G_Ours): 6694.141916631287, norm2(E): 100000000.0
2024-12-17 20:32:22,250 - Step 183 norm(X - TN_G_Ours): 6696.371853474088, norm2(E): 100000000.0
2024-12-17 20:32:22,661 - Step 184 norm(X - TN_G_Ours): 6698.601645119674, norm2(E): 100000000.0
2024-12-17 20:32:23,060 - Step 185 norm(X - TN_G_Ours): 6700.8312917129915, norm2(E): 99999980.46875095
2024-12-17 20:32:23,450 - Step 186 norm(X - TN_G_Ours): 6703.059599914057, norm2(E): 99999980.46875095
2024-12-17 20:32:23,840 - Step 187 norm(X - TN_G_Ours): 6705.288658961671, norm2(E): 100000019.53125095
2024-12-17 20:32:24,231 - Step 188 norm(X - TN_G_Ours): 6707.518766280121, norm2(E): 100000000.0
2024-12-17 20:32:24,630 - Step 189 norm(X - TN_G_Ours): 6709.746940086488, norm2(E): 100000019.53125095
2024-12-17 20:32:25,016 - Step 190 norm(X - TN_G_Ours): 6711.9761620554045, norm2(E): 100000000.0
2024-12-17 20:32:25,411 - Step 191 norm(X - TN_G_Ours): 6714.203750259594, norm2(E): 100000000.0
2024-12-17 20:32:25,746 - Step 192 norm(X - TN_G_Ours): 6716.431790765094, norm2(E): 100000000.0
2024-12-17 20:32:26,140 - Step 193 norm(X - TN_G_Ours): 6718.660283121926, norm2(E): 100000000.0
2024-12-17 20:32:26,458 - Step 194 norm(X - TN_G_Ours): 6720.887441402363, norm2(E): 100000000.0
2024-12-17 20:32:26,850 - Step 195 norm(X - TN_G_Ours): 6723.11445685703, norm2(E): 100000000.0
2024-12-17 20:32:27,248 - Step 196 norm(X - TN_G_Ours): 6725.341627010483, norm2(E): 100000019.53125095
2024-12-17 20:32:27,637 - Step 197 norm(X - TN_G_Ours): 6727.5680598563995, norm2(E): 100000000.0
2024-12-17 20:32:28,032 - Step 198 norm(X - TN_G_Ours): 6729.793458940623, norm2(E): 100000000.0
2024-12-17 20:32:28,424 - Step 199 norm(X - TN_G_Ours): 6732.018716551522, norm2(E): 100000000.0
2024-12-17 20:32:28,830 - Step 200 norm(X - TN_G_Ours): 6734.243535839791, norm2(E): 100000000.0
2024-12-17 20:32:29,230 - Step 201 norm(X - TN_G_Ours): 6736.468511022671, norm2(E): 100000019.53125095
2024-12-17 20:32:29,626 - Step 202 norm(X - TN_G_Ours): 6738.6930483588585, norm2(E): 100000000.0
2024-12-17 20:32:29,946 - Step 203 norm(X - TN_G_Ours): 6740.916554890737, norm2(E): 100000000.0
2024-12-17 20:32:30,353 - Step 204 norm(X - TN_G_Ours): 6743.138438442444, norm2(E): 100000000.0
2024-12-17 20:32:30,762 - Step 205 norm(X - TN_G_Ours): 6745.361665618827, norm2(E): 100000000.0
2024-12-17 20:32:31,176 - Step 206 norm(X - TN_G_Ours): 6747.583567470654, norm2(E): 100000000.0
2024-12-17 20:32:31,410 - Step 207 norm(X - TN_G_Ours): 6749.804441611624, norm2(E): 100000000.0
2024-12-17 20:32:31,742 - Step 208 norm(X - TN_G_Ours): 6752.025177678176, norm2(E): 100000000.0
2024-12-17 20:32:32,057 - Step 209 norm(X - TN_G_Ours): 6754.245479696456, norm2(E): 100000000.0
2024-12-17 20:32:32,345 - Step 210 norm(X - TN_G_Ours): 6756.4650520815985, norm2(E): 100000000.0
2024-12-17 20:32:32,667 - Step 211 norm(X - TN_G_Ours): 6758.683007805589, norm2(E): 100000000.0
2024-12-17 20:32:32,988 - Step 212 norm(X - TN_G_Ours): 6760.900235915333, norm2(E): 100000019.53125095
2024-12-17 20:32:33,288 - Step 213 norm(X - TN_G_Ours): 6763.117032848094, norm2(E): 100000000.0
2024-12-17 20:32:33,674 - Step 214 norm(X - TN_G_Ours): 6765.333103402965, norm2(E): 100000000.0
2024-12-17 20:32:34,046 - Step 215 norm(X - TN_G_Ours): 6767.548743821503, norm2(E): 100000000.0
2024-12-17 20:32:34,421 - Step 216 norm(X - TN_G_Ours): 6769.762772800831, norm2(E): 100000000.0
2024-12-17 20:32:34,810 - Step 217 norm(X - TN_G_Ours): 6771.975782591075, norm2(E): 100000000.0
2024-12-17 20:32:35,194 - Step 218 norm(X - TN_G_Ours): 6774.188069429428, norm2(E): 100000000.0
2024-12-17 20:32:35,584 - Step 219 norm(X - TN_G_Ours): 6776.4002243078885, norm2(E): 100000000.0
2024-12-17 20:32:35,981 - Step 220 norm(X - TN_G_Ours): 6778.610182035843, norm2(E): 100000000.0
2024-12-17 20:32:36,325 - Step 221 norm(X - TN_G_Ours): 6780.819714459307, norm2(E): 100000000.0
2024-12-17 20:32:36,693 - Step 222 norm(X - TN_G_Ours): 6783.028232286815, norm2(E): 100000019.53125095
2024-12-17 20:32:37,024 - Step 223 norm(X - TN_G_Ours): 6785.236031266709, norm2(E): 100000000.0
2024-12-17 20:32:37,414 - Step 224 norm(X - TN_G_Ours): 6787.44193345328, norm2(E): 100000000.0
2024-12-17 20:32:37,792 - Step 225 norm(X - TN_G_Ours): 6789.647708092078, norm2(E): 100000000.0
2024-12-17 20:32:38,166 - Step 226 norm(X - TN_G_Ours): 6791.851294014026, norm2(E): 100000000.0
2024-12-17 20:32:38,551 - Step 227 norm(X - TN_G_Ours): 6794.054165224178, norm2(E): 100000000.0
2024-12-17 20:32:38,949 - Step 228 norm(X - TN_G_Ours): 6796.255439578475, norm2(E): 100000000.0
2024-12-17 20:32:39,345 - Step 229 norm(X - TN_G_Ours): 6798.455118628055, norm2(E): 100000000.0
2024-12-17 20:32:39,667 - Step 230 norm(X - TN_G_Ours): 6800.654968457083, norm2(E): 100000000.0
2024-12-17 20:32:40,072 - Step 231 norm(X - TN_G_Ours): 6802.852342951448, norm2(E): 100000000.0
2024-12-17 20:32:40,400 - Step 232 norm(X - TN_G_Ours): 6805.049301805241, norm2(E): 100000000.0
2024-12-17 20:32:40,753 - Step 233 norm(X - TN_G_Ours): 6807.24408259319, norm2(E): 100000000.0
2024-12-17 20:32:41,028 - Step 234 norm(X - TN_G_Ours): 6809.437568551459, norm2(E): 100000000.0
2024-12-17 20:32:41,375 - Step 235 norm(X - TN_G_Ours): 6811.6300545464155, norm2(E): 100000000.0
2024-12-17 20:32:41,725 - Step 236 norm(X - TN_G_Ours): 6813.820073937967, norm2(E): 100000000.0
2024-12-17 20:32:42,071 - Step 237 norm(X - TN_G_Ours): 6816.009096238062, norm2(E): 100000019.53125095
2024-12-17 20:32:42,421 - Step 238 norm(X - TN_G_Ours): 6818.197415739735, norm2(E): 100000019.53125095
2024-12-17 20:32:42,762 - Step 239 norm(X - TN_G_Ours): 6820.383860165057, norm2(E): 100000000.0
2024-12-17 20:32:43,107 - Step 240 norm(X - TN_G_Ours): 6822.567845027266, norm2(E): 100000000.0
2024-12-17 20:32:43,441 - Step 241 norm(X - TN_G_Ours): 6824.751424044688, norm2(E): 100000000.0
2024-12-17 20:32:43,758 - Step 242 norm(X - TN_G_Ours): 6826.932839863009, norm2(E): 99999980.46875095
2024-12-17 20:32:44,142 - Step 243 norm(X - TN_G_Ours): 6829.112094555192, norm2(E): 100000000.0
2024-12-17 20:32:44,518 - Step 244 norm(X - TN_G_Ours): 6831.290654041884, norm2(E): 100000000.0
2024-12-17 20:32:44,923 - Step 245 norm(X - TN_G_Ours): 6833.467055602156, norm2(E): 100000019.53125095
2024-12-17 20:32:45,323 - Step 246 norm(X - TN_G_Ours): 6835.642179049456, norm2(E): 100000000.0
2024-12-17 20:32:45,715 - Step 247 norm(X - TN_G_Ours): 6837.814563148082, norm2(E): 100000000.0
2024-12-17 20:32:46,101 - Step 248 norm(X - TN_G_Ours): 6839.985672499614, norm2(E): 100000000.0
2024-12-17 20:32:46,488 - Step 249 norm(X - TN_G_Ours): 6842.156092928602, norm2(E): 100000000.0
2024-12-17 20:32:46,894 - Step 250 norm(X - TN_G_Ours): 6844.322902961257, norm2(E): 100000000.0
2024-12-17 20:32:47,293 - Step 251 norm(X - TN_G_Ours): 6846.489027231402, norm2(E): 100000000.0
2024-12-17 20:32:47,681 - Step 252 norm(X - TN_G_Ours): 6848.652130164008, norm2(E): 100000000.0
2024-12-17 20:32:48,074 - Step 253 norm(X - TN_G_Ours): 6850.8151339822325, norm2(E): 100000000.0
2024-12-17 20:32:48,470 - Step 254 norm(X - TN_G_Ours): 6852.97512034007, norm2(E): 100000000.0
2024-12-17 20:32:48,878 - Step 255 norm(X - TN_G_Ours): 6855.133259098615, norm2(E): 100000000.0
2024-12-17 20:32:49,282 - Step 256 norm(X - TN_G_Ours): 6857.289843662728, norm2(E): 100000000.0
2024-12-17 20:32:49,666 - Step 257 norm(X - TN_G_Ours): 6859.444583929519, norm2(E): 100000000.0
2024-12-17 20:32:50,061 - Step 258 norm(X - TN_G_Ours): 6861.597481636474, norm2(E): 100000000.0
2024-12-17 20:32:50,452 - Step 259 norm(X - TN_G_Ours): 6863.747955745462, norm2(E): 100000000.0
2024-12-17 20:32:50,861 - Step 260 norm(X - TN_G_Ours): 6865.896299828595, norm2(E): 100000000.0
2024-12-17 20:32:51,254 - Step 261 norm(X - TN_G_Ours): 6868.042807088494, norm2(E): 100000000.0
2024-12-17 20:32:51,646 - Step 262 norm(X - TN_G_Ours): 6870.188061472553, norm2(E): 99999980.46875095
2024-12-17 20:32:52,047 - Step 263 norm(X - TN_G_Ours): 6872.330026999576, norm2(E): 100000000.0
2024-12-17 20:32:52,465 - Step 264 norm(X - TN_G_Ours): 6874.470452333037, norm2(E): 100000000.0
2024-12-17 20:32:52,832 - Step 265 norm(X - TN_G_Ours): 6876.609048070131, norm2(E): 100000000.0
2024-12-17 20:32:53,235 - Step 266 norm(X - TN_G_Ours): 6878.746397418646, norm2(E): 100000000.0
2024-12-17 20:32:53,637 - Step 267 norm(X - TN_G_Ours): 6880.881048237936, norm2(E): 100000000.0
2024-12-17 20:32:54,053 - Step 268 norm(X - TN_G_Ours): 6883.013003038713, norm2(E): 100000000.0
2024-12-17 20:32:54,427 - Step 269 norm(X - TN_G_Ours): 6885.1434262475605, norm2(E): 100000019.53125095
2024-12-17 20:32:54,794 - Step 270 norm(X - TN_G_Ours): 6887.272319285771, norm2(E): 99999980.46875095
2024-12-17 20:32:55,148 - Step 271 norm(X - TN_G_Ours): 6889.397361163021, norm2(E): 100000000.0
2024-12-17 20:32:55,498 - Step 272 norm(X - TN_G_Ours): 6891.522908617514, norm2(E): 100000000.0
2024-12-17 20:32:55,858 - Step 273 norm(X - TN_G_Ours): 6893.645189593094, norm2(E): 100000000.0
2024-12-17 20:32:56,221 - Step 274 norm(X - TN_G_Ours): 6895.765077204995, norm2(E): 100000000.0
2024-12-17 20:32:56,569 - Step 275 norm(X - TN_G_Ours): 6897.883443491924, norm2(E): 99999980.46875095
2024-12-17 20:32:56,921 - Step 276 norm(X - TN_G_Ours): 6899.999710144922, norm2(E): 100000000.0
2024-12-17 20:32:57,306 - Step 277 norm(X - TN_G_Ours): 6902.113299562679, norm2(E): 100000000.0
2024-12-17 20:32:57,699 - Step 278 norm(X - TN_G_Ours): 6904.225952270102, norm2(E): 100000000.0
2024-12-17 20:32:58,094 - Step 279 norm(X - TN_G_Ours): 6906.335931592092, norm2(E): 99999980.46875095
2024-12-17 20:32:58,478 - Step 280 norm(X - TN_G_Ours): 6908.4432399781645, norm2(E): 100000000.0
2024-12-17 20:32:58,871 - Step 281 norm(X - TN_G_Ours): 6910.549616347458, norm2(E): 100000000.0
2024-12-17 20:32:59,183 - Step 282 norm(X - TN_G_Ours): 6912.653325605154, norm2(E): 100000000.0
2024-12-17 20:32:59,572 - Step 283 norm(X - TN_G_Ours): 6914.754948658701, norm2(E): 100000000.0
2024-12-17 20:32:59,961 - Step 284 norm(X - TN_G_Ours): 6916.855354855991, norm2(E): 100000000.0
2024-12-17 20:33:00,361 - Step 285 norm(X - TN_G_Ours): 6918.953100000028, norm2(E): 99999980.46875095
2024-12-17 20:33:00,745 - Step 286 norm(X - TN_G_Ours): 6921.048475484044, norm2(E): 100000000.0
2024-12-17 20:33:01,131 - Step 287 norm(X - TN_G_Ours): 6923.142639004342, norm2(E): 100000019.53125095
2024-12-17 20:33:01,615 - Step 288 norm(X - TN_G_Ours): 6925.235302861557, norm2(E): 100000000.0
2024-12-17 20:33:02,009 - Step 289 norm(X - TN_G_Ours): 6927.325024856275, norm2(E): 100000000.0
2024-12-17 20:33:02,404 - Step 290 norm(X - TN_G_Ours): 6929.412673524359, norm2(E): 100000000.0
2024-12-17 20:33:02,793 - Step 291 norm(X - TN_G_Ours): 6931.4988278149485, norm2(E): 100000000.0
2024-12-17 20:33:03,192 - Step 292 norm(X - TN_G_Ours): 6933.583200625778, norm2(E): 100000000.0
2024-12-17 20:33:03,596 - Step 293 norm(X - TN_G_Ours): 6935.6655051984735, norm2(E): 100000019.53125095
2024-12-17 20:33:03,991 - Step 294 norm(X - TN_G_Ours): 6937.745455117246, norm2(E): 100000000.0
2024-12-17 20:33:04,377 - Step 295 norm(X - TN_G_Ours): 6939.823340691029, norm2(E): 100000000.0
2024-12-17 20:33:04,786 - Step 296 norm(X - TN_G_Ours): 6941.900028090292, norm2(E): 100000000.0
2024-12-17 20:33:05,184 - Step 297 norm(X - TN_G_Ours): 6943.9743663121335, norm2(E): 100000000.0
2024-12-17 20:33:05,586 - Step 298 norm(X - TN_G_Ours): 6946.047221261888, norm2(E): 100000000.0
2024-12-17 20:33:05,988 - Step 299 norm(X - TN_G_Ours): 6948.118306419372, norm2(E): 100000000.0
2024-12-17 20:33:06,393 - Step 300 norm(X - TN_G_Ours): 6950.186472318566, norm2(E): 100000000.0
2024-12-17 20:33:06,794 - Step 301 norm(X - TN_G_Ours): 6952.254022977008, norm2(E): 100000019.53125095
2024-12-17 20:33:07,184 - Step 302 norm(X - TN_G_Ours): 6954.319233397328, norm2(E): 100000000.0
2024-12-17 20:33:07,601 - Step 303 norm(X - TN_G_Ours): 6956.382680675352, norm2(E): 100000000.0
2024-12-17 20:33:07,933 - Step 304 norm(X - TN_G_Ours): 6958.443504117857, norm2(E): 100000000.0
2024-12-17 20:33:08,291 - Step 305 norm(X - TN_G_Ours): 6960.503430068834, norm2(E): 100000000.0
2024-12-17 20:33:08,568 - Step 306 norm(X - TN_G_Ours): 6962.5610230718985, norm2(E): 100000019.53125095
2024-12-17 20:33:08,911 - Step 307 norm(X - TN_G_Ours): 6964.617721023889, norm2(E): 100000000.0
2024-12-17 20:33:09,210 - Step 308 norm(X - TN_G_Ours): 6966.671515149828, norm2(E): 100000000.0
2024-12-17 20:33:09,556 - Step 309 norm(X - TN_G_Ours): 6968.7244169934, norm2(E): 100000000.0
2024-12-17 20:33:09,897 - Step 310 norm(X - TN_G_Ours): 6970.774418958054, norm2(E): 99999980.46875095
2024-12-17 20:33:10,245 - Step 311 norm(X - TN_G_Ours): 6972.8235313967325, norm2(E): 100000000.0
2024-12-17 20:33:10,588 - Step 312 norm(X - TN_G_Ours): 6974.870608118835, norm2(E): 100000000.0
2024-12-17 20:33:10,990 - Step 313 norm(X - TN_G_Ours): 6976.915937575857, norm2(E): 100000000.0
2024-12-17 20:33:11,394 - Step 314 norm(X - TN_G_Ours): 6978.959807879682, norm2(E): 100000000.0
2024-12-17 20:33:11,792 - Step 315 norm(X - TN_G_Ours): 6981.001074344567, norm2(E): 100000000.0
2024-12-17 20:33:12,168 - Step 316 norm(X - TN_G_Ours): 6983.0417441112295, norm2(E): 100000000.0
2024-12-17 20:33:12,562 - Step 317 norm(X - TN_G_Ours): 6985.080099755478, norm2(E): 100000000.0
2024-12-17 20:33:12,955 - Step 318 norm(X - TN_G_Ours): 6987.116429543736, norm2(E): 99999980.46875095
2024-12-17 20:33:13,364 - Step 319 norm(X - TN_G_Ours): 6989.151593720085, norm2(E): 100000000.0
2024-12-17 20:33:13,758 - Step 320 norm(X - TN_G_Ours): 6991.185307227953, norm2(E): 100000000.0
2024-12-17 20:33:14,146 - Step 321 norm(X - TN_G_Ours): 6993.21642736731, norm2(E): 100000000.0
2024-12-17 20:33:14,539 - Step 322 norm(X - TN_G_Ours): 6995.247243664801, norm2(E): 100000000.0
2024-12-17 20:33:14,930 - Step 323 norm(X - TN_G_Ours): 6997.275183955538, norm2(E): 100000000.0
2024-12-17 20:33:15,330 - Step 324 norm(X - TN_G_Ours): 6999.301107967852, norm2(E): 100000000.0
2024-12-17 20:33:15,719 - Step 325 norm(X - TN_G_Ours): 7001.326445752976, norm2(E): 100000019.53125095
2024-12-17 20:33:16,059 - Step 326 norm(X - TN_G_Ours): 7003.349769931529, norm2(E): 100000000.0
2024-12-17 20:33:16,449 - Step 327 norm(X - TN_G_Ours): 7005.371653238677, norm2(E): 100000000.0
2024-12-17 20:33:16,838 - Step 328 norm(X - TN_G_Ours): 7007.39124068294, norm2(E): 100000000.0
2024-12-17 20:33:17,241 - Step 329 norm(X - TN_G_Ours): 7009.409390241092, norm2(E): 100000000.0
2024-12-17 20:33:17,640 - Step 330 norm(X - TN_G_Ours): 7011.426388403433, norm2(E): 100000000.0
2024-12-17 20:33:18,039 - Step 331 norm(X - TN_G_Ours): 7013.44166582998, norm2(E): 100000000.0
2024-12-17 20:33:18,471 - Step 332 norm(X - TN_G_Ours): 7015.455224003643, norm2(E): 100000000.0
2024-12-17 20:33:18,875 - Step 333 norm(X - TN_G_Ours): 7017.467064404364, norm2(E): 100000000.0
2024-12-17 20:33:19,279 - Step 334 norm(X - TN_G_Ours): 7019.477188509127, norm2(E): 100000000.0
2024-12-17 20:33:19,608 - Step 335 norm(X - TN_G_Ours): 7021.485312951954, norm2(E): 100000000.0
2024-12-17 20:33:20,002 - Step 336 norm(X - TN_G_Ours): 7023.492863241195, norm2(E): 100000000.0
2024-12-17 20:33:20,404 - Step 337 norm(X - TN_G_Ours): 7025.498416482634, norm2(E): 100000000.0
2024-12-17 20:33:20,805 - Step 338 norm(X - TN_G_Ours): 7027.501974386062, norm2(E): 100000000.0
2024-12-17 20:33:21,222 - Step 339 norm(X - TN_G_Ours): 7029.504961233046, norm2(E): 100000000.0
2024-12-17 20:33:21,498 - Step 340 norm(X - TN_G_Ours): 7031.505670907192, norm2(E): 100000000.0
2024-12-17 20:33:21,812 - Step 341 norm(X - TN_G_Ours): 7033.505242764805, norm2(E): 100000000.0
2024-12-17 20:33:22,173 - Step 342 norm(X - TN_G_Ours): 7035.50254068606, norm2(E): 100000000.0
2024-12-17 20:33:22,461 - Step 343 norm(X - TN_G_Ours): 7037.498987566534, norm2(E): 100000000.0
2024-12-17 20:33:22,799 - Step 344 norm(X - TN_G_Ours): 7039.49287946227, norm2(E): 99999980.46875095
2024-12-17 20:33:23,146 - Step 345 norm(X - TN_G_Ours): 7041.485922729662, norm2(E): 100000000.0
2024-12-17 20:33:23,498 - Step 346 norm(X - TN_G_Ours): 7043.477550187833, norm2(E): 100000019.53125095
2024-12-17 20:33:23,849 - Step 347 norm(X - TN_G_Ours): 7045.468046907885, norm2(E): 100000000.0
2024-12-17 20:33:24,191 - Step 348 norm(X - TN_G_Ours): 7047.45656247699, norm2(E): 100000000.0
2024-12-17 20:33:24,538 - Step 349 norm(X - TN_G_Ours): 7049.443665992374, norm2(E): 100000000.0
2024-12-17 20:33:24,934 - Step 350 norm(X - TN_G_Ours): 7051.428791386892, norm2(E): 100000000.0
2024-12-17 20:33:25,320 - Step 351 norm(X - TN_G_Ours): 7053.412507432129, norm2(E): 100000000.0
2024-12-17 20:33:25,700 - Step 352 norm(X - TN_G_Ours): 7055.395098787877, norm2(E): 100000000.0
2024-12-17 20:33:26,062 - Step 353 norm(X - TN_G_Ours): 7057.376283010563, norm2(E): 100000000.0
2024-12-17 20:33:26,436 - Step 354 norm(X - TN_G_Ours): 7059.3560612849105, norm2(E): 100000019.53125095
2024-12-17 20:33:26,810 - Step 355 norm(X - TN_G_Ours): 7061.333868328278, norm2(E): 100000000.0
2024-12-17 20:33:27,181 - Step 356 norm(X - TN_G_Ours): 7063.3102721033, norm2(E): 100000000.0
2024-12-17 20:33:27,539 - Step 357 norm(X - TN_G_Ours): 7065.285556861803, norm2(E): 100000000.0
2024-12-17 20:33:27,897 - Step 358 norm(X - TN_G_Ours): 7067.259440546951, norm2(E): 99999980.46875095
2024-12-17 20:33:28,258 - Step 359 norm(X - TN_G_Ours): 7069.231075583822, norm2(E): 100000000.0
2024-12-17 20:33:28,623 - Step 360 norm(X - TN_G_Ours): 7071.201878040253, norm2(E): 100000000.0
2024-12-17 20:33:28,989 - Step 361 norm(X - TN_G_Ours): 7073.1707175777965, norm2(E): 100000019.53125095
2024-12-17 20:33:29,349 - Step 362 norm(X - TN_G_Ours): 7075.139291915037, norm2(E): 100000000.0
2024-12-17 20:33:29,713 - Step 363 norm(X - TN_G_Ours): 7077.104775259442, norm2(E): 100000000.0
2024-12-17 20:33:30,074 - Step 364 norm(X - TN_G_Ours): 7079.070277939046, norm2(E): 100000000.0
2024-12-17 20:33:30,438 - Step 365 norm(X - TN_G_Ours): 7081.033540380952, norm2(E): 100000000.0
2024-12-17 20:33:30,801 - Step 366 norm(X - TN_G_Ours): 7082.995411547293, norm2(E): 100000000.0
2024-12-17 20:33:31,182 - Step 367 norm(X - TN_G_Ours): 7084.955892593827, norm2(E): 100000019.53125095
2024-12-17 20:33:31,561 - Step 368 norm(X - TN_G_Ours): 7086.915831304898, norm2(E): 100000000.0
2024-12-17 20:33:31,949 - Step 369 norm(X - TN_G_Ours): 7088.873253204631, norm2(E): 100000000.0
2024-12-17 20:33:32,343 - Step 370 norm(X - TN_G_Ours): 7090.829288595234, norm2(E): 100000000.0
2024-12-17 20:33:32,737 - Step 371 norm(X - TN_G_Ours): 7092.784502577249, norm2(E): 100000019.53125095
2024-12-17 20:33:33,095 - Step 372 norm(X - TN_G_Ours): 7094.738332031704, norm2(E): 100000000.0
2024-12-17 20:33:33,492 - Step 373 norm(X - TN_G_Ours): 7096.690496280643, norm2(E): 100000000.0
2024-12-17 20:33:33,874 - Step 374 norm(X - TN_G_Ours): 7098.640996697889, norm2(E): 100000000.0
2024-12-17 20:33:34,268 - Step 375 norm(X - TN_G_Ours): 7100.590116321318, norm2(E): 100000000.0
2024-12-17 20:33:34,669 - Step 376 norm(X - TN_G_Ours): 7102.538419466663, norm2(E): 100000000.0
2024-12-17 20:33:35,085 - Step 377 norm(X - TN_G_Ours): 7104.484499244122, norm2(E): 100000000.0
2024-12-17 20:33:35,306 - Step 378 norm(X - TN_G_Ours): 7106.430327527316, norm2(E): 100000000.0
2024-12-17 20:33:35,474 - Step 379 norm(X - TN_G_Ours): 7108.373935014955, norm2(E): 100000000.0
2024-12-17 20:33:35,789 - Step 380 norm(X - TN_G_Ours): 7110.316448654026, norm2(E): 100000000.0
2024-12-17 20:33:36,146 - Step 381 norm(X - TN_G_Ours): 7112.257025726784, norm2(E): 100000000.0
2024-12-17 20:33:36,439 - Step 382 norm(X - TN_G_Ours): 7114.196792330108, norm2(E): 100000000.0
2024-12-17 20:33:36,767 - Step 383 norm(X - TN_G_Ours): 7116.135468075351, norm2(E): 100000000.0
2024-12-17 20:33:37,052 - Step 384 norm(X - TN_G_Ours): 7118.072210929024, norm2(E): 100000000.0
2024-12-17 20:33:37,394 - Step 385 norm(X - TN_G_Ours): 7120.007865164195, norm2(E): 100000000.0
2024-12-17 20:33:37,739 - Step 386 norm(X - TN_G_Ours): 7121.942150846215, norm2(E): 100000000.0
2024-12-17 20:33:38,077 - Step 387 norm(X - TN_G_Ours): 7123.875069089856, norm2(E): 100000000.0
2024-12-17 20:33:38,416 - Step 388 norm(X - TN_G_Ours): 7125.806059667917, norm2(E): 100000000.0
2024-12-17 20:33:38,790 - Step 389 norm(X - TN_G_Ours): 7127.736807711127, norm2(E): 100000000.0
2024-12-17 20:33:39,173 - Step 390 norm(X - TN_G_Ours): 7129.6659108263975, norm2(E): 100000000.0
2024-12-17 20:33:39,571 - Step 391 norm(X - TN_G_Ours): 7131.5936507908245, norm2(E): 100000000.0
2024-12-17 20:33:39,971 - Step 392 norm(X - TN_G_Ours): 7133.518907243465, norm2(E): 100000000.0
2024-12-17 20:33:40,348 - Step 393 norm(X - TN_G_Ours): 7135.44420481304, norm2(E): 100000000.0
2024-12-17 20:33:40,726 - Step 394 norm(X - TN_G_Ours): 7137.367581959052, norm2(E): 100000000.0
2024-12-17 20:33:41,107 - Step 395 norm(X - TN_G_Ours): 7139.289600513485, norm2(E): 100000000.0
2024-12-17 20:33:41,508 - Step 396 norm(X - TN_G_Ours): 7141.210541637881, norm2(E): 100000000.0
2024-12-17 20:33:41,904 - Step 397 norm(X - TN_G_Ours): 7143.130686190754, norm2(E): 100000000.0
2024-12-17 20:33:42,249 - Step 398 norm(X - TN_G_Ours): 7145.047795501441, norm2(E): 100000000.0
2024-12-17 20:33:42,627 - Step 399 norm(X - TN_G_Ours): 7146.965509920976, norm2(E): 100000000.0
2024-12-17 20:33:43,011 - Step 400 norm(X - TN_G_Ours): 7148.881031322315, norm2(E): 100000000.0
2024-12-17 20:33:43,389 - Step 401 norm(X - TN_G_Ours): 7150.794641157023, norm2(E): 100000000.0
2024-12-17 20:33:43,787 - Step 402 norm(X - TN_G_Ours): 7152.707459417028, norm2(E): 100000000.0
2024-12-17 20:33:44,181 - Step 403 norm(X - TN_G_Ours): 7154.619486737222, norm2(E): 100000000.0
2024-12-17 20:33:44,563 - Step 404 norm(X - TN_G_Ours): 7156.52988535645, norm2(E): 100000000.0
2024-12-17 20:33:44,949 - Step 405 norm(X - TN_G_Ours): 7158.43893596921, norm2(E): 100000000.0
2024-12-17 20:33:45,323 - Step 406 norm(X - TN_G_Ours): 7160.346639653698, norm2(E): 100000000.0
2024-12-17 20:33:45,712 - Step 407 norm(X - TN_G_Ours): 7162.252718244449, norm2(E): 100000000.0
2024-12-17 20:33:46,120 - Step 408 norm(X - TN_G_Ours): 7164.158289708568, norm2(E): 100000000.0
2024-12-17 20:33:46,512 - Step 409 norm(X - TN_G_Ours): 7166.061679890845, norm2(E): 100000000.0
2024-12-17 20:33:46,902 - Step 410 norm(X - TN_G_Ours): 7167.964564644554, norm2(E): 100000000.0
2024-12-17 20:33:47,292 - Step 411 norm(X - TN_G_Ours): 7169.865549645962, norm2(E): 100000000.0
2024-12-17 20:33:47,704 - Step 412 norm(X - TN_G_Ours): 7171.76630963391, norm2(E): 100000000.0
2024-12-17 20:33:48,098 - Step 413 norm(X - TN_G_Ours): 7173.6643356098, norm2(E): 100000000.0
2024-12-17 20:33:48,503 - Step 414 norm(X - TN_G_Ours): 7175.56213825788, norm2(E): 100000000.0
2024-12-17 20:33:48,889 - Step 415 norm(X - TN_G_Ours): 7177.457488554008, norm2(E): 100000000.0
2024-12-17 20:33:49,279 - Step 416 norm(X - TN_G_Ours): 7179.352895630636, norm2(E): 100000000.0
2024-12-17 20:33:49,561 - Step 417 norm(X - TN_G_Ours): 7181.246409920774, norm2(E): 100000000.0
2024-12-17 20:33:49,894 - Step 418 norm(X - TN_G_Ours): 7183.138311351105, norm2(E): 100000000.0
2024-12-17 20:33:50,206 - Step 419 norm(X - TN_G_Ours): 7185.029714621924, norm2(E): 100000000.0
2024-12-17 20:33:50,500 - Step 420 norm(X - TN_G_Ours): 7186.919506993243, norm2(E): 100000000.0
2024-12-17 20:33:50,802 - Step 421 norm(X - TN_G_Ours): 7188.807689735482, norm2(E): 100000000.0
2024-12-17 20:33:51,028 - Step 422 norm(X - TN_G_Ours): 7190.695098528376, norm2(E): 100000000.0
2024-12-17 20:33:51,321 - Step 423 norm(X - TN_G_Ours): 7192.581455916923, norm2(E): 100000000.0
2024-12-17 20:33:51,618 - Step 424 norm(X - TN_G_Ours): 7194.465650762397, norm2(E): 100000000.0
2024-12-17 20:33:51,927 - Step 425 norm(X - TN_G_Ours): 7196.348796438371, norm2(E): 100000000.0
2024-12-17 20:33:52,274 - Step 426 norm(X - TN_G_Ours): 7198.230893768274, norm2(E): 100000019.53125095
2024-12-17 20:33:52,624 - Step 427 norm(X - TN_G_Ours): 7200.111943574211, norm2(E): 100000000.0
2024-12-17 20:33:52,976 - Step 428 norm(X - TN_G_Ours): 7201.99166897602, norm2(E): 100000000.0
2024-12-17 20:33:53,341 - Step 429 norm(X - TN_G_Ours): 7203.870071010443, norm2(E): 100000000.0
2024-12-17 20:33:53,697 - Step 430 norm(X - TN_G_Ours): 7205.747428268632, norm2(E): 100000000.0
2024-12-17 20:33:54,059 - Step 431 norm(X - TN_G_Ours): 7207.6229091150435, norm2(E): 100000000.0
2024-12-17 20:33:54,422 - Step 432 norm(X - TN_G_Ours): 7209.497347249668, norm2(E): 100000000.0
2024-12-17 20:33:54,781 - Step 433 norm(X - TN_G_Ours): 7211.370466145808, norm2(E): 100000000.0
2024-12-17 20:33:55,118 - Step 434 norm(X - TN_G_Ours): 7213.242266831193, norm2(E): 100000000.0
2024-12-17 20:33:55,486 - Step 435 norm(X - TN_G_Ours): 7215.113304723634, norm2(E): 100000019.53125095
2024-12-17 20:33:55,847 - Step 436 norm(X - TN_G_Ours): 7216.983857540489, norm2(E): 100000000.0
2024-12-17 20:33:56,209 - Step 437 norm(X - TN_G_Ours): 7218.85143218781, norm2(E): 100000000.0
2024-12-17 20:33:56,571 - Step 438 norm(X - TN_G_Ours): 7220.71852380357, norm2(E): 100000000.0
2024-12-17 20:33:56,935 - Step 439 norm(X - TN_G_Ours): 7222.585132762369, norm2(E): 100000000.0
2024-12-17 20:33:57,303 - Step 440 norm(X - TN_G_Ours): 7224.449321574621, norm2(E): 100000000.0
2024-12-17 20:33:57,664 - Step 441 norm(X - TN_G_Ours): 7226.312475945114, norm2(E): 100000000.0
2024-12-17 20:33:58,018 - Step 442 norm(X - TN_G_Ours): 7228.174043283684, norm2(E): 100000019.53125095
2024-12-17 20:33:58,392 - Step 443 norm(X - TN_G_Ours): 7230.0356845592405, norm2(E): 100000000.0
2024-12-17 20:33:58,756 - Step 444 norm(X - TN_G_Ours): 7231.895740398917, norm2(E): 100000000.0
2024-12-17 20:33:59,125 - Step 445 norm(X - TN_G_Ours): 7233.753382580858, norm2(E): 100000000.0
2024-12-17 20:33:59,492 - Step 446 norm(X - TN_G_Ours): 7235.6111006604, norm2(E): 100000000.0
2024-12-17 20:33:59,852 - Step 447 norm(X - TN_G_Ours): 7237.4669602009235, norm2(E): 99999980.46875095
2024-12-17 20:34:00,223 - Step 448 norm(X - TN_G_Ours): 7239.321238900785, norm2(E): 100000000.0
2024-12-17 20:34:00,591 - Step 449 norm(X - TN_G_Ours): 7241.174766569303, norm2(E): 100000000.0
2024-12-17 20:34:00,982 - Step 450 norm(X - TN_G_Ours): 7243.027267655424, norm2(E): 100000019.53125095
2024-12-17 20:34:01,178 - Step 451 norm(X - TN_G_Ours): 7244.878190832473, norm2(E): 100000019.53125095
2024-12-17 20:34:01,515 - Step 452 norm(X - TN_G_Ours): 7246.728365269392, norm2(E): 100000000.0
2024-12-17 20:34:01,877 - Step 453 norm(X - TN_G_Ours): 7248.57641195842, norm2(E): 99999980.46875095
2024-12-17 20:34:02,224 - Step 454 norm(X - TN_G_Ours): 7250.423435910485, norm2(E): 100000000.0
2024-12-17 20:34:02,569 - Step 455 norm(X - TN_G_Ours): 7252.27026523419, norm2(E): 100000000.0
2024-12-17 20:34:02,916 - Step 456 norm(X - TN_G_Ours): 7254.114970139362, norm2(E): 99999980.46875095
2024-12-17 20:34:03,212 - Step 457 norm(X - TN_G_Ours): 7255.95865478849, norm2(E): 100000000.0
2024-12-17 20:34:03,562 - Step 458 norm(X - TN_G_Ours): 7257.801044393543, norm2(E): 100000000.0
2024-12-17 20:34:03,896 - Step 459 norm(X - TN_G_Ours): 7259.642415436177, norm2(E): 100000000.0
2024-12-17 20:34:04,238 - Step 460 norm(X - TN_G_Ours): 7261.482768691254, norm2(E): 99999980.46875095
2024-12-17 20:34:04,610 - Step 461 norm(X - TN_G_Ours): 7263.320728151828, norm2(E): 100000000.0
2024-12-17 20:34:04,965 - Step 462 norm(X - TN_G_Ours): 7265.158773213425, norm2(E): 100000000.0
2024-12-17 20:34:05,321 - Step 463 norm(X - TN_G_Ours): 7266.9947020759555, norm2(E): 100000000.0
2024-12-17 20:34:05,676 - Step 464 norm(X - TN_G_Ours): 7268.830167227737, norm2(E): 100000000.0
2024-12-17 20:34:06,027 - Step 465 norm(X - TN_G_Ours): 7270.663518551797, norm2(E): 100000000.0
2024-12-17 20:34:06,387 - Step 466 norm(X - TN_G_Ours): 7272.496407699354, norm2(E): 100000019.53125095
2024-12-17 20:34:06,732 - Step 467 norm(X - TN_G_Ours): 7274.328010201355, norm2(E): 100000000.0
2024-12-17 20:34:07,084 - Step 468 norm(X - TN_G_Ours): 7276.1583270294495, norm2(E): 100000000.0
2024-12-17 20:34:07,337 - Step 469 norm(X - TN_G_Ours): 7277.987359153628, norm2(E): 100000000.0
2024-12-17 20:34:07,678 - Step 470 norm(X - TN_G_Ours): 7279.815931738934, norm2(E): 100000000.0
2024-12-17 20:34:07,935 - Step 471 norm(X - TN_G_Ours): 7281.64157316192, norm2(E): 100000000.0
2024-12-17 20:34:08,290 - Step 472 norm(X - TN_G_Ours): 7283.4673061667545, norm2(E): 100000000.0
2024-12-17 20:34:08,649 - Step 473 norm(X - TN_G_Ours): 7285.29120900462, norm2(E): 100000000.0
2024-12-17 20:34:09,007 - Step 474 norm(X - TN_G_Ours): 7287.114380878072, norm2(E): 100000000.0
2024-12-17 20:34:09,365 - Step 475 norm(X - TN_G_Ours): 7288.935724781773, norm2(E): 100000000.0
2024-12-17 20:34:09,731 - Step 476 norm(X - TN_G_Ours): 7290.756065045654, norm2(E): 99999980.46875095
2024-12-17 20:34:10,102 - Step 477 norm(X - TN_G_Ours): 7292.575676672817, norm2(E): 100000000.0
2024-12-17 20:34:10,467 - Step 478 norm(X - TN_G_Ours): 7294.393463475904, norm2(E): 100000000.0
2024-12-17 20:34:10,835 - Step 479 norm(X - TN_G_Ours): 7296.21107150828, norm2(E): 100000000.0
2024-12-17 20:34:11,185 - Step 480 norm(X - TN_G_Ours): 7298.026582576964, norm2(E): 100000000.0
2024-12-17 20:34:11,475 - Step 481 norm(X - TN_G_Ours): 7299.840820182314, norm2(E): 100000000.0
2024-12-17 20:34:11,848 - Step 482 norm(X - TN_G_Ours): 7301.654059184124, norm2(E): 100000000.0
2024-12-17 20:34:12,167 - Step 483 norm(X - TN_G_Ours): 7303.46602648359, norm2(E): 100000000.0
2024-12-17 20:34:12,515 - Step 484 norm(X - TN_G_Ours): 7305.2769968016955, norm2(E): 100000000.0
2024-12-17 20:34:12,887 - Step 485 norm(X - TN_G_Ours): 7307.085876052094, norm2(E): 100000000.0
2024-12-17 20:34:13,268 - Step 486 norm(X - TN_G_Ours): 7308.894854901116, norm2(E): 100000000.0
2024-12-17 20:34:13,626 - Step 487 norm(X - TN_G_Ours): 7310.701471131208, norm2(E): 99999980.46875095
2024-12-17 20:34:13,995 - Step 488 norm(X - TN_G_Ours): 7312.507641021649, norm2(E): 100000000.0
2024-12-17 20:34:14,372 - Step 489 norm(X - TN_G_Ours): 7314.312271157146, norm2(E): 100000000.0
2024-12-17 20:34:14,747 - Step 490 norm(X - TN_G_Ours): 7316.115909415323, norm2(E): 100000000.0
2024-12-17 20:34:15,024 - Step 491 norm(X - TN_G_Ours): 7317.918556529582, norm2(E): 100000000.0
2024-12-17 20:34:15,386 - Step 492 norm(X - TN_G_Ours): 7319.719120294166, norm2(E): 100000000.0
2024-12-17 20:34:15,741 - Step 493 norm(X - TN_G_Ours): 7321.519514417755, norm2(E): 100000000.0
2024-12-17 20:34:16,086 - Step 494 norm(X - TN_G_Ours): 7323.318373524396, norm2(E): 99999980.46875095
2024-12-17 20:34:16,434 - Step 495 norm(X - TN_G_Ours): 7325.115152678489, norm2(E): 100000000.0
2024-12-17 20:34:16,781 - Step 496 norm(X - TN_G_Ours): 7326.912310107171, norm2(E): 100000000.0
2024-12-17 20:34:17,122 - Step 497 norm(X - TN_G_Ours): 7328.707389437785, norm2(E): 100000000.0
2024-12-17 20:34:17,474 - Step 498 norm(X - TN_G_Ours): 7330.501210694942, norm2(E): 100000000.0
2024-12-17 20:34:17,805 - Step 499 norm(X - TN_G_Ours): 7332.293774801989, norm2(E): 100000000.0
2024-12-17 20:34:18,053 - Step 0 norm(X - TN_G_ATR): 6200.1005859375, norm2(E): 100000019.53125095
2024-12-17 20:34:18,370 - Step 1 norm(X - TN_G_ATR): 6199.48828125, norm2(E): 99999980.46875095
2024-12-17 20:34:18,677 - Step 2 norm(X - TN_G_ATR): 6198.87548828125, norm2(E): 100000000.0
2024-12-17 20:34:18,990 - Step 3 norm(X - TN_G_ATR): 6198.26318359375, norm2(E): 100000000.0
2024-12-17 20:34:19,297 - Step 4 norm(X - TN_G_ATR): 6197.650390625, norm2(E): 100000000.0
2024-12-17 20:34:19,602 - Step 5 norm(X - TN_G_ATR): 6197.0380859375, norm2(E): 100000000.0
2024-12-17 20:34:19,901 - Step 6 norm(X - TN_G_ATR): 6196.42626953125, norm2(E): 100000000.0
2024-12-17 20:34:20,198 - Step 7 norm(X - TN_G_ATR): 6195.8134765625, norm2(E): 99999980.46875095
2024-12-17 20:34:20,486 - Step 8 norm(X - TN_G_ATR): 6195.201171875, norm2(E): 100000000.0
2024-12-17 20:34:20,764 - Step 9 norm(X - TN_G_ATR): 6194.58984375, norm2(E): 100000019.53125095
2024-12-17 20:34:21,040 - Step 10 norm(X - TN_G_ATR): 6193.978515625, norm2(E): 100000000.0
2024-12-17 20:34:21,309 - Step 11 norm(X - TN_G_ATR): 6193.3662109375, norm2(E): 100000000.0
2024-12-17 20:34:21,581 - Step 12 norm(X - TN_G_ATR): 6192.75439453125, norm2(E): 100000000.0
2024-12-17 20:34:21,851 - Step 13 norm(X - TN_G_ATR): 6192.142578125, norm2(E): 100000000.0
2024-12-17 20:34:22,149 - Step 14 norm(X - TN_G_ATR): 6191.53125, norm2(E): 100000000.0
2024-12-17 20:34:22,449 - Step 15 norm(X - TN_G_ATR): 6190.92041015625, norm2(E): 100000000.0
2024-12-17 20:34:22,742 - Step 16 norm(X - TN_G_ATR): 6190.30908203125, norm2(E): 99999980.46875095
2024-12-17 20:34:23,029 - Step 17 norm(X - TN_G_ATR): 6189.69775390625, norm2(E): 100000000.0
2024-12-17 20:34:23,297 - Step 18 norm(X - TN_G_ATR): 6189.08740234375, norm2(E): 100000000.0
2024-12-17 20:34:23,560 - Step 19 norm(X - TN_G_ATR): 6188.4765625, norm2(E): 100000000.0
2024-12-17 20:34:23,818 - Step 20 norm(X - TN_G_ATR): 6187.86572265625, norm2(E): 100000019.53125095
2024-12-17 20:34:24,103 - Step 21 norm(X - TN_G_ATR): 6187.25537109375, norm2(E): 100000000.0
2024-12-17 20:34:24,403 - Step 22 norm(X - TN_G_ATR): 6186.64453125, norm2(E): 100000000.0
2024-12-17 20:34:24,704 - Step 23 norm(X - TN_G_ATR): 6186.0341796875, norm2(E): 100000000.0
2024-12-17 20:34:25,004 - Step 24 norm(X - TN_G_ATR): 6185.4248046875, norm2(E): 100000000.0
2024-12-17 20:34:25,314 - Step 25 norm(X - TN_G_ATR): 6184.814453125, norm2(E): 100000000.0
2024-12-17 20:34:25,624 - Step 26 norm(X - TN_G_ATR): 6184.205078125, norm2(E): 100000000.0
2024-12-17 20:34:25,935 - Step 27 norm(X - TN_G_ATR): 6183.59521484375, norm2(E): 100000000.0
2024-12-17 20:34:26,247 - Step 28 norm(X - TN_G_ATR): 6182.9853515625, norm2(E): 100000000.0
2024-12-17 20:34:26,554 - Step 29 norm(X - TN_G_ATR): 6182.3759765625, norm2(E): 100000000.0
2024-12-17 20:34:26,853 - Step 30 norm(X - TN_G_ATR): 6181.7666015625, norm2(E): 100000000.0
2024-12-17 20:34:27,163 - Step 31 norm(X - TN_G_ATR): 6181.15771484375, norm2(E): 100000000.0
2024-12-17 20:34:27,467 - Step 32 norm(X - TN_G_ATR): 6180.548828125, norm2(E): 100000000.0
2024-12-17 20:34:27,768 - Step 33 norm(X - TN_G_ATR): 6179.93994140625, norm2(E): 100000000.0
2024-12-17 20:34:28,082 - Step 34 norm(X - TN_G_ATR): 6179.33154296875, norm2(E): 100000000.0
2024-12-17 20:34:28,367 - Step 35 norm(X - TN_G_ATR): 6178.72265625, norm2(E): 100000000.0
2024-12-17 20:34:28,638 - Step 36 norm(X - TN_G_ATR): 6178.11474609375, norm2(E): 99999980.46875095
2024-12-17 20:34:28,908 - Step 37 norm(X - TN_G_ATR): 6177.50634765625, norm2(E): 100000000.0
2024-12-17 20:34:29,153 - Step 38 norm(X - TN_G_ATR): 6176.89892578125, norm2(E): 100000000.0
2024-12-17 20:34:29,408 - Step 39 norm(X - TN_G_ATR): 6176.291015625, norm2(E): 100000019.53125095
2024-12-17 20:34:29,657 - Step 40 norm(X - TN_G_ATR): 6175.68310546875, norm2(E): 100000000.0
2024-12-17 20:34:29,917 - Step 41 norm(X - TN_G_ATR): 6175.07568359375, norm2(E): 100000000.0
2024-12-17 20:34:30,175 - Step 42 norm(X - TN_G_ATR): 6174.46875, norm2(E): 100000000.0
2024-12-17 20:34:30,424 - Step 43 norm(X - TN_G_ATR): 6173.861328125, norm2(E): 100000000.0
2024-12-17 20:34:30,682 - Step 44 norm(X - TN_G_ATR): 6173.25439453125, norm2(E): 100000000.0
2024-12-17 20:34:30,935 - Step 45 norm(X - TN_G_ATR): 6172.64794921875, norm2(E): 100000000.0
2024-12-17 20:34:31,191 - Step 46 norm(X - TN_G_ATR): 6172.041015625, norm2(E): 99999980.46875095
2024-12-17 20:34:31,486 - Step 47 norm(X - TN_G_ATR): 6171.43408203125, norm2(E): 100000000.0
2024-12-17 20:34:31,685 - Step 48 norm(X - TN_G_ATR): 6170.828125, norm2(E): 100000000.0
2024-12-17 20:34:31,986 - Step 49 norm(X - TN_G_ATR): 6170.22216796875, norm2(E): 100000000.0
2024-12-17 20:34:32,289 - Step 50 norm(X - TN_G_ATR): 6169.61572265625, norm2(E): 100000019.53125095
2024-12-17 20:34:32,590 - Step 51 norm(X - TN_G_ATR): 6169.01025390625, norm2(E): 100000000.0
2024-12-17 20:34:32,892 - Step 52 norm(X - TN_G_ATR): 6168.404296875, norm2(E): 100000000.0
2024-12-17 20:34:33,195 - Step 53 norm(X - TN_G_ATR): 6167.798828125, norm2(E): 100000000.0
2024-12-17 20:34:33,497 - Step 54 norm(X - TN_G_ATR): 6167.193359375, norm2(E): 100000000.0
2024-12-17 20:34:33,805 - Step 55 norm(X - TN_G_ATR): 6166.587890625, norm2(E): 100000019.53125095
2024-12-17 20:34:34,114 - Step 56 norm(X - TN_G_ATR): 6165.98291015625, norm2(E): 100000000.0
2024-12-17 20:34:34,421 - Step 57 norm(X - TN_G_ATR): 6165.3779296875, norm2(E): 100000000.0
2024-12-17 20:34:34,724 - Step 58 norm(X - TN_G_ATR): 6164.77294921875, norm2(E): 100000000.0
2024-12-17 20:34:34,985 - Step 59 norm(X - TN_G_ATR): 6164.1689453125, norm2(E): 100000000.0
2024-12-17 20:34:35,262 - Step 60 norm(X - TN_G_ATR): 6163.564453125, norm2(E): 100000000.0
2024-12-17 20:34:35,543 - Step 61 norm(X - TN_G_ATR): 6162.95947265625, norm2(E): 100000000.0
2024-12-17 20:34:35,823 - Step 62 norm(X - TN_G_ATR): 6162.35546875, norm2(E): 100000000.0
2024-12-17 20:34:36,099 - Step 63 norm(X - TN_G_ATR): 6161.75146484375, norm2(E): 100000000.0
2024-12-17 20:34:36,377 - Step 64 norm(X - TN_G_ATR): 6161.1474609375, norm2(E): 100000000.0
2024-12-17 20:34:36,672 - Step 65 norm(X - TN_G_ATR): 6160.5439453125, norm2(E): 100000000.0
2024-12-17 20:34:36,931 - Step 66 norm(X - TN_G_ATR): 6159.9404296875, norm2(E): 100000000.0
2024-12-17 20:34:37,241 - Step 67 norm(X - TN_G_ATR): 6159.33740234375, norm2(E): 100000000.0
2024-12-17 20:34:37,556 - Step 68 norm(X - TN_G_ATR): 6158.7333984375, norm2(E): 100000000.0
2024-12-17 20:34:37,825 - Step 69 norm(X - TN_G_ATR): 6158.130859375, norm2(E): 100000000.0
2024-12-17 20:34:38,131 - Step 70 norm(X - TN_G_ATR): 6157.52734375, norm2(E): 100000000.0
2024-12-17 20:34:38,443 - Step 71 norm(X - TN_G_ATR): 6156.92431640625, norm2(E): 100000000.0
2024-12-17 20:34:38,748 - Step 72 norm(X - TN_G_ATR): 6156.322265625, norm2(E): 100000019.53125095
2024-12-17 20:34:39,048 - Step 73 norm(X - TN_G_ATR): 6155.7197265625, norm2(E): 100000000.0
2024-12-17 20:34:39,349 - Step 74 norm(X - TN_G_ATR): 6155.11767578125, norm2(E): 100000000.0
2024-12-17 20:34:39,654 - Step 75 norm(X - TN_G_ATR): 6154.51513671875, norm2(E): 100000000.0
2024-12-17 20:34:39,821 - Step 76 norm(X - TN_G_ATR): 6153.91259765625, norm2(E): 100000000.0
2024-12-17 20:34:40,108 - Step 77 norm(X - TN_G_ATR): 6153.310546875, norm2(E): 100000000.0
2024-12-17 20:34:40,408 - Step 78 norm(X - TN_G_ATR): 6152.70947265625, norm2(E): 100000000.0
2024-12-17 20:34:40,700 - Step 79 norm(X - TN_G_ATR): 6152.107421875, norm2(E): 100000000.0
2024-12-17 20:34:40,994 - Step 80 norm(X - TN_G_ATR): 6151.505859375, norm2(E): 100000000.0
2024-12-17 20:34:41,305 - Step 81 norm(X - TN_G_ATR): 6150.90478515625, norm2(E): 100000000.0
2024-12-17 20:34:41,543 - Step 82 norm(X - TN_G_ATR): 6150.30322265625, norm2(E): 100000000.0
2024-12-17 20:34:41,737 - Step 83 norm(X - TN_G_ATR): 6149.70263671875, norm2(E): 100000000.0
2024-12-17 20:34:41,999 - Step 84 norm(X - TN_G_ATR): 6149.1015625, norm2(E): 100000000.0
2024-12-17 20:34:42,245 - Step 85 norm(X - TN_G_ATR): 6148.50048828125, norm2(E): 100000000.0
2024-12-17 20:34:42,442 - Step 86 norm(X - TN_G_ATR): 6147.89990234375, norm2(E): 100000000.0
2024-12-17 20:34:42,691 - Step 87 norm(X - TN_G_ATR): 6147.29931640625, norm2(E): 100000000.0
2024-12-17 20:34:42,938 - Step 88 norm(X - TN_G_ATR): 6146.69921875, norm2(E): 100000000.0
2024-12-17 20:34:43,152 - Step 89 norm(X - TN_G_ATR): 6146.09912109375, norm2(E): 100000000.0
2024-12-17 20:34:43,403 - Step 90 norm(X - TN_G_ATR): 6145.49853515625, norm2(E): 100000000.0
2024-12-17 20:34:43,653 - Step 91 norm(X - TN_G_ATR): 6144.89892578125, norm2(E): 100000000.0
2024-12-17 20:34:43,866 - Step 92 norm(X - TN_G_ATR): 6144.298828125, norm2(E): 100000000.0
2024-12-17 20:34:44,121 - Step 93 norm(X - TN_G_ATR): 6143.69970703125, norm2(E): 100000000.0
2024-12-17 20:34:44,385 - Step 94 norm(X - TN_G_ATR): 6143.099609375, norm2(E): 100000000.0
2024-12-17 20:34:44,666 - Step 95 norm(X - TN_G_ATR): 6142.50048828125, norm2(E): 100000000.0
2024-12-17 20:34:44,947 - Step 96 norm(X - TN_G_ATR): 6141.9013671875, norm2(E): 100000000.0
2024-12-17 20:34:45,241 - Step 97 norm(X - TN_G_ATR): 6141.30224609375, norm2(E): 100000000.0
2024-12-17 20:34:45,544 - Step 98 norm(X - TN_G_ATR): 6140.703125, norm2(E): 100000000.0
2024-12-17 20:34:45,830 - Step 99 norm(X - TN_G_ATR): 6140.10400390625, norm2(E): 99999980.46875095
2024-12-17 20:34:46,118 - Step 100 norm(X - TN_G_ATR): 6139.50537109375, norm2(E): 100000000.0
2024-12-17 20:34:46,406 - Step 101 norm(X - TN_G_ATR): 6138.9072265625, norm2(E): 100000000.0
2024-12-17 20:34:46,699 - Step 102 norm(X - TN_G_ATR): 6138.30810546875, norm2(E): 100000000.0
2024-12-17 20:34:46,972 - Step 103 norm(X - TN_G_ATR): 6137.7099609375, norm2(E): 100000000.0
2024-12-17 20:34:47,276 - Step 104 norm(X - TN_G_ATR): 6137.11181640625, norm2(E): 100000000.0
2024-12-17 20:34:47,581 - Step 105 norm(X - TN_G_ATR): 6136.513671875, norm2(E): 100000000.0
2024-12-17 20:34:47,874 - Step 106 norm(X - TN_G_ATR): 6135.916015625, norm2(E): 100000000.0
2024-12-17 20:34:48,167 - Step 107 norm(X - TN_G_ATR): 6135.31787109375, norm2(E): 100000000.0
2024-12-17 20:34:48,453 - Step 108 norm(X - TN_G_ATR): 6134.72021484375, norm2(E): 99999980.46875095
2024-12-17 20:34:48,739 - Step 109 norm(X - TN_G_ATR): 6134.1220703125, norm2(E): 100000000.0
2024-12-17 20:34:49,037 - Step 110 norm(X - TN_G_ATR): 6133.52490234375, norm2(E): 100000000.0
2024-12-17 20:34:49,334 - Step 111 norm(X - TN_G_ATR): 6132.927734375, norm2(E): 100000000.0
2024-12-17 20:34:49,631 - Step 112 norm(X - TN_G_ATR): 6132.33056640625, norm2(E): 100000000.0
2024-12-17 20:34:50,092 - Step 113 norm(X - TN_G_ATR): 6131.7333984375, norm2(E): 100000000.0
2024-12-17 20:34:50,397 - Step 114 norm(X - TN_G_ATR): 6131.13623046875, norm2(E): 100000000.0
2024-12-17 20:34:50,619 - Step 115 norm(X - TN_G_ATR): 6130.5390625, norm2(E): 100000000.0
2024-12-17 20:34:50,915 - Step 116 norm(X - TN_G_ATR): 6129.9423828125, norm2(E): 100000000.0
2024-12-17 20:34:51,208 - Step 117 norm(X - TN_G_ATR): 6129.345703125, norm2(E): 100000000.0
2024-12-17 20:34:51,497 - Step 118 norm(X - TN_G_ATR): 6128.74951171875, norm2(E): 100000000.0
2024-12-17 20:34:51,783 - Step 119 norm(X - TN_G_ATR): 6128.15283203125, norm2(E): 100000000.0
2024-12-17 20:34:52,052 - Step 120 norm(X - TN_G_ATR): 6127.556640625, norm2(E): 100000000.0
2024-12-17 20:34:52,346 - Step 121 norm(X - TN_G_ATR): 6126.9599609375, norm2(E): 99999980.46875095
2024-12-17 20:34:52,638 - Step 122 norm(X - TN_G_ATR): 6126.36376953125, norm2(E): 100000000.0
2024-12-17 20:34:52,942 - Step 123 norm(X - TN_G_ATR): 6125.76806640625, norm2(E): 100000000.0
2024-12-17 20:34:53,252 - Step 124 norm(X - TN_G_ATR): 6125.1728515625, norm2(E): 100000000.0
2024-12-17 20:34:53,561 - Step 125 norm(X - TN_G_ATR): 6124.57666015625, norm2(E): 100000000.0
2024-12-17 20:34:53,848 - Step 126 norm(X - TN_G_ATR): 6123.98095703125, norm2(E): 100000000.0
2024-12-17 20:34:54,118 - Step 127 norm(X - TN_G_ATR): 6123.3857421875, norm2(E): 100000000.0
2024-12-17 20:34:54,383 - Step 128 norm(X - TN_G_ATR): 6122.78955078125, norm2(E): 100000000.0
2024-12-17 20:34:54,646 - Step 129 norm(X - TN_G_ATR): 6122.19482421875, norm2(E): 100000000.0
2024-12-17 20:34:54,905 - Step 130 norm(X - TN_G_ATR): 6121.599609375, norm2(E): 100000000.0
2024-12-17 20:34:55,151 - Step 131 norm(X - TN_G_ATR): 6121.00439453125, norm2(E): 100000000.0
2024-12-17 20:34:55,406 - Step 132 norm(X - TN_G_ATR): 6120.40966796875, norm2(E): 100000000.0
2024-12-17 20:34:55,567 - Step 133 norm(X - TN_G_ATR): 6119.81494140625, norm2(E): 100000000.0
2024-12-17 20:34:55,826 - Step 134 norm(X - TN_G_ATR): 6119.22021484375, norm2(E): 100000000.0
2024-12-17 20:34:56,078 - Step 135 norm(X - TN_G_ATR): 6118.62548828125, norm2(E): 100000000.0
2024-12-17 20:34:56,329 - Step 136 norm(X - TN_G_ATR): 6118.03125, norm2(E): 100000000.0
2024-12-17 20:34:56,586 - Step 137 norm(X - TN_G_ATR): 6117.4365234375, norm2(E): 100000000.0
2024-12-17 20:34:56,837 - Step 138 norm(X - TN_G_ATR): 6116.841796875, norm2(E): 100000000.0
2024-12-17 20:34:57,154 - Step 139 norm(X - TN_G_ATR): 6116.248046875, norm2(E): 100000000.0
2024-12-17 20:34:57,465 - Step 140 norm(X - TN_G_ATR): 6115.65380859375, norm2(E): 100000000.0
2024-12-17 20:34:57,771 - Step 141 norm(X - TN_G_ATR): 6115.0595703125, norm2(E): 100000000.0
2024-12-17 20:34:58,069 - Step 142 norm(X - TN_G_ATR): 6114.46630859375, norm2(E): 100000000.0
2024-12-17 20:34:58,366 - Step 143 norm(X - TN_G_ATR): 6113.8720703125, norm2(E): 100000000.0
2024-12-17 20:34:58,652 - Step 144 norm(X - TN_G_ATR): 6113.27880859375, norm2(E): 100000000.0
2024-12-17 20:34:58,938 - Step 145 norm(X - TN_G_ATR): 6112.68505859375, norm2(E): 100000000.0
2024-12-17 20:34:59,223 - Step 146 norm(X - TN_G_ATR): 6112.091796875, norm2(E): 100000019.53125095
2024-12-17 20:34:59,506 - Step 147 norm(X - TN_G_ATR): 6111.4990234375, norm2(E): 100000000.0
2024-12-17 20:34:59,794 - Step 148 norm(X - TN_G_ATR): 6110.90576171875, norm2(E): 100000000.0
2024-12-17 20:35:00,083 - Step 149 norm(X - TN_G_ATR): 6110.3125, norm2(E): 100000000.0
2024-12-17 20:35:00,384 - Step 150 norm(X - TN_G_ATR): 6109.71923828125, norm2(E): 100000000.0
2024-12-17 20:35:00,683 - Step 151 norm(X - TN_G_ATR): 6109.12646484375, norm2(E): 100000000.0
2024-12-17 20:35:00,989 - Step 152 norm(X - TN_G_ATR): 6108.5341796875, norm2(E): 100000000.0
2024-12-17 20:35:01,292 - Step 153 norm(X - TN_G_ATR): 6107.94091796875, norm2(E): 100000000.0
2024-12-17 20:35:01,596 - Step 154 norm(X - TN_G_ATR): 6107.34912109375, norm2(E): 100000000.0
2024-12-17 20:35:01,902 - Step 155 norm(X - TN_G_ATR): 6106.7568359375, norm2(E): 100000000.0
2024-12-17 20:35:02,206 - Step 156 norm(X - TN_G_ATR): 6106.16455078125, norm2(E): 100000000.0
2024-12-17 20:35:02,520 - Step 157 norm(X - TN_G_ATR): 6105.57177734375, norm2(E): 99999980.46875095
2024-12-17 20:35:02,836 - Step 158 norm(X - TN_G_ATR): 6104.97998046875, norm2(E): 100000000.0
2024-12-17 20:35:03,148 - Step 159 norm(X - TN_G_ATR): 6104.3876953125, norm2(E): 100000000.0
2024-12-17 20:35:03,405 - Step 160 norm(X - TN_G_ATR): 6103.79638671875, norm2(E): 100000019.53125095
2024-12-17 20:35:03,697 - Step 161 norm(X - TN_G_ATR): 6103.205078125, norm2(E): 100000000.0
2024-12-17 20:35:03,986 - Step 162 norm(X - TN_G_ATR): 6102.61328125, norm2(E): 100000000.0
2024-12-17 20:35:04,274 - Step 163 norm(X - TN_G_ATR): 6102.021484375, norm2(E): 100000000.0
2024-12-17 20:35:04,562 - Step 164 norm(X - TN_G_ATR): 6101.43017578125, norm2(E): 100000000.0
2024-12-17 20:35:04,848 - Step 165 norm(X - TN_G_ATR): 6100.8388671875, norm2(E): 100000000.0
2024-12-17 20:35:05,144 - Step 166 norm(X - TN_G_ATR): 6100.248046875, norm2(E): 100000000.0
2024-12-17 20:35:05,420 - Step 167 norm(X - TN_G_ATR): 6099.65625, norm2(E): 100000000.0
2024-12-17 20:35:05,718 - Step 168 norm(X - TN_G_ATR): 6099.0654296875, norm2(E): 99999980.46875095
2024-12-17 20:35:06,019 - Step 169 norm(X - TN_G_ATR): 6098.474609375, norm2(E): 100000000.0
2024-12-17 20:35:06,319 - Step 170 norm(X - TN_G_ATR): 6097.8837890625, norm2(E): 100000000.0
2024-12-17 20:35:06,614 - Step 171 norm(X - TN_G_ATR): 6097.2939453125, norm2(E): 100000000.0
2024-12-17 20:35:06,929 - Step 172 norm(X - TN_G_ATR): 6096.70263671875, norm2(E): 100000000.0
2024-12-17 20:35:07,186 - Step 173 norm(X - TN_G_ATR): 6096.11279296875, norm2(E): 100000000.0
2024-12-17 20:35:07,353 - Step 174 norm(X - TN_G_ATR): 6095.5224609375, norm2(E): 100000000.0
2024-12-17 20:35:07,613 - Step 175 norm(X - TN_G_ATR): 6094.931640625, norm2(E): 100000000.0
2024-12-17 20:35:07,875 - Step 176 norm(X - TN_G_ATR): 6094.341796875, norm2(E): 100000000.0
2024-12-17 20:35:08,116 - Step 177 norm(X - TN_G_ATR): 6093.751953125, norm2(E): 100000000.0
2024-12-17 20:35:08,366 - Step 178 norm(X - TN_G_ATR): 6093.162109375, norm2(E): 100000019.53125095
2024-12-17 20:35:08,599 - Step 179 norm(X - TN_G_ATR): 6092.57275390625, norm2(E): 100000000.0
2024-12-17 20:35:08,854 - Step 180 norm(X - TN_G_ATR): 6091.982421875, norm2(E): 100000019.53125095
2024-12-17 20:35:09,083 - Step 181 norm(X - TN_G_ATR): 6091.392578125, norm2(E): 100000000.0
2024-12-17 20:35:09,333 - Step 182 norm(X - TN_G_ATR): 6090.8037109375, norm2(E): 100000000.0
2024-12-17 20:35:09,579 - Step 183 norm(X - TN_G_ATR): 6090.2138671875, norm2(E): 99999980.46875095
2024-12-17 20:35:09,770 - Step 184 norm(X - TN_G_ATR): 6089.62451171875, norm2(E): 100000000.0
2024-12-17 20:35:10,020 - Step 185 norm(X - TN_G_ATR): 6089.03515625, norm2(E): 100000000.0
2024-12-17 20:35:10,285 - Step 186 norm(X - TN_G_ATR): 6088.4462890625, norm2(E): 100000000.0
2024-12-17 20:35:10,567 - Step 187 norm(X - TN_G_ATR): 6087.857421875, norm2(E): 100000000.0
2024-12-17 20:35:10,853 - Step 188 norm(X - TN_G_ATR): 6087.2685546875, norm2(E): 100000000.0
2024-12-17 20:35:11,143 - Step 189 norm(X - TN_G_ATR): 6086.6796875, norm2(E): 100000000.0
2024-12-17 20:35:11,422 - Step 190 norm(X - TN_G_ATR): 6086.0908203125, norm2(E): 100000000.0
2024-12-17 20:35:11,725 - Step 191 norm(X - TN_G_ATR): 6085.5029296875, norm2(E): 100000000.0
2024-12-17 20:35:12,034 - Step 192 norm(X - TN_G_ATR): 6084.91455078125, norm2(E): 100000000.0
2024-12-17 20:35:12,193 - Step 193 norm(X - TN_G_ATR): 6084.32568359375, norm2(E): 100000000.0
2024-12-17 20:35:12,476 - Step 194 norm(X - TN_G_ATR): 6083.73779296875, norm2(E): 99999980.46875095
2024-12-17 20:35:12,761 - Step 195 norm(X - TN_G_ATR): 6083.1494140625, norm2(E): 99999980.46875095
2024-12-17 20:35:13,046 - Step 196 norm(X - TN_G_ATR): 6082.5615234375, norm2(E): 100000000.0
2024-12-17 20:35:13,341 - Step 197 norm(X - TN_G_ATR): 6081.9736328125, norm2(E): 100000000.0
2024-12-17 20:35:13,637 - Step 198 norm(X - TN_G_ATR): 6081.3857421875, norm2(E): 100000019.53125095
2024-12-17 20:35:13,928 - Step 199 norm(X - TN_G_ATR): 6080.79833984375, norm2(E): 100000000.0
2024-12-17 20:35:14,232 - Step 200 norm(X - TN_G_ATR): 6080.2099609375, norm2(E): 100000000.0
2024-12-17 20:35:14,533 - Step 201 norm(X - TN_G_ATR): 6079.623046875, norm2(E): 100000000.0
2024-12-17 20:35:14,839 - Step 202 norm(X - TN_G_ATR): 6079.03564453125, norm2(E): 100000000.0
2024-12-17 20:35:15,145 - Step 203 norm(X - TN_G_ATR): 6078.4482421875, norm2(E): 100000000.0
2024-12-17 20:35:15,446 - Step 204 norm(X - TN_G_ATR): 6077.86083984375, norm2(E): 100000000.0
2024-12-17 20:35:15,747 - Step 205 norm(X - TN_G_ATR): 6077.27392578125, norm2(E): 100000000.0
2024-12-17 20:35:16,048 - Step 206 norm(X - TN_G_ATR): 6076.68701171875, norm2(E): 100000000.0
2024-12-17 20:35:16,341 - Step 207 norm(X - TN_G_ATR): 6076.10009765625, norm2(E): 100000000.0
2024-12-17 20:35:16,640 - Step 208 norm(X - TN_G_ATR): 6075.51318359375, norm2(E): 99999980.46875095
2024-12-17 20:35:16,931 - Step 209 norm(X - TN_G_ATR): 6074.92626953125, norm2(E): 100000000.0
2024-12-17 20:35:17,104 - Step 210 norm(X - TN_G_ATR): 6074.34033203125, norm2(E): 100000000.0
2024-12-17 20:35:17,395 - Step 211 norm(X - TN_G_ATR): 6073.75390625, norm2(E): 100000000.0
2024-12-17 20:35:17,690 - Step 212 norm(X - TN_G_ATR): 6073.1669921875, norm2(E): 100000000.0
2024-12-17 20:35:17,982 - Step 213 norm(X - TN_G_ATR): 6072.58056640625, norm2(E): 100000000.0
2024-12-17 20:35:18,278 - Step 214 norm(X - TN_G_ATR): 6071.99462890625, norm2(E): 100000000.0
2024-12-17 20:35:18,573 - Step 215 norm(X - TN_G_ATR): 6071.4091796875, norm2(E): 100000000.0
2024-12-17 20:35:18,866 - Step 216 norm(X - TN_G_ATR): 6070.82275390625, norm2(E): 100000019.53125095
2024-12-17 20:35:19,171 - Step 217 norm(X - TN_G_ATR): 6070.23779296875, norm2(E): 100000000.0
2024-12-17 20:35:19,477 - Step 218 norm(X - TN_G_ATR): 6069.6513671875, norm2(E): 100000000.0
2024-12-17 20:35:19,784 - Step 219 norm(X - TN_G_ATR): 6069.06591796875, norm2(E): 100000000.0
2024-12-17 20:35:20,097 - Step 220 norm(X - TN_G_ATR): 6068.48046875, norm2(E): 100000000.0
2024-12-17 20:35:20,367 - Step 221 norm(X - TN_G_ATR): 6067.89501953125, norm2(E): 100000000.0
2024-12-17 20:35:20,621 - Step 222 norm(X - TN_G_ATR): 6067.3095703125, norm2(E): 99999980.46875095
2024-12-17 20:35:20,877 - Step 223 norm(X - TN_G_ATR): 6066.72412109375, norm2(E): 100000000.0
2024-12-17 20:35:21,071 - Step 224 norm(X - TN_G_ATR): 6066.1396484375, norm2(E): 100000000.0
2024-12-17 20:35:21,313 - Step 225 norm(X - TN_G_ATR): 6065.5546875, norm2(E): 100000000.0
2024-12-17 20:35:21,550 - Step 226 norm(X - TN_G_ATR): 6064.9697265625, norm2(E): 100000000.0
2024-12-17 20:35:21,786 - Step 227 norm(X - TN_G_ATR): 6064.38525390625, norm2(E): 100000000.0
2024-12-17 20:35:21,917 - Step 228 norm(X - TN_G_ATR): 6063.80029296875, norm2(E): 100000000.0
2024-12-17 20:35:22,161 - Step 229 norm(X - TN_G_ATR): 6063.2158203125, norm2(E): 100000000.0
2024-12-17 20:35:22,411 - Step 230 norm(X - TN_G_ATR): 6062.63134765625, norm2(E): 100000000.0
2024-12-17 20:35:22,645 - Step 231 norm(X - TN_G_ATR): 6062.04736328125, norm2(E): 100000000.0
2024-12-17 20:35:22,803 - Step 232 norm(X - TN_G_ATR): 6061.46337890625, norm2(E): 100000000.0
2024-12-17 20:35:23,097 - Step 233 norm(X - TN_G_ATR): 6060.87890625, norm2(E): 100000000.0
2024-12-17 20:35:23,393 - Step 234 norm(X - TN_G_ATR): 6060.294921875, norm2(E): 100000000.0
2024-12-17 20:35:23,684 - Step 235 norm(X - TN_G_ATR): 6059.71142578125, norm2(E): 100000000.0
2024-12-17 20:35:23,965 - Step 236 norm(X - TN_G_ATR): 6059.12744140625, norm2(E): 100000000.0
2024-12-17 20:35:24,252 - Step 237 norm(X - TN_G_ATR): 6058.5439453125, norm2(E): 99999980.46875095
2024-12-17 20:35:24,542 - Step 238 norm(X - TN_G_ATR): 6057.96044921875, norm2(E): 100000000.0
2024-12-17 20:35:24,814 - Step 239 norm(X - TN_G_ATR): 6057.37744140625, norm2(E): 100000000.0
2024-12-17 20:35:25,083 - Step 240 norm(X - TN_G_ATR): 6056.7939453125, norm2(E): 100000000.0
2024-12-17 20:35:25,365 - Step 241 norm(X - TN_G_ATR): 6056.2109375, norm2(E): 100000000.0
2024-12-17 20:35:25,640 - Step 242 norm(X - TN_G_ATR): 6055.6279296875, norm2(E): 100000019.53125095
2024-12-17 20:35:25,921 - Step 243 norm(X - TN_G_ATR): 6055.044921875, norm2(E): 100000000.0
2024-12-17 20:35:26,204 - Step 244 norm(X - TN_G_ATR): 6054.46142578125, norm2(E): 100000000.0
2024-12-17 20:35:26,479 - Step 245 norm(X - TN_G_ATR): 6053.87939453125, norm2(E): 100000019.53125095
2024-12-17 20:35:26,765 - Step 246 norm(X - TN_G_ATR): 6053.29638671875, norm2(E): 100000000.0
2024-12-17 20:35:27,046 - Step 247 norm(X - TN_G_ATR): 6052.7138671875, norm2(E): 100000000.0
2024-12-17 20:35:27,325 - Step 248 norm(X - TN_G_ATR): 6052.1318359375, norm2(E): 100000000.0
2024-12-17 20:35:27,594 - Step 249 norm(X - TN_G_ATR): 6051.54931640625, norm2(E): 100000000.0
2024-12-17 20:35:27,778 - Step 250 norm(X - TN_G_ATR): 6050.96728515625, norm2(E): 100000019.53125095
2024-12-17 20:35:28,046 - Step 251 norm(X - TN_G_ATR): 6050.38525390625, norm2(E): 100000000.0
2024-12-17 20:35:28,323 - Step 252 norm(X - TN_G_ATR): 6049.80322265625, norm2(E): 100000019.53125095
2024-12-17 20:35:28,607 - Step 253 norm(X - TN_G_ATR): 6049.2216796875, norm2(E): 100000000.0
2024-12-17 20:35:28,892 - Step 254 norm(X - TN_G_ATR): 6048.6396484375, norm2(E): 100000000.0
2024-12-17 20:35:29,166 - Step 255 norm(X - TN_G_ATR): 6048.05810546875, norm2(E): 100000000.0
2024-12-17 20:35:29,445 - Step 256 norm(X - TN_G_ATR): 6047.4765625, norm2(E): 100000000.0
2024-12-17 20:35:29,644 - Step 257 norm(X - TN_G_ATR): 6046.89501953125, norm2(E): 99999980.46875095
2024-12-17 20:35:29,934 - Step 258 norm(X - TN_G_ATR): 6046.3134765625, norm2(E): 100000000.0
2024-12-17 20:35:30,228 - Step 259 norm(X - TN_G_ATR): 6045.732421875, norm2(E): 100000000.0
2024-12-17 20:35:30,528 - Step 260 norm(X - TN_G_ATR): 6045.15185546875, norm2(E): 100000000.0
2024-12-17 20:35:30,824 - Step 261 norm(X - TN_G_ATR): 6044.57080078125, norm2(E): 100000000.0
2024-12-17 20:35:31,118 - Step 262 norm(X - TN_G_ATR): 6043.990234375, norm2(E): 100000000.0
2024-12-17 20:35:31,429 - Step 263 norm(X - TN_G_ATR): 6043.4091796875, norm2(E): 100000000.0
2024-12-17 20:35:31,586 - Step 264 norm(X - TN_G_ATR): 6042.82861328125, norm2(E): 100000000.0
2024-12-17 20:35:31,832 - Step 265 norm(X - TN_G_ATR): 6042.248046875, norm2(E): 100000000.0
2024-12-17 20:35:31,984 - Step 266 norm(X - TN_G_ATR): 6041.66748046875, norm2(E): 100000000.0
2024-12-17 20:35:32,216 - Step 267 norm(X - TN_G_ATR): 6041.08740234375, norm2(E): 100000000.0
2024-12-17 20:35:32,459 - Step 268 norm(X - TN_G_ATR): 6040.5068359375, norm2(E): 100000000.0
2024-12-17 20:35:32,619 - Step 269 norm(X - TN_G_ATR): 6039.9267578125, norm2(E): 100000000.0
2024-12-17 20:35:32,859 - Step 270 norm(X - TN_G_ATR): 6039.34716796875, norm2(E): 100000000.0
2024-12-17 20:35:33,086 - Step 271 norm(X - TN_G_ATR): 6038.767578125, norm2(E): 100000000.0
2024-12-17 20:35:33,321 - Step 272 norm(X - TN_G_ATR): 6038.1875, norm2(E): 100000000.0
2024-12-17 20:35:33,557 - Step 273 norm(X - TN_G_ATR): 6037.60791015625, norm2(E): 100000019.53125095
2024-12-17 20:35:33,800 - Step 274 norm(X - TN_G_ATR): 6037.0283203125, norm2(E): 100000000.0
2024-12-17 20:35:34,039 - Step 275 norm(X - TN_G_ATR): 6036.44873046875, norm2(E): 100000000.0
2024-12-17 20:35:34,282 - Step 276 norm(X - TN_G_ATR): 6035.86962890625, norm2(E): 100000000.0
2024-12-17 20:35:34,564 - Step 277 norm(X - TN_G_ATR): 6035.2900390625, norm2(E): 100000000.0
2024-12-17 20:35:34,839 - Step 278 norm(X - TN_G_ATR): 6034.7109375, norm2(E): 100000019.53125095
2024-12-17 20:35:35,124 - Step 279 norm(X - TN_G_ATR): 6034.1328125, norm2(E): 100000000.0
2024-12-17 20:35:35,399 - Step 280 norm(X - TN_G_ATR): 6033.55322265625, norm2(E): 100000000.0
2024-12-17 20:35:35,683 - Step 281 norm(X - TN_G_ATR): 6032.974609375, norm2(E): 100000000.0
2024-12-17 20:35:35,960 - Step 282 norm(X - TN_G_ATR): 6032.39599609375, norm2(E): 100000000.0
2024-12-17 20:35:36,236 - Step 283 norm(X - TN_G_ATR): 6031.81787109375, norm2(E): 100000000.0
2024-12-17 20:35:36,472 - Step 284 norm(X - TN_G_ATR): 6031.23876953125, norm2(E): 99999980.46875095
2024-12-17 20:35:36,759 - Step 285 norm(X - TN_G_ATR): 6030.66015625, norm2(E): 100000000.0
2024-12-17 20:35:37,037 - Step 286 norm(X - TN_G_ATR): 6030.08203125, norm2(E): 100000019.53125095
2024-12-17 20:35:37,317 - Step 287 norm(X - TN_G_ATR): 6029.50390625, norm2(E): 100000000.0
2024-12-17 20:35:37,600 - Step 288 norm(X - TN_G_ATR): 6028.92578125, norm2(E): 100000000.0
2024-12-17 20:35:37,879 - Step 289 norm(X - TN_G_ATR): 6028.34814453125, norm2(E): 100000019.53125095
2024-12-17 20:35:38,158 - Step 290 norm(X - TN_G_ATR): 6027.7705078125, norm2(E): 100000000.0
2024-12-17 20:35:38,440 - Step 291 norm(X - TN_G_ATR): 6027.1923828125, norm2(E): 100000000.0
2024-12-17 20:35:38,715 - Step 292 norm(X - TN_G_ATR): 6026.61474609375, norm2(E): 100000000.0
2024-12-17 20:35:38,993 - Step 293 norm(X - TN_G_ATR): 6026.03759765625, norm2(E): 100000000.0
2024-12-17 20:35:39,284 - Step 294 norm(X - TN_G_ATR): 6025.46044921875, norm2(E): 100000000.0
2024-12-17 20:35:39,563 - Step 295 norm(X - TN_G_ATR): 6024.88330078125, norm2(E): 100000000.0
2024-12-17 20:35:39,842 - Step 296 norm(X - TN_G_ATR): 6024.30615234375, norm2(E): 100000000.0
2024-12-17 20:35:40,123 - Step 297 norm(X - TN_G_ATR): 6023.728515625, norm2(E): 100000000.0
2024-12-17 20:35:40,407 - Step 298 norm(X - TN_G_ATR): 6023.15185546875, norm2(E): 100000000.0
2024-12-17 20:35:40,684 - Step 299 norm(X - TN_G_ATR): 6022.57568359375, norm2(E): 99999980.46875095
2024-12-17 20:35:40,965 - Step 300 norm(X - TN_G_ATR): 6021.99853515625, norm2(E): 100000000.0
2024-12-17 20:35:41,250 - Step 301 norm(X - TN_G_ATR): 6021.421875, norm2(E): 100000000.0
2024-12-17 20:35:41,541 - Step 302 norm(X - TN_G_ATR): 6020.845703125, norm2(E): 100000000.0
2024-12-17 20:35:41,854 - Step 303 norm(X - TN_G_ATR): 6020.26904296875, norm2(E): 100000019.53125095
2024-12-17 20:35:42,150 - Step 304 norm(X - TN_G_ATR): 6019.69287109375, norm2(E): 100000000.0
2024-12-17 20:35:42,444 - Step 305 norm(X - TN_G_ATR): 6019.11669921875, norm2(E): 100000000.0
2024-12-17 20:35:42,707 - Step 306 norm(X - TN_G_ATR): 6018.54052734375, norm2(E): 100000000.0
2024-12-17 20:35:43,014 - Step 307 norm(X - TN_G_ATR): 6017.96484375, norm2(E): 99999980.46875095
2024-12-17 20:35:43,208 - Step 308 norm(X - TN_G_ATR): 6017.388671875, norm2(E): 100000000.0
2024-12-17 20:35:43,297 - Step 309 norm(X - TN_G_ATR): 6016.81298828125, norm2(E): 100000000.0
2024-12-17 20:35:43,384 - Step 310 norm(X - TN_G_ATR): 6016.23779296875, norm2(E): 100000000.0
2024-12-17 20:35:43,613 - Step 311 norm(X - TN_G_ATR): 6015.662109375, norm2(E): 100000000.0
2024-12-17 20:35:43,875 - Step 312 norm(X - TN_G_ATR): 6015.0869140625, norm2(E): 100000000.0
2024-12-17 20:35:44,133 - Step 313 norm(X - TN_G_ATR): 6014.51123046875, norm2(E): 100000000.0
2024-12-17 20:35:44,389 - Step 314 norm(X - TN_G_ATR): 6013.93701171875, norm2(E): 100000000.0
2024-12-17 20:35:44,638 - Step 315 norm(X - TN_G_ATR): 6013.361328125, norm2(E): 100000000.0
2024-12-17 20:35:44,879 - Step 316 norm(X - TN_G_ATR): 6012.7861328125, norm2(E): 100000000.0
2024-12-17 20:35:45,061 - Step 317 norm(X - TN_G_ATR): 6012.21142578125, norm2(E): 100000000.0
2024-12-17 20:35:45,307 - Step 318 norm(X - TN_G_ATR): 6011.63720703125, norm2(E): 99999980.46875095
2024-12-17 20:35:45,547 - Step 319 norm(X - TN_G_ATR): 6011.06201171875, norm2(E): 100000000.0
2024-12-17 20:35:45,731 - Step 320 norm(X - TN_G_ATR): 6010.48779296875, norm2(E): 100000000.0
2024-12-17 20:35:45,975 - Step 321 norm(X - TN_G_ATR): 6009.91357421875, norm2(E): 100000000.0
2024-12-17 20:35:46,209 - Step 322 norm(X - TN_G_ATR): 6009.3388671875, norm2(E): 100000000.0
2024-12-17 20:35:46,451 - Step 323 norm(X - TN_G_ATR): 6008.76513671875, norm2(E): 100000000.0
2024-12-17 20:35:46,768 - Step 324 norm(X - TN_G_ATR): 6008.19091796875, norm2(E): 100000000.0
2024-12-17 20:35:47,076 - Step 325 norm(X - TN_G_ATR): 6007.6171875, norm2(E): 100000000.0
2024-12-17 20:35:47,379 - Step 326 norm(X - TN_G_ATR): 6007.04345703125, norm2(E): 100000000.0
2024-12-17 20:35:47,673 - Step 327 norm(X - TN_G_ATR): 6006.46923828125, norm2(E): 100000000.0
2024-12-17 20:35:47,956 - Step 328 norm(X - TN_G_ATR): 6005.89599609375, norm2(E): 100000000.0
2024-12-17 20:35:48,233 - Step 329 norm(X - TN_G_ATR): 6005.32275390625, norm2(E): 100000000.0
2024-12-17 20:35:48,515 - Step 330 norm(X - TN_G_ATR): 6004.7490234375, norm2(E): 100000000.0
2024-12-17 20:35:48,791 - Step 331 norm(X - TN_G_ATR): 6004.17578125, norm2(E): 100000000.0
2024-12-17 20:35:49,055 - Step 332 norm(X - TN_G_ATR): 6003.60302734375, norm2(E): 100000000.0
2024-12-17 20:35:49,351 - Step 333 norm(X - TN_G_ATR): 6003.02978515625, norm2(E): 100000000.0
2024-12-17 20:35:49,644 - Step 334 norm(X - TN_G_ATR): 6002.45703125, norm2(E): 100000000.0
2024-12-17 20:35:49,954 - Step 335 norm(X - TN_G_ATR): 6001.8837890625, norm2(E): 100000019.53125095
2024-12-17 20:35:50,263 - Step 336 norm(X - TN_G_ATR): 6001.3115234375, norm2(E): 100000000.0
2024-12-17 20:35:50,567 - Step 337 norm(X - TN_G_ATR): 6000.73876953125, norm2(E): 100000000.0
2024-12-17 20:35:50,877 - Step 338 norm(X - TN_G_ATR): 6000.166015625, norm2(E): 99999980.46875095
2024-12-17 20:35:51,174 - Step 339 norm(X - TN_G_ATR): 5999.59326171875, norm2(E): 100000000.0
2024-12-17 20:35:51,461 - Step 340 norm(X - TN_G_ATR): 5999.021484375, norm2(E): 100000000.0
2024-12-17 20:35:51,763 - Step 341 norm(X - TN_G_ATR): 5998.44921875, norm2(E): 100000019.53125095
2024-12-17 20:35:51,936 - Step 342 norm(X - TN_G_ATR): 5997.87744140625, norm2(E): 100000000.0
2024-12-17 20:35:52,219 - Step 343 norm(X - TN_G_ATR): 5997.30517578125, norm2(E): 100000000.0
2024-12-17 20:35:52,506 - Step 344 norm(X - TN_G_ATR): 5996.7333984375, norm2(E): 100000000.0
2024-12-17 20:35:52,798 - Step 345 norm(X - TN_G_ATR): 5996.16162109375, norm2(E): 100000000.0
2024-12-17 20:35:53,092 - Step 346 norm(X - TN_G_ATR): 5995.58984375, norm2(E): 100000000.0
2024-12-17 20:35:53,403 - Step 347 norm(X - TN_G_ATR): 5995.01904296875, norm2(E): 100000000.0
2024-12-17 20:35:53,706 - Step 348 norm(X - TN_G_ATR): 5994.447265625, norm2(E): 100000000.0
2024-12-17 20:35:54,012 - Step 349 norm(X - TN_G_ATR): 5993.8759765625, norm2(E): 100000019.53125095
2024-12-17 20:35:54,317 - Step 350 norm(X - TN_G_ATR): 5993.30517578125, norm2(E): 100000000.0
2024-12-17 20:35:54,628 - Step 351 norm(X - TN_G_ATR): 5992.7333984375, norm2(E): 100000000.0
2024-12-17 20:35:54,940 - Step 352 norm(X - TN_G_ATR): 5992.1630859375, norm2(E): 100000000.0
2024-12-17 20:35:55,245 - Step 353 norm(X - TN_G_ATR): 5991.59228515625, norm2(E): 100000000.0
2024-12-17 20:35:55,555 - Step 354 norm(X - TN_G_ATR): 5991.021484375, norm2(E): 100000019.53125095
2024-12-17 20:35:55,871 - Step 355 norm(X - TN_G_ATR): 5990.451171875, norm2(E): 99999980.46875095
2024-12-17 20:35:56,178 - Step 356 norm(X - TN_G_ATR): 5989.88037109375, norm2(E): 100000000.0
2024-12-17 20:35:56,491 - Step 357 norm(X - TN_G_ATR): 5989.310546875, norm2(E): 100000000.0
2024-12-17 20:35:56,776 - Step 358 norm(X - TN_G_ATR): 5988.73974609375, norm2(E): 100000000.0
2024-12-17 20:35:57,047 - Step 359 norm(X - TN_G_ATR): 5988.169921875, norm2(E): 100000000.0
2024-12-17 20:35:57,248 - Step 360 norm(X - TN_G_ATR): 5987.599609375, norm2(E): 100000000.0
2024-12-17 20:35:57,503 - Step 361 norm(X - TN_G_ATR): 5987.02978515625, norm2(E): 100000000.0
2024-12-17 20:35:57,753 - Step 362 norm(X - TN_G_ATR): 5986.4599609375, norm2(E): 100000000.0
2024-12-17 20:35:57,996 - Step 363 norm(X - TN_G_ATR): 5985.890625, norm2(E): 100000000.0
2024-12-17 20:35:58,247 - Step 364 norm(X - TN_G_ATR): 5985.32080078125, norm2(E): 100000000.0
2024-12-17 20:35:58,450 - Step 365 norm(X - TN_G_ATR): 5984.75146484375, norm2(E): 100000000.0
2024-12-17 20:35:58,691 - Step 366 norm(X - TN_G_ATR): 5984.18212890625, norm2(E): 100000000.0
2024-12-17 20:35:58,947 - Step 367 norm(X - TN_G_ATR): 5983.61279296875, norm2(E): 100000000.0
2024-12-17 20:35:59,199 - Step 368 norm(X - TN_G_ATR): 5983.0439453125, norm2(E): 100000000.0
2024-12-17 20:35:59,439 - Step 369 norm(X - TN_G_ATR): 5982.47509765625, norm2(E): 100000000.0
2024-12-17 20:35:59,619 - Step 370 norm(X - TN_G_ATR): 5981.90625, norm2(E): 100000000.0
2024-12-17 20:35:59,884 - Step 371 norm(X - TN_G_ATR): 5981.33740234375, norm2(E): 100000000.0
2024-12-17 20:36:00,160 - Step 372 norm(X - TN_G_ATR): 5980.76904296875, norm2(E): 99999980.46875095
2024-12-17 20:36:00,455 - Step 373 norm(X - TN_G_ATR): 5980.2001953125, norm2(E): 100000000.0
2024-12-17 20:36:00,753 - Step 374 norm(X - TN_G_ATR): 5979.63232421875, norm2(E): 100000000.0
2024-12-17 20:36:01,048 - Step 375 norm(X - TN_G_ATR): 5979.0634765625, norm2(E): 100000000.0
2024-12-17 20:36:01,358 - Step 376 norm(X - TN_G_ATR): 5978.49560546875, norm2(E): 100000000.0
2024-12-17 20:36:01,658 - Step 377 norm(X - TN_G_ATR): 5977.92724609375, norm2(E): 100000000.0
2024-12-17 20:36:01,804 - Step 378 norm(X - TN_G_ATR): 5977.35986328125, norm2(E): 100000000.0
2024-12-17 20:36:02,077 - Step 379 norm(X - TN_G_ATR): 5976.7919921875, norm2(E): 100000000.0
2024-12-17 20:36:02,371 - Step 380 norm(X - TN_G_ATR): 5976.22412109375, norm2(E): 100000000.0
2024-12-17 20:36:02,670 - Step 381 norm(X - TN_G_ATR): 5975.65625, norm2(E): 100000000.0
2024-12-17 20:36:02,960 - Step 382 norm(X - TN_G_ATR): 5975.0888671875, norm2(E): 100000000.0
2024-12-17 20:36:03,262 - Step 383 norm(X - TN_G_ATR): 5974.52099609375, norm2(E): 100000000.0
2024-12-17 20:36:03,569 - Step 384 norm(X - TN_G_ATR): 5973.9541015625, norm2(E): 100000000.0
2024-12-17 20:36:03,869 - Step 385 norm(X - TN_G_ATR): 5973.38720703125, norm2(E): 100000000.0
2024-12-17 20:36:04,172 - Step 386 norm(X - TN_G_ATR): 5972.8203125, norm2(E): 100000000.0
2024-12-17 20:36:04,480 - Step 387 norm(X - TN_G_ATR): 5972.25341796875, norm2(E): 100000000.0
2024-12-17 20:36:04,769 - Step 388 norm(X - TN_G_ATR): 5971.6865234375, norm2(E): 100000000.0
2024-12-17 20:36:05,060 - Step 389 norm(X - TN_G_ATR): 5971.11962890625, norm2(E): 100000000.0
2024-12-17 20:36:05,336 - Step 390 norm(X - TN_G_ATR): 5970.5537109375, norm2(E): 100000000.0
2024-12-17 20:36:05,589 - Step 391 norm(X - TN_G_ATR): 5969.98681640625, norm2(E): 100000000.0
2024-12-17 20:36:05,856 - Step 392 norm(X - TN_G_ATR): 5969.4208984375, norm2(E): 100000000.0
2024-12-17 20:36:06,148 - Step 393 norm(X - TN_G_ATR): 5968.8544921875, norm2(E): 99999980.46875095
2024-12-17 20:36:06,442 - Step 394 norm(X - TN_G_ATR): 5968.2880859375, norm2(E): 100000000.0
2024-12-17 20:36:06,733 - Step 395 norm(X - TN_G_ATR): 5967.72265625, norm2(E): 100000000.0
2024-12-17 20:36:07,020 - Step 396 norm(X - TN_G_ATR): 5967.15673828125, norm2(E): 100000000.0
2024-12-17 20:36:07,325 - Step 397 norm(X - TN_G_ATR): 5966.5908203125, norm2(E): 100000000.0
2024-12-17 20:36:07,632 - Step 398 norm(X - TN_G_ATR): 5966.025390625, norm2(E): 100000000.0
2024-12-17 20:36:07,940 - Step 399 norm(X - TN_G_ATR): 5965.4599609375, norm2(E): 100000000.0
2024-12-17 20:36:08,246 - Step 400 norm(X - TN_G_ATR): 5964.89453125, norm2(E): 100000000.0
2024-12-17 20:36:08,552 - Step 401 norm(X - TN_G_ATR): 5964.3291015625, norm2(E): 100000000.0
2024-12-17 20:36:08,856 - Step 402 norm(X - TN_G_ATR): 5963.763671875, norm2(E): 99999980.46875095
2024-12-17 20:36:09,164 - Step 403 norm(X - TN_G_ATR): 5963.19921875, norm2(E): 100000000.0
2024-12-17 20:36:09,471 - Step 404 norm(X - TN_G_ATR): 5962.63427734375, norm2(E): 100000000.0
2024-12-17 20:36:09,788 - Step 405 norm(X - TN_G_ATR): 5962.0693359375, norm2(E): 100000000.0
2024-12-17 20:36:10,057 - Step 406 norm(X - TN_G_ATR): 5961.5048828125, norm2(E): 100000000.0
2024-12-17 20:36:10,253 - Step 407 norm(X - TN_G_ATR): 5960.9404296875, norm2(E): 100000000.0
2024-12-17 20:36:10,498 - Step 408 norm(X - TN_G_ATR): 5960.3759765625, norm2(E): 100000000.0
2024-12-17 20:36:10,738 - Step 409 norm(X - TN_G_ATR): 5959.81201171875, norm2(E): 100000000.0
2024-12-17 20:36:10,949 - Step 410 norm(X - TN_G_ATR): 5959.24755859375, norm2(E): 100000000.0
2024-12-17 20:36:11,172 - Step 411 norm(X - TN_G_ATR): 5958.68359375, norm2(E): 100000000.0
2024-12-17 20:36:11,417 - Step 412 norm(X - TN_G_ATR): 5958.11962890625, norm2(E): 99999980.46875095
2024-12-17 20:36:11,654 - Step 413 norm(X - TN_G_ATR): 5957.5556640625, norm2(E): 100000000.0
2024-12-17 20:36:11,885 - Step 414 norm(X - TN_G_ATR): 5956.9921875, norm2(E): 100000019.53125095
2024-12-17 20:36:12,111 - Step 415 norm(X - TN_G_ATR): 5956.42919921875, norm2(E): 100000000.0
2024-12-17 20:36:12,332 - Step 416 norm(X - TN_G_ATR): 5955.865234375, norm2(E): 100000000.0
2024-12-17 20:36:12,628 - Step 417 norm(X - TN_G_ATR): 5955.30224609375, norm2(E): 100000000.0
2024-12-17 20:36:12,921 - Step 418 norm(X - TN_G_ATR): 5954.73876953125, norm2(E): 100000000.0
2024-12-17 20:36:13,214 - Step 419 norm(X - TN_G_ATR): 5954.17578125, norm2(E): 100000000.0
2024-12-17 20:36:13,492 - Step 420 norm(X - TN_G_ATR): 5953.61279296875, norm2(E): 99999980.46875095
2024-12-17 20:36:13,768 - Step 421 norm(X - TN_G_ATR): 5953.0498046875, norm2(E): 100000000.0
2024-12-17 20:36:14,044 - Step 422 norm(X - TN_G_ATR): 5952.4873046875, norm2(E): 100000019.53125095
2024-12-17 20:36:14,319 - Step 423 norm(X - TN_G_ATR): 5951.9248046875, norm2(E): 100000000.0
2024-12-17 20:36:14,488 - Step 424 norm(X - TN_G_ATR): 5951.3623046875, norm2(E): 100000019.53125095
2024-12-17 20:36:14,767 - Step 425 norm(X - TN_G_ATR): 5950.80029296875, norm2(E): 100000000.0
2024-12-17 20:36:15,051 - Step 426 norm(X - TN_G_ATR): 5950.23779296875, norm2(E): 100000000.0
2024-12-17 20:36:15,300 - Step 427 norm(X - TN_G_ATR): 5949.67578125, norm2(E): 100000000.0
2024-12-17 20:36:15,578 - Step 428 norm(X - TN_G_ATR): 5949.11376953125, norm2(E): 100000000.0
2024-12-17 20:36:15,847 - Step 429 norm(X - TN_G_ATR): 5948.5517578125, norm2(E): 99999980.46875095
2024-12-17 20:36:16,136 - Step 430 norm(X - TN_G_ATR): 5947.98974609375, norm2(E): 100000000.0
2024-12-17 20:36:16,426 - Step 431 norm(X - TN_G_ATR): 5947.42822265625, norm2(E): 100000000.0
2024-12-17 20:36:16,712 - Step 432 norm(X - TN_G_ATR): 5946.8671875, norm2(E): 100000000.0
2024-12-17 20:36:17,001 - Step 433 norm(X - TN_G_ATR): 5946.3056640625, norm2(E): 100000000.0
2024-12-17 20:36:17,287 - Step 434 norm(X - TN_G_ATR): 5945.74462890625, norm2(E): 100000000.0
2024-12-17 20:36:17,570 - Step 435 norm(X - TN_G_ATR): 5945.18359375, norm2(E): 100000000.0
2024-12-17 20:36:17,872 - Step 436 norm(X - TN_G_ATR): 5944.62255859375, norm2(E): 100000000.0
2024-12-17 20:36:18,167 - Step 437 norm(X - TN_G_ATR): 5944.06201171875, norm2(E): 100000000.0
2024-12-17 20:36:18,458 - Step 438 norm(X - TN_G_ATR): 5943.50146484375, norm2(E): 100000000.0
2024-12-17 20:36:18,749 - Step 439 norm(X - TN_G_ATR): 5942.94091796875, norm2(E): 100000000.0
2024-12-17 20:36:19,050 - Step 440 norm(X - TN_G_ATR): 5942.3798828125, norm2(E): 100000000.0
2024-12-17 20:36:19,344 - Step 441 norm(X - TN_G_ATR): 5941.81982421875, norm2(E): 100000019.53125095
2024-12-17 20:36:19,642 - Step 442 norm(X - TN_G_ATR): 5941.259765625, norm2(E): 100000000.0
2024-12-17 20:36:19,941 - Step 443 norm(X - TN_G_ATR): 5940.69970703125, norm2(E): 100000000.0
2024-12-17 20:36:20,241 - Step 444 norm(X - TN_G_ATR): 5940.13916015625, norm2(E): 100000000.0
2024-12-17 20:36:20,522 - Step 445 norm(X - TN_G_ATR): 5939.57958984375, norm2(E): 100000000.0
2024-12-17 20:36:20,777 - Step 446 norm(X - TN_G_ATR): 5939.02001953125, norm2(E): 100000000.0
2024-12-17 20:36:20,976 - Step 447 norm(X - TN_G_ATR): 5938.4609375, norm2(E): 100000000.0
2024-12-17 20:36:21,224 - Step 448 norm(X - TN_G_ATR): 5937.90087890625, norm2(E): 100000000.0
2024-12-17 20:36:21,469 - Step 449 norm(X - TN_G_ATR): 5937.34228515625, norm2(E): 100000000.0
2024-12-17 20:36:21,713 - Step 450 norm(X - TN_G_ATR): 5936.783203125, norm2(E): 100000000.0
2024-12-17 20:36:21,935 - Step 451 norm(X - TN_G_ATR): 5936.2236328125, norm2(E): 100000000.0
2024-12-17 20:36:22,184 - Step 452 norm(X - TN_G_ATR): 5935.6650390625, norm2(E): 100000000.0
2024-12-17 20:36:22,431 - Step 453 norm(X - TN_G_ATR): 5935.1064453125, norm2(E): 100000000.0
2024-12-17 20:36:22,642 - Step 454 norm(X - TN_G_ATR): 5934.5478515625, norm2(E): 100000000.0
2024-12-17 20:36:22,889 - Step 455 norm(X - TN_G_ATR): 5933.9892578125, norm2(E): 100000000.0
2024-12-17 20:36:23,180 - Step 456 norm(X - TN_G_ATR): 5933.4306640625, norm2(E): 100000000.0
2024-12-17 20:36:23,465 - Step 457 norm(X - TN_G_ATR): 5932.87255859375, norm2(E): 100000000.0
2024-12-17 20:36:23,753 - Step 458 norm(X - TN_G_ATR): 5932.314453125, norm2(E): 100000000.0
2024-12-17 20:36:24,042 - Step 459 norm(X - TN_G_ATR): 5931.75634765625, norm2(E): 100000019.53125095
2024-12-17 20:36:24,336 - Step 460 norm(X - TN_G_ATR): 5931.19873046875, norm2(E): 100000000.0
2024-12-17 20:36:24,634 - Step 461 norm(X - TN_G_ATR): 5930.64111328125, norm2(E): 100000000.0
2024-12-17 20:36:24,922 - Step 462 norm(X - TN_G_ATR): 5930.08349609375, norm2(E): 100000019.53125095
2024-12-17 20:36:25,212 - Step 463 norm(X - TN_G_ATR): 5929.52587890625, norm2(E): 100000000.0
2024-12-17 20:36:25,496 - Step 464 norm(X - TN_G_ATR): 5928.96875, norm2(E): 100000000.0
2024-12-17 20:36:25,778 - Step 465 norm(X - TN_G_ATR): 5928.41162109375, norm2(E): 100000000.0
2024-12-17 20:36:26,080 - Step 466 norm(X - TN_G_ATR): 5927.8544921875, norm2(E): 100000000.0
2024-12-17 20:36:26,374 - Step 467 norm(X - TN_G_ATR): 5927.29736328125, norm2(E): 100000000.0
2024-12-17 20:36:26,667 - Step 468 norm(X - TN_G_ATR): 5926.7412109375, norm2(E): 100000000.0
2024-12-17 20:36:26,956 - Step 469 norm(X - TN_G_ATR): 5926.18408203125, norm2(E): 100000000.0
2024-12-17 20:36:27,240 - Step 470 norm(X - TN_G_ATR): 5925.62744140625, norm2(E): 100000000.0
2024-12-17 20:36:27,534 - Step 471 norm(X - TN_G_ATR): 5925.0712890625, norm2(E): 100000000.0
2024-12-17 20:36:27,829 - Step 472 norm(X - TN_G_ATR): 5924.51513671875, norm2(E): 100000000.0
2024-12-17 20:36:28,115 - Step 473 norm(X - TN_G_ATR): 5923.958984375, norm2(E): 99999980.46875095
2024-12-17 20:36:28,406 - Step 474 norm(X - TN_G_ATR): 5923.40234375, norm2(E): 100000000.0
2024-12-17 20:36:28,684 - Step 475 norm(X - TN_G_ATR): 5922.84716796875, norm2(E): 100000000.0
2024-12-17 20:36:28,859 - Step 476 norm(X - TN_G_ATR): 5922.29150390625, norm2(E): 100000000.0
2024-12-17 20:36:29,139 - Step 477 norm(X - TN_G_ATR): 5921.7353515625, norm2(E): 100000000.0
2024-12-17 20:36:29,437 - Step 478 norm(X - TN_G_ATR): 5921.18017578125, norm2(E): 100000000.0
2024-12-17 20:36:29,581 - Step 479 norm(X - TN_G_ATR): 5920.62548828125, norm2(E): 100000000.0
2024-12-17 20:36:29,861 - Step 480 norm(X - TN_G_ATR): 5920.06982421875, norm2(E): 100000000.0
2024-12-17 20:36:30,155 - Step 481 norm(X - TN_G_ATR): 5919.5146484375, norm2(E): 100000000.0
2024-12-17 20:36:30,443 - Step 482 norm(X - TN_G_ATR): 5918.9599609375, norm2(E): 100000000.0
2024-12-17 20:36:30,741 - Step 483 norm(X - TN_G_ATR): 5918.4052734375, norm2(E): 100000000.0
2024-12-17 20:36:30,989 - Step 484 norm(X - TN_G_ATR): 5917.85107421875, norm2(E): 100000000.0
2024-12-17 20:36:31,196 - Step 485 norm(X - TN_G_ATR): 5917.2958984375, norm2(E): 100000000.0
2024-12-17 20:36:31,454 - Step 486 norm(X - TN_G_ATR): 5916.7421875, norm2(E): 100000000.0
2024-12-17 20:36:31,705 - Step 487 norm(X - TN_G_ATR): 5916.1875, norm2(E): 100000000.0
2024-12-17 20:36:31,902 - Step 488 norm(X - TN_G_ATR): 5915.63330078125, norm2(E): 100000000.0
2024-12-17 20:36:32,135 - Step 489 norm(X - TN_G_ATR): 5915.080078125, norm2(E): 100000019.53125095
2024-12-17 20:36:32,379 - Step 490 norm(X - TN_G_ATR): 5914.5263671875, norm2(E): 100000000.0
2024-12-17 20:36:32,619 - Step 491 norm(X - TN_G_ATR): 5913.97265625, norm2(E): 100000000.0
2024-12-17 20:36:32,790 - Step 492 norm(X - TN_G_ATR): 5913.41845703125, norm2(E): 100000019.53125095
2024-12-17 20:36:33,039 - Step 493 norm(X - TN_G_ATR): 5912.86572265625, norm2(E): 100000000.0
2024-12-17 20:36:33,271 - Step 494 norm(X - TN_G_ATR): 5912.31201171875, norm2(E): 100000000.0
2024-12-17 20:36:33,445 - Step 495 norm(X - TN_G_ATR): 5911.75927734375, norm2(E): 100000000.0
2024-12-17 20:36:33,671 - Step 496 norm(X - TN_G_ATR): 5911.20654296875, norm2(E): 100000000.0
2024-12-17 20:36:33,916 - Step 497 norm(X - TN_G_ATR): 5910.6533203125, norm2(E): 99999980.46875095
2024-12-17 20:36:34,212 - Step 498 norm(X - TN_G_ATR): 5910.1005859375, norm2(E): 100000000.0
2024-12-17 20:36:34,486 - Step 499 norm(X - TN_G_ATR): 5909.54833984375, norm2(E): 100000000.0
2024-12-17 20:36:34,489 - Norm2 (Comparison Algorithm): 5909.54833984375
2024-12-17 20:36:34,693 - Norm2 (Our Algorithm): 7263.37939453125
2024-12-17 20:36:34,693 - Norm2 (Original TR Algorithm): 4017.94482421875
