2024-12-25 16:13:39,391 - Norm2 (epsilon): 10000
2024-12-25 16:13:39,391 - Optimization parameters:
2024-12-25 16:13:39,391 - epsilon (Frobenius norm constraint): 10000
2024-12-25 16:13:39,391 - inner_tol (Tolerance for inner optimization): 1e-10
2024-12-25 16:13:39,391 - lr (Learning rate): 0.01
2024-12-25 16:13:39,391 - outer_num_steps (Number of outer optimization steps): 50
2024-12-25 16:13:39,391 - inner_num_steps (Number of inner optimization steps): 200
2024-12-25 16:13:39,391 - outer_dis_num (Display loss every outer_dis_num steps): 1
2024-12-25 16:13:39,391 - inner_dis_num (Display loss every inner_dis_num steps): 2000
2024-12-25 16:13:42,176 - Comparison Step 0, Loss_X_TNG: 27.391756057739258, normE: 22.495994567871094, Loss: -750.3038940429688
2024-12-25 16:13:42,756 - Comparison Step 1, Loss_X_TNG: 27.233722686767578, normE: 22.495994567871094, Loss: -741.6731567382812
2024-12-25 16:13:43,320 - Comparison Step 2, Loss_X_TNG: 27.17906379699707, normE: 22.495994567871094, Loss: -738.6997680664062
2024-12-25 16:13:43,879 - Comparison Step 3, Loss_X_TNG: 27.148693084716797, normE: 22.495994567871094, Loss: -737.0498657226562
2024-12-25 16:13:44,437 - Comparison Step 4, Loss_X_TNG: 27.12929916381836, normE: 22.495994567871094, Loss: -735.9990844726562
2024-12-25 16:13:44,988 - Comparison Step 5, Loss_X_TNG: 27.115631103515625, normE: 22.495994567871094, Loss: -735.2431640625
2024-12-25 16:13:45,543 - Comparison Step 6, Loss_X_TNG: 27.104656219482422, normE: 22.495994567871094, Loss: -734.649658203125
2024-12-25 16:13:45,595 - Comparison Step 7, Loss_X_TNG: 27.104093551635742, normE: 22.495994567871094, Loss: -734.6044921875
2024-12-25 16:13:45,873 - Comparison Step 8, Loss_X_TNG: 27.099512100219727, normE: 22.495994567871094, Loss: -734.3878784179688
2024-12-25 16:13:45,961 - Comparison Step 9, Loss_X_TNG: 27.098814010620117, normE: 22.495994567871094, Loss: -734.3267822265625
2024-12-25 16:13:46,079 - Comparison Step 10, Loss_X_TNG: 27.09749984741211, normE: 22.495994567871094, Loss: -734.2504272460938
2024-12-25 16:13:46,252 - Comparison Step 11, Loss_X_TNG: 27.094881057739258, normE: 22.495994567871094, Loss: -734.1527099609375
2024-12-25 16:13:46,286 - Comparison Step 12, Loss_X_TNG: 27.095287322998047, normE: 22.495994567871094, Loss: -734.1315307617188
2024-12-25 16:13:46,304 - Comparison Step 13, Loss_X_TNG: 27.094575881958008, normE: 22.495994567871094, Loss: -734.1264038085938
2024-12-25 16:13:46,336 - Comparison Step 14, Loss_X_TNG: 27.094703674316406, normE: 22.495994567871094, Loss: -734.111083984375
2024-12-25 16:13:46,563 - Comparison Step 15, Loss_X_TNG: 27.092554092407227, normE: 22.495994567871094, Loss: -734.0120849609375
2024-12-25 16:13:46,601 - Comparison Step 16, Loss_X_TNG: 27.092571258544922, normE: 22.495994567871094, Loss: -733.9893188476562
2024-12-25 16:13:46,616 - Comparison Step 17, Loss_X_TNG: 27.0922794342041, normE: 22.495994567871094, Loss: -733.985595703125
2024-12-25 16:13:46,721 - Comparison Step 18, Loss_X_TNG: 27.09171485900879, normE: 22.495994567871094, Loss: -733.9493408203125
2024-12-25 16:13:46,745 - Comparison Step 19, Loss_X_TNG: 27.09189796447754, normE: 22.495994567871094, Loss: -733.9421997070312
2024-12-25 16:13:46,962 - Comparison Step 20, Loss_X_TNG: 27.08998680114746, normE: 22.495994567871094, Loss: -733.8720092773438
2024-12-25 16:13:47,155 - Comparison Step 21, Loss_X_TNG: 27.08924674987793, normE: 22.495994567871094, Loss: -733.8191528320312
2024-12-25 16:13:47,194 - Comparison Step 22, Loss_X_TNG: 27.08915138244629, normE: 22.495994567871094, Loss: -733.8143920898438
2024-12-25 16:13:47,385 - Comparison Step 23, Loss_X_TNG: 27.088687896728516, normE: 22.495994567871094, Loss: -733.7676391601562
2024-12-25 16:13:47,435 - Comparison Step 24, Loss_X_TNG: 27.087858200073242, normE: 22.495994567871094, Loss: -733.7565307617188
2024-12-25 16:13:47,495 - Comparison Step 25, Loss_X_TNG: 27.088098526000977, normE: 22.495994567871094, Loss: -733.743408203125
2024-12-25 16:13:47,545 - Comparison Step 26, Loss_X_TNG: 27.087677001953125, normE: 22.495994567871094, Loss: -733.7286987304688
2024-12-25 16:13:47,591 - Comparison Step 27, Loss_X_TNG: 27.08826446533203, normE: 22.495994567871094, Loss: -733.7261352539062
2024-12-25 16:13:47,647 - Comparison Step 28, Loss_X_TNG: 27.086837768554688, normE: 22.495994567871094, Loss: -733.7139282226562
2024-12-25 16:13:47,680 - Comparison Step 29, Loss_X_TNG: 27.086965560913086, normE: 22.495994567871094, Loss: -733.7080688476562
2024-12-25 16:13:47,802 - Comparison Step 30, Loss_X_TNG: 27.086523056030273, normE: 22.495994567871094, Loss: -733.6878051757812
2024-12-25 16:13:47,831 - Comparison Step 31, Loss_X_TNG: 27.086959838867188, normE: 22.495994567871094, Loss: -733.6809692382812
2024-12-25 16:13:47,878 - Comparison Step 32, Loss_X_TNG: 27.086130142211914, normE: 22.495994567871094, Loss: -733.6709594726562
2024-12-25 16:13:47,931 - Comparison Step 33, Loss_X_TNG: 27.086458206176758, normE: 22.495994567871094, Loss: -733.65771484375
2024-12-25 16:13:48,157 - Comparison Step 34, Loss_X_TNG: 27.085735321044922, normE: 22.495994567871094, Loss: -733.609375
2024-12-25 16:13:48,223 - Comparison Step 35, Loss_X_TNG: 27.085386276245117, normE: 22.495994567871094, Loss: -733.5946044921875
2024-12-25 16:13:48,362 - Comparison Step 36, Loss_X_TNG: 27.084869384765625, normE: 22.495994567871094, Loss: -733.5728149414062
2024-12-25 16:13:48,525 - Comparison Step 37, Loss_X_TNG: 27.08441925048828, normE: 22.495994567871094, Loss: -733.5396118164062
2024-12-25 16:13:48,577 - Comparison Step 38, Loss_X_TNG: 27.083736419677734, normE: 22.495994567871094, Loss: -733.5103149414062
2024-12-25 16:13:48,826 - Comparison Step 39, Loss_X_TNG: 27.082988739013672, normE: 22.495994567871094, Loss: -733.4584350585938
2024-12-25 16:13:48,841 - Comparison Step 40, Loss_X_TNG: 27.083105087280273, normE: 22.495994567871094, Loss: -733.45654296875
2024-12-25 16:13:48,973 - Comparison Step 41, Loss_X_TNG: 27.08254051208496, normE: 22.495994567871094, Loss: -733.432373046875
2024-12-25 16:13:49,001 - Comparison Step 42, Loss_X_TNG: 27.082618713378906, normE: 22.495994567871094, Loss: -733.42919921875
2024-12-25 16:13:49,022 - Comparison Step 43, Loss_X_TNG: 27.08213233947754, normE: 22.495994567871094, Loss: -733.428955078125
2024-12-25 16:13:49,082 - Comparison Step 44, Loss_X_TNG: 27.08181381225586, normE: 22.495994567871094, Loss: -733.4197998046875
2024-12-25 16:13:49,234 - Comparison Step 45, Loss_X_TNG: 27.081497192382812, normE: 22.495994567871094, Loss: -733.3795776367188
2024-12-25 16:13:49,271 - Comparison Step 46, Loss_X_TNG: 27.08139419555664, normE: 22.495994567871094, Loss: -733.3785400390625
2024-12-25 16:13:49,382 - Comparison Step 47, Loss_X_TNG: 27.08041763305664, normE: 22.495994567871094, Loss: -733.3455200195312
2024-12-25 16:13:49,482 - Comparison Step 48, Loss_X_TNG: 27.08005142211914, normE: 22.495994567871094, Loss: -733.3321533203125
2024-12-25 16:13:49,529 - Comparison Step 49, Loss_X_TNG: 27.080354690551758, normE: 22.495994567871094, Loss: -733.3271484375
2024-12-25 16:13:49,838 - Comparison Step 0, Loss_X_TNG: 27.07419204711914, normE: 25.342491149902344
2024-12-25 16:13:50,390 - Comparison Step 1, Loss_X_TNG: 27.115610122680664, normE: 28.498756408691406
2024-12-25 16:13:50,952 - Comparison Step 2, Loss_X_TNG: 27.42950439453125, normE: 31.873144149780273
2024-12-25 16:13:51,510 - Comparison Step 3, Loss_X_TNG: 27.849130630493164, normE: 35.4041633605957
2024-12-25 16:13:52,065 - Comparison Step 4, Loss_X_TNG: 28.506093978881836, normE: 39.05341339111328
2024-12-25 16:13:52,621 - Comparison Step 5, Loss_X_TNG: 29.230974197387695, normE: 42.800567626953125
2024-12-25 16:13:53,192 - Comparison Step 6, Loss_X_TNG: 30.268787384033203, normE: 46.6203727722168
2024-12-25 16:13:53,751 - Comparison Step 7, Loss_X_TNG: 31.23025894165039, normE: 50.503658294677734
2024-12-25 16:13:54,310 - Comparison Step 8, Loss_X_TNG: 31.984020233154297, normE: 54.449851989746094
2024-12-25 16:13:54,860 - Comparison Step 9, Loss_X_TNG: 32.94068908691406, normE: 58.45267105102539
2024-12-25 16:13:55,418 - Comparison Step 10, Loss_X_TNG: 34.06003952026367, normE: 62.505592346191406
2024-12-25 16:13:55,983 - Comparison Step 11, Loss_X_TNG: 35.064292907714844, normE: 66.60942840576172
2024-12-25 16:13:56,540 - Comparison Step 12, Loss_X_TNG: 36.33656692504883, normE: 70.76219940185547
2024-12-25 16:13:57,098 - Comparison Step 13, Loss_X_TNG: 37.512779235839844, normE: 74.96394348144531
2024-12-25 16:13:57,664 - Comparison Step 14, Loss_X_TNG: 38.85600662231445, normE: 79.21343231201172
2024-12-25 16:13:58,230 - Comparison Step 15, Loss_X_TNG: 40.10569381713867, normE: 83.5109634399414
2024-12-25 16:13:58,796 - Comparison Step 16, Loss_X_TNG: 41.20088577270508, normE: 87.85848236083984
2024-12-25 16:13:58,983 - Comparison Step 17, Loss_X_TNG: 42.278038024902344, normE: 92.25720977783203
2024-12-25 16:13:59,540 - Comparison Step 18, Loss_X_TNG: 43.3541259765625, normE: 96.70642852783203
2024-12-25 16:14:00,094 - Comparison Step 19, Loss_X_TNG: 44.70539855957031, normE: 98.80982208251953
2024-12-25 16:14:00,649 - Comparison Step 20, Loss_X_TNG: 45.2488899230957, normE: 96.75587463378906
2024-12-25 16:14:01,215 - Comparison Step 21, Loss_X_TNG: 44.211544036865234, normE: 98.6819076538086
2024-12-25 16:14:01,775 - Comparison Step 22, Loss_X_TNG: 44.33148956298828, normE: 96.80731201171875
2024-12-25 16:14:02,342 - Comparison Step 23, Loss_X_TNG: 43.27305221557617, normE: 98.568359375
2024-12-25 16:14:02,910 - Comparison Step 24, Loss_X_TNG: 43.624237060546875, normE: 96.85946655273438
2024-12-25 16:14:03,482 - Comparison Step 25, Loss_X_TNG: 42.629817962646484, normE: 98.46849060058594
2024-12-25 16:14:04,082 - Comparison Step 26, Loss_X_TNG: 42.71242904663086, normE: 96.9115219116211
2024-12-25 16:14:04,658 - Comparison Step 27, Loss_X_TNG: 41.57386016845703, normE: 98.37853240966797
2024-12-25 16:14:05,236 - Comparison Step 28, Loss_X_TNG: 41.633460998535156, normE: 96.96082305908203
2024-12-25 16:14:05,822 - Comparison Step 29, Loss_X_TNG: 40.620506286621094, normE: 98.29878997802734
2024-12-25 16:14:06,398 - Comparison Step 30, Loss_X_TNG: 41.01467514038086, normE: 97.00733184814453
2024-12-25 16:14:06,968 - Comparison Step 31, Loss_X_TNG: 40.65960693359375, normE: 98.22823333740234
2024-12-25 16:14:07,529 - Comparison Step 32, Loss_X_TNG: 40.55073928833008, normE: 97.05411529541016
2024-12-25 16:14:08,102 - Comparison Step 33, Loss_X_TNG: 40.112335205078125, normE: 98.16709899902344
2024-12-25 16:14:08,666 - Comparison Step 34, Loss_X_TNG: 40.785667419433594, normE: 97.10002899169922
2024-12-25 16:14:09,229 - Comparison Step 35, Loss_X_TNG: 40.52901077270508, normE: 98.115478515625
2024-12-25 16:14:09,793 - Comparison Step 36, Loss_X_TNG: 40.92644119262695, normE: 97.14544677734375
2024-12-25 16:14:10,351 - Comparison Step 37, Loss_X_TNG: 40.712886810302734, normE: 98.07109069824219
2024-12-25 16:14:10,916 - Comparison Step 38, Loss_X_TNG: 41.12843704223633, normE: 97.18885803222656
2024-12-25 16:14:11,479 - Comparison Step 39, Loss_X_TNG: 40.76678466796875, normE: 98.03253173828125
2024-12-25 16:14:12,039 - Comparison Step 40, Loss_X_TNG: 41.22202682495117, normE: 97.2305908203125
2024-12-25 16:14:12,607 - Comparison Step 41, Loss_X_TNG: 40.98603057861328, normE: 97.99810791015625
2024-12-25 16:14:13,172 - Comparison Step 42, Loss_X_TNG: 40.86410140991211, normE: 97.26766967773438
2024-12-25 16:14:13,734 - Comparison Step 43, Loss_X_TNG: 40.236881256103516, normE: 97.9669189453125
2024-12-25 16:14:14,295 - Comparison Step 44, Loss_X_TNG: 40.3915901184082, normE: 97.30228424072266
2024-12-25 16:14:14,856 - Comparison Step 45, Loss_X_TNG: 40.21187973022461, normE: 97.939453125
2024-12-25 16:14:15,412 - Comparison Step 46, Loss_X_TNG: 40.516658782958984, normE: 97.3344955444336
2024-12-25 16:14:15,964 - Comparison Step 47, Loss_X_TNG: 40.554969787597656, normE: 97.91603088378906
2024-12-25 16:14:16,518 - Comparison Step 48, Loss_X_TNG: 40.669071197509766, normE: 97.36563110351562
2024-12-25 16:14:17,076 - Comparison Step 49, Loss_X_TNG: 40.50008773803711, normE: 97.89594268798828
2024-12-25 16:14:17,077 - Norm2 (Comparison Algorithm): 40.50008773803711
2024-12-25 16:14:17,623 - Norm2 (Original TR Algorithm): 26.89346694946289
2024-12-25 16:14:17,623 - Norm2 (Our Algorithm): 27.080354690551758
2024-12-25 16:14:17,722 - Clipping input data to the valid range for imshow with RGB data ([0..1] for floats or [0..255] for integers). Got range [-0.14392492..1.1481004].
2024-12-25 16:14:17,726 - Clipping input data to the valid range for imshow with RGB data ([0..1] for floats or [0..255] for integers). Got range [-0.2630892..0.2544273].
2024-12-25 16:14:17,728 - Clipping input data to the valid range for imshow with RGB data ([0..1] for floats or [0..255] for integers). Got range [-0.16173442..1.1716293].
2024-12-25 16:14:17,730 - Clipping input data to the valid range for imshow with RGB data ([0..1] for floats or [0..255] for integers). Got range [-0.12876016..1.1668948].
2024-12-25 16:14:17,733 - Clipping input data to the valid range for imshow with RGB data ([0..1] for floats or [0..255] for integers). Got range [-0.2671282..0.26404953].
2024-12-25 16:14:17,735 - Clipping input data to the valid range for imshow with RGB data ([0..1] for floats or [0..255] for integers). Got range [-0.24609591..1.2489874].
2024-12-25 16:14:17,737 - Clipping input data to the valid range for imshow with RGB data ([0..1] for floats or [0..255] for integers). Got range [-0.30570742..1.2224661].
