2024-12-17 19:33:00,293 - Norm2 (epsilon): 100.0
2024-12-17 19:33:02,507 - Step 0 norm(X - TN_G_Ours): 10455.082974324021
2024-12-17 19:33:02,555 - Step 1 norm(X - TN_G_Ours): 10455.487363102688
2024-12-17 19:33:02,597 - Step 2 norm(X - TN_G_Ours): 10455.891736241343
2024-12-17 19:33:02,638 - Step 3 norm(X - TN_G_Ours): 10456.294946107822
2024-12-17 19:33:02,686 - Step 4 norm(X - TN_G_Ours): 10456.696227776725
2024-12-17 19:33:02,723 - Step 5 norm(X - TN_G_Ours): 10457.095581470028
2024-12-17 19:33:02,761 - Step 6 norm(X - TN_G_Ours): 10457.492242406877
2024-12-17 19:33:02,801 - Step 7 norm(X - TN_G_Ours): 10457.885828407192
2024-12-17 19:33:02,844 - Step 8 norm(X - TN_G_Ours): 10458.276339818145
2024-12-17 19:33:02,893 - Step 9 norm(X - TN_G_Ours): 10458.661099777542
2024-12-17 19:33:02,935 - Step 0 norm(X - TN_G_ATR): 10455.01953125
2024-12-17 19:33:02,974 - Step 1 norm(X - TN_G_ATR): 10454.85546875
2024-12-17 19:33:03,017 - Step 2 norm(X - TN_G_ATR): 10454.6923828125
2024-12-17 19:33:03,050 - Step 3 norm(X - TN_G_ATR): 10454.5283203125
2024-12-17 19:33:03,085 - Step 4 norm(X - TN_G_ATR): 10454.365234375
2024-12-17 19:33:03,122 - Step 5 norm(X - TN_G_ATR): 10454.2021484375
2024-12-17 19:33:03,157 - Step 6 norm(X - TN_G_ATR): 10454.041015625
2024-12-17 19:33:03,192 - Step 7 norm(X - TN_G_ATR): 10453.880859375
2024-12-17 19:33:03,229 - Step 8 norm(X - TN_G_ATR): 10453.7216796875
2024-12-17 19:33:03,269 - Step 9 norm(X - TN_G_ATR): 10453.5634765625
2024-12-17 19:33:03,271 - Norm2 (Comparison Algorithm): 10453.5634765625
2024-12-17 19:33:03,300 - Norm2 (Our Algorithm): 10458.6611328125
2024-12-17 19:33:03,300 - Norm2 (Original TR Algorithm): 10454.974609375
