2024-12-17 21:38:18,943 - Optimization parameters:
2024-12-17 21:38:18,943 - epsilon (Frobenius norm constraint): 1
2024-12-17 21:38:18,943 - inner_tol (Tolerance for inner optimization): 1e-10
2024-12-17 21:38:18,943 - lr (Learning rate): 0.01
2024-12-17 21:38:18,943 - outer_num_steps (Number of outer optimization steps): 100
2024-12-17 21:38:18,943 - inner_num_steps (Number of inner optimization steps): 100
2024-12-17 21:38:18,943 - outer_dis_num (Display loss every outer_dis_num steps): 10
2024-12-17 21:38:18,944 - inner_dis_num (Display loss every inner_dis_num steps): 2000
2024-12-17 21:38:21,299 - Step 0 norm(X - TN_G_Ours): 48.90503692584998, norm2(E): 1.0
2024-12-17 21:38:21,691 - Step 1 norm(X - TN_G_Ours): 49.41393095338221, norm2(E): 0.999999880790714
2024-12-17 21:38:22,101 - Step 2 norm(X - TN_G_Ours): 49.48013677777048, norm2(E): 0.999999880790714
2024-12-17 21:38:22,508 - Step 3 norm(X - TN_G_Ours): 49.49308466530956, norm2(E): 0.999999880790714
2024-12-17 21:38:22,905 - Step 4 norm(X - TN_G_Ours): 49.49709735413153, norm2(E): 1.0
2024-12-17 21:38:23,301 - Step 5 norm(X - TN_G_Ours): 49.49892724926597, norm2(E): 0.999999880790714
2024-12-17 21:38:23,716 - Step 6 norm(X - TN_G_Ours): 49.499985203596275, norm2(E): 1.0
2024-12-17 21:38:24,124 - Step 7 norm(X - TN_G_Ours): 49.50062884307001, norm2(E): 1.0
2024-12-17 21:38:24,489 - Step 8 norm(X - TN_G_Ours): 49.5011565718734, norm2(E): 1.0
2024-12-17 21:38:24,893 - Step 9 norm(X - TN_G_Ours): 49.501556063768085, norm2(E): 0.999999880790714
2024-12-17 21:38:25,289 - Step 10 norm(X - TN_G_Ours): 49.501938290649285, norm2(E): 0.999999880790714
2024-12-17 21:38:25,704 - Step 11 norm(X - TN_G_Ours): 49.50224407002929, norm2(E): 1.0
2024-12-17 21:38:26,099 - Step 12 norm(X - TN_G_Ours): 49.50255724533961, norm2(E): 0.999999880790714
2024-12-17 21:38:26,503 - Step 13 norm(X - TN_G_Ours): 49.502845759423266, norm2(E): 0.999999880790714
2024-12-17 21:38:26,905 - Step 14 norm(X - TN_G_Ours): 49.503084953585216, norm2(E): 1.0
2024-12-17 21:38:27,318 - Step 15 norm(X - TN_G_Ours): 49.50336853279532, norm2(E): 0.999999880790714
2024-12-17 21:38:27,685 - Step 16 norm(X - TN_G_Ours): 49.503644712725446, norm2(E): 1.0
2024-12-17 21:38:28,075 - Step 17 norm(X - TN_G_Ours): 49.50383705140946, norm2(E): 1.0
2024-12-17 21:38:28,477 - Step 18 norm(X - TN_G_Ours): 49.50419706796334, norm2(E): 1.0
2024-12-17 21:38:28,878 - Step 19 norm(X - TN_G_Ours): 49.504436255596076, norm2(E): 1.0
2024-12-17 21:38:29,287 - Step 20 norm(X - TN_G_Ours): 49.50456201357861, norm2(E): 0.999999880790714
2024-12-17 21:38:29,698 - Step 21 norm(X - TN_G_Ours): 49.504739553715964, norm2(E): 1.0
2024-12-17 21:38:30,103 - Step 22 norm(X - TN_G_Ours): 49.50493681978849, norm2(E): 1.0
2024-12-17 21:38:30,514 - Step 23 norm(X - TN_G_Ours): 49.50511189276947, norm2(E): 1.0
2024-12-17 21:38:30,811 - Step 24 norm(X - TN_G_Ours): 49.50530422575317, norm2(E): 0.999999880790714
2024-12-17 21:38:31,181 - Step 25 norm(X - TN_G_Ours): 49.5054127209528, norm2(E): 1.0
2024-12-17 21:38:31,463 - Step 26 norm(X - TN_G_Ours): 49.505516284330625, norm2(E): 0.999999880790714
2024-12-17 21:38:31,821 - Step 27 norm(X - TN_G_Ours): 49.50568642369531, norm2(E): 1.0
2024-12-17 21:38:32,113 - Step 28 norm(X - TN_G_Ours): 49.50580724694705, norm2(E): 0.999999880790714
2024-12-17 21:38:32,466 - Step 29 norm(X - TN_G_Ours): 49.505947796072945, norm2(E): 1.0
2024-12-17 21:38:32,800 - Step 30 norm(X - TN_G_Ours): 49.50604149526853, norm2(E): 1.0
2024-12-17 21:38:33,160 - Step 31 norm(X - TN_G_Ours): 49.506154920373284, norm2(E): 1.0
2024-12-17 21:38:33,502 - Step 32 norm(X - TN_G_Ours): 49.50624615342114, norm2(E): 1.0
2024-12-17 21:38:33,913 - Step 33 norm(X - TN_G_Ours): 49.50634724930481, norm2(E): 0.999999880790714
2024-12-17 21:38:34,318 - Step 34 norm(X - TN_G_Ours): 49.50633245479814, norm2(E): 1.0
2024-12-17 21:38:34,712 - Step 35 norm(X - TN_G_Ours): 49.50651738581371, norm2(E): 1.0
2024-12-17 21:38:35,108 - Step 36 norm(X - TN_G_Ours): 49.506502591357886, norm2(E): 0.999999880790714
2024-12-17 21:38:35,384 - Step 37 norm(X - TN_G_Ours): 49.50658642654909, norm2(E): 1.0
2024-12-17 21:38:35,785 - Step 38 norm(X - TN_G_Ours): 49.50662094688068, norm2(E): 0.999999880790714
2024-12-17 21:38:36,180 - Step 39 norm(X - TN_G_Ours): 49.50672697346291, norm2(E): 1.0
2024-12-17 21:38:36,589 - Step 40 norm(X - TN_G_Ours): 49.50669738467211, norm2(E): 1.0
2024-12-17 21:38:36,990 - Step 41 norm(X - TN_G_Ours): 49.506791082448984, norm2(E): 1.0
2024-12-17 21:38:37,390 - Step 42 norm(X - TN_G_Ours): 49.50678368526252, norm2(E): 1.0
2024-12-17 21:38:37,779 - Step 43 norm(X - TN_G_Ours): 49.506810808274146, norm2(E): 1.0
2024-12-17 21:38:38,191 - Step 44 norm(X - TN_G_Ours): 49.50684286272328, norm2(E): 0.999999880790714
2024-12-17 21:38:38,598 - Step 45 norm(X - TN_G_Ours): 49.50691436872732, norm2(E): 1.0
2024-12-17 21:38:38,935 - Step 46 norm(X - TN_G_Ours): 49.5068502599009, norm2(E): 1.0
2024-12-17 21:38:39,335 - Step 47 norm(X - TN_G_Ours): 49.50693162878179, norm2(E): 1.0
2024-12-17 21:38:39,732 - Step 48 norm(X - TN_G_Ours): 49.506941491667355, norm2(E): 1.0
2024-12-17 21:38:40,142 - Step 49 norm(X - TN_G_Ours): 49.50689217721988, norm2(E): 1.0
2024-12-17 21:38:40,544 - Step 50 norm(X - TN_G_Ours): 49.506877382876056, norm2(E): 1.0
2024-12-17 21:38:40,940 - Step 51 norm(X - TN_G_Ours): 49.50680094536255, norm2(E): 0.999999880790714
2024-12-17 21:38:41,340 - Step 52 norm(X - TN_G_Ours): 49.506832999818066, norm2(E): 1.0
2024-12-17 21:38:41,755 - Step 53 norm(X - TN_G_Ours): 49.50671464480222, norm2(E): 0.999999880790714
2024-12-17 21:38:42,167 - Step 54 norm(X - TN_G_Ours): 49.50667765880175, norm2(E): 0.999999880790714
2024-12-17 21:38:42,461 - Step 55 norm(X - TN_G_Ours): 49.506722041999005, norm2(E): 1.0
2024-12-17 21:38:42,856 - Step 56 norm(X - TN_G_Ours): 49.50660861819359, norm2(E): 1.0
2024-12-17 21:38:43,175 - Step 57 norm(X - TN_G_Ours): 49.50654450897124, norm2(E): 1.0
2024-12-17 21:38:43,586 - Step 58 norm(X - TN_G_Ours): 49.50647793392169, norm2(E): 1.0
2024-12-17 21:38:44,001 - Step 59 norm(X - TN_G_Ours): 49.50648039966586, norm2(E): 1.0
2024-12-17 21:38:44,350 - Step 60 norm(X - TN_G_Ours): 49.50636944105652, norm2(E): 0.999999880790714
2024-12-17 21:38:44,541 - Step 61 norm(X - TN_G_Ours): 49.50626834521817, norm2(E): 0.999999880790714
2024-12-17 21:38:44,893 - Step 62 norm(X - TN_G_Ours): 49.50621163282821, norm2(E): 1.0
2024-12-17 21:38:45,263 - Step 63 norm(X - TN_G_Ours): 49.50612039971674, norm2(E): 1.0
2024-12-17 21:38:45,582 - Step 64 norm(X - TN_G_Ours): 49.50611300243006, norm2(E): 0.999999880790714
2024-12-17 21:38:45,936 - Step 65 norm(X - TN_G_Ours): 49.505965056464404, norm2(E): 1.0
2024-12-17 21:38:46,298 - Step 66 norm(X - TN_G_Ours): 49.50587135712415, norm2(E): 1.0
2024-12-17 21:38:46,656 - Step 67 norm(X - TN_G_Ours): 49.50577519182737, norm2(E): 1.0
2024-12-17 21:38:47,008 - Step 68 norm(X - TN_G_Ours): 49.50560998434294, norm2(E): 0.999999880790714
2024-12-17 21:38:47,361 - Step 69 norm(X - TN_G_Ours): 49.50552861328975, norm2(E): 0.999999880790714
2024-12-17 21:38:47,711 - Step 70 norm(X - TN_G_Ours): 49.505402857762654, norm2(E): 1.0
2024-12-17 21:38:48,103 - Step 71 norm(X - TN_G_Ours): 49.50539052877222, norm2(E): 0.999999880790714
2024-12-17 21:38:48,496 - Step 72 norm(X - TN_G_Ours): 49.505188332890924, norm2(E): 0.999999880790714
2024-12-17 21:38:48,811 - Step 73 norm(X - TN_G_Ours): 49.505060110684646, norm2(E): 1.0
2024-12-17 21:38:49,206 - Step 74 norm(X - TN_G_Ours): 49.50501326018028, norm2(E): 1.0
2024-12-17 21:38:49,598 - Step 75 norm(X - TN_G_Ours): 49.50488503752054, norm2(E): 1.0
2024-12-17 21:38:50,014 - Step 76 norm(X - TN_G_Ours): 49.504823391892835, norm2(E): 1.0
2024-12-17 21:38:50,412 - Step 77 norm(X - TN_G_Ours): 49.504660647066856, norm2(E): 0.999999880790714
2024-12-17 21:38:50,813 - Step 78 norm(X - TN_G_Ours): 49.50460886451003, norm2(E): 1.0
2024-12-17 21:38:51,198 - Step 79 norm(X - TN_G_Ours): 49.50441159713066, norm2(E): 1.0
2024-12-17 21:38:51,614 - Step 80 norm(X - TN_G_Ours): 49.50428583876602, norm2(E): 0.999999880790714
2024-12-17 21:38:52,020 - Step 81 norm(X - TN_G_Ours): 49.504308031441816, norm2(E): 1.0
2024-12-17 21:38:52,421 - Step 82 norm(X - TN_G_Ours): 49.50420446553631, norm2(E): 1.0
2024-12-17 21:38:52,809 - Step 83 norm(X - TN_G_Ours): 49.504093501825686, norm2(E): 0.999999880790714
2024-12-17 21:38:53,105 - Step 84 norm(X - TN_G_Ours): 49.504004730678105, norm2(E): 0.999999880790714
2024-12-17 21:38:53,507 - Step 85 norm(X - TN_G_Ours): 49.503861710161054, norm2(E): 1.0
2024-12-17 21:38:53,921 - Step 86 norm(X - TN_G_Ours): 49.5038493807868, norm2(E): 1.0
2024-12-17 21:38:54,325 - Step 87 norm(X - TN_G_Ours): 49.50374334804137, norm2(E): 1.0
2024-12-17 21:38:54,726 - Step 88 norm(X - TN_G_Ours): 49.50369649629081, norm2(E): 0.999999880790714
2024-12-17 21:38:55,125 - Step 89 norm(X - TN_G_Ours): 49.50356333844186, norm2(E): 1.0
2024-12-17 21:38:55,542 - Step 90 norm(X - TN_G_Ours): 49.503546077212995, norm2(E): 1.0
2024-12-17 21:38:55,939 - Step 91 norm(X - TN_G_Ours): 49.50351648652094, norm2(E): 1.0
2024-12-17 21:38:56,345 - Step 92 norm(X - TN_G_Ours): 49.50340305537085, norm2(E): 1.0
2024-12-17 21:38:56,751 - Step 93 norm(X - TN_G_Ours): 49.503361135097435, norm2(E): 1.0
2024-12-17 21:38:57,158 - Step 94 norm(X - TN_G_Ours): 49.50328962396085, norm2(E): 1.0
2024-12-17 21:38:57,499 - Step 95 norm(X - TN_G_Ours): 49.503264964924284, norm2(E): 1.0
2024-12-17 21:38:57,906 - Step 96 norm(X - TN_G_Ours): 49.5032156468143, norm2(E): 1.0
2024-12-17 21:38:58,281 - Step 97 norm(X - TN_G_Ours): 49.503264964924284, norm2(E): 1.0
2024-12-17 21:38:58,501 - Step 98 norm(X - TN_G_Ours): 49.50318605592472, norm2(E): 1.0
2024-12-17 21:38:58,850 - Step 99 norm(X - TN_G_Ours): 49.503195919556546, norm2(E): 0.999999880790714
2024-12-17 21:38:59,049 - Step 0 norm(X - TN_G_ATR): 15.763543128967285, norm2(E): 0.999999880790714
2024-12-17 21:38:59,291 - Step 1 norm(X - TN_G_ATR): 15.753339767456055, norm2(E): 0.999999880790714
2024-12-17 21:38:59,536 - Step 2 norm(X - TN_G_ATR): 15.751994132995605, norm2(E): 1.0
2024-12-17 21:38:59,774 - Step 3 norm(X - TN_G_ATR): 15.750990867614746, norm2(E): 1.0
2024-12-17 21:38:59,963 - Step 4 norm(X - TN_G_ATR): 15.750367164611816, norm2(E): 1.0
2024-12-17 21:39:00,206 - Step 5 norm(X - TN_G_ATR): 15.750035285949707, norm2(E): 1.0
2024-12-17 21:39:00,450 - Step 6 norm(X - TN_G_ATR): 15.74985408782959, norm2(E): 1.0
2024-12-17 21:39:00,627 - Step 7 norm(X - TN_G_ATR): 15.749730110168457, norm2(E): 1.0
2024-12-17 21:39:00,920 - Step 8 norm(X - TN_G_ATR): 15.749628067016602, norm2(E): 0.999999880790714
2024-12-17 21:39:01,206 - Step 9 norm(X - TN_G_ATR): 15.749553680419922, norm2(E): 1.0
2024-12-17 21:39:01,495 - Step 10 norm(X - TN_G_ATR): 15.74950885772705, norm2(E): 1.0
2024-12-17 21:39:01,794 - Step 11 norm(X - TN_G_ATR): 15.749481201171875, norm2(E): 1.0
2024-12-17 21:39:02,086 - Step 12 norm(X - TN_G_ATR): 15.749457359313965, norm2(E): 1.0
2024-12-17 21:39:02,375 - Step 13 norm(X - TN_G_ATR): 15.749424934387207, norm2(E): 1.0
2024-12-17 21:39:02,660 - Step 14 norm(X - TN_G_ATR): 15.749385833740234, norm2(E): 1.0
2024-12-17 21:39:02,932 - Step 15 norm(X - TN_G_ATR): 15.749348640441895, norm2(E): 1.0
2024-12-17 21:39:03,233 - Step 16 norm(X - TN_G_ATR): 15.749319076538086, norm2(E): 1.0
2024-12-17 21:39:03,478 - Step 17 norm(X - TN_G_ATR): 15.749299049377441, norm2(E): 1.0
2024-12-17 21:39:03,763 - Step 18 norm(X - TN_G_ATR): 15.749286651611328, norm2(E): 1.0
2024-12-17 21:39:04,058 - Step 19 norm(X - TN_G_ATR): 15.74928092956543, norm2(E): 1.0
2024-12-17 21:39:04,343 - Step 20 norm(X - TN_G_ATR): 15.74927806854248, norm2(E): 1.0
2024-12-17 21:39:04,641 - Step 21 norm(X - TN_G_ATR): 15.749272346496582, norm2(E): 0.999999880790714
2024-12-17 21:39:04,887 - Step 22 norm(X - TN_G_ATR): 15.749260902404785, norm2(E): 0.999999880790714
2024-12-17 21:39:05,174 - Step 23 norm(X - TN_G_ATR): 15.749241828918457, norm2(E): 1.0
2024-12-17 21:39:05,465 - Step 24 norm(X - TN_G_ATR): 15.749215126037598, norm2(E): 1.0
2024-12-17 21:39:05,767 - Step 25 norm(X - TN_G_ATR): 15.749185562133789, norm2(E): 1.0
2024-12-17 21:39:06,059 - Step 26 norm(X - TN_G_ATR): 15.749155044555664, norm2(E): 1.0
2024-12-17 21:39:06,290 - Step 27 norm(X - TN_G_ATR): 15.749129295349121, norm2(E): 1.0
2024-12-17 21:39:06,573 - Step 28 norm(X - TN_G_ATR): 15.74910831451416, norm2(E): 1.0
2024-12-17 21:39:06,872 - Step 29 norm(X - TN_G_ATR): 15.74909496307373, norm2(E): 0.999999880790714
2024-12-17 21:39:07,170 - Step 30 norm(X - TN_G_ATR): 15.749088287353516, norm2(E): 1.0
2024-12-17 21:39:07,471 - Step 31 norm(X - TN_G_ATR): 15.749086380004883, norm2(E): 1.0
2024-12-17 21:39:07,680 - Step 32 norm(X - TN_G_ATR): 15.749090194702148, norm2(E): 1.0
2024-12-17 21:39:07,980 - Step 33 norm(X - TN_G_ATR): 15.749096870422363, norm2(E): 1.0
2024-12-17 21:39:08,292 - Step 34 norm(X - TN_G_ATR): 15.749103546142578, norm2(E): 1.0
2024-12-17 21:39:08,559 - Step 35 norm(X - TN_G_ATR): 15.74911117553711, norm2(E): 1.0
2024-12-17 21:39:08,760 - Step 36 norm(X - TN_G_ATR): 15.749116897583008, norm2(E): 1.0
2024-12-17 21:39:09,020 - Step 37 norm(X - TN_G_ATR): 15.749120712280273, norm2(E): 1.0
2024-12-17 21:39:09,278 - Step 38 norm(X - TN_G_ATR): 15.749125480651855, norm2(E): 1.0
2024-12-17 21:39:09,466 - Step 39 norm(X - TN_G_ATR): 15.74913215637207, norm2(E): 0.999999880790714
2024-12-17 21:39:09,723 - Step 40 norm(X - TN_G_ATR): 15.749137878417969, norm2(E): 1.0
2024-12-17 21:39:09,976 - Step 41 norm(X - TN_G_ATR): 15.749146461486816, norm2(E): 1.0
2024-12-17 21:39:10,220 - Step 42 norm(X - TN_G_ATR): 15.749154090881348, norm2(E): 1.0
2024-12-17 21:39:10,477 - Step 43 norm(X - TN_G_ATR): 15.749160766601562, norm2(E): 0.999999880790714
2024-12-17 21:39:10,730 - Step 44 norm(X - TN_G_ATR): 15.749166488647461, norm2(E): 1.0
2024-12-17 21:39:10,992 - Step 45 norm(X - TN_G_ATR): 15.74917221069336, norm2(E): 1.0
2024-12-17 21:39:11,280 - Step 46 norm(X - TN_G_ATR): 15.749174118041992, norm2(E): 1.0
2024-12-17 21:39:11,564 - Step 47 norm(X - TN_G_ATR): 15.749177932739258, norm2(E): 1.0
2024-12-17 21:39:11,861 - Step 48 norm(X - TN_G_ATR): 15.749176025390625, norm2(E): 0.999999880790714
2024-12-17 21:39:12,157 - Step 49 norm(X - TN_G_ATR): 15.749176025390625, norm2(E): 1.0
2024-12-17 21:39:12,445 - Step 50 norm(X - TN_G_ATR): 15.749174118041992, norm2(E): 1.0
2024-12-17 21:39:12,736 - Step 51 norm(X - TN_G_ATR): 15.749170303344727, norm2(E): 1.0
2024-12-17 21:39:13,030 - Step 52 norm(X - TN_G_ATR): 15.749167442321777, norm2(E): 1.0
2024-12-17 21:39:13,325 - Step 53 norm(X - TN_G_ATR): 15.749165534973145, norm2(E): 0.999999880790714
2024-12-17 21:39:13,614 - Step 54 norm(X - TN_G_ATR): 15.749164581298828, norm2(E): 0.999999880790714
2024-12-17 21:39:13,916 - Step 55 norm(X - TN_G_ATR): 15.749165534973145, norm2(E): 1.0
2024-12-17 21:39:14,226 - Step 56 norm(X - TN_G_ATR): 15.749166488647461, norm2(E): 1.0
2024-12-17 21:39:14,531 - Step 57 norm(X - TN_G_ATR): 15.749168395996094, norm2(E): 1.0
2024-12-17 21:39:14,783 - Step 58 norm(X - TN_G_ATR): 15.749173164367676, norm2(E): 1.0
2024-12-17 21:39:15,092 - Step 59 norm(X - TN_G_ATR): 15.749176025390625, norm2(E): 1.0
2024-12-17 21:39:15,393 - Step 60 norm(X - TN_G_ATR): 15.749180793762207, norm2(E): 1.0
2024-12-17 21:39:15,693 - Step 61 norm(X - TN_G_ATR): 15.749184608459473, norm2(E): 1.0
2024-12-17 21:39:15,992 - Step 62 norm(X - TN_G_ATR): 15.749186515808105, norm2(E): 0.999999880790714
2024-12-17 21:39:16,195 - Step 63 norm(X - TN_G_ATR): 15.749189376831055, norm2(E): 1.0
2024-12-17 21:39:16,496 - Step 64 norm(X - TN_G_ATR): 15.749189376831055, norm2(E): 0.999999880790714
2024-12-17 21:39:16,789 - Step 65 norm(X - TN_G_ATR): 15.749188423156738, norm2(E): 0.999999880790714
2024-12-17 21:39:17,087 - Step 66 norm(X - TN_G_ATR): 15.749186515808105, norm2(E): 1.0
2024-12-17 21:39:17,382 - Step 67 norm(X - TN_G_ATR): 15.749181747436523, norm2(E): 1.0
2024-12-17 21:39:17,600 - Step 68 norm(X - TN_G_ATR): 15.749175071716309, norm2(E): 1.0
2024-12-17 21:39:17,896 - Step 69 norm(X - TN_G_ATR): 15.749167442321777, norm2(E): 1.0
2024-12-17 21:39:18,200 - Step 70 norm(X - TN_G_ATR): 15.74915885925293, norm2(E): 0.999999880790714
2024-12-17 21:39:18,503 - Step 71 norm(X - TN_G_ATR): 15.749149322509766, norm2(E): 1.0
2024-12-17 21:39:18,793 - Step 72 norm(X - TN_G_ATR): 15.749140739440918, norm2(E): 1.0
2024-12-17 21:39:19,101 - Step 73 norm(X - TN_G_ATR): 15.74913215637207, norm2(E): 0.999999880790714
2024-12-17 21:39:19,404 - Step 74 norm(X - TN_G_ATR): 15.749125480651855, norm2(E): 1.0
2024-12-17 21:39:19,718 - Step 75 norm(X - TN_G_ATR): 15.74911880493164, norm2(E): 0.999999880790714
2024-12-17 21:39:19,931 - Step 76 norm(X - TN_G_ATR): 15.749114036560059, norm2(E): 1.0
2024-12-17 21:39:20,184 - Step 77 norm(X - TN_G_ATR): 15.749110221862793, norm2(E): 1.0
2024-12-17 21:39:20,431 - Step 78 norm(X - TN_G_ATR): 15.749106407165527, norm2(E): 1.0
2024-12-17 21:39:20,635 - Step 79 norm(X - TN_G_ATR): 15.749103546142578, norm2(E): 1.0
2024-12-17 21:39:20,870 - Step 80 norm(X - TN_G_ATR): 15.749100685119629, norm2(E): 1.0
2024-12-17 21:39:21,112 - Step 81 norm(X - TN_G_ATR): 15.749098777770996, norm2(E): 1.0
2024-12-17 21:39:21,357 - Step 82 norm(X - TN_G_ATR): 15.749095916748047, norm2(E): 0.999999880790714
2024-12-17 21:39:21,594 - Step 83 norm(X - TN_G_ATR): 15.749094009399414, norm2(E): 0.999999880790714
2024-12-17 21:39:21,830 - Step 84 norm(X - TN_G_ATR): 15.749092102050781, norm2(E): 1.0
2024-12-17 21:39:22,104 - Step 85 norm(X - TN_G_ATR): 15.749092102050781, norm2(E): 1.0
2024-12-17 21:39:22,390 - Step 86 norm(X - TN_G_ATR): 15.749091148376465, norm2(E): 1.0
2024-12-17 21:39:22,674 - Step 87 norm(X - TN_G_ATR): 15.749090194702148, norm2(E): 1.0
2024-12-17 21:39:22,952 - Step 88 norm(X - TN_G_ATR): 15.749090194702148, norm2(E): 0.999999880790714
2024-12-17 21:39:23,231 - Step 89 norm(X - TN_G_ATR): 15.749089241027832, norm2(E): 0.999999880790714
2024-12-17 21:39:23,517 - Step 90 norm(X - TN_G_ATR): 15.749089241027832, norm2(E): 1.0
2024-12-17 21:39:23,802 - Step 91 norm(X - TN_G_ATR): 15.749090194702148, norm2(E): 0.999999880790714
2024-12-17 21:39:24,078 - Step 92 norm(X - TN_G_ATR): 15.749090194702148, norm2(E): 1.0
2024-12-17 21:39:24,367 - Step 93 norm(X - TN_G_ATR): 15.749092102050781, norm2(E): 1.0
2024-12-17 21:39:24,654 - Step 94 norm(X - TN_G_ATR): 15.749094009399414, norm2(E): 1.0
2024-12-17 21:39:24,935 - Step 95 norm(X - TN_G_ATR): 15.749095916748047, norm2(E): 1.0
2024-12-17 21:39:25,226 - Step 96 norm(X - TN_G_ATR): 15.749100685119629, norm2(E): 1.0
2024-12-17 21:39:25,511 - Step 97 norm(X - TN_G_ATR): 15.749103546142578, norm2(E): 1.0
2024-12-17 21:39:25,799 - Step 98 norm(X - TN_G_ATR): 15.749109268188477, norm2(E): 0.999999880790714
2024-12-17 21:39:26,090 - Step 99 norm(X - TN_G_ATR): 15.749114990234375, norm2(E): 0.999999880790714
2024-12-17 21:39:26,092 - Norm2 (Comparison Algorithm): 15.749114990234375
2024-12-17 21:39:26,298 - Norm2 (Our Algorithm): 16.10468101501465
2024-12-17 21:39:26,298 - Norm2 (Original TR Algorithm): 15.756647109985352
