2024-12-26 16:57:06,271 - Norm2 (epsilon): 100.0
2024-12-26 16:57:06,271 - Optimization parameters:
2024-12-26 16:57:06,271 - epsilon (Frobenius norm constraint): 100.0
2024-12-26 16:57:06,271 - inner_tol (Tolerance for inner optimization): 1e-10
2024-12-26 16:57:06,271 - lr (Learning rate): 0.01
2024-12-26 16:57:06,271 - outer_num_steps (Number of outer optimization steps): 100
2024-12-26 16:57:06,271 - inner_num_steps (Number of inner optimization steps): 1000
2024-12-26 16:57:06,271 - outer_dis_num (Display loss every outer_dis_num steps): 1
2024-12-26 16:57:06,271 - inner_dis_num (Display loss every inner_dis_num steps): 2000
2024-12-26 16:57:08,903 - Step 0, RSE_E: 0.20115773379802704, Loss_X_Ours: 26.759370803833008, normE: 9.999999046325684
2024-12-26 16:57:10,515 - Step 1, RSE_E: 0.21911513805389404, Loss_X_Ours: 26.694948196411133, normE: 10.0
2024-12-26 16:57:11,633 - Step 2, RSE_E: 0.23855572938919067, Loss_X_Ours: 26.688779830932617, normE: 10.000000953674316
2024-12-26 16:57:14,440 - Step 3, RSE_E: 0.2591637074947357, Loss_X_Ours: 26.701093673706055, normE: 10.0
2024-12-26 16:57:14,554 - Step 4, RSE_E: 0.2818933427333832, Loss_X_Ours: 26.7181453704834, normE: 9.999999046325684
2024-12-26 16:57:17,235 - Step 5, RSE_E: 0.3058127760887146, Loss_X_Ours: 26.727462768554688, normE: 10.0
2024-12-26 16:57:17,259 - Step 6, RSE_E: 0.3314027786254883, Loss_X_Ours: 26.766254425048828, normE: 10.0
2024-12-26 16:57:17,598 - Step 7, RSE_E: 0.3582572042942047, Loss_X_Ours: 26.80059051513672, normE: 10.0
2024-12-26 16:57:18,225 - Step 8, RSE_E: 0.38600969314575195, Loss_X_Ours: 26.845136642456055, normE: 10.0
2024-12-26 16:57:19,068 - Step 9, RSE_E: 0.4141622483730316, Loss_X_Ours: 26.892080307006836, normE: 10.000000953674316
2024-12-26 16:57:19,107 - Step 10, RSE_E: 0.4422709047794342, Loss_X_Ours: 26.958507537841797, normE: 10.0
2024-12-26 16:57:21,956 - Step 11, RSE_E: 0.469433456659317, Loss_X_Ours: 27.012035369873047, normE: 10.0
2024-12-26 16:57:22,773 - Step 12, RSE_E: 0.49501603841781616, Loss_X_Ours: 27.08689308166504, normE: 10.000000953674316
2024-12-26 16:57:24,332 - Step 13, RSE_E: 0.5180080533027649, Loss_X_Ours: 27.161060333251953, normE: 10.0
2024-12-26 16:57:24,398 - Step 14, RSE_E: 0.5374665260314941, Loss_X_Ours: 27.251079559326172, normE: 10.0
2024-12-26 16:57:24,642 - Step 15, RSE_E: 0.5524778962135315, Loss_X_Ours: 27.339765548706055, normE: 10.0
2024-12-26 16:57:25,016 - Step 16, RSE_E: 0.5622713565826416, Loss_X_Ours: 27.435382843017578, normE: 10.0
2024-12-26 16:57:26,207 - Step 17, RSE_E: 0.5664799809455872, Loss_X_Ours: 27.523164749145508, normE: 10.000000953674316
2024-12-26 16:57:26,515 - Step 18, RSE_E: 0.5649625062942505, Loss_X_Ours: 27.619096755981445, normE: 9.999999046325684
2024-12-26 16:57:29,354 - Step 19, RSE_E: 0.557725727558136, Loss_X_Ours: 27.703304290771484, normE: 10.0
2024-12-26 16:57:29,929 - Step 20, RSE_E: 0.5461232662200928, Loss_X_Ours: 27.801769256591797, normE: 10.0
2024-12-26 16:57:32,788 - Step 21, RSE_E: 0.5294129252433777, Loss_X_Ours: 27.844310760498047, normE: 10.0
2024-12-26 16:57:35,111 - Step 22, RSE_E: 0.5099690556526184, Loss_X_Ours: 27.927759170532227, normE: 10.0
2024-12-26 16:57:35,134 - Step 23, RSE_E: 0.487503319978714, Loss_X_Ours: 27.985183715820312, normE: 10.0
2024-12-26 16:57:35,606 - Step 24, RSE_E: 0.46344447135925293, Loss_X_Ours: 28.015705108642578, normE: 10.0
2024-12-26 16:57:35,832 - Step 25, RSE_E: 0.43896740674972534, Loss_X_Ours: 28.052021026611328, normE: 10.0
2024-12-26 16:57:38,683 - Step 26, RSE_E: 0.4152320623397827, Loss_X_Ours: 28.066486358642578, normE: 10.0
2024-12-26 16:57:38,860 - Step 27, RSE_E: 0.3915201425552368, Loss_X_Ours: 28.09306526184082, normE: 10.000000953674316
2024-12-26 16:57:39,860 - Step 28, RSE_E: 0.3690235912799835, Loss_X_Ours: 28.13265609741211, normE: 10.0
2024-12-26 16:57:41,669 - Step 29, RSE_E: 0.3482259213924408, Loss_X_Ours: 28.142486572265625, normE: 10.0
2024-12-26 16:57:41,947 - Step 30, RSE_E: 0.3283298909664154, Loss_X_Ours: 28.1503849029541, normE: 10.0
2024-12-26 16:57:43,072 - Step 31, RSE_E: 0.31054604053497314, Loss_X_Ours: 28.1471004486084, normE: 10.0
2024-12-26 16:57:44,270 - Step 32, RSE_E: 0.29376471042633057, Loss_X_Ours: 28.157316207885742, normE: 10.000000953674316
2024-12-26 16:57:44,918 - Step 33, RSE_E: 0.2786610722541809, Loss_X_Ours: 28.16146469116211, normE: 10.0
2024-12-26 16:57:46,068 - Step 34, RSE_E: 0.2645474970340729, Loss_X_Ours: 28.177236557006836, normE: 10.0
2024-12-26 16:57:46,645 - Step 35, RSE_E: 0.25195276737213135, Loss_X_Ours: 28.169937133789062, normE: 10.0
2024-12-26 16:57:49,510 - Step 36, RSE_E: 0.24597108364105225, Loss_X_Ours: 28.222930908203125, normE: 10.0
2024-12-26 16:57:52,391 - Step 37, RSE_E: 0.23223325610160828, Loss_X_Ours: 28.18416976928711, normE: 10.0
2024-12-26 16:57:55,251 - Step 38, RSE_E: 0.22178779542446136, Loss_X_Ours: 28.191755294799805, normE: 10.0
2024-12-26 16:57:58,093 - Step 39, RSE_E: 0.21766842901706696, Loss_X_Ours: 28.22123146057129, normE: 10.0
2024-12-26 16:58:00,962 - Step 40, RSE_E: 0.2064322531223297, Loss_X_Ours: 28.175569534301758, normE: 10.000000953674316
2024-12-26 16:58:03,817 - Step 41, RSE_E: 0.2008894681930542, Loss_X_Ours: 28.191679000854492, normE: 10.0
2024-12-26 16:58:06,688 - Step 42, RSE_E: 0.19110724329948425, Loss_X_Ours: 28.147666931152344, normE: 10.0
2024-12-26 16:58:09,566 - Step 43, RSE_E: 0.18290497362613678, Loss_X_Ours: 28.117464065551758, normE: 10.000000953674316
2024-12-26 16:58:12,446 - Step 44, RSE_E: 0.17860594391822815, Loss_X_Ours: 28.19719123840332, normE: 10.0
2024-12-26 16:58:12,522 - Step 45, RSE_E: 0.1708218902349472, Loss_X_Ours: 28.199235916137695, normE: 10.0
2024-12-26 16:58:13,536 - Step 46, RSE_E: 0.16362081468105316, Loss_X_Ours: 28.183185577392578, normE: 9.999999046325684
2024-12-26 16:58:13,600 - Step 47, RSE_E: 0.15694816410541534, Loss_X_Ours: 28.185436248779297, normE: 10.0
2024-12-26 16:58:14,792 - Step 48, RSE_E: 0.15187586843967438, Loss_X_Ours: 28.188142776489258, normE: 10.0
2024-12-26 16:58:14,898 - Step 49, RSE_E: 0.14559300243854523, Loss_X_Ours: 28.182165145874023, normE: 9.999999046325684
2024-12-26 16:58:16,119 - Step 50, RSE_E: 0.14027275145053864, Loss_X_Ours: 28.183696746826172, normE: 10.0
2024-12-26 16:58:16,286 - Step 51, RSE_E: 0.13454821705818176, Loss_X_Ours: 28.175901412963867, normE: 10.0
2024-12-26 16:58:16,448 - Step 52, RSE_E: 0.1293490082025528, Loss_X_Ours: 28.176959991455078, normE: 10.000000953674316
2024-12-26 16:58:16,499 - Step 53, RSE_E: 0.12445098906755447, Loss_X_Ours: 28.167770385742188, normE: 10.000000953674316
2024-12-26 16:58:16,660 - Step 54, RSE_E: 0.11980850249528885, Loss_X_Ours: 28.17166519165039, normE: 10.0
2024-12-26 16:58:17,578 - Step 55, RSE_E: 0.11558847874403, Loss_X_Ours: 28.169477462768555, normE: 10.000000953674316
2024-12-26 16:58:18,047 - Step 56, RSE_E: 0.11141917109489441, Loss_X_Ours: 28.161760330200195, normE: 10.0
2024-12-26 16:58:18,393 - Step 57, RSE_E: 0.17794674634933472, Loss_X_Ours: 28.709030151367188, normE: 10.0
2024-12-26 16:58:19,087 - Step 58, RSE_E: 0.10438016802072525, Loss_X_Ours: 28.167171478271484, normE: 9.999999046325684
2024-12-26 16:58:20,495 - Step 59, RSE_E: 0.10059154033660889, Loss_X_Ours: 28.16770362854004, normE: 10.0
2024-12-26 16:58:21,008 - Step 60, RSE_E: 0.09653874486684799, Loss_X_Ours: 28.160953521728516, normE: 9.999999046325684
2024-12-26 16:58:21,307 - Step 61, RSE_E: 0.09297468513250351, Loss_X_Ours: 28.163177490234375, normE: 9.999999046325684
2024-12-26 16:58:21,707 - Step 62, RSE_E: 0.08966449648141861, Loss_X_Ours: 28.15557861328125, normE: 10.0
2024-12-26 16:58:22,904 - Step 63, RSE_E: 0.08681522309780121, Loss_X_Ours: 28.163681030273438, normE: 10.0
2024-12-26 16:58:23,907 - Step 64, RSE_E: 0.0839555561542511, Loss_X_Ours: 28.156761169433594, normE: 10.0
2024-12-26 16:58:24,017 - Step 65, RSE_E: 0.08085877448320389, Loss_X_Ours: 28.15147590637207, normE: 10.000000953674316
2024-12-26 16:58:25,352 - Step 66, RSE_E: 0.0784870907664299, Loss_X_Ours: 28.152965545654297, normE: 10.0
2024-12-26 16:58:25,955 - Step 67, RSE_E: 0.07541592419147491, Loss_X_Ours: 28.151962280273438, normE: 10.0
2024-12-26 16:58:27,859 - Step 68, RSE_E: 0.07331325858831406, Loss_X_Ours: 28.148908615112305, normE: 10.0
2024-12-26 16:58:29,915 - Step 69, RSE_E: 0.07191140204668045, Loss_X_Ours: 28.140451431274414, normE: 10.000000953674316
2024-12-26 16:58:31,333 - Step 70, RSE_E: 0.06900835037231445, Loss_X_Ours: 28.14996337890625, normE: 10.0
2024-12-26 16:58:32,244 - Step 71, RSE_E: 0.06929992884397507, Loss_X_Ours: 28.16294288635254, normE: 10.0
2024-12-26 16:58:32,836 - Step 72, RSE_E: 0.06447959691286087, Loss_X_Ours: 28.14979362487793, normE: 10.0
2024-12-26 16:58:33,486 - Step 73, RSE_E: 0.06213507428765297, Loss_X_Ours: 28.16292381286621, normE: 10.0
2024-12-26 16:58:33,772 - Step 74, RSE_E: 0.05996505171060562, Loss_X_Ours: 28.15229606628418, normE: 10.0
2024-12-26 16:58:34,892 - Step 75, RSE_E: 0.05951323360204697, Loss_X_Ours: 28.149991989135742, normE: 10.0
2024-12-26 16:58:34,910 - Step 76, RSE_E: 0.05698918178677559, Loss_X_Ours: 28.14673614501953, normE: 10.0
2024-12-26 16:58:35,278 - Step 77, RSE_E: 0.05452043563127518, Loss_X_Ours: 28.14691925048828, normE: 10.0
2024-12-26 16:58:36,795 - Step 78, RSE_E: 0.05345457047224045, Loss_X_Ours: 28.143213272094727, normE: 10.0
2024-12-26 16:58:37,080 - Step 79, RSE_E: 0.051566142588853836, Loss_X_Ours: 28.156652450561523, normE: 10.0
2024-12-26 16:58:37,366 - Step 80, RSE_E: 0.050104472786188126, Loss_X_Ours: 28.138938903808594, normE: 10.0
2024-12-26 16:58:37,393 - Step 81, RSE_E: 0.04821334406733513, Loss_X_Ours: 28.15157127380371, normE: 10.000000953674316
2024-12-26 16:58:37,543 - Step 82, RSE_E: 0.04655951261520386, Loss_X_Ours: 28.13427734375, normE: 10.0
2024-12-26 16:58:37,782 - Step 83, RSE_E: 0.045040056109428406, Loss_X_Ours: 28.139551162719727, normE: 10.0
2024-12-26 16:58:37,811 - Step 84, RSE_E: 0.043552570044994354, Loss_X_Ours: 28.137598037719727, normE: 9.999999046325684
2024-12-26 16:58:37,951 - Step 85, RSE_E: 0.042240556329488754, Loss_X_Ours: 28.13621711730957, normE: 10.0
2024-12-26 16:58:38,515 - Step 86, RSE_E: 0.04152516648173332, Loss_X_Ours: 28.14109230041504, normE: 9.999999046325684
2024-12-26 16:58:38,689 - Step 87, RSE_E: 0.03989411145448685, Loss_X_Ours: 28.151107788085938, normE: 10.0
2024-12-26 16:58:39,664 - Step 88, RSE_E: 0.03952286019921303, Loss_X_Ours: 28.137113571166992, normE: 10.000000953674316
2024-12-26 16:58:40,581 - Step 89, RSE_E: 0.03850654140114784, Loss_X_Ours: 28.145538330078125, normE: 9.999999046325684
2024-12-26 16:58:40,900 - Step 90, RSE_E: 0.037159718573093414, Loss_X_Ours: 28.132442474365234, normE: 10.0
2024-12-26 16:58:41,214 - Step 91, RSE_E: 0.036125700920820236, Loss_X_Ours: 28.13532066345215, normE: 10.000000953674316
2024-12-26 16:58:41,336 - Step 92, RSE_E: 0.03514127805829048, Loss_X_Ours: 28.12161636352539, normE: 10.000000953674316
2024-12-26 16:58:41,354 - Step 93, RSE_E: 0.033998776227235794, Loss_X_Ours: 28.13060188293457, normE: 10.0
2024-12-26 16:58:41,391 - Step 94, RSE_E: 0.03305904194712639, Loss_X_Ours: 28.14306640625, normE: 10.000000953674316
2024-12-26 16:58:41,487 - Step 95, RSE_E: 0.03215653821825981, Loss_X_Ours: 28.137176513671875, normE: 10.000000953674316
2024-12-26 16:58:43,586 - Step 96, RSE_E: 0.03267710655927658, Loss_X_Ours: 28.127872467041016, normE: 9.999999046325684
2024-12-26 16:58:43,934 - Step 97, RSE_E: 0.03179844096302986, Loss_X_Ours: 28.143001556396484, normE: 10.0
2024-12-26 16:58:44,318 - Step 98, RSE_E: 0.03125794976949692, Loss_X_Ours: 28.141735076904297, normE: 9.999999046325684
2024-12-26 16:58:44,594 - Step 99, RSE_E: 0.030117280781269073, Loss_X_Ours: 28.137760162353516, normE: 9.999999046325684
2024-12-26 16:58:47,485 - Comparison Step 0, Loss_X_TNG: 26.430892944335938, normE: 10.0
2024-12-26 16:58:48,207 - Comparison Step 1, Loss_X_TNG: 26.96713638305664, normE: 10.0
2024-12-26 16:58:49,902 - Comparison Step 2, Loss_X_TNG: 26.852413177490234, normE: 10.0
2024-12-26 16:58:52,758 - Comparison Step 3, Loss_X_TNG: 26.76715660095215, normE: 10.0
2024-12-26 16:58:53,398 - Comparison Step 4, Loss_X_TNG: 26.595104217529297, normE: 9.999999046325684
2024-12-26 16:58:55,922 - Comparison Step 5, Loss_X_TNG: 26.77459144592285, normE: 10.000000953674316
2024-12-26 16:58:57,031 - Comparison Step 6, Loss_X_TNG: 26.66538429260254, normE: 10.000000953674316
2024-12-26 16:58:57,668 - Comparison Step 7, Loss_X_TNG: 26.530101776123047, normE: 10.0
2024-12-26 16:58:57,725 - Comparison Step 8, Loss_X_TNG: 26.494831085205078, normE: 10.0
2024-12-26 16:59:00,360 - Comparison Step 9, Loss_X_TNG: 26.941455841064453, normE: 10.0
2024-12-26 16:59:00,975 - Comparison Step 10, Loss_X_TNG: 26.71670150756836, normE: 10.0
2024-12-26 16:59:01,854 - Comparison Step 11, Loss_X_TNG: 26.637067794799805, normE: 10.0
2024-12-26 16:59:02,129 - Comparison Step 12, Loss_X_TNG: 26.54006004333496, normE: 10.0
2024-12-26 16:59:03,914 - Comparison Step 13, Loss_X_TNG: 26.745534896850586, normE: 10.0
2024-12-26 16:59:04,792 - Comparison Step 14, Loss_X_TNG: 26.753963470458984, normE: 10.0
2024-12-26 16:59:05,599 - Comparison Step 15, Loss_X_TNG: 26.7112979888916, normE: 9.999999046325684
2024-12-26 16:59:06,215 - Comparison Step 16, Loss_X_TNG: 26.539918899536133, normE: 9.999999046325684
2024-12-26 16:59:06,605 - Comparison Step 17, Loss_X_TNG: 26.566652297973633, normE: 9.999999046325684
2024-12-26 16:59:09,453 - Comparison Step 18, Loss_X_TNG: 27.038728713989258, normE: 10.0
2024-12-26 16:59:10,500 - Comparison Step 19, Loss_X_TNG: 26.633150100708008, normE: 10.000000953674316
2024-12-26 16:59:10,807 - Comparison Step 20, Loss_X_TNG: 26.564918518066406, normE: 10.0
2024-12-26 16:59:11,953 - Comparison Step 21, Loss_X_TNG: 26.770706176757812, normE: 10.0
2024-12-26 16:59:12,731 - Comparison Step 22, Loss_X_TNG: 26.69923210144043, normE: 10.0
2024-12-26 16:59:14,300 - Comparison Step 23, Loss_X_TNG: 26.754596710205078, normE: 9.999999046325684
2024-12-26 16:59:15,189 - Comparison Step 24, Loss_X_TNG: 26.650917053222656, normE: 10.0
2024-12-26 16:59:18,055 - Comparison Step 25, Loss_X_TNG: 26.673460006713867, normE: 10.0
2024-12-26 16:59:19,289 - Comparison Step 26, Loss_X_TNG: 26.725421905517578, normE: 10.000000953674316
2024-12-26 16:59:20,131 - Comparison Step 27, Loss_X_TNG: 26.6839599609375, normE: 10.0
2024-12-26 16:59:22,076 - Comparison Step 28, Loss_X_TNG: 26.699039459228516, normE: 9.999999046325684
2024-12-26 16:59:22,666 - Comparison Step 29, Loss_X_TNG: 26.596826553344727, normE: 9.999999046325684
2024-12-26 16:59:23,921 - Comparison Step 30, Loss_X_TNG: 26.71040916442871, normE: 9.999999046325684
2024-12-26 16:59:24,348 - Comparison Step 31, Loss_X_TNG: 26.575735092163086, normE: 10.0
2024-12-26 16:59:24,582 - Comparison Step 32, Loss_X_TNG: 26.564146041870117, normE: 10.0
2024-12-26 16:59:24,970 - Comparison Step 33, Loss_X_TNG: 26.643856048583984, normE: 10.0
2024-12-26 16:59:25,394 - Comparison Step 34, Loss_X_TNG: 26.537506103515625, normE: 10.0
2024-12-26 16:59:27,759 - Comparison Step 35, Loss_X_TNG: 26.735395431518555, normE: 10.0
2024-12-26 16:59:30,635 - Comparison Step 36, Loss_X_TNG: 26.7843074798584, normE: 9.999999046325684
2024-12-26 16:59:31,281 - Comparison Step 37, Loss_X_TNG: 26.618755340576172, normE: 10.000000953674316
2024-12-26 16:59:32,979 - Comparison Step 38, Loss_X_TNG: 26.752105712890625, normE: 10.0
2024-12-26 16:59:33,694 - Comparison Step 39, Loss_X_TNG: 26.619890213012695, normE: 10.0
2024-12-26 16:59:35,172 - Comparison Step 40, Loss_X_TNG: 26.788150787353516, normE: 10.0
2024-12-26 16:59:36,252 - Comparison Step 41, Loss_X_TNG: 26.682714462280273, normE: 10.0
2024-12-26 16:59:38,263 - Comparison Step 42, Loss_X_TNG: 26.799715042114258, normE: 9.999999046325684
2024-12-26 16:59:41,139 - Comparison Step 43, Loss_X_TNG: 26.769302368164062, normE: 10.0
2024-12-26 16:59:44,014 - Comparison Step 44, Loss_X_TNG: 26.722341537475586, normE: 10.0
2024-12-26 16:59:45,784 - Comparison Step 45, Loss_X_TNG: 26.68670654296875, normE: 10.0
2024-12-26 16:59:46,777 - Comparison Step 46, Loss_X_TNG: 26.618602752685547, normE: 10.0
2024-12-26 16:59:48,257 - Comparison Step 47, Loss_X_TNG: 26.87102508544922, normE: 10.0
2024-12-26 16:59:50,063 - Comparison Step 48, Loss_X_TNG: 26.669397354125977, normE: 9.999999046325684
2024-12-26 16:59:52,152 - Comparison Step 49, Loss_X_TNG: 26.67740821838379, normE: 10.0
2024-12-26 16:59:52,740 - Comparison Step 50, Loss_X_TNG: 26.579511642456055, normE: 10.0
2024-12-26 16:59:53,535 - Comparison Step 51, Loss_X_TNG: 26.637481689453125, normE: 10.0
2024-12-26 16:59:55,929 - Comparison Step 52, Loss_X_TNG: 26.71284294128418, normE: 10.0
2024-12-26 16:59:57,999 - Comparison Step 53, Loss_X_TNG: 26.795141220092773, normE: 9.999999046325684
2024-12-26 17:00:00,635 - Comparison Step 54, Loss_X_TNG: 26.7041072845459, normE: 9.999999046325684
2024-12-26 17:00:01,524 - Comparison Step 55, Loss_X_TNG: 26.58017349243164, normE: 10.0
2024-12-26 17:00:02,199 - Comparison Step 56, Loss_X_TNG: 26.684545516967773, normE: 10.0
2024-12-26 17:00:03,216 - Comparison Step 57, Loss_X_TNG: 26.65155601501465, normE: 10.0
2024-12-26 17:00:05,309 - Comparison Step 58, Loss_X_TNG: 26.85374641418457, normE: 9.999999046325684
2024-12-26 17:00:05,836 - Comparison Step 59, Loss_X_TNG: 26.60699462890625, normE: 10.0
2024-12-26 17:00:06,958 - Comparison Step 60, Loss_X_TNG: 26.633481979370117, normE: 9.999999046325684
2024-12-26 17:00:07,761 - Comparison Step 61, Loss_X_TNG: 26.705116271972656, normE: 10.0
2024-12-26 17:00:09,450 - Comparison Step 62, Loss_X_TNG: 26.567554473876953, normE: 10.0
2024-12-26 17:00:09,560 - Comparison Step 63, Loss_X_TNG: 26.4857177734375, normE: 10.0
2024-12-26 17:00:10,362 - Comparison Step 64, Loss_X_TNG: 26.679994583129883, normE: 10.0
2024-12-26 17:00:10,888 - Comparison Step 65, Loss_X_TNG: 26.710630416870117, normE: 10.0
2024-12-26 17:00:11,632 - Comparison Step 66, Loss_X_TNG: 26.63458824157715, normE: 10.0
2024-12-26 17:00:12,513 - Comparison Step 67, Loss_X_TNG: 26.66045379638672, normE: 10.0
2024-12-26 17:00:14,316 - Comparison Step 68, Loss_X_TNG: 26.68053436279297, normE: 10.0
2024-12-26 17:00:15,185 - Comparison Step 69, Loss_X_TNG: 26.558473587036133, normE: 10.0
2024-12-26 17:00:17,297 - Comparison Step 70, Loss_X_TNG: 26.698774337768555, normE: 10.0
2024-12-26 17:00:18,180 - Comparison Step 71, Loss_X_TNG: 26.629528045654297, normE: 10.0
2024-12-26 17:00:21,074 - Comparison Step 72, Loss_X_TNG: 26.707347869873047, normE: 10.0
2024-12-26 17:00:21,607 - Comparison Step 73, Loss_X_TNG: 26.594066619873047, normE: 10.000000953674316
2024-12-26 17:00:23,751 - Comparison Step 74, Loss_X_TNG: 26.848100662231445, normE: 10.000000953674316
2024-12-26 17:00:26,257 - Comparison Step 75, Loss_X_TNG: 26.793672561645508, normE: 10.0
2024-12-26 17:00:27,196 - Comparison Step 76, Loss_X_TNG: 26.62425994873047, normE: 10.0
2024-12-26 17:00:28,303 - Comparison Step 77, Loss_X_TNG: 26.653865814208984, normE: 10.000000953674316
2024-12-26 17:00:29,669 - Comparison Step 78, Loss_X_TNG: 26.653682708740234, normE: 10.0
2024-12-26 17:00:29,881 - Comparison Step 79, Loss_X_TNG: 26.557554244995117, normE: 10.0
2024-12-26 17:00:31,471 - Comparison Step 80, Loss_X_TNG: 26.77988624572754, normE: 10.0
2024-12-26 17:00:32,534 - Comparison Step 81, Loss_X_TNG: 26.54452133178711, normE: 10.0
2024-12-26 17:00:33,397 - Comparison Step 82, Loss_X_TNG: 26.541868209838867, normE: 10.0
2024-12-26 17:00:33,731 - Comparison Step 83, Loss_X_TNG: 26.5845890045166, normE: 10.0
2024-12-26 17:00:35,952 - Comparison Step 84, Loss_X_TNG: 26.8681697845459, normE: 10.0
2024-12-26 17:00:36,622 - Comparison Step 85, Loss_X_TNG: 26.682270050048828, normE: 10.000000953674316
2024-12-26 17:00:37,914 - Comparison Step 86, Loss_X_TNG: 26.63909149169922, normE: 10.0
2024-12-26 17:00:38,067 - Comparison Step 87, Loss_X_TNG: 26.517131805419922, normE: 10.0
2024-12-26 17:00:40,379 - Comparison Step 88, Loss_X_TNG: 26.834012985229492, normE: 10.0
2024-12-26 17:00:41,989 - Comparison Step 89, Loss_X_TNG: 26.717931747436523, normE: 10.0
2024-12-26 17:00:44,779 - Comparison Step 90, Loss_X_TNG: 26.728191375732422, normE: 9.999999046325684
2024-12-26 17:00:47,361 - Comparison Step 91, Loss_X_TNG: 26.72873306274414, normE: 10.000000953674316
2024-12-26 17:00:48,621 - Comparison Step 92, Loss_X_TNG: 26.67633056640625, normE: 10.0
2024-12-26 17:00:49,655 - Comparison Step 93, Loss_X_TNG: 26.6838436126709, normE: 10.000000953674316
2024-12-26 17:00:52,268 - Comparison Step 94, Loss_X_TNG: 26.667743682861328, normE: 10.000000953674316
2024-12-26 17:00:53,006 - Comparison Step 95, Loss_X_TNG: 26.60024642944336, normE: 10.0
2024-12-26 17:00:54,044 - Comparison Step 96, Loss_X_TNG: 26.636070251464844, normE: 9.999999046325684
2024-12-26 17:00:54,950 - Comparison Step 97, Loss_X_TNG: 26.553251266479492, normE: 10.0
2024-12-26 17:00:55,496 - Comparison Step 98, Loss_X_TNG: 26.716657638549805, normE: 10.0
2024-12-26 17:00:56,058 - Comparison Step 99, Loss_X_TNG: 26.656532287597656, normE: 10.000000953674316
2024-12-26 17:00:56,058 - Norm2 (Comparison Algorithm): 26.656532287597656
2024-12-26 17:00:58,882 - Norm2 (Original TR Algorithm): 26.430253982543945
2024-12-26 17:00:58,882 - Norm2 (Our Algorithm): 28.137760162353516
2024-12-26 17:00:58,977 - Clipping input data to the valid range for imshow with RGB data ([0..1] for floats or [0..255] for integers). Got range [-0.13047498..1.1780841].
2024-12-26 17:00:58,981 - Clipping input data to the valid range for imshow with RGB data ([0..1] for floats or [0..255] for integers). Got range [-0.13569923..0.15222292].
2024-12-26 17:00:58,983 - Clipping input data to the valid range for imshow with RGB data ([0..1] for floats or [0..255] for integers). Got range [-0.120324776..1.1350753].
2024-12-26 17:00:58,985 - Clipping input data to the valid range for imshow with RGB data ([0..1] for floats or [0..255] for integers). Got range [-0.19004124..1.2360147].
2024-12-26 17:00:58,988 - Clipping input data to the valid range for imshow with RGB data ([0..1] for floats or [0..255] for integers). Got range [-0.047472406..0.046296768].
2024-12-26 17:00:58,990 - Clipping input data to the valid range for imshow with RGB data ([0..1] for floats or [0..255] for integers). Got range [-0.026855163..1.0269301].
2024-12-26 17:00:58,992 - Clipping input data to the valid range for imshow with RGB data ([0..1] for floats or [0..255] for integers). Got range [-0.13381906..1.1412312].
