2024-12-16 01:52:42,160 - Norm2 (epsilon): 0.001
2024-12-16 01:52:45,624 - Step 0 norm(X - TN_G_Ours): -25292.71484375
2024-12-16 01:52:47,447 - Step 1 norm(X - TN_G_Ours): -761.9192504882812
2024-12-16 01:52:49,407 - Step 2 norm(X - TN_G_Ours): -726.6598510742188
2024-12-16 01:52:51,390 - Step 3 norm(X - TN_G_Ours): -714.0379638671875
2024-12-16 01:52:53,349 - Step 4 norm(X - TN_G_Ours): -709.6969604492188
2024-12-16 01:52:55,277 - Step 5 norm(X - TN_G_Ours): -707.6337890625
2024-12-16 01:52:57,283 - Step 6 norm(X - TN_G_Ours): -706.2149658203125
2024-12-16 01:52:59,273 - Step 7 norm(X - TN_G_Ours): -704.9948120117188
2024-12-16 01:53:00,896 - Step 8 norm(X - TN_G_Ours): -703.8615112304688
2024-12-16 01:53:02,496 - Step 9 norm(X - TN_G_Ours): -702.8265380859375
2024-12-16 01:53:04,409 - Step 0 norm(X - TN_G_ATR): 155.74539184570312
2024-12-16 01:53:06,399 - Step 1 norm(X - TN_G_ATR): 26.719358444213867
2024-12-16 01:53:08,325 - Step 2 norm(X - TN_G_ATR): 26.599712371826172
2024-12-16 01:53:10,254 - Step 3 norm(X - TN_G_ATR): 26.548980712890625
2024-12-16 01:53:12,216 - Step 4 norm(X - TN_G_ATR): 26.632667541503906
2024-12-16 01:53:14,205 - Step 5 norm(X - TN_G_ATR): 26.49942398071289
2024-12-16 01:53:15,905 - Step 6 norm(X - TN_G_ATR): 26.479217529296875
2024-12-16 01:53:17,454 - Step 7 norm(X - TN_G_ATR): 26.463716506958008
2024-12-16 01:53:19,201 - Step 8 norm(X - TN_G_ATR): 26.452350616455078
2024-12-16 01:53:21,127 - Step 9 norm(X - TN_G_ATR): 26.449077606201172
2024-12-16 01:53:21,134 - Norm2 (Our Algorithm): 26.510875701904297
2024-12-16 01:53:21,134 - Norm2 (Comparison Algorithm): 26.449077606201172
2024-12-16 01:53:23,071 - Norm2 (Original TR Algorithm): 26.924985885620117
2024-12-16 01:53:23,176 - Clipping input data to the valid range for imshow with RGB data ([0..1] for floats or [0..255] for integers). Got range [-0.16918235..1.1639913].
2024-12-16 01:53:23,179 - Clipping input data to the valid range for imshow with RGB data ([0..1] for floats or [0..255] for integers). Got range [-1.0991744e-05..9.458555e-06].
2024-12-16 01:53:23,181 - Clipping input data to the valid range for imshow with RGB data ([0..1] for floats or [0..255] for integers). Got range [-8.048932e-06..1.000005].
2024-12-16 01:53:23,183 - Clipping input data to the valid range for imshow with RGB data ([0..1] for floats or [0..255] for integers). Got range [-0.12460313..1.155178].
2024-12-16 01:53:23,186 - Clipping input data to the valid range for imshow with RGB data ([0..1] for floats or [0..255] for integers). Got range [-0.010416006..0.010427339].
2024-12-16 01:53:23,188 - Clipping input data to the valid range for imshow with RGB data ([0..1] for floats or [0..255] for integers). Got range [-0.010185781..1.0101551].
2024-12-16 01:53:23,190 - Clipping input data to the valid range for imshow with RGB data ([0..1] for floats or [0..255] for integers). Got range [-0.12934153..1.1727371].
