2024-12-26 16:22:26,171 - Proposed-ATNMF Experiment
2024-12-26 16:22:26,171 - Optimization parameters:
2024-12-26 16:22:26,171 - epsilon (Frobenius norm constraint): 0.010000000000000002
2024-12-26 16:22:26,171 - inner_tol (Tolerance for inner optimization): 1e-10
2024-12-26 16:22:26,171 - lr (Learning rate): 0.001
2024-12-26 16:22:26,171 - outer_num_steps (Number of outer optimization steps): 300
2024-12-26 16:22:26,171 - inner_num_steps (Number of inner optimization steps): 100
2024-12-26 16:22:26,171 - outer_dis_num (Display loss every outer_dis_num steps): 10
2024-12-26 16:22:26,171 - inner_dis_num (Display loss every inner_dis_num steps): 2000
2024-12-26 16:22:28,772 - Step 0 norm(X - TN_G_Ours): 48.83901378588766, norm2(E): 0.10000000149011612
2024-12-26 16:22:28,963 - Step 1 norm(X - TN_G_Ours): 48.89702888309012, norm2(E): 0.10000000894069672
2024-12-26 16:22:29,166 - Step 2 norm(X - TN_G_Ours): 48.90158474154365, norm2(E): 0.10000000894069672
2024-12-26 16:22:29,355 - Step 3 norm(X - TN_G_Ours): 48.902019086159676, norm2(E): 0.09999999403953552
2024-12-26 16:22:29,549 - Step 4 norm(X - TN_G_Ours): 48.90212642360248, norm2(E): 0.10000000149011612
2024-12-26 16:22:29,735 - Step 5 norm(X - TN_G_Ours): 48.90210395764557, norm2(E): 0.09999998658895493
2024-12-26 16:22:29,932 - Step 6 norm(X - TN_G_Ours): 48.90212392738556, norm2(E): 0.10000000149011612
2024-12-26 16:22:30,116 - Step 7 norm(X - TN_G_Ours): 48.90195668056136, norm2(E): 0.10000001639127731
2024-12-26 16:22:30,314 - Step 8 norm(X - TN_G_Ours): 48.90212642360248, norm2(E): 0.10000000894069672
2024-12-26 16:22:30,496 - Step 9 norm(X - TN_G_Ours): 48.90210395764557, norm2(E): 0.10000000894069672
2024-12-26 16:22:30,685 - Step 10 norm(X - TN_G_Ours): 48.90200910126929, norm2(E): 0.10000000894069672
2024-12-26 16:22:30,865 - Step 11 norm(X - TN_G_Ours): 48.90205153703932, norm2(E): 0.10000000894069672
2024-12-26 16:22:31,056 - Step 12 norm(X - TN_G_Ours): 48.9020240786041, norm2(E): 0.10000000894069672
2024-12-26 16:22:31,240 - Step 13 norm(X - TN_G_Ours): 48.9020590257008, norm2(E): 0.10000000149011612
2024-12-26 16:22:31,421 - Step 14 norm(X - TN_G_Ours): 48.9020440483767, norm2(E): 0.10000000149011612
2024-12-26 16:22:31,608 - Step 15 norm(X - TN_G_Ours): 48.9020240786041, norm2(E): 0.10000000149011612
2024-12-26 16:22:31,790 - Step 16 norm(X - TN_G_Ours): 48.90201409371474, norm2(E): 0.10000000149011612
2024-12-26 16:22:31,976 - Step 17 norm(X - TN_G_Ours): 48.90202657482612, norm2(E): 0.10000000149011612
2024-12-26 16:22:32,176 - Step 18 norm(X - TN_G_Ours): 48.90205652948043, norm2(E): 0.10000000149011612
2024-12-26 16:22:32,359 - Step 19 norm(X - TN_G_Ours): 48.90199162770623, norm2(E): 0.10000000149011612
2024-12-26 16:22:32,547 - Step 20 norm(X - TN_G_Ours): 48.90207400302031, norm2(E): 0.10000000894069672
2024-12-26 16:22:32,739 - Step 21 norm(X - TN_G_Ours): 48.901966665462446, norm2(E): 0.10000000149011612
2024-12-26 16:22:32,925 - Step 22 norm(X - TN_G_Ours): 48.9019691616874, norm2(E): 0.10000000149011612
2024-12-26 16:22:33,103 - Step 23 norm(X - TN_G_Ours): 48.90192922207287, norm2(E): 0.10000000149011612
2024-12-26 16:22:33,287 - Step 24 norm(X - TN_G_Ours): 48.901959176786825, norm2(E): 0.09999999403953552
2024-12-26 16:22:33,464 - Step 25 norm(X - TN_G_Ours): 48.901974154136916, norm2(E): 0.10000000149011612
2024-12-26 16:22:33,651 - Step 26 norm(X - TN_G_Ours): 48.90181689173215, norm2(E): 0.10000000894069672
2024-12-26 16:22:33,834 - Step 27 norm(X - TN_G_Ours): 48.901781944462414, norm2(E): 0.09999999403953552
2024-12-26 16:22:34,016 - Step 28 norm(X - TN_G_Ours): 48.90183186912582, norm2(E): 0.10000000149011612
2024-12-26 16:22:34,202 - Step 29 norm(X - TN_G_Ours): 48.901931718299736, norm2(E): 0.10000000149011612
2024-12-26 16:22:34,381 - Step 30 norm(X - TN_G_Ours): 48.90193421452648, norm2(E): 0.10000000149011612
2024-12-26 16:22:34,561 - Step 31 norm(X - TN_G_Ours): 48.90195668056136, norm2(E): 0.10000000894069672
2024-12-26 16:22:34,748 - Step 32 norm(X - TN_G_Ours): 48.90192173339152, norm2(E): 0.10000000149011612
2024-12-26 16:22:34,928 - Step 33 norm(X - TN_G_Ours): 48.90196416923737, norm2(E): 0.10000000894069672
2024-12-26 16:22:35,108 - Step 34 norm(X - TN_G_Ours): 48.90195168811006, norm2(E): 0.10000000894069672
2024-12-26 16:22:35,284 - Step 35 norm(X - TN_G_Ours): 48.90196416923737, norm2(E): 0.10000000894069672
2024-12-26 16:22:35,466 - Step 36 norm(X - TN_G_Ours): 48.90191174848127, norm2(E): 0.09999999403953552
2024-12-26 16:22:35,662 - Step 37 norm(X - TN_G_Ours): 48.901931718299736, norm2(E): 0.10000000149011612
2024-12-26 16:22:35,850 - Step 38 norm(X - TN_G_Ours): 48.90189177865464, norm2(E): 0.10000000149011612
2024-12-26 16:22:36,025 - Step 39 norm(X - TN_G_Ours): 48.90191674093665, norm2(E): 0.10000000149011612
2024-12-26 16:22:36,220 - Step 40 norm(X - TN_G_Ours): 48.901936710753084, norm2(E): 0.09999999403953552
2024-12-26 16:22:36,402 - Step 41 norm(X - TN_G_Ours): 48.90191174848127, norm2(E): 0.10000000149011612
2024-12-26 16:22:36,582 - Step 42 norm(X - TN_G_Ours): 48.901871808819855, norm2(E): 0.10000000149011612
2024-12-26 16:22:36,766 - Step 43 norm(X - TN_G_Ours): 48.90186931258993, norm2(E): 0.10000000149011612
2024-12-26 16:22:36,950 - Step 44 norm(X - TN_G_Ours): 48.90196416923737, norm2(E): 0.10000000149011612
2024-12-26 16:22:37,135 - Step 45 norm(X - TN_G_Ours): 48.90185433520773, norm2(E): 0.10000000149011612
2024-12-26 16:22:37,315 - Step 46 norm(X - TN_G_Ours): 48.90188428996755, norm2(E): 0.10000000894069672
2024-12-26 16:22:37,500 - Step 47 norm(X - TN_G_Ours): 48.90189926734058, norm2(E): 0.10000000894069672
2024-12-26 16:22:37,683 - Step 48 norm(X - TN_G_Ours): 48.9018618238994, norm2(E): 0.10000000149011612
2024-12-26 16:22:37,859 - Step 49 norm(X - TN_G_Ours): 48.901791929399174, norm2(E): 0.10000000149011612
2024-12-26 16:22:38,038 - Step 50 norm(X - TN_G_Ours): 48.901761974582776, norm2(E): 0.10000000149011612
2024-12-26 16:22:38,216 - Step 51 norm(X - TN_G_Ours): 48.90183436535766, norm2(E): 0.10000000149011612
2024-12-26 16:22:38,394 - Step 52 norm(X - TN_G_Ours): 48.90181689173215, norm2(E): 0.10000000149011612
2024-12-26 16:22:38,573 - Step 53 norm(X - TN_G_Ours): 48.90185433520773, norm2(E): 0.10000000894069672
2024-12-26 16:22:38,757 - Step 54 norm(X - TN_G_Ours): 48.90183436535766, norm2(E): 0.09999998658895493
2024-12-26 16:22:38,935 - Step 55 norm(X - TN_G_Ours): 48.90179442563304, norm2(E): 0.10000000149011612
2024-12-26 16:22:39,114 - Step 56 norm(X - TN_G_Ours): 48.90181439549943, norm2(E): 0.10000000894069672
2024-12-26 16:22:39,292 - Step 57 norm(X - TN_G_Ours): 48.90174450093141, norm2(E): 0.10000000149011612
2024-12-26 16:22:39,470 - Step 58 norm(X - TN_G_Ours): 48.901779448227906, norm2(E): 0.10000000894069672
2024-12-26 16:22:39,648 - Step 59 norm(X - TN_G_Ours): 48.901769463288595, norm2(E): 0.10000000149011612
2024-12-26 16:22:39,827 - Step 60 norm(X - TN_G_Ours): 48.90167710250334, norm2(E): 0.10000000149011612
2024-12-26 16:22:40,003 - Step 61 norm(X - TN_G_Ours): 48.901674606263484, norm2(E): 0.10000000894069672
2024-12-26 16:22:40,182 - Step 62 norm(X - TN_G_Ours): 48.901647147616615, norm2(E): 0.10000000894069672
2024-12-26 16:22:40,363 - Step 63 norm(X - TN_G_Ours): 48.90165962882165, norm2(E): 0.10000000149011612
2024-12-26 16:22:40,542 - Step 64 norm(X - TN_G_Ours): 48.90158973403242, norm2(E): 0.10000000149011612
2024-12-26 16:22:40,726 - Step 65 norm(X - TN_G_Ours): 48.901632170166366, norm2(E): 0.10000000894069672
2024-12-26 16:22:40,903 - Step 66 norm(X - TN_G_Ours): 48.901617192711534, norm2(E): 0.09999998658895493
2024-12-26 16:22:41,087 - Step 67 norm(X - TN_G_Ours): 48.90161968895432, norm2(E): 0.10000000149011612
2024-12-26 16:22:41,265 - Step 68 norm(X - TN_G_Ours): 48.90150985415097, norm2(E): 0.10000000149011612
2024-12-26 16:22:41,443 - Step 69 norm(X - TN_G_Ours): 48.90154230536855, norm2(E): 0.10000000149011612
2024-12-26 16:22:41,623 - Step 70 norm(X - TN_G_Ours): 48.90152233539105, norm2(E): 0.10000000894069672
2024-12-26 16:22:41,800 - Step 71 norm(X - TN_G_Ours): 48.90150735790258, norm2(E): 0.10000000149011612
2024-12-26 16:22:41,979 - Step 72 norm(X - TN_G_Ours): 48.901477402911866, norm2(E): 0.10000000149011612
2024-12-26 16:22:42,158 - Step 73 norm(X - TN_G_Ours): 48.90142747788657, norm2(E): 0.10000000149011612
2024-12-26 16:22:42,343 - Step 74 norm(X - TN_G_Ours): 48.9013950265928, norm2(E): 0.10000000149011612
2024-12-26 16:22:42,519 - Step 75 norm(X - TN_G_Ours): 48.9013950265928, norm2(E): 0.09999998658895493
2024-12-26 16:22:42,697 - Step 76 norm(X - TN_G_Ours): 48.90140750786218, norm2(E): 0.10000001639127731
2024-12-26 16:22:42,875 - Step 77 norm(X - TN_G_Ours): 48.90136756778894, norm2(E): 0.10000000149011612
2024-12-26 16:22:43,055 - Step 78 norm(X - TN_G_Ours): 48.901419989128385, norm2(E): 0.10000000149011612
2024-12-26 16:22:43,232 - Step 79 norm(X - TN_G_Ours): 48.901302665100346, norm2(E): 0.10000000149011612
2024-12-26 16:22:43,402 - Step 80 norm(X - TN_G_Ours): 48.901342605226596, norm2(E): 0.10000000894069672
2024-12-26 16:22:43,548 - Step 81 norm(X - TN_G_Ours): 48.901232769800906, norm2(E): 0.10000000149011612
2024-12-26 16:22:43,694 - Step 82 norm(X - TN_G_Ours): 48.90133262019809, norm2(E): 0.10000000894069672
2024-12-26 16:22:43,841 - Step 83 norm(X - TN_G_Ours): 48.90126022868046, norm2(E): 0.10000000894069672
2024-12-26 16:22:43,985 - Step 84 norm(X - TN_G_Ours): 48.901342605226596, norm2(E): 0.09999999403953552
2024-12-26 16:22:44,130 - Step 85 norm(X - TN_G_Ours): 48.90136257527749, norm2(E): 0.10000000149011612
2024-12-26 16:22:44,280 - Step 86 norm(X - TN_G_Ours): 48.90126022868046, norm2(E): 0.10000000149011612
2024-12-26 16:22:44,439 - Step 87 norm(X - TN_G_Ours): 48.90120531090594, norm2(E): 0.10000000149011612
2024-12-26 16:22:44,583 - Step 88 norm(X - TN_G_Ours): 48.90119282958494, norm2(E): 0.10000000149011612
2024-12-26 16:22:44,734 - Step 89 norm(X - TN_G_Ours): 48.90121279969701, norm2(E): 0.10000000894069672
2024-12-26 16:22:44,878 - Step 90 norm(X - TN_G_Ours): 48.901267717463114, norm2(E): 0.10000001639127731
2024-12-26 16:22:45,022 - Step 91 norm(X - TN_G_Ours): 48.90114540053612, norm2(E): 0.10000000894069672
2024-12-26 16:22:45,168 - Step 92 norm(X - TN_G_Ours): 48.901162874401564, norm2(E): 0.10000000149011612
2024-12-26 16:22:45,320 - Step 93 norm(X - TN_G_Ours): 48.90118534079082, norm2(E): 0.10000000894069672
2024-12-26 16:22:45,468 - Step 94 norm(X - TN_G_Ours): 48.901162874401564, norm2(E): 0.10000000149011612
2024-12-26 16:22:45,614 - Step 95 norm(X - TN_G_Ours): 48.90115288933636, norm2(E): 0.09999999403953552
2024-12-26 16:22:45,759 - Step 96 norm(X - TN_G_Ours): 48.90105553484378, norm2(E): 0.10000000894069672
2024-12-26 16:22:45,904 - Step 97 norm(X - TN_G_Ours): 48.90113291919984, norm2(E): 0.10000000149011612
2024-12-26 16:22:46,049 - Step 98 norm(X - TN_G_Ours): 48.90110795651771, norm2(E): 0.10000000149011612
2024-12-26 16:22:46,187 - Step 99 norm(X - TN_G_Ours): 48.90108798636284, norm2(E): 0.10000000149011612
2024-12-26 16:22:46,332 - Step 100 norm(X - TN_G_Ours): 48.90105553484378, norm2(E): 0.10000000894069672
2024-12-26 16:22:46,478 - Step 101 norm(X - TN_G_Ours): 48.901097971441295, norm2(E): 0.10000000149011612
2024-12-26 16:22:46,623 - Step 102 norm(X - TN_G_Ours): 48.90115788186922, norm2(E): 0.10000000149011612
2024-12-26 16:22:46,773 - Step 103 norm(X - TN_G_Ours): 48.90111794159209, norm2(E): 0.10000000149011612
2024-12-26 16:22:46,919 - Step 104 norm(X - TN_G_Ours): 48.9011304229322, norm2(E): 0.10000000149011612
2024-12-26 16:22:47,072 - Step 105 norm(X - TN_G_Ours): 48.901053038572186, norm2(E): 0.10000000149011612
2024-12-26 16:22:47,218 - Step 106 norm(X - TN_G_Ours): 48.90105553484378, norm2(E): 0.10000000149011612
2024-12-26 16:22:47,363 - Step 107 norm(X - TN_G_Ours): 48.90094819505037, norm2(E): 0.10000000894069672
2024-12-26 16:22:47,508 - Step 108 norm(X - TN_G_Ours): 48.901065519928856, norm2(E): 0.10000000149011612
2024-12-26 16:22:47,661 - Step 109 norm(X - TN_G_Ours): 48.90100560938778, norm2(E): 0.10000000149011612
2024-12-26 16:22:47,807 - Step 110 norm(X - TN_G_Ours): 48.90112043786037, norm2(E): 0.10000000894069672
2024-12-26 16:22:47,951 - Step 111 norm(X - TN_G_Ours): 48.90110795651771, norm2(E): 0.10000000149011612
2024-12-26 16:22:48,097 - Step 112 norm(X - TN_G_Ours): 48.901053038572186, norm2(E): 0.10000000894069672
2024-12-26 16:22:48,243 - Step 113 norm(X - TN_G_Ours): 48.90100560938778, norm2(E): 0.10000000894069672
2024-12-26 16:22:48,386 - Step 114 norm(X - TN_G_Ours): 48.90099312801581, norm2(E): 0.10000000149011612
2024-12-26 16:22:48,530 - Step 115 norm(X - TN_G_Ours): 48.90104554975665, norm2(E): 0.10000000894069672
2024-12-26 16:22:48,682 - Step 116 norm(X - TN_G_Ours): 48.900960676433805, norm2(E): 0.09999998658895493
2024-12-26 16:22:48,827 - Step 117 norm(X - TN_G_Ours): 48.901030572122146, norm2(E): 0.10000000149011612
2024-12-26 16:22:48,972 - Step 118 norm(X - TN_G_Ours): 48.90096317271011, norm2(E): 0.10000000149011612
2024-12-26 16:22:49,124 - Step 119 norm(X - TN_G_Ours): 48.90098064664067, norm2(E): 0.10000000149011612
2024-12-26 16:22:49,273 - Step 120 norm(X - TN_G_Ours): 48.90109547517187, norm2(E): 0.10000000149011612
2024-12-26 16:22:49,424 - Step 121 norm(X - TN_G_Ours): 48.901000616839376, norm2(E): 0.10000000149011612
2024-12-26 16:22:49,569 - Step 122 norm(X - TN_G_Ours): 48.90105054230047, norm2(E): 0.10000000149011612
2024-12-26 16:22:49,713 - Step 123 norm(X - TN_G_Ours): 48.90096566898628, norm2(E): 0.09999999403953552
2024-12-26 16:22:49,859 - Step 124 norm(X - TN_G_Ours): 48.90094070621878, norm2(E): 0.10000000149011612
2024-12-26 16:22:50,004 - Step 125 norm(X - TN_G_Ours): 48.90099063174104, norm2(E): 0.09999999403953552
2024-12-26 16:22:50,148 - Step 126 norm(X - TN_G_Ours): 48.90103306839488, norm2(E): 0.10000000149011612
2024-12-26 16:22:50,295 - Step 127 norm(X - TN_G_Ours): 48.90095069132731, norm2(E): 0.10000000149011612
2024-12-26 16:22:50,442 - Step 128 norm(X - TN_G_Ours): 48.90095818015737, norm2(E): 0.10000000149011612
2024-12-26 16:22:50,586 - Step 129 norm(X - TN_G_Ours): 48.901010601935674, norm2(E): 0.10000001639127731
2024-12-26 16:22:50,734 - Step 130 norm(X - TN_G_Ours): 48.900978150365255, norm2(E): 0.10000000894069672
2024-12-26 16:22:50,879 - Step 131 norm(X - TN_G_Ours): 48.900953187604124, norm2(E): 0.10000000894069672
2024-12-26 16:22:51,024 - Step 132 norm(X - TN_G_Ours): 48.90099063174104, norm2(E): 0.10000000149011612
2024-12-26 16:22:51,169 - Step 133 norm(X - TN_G_Ours): 48.900985639191106, norm2(E): 0.10000000149011612
2024-12-26 16:22:51,314 - Step 134 norm(X - TN_G_Ours): 48.90095818015737, norm2(E): 0.10000000894069672
2024-12-26 16:22:51,460 - Step 135 norm(X - TN_G_Ours): 48.90095818015737, norm2(E): 0.09999999403953552
2024-12-26 16:22:51,605 - Step 136 norm(X - TN_G_Ours): 48.90097315781405, norm2(E): 0.10000000894069672
2024-12-26 16:22:51,751 - Step 137 norm(X - TN_G_Ours): 48.90101809075656, norm2(E): 0.09999999403953552
2024-12-26 16:22:51,895 - Step 138 norm(X - TN_G_Ours): 48.90100311311364, norm2(E): 0.10000000894069672
2024-12-26 16:22:52,041 - Step 139 norm(X - TN_G_Ours): 48.90094819505037, norm2(E): 0.10000000149011612
2024-12-26 16:22:52,186 - Step 140 norm(X - TN_G_Ours): 48.90094070621878, norm2(E): 0.10000000149011612
2024-12-26 16:22:52,332 - Step 141 norm(X - TN_G_Ours): 48.900960676433805, norm2(E): 0.09999999403953552
2024-12-26 16:22:52,477 - Step 142 norm(X - TN_G_Ours): 48.900968165262334, norm2(E): 0.10000000894069672
2024-12-26 16:22:52,622 - Step 143 norm(X - TN_G_Ours): 48.901010601935674, norm2(E): 0.10000000149011612
2024-12-26 16:22:52,781 - Step 144 norm(X - TN_G_Ours): 48.900988135466136, norm2(E): 0.10000000149011612
2024-12-26 16:22:52,927 - Step 145 norm(X - TN_G_Ours): 48.90096317271011, norm2(E): 0.09999998658895493
2024-12-26 16:22:53,078 - Step 146 norm(X - TN_G_Ours): 48.900913247159814, norm2(E): 0.10000000149011612
2024-12-26 16:22:53,224 - Step 147 norm(X - TN_G_Ours): 48.90100560938778, norm2(E): 0.10000000894069672
2024-12-26 16:22:53,370 - Step 148 norm(X - TN_G_Ours): 48.90088329180517, norm2(E): 0.10000000149011612
2024-12-26 16:22:53,515 - Step 149 norm(X - TN_G_Ours): 48.90096317271011, norm2(E): 0.09999998658895493
2024-12-26 16:22:53,663 - Step 150 norm(X - TN_G_Ours): 48.90093321738605, norm2(E): 0.10000000894069672
2024-12-26 16:22:53,811 - Step 151 norm(X - TN_G_Ours): 48.90097315781405, norm2(E): 0.10000000894069672
2024-12-26 16:22:53,955 - Step 152 norm(X - TN_G_Ours): 48.900960676433805, norm2(E): 0.10000000149011612
2024-12-26 16:22:54,103 - Step 153 norm(X - TN_G_Ours): 48.90100560938778, norm2(E): 0.10000000149011612
2024-12-26 16:22:54,248 - Step 154 norm(X - TN_G_Ours): 48.901015594483056, norm2(E): 0.10000000149011612
2024-12-26 16:22:54,397 - Step 155 norm(X - TN_G_Ours): 48.900953187604124, norm2(E): 0.10000000149011612
2024-12-26 16:22:54,551 - Step 156 norm(X - TN_G_Ours): 48.90102308330317, norm2(E): 0.10000000149011612
2024-12-26 16:22:54,698 - Step 157 norm(X - TN_G_Ours): 48.90102557957629, norm2(E): 0.10000000149011612
2024-12-26 16:22:54,843 - Step 158 norm(X - TN_G_Ours): 48.90094819505037, norm2(E): 0.10000000149011612
2024-12-26 16:22:54,989 - Step 159 norm(X - TN_G_Ours): 48.90103306839488, norm2(E): 0.10000000149011612
2024-12-26 16:22:55,143 - Step 160 norm(X - TN_G_Ours): 48.90097565408971, norm2(E): 0.09999999403953552
2024-12-26 16:22:55,290 - Step 161 norm(X - TN_G_Ours): 48.900953187604124, norm2(E): 0.10000000149011612
2024-12-26 16:22:55,440 - Step 162 norm(X - TN_G_Ours): 48.900873306682875, norm2(E): 0.09999999403953552
2024-12-26 16:22:55,583 - Step 163 norm(X - TN_G_Ours): 48.90100560938778, norm2(E): 0.10000000149011612
2024-12-26 16:22:55,729 - Step 164 norm(X - TN_G_Ours): 48.9010755050119, norm2(E): 0.10000000894069672
2024-12-26 16:22:55,872 - Step 165 norm(X - TN_G_Ours): 48.90097565408971, norm2(E): 0.10000000894069672
2024-12-26 16:22:56,018 - Step 166 norm(X - TN_G_Ours): 48.90102058702993, norm2(E): 0.10000000149011612
2024-12-26 16:22:56,163 - Step 167 norm(X - TN_G_Ours): 48.90100810566179, norm2(E): 0.10000000149011612
2024-12-26 16:22:56,313 - Step 168 norm(X - TN_G_Ours): 48.901038060939975, norm2(E): 0.10000000149011612
2024-12-26 16:22:56,456 - Step 169 norm(X - TN_G_Ours): 48.90108299382285, norm2(E): 0.09999999403953552
2024-12-26 16:22:56,602 - Step 170 norm(X - TN_G_Ours): 48.901053038572186, norm2(E): 0.10000000149011612
2024-12-26 16:22:56,756 - Step 171 norm(X - TN_G_Ours): 48.90102807584928, norm2(E): 0.10000000894069672
2024-12-26 16:22:56,901 - Step 172 norm(X - TN_G_Ours): 48.901035564667495, norm2(E): 0.10000001639127731
2024-12-26 16:22:57,047 - Step 173 norm(X - TN_G_Ours): 48.90110296397976, norm2(E): 0.10000000149011612
2024-12-26 16:22:57,194 - Step 174 norm(X - TN_G_Ours): 48.90105054230047, norm2(E): 0.10000000894069672
2024-12-26 16:22:57,345 - Step 175 norm(X - TN_G_Ours): 48.90106801619981, norm2(E): 0.10000000894069672
2024-12-26 16:22:57,490 - Step 176 norm(X - TN_G_Ours): 48.901058031115234, norm2(E): 0.10000000894069672
2024-12-26 16:22:57,635 - Step 177 norm(X - TN_G_Ours): 48.90109297890232, norm2(E): 0.10000000894069672
2024-12-26 16:22:57,789 - Step 178 norm(X - TN_G_Ours): 48.901080497552655, norm2(E): 0.10000000894069672
2024-12-26 16:22:57,933 - Step 179 norm(X - TN_G_Ours): 48.90112792666443, norm2(E): 0.10000000149011612
2024-12-26 16:22:58,078 - Step 180 norm(X - TN_G_Ours): 48.90109547517187, norm2(E): 0.10000000149011612
2024-12-26 16:22:58,222 - Step 181 norm(X - TN_G_Ours): 48.90115288933636, norm2(E): 0.10000000894069672
2024-12-26 16:22:58,367 - Step 182 norm(X - TN_G_Ours): 48.9011753557302, norm2(E): 0.10000000149011612
2024-12-26 16:22:58,511 - Step 183 norm(X - TN_G_Ours): 48.901122934128516, norm2(E): 0.10000000894069672
2024-12-26 16:22:58,656 - Step 184 norm(X - TN_G_Ours): 48.90114540053612, norm2(E): 0.10000000149011612
2024-12-26 16:22:58,811 - Step 185 norm(X - TN_G_Ours): 48.9011054602488, norm2(E): 0.10000000149011612
2024-12-26 16:22:58,956 - Step 186 norm(X - TN_G_Ours): 48.90113541546735, norm2(E): 0.09999998658895493
2024-12-26 16:22:59,111 - Step 187 norm(X - TN_G_Ours): 48.90115288933636, norm2(E): 0.10000000149011612
2024-12-26 16:22:59,259 - Step 188 norm(X - TN_G_Ours): 48.901207807169754, norm2(E): 0.10000000149011612
2024-12-26 16:22:59,406 - Step 189 norm(X - TN_G_Ours): 48.901167866933406, norm2(E): 0.10000000149011612
2024-12-26 16:22:59,553 - Step 190 norm(X - TN_G_Ours): 48.90122777727569, norm2(E): 0.10000000149011612
2024-12-26 16:22:59,697 - Step 191 norm(X - TN_G_Ours): 48.90118783705566, norm2(E): 0.10000000149011612
2024-12-26 16:22:59,843 - Step 192 norm(X - TN_G_Ours): 48.90114040800199, norm2(E): 0.10000000149011612
2024-12-26 16:22:59,987 - Step 193 norm(X - TN_G_Ours): 48.90122777727569, norm2(E): 0.10000000894069672
2024-12-26 16:23:00,144 - Step 194 norm(X - TN_G_Ours): 48.90117036319913, norm2(E): 0.10000000149011612
2024-12-26 16:23:00,292 - Step 195 norm(X - TN_G_Ours): 48.90121279969701, norm2(E): 0.10000000149011612
2024-12-26 16:23:00,439 - Step 196 norm(X - TN_G_Ours): 48.90124025858777, norm2(E): 0.10000000149011612
2024-12-26 16:23:00,583 - Step 197 norm(X - TN_G_Ours): 48.901222784749976, norm2(E): 0.09999999403953552
2024-12-26 16:23:00,728 - Step 198 norm(X - TN_G_Ours): 48.901280198764994, norm2(E): 0.10000000149011612
2024-12-26 16:23:00,872 - Step 199 norm(X - TN_G_Ours): 48.90130016884137, norm2(E): 0.10000000149011612
2024-12-26 16:23:01,016 - Step 200 norm(X - TN_G_Ours): 48.90123776232561, norm2(E): 0.10000001639127731
2024-12-26 16:23:01,170 - Step 201 norm(X - TN_G_Ours): 48.901215295960434, norm2(E): 0.10000000149011612
2024-12-26 16:23:01,315 - Step 202 norm(X - TN_G_Ours): 48.90129268006368, norm2(E): 0.10000000894069672
2024-12-26 16:23:01,460 - Step 203 norm(X - TN_G_Ours): 48.90133511645541, norm2(E): 0.10000000894069672
2024-12-26 16:23:01,605 - Step 204 norm(X - TN_G_Ours): 48.901397522846935, norm2(E): 0.10000000149011612
2024-12-26 16:23:01,751 - Step 205 norm(X - TN_G_Ours): 48.90138753782964, norm2(E): 0.10000001639127731
2024-12-26 16:23:01,894 - Step 206 norm(X - TN_G_Ours): 48.9013950265928, norm2(E): 0.09999999403953552
2024-12-26 16:23:02,040 - Step 207 norm(X - TN_G_Ours): 48.9013376127126, norm2(E): 0.09999999403953552
2024-12-26 16:23:02,181 - Step 208 norm(X - TN_G_Ours): 48.90137006404447, norm2(E): 0.10000000149011612
2024-12-26 16:23:02,327 - Step 209 norm(X - TN_G_Ours): 48.90143995914767, norm2(E): 0.10000000149011612
2024-12-26 16:23:02,471 - Step 210 norm(X - TN_G_Ours): 48.90142248538124, norm2(E): 0.10000000149011612
2024-12-26 16:23:02,618 - Step 211 norm(X - TN_G_Ours): 48.90143995914767, norm2(E): 0.09999998658895493
2024-12-26 16:23:02,773 - Step 212 norm(X - TN_G_Ours): 48.90135009399664, norm2(E): 0.10000000894069672
2024-12-26 16:23:02,919 - Step 213 norm(X - TN_G_Ours): 48.90142747788657, norm2(E): 0.10000000149011612
2024-12-26 16:23:03,064 - Step 214 norm(X - TN_G_Ours): 48.90140251535481, norm2(E): 0.10000000149011612
2024-12-26 16:23:03,210 - Step 215 norm(X - TN_G_Ours): 48.90142498163397, norm2(E): 0.09999998658895493
2024-12-26 16:23:03,355 - Step 216 norm(X - TN_G_Ours): 48.901357582765534, norm2(E): 0.10000000894069672
2024-12-26 16:23:03,502 - Step 217 norm(X - TN_G_Ours): 48.901417492875396, norm2(E): 0.09999998658895493
2024-12-26 16:23:03,648 - Step 218 norm(X - TN_G_Ours): 48.90152483163869, norm2(E): 0.10000000149011612
2024-12-26 16:23:03,796 - Step 219 norm(X - TN_G_Ours): 48.901414996622286, norm2(E): 0.09999998658895493
2024-12-26 16:23:03,943 - Step 220 norm(X - TN_G_Ours): 48.90143496664362, norm2(E): 0.10000000149011612
2024-12-26 16:23:04,090 - Step 221 norm(X - TN_G_Ours): 48.901469914161325, norm2(E): 0.10000000894069672
2024-12-26 16:23:04,236 - Step 222 norm(X - TN_G_Ours): 48.901512350399244, norm2(E): 0.10000000149011612
2024-12-26 16:23:04,386 - Step 223 norm(X - TN_G_Ours): 48.901492380409515, norm2(E): 0.10000000894069672
2024-12-26 16:23:04,530 - Step 224 norm(X - TN_G_Ours): 48.90143995914767, norm2(E): 0.10000000149011612
2024-12-26 16:23:04,677 - Step 225 norm(X - TN_G_Ours): 48.90152982413357, norm2(E): 0.09999998658895493
2024-12-26 16:23:04,828 - Step 226 norm(X - TN_G_Ours): 48.90151484664739, norm2(E): 0.10000000149011612
2024-12-26 16:23:04,976 - Step 227 norm(X - TN_G_Ours): 48.901532320380824, norm2(E): 0.10000000894069672
2024-12-26 16:23:05,127 - Step 228 norm(X - TN_G_Ours): 48.90147241041163, norm2(E): 0.10000000894069672
2024-12-26 16:23:05,273 - Step 229 norm(X - TN_G_Ours): 48.90152483163869, norm2(E): 0.10000000149011612
2024-12-26 16:23:05,412 - Step 230 norm(X - TN_G_Ours): 48.90153731287494, norm2(E): 0.10000000149011612
2024-12-26 16:23:05,557 - Step 231 norm(X - TN_G_Ours): 48.90153731287494, norm2(E): 0.10000000149011612
2024-12-26 16:23:05,703 - Step 232 norm(X - TN_G_Ours): 48.90154480161517, norm2(E): 0.10000000149011612
2024-12-26 16:23:05,848 - Step 233 norm(X - TN_G_Ours): 48.901572260319504, norm2(E): 0.10000000894069672
2024-12-26 16:23:05,995 - Step 234 norm(X - TN_G_Ours): 48.90152982413357, norm2(E): 0.09999999403953552
2024-12-26 16:23:06,139 - Step 235 norm(X - TN_G_Ours): 48.901504861654054, norm2(E): 0.10000000149011612
2024-12-26 16:23:06,285 - Step 236 norm(X - TN_G_Ours): 48.90158474154365, norm2(E): 0.10000000149011612
2024-12-26 16:23:06,429 - Step 237 norm(X - TN_G_Ours): 48.90152982413357, norm2(E): 0.10000000149011612
2024-12-26 16:23:06,574 - Step 238 norm(X - TN_G_Ours): 48.90157974905438, norm2(E): 0.10000000894069672
2024-12-26 16:23:06,718 - Step 239 norm(X - TN_G_Ours): 48.9015872377881, norm2(E): 0.09999999403953552
2024-12-26 16:23:06,863 - Step 240 norm(X - TN_G_Ours): 48.90159971900842, norm2(E): 0.10000000149011612
2024-12-26 16:23:07,008 - Step 241 norm(X - TN_G_Ours): 48.90168209498268, norm2(E): 0.10000000149011612
2024-12-26 16:23:07,161 - Step 242 norm(X - TN_G_Ours): 48.90157974905438, norm2(E): 0.10000000149011612
2024-12-26 16:23:07,318 - Step 243 norm(X - TN_G_Ours): 48.90154230536855, norm2(E): 0.10000000894069672
2024-12-26 16:23:07,463 - Step 244 norm(X - TN_G_Ours): 48.901577252809545, norm2(E): 0.09999999403953552
2024-12-26 16:23:07,609 - Step 245 norm(X - TN_G_Ours): 48.90164215513371, norm2(E): 0.10000000149011612
2024-12-26 16:23:07,753 - Step 246 norm(X - TN_G_Ours): 48.90160720773909, norm2(E): 0.10000000149011612
2024-12-26 16:23:07,898 - Step 247 norm(X - TN_G_Ours): 48.90163716265029, norm2(E): 0.10000000149011612
2024-12-26 16:23:08,043 - Step 248 norm(X - TN_G_Ours): 48.901632170166366, norm2(E): 0.10000000149011612
2024-12-26 16:23:08,189 - Step 249 norm(X - TN_G_Ours): 48.90160221525211, norm2(E): 0.10000000149011612
2024-12-26 16:23:08,335 - Step 250 norm(X - TN_G_Ours): 48.901622185196985, norm2(E): 0.10000000894069672
2024-12-26 16:23:08,480 - Step 251 norm(X - TN_G_Ours): 48.90165214009901, norm2(E): 0.10000000149011612
2024-12-26 16:23:08,625 - Step 252 norm(X - TN_G_Ours): 48.90164465137522, norm2(E): 0.10000000149011612
2024-12-26 16:23:08,778 - Step 253 norm(X - TN_G_Ours): 48.901617192711534, norm2(E): 0.10000000149011612
2024-12-26 16:23:08,923 - Step 254 norm(X - TN_G_Ours): 48.90165214009901, norm2(E): 0.10000000149011612
2024-12-26 16:23:09,067 - Step 255 norm(X - TN_G_Ours): 48.901632170166366, norm2(E): 0.10000000149011612
2024-12-26 16:23:09,222 - Step 256 norm(X - TN_G_Ours): 48.90164964385787, norm2(E): 0.10000000149011612
2024-12-26 16:23:09,380 - Step 257 norm(X - TN_G_Ours): 48.901674606263484, norm2(E): 0.10000000149011612
2024-12-26 16:23:09,525 - Step 258 norm(X - TN_G_Ours): 48.901622185196985, norm2(E): 0.10000000894069672
2024-12-26 16:23:09,666 - Step 259 norm(X - TN_G_Ours): 48.90167959874308, norm2(E): 0.10000000149011612
2024-12-26 16:23:09,813 - Step 260 norm(X - TN_G_Ours): 48.90165962882165, norm2(E): 0.10000001639127731
2024-12-26 16:23:09,960 - Step 261 norm(X - TN_G_Ours): 48.90165962882165, norm2(E): 0.10000000149011612
2024-12-26 16:23:10,113 - Step 262 norm(X - TN_G_Ours): 48.90164215513371, norm2(E): 0.10000000894069672
2024-12-26 16:23:10,260 - Step 263 norm(X - TN_G_Ours): 48.901622185196985, norm2(E): 0.10000000149011612
2024-12-26 16:23:10,410 - Step 264 norm(X - TN_G_Ours): 48.90168708746151, norm2(E): 0.10000000149011612
2024-12-26 16:23:10,554 - Step 265 norm(X - TN_G_Ours): 48.90159971900842, norm2(E): 0.10000000149011612
2024-12-26 16:23:10,699 - Step 266 norm(X - TN_G_Ours): 48.901612200225564, norm2(E): 0.09999999403953552
2024-12-26 16:23:10,845 - Step 267 norm(X - TN_G_Ours): 48.901674606263484, norm2(E): 0.09999998658895493
2024-12-26 16:23:10,988 - Step 268 norm(X - TN_G_Ours): 48.90172203479904, norm2(E): 0.10000000894069672
2024-12-26 16:23:11,133 - Step 269 norm(X - TN_G_Ours): 48.90155728284632, norm2(E): 0.10000000149011612
2024-12-26 16:23:11,280 - Step 270 norm(X - TN_G_Ours): 48.90159223027661, norm2(E): 0.10000000894069672
2024-12-26 16:23:11,432 - Step 271 norm(X - TN_G_Ours): 48.901574756564585, norm2(E): 0.10000000149011612
2024-12-26 16:23:11,582 - Step 272 norm(X - TN_G_Ours): 48.90162967392421, norm2(E): 0.10000000149011612
2024-12-26 16:23:11,726 - Step 273 norm(X - TN_G_Ours): 48.9017045611334, norm2(E): 0.10000000149011612
2024-12-26 16:23:11,872 - Step 274 norm(X - TN_G_Ours): 48.9016721100235, norm2(E): 0.10000000894069672
2024-12-26 16:23:12,017 - Step 275 norm(X - TN_G_Ours): 48.901699568656355, norm2(E): 0.10000000149011612
2024-12-26 16:23:12,164 - Step 276 norm(X - TN_G_Ours): 48.901684591222164, norm2(E): 0.10000000149011612
2024-12-26 16:23:12,311 - Step 277 norm(X - TN_G_Ours): 48.90165214009901, norm2(E): 0.10000000149011612
2024-12-26 16:23:12,455 - Step 278 norm(X - TN_G_Ours): 48.901647147616615, norm2(E): 0.10000000894069672
2024-12-26 16:23:12,599 - Step 279 norm(X - TN_G_Ours): 48.90166212506227, norm2(E): 0.10000000149011612
2024-12-26 16:23:12,744 - Step 280 norm(X - TN_G_Ours): 48.90167710250334, norm2(E): 0.10000000149011612
2024-12-26 16:23:12,888 - Step 281 norm(X - TN_G_Ours): 48.90167959874308, norm2(E): 0.10000000149011612
2024-12-26 16:23:13,033 - Step 282 norm(X - TN_G_Ours): 48.9017045611334, norm2(E): 0.10000000894069672
2024-12-26 16:23:13,187 - Step 283 norm(X - TN_G_Ours): 48.90161968895432, norm2(E): 0.10000000894069672
2024-12-26 16:23:13,332 - Step 284 norm(X - TN_G_Ours): 48.90169707241764, norm2(E): 0.10000000149011612
2024-12-26 16:23:13,478 - Step 285 norm(X - TN_G_Ours): 48.901674606263484, norm2(E): 0.10000000149011612
2024-12-26 16:23:13,623 - Step 286 norm(X - TN_G_Ours): 48.901657132580894, norm2(E): 0.10000000149011612
2024-12-26 16:23:13,768 - Step 287 norm(X - TN_G_Ours): 48.9016721100235, norm2(E): 0.10000000149011612
2024-12-26 16:23:14,084 - Step 288 norm(X - TN_G_Ours): 48.90162967392421, norm2(E): 0.10000000149011612
2024-12-26 16:23:14,231 - Step 289 norm(X - TN_G_Ours): 48.90166212506227, norm2(E): 0.10000000149011612
2024-12-26 16:23:14,381 - Step 290 norm(X - TN_G_Ours): 48.90166711754314, norm2(E): 0.10000000149011612
2024-12-26 16:23:14,526 - Step 291 norm(X - TN_G_Ours): 48.90162967392421, norm2(E): 0.10000000149011612
2024-12-26 16:23:14,671 - Step 292 norm(X - TN_G_Ours): 48.90168209498268, norm2(E): 0.10000000149011612
2024-12-26 16:23:14,824 - Step 293 norm(X - TN_G_Ours): 48.90164964385787, norm2(E): 0.10000000149011612
2024-12-26 16:23:14,971 - Step 294 norm(X - TN_G_Ours): 48.90163466640839, norm2(E): 0.10000000149011612
2024-12-26 16:23:15,120 - Step 295 norm(X - TN_G_Ours): 48.901617192711534, norm2(E): 0.10000000149011612
2024-12-26 16:23:15,267 - Step 296 norm(X - TN_G_Ours): 48.90167959874308, norm2(E): 0.10000000149011612
2024-12-26 16:23:15,422 - Step 297 norm(X - TN_G_Ours): 48.901612200225564, norm2(E): 0.10000000149011612
2024-12-26 16:23:15,568 - Step 298 norm(X - TN_G_Ours): 48.90168209498268, norm2(E): 0.10000000149011612
2024-12-26 16:23:15,723 - Step 299 norm(X - TN_G_Ours): 48.90172453103648, norm2(E): 0.10000000149011612
2024-12-26 16:23:15,814 - Step 0 norm(X - TN_G_ATR): 15.756866455078125, norm2(E): 0.10000000149011612
2024-12-26 16:23:15,904 - Step 1 norm(X - TN_G_ATR): 15.755509376525879, norm2(E): 0.10000000149011612
2024-12-26 16:23:15,993 - Step 2 norm(X - TN_G_ATR): 15.755369186401367, norm2(E): 0.10000000149011612
2024-12-26 16:23:16,082 - Step 3 norm(X - TN_G_ATR): 15.755338668823242, norm2(E): 0.10000000149011612
2024-12-26 16:23:16,167 - Step 4 norm(X - TN_G_ATR): 15.755324363708496, norm2(E): 0.10000000894069672
2024-12-26 16:23:16,255 - Step 5 norm(X - TN_G_ATR): 15.755315780639648, norm2(E): 0.10000000894069672
2024-12-26 16:23:16,345 - Step 6 norm(X - TN_G_ATR): 15.755311012268066, norm2(E): 0.10000000149011612
2024-12-26 16:23:16,429 - Step 7 norm(X - TN_G_ATR): 15.755304336547852, norm2(E): 0.10000000894069672
2024-12-26 16:23:16,514 - Step 8 norm(X - TN_G_ATR): 15.755300521850586, norm2(E): 0.10000000149011612
2024-12-26 16:23:16,602 - Step 9 norm(X - TN_G_ATR): 15.755297660827637, norm2(E): 0.10000000894069672
2024-12-26 16:23:16,687 - Step 10 norm(X - TN_G_ATR): 15.755294799804688, norm2(E): 0.10000000894069672
2024-12-26 16:23:16,782 - Step 11 norm(X - TN_G_ATR): 15.755292892456055, norm2(E): 0.10000000894069672
2024-12-26 16:23:16,866 - Step 12 norm(X - TN_G_ATR): 15.755292892456055, norm2(E): 0.10000000894069672
2024-12-26 16:23:16,950 - Step 13 norm(X - TN_G_ATR): 15.755292892456055, norm2(E): 0.10000000149011612
2024-12-26 16:23:17,040 - Step 14 norm(X - TN_G_ATR): 15.755292892456055, norm2(E): 0.10000000149011612
2024-12-26 16:23:17,129 - Step 15 norm(X - TN_G_ATR): 15.755293846130371, norm2(E): 0.10000000149011612
2024-12-26 16:23:17,215 - Step 16 norm(X - TN_G_ATR): 15.755294799804688, norm2(E): 0.09999998658895493
2024-12-26 16:23:17,299 - Step 17 norm(X - TN_G_ATR): 15.755294799804688, norm2(E): 0.10000000894069672
2024-12-26 16:23:17,384 - Step 18 norm(X - TN_G_ATR): 15.755294799804688, norm2(E): 0.10000000149011612
2024-12-26 16:23:17,468 - Step 19 norm(X - TN_G_ATR): 15.755294799804688, norm2(E): 0.10000000149011612
2024-12-26 16:23:17,552 - Step 20 norm(X - TN_G_ATR): 15.755293846130371, norm2(E): 0.10000000894069672
2024-12-26 16:23:17,636 - Step 21 norm(X - TN_G_ATR): 15.755294799804688, norm2(E): 0.10000001639127731
2024-12-26 16:23:17,725 - Step 22 norm(X - TN_G_ATR): 15.755293846130371, norm2(E): 0.10000000149011612
2024-12-26 16:23:17,811 - Step 23 norm(X - TN_G_ATR): 15.755292892456055, norm2(E): 0.10000000149011612
2024-12-26 16:23:17,895 - Step 24 norm(X - TN_G_ATR): 15.755293846130371, norm2(E): 0.10000000894069672
2024-12-26 16:23:17,978 - Step 25 norm(X - TN_G_ATR): 15.755293846130371, norm2(E): 0.10000000894069672
2024-12-26 16:23:18,063 - Step 26 norm(X - TN_G_ATR): 15.755293846130371, norm2(E): 0.10000000894069672
2024-12-26 16:23:18,153 - Step 27 norm(X - TN_G_ATR): 15.755293846130371, norm2(E): 0.10000000149011612
2024-12-26 16:23:18,238 - Step 28 norm(X - TN_G_ATR): 15.755294799804688, norm2(E): 0.10000000149011612
2024-12-26 16:23:18,322 - Step 29 norm(X - TN_G_ATR): 15.755293846130371, norm2(E): 0.10000000149011612
2024-12-26 16:23:18,406 - Step 30 norm(X - TN_G_ATR): 15.755293846130371, norm2(E): 0.10000000894069672
2024-12-26 16:23:18,490 - Step 31 norm(X - TN_G_ATR): 15.755293846130371, norm2(E): 0.10000000149011612
2024-12-26 16:23:18,574 - Step 32 norm(X - TN_G_ATR): 15.755293846130371, norm2(E): 0.10000000894069672
2024-12-26 16:23:18,658 - Step 33 norm(X - TN_G_ATR): 15.755293846130371, norm2(E): 0.10000000894069672
2024-12-26 16:23:18,747 - Step 34 norm(X - TN_G_ATR): 15.755293846130371, norm2(E): 0.10000000894069672
2024-12-26 16:23:18,832 - Step 35 norm(X - TN_G_ATR): 15.755293846130371, norm2(E): 0.10000000894069672
2024-12-26 16:23:18,916 - Step 36 norm(X - TN_G_ATR): 15.755293846130371, norm2(E): 0.10000000894069672
2024-12-26 16:23:18,999 - Step 37 norm(X - TN_G_ATR): 15.755292892456055, norm2(E): 0.10000000894069672
2024-12-26 16:23:19,092 - Step 38 norm(X - TN_G_ATR): 15.755292892456055, norm2(E): 0.10000000149011612
2024-12-26 16:23:19,176 - Step 39 norm(X - TN_G_ATR): 15.755292892456055, norm2(E): 0.10000000149011612
2024-12-26 16:23:19,264 - Step 40 norm(X - TN_G_ATR): 15.755291938781738, norm2(E): 0.10000000149011612
2024-12-26 16:23:19,352 - Step 41 norm(X - TN_G_ATR): 15.755291938781738, norm2(E): 0.10000001639127731
2024-12-26 16:23:19,438 - Step 42 norm(X - TN_G_ATR): 15.755290985107422, norm2(E): 0.10000000149011612
2024-12-26 16:23:19,529 - Step 43 norm(X - TN_G_ATR): 15.755291938781738, norm2(E): 0.10000000894069672
2024-12-26 16:23:19,613 - Step 44 norm(X - TN_G_ATR): 15.755290985107422, norm2(E): 0.10000000149011612
2024-12-26 16:23:19,697 - Step 45 norm(X - TN_G_ATR): 15.755290985107422, norm2(E): 0.10000000149011612
2024-12-26 16:23:19,782 - Step 46 norm(X - TN_G_ATR): 15.755290985107422, norm2(E): 0.10000000149011612
2024-12-26 16:23:19,867 - Step 47 norm(X - TN_G_ATR): 15.755290985107422, norm2(E): 0.10000000149011612
2024-12-26 16:23:19,951 - Step 48 norm(X - TN_G_ATR): 15.755290031433105, norm2(E): 0.10000000149011612
2024-12-26 16:23:20,035 - Step 49 norm(X - TN_G_ATR): 15.755290031433105, norm2(E): 0.10000000149011612
2024-12-26 16:23:20,119 - Step 50 norm(X - TN_G_ATR): 15.755290031433105, norm2(E): 0.10000000149011612
2024-12-26 16:23:20,203 - Step 51 norm(X - TN_G_ATR): 15.755290985107422, norm2(E): 0.10000000149011612
2024-12-26 16:23:20,288 - Step 52 norm(X - TN_G_ATR): 15.755290031433105, norm2(E): 0.10000000149011612
2024-12-26 16:23:20,374 - Step 53 norm(X - TN_G_ATR): 15.755290031433105, norm2(E): 0.10000000894069672
2024-12-26 16:23:20,463 - Step 54 norm(X - TN_G_ATR): 15.755290031433105, norm2(E): 0.09999998658895493
2024-12-26 16:23:20,552 - Step 55 norm(X - TN_G_ATR): 15.755290031433105, norm2(E): 0.10000000894069672
2024-12-26 16:23:20,641 - Step 56 norm(X - TN_G_ATR): 15.755289077758789, norm2(E): 0.10000000149011612
2024-12-26 16:23:20,725 - Step 57 norm(X - TN_G_ATR): 15.755289077758789, norm2(E): 0.10000000149011612
2024-12-26 16:23:20,809 - Step 58 norm(X - TN_G_ATR): 15.755289077758789, norm2(E): 0.09999999403953552
2024-12-26 16:23:20,892 - Step 59 norm(X - TN_G_ATR): 15.755289077758789, norm2(E): 0.10000000149011612
2024-12-26 16:23:20,976 - Step 60 norm(X - TN_G_ATR): 15.755289077758789, norm2(E): 0.10000000149011612
2024-12-26 16:23:21,067 - Step 61 norm(X - TN_G_ATR): 15.755288124084473, norm2(E): 0.09999999403953552
2024-12-26 16:23:21,151 - Step 62 norm(X - TN_G_ATR): 15.755289077758789, norm2(E): 0.10000000149011612
2024-12-26 16:23:21,236 - Step 63 norm(X - TN_G_ATR): 15.755289077758789, norm2(E): 0.10000000894069672
2024-12-26 16:23:21,320 - Step 64 norm(X - TN_G_ATR): 15.755288124084473, norm2(E): 0.10000000149011612
2024-12-26 16:23:21,405 - Step 65 norm(X - TN_G_ATR): 15.755288124084473, norm2(E): 0.10000000149011612
2024-12-26 16:23:21,495 - Step 66 norm(X - TN_G_ATR): 15.755287170410156, norm2(E): 0.10000000149011612
2024-12-26 16:23:21,580 - Step 67 norm(X - TN_G_ATR): 15.755287170410156, norm2(E): 0.10000000894069672
2024-12-26 16:23:21,664 - Step 68 norm(X - TN_G_ATR): 15.75528621673584, norm2(E): 0.10000000149011612
2024-12-26 16:23:21,749 - Step 69 norm(X - TN_G_ATR): 15.755285263061523, norm2(E): 0.10000001639127731
2024-12-26 16:23:21,834 - Step 70 norm(X - TN_G_ATR): 15.755285263061523, norm2(E): 0.10000000894069672
2024-12-26 16:23:21,918 - Step 71 norm(X - TN_G_ATR): 15.755284309387207, norm2(E): 0.10000000149011612
2024-12-26 16:23:22,002 - Step 72 norm(X - TN_G_ATR): 15.75528335571289, norm2(E): 0.10000000149011612
2024-12-26 16:23:22,086 - Step 73 norm(X - TN_G_ATR): 15.755282402038574, norm2(E): 0.09999998658895493
2024-12-26 16:23:22,170 - Step 74 norm(X - TN_G_ATR): 15.755280494689941, norm2(E): 0.10000000149011612
2024-12-26 16:23:22,256 - Step 75 norm(X - TN_G_ATR): 15.755279541015625, norm2(E): 0.10000000149011612
2024-12-26 16:23:22,353 - Step 76 norm(X - TN_G_ATR): 15.755278587341309, norm2(E): 0.10000000149011612
2024-12-26 16:23:22,437 - Step 77 norm(X - TN_G_ATR): 15.755277633666992, norm2(E): 0.10000000149011612
2024-12-26 16:23:22,521 - Step 78 norm(X - TN_G_ATR): 15.75527572631836, norm2(E): 0.10000000149011612
2024-12-26 16:23:22,605 - Step 79 norm(X - TN_G_ATR): 15.755274772644043, norm2(E): 0.10000000149011612
2024-12-26 16:23:22,689 - Step 80 norm(X - TN_G_ATR): 15.755274772644043, norm2(E): 0.10000000894069672
2024-12-26 16:23:22,780 - Step 81 norm(X - TN_G_ATR): 15.75527286529541, norm2(E): 0.10000000149011612
2024-12-26 16:23:22,864 - Step 82 norm(X - TN_G_ATR): 15.75527286529541, norm2(E): 0.10000000149011612
2024-12-26 16:23:22,949 - Step 83 norm(X - TN_G_ATR): 15.75527286529541, norm2(E): 0.10000000149011612
2024-12-26 16:23:23,033 - Step 84 norm(X - TN_G_ATR): 15.755271911621094, norm2(E): 0.10000000894069672
2024-12-26 16:23:23,116 - Step 85 norm(X - TN_G_ATR): 15.755271911621094, norm2(E): 0.10000000149011612
2024-12-26 16:23:23,200 - Step 86 norm(X - TN_G_ATR): 15.755270957946777, norm2(E): 0.10000000149011612
2024-12-26 16:23:23,284 - Step 87 norm(X - TN_G_ATR): 15.755270957946777, norm2(E): 0.10000000894069672
2024-12-26 16:23:23,369 - Step 88 norm(X - TN_G_ATR): 15.755270004272461, norm2(E): 0.10000000149011612
2024-12-26 16:23:23,453 - Step 89 norm(X - TN_G_ATR): 15.755269050598145, norm2(E): 0.10000000149011612
2024-12-26 16:23:23,538 - Step 90 norm(X - TN_G_ATR): 15.755270004272461, norm2(E): 0.10000001639127731
2024-12-26 16:23:23,628 - Step 91 norm(X - TN_G_ATR): 15.755269050598145, norm2(E): 0.10000000149011612
2024-12-26 16:23:23,712 - Step 92 norm(X - TN_G_ATR): 15.755269050598145, norm2(E): 0.10000000149011612
2024-12-26 16:23:23,797 - Step 93 norm(X - TN_G_ATR): 15.755269050598145, norm2(E): 0.10000000894069672
2024-12-26 16:23:23,881 - Step 94 norm(X - TN_G_ATR): 15.755268096923828, norm2(E): 0.10000000149011612
2024-12-26 16:23:23,965 - Step 95 norm(X - TN_G_ATR): 15.755268096923828, norm2(E): 0.10000000894069672
2024-12-26 16:23:24,049 - Step 96 norm(X - TN_G_ATR): 15.755268096923828, norm2(E): 0.10000000149011612
2024-12-26 16:23:24,133 - Step 97 norm(X - TN_G_ATR): 15.755267143249512, norm2(E): 0.09999999403953552
2024-12-26 16:23:24,217 - Step 98 norm(X - TN_G_ATR): 15.755267143249512, norm2(E): 0.10000000149011612
2024-12-26 16:23:24,303 - Step 99 norm(X - TN_G_ATR): 15.755267143249512, norm2(E): 0.09999999403953552
2024-12-26 16:23:24,389 - Step 100 norm(X - TN_G_ATR): 15.755267143249512, norm2(E): 0.10000000894069672
2024-12-26 16:23:24,480 - Step 101 norm(X - TN_G_ATR): 15.755266189575195, norm2(E): 0.10000000894069672
2024-12-26 16:23:24,564 - Step 102 norm(X - TN_G_ATR): 15.755266189575195, norm2(E): 0.10000000149011612
2024-12-26 16:23:24,649 - Step 103 norm(X - TN_G_ATR): 15.755266189575195, norm2(E): 0.10000000149011612
2024-12-26 16:23:24,733 - Step 104 norm(X - TN_G_ATR): 15.755265235900879, norm2(E): 0.09999999403953552
2024-12-26 16:23:24,824 - Step 105 norm(X - TN_G_ATR): 15.755265235900879, norm2(E): 0.10000000149011612
2024-12-26 16:23:24,908 - Step 106 norm(X - TN_G_ATR): 15.755264282226562, norm2(E): 0.09999999403953552
2024-12-26 16:23:24,992 - Step 107 norm(X - TN_G_ATR): 15.755264282226562, norm2(E): 0.10000000894069672
2024-12-26 16:23:25,076 - Step 108 norm(X - TN_G_ATR): 15.755263328552246, norm2(E): 0.10000000149011612
2024-12-26 16:23:25,166 - Step 109 norm(X - TN_G_ATR): 15.75526237487793, norm2(E): 0.10000000149011612
2024-12-26 16:23:25,258 - Step 110 norm(X - TN_G_ATR): 15.75526237487793, norm2(E): 0.10000000149011612
2024-12-26 16:23:25,349 - Step 111 norm(X - TN_G_ATR): 15.75526237487793, norm2(E): 0.10000000149011612
2024-12-26 16:23:25,434 - Step 112 norm(X - TN_G_ATR): 15.755261421203613, norm2(E): 0.10000000149011612
2024-12-26 16:23:25,518 - Step 113 norm(X - TN_G_ATR): 15.755260467529297, norm2(E): 0.10000000894069672
2024-12-26 16:23:25,601 - Step 114 norm(X - TN_G_ATR): 15.755260467529297, norm2(E): 0.09999999403953552
2024-12-26 16:23:25,685 - Step 115 norm(X - TN_G_ATR): 15.755260467529297, norm2(E): 0.10000001639127731
2024-12-26 16:23:25,768 - Step 116 norm(X - TN_G_ATR): 15.755260467529297, norm2(E): 0.10000000149011612
2024-12-26 16:23:25,857 - Step 117 norm(X - TN_G_ATR): 15.755260467529297, norm2(E): 0.09999998658895493
2024-12-26 16:23:25,946 - Step 118 norm(X - TN_G_ATR): 15.75525951385498, norm2(E): 0.10000000149011612
2024-12-26 16:23:26,030 - Step 119 norm(X - TN_G_ATR): 15.75525951385498, norm2(E): 0.10000000149011612
2024-12-26 16:23:26,114 - Step 120 norm(X - TN_G_ATR): 15.755260467529297, norm2(E): 0.10000000894069672
2024-12-26 16:23:26,197 - Step 121 norm(X - TN_G_ATR): 15.755260467529297, norm2(E): 0.10000000149011612
2024-12-26 16:23:26,282 - Step 122 norm(X - TN_G_ATR): 15.755260467529297, norm2(E): 0.09999999403953552
2024-12-26 16:23:26,374 - Step 123 norm(X - TN_G_ATR): 15.755260467529297, norm2(E): 0.10000000149011612
2024-12-26 16:23:26,459 - Step 124 norm(X - TN_G_ATR): 15.755260467529297, norm2(E): 0.10000000894069672
2024-12-26 16:23:26,543 - Step 125 norm(X - TN_G_ATR): 15.755261421203613, norm2(E): 0.10000000894069672
2024-12-26 16:23:26,627 - Step 126 norm(X - TN_G_ATR): 15.755260467529297, norm2(E): 0.10000000149011612
2024-12-26 16:23:26,711 - Step 127 norm(X - TN_G_ATR): 15.755261421203613, norm2(E): 0.10000000149011612
2024-12-26 16:23:26,807 - Step 128 norm(X - TN_G_ATR): 15.755261421203613, norm2(E): 0.10000000894069672
2024-12-26 16:23:26,891 - Step 129 norm(X - TN_G_ATR): 15.755261421203613, norm2(E): 0.10000000894069672
2024-12-26 16:23:26,979 - Step 130 norm(X - TN_G_ATR): 15.755261421203613, norm2(E): 0.10000000894069672
2024-12-26 16:23:27,063 - Step 131 norm(X - TN_G_ATR): 15.755261421203613, norm2(E): 0.10000000894069672
2024-12-26 16:23:27,156 - Step 132 norm(X - TN_G_ATR): 15.755261421203613, norm2(E): 0.10000000149011612
2024-12-26 16:23:27,240 - Step 133 norm(X - TN_G_ATR): 15.75526237487793, norm2(E): 0.10000000149011612
2024-12-26 16:23:27,324 - Step 134 norm(X - TN_G_ATR): 15.755261421203613, norm2(E): 0.10000000894069672
2024-12-26 16:23:27,409 - Step 135 norm(X - TN_G_ATR): 15.75526237487793, norm2(E): 0.10000000149011612
2024-12-26 16:23:27,494 - Step 136 norm(X - TN_G_ATR): 15.75526237487793, norm2(E): 0.10000000149011612
2024-12-26 16:23:27,581 - Step 137 norm(X - TN_G_ATR): 15.75526237487793, norm2(E): 0.10000000149011612
2024-12-26 16:23:27,666 - Step 138 norm(X - TN_G_ATR): 15.75526237487793, norm2(E): 0.10000000149011612
2024-12-26 16:23:27,754 - Step 139 norm(X - TN_G_ATR): 15.75526237487793, norm2(E): 0.10000000894069672
2024-12-26 16:23:27,838 - Step 140 norm(X - TN_G_ATR): 15.755261421203613, norm2(E): 0.10000000894069672
2024-12-26 16:23:27,923 - Step 141 norm(X - TN_G_ATR): 15.755261421203613, norm2(E): 0.10000000149011612
2024-12-26 16:23:28,007 - Step 142 norm(X - TN_G_ATR): 15.755261421203613, norm2(E): 0.10000000149011612
2024-12-26 16:23:28,091 - Step 143 norm(X - TN_G_ATR): 15.755261421203613, norm2(E): 0.10000000149011612
2024-12-26 16:23:28,176 - Step 144 norm(X - TN_G_ATR): 15.755261421203613, norm2(E): 0.10000000894069672
2024-12-26 16:23:28,260 - Step 145 norm(X - TN_G_ATR): 15.755261421203613, norm2(E): 0.10000000894069672
2024-12-26 16:23:28,351 - Step 146 norm(X - TN_G_ATR): 15.755261421203613, norm2(E): 0.10000000149011612
2024-12-26 16:23:28,435 - Step 147 norm(X - TN_G_ATR): 15.755260467529297, norm2(E): 0.09999998658895493
2024-12-26 16:23:28,522 - Step 148 norm(X - TN_G_ATR): 15.755260467529297, norm2(E): 0.10000000894069672
2024-12-26 16:23:28,606 - Step 149 norm(X - TN_G_ATR): 15.755260467529297, norm2(E): 0.09999999403953552
2024-12-26 16:23:28,689 - Step 150 norm(X - TN_G_ATR): 15.75525951385498, norm2(E): 0.10000000149011612
2024-12-26 16:23:28,773 - Step 151 norm(X - TN_G_ATR): 15.75525951385498, norm2(E): 0.10000000149011612
2024-12-26 16:23:28,858 - Step 152 norm(X - TN_G_ATR): 15.755258560180664, norm2(E): 0.10000000149011612
2024-12-26 16:23:28,943 - Step 153 norm(X - TN_G_ATR): 15.755258560180664, norm2(E): 0.10000000894069672
2024-12-26 16:23:29,027 - Step 154 norm(X - TN_G_ATR): 15.755257606506348, norm2(E): 0.10000000149011612
2024-12-26 16:23:29,118 - Step 155 norm(X - TN_G_ATR): 15.755257606506348, norm2(E): 0.10000000149011612
2024-12-26 16:23:29,202 - Step 156 norm(X - TN_G_ATR): 15.755257606506348, norm2(E): 0.10000001639127731
2024-12-26 16:23:29,289 - Step 157 norm(X - TN_G_ATR): 15.755257606506348, norm2(E): 0.10000000894069672
2024-12-26 16:23:29,385 - Step 158 norm(X - TN_G_ATR): 15.755256652832031, norm2(E): 0.10000000894069672
2024-12-26 16:23:29,470 - Step 159 norm(X - TN_G_ATR): 15.755256652832031, norm2(E): 0.09999998658895493
2024-12-26 16:23:29,554 - Step 160 norm(X - TN_G_ATR): 15.755256652832031, norm2(E): 0.10000000894069672
2024-12-26 16:23:29,638 - Step 161 norm(X - TN_G_ATR): 15.755255699157715, norm2(E): 0.10000000149011612
2024-12-26 16:23:29,722 - Step 162 norm(X - TN_G_ATR): 15.755255699157715, norm2(E): 0.10000000149011612
2024-12-26 16:23:29,808 - Step 163 norm(X - TN_G_ATR): 15.755255699157715, norm2(E): 0.10000000149011612
2024-12-26 16:23:29,892 - Step 164 norm(X - TN_G_ATR): 15.755255699157715, norm2(E): 0.10000000149011612
2024-12-26 16:23:29,977 - Step 165 norm(X - TN_G_ATR): 15.755254745483398, norm2(E): 0.10000000894069672
2024-12-26 16:23:30,061 - Step 166 norm(X - TN_G_ATR): 15.755254745483398, norm2(E): 0.10000000149011612
2024-12-26 16:23:30,145 - Step 167 norm(X - TN_G_ATR): 15.755254745483398, norm2(E): 0.10000000149011612
2024-12-26 16:23:30,229 - Step 168 norm(X - TN_G_ATR): 15.755254745483398, norm2(E): 0.10000000149011612
2024-12-26 16:23:30,313 - Step 169 norm(X - TN_G_ATR): 15.755254745483398, norm2(E): 0.10000000894069672
2024-12-26 16:23:30,399 - Step 170 norm(X - TN_G_ATR): 15.755254745483398, norm2(E): 0.09999999403953552
2024-12-26 16:23:30,485 - Step 171 norm(X - TN_G_ATR): 15.755255699157715, norm2(E): 0.10000000149011612
2024-12-26 16:23:30,576 - Step 172 norm(X - TN_G_ATR): 15.755254745483398, norm2(E): 0.10000000149011612
2024-12-26 16:23:30,660 - Step 173 norm(X - TN_G_ATR): 15.755255699157715, norm2(E): 0.10000000894069672
2024-12-26 16:23:30,744 - Step 174 norm(X - TN_G_ATR): 15.755255699157715, norm2(E): 0.10000000149011612
2024-12-26 16:23:30,828 - Step 175 norm(X - TN_G_ATR): 15.755255699157715, norm2(E): 0.09999998658895493
2024-12-26 16:23:30,913 - Step 176 norm(X - TN_G_ATR): 15.755255699157715, norm2(E): 0.10000000149011612
2024-12-26 16:23:30,997 - Step 177 norm(X - TN_G_ATR): 15.755255699157715, norm2(E): 0.10000000149011612
2024-12-26 16:23:31,086 - Step 178 norm(X - TN_G_ATR): 15.755256652832031, norm2(E): 0.10000000149011612
2024-12-26 16:23:31,181 - Step 179 norm(X - TN_G_ATR): 15.755256652832031, norm2(E): 0.10000001639127731
2024-12-26 16:23:31,266 - Step 180 norm(X - TN_G_ATR): 15.755257606506348, norm2(E): 0.10000000149011612
2024-12-26 16:23:31,357 - Step 181 norm(X - TN_G_ATR): 15.755257606506348, norm2(E): 0.10000000894069672
2024-12-26 16:23:31,442 - Step 182 norm(X - TN_G_ATR): 15.755258560180664, norm2(E): 0.10000000149011612
2024-12-26 16:23:31,526 - Step 183 norm(X - TN_G_ATR): 15.75525951385498, norm2(E): 0.10000000149011612
2024-12-26 16:23:31,609 - Step 184 norm(X - TN_G_ATR): 15.75525951385498, norm2(E): 0.10000000894069672
2024-12-26 16:23:31,693 - Step 185 norm(X - TN_G_ATR): 15.75525951385498, norm2(E): 0.10000000149011612
2024-12-26 16:23:31,777 - Step 186 norm(X - TN_G_ATR): 15.755260467529297, norm2(E): 0.10000000894069672
2024-12-26 16:23:31,861 - Step 187 norm(X - TN_G_ATR): 15.755260467529297, norm2(E): 0.09999998658895493
2024-12-26 16:23:31,946 - Step 188 norm(X - TN_G_ATR): 15.75526237487793, norm2(E): 0.10000000149011612
2024-12-26 16:23:32,030 - Step 189 norm(X - TN_G_ATR): 15.75526237487793, norm2(E): 0.10000000149011612
2024-12-26 16:23:32,121 - Step 190 norm(X - TN_G_ATR): 15.75526237487793, norm2(E): 0.09999998658895493
2024-12-26 16:23:32,204 - Step 191 norm(X - TN_G_ATR): 15.755263328552246, norm2(E): 0.10000000149011612
2024-12-26 16:23:32,289 - Step 192 norm(X - TN_G_ATR): 15.755263328552246, norm2(E): 0.10000000894069672
2024-12-26 16:23:32,373 - Step 193 norm(X - TN_G_ATR): 15.755264282226562, norm2(E): 0.10000000149011612
2024-12-26 16:23:32,457 - Step 194 norm(X - TN_G_ATR): 15.755265235900879, norm2(E): 0.10000000149011612
2024-12-26 16:23:32,541 - Step 195 norm(X - TN_G_ATR): 15.755265235900879, norm2(E): 0.10000000894069672
2024-12-26 16:23:32,624 - Step 196 norm(X - TN_G_ATR): 15.755266189575195, norm2(E): 0.09999999403953552
2024-12-26 16:23:32,708 - Step 197 norm(X - TN_G_ATR): 15.755267143249512, norm2(E): 0.09999999403953552
2024-12-26 16:23:32,799 - Step 198 norm(X - TN_G_ATR): 15.755268096923828, norm2(E): 0.10000000149011612
2024-12-26 16:23:32,883 - Step 199 norm(X - TN_G_ATR): 15.755268096923828, norm2(E): 0.09999998658895493
2024-12-26 16:23:32,968 - Step 200 norm(X - TN_G_ATR): 15.755269050598145, norm2(E): 0.10000000149011612
2024-12-26 16:23:33,058 - Step 201 norm(X - TN_G_ATR): 15.755270004272461, norm2(E): 0.10000000894069672
2024-12-26 16:23:33,142 - Step 202 norm(X - TN_G_ATR): 15.755270957946777, norm2(E): 0.10000000149011612
2024-12-26 16:23:33,227 - Step 203 norm(X - TN_G_ATR): 15.755271911621094, norm2(E): 0.10000000894069672
2024-12-26 16:23:33,317 - Step 204 norm(X - TN_G_ATR): 15.755271911621094, norm2(E): 0.10000000149011612
2024-12-26 16:23:33,402 - Step 205 norm(X - TN_G_ATR): 15.75527286529541, norm2(E): 0.10000000149011612
2024-12-26 16:23:33,487 - Step 206 norm(X - TN_G_ATR): 15.75527286529541, norm2(E): 0.10000000149011612
2024-12-26 16:23:33,571 - Step 207 norm(X - TN_G_ATR): 15.755274772644043, norm2(E): 0.09999998658895493
2024-12-26 16:23:33,655 - Step 208 norm(X - TN_G_ATR): 15.755274772644043, norm2(E): 0.10000000149011612
2024-12-26 16:23:33,739 - Step 209 norm(X - TN_G_ATR): 15.755276679992676, norm2(E): 0.10000000149011612
2024-12-26 16:23:33,823 - Step 210 norm(X - TN_G_ATR): 15.755276679992676, norm2(E): 0.10000000149011612
2024-12-26 16:23:33,908 - Step 211 norm(X - TN_G_ATR): 15.755277633666992, norm2(E): 0.10000000149011612
2024-12-26 16:23:33,992 - Step 212 norm(X - TN_G_ATR): 15.755278587341309, norm2(E): 0.10000000149011612
2024-12-26 16:23:34,076 - Step 213 norm(X - TN_G_ATR): 15.755279541015625, norm2(E): 0.10000000149011612
2024-12-26 16:23:34,160 - Step 214 norm(X - TN_G_ATR): 15.755279541015625, norm2(E): 0.09999998658895493
2024-12-26 16:23:34,246 - Step 215 norm(X - TN_G_ATR): 15.755280494689941, norm2(E): 0.10000000149011612
2024-12-26 16:23:34,332 - Step 216 norm(X - TN_G_ATR): 15.755281448364258, norm2(E): 0.10000000149011612
2024-12-26 16:23:34,411 - Step 217 norm(X - TN_G_ATR): 15.755281448364258, norm2(E): 0.10000000149011612
2024-12-26 16:23:34,486 - Step 218 norm(X - TN_G_ATR): 15.75528335571289, norm2(E): 0.10000000149011612
2024-12-26 16:23:34,562 - Step 219 norm(X - TN_G_ATR): 15.75528335571289, norm2(E): 0.09999999403953552
2024-12-26 16:23:34,644 - Step 220 norm(X - TN_G_ATR): 15.755284309387207, norm2(E): 0.10000000149011612
2024-12-26 16:23:34,719 - Step 221 norm(X - TN_G_ATR): 15.75528621673584, norm2(E): 0.10000000894069672
2024-12-26 16:23:34,794 - Step 222 norm(X - TN_G_ATR): 15.75528621673584, norm2(E): 0.10000000149011612
2024-12-26 16:23:34,869 - Step 223 norm(X - TN_G_ATR): 15.755287170410156, norm2(E): 0.10000000894069672
2024-12-26 16:23:34,945 - Step 224 norm(X - TN_G_ATR): 15.755287170410156, norm2(E): 0.10000000149011612
2024-12-26 16:23:35,020 - Step 225 norm(X - TN_G_ATR): 15.755288124084473, norm2(E): 0.10000000894069672
2024-12-26 16:23:35,098 - Step 226 norm(X - TN_G_ATR): 15.755288124084473, norm2(E): 0.09999999403953552
2024-12-26 16:23:35,181 - Step 227 norm(X - TN_G_ATR): 15.755289077758789, norm2(E): 0.10000000149011612
2024-12-26 16:23:35,256 - Step 228 norm(X - TN_G_ATR): 15.755290031433105, norm2(E): 0.09999999403953552
2024-12-26 16:23:35,331 - Step 229 norm(X - TN_G_ATR): 15.755290031433105, norm2(E): 0.09999998658895493
2024-12-26 16:23:35,419 - Step 230 norm(X - TN_G_ATR): 15.755290985107422, norm2(E): 0.10000000149011612
2024-12-26 16:23:35,495 - Step 231 norm(X - TN_G_ATR): 15.755291938781738, norm2(E): 0.10000000149011612
2024-12-26 16:23:35,571 - Step 232 norm(X - TN_G_ATR): 15.755291938781738, norm2(E): 0.10000000149011612
2024-12-26 16:23:35,651 - Step 233 norm(X - TN_G_ATR): 15.755292892456055, norm2(E): 0.10000001639127731
2024-12-26 16:23:35,726 - Step 234 norm(X - TN_G_ATR): 15.755292892456055, norm2(E): 0.10000000149011612
2024-12-26 16:23:35,802 - Step 235 norm(X - TN_G_ATR): 15.755293846130371, norm2(E): 0.10000000149011612
2024-12-26 16:23:35,878 - Step 236 norm(X - TN_G_ATR): 15.755293846130371, norm2(E): 0.10000000894069672
2024-12-26 16:23:35,962 - Step 237 norm(X - TN_G_ATR): 15.755293846130371, norm2(E): 0.10000000149011612
2024-12-26 16:23:36,044 - Step 238 norm(X - TN_G_ATR): 15.755293846130371, norm2(E): 0.09999998658895493
2024-12-26 16:23:36,120 - Step 239 norm(X - TN_G_ATR): 15.755294799804688, norm2(E): 0.10000000149011612
2024-12-26 16:23:36,195 - Step 240 norm(X - TN_G_ATR): 15.755295753479004, norm2(E): 0.10000000149011612
2024-12-26 16:23:36,272 - Step 241 norm(X - TN_G_ATR): 15.755294799804688, norm2(E): 0.10000000149011612
2024-12-26 16:23:36,354 - Step 242 norm(X - TN_G_ATR): 15.755294799804688, norm2(E): 0.10000000149011612
2024-12-26 16:23:36,430 - Step 243 norm(X - TN_G_ATR): 15.755294799804688, norm2(E): 0.10000000149011612
2024-12-26 16:23:36,505 - Step 244 norm(X - TN_G_ATR): 15.755294799804688, norm2(E): 0.10000000149011612
2024-12-26 16:23:36,580 - Step 245 norm(X - TN_G_ATR): 15.755295753479004, norm2(E): 0.09999999403953552
2024-12-26 16:23:36,661 - Step 246 norm(X - TN_G_ATR): 15.755295753479004, norm2(E): 0.10000001639127731
2024-12-26 16:23:36,735 - Step 247 norm(X - TN_G_ATR): 15.755295753479004, norm2(E): 0.10000000894069672
2024-12-26 16:23:36,826 - Step 248 norm(X - TN_G_ATR): 15.75529670715332, norm2(E): 0.10000000894069672
2024-12-26 16:23:36,901 - Step 249 norm(X - TN_G_ATR): 15.75529670715332, norm2(E): 0.10000001639127731
2024-12-26 16:23:36,976 - Step 250 norm(X - TN_G_ATR): 15.75529670715332, norm2(E): 0.10000000149011612
2024-12-26 16:23:37,051 - Step 251 norm(X - TN_G_ATR): 15.755295753479004, norm2(E): 0.09999999403953552
2024-12-26 16:23:37,125 - Step 252 norm(X - TN_G_ATR): 15.755295753479004, norm2(E): 0.10000001639127731
2024-12-26 16:23:37,207 - Step 253 norm(X - TN_G_ATR): 15.755295753479004, norm2(E): 0.09999999403953552
2024-12-26 16:23:37,281 - Step 254 norm(X - TN_G_ATR): 15.755295753479004, norm2(E): 0.10000000894069672
2024-12-26 16:23:37,357 - Step 255 norm(X - TN_G_ATR): 15.755295753479004, norm2(E): 0.10000000894069672
2024-12-26 16:23:37,431 - Step 256 norm(X - TN_G_ATR): 15.75529670715332, norm2(E): 0.10000000149011612
2024-12-26 16:23:37,515 - Step 257 norm(X - TN_G_ATR): 15.75529670715332, norm2(E): 0.10000000149011612
2024-12-26 16:23:37,590 - Step 258 norm(X - TN_G_ATR): 15.75529670715332, norm2(E): 0.10000000149011612
2024-12-26 16:23:37,669 - Step 259 norm(X - TN_G_ATR): 15.75529670715332, norm2(E): 0.10000000149011612
2024-12-26 16:23:37,744 - Step 260 norm(X - TN_G_ATR): 15.75529670715332, norm2(E): 0.10000000894069672
2024-12-26 16:23:37,819 - Step 261 norm(X - TN_G_ATR): 15.755297660827637, norm2(E): 0.10000000894069672
2024-12-26 16:23:37,893 - Step 262 norm(X - TN_G_ATR): 15.755297660827637, norm2(E): 0.10000000149011612
2024-12-26 16:23:37,976 - Step 263 norm(X - TN_G_ATR): 15.755297660827637, norm2(E): 0.09999999403953552
2024-12-26 16:23:38,052 - Step 264 norm(X - TN_G_ATR): 15.75529670715332, norm2(E): 0.09999999403953552
2024-12-26 16:23:38,126 - Step 265 norm(X - TN_G_ATR): 15.755297660827637, norm2(E): 0.10000000149011612
2024-12-26 16:23:38,201 - Step 266 norm(X - TN_G_ATR): 15.75529670715332, norm2(E): 0.10000000894069672
2024-12-26 16:23:38,276 - Step 267 norm(X - TN_G_ATR): 15.75529670715332, norm2(E): 0.10000000149011612
2024-12-26 16:23:38,350 - Step 268 norm(X - TN_G_ATR): 15.75529670715332, norm2(E): 0.10000000894069672
2024-12-26 16:23:38,428 - Step 269 norm(X - TN_G_ATR): 15.75529670715332, norm2(E): 0.10000000894069672
2024-12-26 16:23:38,503 - Step 270 norm(X - TN_G_ATR): 15.755297660827637, norm2(E): 0.10000000149011612
2024-12-26 16:23:38,578 - Step 271 norm(X - TN_G_ATR): 15.755297660827637, norm2(E): 0.10000000894069672
2024-12-26 16:23:38,661 - Step 272 norm(X - TN_G_ATR): 15.755297660827637, norm2(E): 0.10000000149011612
2024-12-26 16:23:38,742 - Step 273 norm(X - TN_G_ATR): 15.755297660827637, norm2(E): 0.10000000149011612
2024-12-26 16:23:38,830 - Step 274 norm(X - TN_G_ATR): 15.755297660827637, norm2(E): 0.10000000894069672
2024-12-26 16:23:38,904 - Step 275 norm(X - TN_G_ATR): 15.755297660827637, norm2(E): 0.10000000149011612
2024-12-26 16:23:38,980 - Step 276 norm(X - TN_G_ATR): 15.75529670715332, norm2(E): 0.09999999403953552
2024-12-26 16:23:39,061 - Step 277 norm(X - TN_G_ATR): 15.755297660827637, norm2(E): 0.10000000894069672
2024-12-26 16:23:39,136 - Step 278 norm(X - TN_G_ATR): 15.755297660827637, norm2(E): 0.10000000149011612
2024-12-26 16:23:39,212 - Step 279 norm(X - TN_G_ATR): 15.755298614501953, norm2(E): 0.09999999403953552
2024-12-26 16:23:39,297 - Step 280 norm(X - TN_G_ATR): 15.75529670715332, norm2(E): 0.10000000149011612
2024-12-26 16:23:39,377 - Step 281 norm(X - TN_G_ATR): 15.755297660827637, norm2(E): 0.10000000149011612
2024-12-26 16:23:39,455 - Step 282 norm(X - TN_G_ATR): 15.75529670715332, norm2(E): 0.10000000149011612
2024-12-26 16:23:39,530 - Step 283 norm(X - TN_G_ATR): 15.755297660827637, norm2(E): 0.10000000149011612
2024-12-26 16:23:39,613 - Step 284 norm(X - TN_G_ATR): 15.755297660827637, norm2(E): 0.10000000149011612
2024-12-26 16:23:39,687 - Step 285 norm(X - TN_G_ATR): 15.755297660827637, norm2(E): 0.10000000149011612
2024-12-26 16:23:39,761 - Step 286 norm(X - TN_G_ATR): 15.755297660827637, norm2(E): 0.10000000149011612
2024-12-26 16:23:39,836 - Step 287 norm(X - TN_G_ATR): 15.755297660827637, norm2(E): 0.10000000149011612
2024-12-26 16:23:39,912 - Step 288 norm(X - TN_G_ATR): 15.755297660827637, norm2(E): 0.09999998658895493
2024-12-26 16:23:39,987 - Step 289 norm(X - TN_G_ATR): 15.755298614501953, norm2(E): 0.10000000149011612
2024-12-26 16:23:40,064 - Step 290 norm(X - TN_G_ATR): 15.75529670715332, norm2(E): 0.10000000149011612
2024-12-26 16:23:40,138 - Step 291 norm(X - TN_G_ATR): 15.755297660827637, norm2(E): 0.10000000894069672
2024-12-26 16:23:40,218 - Step 292 norm(X - TN_G_ATR): 15.755297660827637, norm2(E): 0.10000000149011612
2024-12-26 16:23:40,292 - Step 293 norm(X - TN_G_ATR): 15.755297660827637, norm2(E): 0.09999999403953552
2024-12-26 16:23:40,369 - Step 294 norm(X - TN_G_ATR): 15.755297660827637, norm2(E): 0.09999999403953552
2024-12-26 16:23:40,449 - Step 295 norm(X - TN_G_ATR): 15.755297660827637, norm2(E): 0.10000000149011612
2024-12-26 16:23:40,524 - Step 296 norm(X - TN_G_ATR): 15.755297660827637, norm2(E): 0.10000000149011612
2024-12-26 16:23:40,599 - Step 297 norm(X - TN_G_ATR): 15.755297660827637, norm2(E): 0.10000000894069672
2024-12-26 16:23:40,674 - Step 298 norm(X - TN_G_ATR): 15.755297660827637, norm2(E): 0.10000000149011612
2024-12-26 16:23:40,747 - Step 299 norm(X - TN_G_ATR): 15.755297660827637, norm2(E): 0.10000000149011612
2024-12-26 16:23:40,748 - Norm2 (Comparison Algorithm): 15.755297660827637
2024-12-26 16:23:40,776 - Norm2 (Our Algorithm): 15.787884712219238
2024-12-26 16:23:40,776 - Norm2 (Original TR Algorithm): 15.756647109985352
