2024-12-16 12:45:26,735 - Norm2 (epsilon): 100.0
2024-12-16 12:45:28,665 - Step 0 norm(X - TN_G_Ours): 41.21308125348371
2024-12-16 12:45:28,823 - Step 1 norm(X - TN_G_Ours): 40.53429477287566
2024-12-16 12:45:28,995 - Step 2 norm(X - TN_G_Ours): 40.240607830333374
2024-12-16 12:45:29,176 - Step 3 norm(X - TN_G_Ours): 40.12410708946135
2024-12-16 12:45:29,338 - Step 4 norm(X - TN_G_Ours): 40.0704229319496
2024-12-16 12:45:29,512 - Step 5 norm(X - TN_G_Ours): 40.04103425023041
2024-12-16 12:45:29,687 - Step 6 norm(X - TN_G_Ours): 40.02001147375366
2024-12-16 12:45:29,871 - Step 7 norm(X - TN_G_Ours): 40.001502962486455
2024-12-16 12:45:29,915 - Step 8 norm(X - TN_G_Ours): 39.98420708737701
2024-12-16 12:45:30,081 - Step 9 norm(X - TN_G_Ours): 39.967125162438194
2024-12-16 12:45:30,258 - Step 0 norm(X - TN_G_ATR): 39.36436462402344
2024-12-16 12:45:30,395 - Step 1 norm(X - TN_G_ATR): 39.54956817626953
2024-12-16 12:45:30,552 - Step 2 norm(X - TN_G_ATR): 38.856597900390625
2024-12-16 12:45:30,693 - Step 3 norm(X - TN_G_ATR): 38.265811920166016
2024-12-16 12:45:30,834 - Step 4 norm(X - TN_G_ATR): 37.78688430786133
2024-12-16 12:45:30,984 - Step 5 norm(X - TN_G_ATR): 37.38972854614258
2024-12-16 12:45:31,087 - Step 6 norm(X - TN_G_ATR): 37.068763732910156
2024-12-16 12:45:31,228 - Step 7 norm(X - TN_G_ATR): 36.79929733276367
2024-12-16 12:45:31,371 - Step 8 norm(X - TN_G_ATR): 36.568721771240234
2024-12-16 12:45:31,518 - Step 9 norm(X - TN_G_ATR): 36.410484313964844
2024-12-16 12:45:31,523 - Norm2 (Our Algorithm): 39.967124938964844
2024-12-16 12:45:31,523 - Norm2 (Comparison Algorithm): 36.410484313964844
2024-12-16 12:45:31,667 - Norm2 (Original TR Algorithm): 29.878000259399414
2024-12-16 12:45:31,791 - Clipping input data to the valid range for imshow with RGB data ([0..1] for floats or [0..255] for integers). Got range [-0.11384714..1.1223176].
2024-12-16 12:45:31,795 - Clipping input data to the valid range for imshow with RGB data ([0..1] for floats or [0..255] for integers). Got range [-1.1613221..1.0345174].
2024-12-16 12:45:31,797 - Clipping input data to the valid range for imshow with RGB data ([0..1] for floats or [0..255] for integers). Got range [-0.9064829..1.803765].
2024-12-16 12:45:31,799 - Clipping input data to the valid range for imshow with RGB data ([0..1] for floats or [0..255] for integers). Got range [-0.29676574..1.3024019].
2024-12-16 12:45:31,803 - Clipping input data to the valid range for imshow with RGB data ([0..1] for floats or [0..255] for integers). Got range [-0.83638245..0.88006854].
2024-12-16 12:45:31,805 - Clipping input data to the valid range for imshow with RGB data ([0..1] for floats or [0..255] for integers). Got range [-0.6013556..1.678304].
2024-12-16 12:45:31,807 - Clipping input data to the valid range for imshow with RGB data ([0..1] for floats or [0..255] for integers). Got range [-0.26953188..1.2293427].
