2024-12-24 20:38:59,049 - Norm2 (epsilon): 100
2024-12-24 20:38:59,049 - Optimization parameters:
2024-12-24 20:38:59,049 - epsilon (Frobenius norm constraint): 100
2024-12-24 20:38:59,049 - inner_tol (Tolerance for inner optimization): 1e-10
2024-12-24 20:38:59,049 - lr (Learning rate): 0.01
2024-12-24 20:38:59,049 - outer_num_steps (Number of outer optimization steps): 50
2024-12-24 20:38:59,049 - inner_num_steps (Number of inner optimization steps): 200
2024-12-24 20:38:59,049 - outer_dis_num (Display loss every outer_dis_num steps): 1
2024-12-24 20:38:59,049 - inner_dis_num (Display loss every inner_dis_num steps): 2000
2024-12-24 20:39:01,351 - Comparison Step 0, Loss_X_TNG: 26.792356491088867, normE: 0.2258768379688263
2024-12-24 20:39:01,919 - Comparison Step 1, Loss_X_TNG: 26.544424057006836, normE: 0.2258768379688263
2024-12-24 20:39:02,485 - Comparison Step 2, Loss_X_TNG: 26.46552848815918, normE: 0.2258768379688263
2024-12-24 20:39:03,041 - Comparison Step 3, Loss_X_TNG: 26.43103790283203, normE: 0.2258768379688263
2024-12-24 20:39:03,611 - Comparison Step 4, Loss_X_TNG: 26.400432586669922, normE: 0.2258768379688263
2024-12-24 20:39:04,176 - Comparison Step 5, Loss_X_TNG: 26.40113067626953, normE: 0.2258768379688263
2024-12-24 20:39:04,737 - Comparison Step 6, Loss_X_TNG: 26.380659103393555, normE: 0.2258768379688263
2024-12-24 20:39:05,004 - Comparison Step 7, Loss_X_TNG: 26.375669479370117, normE: 0.2258768379688263
2024-12-24 20:39:05,593 - Comparison Step 8, Loss_X_TNG: 26.408912658691406, normE: 0.2258768379688263
2024-12-24 20:39:06,164 - Comparison Step 9, Loss_X_TNG: 26.383705139160156, normE: 0.2258768379688263
2024-12-24 20:39:06,294 - Comparison Step 10, Loss_X_TNG: 26.380706787109375, normE: 0.2258768379688263
2024-12-24 20:39:06,445 - Comparison Step 11, Loss_X_TNG: 26.37769889831543, normE: 0.2258768379688263
2024-12-24 20:39:06,606 - Comparison Step 12, Loss_X_TNG: 26.374807357788086, normE: 0.2258768379688263
2024-12-24 20:39:06,727 - Comparison Step 13, Loss_X_TNG: 26.372764587402344, normE: 0.2258768379688263
2024-12-24 20:39:06,980 - Comparison Step 14, Loss_X_TNG: 26.36857795715332, normE: 0.2258768379688263
2024-12-24 20:39:07,067 - Comparison Step 15, Loss_X_TNG: 26.367311477661133, normE: 0.2258768379688263
2024-12-24 20:39:07,218 - Comparison Step 16, Loss_X_TNG: 26.3652286529541, normE: 0.2258768379688263
2024-12-24 20:39:07,371 - Comparison Step 17, Loss_X_TNG: 26.363292694091797, normE: 0.2258768379688263
2024-12-24 20:39:07,944 - Comparison Step 18, Loss_X_TNG: 26.365062713623047, normE: 0.2258768379688263
2024-12-24 20:39:08,601 - Comparison Step 19, Loss_X_TNG: 26.35675811767578, normE: 0.2258768379688263
2024-12-24 20:39:08,774 - Comparison Step 20, Loss_X_TNG: 26.355253219604492, normE: 0.2258768379688263
2024-12-24 20:39:09,024 - Comparison Step 21, Loss_X_TNG: 26.353355407714844, normE: 0.2258768379688263
2024-12-24 20:39:09,099 - Comparison Step 22, Loss_X_TNG: 26.352834701538086, normE: 0.2258768379688263
2024-12-24 20:39:09,142 - Comparison Step 23, Loss_X_TNG: 26.352577209472656, normE: 0.2258768379688263
2024-12-24 20:39:09,848 - Comparison Step 24, Loss_X_TNG: 26.356029510498047, normE: 0.2258768379688263
2024-12-24 20:39:09,979 - Comparison Step 25, Loss_X_TNG: 26.353944778442383, normE: 0.2258768379688263
2024-12-24 20:39:10,260 - Comparison Step 26, Loss_X_TNG: 26.350263595581055, normE: 0.2258768379688263
2024-12-24 20:39:10,440 - Comparison Step 27, Loss_X_TNG: 26.34855842590332, normE: 0.2258768379688263
2024-12-24 20:39:10,743 - Comparison Step 28, Loss_X_TNG: 26.34596061706543, normE: 0.2258768379688263
2024-12-24 20:39:11,320 - Comparison Step 29, Loss_X_TNG: 26.351409912109375, normE: 0.2258768379688263
2024-12-24 20:39:11,888 - Comparison Step 30, Loss_X_TNG: 26.342300415039062, normE: 0.2258768379688263
2024-12-24 20:39:11,921 - Comparison Step 31, Loss_X_TNG: 26.342079162597656, normE: 0.2258768379688263
2024-12-24 20:39:12,496 - Comparison Step 32, Loss_X_TNG: 26.33807945251465, normE: 0.2258768379688263
2024-12-24 20:39:12,599 - Comparison Step 33, Loss_X_TNG: 26.33744239807129, normE: 0.2258768379688263
2024-12-24 20:39:13,050 - Comparison Step 34, Loss_X_TNG: 26.34286117553711, normE: 0.2258768379688263
2024-12-24 20:39:13,698 - Comparison Step 35, Loss_X_TNG: 26.335739135742188, normE: 0.2258768379688263
2024-12-24 20:39:13,742 - Comparison Step 36, Loss_X_TNG: 26.335412979125977, normE: 0.2258768379688263
2024-12-24 20:39:13,831 - Comparison Step 37, Loss_X_TNG: 26.334890365600586, normE: 0.2258768379688263
2024-12-24 20:39:14,624 - Comparison Step 38, Loss_X_TNG: 26.34342384338379, normE: 0.2258768379688263
2024-12-24 20:39:15,432 - Comparison Step 39, Loss_X_TNG: 26.386463165283203, normE: 0.2258768379688263
2024-12-24 20:39:15,742 - Comparison Step 40, Loss_X_TNG: 26.37575912475586, normE: 0.2258768379688263
2024-12-24 20:39:15,948 - Comparison Step 41, Loss_X_TNG: 26.371028900146484, normE: 0.2258768379688263
2024-12-24 20:39:16,286 - Comparison Step 42, Loss_X_TNG: 26.365276336669922, normE: 0.2258768379688263
2024-12-24 20:39:16,834 - Comparison Step 43, Loss_X_TNG: 26.358917236328125, normE: 0.2258768379688263
2024-12-24 20:39:17,022 - Comparison Step 44, Loss_X_TNG: 26.357458114624023, normE: 0.2258768379688263
2024-12-24 20:39:17,038 - Comparison Step 45, Loss_X_TNG: 26.35743522644043, normE: 0.2258768379688263
2024-12-24 20:39:17,053 - Comparison Step 46, Loss_X_TNG: 26.357337951660156, normE: 0.2258768379688263
2024-12-24 20:39:17,385 - Comparison Step 47, Loss_X_TNG: 26.35508918762207, normE: 0.2258768379688263
2024-12-24 20:39:17,772 - Comparison Step 48, Loss_X_TNG: 26.352651596069336, normE: 0.2258768379688263
2024-12-24 20:39:17,799 - Comparison Step 49, Loss_X_TNG: 26.352556228637695, normE: 0.2258768379688263
2024-12-24 20:39:18,032 - Comparison Step 0, Loss_X_TNG: 26.35165786743164, normE: 4.442151069641113
2024-12-24 20:39:18,738 - Comparison Step 1, Loss_X_TNG: 26.502033233642578, normE: 8.506084442138672
2024-12-24 20:39:19,303 - Comparison Step 2, Loss_X_TNG: 27.20359992980957, normE: 8.116043090820312
2024-12-24 20:39:19,868 - Comparison Step 3, Loss_X_TNG: 27.039310455322266, normE: 8.367938995361328
2024-12-24 20:39:20,428 - Comparison Step 4, Loss_X_TNG: 26.854400634765625, normE: 8.164496421813965
2024-12-24 20:39:20,986 - Comparison Step 5, Loss_X_TNG: 26.636857986450195, normE: 8.263355255126953
2024-12-24 20:39:21,393 - Comparison Step 6, Loss_X_TNG: 26.543012619018555, normE: 8.164241790771484
2024-12-24 20:39:21,955 - Comparison Step 7, Loss_X_TNG: 26.551652908325195, normE: 8.209246635437012
2024-12-24 20:39:22,514 - Comparison Step 8, Loss_X_TNG: 26.530813217163086, normE: 8.160917282104492
2024-12-24 20:39:22,734 - Comparison Step 9, Loss_X_TNG: 26.50578498840332, normE: 8.175201416015625
2024-12-24 20:39:23,301 - Comparison Step 10, Loss_X_TNG: 26.742631912231445, normE: 8.165935516357422
2024-12-24 20:39:23,862 - Comparison Step 11, Loss_X_TNG: 26.829002380371094, normE: 8.18558406829834
2024-12-24 20:39:24,418 - Comparison Step 12, Loss_X_TNG: 26.902801513671875, normE: 8.191837310791016
2024-12-24 20:39:24,974 - Comparison Step 13, Loss_X_TNG: 26.793994903564453, normE: 8.193312644958496
2024-12-24 20:39:25,533 - Comparison Step 14, Loss_X_TNG: 26.738910675048828, normE: 8.194011688232422
2024-12-24 20:39:26,088 - Comparison Step 15, Loss_X_TNG: 26.656599044799805, normE: 8.19103717803955
2024-12-24 20:39:26,641 - Comparison Step 16, Loss_X_TNG: 26.758102416992188, normE: 8.190699577331543
2024-12-24 20:39:27,200 - Comparison Step 17, Loss_X_TNG: 26.587783813476562, normE: 8.183120727539062
2024-12-24 20:39:27,759 - Comparison Step 18, Loss_X_TNG: 26.5582218170166, normE: 8.181563377380371
2024-12-24 20:39:28,316 - Comparison Step 19, Loss_X_TNG: 26.542701721191406, normE: 8.176228523254395
2024-12-24 20:39:28,871 - Comparison Step 20, Loss_X_TNG: 26.639381408691406, normE: 8.178170204162598
2024-12-24 20:39:29,436 - Comparison Step 21, Loss_X_TNG: 26.618776321411133, normE: 8.176433563232422
2024-12-24 20:39:29,993 - Comparison Step 22, Loss_X_TNG: 26.791940689086914, normE: 8.180562973022461
2024-12-24 20:39:30,549 - Comparison Step 23, Loss_X_TNG: 26.63124656677246, normE: 8.178021430969238
2024-12-24 20:39:31,113 - Comparison Step 24, Loss_X_TNG: 26.66790771484375, normE: 8.182333946228027
2024-12-24 20:39:31,675 - Comparison Step 25, Loss_X_TNG: 26.64874839782715, normE: 8.181002616882324
2024-12-24 20:39:32,237 - Comparison Step 26, Loss_X_TNG: 26.633689880371094, normE: 8.18199348449707
2024-12-24 20:39:32,798 - Comparison Step 27, Loss_X_TNG: 26.600605010986328, normE: 8.17863941192627
2024-12-24 20:39:33,355 - Comparison Step 28, Loss_X_TNG: 26.56402015686035, normE: 8.176146507263184
2024-12-24 20:39:33,919 - Comparison Step 29, Loss_X_TNG: 26.581586837768555, normE: 8.174922943115234
2024-12-24 20:39:34,478 - Comparison Step 30, Loss_X_TNG: 26.60546875, normE: 8.174132347106934
2024-12-24 20:39:35,043 - Comparison Step 31, Loss_X_TNG: 26.609453201293945, normE: 8.174299240112305
2024-12-24 20:39:35,606 - Comparison Step 32, Loss_X_TNG: 26.590059280395508, normE: 8.172636032104492
2024-12-24 20:39:36,168 - Comparison Step 33, Loss_X_TNG: 26.649150848388672, normE: 8.171608924865723
2024-12-24 20:39:36,733 - Comparison Step 34, Loss_X_TNG: 26.57019805908203, normE: 8.169143676757812
2024-12-24 20:39:37,248 - Comparison Step 35, Loss_X_TNG: 26.536483764648438, normE: 8.167783737182617
2024-12-24 20:39:37,812 - Comparison Step 36, Loss_X_TNG: 26.62306022644043, normE: 8.167577743530273
2024-12-24 20:39:38,371 - Comparison Step 37, Loss_X_TNG: 26.548458099365234, normE: 8.163285255432129
2024-12-24 20:39:38,930 - Comparison Step 38, Loss_X_TNG: 26.620542526245117, normE: 8.166828155517578
2024-12-24 20:39:39,492 - Comparison Step 39, Loss_X_TNG: 26.663421630859375, normE: 8.167206764221191
2024-12-24 20:39:40,022 - Comparison Step 40, Loss_X_TNG: 26.712617874145508, normE: 8.171385765075684
2024-12-24 20:39:40,188 - Comparison Step 41, Loss_X_TNG: 26.699241638183594, normE: 8.17047119140625
2024-12-24 20:39:40,748 - Comparison Step 42, Loss_X_TNG: 26.640897750854492, normE: 8.168959617614746
2024-12-24 20:39:41,310 - Comparison Step 43, Loss_X_TNG: 26.61299705505371, normE: 8.167280197143555
2024-12-24 20:39:41,866 - Comparison Step 44, Loss_X_TNG: 26.615243911743164, normE: 8.167911529541016
2024-12-24 20:39:42,433 - Comparison Step 45, Loss_X_TNG: 26.60704231262207, normE: 8.167128562927246
2024-12-24 20:39:42,502 - Comparison Step 46, Loss_X_TNG: 26.57428741455078, normE: 8.16445255279541
2024-12-24 20:39:42,870 - Comparison Step 47, Loss_X_TNG: 26.51352310180664, normE: 8.161016464233398
2024-12-24 20:39:43,050 - Comparison Step 48, Loss_X_TNG: 26.53235626220703, normE: 8.160195350646973
2024-12-24 20:39:43,614 - Comparison Step 49, Loss_X_TNG: 26.76689910888672, normE: 8.165542602539062
2024-12-24 20:39:43,614 - Norm2 (Comparison Algorithm): 26.76689910888672
2024-12-24 20:39:44,161 - Norm2 (Original TR Algorithm): 26.765357971191406
2024-12-24 20:39:44,161 - Norm2 (Our Algorithm): 26.352556228637695
2024-12-24 20:39:44,253 - Clipping input data to the valid range for imshow with RGB data ([0..1] for floats or [0..255] for integers). Got range [-0.12158961..1.1710538].
2024-12-24 20:39:44,256 - Clipping input data to the valid range for imshow with RGB data ([0..1] for floats or [0..255] for integers). Got range [-0.002363683..0.0022894987].
2024-12-24 20:39:44,258 - Clipping input data to the valid range for imshow with RGB data ([0..1] for floats or [0..255] for integers). Got range [-0.0015453745..1.0013025].
2024-12-24 20:39:44,260 - Clipping input data to the valid range for imshow with RGB data ([0..1] for floats or [0..255] for integers). Got range [-0.12022687..1.1694746].
2024-12-24 20:39:44,263 - Clipping input data to the valid range for imshow with RGB data ([0..1] for floats or [0..255] for integers). Got range [-0.029381173..0.028420478].
2024-12-24 20:39:44,265 - Clipping input data to the valid range for imshow with RGB data ([0..1] for floats or [0..255] for integers). Got range [-0.021941032..1.0205126].
2024-12-24 20:39:44,267 - Clipping input data to the valid range for imshow with RGB data ([0..1] for floats or [0..255] for integers). Got range [-0.13019344..1.1690009].
