2024-12-24 21:18:25,092 - Norm2 (epsilon): 10000
2024-12-24 21:18:25,092 - Optimization parameters:
2024-12-24 21:18:25,092 - epsilon (Frobenius norm constraint): 10000
2024-12-24 21:18:25,092 - inner_tol (Tolerance for inner optimization): 1e-10
2024-12-24 21:18:25,092 - lr (Learning rate): 0.01
2024-12-24 21:18:25,092 - outer_num_steps (Number of outer optimization steps): 50
2024-12-24 21:18:25,092 - inner_num_steps (Number of inner optimization steps): 200
2024-12-24 21:18:25,092 - outer_dis_num (Display loss every outer_dis_num steps): 1
2024-12-24 21:18:25,092 - inner_dis_num (Display loss every inner_dis_num steps): 2000
2024-12-24 21:18:27,954 - Comparison Step 0, Loss_X_TNG: 27.37737274169922, normE: 22.541582107543945
2024-12-24 21:18:28,676 - Comparison Step 1, Loss_X_TNG: 27.22638702392578, normE: 22.541582107543945
2024-12-24 21:18:29,358 - Comparison Step 2, Loss_X_TNG: 27.150314331054688, normE: 22.541582107543945
2024-12-24 21:18:29,929 - Comparison Step 3, Loss_X_TNG: 27.116464614868164, normE: 22.541582107543945
2024-12-24 21:18:30,490 - Comparison Step 4, Loss_X_TNG: 27.09259605407715, normE: 22.541582107543945
2024-12-24 21:18:31,052 - Comparison Step 5, Loss_X_TNG: 27.077064514160156, normE: 22.541582107543945
2024-12-24 21:18:31,611 - Comparison Step 6, Loss_X_TNG: 27.06583595275879, normE: 22.541582107543945
2024-12-24 21:18:32,170 - Comparison Step 7, Loss_X_TNG: 27.057607650756836, normE: 22.541582107543945
2024-12-24 21:18:32,281 - Comparison Step 8, Loss_X_TNG: 27.05611801147461, normE: 22.541582107543945
2024-12-24 21:18:32,489 - Comparison Step 9, Loss_X_TNG: 27.05378532409668, normE: 22.541582107543945
2024-12-24 21:18:32,619 - Comparison Step 10, Loss_X_TNG: 27.052339553833008, normE: 22.541582107543945
2024-12-24 21:18:32,790 - Comparison Step 11, Loss_X_TNG: 27.04983139038086, normE: 22.541582107543945
2024-12-24 21:18:32,894 - Comparison Step 12, Loss_X_TNG: 27.049560546875, normE: 22.541582107543945
2024-12-24 21:18:32,951 - Comparison Step 13, Loss_X_TNG: 27.048282623291016, normE: 22.541582107543945
2024-12-24 21:18:33,074 - Comparison Step 14, Loss_X_TNG: 27.04697608947754, normE: 22.541582107543945
2024-12-24 21:18:33,293 - Comparison Step 15, Loss_X_TNG: 27.045053482055664, normE: 22.541582107543945
2024-12-24 21:18:33,316 - Comparison Step 16, Loss_X_TNG: 27.04456329345703, normE: 22.541582107543945
2024-12-24 21:18:33,443 - Comparison Step 17, Loss_X_TNG: 27.043746948242188, normE: 22.541582107543945
2024-12-24 21:18:33,580 - Comparison Step 18, Loss_X_TNG: 27.042551040649414, normE: 22.541582107543945
2024-12-24 21:18:33,746 - Comparison Step 19, Loss_X_TNG: 27.04083251953125, normE: 22.541582107543945
2024-12-24 21:18:33,774 - Comparison Step 20, Loss_X_TNG: 27.041112899780273, normE: 22.541582107543945
2024-12-24 21:18:33,813 - Comparison Step 21, Loss_X_TNG: 27.039918899536133, normE: 22.541582107543945
2024-12-24 21:18:33,840 - Comparison Step 22, Loss_X_TNG: 27.040409088134766, normE: 22.541582107543945
2024-12-24 21:18:33,868 - Comparison Step 23, Loss_X_TNG: 27.040559768676758, normE: 22.541582107543945
2024-12-24 21:18:33,903 - Comparison Step 24, Loss_X_TNG: 27.039371490478516, normE: 22.541582107543945
2024-12-24 21:18:33,983 - Comparison Step 25, Loss_X_TNG: 27.03938102722168, normE: 22.541582107543945
2024-12-24 21:18:34,187 - Comparison Step 26, Loss_X_TNG: 27.037912368774414, normE: 22.541582107543945
2024-12-24 21:18:34,245 - Comparison Step 27, Loss_X_TNG: 27.03717041015625, normE: 22.541582107543945
2024-12-24 21:18:34,295 - Comparison Step 28, Loss_X_TNG: 27.036645889282227, normE: 22.541582107543945
2024-12-24 21:18:34,323 - Comparison Step 29, Loss_X_TNG: 27.037303924560547, normE: 22.541582107543945
2024-12-24 21:18:34,337 - Comparison Step 30, Loss_X_TNG: 27.037202835083008, normE: 22.541582107543945
2024-12-24 21:18:34,383 - Comparison Step 31, Loss_X_TNG: 27.03626251220703, normE: 22.541582107543945
2024-12-24 21:18:34,402 - Comparison Step 32, Loss_X_TNG: 27.036619186401367, normE: 22.541582107543945
2024-12-24 21:18:34,419 - Comparison Step 33, Loss_X_TNG: 27.036182403564453, normE: 22.541582107543945
2024-12-24 21:18:34,499 - Comparison Step 34, Loss_X_TNG: 27.035879135131836, normE: 22.541582107543945
2024-12-24 21:18:34,510 - Comparison Step 35, Loss_X_TNG: 27.035903930664062, normE: 22.541582107543945
2024-12-24 21:18:34,588 - Comparison Step 36, Loss_X_TNG: 27.035144805908203, normE: 22.541582107543945
2024-12-24 21:18:34,621 - Comparison Step 37, Loss_X_TNG: 27.035402297973633, normE: 22.541582107543945
2024-12-24 21:18:34,657 - Comparison Step 38, Loss_X_TNG: 27.034345626831055, normE: 22.541582107543945
2024-12-24 21:18:34,822 - Comparison Step 39, Loss_X_TNG: 27.033252716064453, normE: 22.541582107543945
2024-12-24 21:18:34,878 - Comparison Step 40, Loss_X_TNG: 27.032724380493164, normE: 22.541582107543945
2024-12-24 21:18:34,966 - Comparison Step 41, Loss_X_TNG: 27.032520294189453, normE: 22.541582107543945
2024-12-24 21:18:35,058 - Comparison Step 42, Loss_X_TNG: 27.030858993530273, normE: 22.541582107543945
2024-12-24 21:18:35,077 - Comparison Step 43, Loss_X_TNG: 27.03145408630371, normE: 22.541582107543945
2024-12-24 21:18:35,094 - Comparison Step 44, Loss_X_TNG: 27.032052993774414, normE: 22.541582107543945
2024-12-24 21:18:35,118 - Comparison Step 45, Loss_X_TNG: 27.032241821289062, normE: 22.541582107543945
2024-12-24 21:18:35,151 - Comparison Step 46, Loss_X_TNG: 27.031757354736328, normE: 22.541582107543945
2024-12-24 21:18:35,490 - Comparison Step 47, Loss_X_TNG: 27.030553817749023, normE: 22.541582107543945
2024-12-24 21:18:35,625 - Comparison Step 48, Loss_X_TNG: 27.028905868530273, normE: 22.541582107543945
2024-12-24 21:18:35,826 - Comparison Step 49, Loss_X_TNG: 27.027544021606445, normE: 22.541582107543945
2024-12-24 21:18:36,210 - Comparison Step 0, Loss_X_TNG: 27.032609939575195, normE: 25.30655288696289
2024-12-24 21:18:36,521 - Comparison Step 1, Loss_X_TNG: 27.079158782958984, normE: 28.468826293945312
2024-12-24 21:18:37,051 - Comparison Step 2, Loss_X_TNG: 27.467065811157227, normE: 31.8345890045166
2024-12-24 21:18:37,615 - Comparison Step 3, Loss_X_TNG: 28.101459503173828, normE: 35.348854064941406
2024-12-24 21:18:38,178 - Comparison Step 4, Loss_X_TNG: 28.529842376708984, normE: 38.981178283691406
2024-12-24 21:18:38,743 - Comparison Step 5, Loss_X_TNG: 29.114961624145508, normE: 42.71418762207031
2024-12-24 21:18:39,301 - Comparison Step 6, Loss_X_TNG: 29.96385383605957, normE: 46.52757263183594
2024-12-24 21:18:39,860 - Comparison Step 7, Loss_X_TNG: 31.018247604370117, normE: 50.408111572265625
2024-12-24 21:18:40,413 - Comparison Step 8, Loss_X_TNG: 31.9670467376709, normE: 54.35029983520508
2024-12-24 21:18:40,973 - Comparison Step 9, Loss_X_TNG: 32.9183464050293, normE: 58.34849166870117
2024-12-24 21:18:41,538 - Comparison Step 10, Loss_X_TNG: 34.183589935302734, normE: 62.395565032958984
2024-12-24 21:18:42,096 - Comparison Step 11, Loss_X_TNG: 35.195159912109375, normE: 66.49327850341797
2024-12-24 21:18:42,660 - Comparison Step 12, Loss_X_TNG: 36.2051887512207, normE: 70.64327239990234
2024-12-24 21:18:43,218 - Comparison Step 13, Loss_X_TNG: 37.202571868896484, normE: 74.84640502929688
2024-12-24 21:18:43,793 - Comparison Step 14, Loss_X_TNG: 38.51064682006836, normE: 79.09950256347656
2024-12-24 21:18:44,357 - Comparison Step 15, Loss_X_TNG: 39.42917251586914, normE: 83.40325927734375
2024-12-24 21:18:44,927 - Comparison Step 16, Loss_X_TNG: 40.51966094970703, normE: 87.75885009765625
2024-12-24 21:18:45,488 - Comparison Step 17, Loss_X_TNG: 41.644283294677734, normE: 92.16603088378906
2024-12-24 21:18:46,055 - Comparison Step 18, Loss_X_TNG: 42.774192810058594, normE: 96.62508392333984
2024-12-24 21:18:46,590 - Comparison Step 19, Loss_X_TNG: 43.843482971191406, normE: 98.87708282470703
2024-12-24 21:18:47,155 - Comparison Step 20, Loss_X_TNG: 44.470577239990234, normE: 96.6797866821289
2024-12-24 21:18:47,695 - Comparison Step 21, Loss_X_TNG: 43.561927795410156, normE: 98.74250030517578
2024-12-24 21:18:48,255 - Comparison Step 22, Loss_X_TNG: 44.28120040893555, normE: 96.7390365600586
2024-12-24 21:18:48,827 - Comparison Step 23, Loss_X_TNG: 43.00506591796875, normE: 98.6246566772461
2024-12-24 21:18:49,388 - Comparison Step 24, Loss_X_TNG: 43.081565856933594, normE: 96.79788970947266
2024-12-24 21:18:49,950 - Comparison Step 25, Loss_X_TNG: 42.039188385009766, normE: 98.51976776123047
2024-12-24 21:18:50,512 - Comparison Step 26, Loss_X_TNG: 42.05952072143555, normE: 96.8532943725586
2024-12-24 21:18:51,073 - Comparison Step 27, Loss_X_TNG: 40.74374771118164, normE: 98.42525482177734
2024-12-24 21:18:51,630 - Comparison Step 28, Loss_X_TNG: 40.72037887573242, normE: 96.90770721435547
2024-12-24 21:18:51,760 - Comparison Step 29, Loss_X_TNG: 39.87264633178711, normE: 98.34197998046875
2024-12-24 21:18:52,321 - Comparison Step 30, Loss_X_TNG: 40.52553176879883, normE: 96.96012878417969
2024-12-24 21:18:52,874 - Comparison Step 31, Loss_X_TNG: 39.924766540527344, normE: 98.26850891113281
2024-12-24 21:18:53,445 - Comparison Step 32, Loss_X_TNG: 40.97126770019531, normE: 97.01344299316406
2024-12-24 21:18:54,010 - Comparison Step 33, Loss_X_TNG: 40.84198760986328, normE: 98.20374298095703
2024-12-24 21:18:54,596 - Comparison Step 34, Loss_X_TNG: 40.45832061767578, normE: 97.06425476074219
2024-12-24 21:18:55,163 - Comparison Step 35, Loss_X_TNG: 39.881160736083984, normE: 98.14873504638672
2024-12-24 21:18:55,726 - Comparison Step 36, Loss_X_TNG: 40.50475311279297, normE: 97.11200714111328
2024-12-24 21:18:56,290 - Comparison Step 37, Loss_X_TNG: 40.33597946166992, normE: 98.09966278076172
2024-12-24 21:18:56,851 - Comparison Step 38, Loss_X_TNG: 41.01836395263672, normE: 97.15898132324219
2024-12-24 21:18:57,418 - Comparison Step 39, Loss_X_TNG: 40.84567642211914, normE: 98.0595703125
2024-12-24 21:18:57,979 - Comparison Step 40, Loss_X_TNG: 41.16077423095703, normE: 97.2038345336914
2024-12-24 21:18:58,554 - Comparison Step 41, Loss_X_TNG: 40.49147033691406, normE: 98.02277374267578
2024-12-24 21:18:59,114 - Comparison Step 42, Loss_X_TNG: 40.37446975708008, normE: 97.2435302734375
2024-12-24 21:18:59,681 - Comparison Step 43, Loss_X_TNG: 39.84447479248047, normE: 97.9896469116211
2024-12-24 21:19:00,246 - Comparison Step 44, Loss_X_TNG: 40.26189041137695, normE: 97.2812271118164
2024-12-24 21:19:00,820 - Comparison Step 45, Loss_X_TNG: 39.764312744140625, normE: 97.96076965332031
2024-12-24 21:19:01,390 - Comparison Step 46, Loss_X_TNG: 40.206451416015625, normE: 97.31612396240234
2024-12-24 21:19:01,958 - Comparison Step 47, Loss_X_TNG: 40.324798583984375, normE: 97.93570709228516
2024-12-24 21:19:02,525 - Comparison Step 48, Loss_X_TNG: 40.572635650634766, normE: 97.3492431640625
2024-12-24 21:19:03,091 - Comparison Step 49, Loss_X_TNG: 40.42780685424805, normE: 97.91267395019531
2024-12-24 21:19:03,092 - Norm2 (Comparison Algorithm): 40.42780685424805
2024-12-24 21:19:03,666 - Norm2 (Original TR Algorithm): 26.75665283203125
2024-12-24 21:19:03,666 - Norm2 (Our Algorithm): 27.027544021606445
2024-12-24 21:19:03,759 - Clipping input data to the valid range for imshow with RGB data ([0..1] for floats or [0..255] for integers). Got range [-0.12257742..1.1533002].
2024-12-24 21:19:03,762 - Clipping input data to the valid range for imshow with RGB data ([0..1] for floats or [0..255] for integers). Got range [-0.23359603..0.22309902].
2024-12-24 21:19:03,764 - Clipping input data to the valid range for imshow with RGB data ([0..1] for floats or [0..255] for integers). Got range [-0.13948226..1.1442682].
2024-12-24 21:19:03,766 - Clipping input data to the valid range for imshow with RGB data ([0..1] for floats or [0..255] for integers). Got range [-0.12522058..1.17142].
2024-12-24 21:19:03,769 - Clipping input data to the valid range for imshow with RGB data ([0..1] for floats or [0..255] for integers). Got range [-0.26316777..0.26764688].
2024-12-24 21:19:03,771 - Clipping input data to the valid range for imshow with RGB data ([0..1] for floats or [0..255] for integers). Got range [-0.24541716..1.2423025].
2024-12-24 21:19:03,773 - Clipping input data to the valid range for imshow with RGB data ([0..1] for floats or [0..255] for integers). Got range [-0.28746673..1.3054917].
