2024-12-24 21:15:49,845 - Norm2 (epsilon): 100
2024-12-24 21:15:49,846 - Optimization parameters:
2024-12-24 21:15:49,846 - epsilon (Frobenius norm constraint): 100
2024-12-24 21:15:49,846 - inner_tol (Tolerance for inner optimization): 1e-10
2024-12-24 21:15:49,846 - lr (Learning rate): 0.01
2024-12-24 21:15:49,846 - outer_num_steps (Number of outer optimization steps): 50
2024-12-24 21:15:49,846 - inner_num_steps (Number of inner optimization steps): 200
2024-12-24 21:15:49,846 - outer_dis_num (Display loss every outer_dis_num steps): 1
2024-12-24 21:15:49,846 - inner_dis_num (Display loss every inner_dis_num steps): 2000
2024-12-24 21:15:52,529 - Comparison Step 0, Loss_X_TNG: 26.764806747436523, normE: 0.22508947551250458
2024-12-24 21:15:53,103 - Comparison Step 1, Loss_X_TNG: 26.5889892578125, normE: 0.22508947551250458
2024-12-24 21:15:53,683 - Comparison Step 2, Loss_X_TNG: 26.53282928466797, normE: 0.22508947551250458
2024-12-24 21:15:54,257 - Comparison Step 3, Loss_X_TNG: 26.504331588745117, normE: 0.22508947551250458
2024-12-24 21:15:54,827 - Comparison Step 4, Loss_X_TNG: 26.483951568603516, normE: 0.22508947551250458
2024-12-24 21:15:55,398 - Comparison Step 5, Loss_X_TNG: 26.467893600463867, normE: 0.22508947551250458
2024-12-24 21:15:55,972 - Comparison Step 6, Loss_X_TNG: 26.455150604248047, normE: 0.22508947551250458
2024-12-24 21:15:56,539 - Comparison Step 7, Loss_X_TNG: 26.445453643798828, normE: 0.22508947551250458
2024-12-24 21:15:56,836 - Comparison Step 8, Loss_X_TNG: 26.441579818725586, normE: 0.22508947551250458
2024-12-24 21:15:56,892 - Comparison Step 9, Loss_X_TNG: 26.441001892089844, normE: 0.22508947551250458
2024-12-24 21:15:57,038 - Comparison Step 10, Loss_X_TNG: 26.439411163330078, normE: 0.22508947551250458
2024-12-24 21:15:57,375 - Comparison Step 11, Loss_X_TNG: 26.436092376708984, normE: 0.22508947551250458
2024-12-24 21:15:57,417 - Comparison Step 12, Loss_X_TNG: 26.435758590698242, normE: 0.22508947551250458
2024-12-24 21:15:57,429 - Comparison Step 13, Loss_X_TNG: 26.435712814331055, normE: 0.22508947551250458
2024-12-24 21:15:57,451 - Comparison Step 14, Loss_X_TNG: 26.435565948486328, normE: 0.22508947551250458
2024-12-24 21:15:57,651 - Comparison Step 15, Loss_X_TNG: 26.43387222290039, normE: 0.22508947551250458
2024-12-24 21:15:57,674 - Comparison Step 16, Loss_X_TNG: 26.433727264404297, normE: 0.22508947551250458
2024-12-24 21:15:57,781 - Comparison Step 17, Loss_X_TNG: 26.43288803100586, normE: 0.22508947551250458
2024-12-24 21:15:58,068 - Comparison Step 18, Loss_X_TNG: 26.43073844909668, normE: 0.22508947551250458
2024-12-24 21:15:58,171 - Comparison Step 19, Loss_X_TNG: 26.430038452148438, normE: 0.22508947551250458
2024-12-24 21:15:58,196 - Comparison Step 20, Loss_X_TNG: 26.42995834350586, normE: 0.22508947551250458
2024-12-24 21:15:58,323 - Comparison Step 21, Loss_X_TNG: 26.42904281616211, normE: 0.22508947551250458
2024-12-24 21:15:58,476 - Comparison Step 22, Loss_X_TNG: 26.428070068359375, normE: 0.22508947551250458
2024-12-24 21:15:59,048 - Comparison Step 23, Loss_X_TNG: 26.42435646057129, normE: 0.22508947551250458
2024-12-24 21:15:59,064 - Comparison Step 24, Loss_X_TNG: 26.424333572387695, normE: 0.22508947551250458
2024-12-24 21:15:59,168 - Comparison Step 25, Loss_X_TNG: 26.423702239990234, normE: 0.22508947551250458
2024-12-24 21:15:59,411 - Comparison Step 26, Loss_X_TNG: 26.42214012145996, normE: 0.22508947551250458
2024-12-24 21:15:59,745 - Comparison Step 27, Loss_X_TNG: 26.42026710510254, normE: 0.22508947551250458
2024-12-24 21:15:59,759 - Comparison Step 28, Loss_X_TNG: 26.420246124267578, normE: 0.22508947551250458
2024-12-24 21:16:00,298 - Comparison Step 29, Loss_X_TNG: 26.417041778564453, normE: 0.22508947551250458
2024-12-24 21:16:00,630 - Comparison Step 30, Loss_X_TNG: 26.415180206298828, normE: 0.22508947551250458
2024-12-24 21:16:00,666 - Comparison Step 31, Loss_X_TNG: 26.415027618408203, normE: 0.22508947551250458
2024-12-24 21:16:00,816 - Comparison Step 32, Loss_X_TNG: 26.414154052734375, normE: 0.22508947551250458
2024-12-24 21:16:01,137 - Comparison Step 33, Loss_X_TNG: 26.412355422973633, normE: 0.22508947551250458
2024-12-24 21:16:01,328 - Comparison Step 34, Loss_X_TNG: 26.411426544189453, normE: 0.22508947551250458
2024-12-24 21:16:01,779 - Comparison Step 35, Loss_X_TNG: 26.408830642700195, normE: 0.22508947551250458
2024-12-24 21:16:01,952 - Comparison Step 36, Loss_X_TNG: 26.407922744750977, normE: 0.22508947551250458
2024-12-24 21:16:02,020 - Comparison Step 37, Loss_X_TNG: 26.407602310180664, normE: 0.22508947551250458
2024-12-24 21:16:02,149 - Comparison Step 38, Loss_X_TNG: 26.406818389892578, normE: 0.22508947551250458
2024-12-24 21:16:02,712 - Comparison Step 39, Loss_X_TNG: 26.403535842895508, normE: 0.22508947551250458
2024-12-24 21:16:02,765 - Comparison Step 40, Loss_X_TNG: 26.40363311767578, normE: 0.22508947551250458
2024-12-24 21:16:03,334 - Comparison Step 41, Loss_X_TNG: 26.400009155273438, normE: 0.22508947551250458
2024-12-24 21:16:03,903 - Comparison Step 42, Loss_X_TNG: 26.396316528320312, normE: 0.22508947551250458
2024-12-24 21:16:04,471 - Comparison Step 43, Loss_X_TNG: 26.392650604248047, normE: 0.22508947551250458
2024-12-24 21:16:04,697 - Comparison Step 44, Loss_X_TNG: 26.390987396240234, normE: 0.22508947551250458
2024-12-24 21:16:05,173 - Comparison Step 45, Loss_X_TNG: 26.387296676635742, normE: 0.22508947551250458
2024-12-24 21:16:05,335 - Comparison Step 46, Loss_X_TNG: 26.386035919189453, normE: 0.22508947551250458
2024-12-24 21:16:05,799 - Comparison Step 47, Loss_X_TNG: 26.382204055786133, normE: 0.22508947551250458
2024-12-24 21:16:06,366 - Comparison Step 48, Loss_X_TNG: 26.412803649902344, normE: 0.22508947551250458
2024-12-24 21:16:06,858 - Comparison Step 49, Loss_X_TNG: 26.3815975189209, normE: 0.22508947551250458
2024-12-24 21:16:07,476 - Comparison Step 0, Loss_X_TNG: 26.372516632080078, normE: 4.442595958709717
2024-12-24 21:16:08,047 - Comparison Step 1, Loss_X_TNG: 26.519105911254883, normE: 8.502829551696777
2024-12-24 21:16:08,631 - Comparison Step 2, Loss_X_TNG: 27.417367935180664, normE: 8.147491455078125
2024-12-24 21:16:09,200 - Comparison Step 3, Loss_X_TNG: 27.1136474609375, normE: 8.392997741699219
2024-12-24 21:16:09,777 - Comparison Step 4, Loss_X_TNG: 26.926897048950195, normE: 8.19200611114502
2024-12-24 21:16:10,351 - Comparison Step 5, Loss_X_TNG: 26.753887176513672, normE: 8.290072441101074
2024-12-24 21:16:10,922 - Comparison Step 6, Loss_X_TNG: 26.640216827392578, normE: 8.189284324645996
2024-12-24 21:16:11,499 - Comparison Step 7, Loss_X_TNG: 26.609819412231445, normE: 8.232346534729004
2024-12-24 21:16:12,072 - Comparison Step 8, Loss_X_TNG: 26.888200759887695, normE: 8.200754165649414
2024-12-24 21:16:12,640 - Comparison Step 9, Loss_X_TNG: 26.683828353881836, normE: 8.21141242980957
2024-12-24 21:16:13,212 - Comparison Step 10, Loss_X_TNG: 26.61766242980957, normE: 8.19007396697998
2024-12-24 21:16:13,786 - Comparison Step 11, Loss_X_TNG: 26.620920181274414, normE: 8.194659233093262
2024-12-24 21:16:14,357 - Comparison Step 12, Loss_X_TNG: 26.67120933532715, normE: 8.18934154510498
2024-12-24 21:16:14,931 - Comparison Step 13, Loss_X_TNG: 26.69471549987793, normE: 8.192290306091309
2024-12-24 21:16:15,500 - Comparison Step 14, Loss_X_TNG: 26.643617630004883, normE: 8.184746742248535
2024-12-24 21:16:16,067 - Comparison Step 15, Loss_X_TNG: 26.7138671875, normE: 8.187914848327637
2024-12-24 21:16:16,640 - Comparison Step 16, Loss_X_TNG: 26.76954460144043, normE: 8.187675476074219
2024-12-24 21:16:17,209 - Comparison Step 17, Loss_X_TNG: 26.8083438873291, normE: 8.194624900817871
2024-12-24 21:16:17,778 - Comparison Step 18, Loss_X_TNG: 26.857301712036133, normE: 8.191960334777832
2024-12-24 21:16:18,348 - Comparison Step 19, Loss_X_TNG: 26.75674819946289, normE: 8.190872192382812
2024-12-24 21:16:18,919 - Comparison Step 20, Loss_X_TNG: 26.640844345092773, normE: 8.185815811157227
2024-12-24 21:16:19,491 - Comparison Step 21, Loss_X_TNG: 27.125768661499023, normE: 8.195967674255371
2024-12-24 21:16:20,059 - Comparison Step 22, Loss_X_TNG: 26.63823699951172, normE: 8.183257102966309
2024-12-24 21:16:20,624 - Comparison Step 23, Loss_X_TNG: 26.663711547851562, normE: 8.189725875854492
2024-12-24 21:16:21,189 - Comparison Step 24, Loss_X_TNG: 26.715686798095703, normE: 8.186922073364258
2024-12-24 21:16:21,759 - Comparison Step 25, Loss_X_TNG: 26.72435760498047, normE: 8.19034194946289
2024-12-24 21:16:22,225 - Comparison Step 26, Loss_X_TNG: 26.68655776977539, normE: 8.18681526184082
2024-12-24 21:16:22,793 - Comparison Step 27, Loss_X_TNG: 26.7249698638916, normE: 8.18680191040039
2024-12-24 21:16:23,367 - Comparison Step 28, Loss_X_TNG: 26.84397315979004, normE: 8.187957763671875
2024-12-24 21:16:23,937 - Comparison Step 29, Loss_X_TNG: 26.610401153564453, normE: 8.181835174560547
2024-12-24 21:16:24,507 - Comparison Step 30, Loss_X_TNG: 26.672800064086914, normE: 8.185047149658203
2024-12-24 21:16:25,078 - Comparison Step 31, Loss_X_TNG: 26.718904495239258, normE: 8.183446884155273
2024-12-24 21:16:25,647 - Comparison Step 32, Loss_X_TNG: 26.78091049194336, normE: 8.188782691955566
2024-12-24 21:16:26,213 - Comparison Step 33, Loss_X_TNG: 26.683815002441406, normE: 8.18410587310791
2024-12-24 21:16:26,782 - Comparison Step 34, Loss_X_TNG: 26.705421447753906, normE: 8.185240745544434
2024-12-24 21:16:27,352 - Comparison Step 35, Loss_X_TNG: 26.724746704101562, normE: 8.18673038482666
2024-12-24 21:16:27,926 - Comparison Step 36, Loss_X_TNG: 26.723772048950195, normE: 8.188430786132812
2024-12-24 21:16:28,504 - Comparison Step 37, Loss_X_TNG: 26.693721771240234, normE: 8.187607765197754
2024-12-24 21:16:29,074 - Comparison Step 38, Loss_X_TNG: 26.634418487548828, normE: 8.18484115600586
2024-12-24 21:16:29,660 - Comparison Step 39, Loss_X_TNG: 26.580615997314453, normE: 8.180615425109863
2024-12-24 21:16:29,843 - Comparison Step 40, Loss_X_TNG: 26.555400848388672, normE: 8.176411628723145
2024-12-24 21:16:30,415 - Comparison Step 41, Loss_X_TNG: 26.62554359436035, normE: 8.17586612701416
2024-12-24 21:16:30,990 - Comparison Step 42, Loss_X_TNG: 26.661487579345703, normE: 8.17453670501709
2024-12-24 21:16:31,565 - Comparison Step 43, Loss_X_TNG: 26.610074996948242, normE: 8.17257022857666
2024-12-24 21:16:32,111 - Comparison Step 44, Loss_X_TNG: 26.725154876708984, normE: 8.176563262939453
2024-12-24 21:16:32,683 - Comparison Step 45, Loss_X_TNG: 26.703807830810547, normE: 8.17593002319336
2024-12-24 21:16:33,257 - Comparison Step 46, Loss_X_TNG: 26.697402954101562, normE: 8.177425384521484
2024-12-24 21:16:33,827 - Comparison Step 47, Loss_X_TNG: 26.637054443359375, normE: 8.17667293548584
2024-12-24 21:16:34,400 - Comparison Step 48, Loss_X_TNG: 27.13860511779785, normE: 8.184741973876953
2024-12-24 21:16:34,969 - Comparison Step 49, Loss_X_TNG: 26.86964225769043, normE: 8.184327125549316
2024-12-24 21:16:34,970 - Norm2 (Comparison Algorithm): 26.86964225769043
2024-12-24 21:16:35,524 - Norm2 (Original TR Algorithm): 26.684873580932617
2024-12-24 21:16:35,524 - Norm2 (Our Algorithm): 26.3815975189209
2024-12-24 21:16:35,616 - Clipping input data to the valid range for imshow with RGB data ([0..1] for floats or [0..255] for integers). Got range [-0.13656917..1.1867602].
2024-12-24 21:16:35,620 - Clipping input data to the valid range for imshow with RGB data ([0..1] for floats or [0..255] for integers). Got range [-0.002145155..0.0025750606].
2024-12-24 21:16:35,622 - Clipping input data to the valid range for imshow with RGB data ([0..1] for floats or [0..255] for integers). Got range [-0.0012220732..1.0012254].
2024-12-24 21:16:35,624 - Clipping input data to the valid range for imshow with RGB data ([0..1] for floats or [0..255] for integers). Got range [-0.10828272..1.1759835].
2024-12-24 21:16:35,627 - Clipping input data to the valid range for imshow with RGB data ([0..1] for floats or [0..255] for integers). Got range [-0.029534128..0.029302355].
2024-12-24 21:16:35,629 - Clipping input data to the valid range for imshow with RGB data ([0..1] for floats or [0..255] for integers). Got range [-0.021024391..1.0218657].
2024-12-24 21:16:35,630 - Clipping input data to the valid range for imshow with RGB data ([0..1] for floats or [0..255] for integers). Got range [-0.19548191..1.2018182].
