2024-12-26 03:40:38,672 - Norm2 (epsilon): 0.010000000000000002
2024-12-26 03:40:38,672 - Optimization parameters:
2024-12-26 03:40:38,672 - epsilon (Frobenius norm constraint): 0.010000000000000002
2024-12-26 03:40:38,672 - inner_tol (Tolerance for inner optimization): 1e-10
2024-12-26 03:40:38,672 - lr (Learning rate): 0.01
2024-12-26 03:40:38,672 - outer_num_steps (Number of outer optimization steps): 300
2024-12-26 03:40:38,672 - inner_num_steps (Number of inner optimization steps): 1000
2024-12-26 03:40:38,672 - outer_dis_num (Display loss every outer_dis_num steps): 1
2024-12-26 03:40:38,672 - inner_dis_num (Display loss every inner_dis_num steps): 2000
2024-12-26 03:40:42,037 - Step 0, RSE_E: 0.0020074944477528334, Loss_X_Ours: 26.401460647583008, normE: 0.10000000149011612
2024-12-26 03:40:44,205 - Step 1, RSE_E: 0.002183457836508751, Loss_X_Ours: 26.368576049804688, normE: 0.10000000149011612
2024-12-26 03:40:44,336 - Step 2, RSE_E: 0.0023721843026578426, Loss_X_Ours: 26.367456436157227, normE: 0.09999999403953552
2024-12-26 03:40:44,398 - Step 3, RSE_E: 0.0025758021511137486, Loss_X_Ours: 26.366992950439453, normE: 0.09999999403953552
2024-12-26 03:40:44,579 - Step 4, RSE_E: 0.0027914440724998713, Loss_X_Ours: 26.365419387817383, normE: 0.09999999403953552
2024-12-26 03:40:45,156 - Step 5, RSE_E: 0.0030208395328372717, Loss_X_Ours: 26.360536575317383, normE: 0.10000000149011612
2024-12-26 03:40:45,196 - Step 6, RSE_E: 0.0032629703637212515, Loss_X_Ours: 26.36033821105957, normE: 0.09999999403953552
2024-12-26 03:40:45,287 - Step 7, RSE_E: 0.0035161753185093403, Loss_X_Ours: 26.3597469329834, normE: 0.10000000149011612
2024-12-26 03:40:45,311 - Step 8, RSE_E: 0.0037706613074988127, Loss_X_Ours: 26.35967445373535, normE: 0.10000000894069672
2024-12-26 03:40:45,454 - Step 9, RSE_E: 0.004030544310808182, Loss_X_Ours: 26.35860824584961, normE: 0.10000000149011612
2024-12-26 03:40:46,299 - Step 10, RSE_E: 0.004286256618797779, Loss_X_Ours: 26.352153778076172, normE: 0.10000000149011612
2024-12-26 03:40:49,037 - Step 11, RSE_E: 0.004517267923802137, Loss_X_Ours: 26.465030670166016, normE: 0.10000000149011612
2024-12-26 03:40:51,776 - Step 12, RSE_E: 0.004757330287247896, Loss_X_Ours: 26.391775131225586, normE: 0.10000000149011612
2024-12-26 03:40:52,993 - Step 13, RSE_E: 0.0049660238437354565, Loss_X_Ours: 26.351591110229492, normE: 0.10000000149011612
2024-12-26 03:40:53,035 - Step 14, RSE_E: 0.005140478257089853, Loss_X_Ours: 26.351139068603516, normE: 0.10000000149011612
2024-12-26 03:40:53,100 - Step 15, RSE_E: 0.0052789649926126, Loss_X_Ours: 26.350263595581055, normE: 0.10000000894069672
2024-12-26 03:40:54,162 - Step 16, RSE_E: 0.0053720176219940186, Loss_X_Ours: 26.344005584716797, normE: 0.10000000894069672
2024-12-26 03:40:54,210 - Step 17, RSE_E: 0.00541713135316968, Loss_X_Ours: 26.34345054626465, normE: 0.10000000149011612
2024-12-26 03:40:54,879 - Step 18, RSE_E: 0.0054123797453939915, Loss_X_Ours: 26.338821411132812, normE: 0.10000000894069672
2024-12-26 03:40:54,926 - Step 19, RSE_E: 0.00536500895395875, Loss_X_Ours: 26.33861541748047, normE: 0.09999999403953552
2024-12-26 03:40:57,635 - Step 20, RSE_E: 0.005273813847452402, Loss_X_Ours: 26.330833435058594, normE: 0.10000000149011612
2024-12-26 03:40:57,729 - Step 21, RSE_E: 0.005141370464116335, Loss_X_Ours: 26.3292293548584, normE: 0.10000000149011612
2024-12-26 03:41:00,155 - Step 22, RSE_E: 0.0049909488297998905, Loss_X_Ours: 26.364145278930664, normE: 0.10000000149011612
2024-12-26 03:41:02,908 - Step 23, RSE_E: 0.004817797802388668, Loss_X_Ours: 26.34587860107422, normE: 0.10000000149011612
2024-12-26 03:41:05,659 - Step 24, RSE_E: 0.004611931275576353, Loss_X_Ours: 26.33788299560547, normE: 0.10000000149011612
2024-12-26 03:41:06,132 - Step 25, RSE_E: 0.00439958181232214, Loss_X_Ours: 26.331317901611328, normE: 0.10000000894069672
2024-12-26 03:41:06,469 - Step 26, RSE_E: 0.00419259537011385, Loss_X_Ours: 26.32784652709961, normE: 0.10000000894069672
2024-12-26 03:41:06,840 - Step 27, RSE_E: 0.0039795464836061, Loss_X_Ours: 26.324888229370117, normE: 0.10000000149011612
2024-12-26 03:41:06,933 - Step 28, RSE_E: 0.0037803605664521456, Loss_X_Ours: 26.324260711669922, normE: 0.10000000149011612
2024-12-26 03:41:07,000 - Step 29, RSE_E: 0.003591473214328289, Loss_X_Ours: 26.323888778686523, normE: 0.10000000149011612
2024-12-26 03:41:07,020 - Step 30, RSE_E: 0.003411657875403762, Loss_X_Ours: 26.32381820678711, normE: 0.10000000149011612
2024-12-26 03:41:07,049 - Step 31, RSE_E: 0.0032418069895356894, Loss_X_Ours: 26.323726654052734, normE: 0.09999999403953552
2024-12-26 03:41:07,186 - Step 32, RSE_E: 0.003089021658524871, Loss_X_Ours: 26.322872161865234, normE: 0.10000000149011612
2024-12-26 03:41:07,363 - Step 33, RSE_E: 0.002947516506537795, Loss_X_Ours: 26.32175636291504, normE: 0.10000000149011612
2024-12-26 03:41:07,388 - Step 34, RSE_E: 0.002812325255945325, Loss_X_Ours: 26.321701049804688, normE: 0.10000000149011612
2024-12-26 03:41:07,428 - Step 35, RSE_E: 0.00269391480833292, Loss_X_Ours: 26.321510314941406, normE: 0.10000000894069672
2024-12-26 03:41:07,460 - Step 36, RSE_E: 0.0025794929824769497, Loss_X_Ours: 26.321426391601562, normE: 0.09999999403953552
2024-12-26 03:41:07,561 - Step 37, RSE_E: 0.002478251699358225, Loss_X_Ours: 26.32086944580078, normE: 0.10000000149011612
2024-12-26 03:41:07,593 - Step 38, RSE_E: 0.002384224673733115, Loss_X_Ours: 26.320741653442383, normE: 0.10000000894069672
2024-12-26 03:41:07,848 - Step 39, RSE_E: 0.0022897874005138874, Loss_X_Ours: 26.319368362426758, normE: 0.10000000894069672
2024-12-26 03:41:08,006 - Step 40, RSE_E: 0.0022007625084370375, Loss_X_Ours: 26.31862449645996, normE: 0.10000000894069672
2024-12-26 03:41:08,346 - Step 41, RSE_E: 0.0021213218569755554, Loss_X_Ours: 26.316974639892578, normE: 0.10000000149011612
2024-12-26 03:41:08,433 - Step 42, RSE_E: 0.0020451664458960295, Loss_X_Ours: 26.316686630249023, normE: 0.10000000894069672
2024-12-26 03:41:08,865 - Step 43, RSE_E: 0.001968525815755129, Loss_X_Ours: 26.31493377685547, normE: 0.10000000149011612
2024-12-26 03:41:08,916 - Step 44, RSE_E: 0.0018968527438119054, Loss_X_Ours: 26.314882278442383, normE: 0.10000000149011612
2024-12-26 03:41:08,934 - Step 45, RSE_E: 0.001826172461733222, Loss_X_Ours: 26.31472396850586, normE: 0.10000000149011612
2024-12-26 03:41:09,082 - Step 46, RSE_E: 0.001757679507136345, Loss_X_Ours: 26.31427574157715, normE: 0.10000000149011612
2024-12-26 03:41:09,900 - Step 47, RSE_E: 0.0018100229790434241, Loss_X_Ours: 26.346200942993164, normE: 0.10000000149011612
2024-12-26 03:41:10,320 - Step 48, RSE_E: 0.0017137981485575438, Loss_X_Ours: 26.351669311523438, normE: 0.09999999403953552
2024-12-26 03:41:10,358 - Step 49, RSE_E: 0.0016371960518881679, Loss_X_Ours: 26.3509464263916, normE: 0.10000000149011612
2024-12-26 03:41:10,796 - Step 50, RSE_E: 0.0015533840050920844, Loss_X_Ours: 26.341917037963867, normE: 0.10000000894069672
2024-12-26 03:41:11,487 - Step 51, RSE_E: 0.0014765177620574832, Loss_X_Ours: 26.333036422729492, normE: 0.10000000149011612
2024-12-26 03:41:12,052 - Step 52, RSE_E: 0.001419545616954565, Loss_X_Ours: 26.327465057373047, normE: 0.10000000149011612
2024-12-26 03:41:12,594 - Step 53, RSE_E: 0.0013590098824352026, Loss_X_Ours: 26.322811126708984, normE: 0.09999998658895493
2024-12-26 03:41:13,014 - Step 54, RSE_E: 0.001302428194321692, Loss_X_Ours: 26.320329666137695, normE: 0.10000000149011612
2024-12-26 03:41:13,122 - Step 55, RSE_E: 0.0012506122002378106, Loss_X_Ours: 26.319793701171875, normE: 0.10000000149011612
2024-12-26 03:41:13,165 - Step 56, RSE_E: 0.0012009437195956707, Loss_X_Ours: 26.319602966308594, normE: 0.10000000894069672
2024-12-26 03:41:13,419 - Step 57, RSE_E: 0.0011495507787913084, Loss_X_Ours: 26.31835174560547, normE: 0.10000000149011612
2024-12-26 03:41:13,487 - Step 58, RSE_E: 0.0011031109606847167, Loss_X_Ours: 26.31817054748535, normE: 0.10000000149011612
2024-12-26 03:41:13,934 - Step 59, RSE_E: 0.001065266435034573, Loss_X_Ours: 26.316856384277344, normE: 0.10000000894069672
2024-12-26 03:41:15,269 - Step 60, RSE_E: 0.0010385874193161726, Loss_X_Ours: 26.322175979614258, normE: 0.10000000149011612
2024-12-26 03:41:15,508 - Step 61, RSE_E: 0.0009887273190543056, Loss_X_Ours: 26.318641662597656, normE: 0.09999999403953552
2024-12-26 03:41:15,588 - Step 62, RSE_E: 0.0009454698301851749, Loss_X_Ours: 26.31793212890625, normE: 0.10000000149011612
2024-12-26 03:41:15,629 - Step 63, RSE_E: 0.0009054571855813265, Loss_X_Ours: 26.317638397216797, normE: 0.10000000149011612
2024-12-26 03:41:16,015 - Step 64, RSE_E: 0.0008651801035739481, Loss_X_Ours: 26.31463623046875, normE: 0.10000000894069672
2024-12-26 03:41:16,612 - Step 65, RSE_E: 0.0008362553780898452, Loss_X_Ours: 26.311609268188477, normE: 0.10000000149011612
2024-12-26 03:41:16,686 - Step 66, RSE_E: 0.0008011420723050833, Loss_X_Ours: 26.311344146728516, normE: 0.10000000149011612
2024-12-26 03:41:16,721 - Step 67, RSE_E: 0.0007664615986868739, Loss_X_Ours: 26.3112735748291, normE: 0.10000000149011612
2024-12-26 03:41:16,888 - Step 68, RSE_E: 0.0007394098793156445, Loss_X_Ours: 26.31064224243164, normE: 0.10000000149011612
2024-12-26 03:41:16,919 - Step 69, RSE_E: 0.000706884078681469, Loss_X_Ours: 26.310590744018555, normE: 0.10000000149011612
2024-12-26 03:41:17,097 - Step 70, RSE_E: 0.0006793016800656915, Loss_X_Ours: 26.31004524230957, normE: 0.10000000149011612
2024-12-26 03:41:17,335 - Step 71, RSE_E: 0.0006542283808812499, Loss_X_Ours: 26.309402465820312, normE: 0.09999999403953552
2024-12-26 03:41:20,094 - Step 72, RSE_E: 0.0006777659291401505, Loss_X_Ours: 26.323415756225586, normE: 0.10000000894069672
2024-12-26 03:41:20,350 - Step 73, RSE_E: 0.00062777497805655, Loss_X_Ours: 26.316312789916992, normE: 0.10000001639127731
2024-12-26 03:41:20,490 - Step 74, RSE_E: 0.0005970131023786962, Loss_X_Ours: 26.314014434814453, normE: 0.10000000149011612
2024-12-26 03:41:20,511 - Step 75, RSE_E: 0.0005709491088055074, Loss_X_Ours: 26.313875198364258, normE: 0.10000000149011612
2024-12-26 03:41:20,546 - Step 76, RSE_E: 0.0005451201577670872, Loss_X_Ours: 26.31354522705078, normE: 0.09999999403953552
2024-12-26 03:41:20,994 - Step 77, RSE_E: 0.0005232053226791322, Loss_X_Ours: 26.3094539642334, normE: 0.10000000149011612
2024-12-26 03:41:21,067 - Step 78, RSE_E: 0.0005046376027166843, Loss_X_Ours: 26.309049606323242, normE: 0.10000000149011612
2024-12-26 03:41:21,194 - Step 79, RSE_E: 0.00048570986837148666, Loss_X_Ours: 26.30849838256836, normE: 0.10000000149011612
2024-12-26 03:41:21,298 - Step 80, RSE_E: 0.00046732742339372635, Loss_X_Ours: 26.308040618896484, normE: 0.10000000149011612
2024-12-26 03:41:21,370 - Step 81, RSE_E: 0.0004523229436017573, Loss_X_Ours: 26.307687759399414, normE: 0.10000000149011612
2024-12-26 03:41:21,418 - Step 82, RSE_E: 0.00043970346450805664, Loss_X_Ours: 26.307571411132812, normE: 0.10000000149011612
2024-12-26 03:41:22,049 - Step 83, RSE_E: 0.0004263173323124647, Loss_X_Ours: 26.305490493774414, normE: 0.09999999403953552
2024-12-26 03:41:22,275 - Step 84, RSE_E: 0.00041703120223246515, Loss_X_Ours: 26.304832458496094, normE: 0.10000000149011612
2024-12-26 03:41:22,848 - Step 85, RSE_E: 0.0004180503310635686, Loss_X_Ours: 26.305908203125, normE: 0.10000000149011612
2024-12-26 03:41:23,350 - Step 86, RSE_E: 0.00039322918746620417, Loss_X_Ours: 26.303333282470703, normE: 0.10000000894069672
2024-12-26 03:41:23,817 - Step 87, RSE_E: 0.00040119289769791067, Loss_X_Ours: 26.30443000793457, normE: 0.10000000894069672
2024-12-26 03:41:24,328 - Step 88, RSE_E: 0.0003837047843262553, Loss_X_Ours: 26.30295753479004, normE: 0.10000000149011612
2024-12-26 03:41:24,355 - Step 89, RSE_E: 0.00036686312523670495, Loss_X_Ours: 26.302871704101562, normE: 0.10000000149011612
2024-12-26 03:41:24,542 - Step 90, RSE_E: 0.0003541917831171304, Loss_X_Ours: 26.302236557006836, normE: 0.10000000149011612
2024-12-26 03:41:24,586 - Step 91, RSE_E: 0.0003425383474677801, Loss_X_Ours: 26.302146911621094, normE: 0.09999999403953552
2024-12-26 03:41:24,694 - Step 92, RSE_E: 0.00033047448960132897, Loss_X_Ours: 26.301836013793945, normE: 0.10000000149011612
2024-12-26 03:41:25,531 - Step 93, RSE_E: 0.0003269435837864876, Loss_X_Ours: 26.300918579101562, normE: 0.10000000894069672
2024-12-26 03:41:26,146 - Step 94, RSE_E: 0.00032917133648879826, Loss_X_Ours: 26.300613403320312, normE: 0.10000000149011612
2024-12-26 03:41:26,431 - Step 95, RSE_E: 0.00031552239670418203, Loss_X_Ours: 26.299617767333984, normE: 0.10000000149011612
2024-12-26 03:41:27,873 - Step 96, RSE_E: 0.0003645043761935085, Loss_X_Ours: 26.305078506469727, normE: 0.10000000894069672
2024-12-26 03:41:28,049 - Step 97, RSE_E: 0.0003305247228126973, Loss_X_Ours: 26.303504943847656, normE: 0.10000000149011612
2024-12-26 03:41:28,150 - Step 98, RSE_E: 0.0003118464082945138, Loss_X_Ours: 26.302875518798828, normE: 0.10000000149011612
2024-12-26 03:41:28,174 - Step 99, RSE_E: 0.00030065642204135656, Loss_X_Ours: 26.302757263183594, normE: 0.10000000149011612
2024-12-26 03:41:28,253 - Step 100, RSE_E: 0.00029093201737850904, Loss_X_Ours: 26.302349090576172, normE: 0.10000000149011612
2024-12-26 03:41:28,292 - Step 101, RSE_E: 0.0002799812064040452, Loss_X_Ours: 26.302217483520508, normE: 0.10000001639127731
2024-12-26 03:41:28,318 - Step 102, RSE_E: 0.00027514059911482036, Loss_X_Ours: 26.302112579345703, normE: 0.10000000894069672
2024-12-26 03:41:28,393 - Step 103, RSE_E: 0.00026515350327827036, Loss_X_Ours: 26.301753997802734, normE: 0.10000000149011612
2024-12-26 03:41:28,456 - Step 104, RSE_E: 0.0002592572127468884, Loss_X_Ours: 26.301454544067383, normE: 0.10000001639127731
2024-12-26 03:41:28,515 - Step 105, RSE_E: 0.00025465598446317017, Loss_X_Ours: 26.301231384277344, normE: 0.10000000149011612
2024-12-26 03:41:28,555 - Step 106, RSE_E: 0.0002516621898394078, Loss_X_Ours: 26.301145553588867, normE: 0.10000000149011612
2024-12-26 03:41:28,738 - Step 107, RSE_E: 0.00023998480173759162, Loss_X_Ours: 26.300411224365234, normE: 0.10000000149011612
2024-12-26 03:41:28,814 - Step 108, RSE_E: 0.0002365621185163036, Loss_X_Ours: 26.300128936767578, normE: 0.10000000149011612
2024-12-26 03:41:28,987 - Step 109, RSE_E: 0.00023167477047536522, Loss_X_Ours: 26.299699783325195, normE: 0.10000000149011612
2024-12-26 03:41:31,016 - Step 110, RSE_E: 0.0002637430152390152, Loss_X_Ours: 26.29759979248047, normE: 0.10000000149011612
2024-12-26 03:41:31,042 - Step 111, RSE_E: 0.0002544061280786991, Loss_X_Ours: 26.297372817993164, normE: 0.10000000149011612
2024-12-26 03:41:32,508 - Step 112, RSE_E: 0.0002911822812166065, Loss_X_Ours: 26.304262161254883, normE: 0.10000000149011612
2024-12-26 03:41:32,755 - Step 113, RSE_E: 0.0002558793348725885, Loss_X_Ours: 26.301054000854492, normE: 0.10000000149011612
2024-12-26 03:41:33,360 - Step 114, RSE_E: 0.00024235303862951696, Loss_X_Ours: 26.297487258911133, normE: 0.10000000894069672
2024-12-26 03:41:33,616 - Step 115, RSE_E: 0.00024057526024989784, Loss_X_Ours: 26.29665184020996, normE: 0.10000000894069672
2024-12-26 03:41:33,761 - Step 116, RSE_E: 0.00023205121397040784, Loss_X_Ours: 26.296358108520508, normE: 0.10000000149011612
2024-12-26 03:41:34,601 - Step 117, RSE_E: 0.0002610975061543286, Loss_X_Ours: 26.297609329223633, normE: 0.10000000894069672
2024-12-26 03:41:34,675 - Step 118, RSE_E: 0.0002401429374003783, Loss_X_Ours: 26.296262741088867, normE: 0.10000000149011612
2024-12-26 03:41:34,874 - Step 119, RSE_E: 0.0002229294623248279, Loss_X_Ours: 26.295190811157227, normE: 0.09999998658895493
2024-12-26 03:41:34,976 - Step 120, RSE_E: 0.00021368928719311953, Loss_X_Ours: 26.29499053955078, normE: 0.09999999403953552
2024-12-26 03:41:36,171 - Step 121, RSE_E: 0.00027613219572231174, Loss_X_Ours: 26.303756713867188, normE: 0.10000001639127731
2024-12-26 03:41:36,493 - Step 122, RSE_E: 0.00023849615536164492, Loss_X_Ours: 26.299455642700195, normE: 0.10000000149011612
2024-12-26 03:41:36,615 - Step 123, RSE_E: 0.00022548130073118955, Loss_X_Ours: 26.298622131347656, normE: 0.10000000894069672
2024-12-26 03:41:36,655 - Step 124, RSE_E: 0.00021312148601282388, Loss_X_Ours: 26.298337936401367, normE: 0.10000000149011612
2024-12-26 03:41:36,792 - Step 125, RSE_E: 0.0002064784785034135, Loss_X_Ours: 26.29764747619629, normE: 0.10000000149011612
2024-12-26 03:41:36,910 - Step 126, RSE_E: 0.0002056281518889591, Loss_X_Ours: 26.29715347290039, normE: 0.09999999403953552
2024-12-26 03:41:37,043 - Step 127, RSE_E: 0.00021044285676907748, Loss_X_Ours: 26.29665184020996, normE: 0.10000000149011612
2024-12-26 03:41:37,112 - Step 128, RSE_E: 0.00020968106400687248, Loss_X_Ours: 26.29644012451172, normE: 0.10000000149011612
2024-12-26 03:41:37,229 - Step 129, RSE_E: 0.0001991344033740461, Loss_X_Ours: 26.29609489440918, normE: 0.10000000149011612
2024-12-26 03:41:37,351 - Step 130, RSE_E: 0.0001975967170437798, Loss_X_Ours: 26.29576301574707, normE: 0.10000000894069672
2024-12-26 03:41:37,406 - Step 131, RSE_E: 0.00019119468925055116, Loss_X_Ours: 26.295686721801758, normE: 0.10000000149011612
2024-12-26 03:41:37,905 - Step 132, RSE_E: 0.00019784847972914577, Loss_X_Ours: 26.294673919677734, normE: 0.10000000149011612
2024-12-26 03:41:39,516 - Step 133, RSE_E: 0.0002359054342377931, Loss_X_Ours: 26.303436279296875, normE: 0.10000000894069672
2024-12-26 03:41:39,738 - Step 134, RSE_E: 0.00020163730368949473, Loss_X_Ours: 26.300317764282227, normE: 0.10000000149011612
2024-12-26 03:41:39,982 - Step 135, RSE_E: 0.0001878079929156229, Loss_X_Ours: 26.298202514648438, normE: 0.10000000149011612
2024-12-26 03:41:40,432 - Step 136, RSE_E: 0.00019540303037501872, Loss_X_Ours: 26.29608154296875, normE: 0.10000000149011612
2024-12-26 03:41:41,240 - Step 137, RSE_E: 0.00022130228171590716, Loss_X_Ours: 26.295909881591797, normE: 0.10000000149011612
2024-12-26 03:41:41,260 - Step 138, RSE_E: 0.00022666661243420094, Loss_X_Ours: 26.295902252197266, normE: 0.10000000149011612
2024-12-26 03:41:42,174 - Step 139, RSE_E: 0.0002513573272153735, Loss_X_Ours: 26.29745864868164, normE: 0.10000000894069672
2024-12-26 03:41:44,111 - Step 140, RSE_E: 0.00020245113410055637, Loss_X_Ours: 26.296829223632812, normE: 0.09999998658895493
2024-12-26 03:41:44,196 - Step 141, RSE_E: 0.00018677041225600988, Loss_X_Ours: 26.29642677307129, normE: 0.10000000149011612
2024-12-26 03:41:44,513 - Step 142, RSE_E: 0.00019100065401289612, Loss_X_Ours: 26.295318603515625, normE: 0.10000000149011612
2024-12-26 03:41:44,693 - Step 143, RSE_E: 0.00018104337505064905, Loss_X_Ours: 26.294837951660156, normE: 0.09999999403953552
2024-12-26 03:41:44,747 - Step 144, RSE_E: 0.00018029419879894704, Loss_X_Ours: 26.29468536376953, normE: 0.10000000149011612
2024-12-26 03:41:45,641 - Step 145, RSE_E: 0.0001863871148088947, Loss_X_Ours: 26.29364013671875, normE: 0.10000000149011612
2024-12-26 03:41:47,428 - Step 146, RSE_E: 0.00018768302106764168, Loss_X_Ours: 26.296716690063477, normE: 0.09999999403953552
2024-12-26 03:41:47,527 - Step 147, RSE_E: 0.00017820773064158857, Loss_X_Ours: 26.296268463134766, normE: 0.10000000149011612
2024-12-26 03:41:47,824 - Step 148, RSE_E: 0.00018590611580293626, Loss_X_Ours: 26.29535484313965, normE: 0.09999999403953552
2024-12-26 03:41:47,989 - Step 149, RSE_E: 0.00018234807066619396, Loss_X_Ours: 26.294849395751953, normE: 0.09999999403953552
2024-12-26 03:41:48,877 - Step 150, RSE_E: 0.00020901438256260008, Loss_X_Ours: 26.29509162902832, normE: 0.09999999403953552
2024-12-26 03:41:48,965 - Step 151, RSE_E: 0.00018273945897817612, Loss_X_Ours: 26.294435501098633, normE: 0.10000000149011612
2024-12-26 03:41:50,473 - Step 152, RSE_E: 0.00021395113435573876, Loss_X_Ours: 26.300010681152344, normE: 0.10000000894069672
2024-12-26 03:41:50,581 - Step 153, RSE_E: 0.00019439682364463806, Loss_X_Ours: 26.298931121826172, normE: 0.10000000894069672
2024-12-26 03:41:50,825 - Step 154, RSE_E: 0.00017508269229438156, Loss_X_Ours: 26.297029495239258, normE: 0.10000001639127731
2024-12-26 03:41:50,851 - Step 155, RSE_E: 0.0001773365365806967, Loss_X_Ours: 26.296899795532227, normE: 0.10000000149011612
2024-12-26 03:41:51,201 - Step 156, RSE_E: 0.00016911892453208566, Loss_X_Ours: 26.295494079589844, normE: 0.10000000894069672
2024-12-26 03:41:52,671 - Step 157, RSE_E: 0.00021269624994602054, Loss_X_Ours: 26.295406341552734, normE: 0.10000000149011612
2024-12-26 03:41:53,068 - Step 158, RSE_E: 0.00020352461433503777, Loss_X_Ours: 26.29499053955078, normE: 0.10000000149011612
2024-12-26 03:41:53,147 - Step 159, RSE_E: 0.00018867409380618483, Loss_X_Ours: 26.294363021850586, normE: 0.10000000149011612
2024-12-26 03:41:53,458 - Step 160, RSE_E: 0.00017612743249628693, Loss_X_Ours: 26.2930965423584, normE: 0.10000000149011612
2024-12-26 03:41:54,832 - Step 161, RSE_E: 0.0002083904983010143, Loss_X_Ours: 26.300256729125977, normE: 0.10000000894069672
2024-12-26 03:41:55,033 - Step 162, RSE_E: 0.00019362877355888486, Loss_X_Ours: 26.298259735107422, normE: 0.10000000149011612
2024-12-26 03:41:55,551 - Step 163, RSE_E: 0.00017067305452656, Loss_X_Ours: 26.2954158782959, normE: 0.10000000149011612
2024-12-26 03:41:55,745 - Step 164, RSE_E: 0.0001701595465419814, Loss_X_Ours: 26.294910430908203, normE: 0.10000000149011612
2024-12-26 03:41:55,805 - Step 165, RSE_E: 0.00016414059791713953, Loss_X_Ours: 26.294795989990234, normE: 0.10000000149011612
2024-12-26 03:41:56,104 - Step 166, RSE_E: 0.00017303494678344578, Loss_X_Ours: 26.2943058013916, normE: 0.10000000149011612
2024-12-26 03:41:56,322 - Step 167, RSE_E: 0.00016474003496114165, Loss_X_Ours: 26.293977737426758, normE: 0.10000000149011612
2024-12-26 03:41:56,706 - Step 168, RSE_E: 0.0001741776504786685, Loss_X_Ours: 26.293262481689453, normE: 0.10000000894069672
2024-12-26 03:41:57,006 - Step 169, RSE_E: 0.00022405950585380197, Loss_X_Ours: 26.296539306640625, normE: 0.10000000149011612
2024-12-26 03:41:58,147 - Step 170, RSE_E: 0.00022025442740414292, Loss_X_Ours: 26.30313491821289, normE: 0.10000000149011612
2024-12-26 03:41:58,478 - Step 171, RSE_E: 0.00018562120385468006, Loss_X_Ours: 26.298442840576172, normE: 0.10000000149011612
2024-12-26 03:41:58,559 - Step 172, RSE_E: 0.00016515290190000087, Loss_X_Ours: 26.297767639160156, normE: 0.10000000149011612
2024-12-26 03:41:58,739 - Step 173, RSE_E: 0.00016105087706819177, Loss_X_Ours: 26.296661376953125, normE: 0.10000000149011612
2024-12-26 03:41:59,107 - Step 174, RSE_E: 0.00016682733257766813, Loss_X_Ours: 26.295299530029297, normE: 0.10000000149011612
2024-12-26 03:41:59,450 - Step 175, RSE_E: 0.00017167525948025286, Loss_X_Ours: 26.294261932373047, normE: 0.10000000149011612
2024-12-26 03:41:59,594 - Step 176, RSE_E: 0.00017522403504699469, Loss_X_Ours: 26.294097900390625, normE: 0.10000000149011612
2024-12-26 03:42:00,619 - Step 177, RSE_E: 0.00017859622312244028, Loss_X_Ours: 26.293895721435547, normE: 0.10000000149011612
2024-12-26 03:42:03,401 - Step 178, RSE_E: 0.00016800817684270442, Loss_X_Ours: 26.29415512084961, normE: 0.10000000149011612
2024-12-26 03:42:05,126 - Step 179, RSE_E: 0.00021395391377154738, Loss_X_Ours: 26.301673889160156, normE: 0.10000001639127731
2024-12-26 03:42:05,561 - Step 180, RSE_E: 0.0001708190538920462, Loss_X_Ours: 26.297231674194336, normE: 0.10000000149011612
2024-12-26 03:42:05,630 - Step 181, RSE_E: 0.00015948012878652662, Loss_X_Ours: 26.296829223632812, normE: 0.10000000149011612
2024-12-26 03:42:06,337 - Step 182, RSE_E: 0.00017205013136845082, Loss_X_Ours: 26.29449462890625, normE: 0.10000000894069672
2024-12-26 03:42:06,743 - Step 183, RSE_E: 0.00016414973651990294, Loss_X_Ours: 26.2938175201416, normE: 0.09999999403953552
2024-12-26 03:42:07,809 - Step 184, RSE_E: 0.00025137653574347496, Loss_X_Ours: 26.309112548828125, normE: 0.10000000149011612
2024-12-26 03:42:08,156 - Step 185, RSE_E: 0.00017967855092138052, Loss_X_Ours: 26.301607131958008, normE: 0.10000000894069672
2024-12-26 03:42:09,597 - Step 186, RSE_E: 0.00018838007235899568, Loss_X_Ours: 26.295181274414062, normE: 0.10000000149011612
2024-12-26 03:42:10,252 - Step 187, RSE_E: 0.0002461027179379016, Loss_X_Ours: 26.29829216003418, normE: 0.09999999403953552
2024-12-26 03:42:11,492 - Step 188, RSE_E: 0.0002316354657523334, Loss_X_Ours: 26.307323455810547, normE: 0.10000000894069672
2024-12-26 03:42:11,981 - Step 189, RSE_E: 0.00018212090071756393, Loss_X_Ours: 26.299922943115234, normE: 0.10000000149011612
2024-12-26 03:42:12,324 - Step 190, RSE_E: 0.00016622242401354015, Loss_X_Ours: 26.297550201416016, normE: 0.10000000149011612
2024-12-26 03:42:12,677 - Step 191, RSE_E: 0.0001616011722944677, Loss_X_Ours: 26.296100616455078, normE: 0.09999999403953552
2024-12-26 03:42:12,759 - Step 192, RSE_E: 0.00015666802937630564, Loss_X_Ours: 26.296062469482422, normE: 0.10000000149011612
2024-12-26 03:42:13,131 - Step 193, RSE_E: 0.000165054778335616, Loss_X_Ours: 26.29508399963379, normE: 0.10000000149011612
2024-12-26 03:42:15,898 - Step 194, RSE_E: 0.00017900168313644826, Loss_X_Ours: 26.295156478881836, normE: 0.10000000149011612
2024-12-26 03:42:17,062 - Step 195, RSE_E: 0.0002312458527740091, Loss_X_Ours: 26.307096481323242, normE: 0.10000000894069672
2024-12-26 03:42:17,924 - Step 196, RSE_E: 0.00016703525034245104, Loss_X_Ours: 26.297237396240234, normE: 0.10000000149011612
2024-12-26 03:42:18,631 - Step 197, RSE_E: 0.00018865425954572856, Loss_X_Ours: 26.29498863220215, normE: 0.09999998658895493
2024-12-26 03:42:18,739 - Step 198, RSE_E: 0.0001667713513597846, Loss_X_Ours: 26.294849395751953, normE: 0.09999998658895493
2024-12-26 03:42:19,526 - Step 199, RSE_E: 0.00016402632172685117, Loss_X_Ours: 26.29389762878418, normE: 0.10000000149011612
2024-12-26 03:42:20,890 - Step 200, RSE_E: 0.0001644036965444684, Loss_X_Ours: 26.29646110534668, normE: 0.10000000149011612
2024-12-26 03:42:21,041 - Step 201, RSE_E: 0.00015179990441538393, Loss_X_Ours: 26.295711517333984, normE: 0.10000000894069672
2024-12-26 03:42:21,287 - Step 202, RSE_E: 0.00016099672939162701, Loss_X_Ours: 26.294952392578125, normE: 0.09999998658895493
2024-12-26 03:42:21,803 - Step 203, RSE_E: 0.00015826072194613516, Loss_X_Ours: 26.29421043395996, normE: 0.10000000149011612
2024-12-26 03:42:23,463 - Step 204, RSE_E: 0.00023753281857352704, Loss_X_Ours: 26.306947708129883, normE: 0.10000000149011612
2024-12-26 03:42:23,629 - Step 205, RSE_E: 0.0002115414390573278, Loss_X_Ours: 26.30331802368164, normE: 0.10000000894069672
2024-12-26 03:42:23,835 - Step 206, RSE_E: 0.00015561435429845005, Loss_X_Ours: 26.30034637451172, normE: 0.10000000149011612
2024-12-26 03:42:24,131 - Step 207, RSE_E: 0.00014556213864125311, Loss_X_Ours: 26.29775619506836, normE: 0.10000000149011612
2024-12-26 03:42:24,401 - Step 208, RSE_E: 0.00015137047739699483, Loss_X_Ours: 26.296646118164062, normE: 0.10000000149011612
2024-12-26 03:42:24,597 - Step 209, RSE_E: 0.00015856337267905474, Loss_X_Ours: 26.295726776123047, normE: 0.10000000149011612
2024-12-26 03:42:24,643 - Step 210, RSE_E: 0.00015383325808215886, Loss_X_Ours: 26.295578002929688, normE: 0.10000000149011612
2024-12-26 03:42:25,142 - Step 211, RSE_E: 0.00014676542195957154, Loss_X_Ours: 26.294641494750977, normE: 0.10000001639127731
2024-12-26 03:42:26,113 - Step 212, RSE_E: 0.00021596430451609194, Loss_X_Ours: 26.30714988708496, normE: 0.10000000149011612
2024-12-26 03:42:26,688 - Step 213, RSE_E: 0.00014704845671076328, Loss_X_Ours: 26.297563552856445, normE: 0.10000000894069672
2024-12-26 03:42:27,000 - Step 214, RSE_E: 0.00015409030311275274, Loss_X_Ours: 26.296140670776367, normE: 0.10000000149011612
2024-12-26 03:42:27,123 - Step 215, RSE_E: 0.0001435025333194062, Loss_X_Ours: 26.29558753967285, normE: 0.10000000149011612
2024-12-26 03:42:27,344 - Step 216, RSE_E: 0.00016627936565782875, Loss_X_Ours: 26.295063018798828, normE: 0.10000000149011612
2024-12-26 03:42:27,874 - Step 217, RSE_E: 0.0001682401925791055, Loss_X_Ours: 26.29486846923828, normE: 0.10000000149011612
2024-12-26 03:42:28,005 - Step 218, RSE_E: 0.0001769320952007547, Loss_X_Ours: 26.29442024230957, normE: 0.10000000149011612
2024-12-26 03:42:29,021 - Step 219, RSE_E: 0.00018418565741740167, Loss_X_Ours: 26.302949905395508, normE: 0.09999998658895493
2024-12-26 03:42:29,207 - Step 220, RSE_E: 0.00015896392869763076, Loss_X_Ours: 26.30052947998047, normE: 0.09999999403953552
2024-12-26 03:42:29,721 - Step 221, RSE_E: 0.0001495579199399799, Loss_X_Ours: 26.29729461669922, normE: 0.10000000149011612
2024-12-26 03:42:30,169 - Step 222, RSE_E: 0.00014616204134654254, Loss_X_Ours: 26.295804977416992, normE: 0.10000000149011612
2024-12-26 03:42:31,678 - Step 223, RSE_E: 0.00015488544886466116, Loss_X_Ours: 26.29928207397461, normE: 0.10000000149011612
2024-12-26 03:42:31,816 - Step 224, RSE_E: 0.00016621471149846911, Loss_X_Ours: 26.298032760620117, normE: 0.10000000149011612
2024-12-26 03:42:31,892 - Step 225, RSE_E: 0.00014975159137975425, Loss_X_Ours: 26.297605514526367, normE: 0.10000000149011612
2024-12-26 03:42:32,417 - Step 226, RSE_E: 0.00014963898865971714, Loss_X_Ours: 26.295713424682617, normE: 0.10000000149011612
2024-12-26 03:42:33,115 - Step 227, RSE_E: 0.00016445008805021644, Loss_X_Ours: 26.294288635253906, normE: 0.10000000149011612
2024-12-26 03:42:33,360 - Step 228, RSE_E: 0.0001779359590727836, Loss_X_Ours: 26.295181274414062, normE: 0.10000000149011612
2024-12-26 03:42:33,451 - Step 229, RSE_E: 0.00018383050337433815, Loss_X_Ours: 26.294490814208984, normE: 0.10000000894069672
2024-12-26 03:42:34,489 - Step 230, RSE_E: 0.0002072342176688835, Loss_X_Ours: 26.304407119750977, normE: 0.10000000894069672
2024-12-26 03:42:35,155 - Step 231, RSE_E: 0.00014240076416172087, Loss_X_Ours: 26.29676628112793, normE: 0.10000000149011612
2024-12-26 03:42:35,240 - Step 232, RSE_E: 0.00015800833352841437, Loss_X_Ours: 26.296567916870117, normE: 0.10000000894069672
2024-12-26 03:42:36,214 - Step 233, RSE_E: 0.00016402897017542273, Loss_X_Ours: 26.294387817382812, normE: 0.10000000894069672
2024-12-26 03:42:37,716 - Step 234, RSE_E: 0.00013899881741963327, Loss_X_Ours: 26.297218322753906, normE: 0.10000000894069672
2024-12-26 03:42:38,839 - Step 235, RSE_E: 0.00016133136523421854, Loss_X_Ours: 26.294370651245117, normE: 0.10000000149011612
2024-12-26 03:42:39,718 - Step 236, RSE_E: 0.00017563553410582244, Loss_X_Ours: 26.302011489868164, normE: 0.10000000894069672
2024-12-26 03:42:42,111 - Step 237, RSE_E: 0.00021275736798997968, Loss_X_Ours: 26.30716896057129, normE: 0.10000000149011612
2024-12-26 03:42:42,177 - Step 238, RSE_E: 0.00017441446834709495, Loss_X_Ours: 26.30529022216797, normE: 0.10000000149011612
2024-12-26 03:42:42,361 - Step 239, RSE_E: 0.00016021376359276474, Loss_X_Ours: 26.30156135559082, normE: 0.10000000149011612
2024-12-26 03:42:42,448 - Step 240, RSE_E: 0.00015493674436584115, Loss_X_Ours: 26.300548553466797, normE: 0.10000000894069672
2024-12-26 03:42:42,830 - Step 241, RSE_E: 0.00014076389197725803, Loss_X_Ours: 26.29773712158203, normE: 0.10000000894069672
2024-12-26 03:42:43,251 - Step 242, RSE_E: 0.00015140643517952412, Loss_X_Ours: 26.296186447143555, normE: 0.10000000149011612
2024-12-26 03:42:43,396 - Step 243, RSE_E: 0.00019685552979353815, Loss_X_Ours: 26.295852661132812, normE: 0.10000000149011612
2024-12-26 03:42:44,143 - Step 244, RSE_E: 0.00017606532492209226, Loss_X_Ours: 26.298105239868164, normE: 0.09999998658895493
2024-12-26 03:42:46,316 - Step 245, RSE_E: 0.0001670236961217597, Loss_X_Ours: 26.300264358520508, normE: 0.10000000149011612
2024-12-26 03:42:46,745 - Step 246, RSE_E: 0.00016324168245773762, Loss_X_Ours: 26.297971725463867, normE: 0.10000000894069672
2024-12-26 03:42:46,917 - Step 247, RSE_E: 0.0001518210192443803, Loss_X_Ours: 26.29714012145996, normE: 0.10000000149011612
2024-12-26 03:42:47,646 - Step 248, RSE_E: 0.0001466958929086104, Loss_X_Ours: 26.294979095458984, normE: 0.10000000894069672
2024-12-26 03:42:47,723 - Step 249, RSE_E: 0.00014933061902411282, Loss_X_Ours: 26.294870376586914, normE: 0.10000000149011612
2024-12-26 03:42:49,348 - Step 250, RSE_E: 0.0001709917705738917, Loss_X_Ours: 26.293291091918945, normE: 0.09999999403953552
2024-12-26 03:42:49,828 - Step 251, RSE_E: 0.00021074630785733461, Loss_X_Ours: 26.29540252685547, normE: 0.10000000149011612
2024-12-26 03:42:50,878 - Step 252, RSE_E: 0.00021213607396930456, Loss_X_Ours: 26.306373596191406, normE: 0.09999999403953552
2024-12-26 03:42:51,026 - Step 253, RSE_E: 0.00016786529158707708, Loss_X_Ours: 26.301694869995117, normE: 0.10000000149011612
2024-12-26 03:42:51,180 - Step 254, RSE_E: 0.00014040363021194935, Loss_X_Ours: 26.298830032348633, normE: 0.10000000894069672
2024-12-26 03:42:51,843 - Step 255, RSE_E: 0.00014086448936723173, Loss_X_Ours: 26.29486083984375, normE: 0.10000000894069672
2024-12-26 03:42:53,859 - Step 256, RSE_E: 0.00023197392874863, Loss_X_Ours: 26.310327529907227, normE: 0.10000000149011612
2024-12-26 03:42:54,242 - Step 257, RSE_E: 0.00018614853615872562, Loss_X_Ours: 26.30284309387207, normE: 0.10000000894069672
2024-12-26 03:42:54,285 - Step 258, RSE_E: 0.0001673640654189512, Loss_X_Ours: 26.302474975585938, normE: 0.10000000149011612
2024-12-26 03:42:54,716 - Step 259, RSE_E: 0.0001516484044259414, Loss_X_Ours: 26.299028396606445, normE: 0.10000000149011612
2024-12-26 03:42:56,043 - Step 260, RSE_E: 0.00017332380230072886, Loss_X_Ours: 26.294998168945312, normE: 0.10000000149011612
2024-12-26 03:42:56,212 - Step 261, RSE_E: 0.00016949319979175925, Loss_X_Ours: 26.294469833374023, normE: 0.10000000149011612
2024-12-26 03:42:56,308 - Step 262, RSE_E: 0.0001513271708972752, Loss_X_Ours: 26.294178009033203, normE: 0.10000000149011612
2024-12-26 03:42:56,337 - Step 263, RSE_E: 0.0001513794413767755, Loss_X_Ours: 26.294025421142578, normE: 0.10000000894069672
2024-12-26 03:42:56,629 - Step 264, RSE_E: 0.00015257192717399448, Loss_X_Ours: 26.293630599975586, normE: 0.10000000894069672
2024-12-26 03:42:56,900 - Step 265, RSE_E: 0.0001627466408535838, Loss_X_Ours: 26.2949275970459, normE: 0.10000000149011612
2024-12-26 03:42:57,041 - Step 266, RSE_E: 0.0001480665523558855, Loss_X_Ours: 26.293725967407227, normE: 0.09999999403953552
2024-12-26 03:42:58,243 - Step 267, RSE_E: 0.00016887355013750494, Loss_X_Ours: 26.29808807373047, normE: 0.10000000149011612
2024-12-26 03:42:58,921 - Step 268, RSE_E: 0.00014435914636123925, Loss_X_Ours: 26.29513931274414, normE: 0.09999999403953552
2024-12-26 03:43:00,098 - Step 269, RSE_E: 0.00015044902102090418, Loss_X_Ours: 26.293237686157227, normE: 0.10000000894069672
2024-12-26 03:43:00,250 - Step 270, RSE_E: 0.00017263526387978345, Loss_X_Ours: 26.29541015625, normE: 0.10000000149011612
2024-12-26 03:43:00,645 - Step 271, RSE_E: 0.0001427460229024291, Loss_X_Ours: 26.292993545532227, normE: 0.10000000149011612
2024-12-26 03:43:03,367 - Step 272, RSE_E: 0.00015718673239462078, Loss_X_Ours: 26.294694900512695, normE: 0.10000000149011612
2024-12-26 03:43:04,151 - Step 273, RSE_E: 0.00013636474614031613, Loss_X_Ours: 26.29294204711914, normE: 0.10000000149011612
2024-12-26 03:43:06,119 - Step 274, RSE_E: 0.0001584951241966337, Loss_X_Ours: 26.298267364501953, normE: 0.10000000149011612
2024-12-26 03:43:07,392 - Step 275, RSE_E: 0.00013228814350441098, Loss_X_Ours: 26.294147491455078, normE: 0.10000000149011612
2024-12-26 03:43:07,691 - Step 276, RSE_E: 0.00014531781198456883, Loss_X_Ours: 26.294391632080078, normE: 0.10000000894069672
2024-12-26 03:43:07,845 - Step 277, RSE_E: 0.0001353754778392613, Loss_X_Ours: 26.293643951416016, normE: 0.10000001639127731
2024-12-26 03:43:07,897 - Step 278, RSE_E: 0.00014158949488773942, Loss_X_Ours: 26.293676376342773, normE: 0.09999998658895493
2024-12-26 03:43:09,522 - Step 279, RSE_E: 0.0001941779046319425, Loss_X_Ours: 26.300783157348633, normE: 0.10000000149011612
2024-12-26 03:43:10,330 - Step 280, RSE_E: 0.00014538195682689548, Loss_X_Ours: 26.296262741088867, normE: 0.09999999403953552
2024-12-26 03:43:12,477 - Step 281, RSE_E: 0.00013675457739736885, Loss_X_Ours: 26.294137954711914, normE: 0.10000000149011612
2024-12-26 03:43:12,501 - Step 282, RSE_E: 0.00013874037540517747, Loss_X_Ours: 26.294307708740234, normE: 0.10000000149011612
2024-12-26 03:43:13,859 - Step 283, RSE_E: 0.00022512322175316513, Loss_X_Ours: 26.309062957763672, normE: 0.10000000149011612
2024-12-26 03:43:14,493 - Step 284, RSE_E: 0.00015761886606924236, Loss_X_Ours: 26.300687789916992, normE: 0.10000000149011612
2024-12-26 03:43:15,424 - Step 285, RSE_E: 0.0001528014981886372, Loss_X_Ours: 26.29688835144043, normE: 0.10000000149011612
2024-12-26 03:43:15,962 - Step 286, RSE_E: 0.00015529898519162089, Loss_X_Ours: 26.296348571777344, normE: 0.10000000894069672
2024-12-26 03:43:16,066 - Step 287, RSE_E: 0.0001394463615724817, Loss_X_Ours: 26.29547691345215, normE: 0.10000000149011612
2024-12-26 03:43:16,152 - Step 288, RSE_E: 0.00012777851952705532, Loss_X_Ours: 26.2955265045166, normE: 0.10000000149011612
2024-12-26 03:43:16,382 - Step 289, RSE_E: 0.00014237716095522046, Loss_X_Ours: 26.294788360595703, normE: 0.10000000149011612
2024-12-26 03:43:19,183 - Step 290, RSE_E: 0.0001507976121501997, Loss_X_Ours: 26.293533325195312, normE: 0.10000000894069672
2024-12-26 03:43:19,204 - Step 291, RSE_E: 0.00015732814790681005, Loss_X_Ours: 26.293394088745117, normE: 0.09999998658895493
2024-12-26 03:43:20,302 - Step 292, RSE_E: 0.00015712752065155655, Loss_X_Ours: 26.300500869750977, normE: 0.10000000149011612
2024-12-26 03:43:20,679 - Step 293, RSE_E: 0.00014164790627546608, Loss_X_Ours: 26.29833221435547, normE: 0.10000000894069672
2024-12-26 03:43:21,739 - Step 294, RSE_E: 0.00014067340816836804, Loss_X_Ours: 26.295150756835938, normE: 0.09999999403953552
2024-12-26 03:43:23,262 - Step 295, RSE_E: 0.00015415216330438852, Loss_X_Ours: 26.29414939880371, normE: 0.09999999403953552
2024-12-26 03:43:24,045 - Step 296, RSE_E: 0.00023146042076405138, Loss_X_Ours: 26.302532196044922, normE: 0.10000000149011612
2024-12-26 03:43:27,079 - Step 297, RSE_E: 0.00019060823251493275, Loss_X_Ours: 26.29818344116211, normE: 0.10000000149011612
2024-12-26 03:43:28,331 - Step 298, RSE_E: 0.0002248666569357738, Loss_X_Ours: 26.30922508239746, normE: 0.10000000894069672
2024-12-26 03:43:29,058 - Step 299, RSE_E: 0.0001689901837380603, Loss_X_Ours: 26.299468994140625, normE: 0.10000000149011612
2024-12-26 03:43:32,353 - Comparison Step 0, Loss_X_TNG: 26.294710159301758, normE: 0.10000000894069672
2024-12-26 03:43:32,885 - Comparison Step 1, Loss_X_TNG: 26.296934127807617, normE: 0.10000000149011612
2024-12-26 03:43:33,831 - Comparison Step 2, Loss_X_TNG: 26.30095672607422, normE: 0.10000000894069672
2024-12-26 03:43:36,100 - Comparison Step 3, Loss_X_TNG: 26.295215606689453, normE: 0.09999998658895493
2024-12-26 03:43:36,535 - Comparison Step 4, Loss_X_TNG: 26.298076629638672, normE: 0.10000000894069672
2024-12-26 03:43:36,854 - Comparison Step 5, Loss_X_TNG: 26.2955265045166, normE: 0.10000000894069672
2024-12-26 03:43:39,687 - Comparison Step 6, Loss_X_TNG: 26.296571731567383, normE: 0.09999999403953552
2024-12-26 03:43:40,751 - Comparison Step 7, Loss_X_TNG: 26.301288604736328, normE: 0.10000000894069672
2024-12-26 03:43:41,755 - Comparison Step 8, Loss_X_TNG: 26.29604148864746, normE: 0.10000000894069672
2024-12-26 03:43:42,397 - Comparison Step 9, Loss_X_TNG: 26.295654296875, normE: 0.10000000894069672
2024-12-26 03:43:42,460 - Comparison Step 10, Loss_X_TNG: 26.295001983642578, normE: 0.09999998658895493
2024-12-26 03:43:42,635 - Comparison Step 11, Loss_X_TNG: 26.294593811035156, normE: 0.10000000894069672
2024-12-26 03:43:43,050 - Comparison Step 12, Loss_X_TNG: 26.29613494873047, normE: 0.10000000149011612
2024-12-26 03:43:43,087 - Comparison Step 13, Loss_X_TNG: 26.295930862426758, normE: 0.10000000149011612
2024-12-26 03:43:43,806 - Comparison Step 14, Loss_X_TNG: 26.312753677368164, normE: 0.10000000149011612
2024-12-26 03:43:43,959 - Comparison Step 15, Loss_X_TNG: 26.308725357055664, normE: 0.10000000149011612
2024-12-26 03:43:44,495 - Comparison Step 16, Loss_X_TNG: 26.309162139892578, normE: 0.10000000894069672
2024-12-26 03:43:47,315 - Comparison Step 17, Loss_X_TNG: 26.300050735473633, normE: 0.10000000894069672
2024-12-26 03:43:47,432 - Comparison Step 18, Loss_X_TNG: 26.297027587890625, normE: 0.10000000149011612
2024-12-26 03:43:48,434 - Comparison Step 19, Loss_X_TNG: 26.30253791809082, normE: 0.10000000149011612
2024-12-26 03:43:50,472 - Comparison Step 20, Loss_X_TNG: 26.297962188720703, normE: 0.10000000894069672
2024-12-26 03:43:52,008 - Comparison Step 21, Loss_X_TNG: 26.29721450805664, normE: 0.10000000149011612
2024-12-26 03:43:52,872 - Comparison Step 22, Loss_X_TNG: 26.29485511779785, normE: 0.10000000149011612
2024-12-26 03:43:52,898 - Comparison Step 23, Loss_X_TNG: 26.2947940826416, normE: 0.10000000894069672
2024-12-26 03:43:53,637 - Comparison Step 24, Loss_X_TNG: 26.304052352905273, normE: 0.10000001639127731
2024-12-26 03:43:53,896 - Comparison Step 25, Loss_X_TNG: 26.30121421813965, normE: 0.10000000149011612
2024-12-26 03:43:54,240 - Comparison Step 26, Loss_X_TNG: 26.298627853393555, normE: 0.10000000149011612
2024-12-26 03:43:55,486 - Comparison Step 27, Loss_X_TNG: 26.29512596130371, normE: 0.10000000149011612
2024-12-26 03:43:56,525 - Comparison Step 28, Loss_X_TNG: 26.300527572631836, normE: 0.10000000894069672
2024-12-26 03:43:58,951 - Comparison Step 29, Loss_X_TNG: 26.34371566772461, normE: 0.10000000894069672
2024-12-26 03:43:59,497 - Comparison Step 30, Loss_X_TNG: 26.3348388671875, normE: 0.10000000149011612
2024-12-26 03:43:59,695 - Comparison Step 31, Loss_X_TNG: 26.331684112548828, normE: 0.10000000149011612
2024-12-26 03:43:59,770 - Comparison Step 32, Loss_X_TNG: 26.330631256103516, normE: 0.10000000149011612
2024-12-26 03:44:00,076 - Comparison Step 33, Loss_X_TNG: 26.327058792114258, normE: 0.10000000149011612
2024-12-26 03:44:00,214 - Comparison Step 34, Loss_X_TNG: 26.326019287109375, normE: 0.10000000894069672
2024-12-26 03:44:00,259 - Comparison Step 35, Loss_X_TNG: 26.32570457458496, normE: 0.10000000894069672
2024-12-26 03:44:03,093 - Comparison Step 36, Loss_X_TNG: 26.328317642211914, normE: 0.10000000149011612
2024-12-26 03:44:04,612 - Comparison Step 37, Loss_X_TNG: 26.300323486328125, normE: 0.10000000149011612
2024-12-26 03:44:05,539 - Comparison Step 38, Loss_X_TNG: 26.304466247558594, normE: 0.10000000149011612
2024-12-26 03:44:05,597 - Comparison Step 39, Loss_X_TNG: 26.303695678710938, normE: 0.09999999403953552
2024-12-26 03:44:06,273 - Comparison Step 40, Loss_X_TNG: 26.29926300048828, normE: 0.10000000894069672
2024-12-26 03:44:08,003 - Comparison Step 41, Loss_X_TNG: 26.294597625732422, normE: 0.10000000149011612
2024-12-26 03:44:09,220 - Comparison Step 42, Loss_X_TNG: 26.300243377685547, normE: 0.10000000894069672
2024-12-26 03:44:12,071 - Comparison Step 43, Loss_X_TNG: 26.30791664123535, normE: 0.10000000149011612
2024-12-26 03:44:14,132 - Comparison Step 44, Loss_X_TNG: 26.295249938964844, normE: 0.10000000894069672
2024-12-26 03:44:15,485 - Comparison Step 45, Loss_X_TNG: 26.295625686645508, normE: 0.10000000149011612
2024-12-26 03:44:15,508 - Comparison Step 46, Loss_X_TNG: 26.295555114746094, normE: 0.10000000894069672
2024-12-26 03:44:16,609 - Comparison Step 47, Loss_X_TNG: 26.304964065551758, normE: 0.10000000149011612
2024-12-26 03:44:17,595 - Comparison Step 48, Loss_X_TNG: 26.297504425048828, normE: 0.10000000149011612
2024-12-26 03:44:18,860 - Comparison Step 49, Loss_X_TNG: 26.306528091430664, normE: 0.10000000149011612
2024-12-26 03:44:19,993 - Comparison Step 50, Loss_X_TNG: 26.293357849121094, normE: 0.10000000149011612
2024-12-26 03:44:20,520 - Comparison Step 51, Loss_X_TNG: 26.305877685546875, normE: 0.10000000894069672
2024-12-26 03:44:20,850 - Comparison Step 52, Loss_X_TNG: 26.29988670349121, normE: 0.10000000149011612
2024-12-26 03:44:21,726 - Comparison Step 53, Loss_X_TNG: 26.29550552368164, normE: 0.09999999403953552
2024-12-26 03:44:22,897 - Comparison Step 54, Loss_X_TNG: 26.32891273498535, normE: 0.10000001639127731
2024-12-26 03:44:23,414 - Comparison Step 55, Loss_X_TNG: 26.315458297729492, normE: 0.10000000149011612
2024-12-26 03:44:24,078 - Comparison Step 56, Loss_X_TNG: 26.312641143798828, normE: 0.10000000894069672
2024-12-26 03:44:24,393 - Comparison Step 57, Loss_X_TNG: 26.309593200683594, normE: 0.10000000894069672
2024-12-26 03:44:24,413 - Comparison Step 58, Loss_X_TNG: 26.309173583984375, normE: 0.10000000894069672
2024-12-26 03:44:24,776 - Comparison Step 59, Loss_X_TNG: 26.306903839111328, normE: 0.10000000149011612
2024-12-26 03:44:24,836 - Comparison Step 60, Loss_X_TNG: 26.306774139404297, normE: 0.10000000894069672
2024-12-26 03:44:27,019 - Comparison Step 61, Loss_X_TNG: 26.30669593811035, normE: 0.10000000894069672
2024-12-26 03:44:28,918 - Comparison Step 62, Loss_X_TNG: 26.301637649536133, normE: 0.10000000149011612
2024-12-26 03:44:30,043 - Comparison Step 63, Loss_X_TNG: 26.298091888427734, normE: 0.10000000894069672
2024-12-26 03:44:31,144 - Comparison Step 64, Loss_X_TNG: 26.325685501098633, normE: 0.10000000149011612
2024-12-26 03:44:33,991 - Comparison Step 65, Loss_X_TNG: 26.3486328125, normE: 0.10000000894069672
2024-12-26 03:44:35,511 - Comparison Step 66, Loss_X_TNG: 26.318675994873047, normE: 0.10000000149011612
2024-12-26 03:44:36,140 - Comparison Step 67, Loss_X_TNG: 26.311817169189453, normE: 0.10000000894069672
2024-12-26 03:44:38,176 - Comparison Step 68, Loss_X_TNG: 26.32029914855957, normE: 0.10000000149011612
2024-12-26 03:44:38,638 - Comparison Step 69, Loss_X_TNG: 26.317869186401367, normE: 0.10000000894069672
2024-12-26 03:44:38,768 - Comparison Step 70, Loss_X_TNG: 26.317283630371094, normE: 0.10000000149011612
2024-12-26 03:44:39,154 - Comparison Step 71, Loss_X_TNG: 26.3161563873291, normE: 0.10000000149011612
2024-12-26 03:44:39,617 - Comparison Step 72, Loss_X_TNG: 26.3208065032959, normE: 0.10000000894069672
2024-12-26 03:44:41,123 - Comparison Step 73, Loss_X_TNG: 26.31393051147461, normE: 0.10000000149011612
2024-12-26 03:44:42,292 - Comparison Step 74, Loss_X_TNG: 26.312650680541992, normE: 0.09999999403953552
2024-12-26 03:44:42,887 - Comparison Step 75, Loss_X_TNG: 26.31209945678711, normE: 0.10000000149011612
2024-12-26 03:44:43,052 - Comparison Step 76, Loss_X_TNG: 26.311344146728516, normE: 0.10000000149011612
2024-12-26 03:44:43,663 - Comparison Step 77, Loss_X_TNG: 26.328763961791992, normE: 0.10000000149011612
2024-12-26 03:44:44,388 - Comparison Step 78, Loss_X_TNG: 26.307584762573242, normE: 0.10000000149011612
2024-12-26 03:44:44,464 - Comparison Step 79, Loss_X_TNG: 26.30644416809082, normE: 0.10000000894069672
2024-12-26 03:44:45,526 - Comparison Step 80, Loss_X_TNG: 26.300071716308594, normE: 0.10000001639127731
2024-12-26 03:44:45,543 - Comparison Step 81, Loss_X_TNG: 26.300031661987305, normE: 0.10000000149011612
2024-12-26 03:44:47,098 - Comparison Step 82, Loss_X_TNG: 26.29920768737793, normE: 0.09999999403953552
2024-12-26 03:44:47,511 - Comparison Step 83, Loss_X_TNG: 26.295578002929688, normE: 0.10000000149011612
2024-12-26 03:44:48,624 - Comparison Step 84, Loss_X_TNG: 26.297151565551758, normE: 0.10000000149011612
2024-12-26 03:44:49,743 - Comparison Step 85, Loss_X_TNG: 26.300777435302734, normE: 0.10000000894069672
2024-12-26 03:44:50,321 - Comparison Step 86, Loss_X_TNG: 26.29405403137207, normE: 0.10000000149011612
2024-12-26 03:44:50,607 - Comparison Step 87, Loss_X_TNG: 26.293209075927734, normE: 0.10000000149011612
2024-12-26 03:44:50,644 - Comparison Step 88, Loss_X_TNG: 26.293067932128906, normE: 0.10000000149011612
2024-12-26 03:44:52,013 - Comparison Step 89, Loss_X_TNG: 26.29269027709961, normE: 0.10000001639127731
2024-12-26 03:44:52,716 - Comparison Step 90, Loss_X_TNG: 26.295034408569336, normE: 0.09999999403953552
2024-12-26 03:44:52,912 - Comparison Step 91, Loss_X_TNG: 26.293182373046875, normE: 0.10000000149011612
2024-12-26 03:44:54,386 - Comparison Step 92, Loss_X_TNG: 26.291790008544922, normE: 0.10000001639127731
2024-12-26 03:44:56,011 - Comparison Step 93, Loss_X_TNG: 26.326751708984375, normE: 0.10000000149011612
2024-12-26 03:44:57,573 - Comparison Step 94, Loss_X_TNG: 26.31424331665039, normE: 0.09999999403953552
2024-12-26 03:44:58,228 - Comparison Step 95, Loss_X_TNG: 26.309101104736328, normE: 0.10000000149011612
2024-12-26 03:44:58,239 - Comparison Step 96, Loss_X_TNG: 26.30911636352539, normE: 0.10000000149011612
2024-12-26 03:44:59,333 - Comparison Step 97, Loss_X_TNG: 26.354419708251953, normE: 0.10000000894069672
2024-12-26 03:44:59,790 - Comparison Step 98, Loss_X_TNG: 26.338613510131836, normE: 0.10000000894069672
2024-12-26 03:45:00,326 - Comparison Step 99, Loss_X_TNG: 26.33493423461914, normE: 0.10000000149011612
2024-12-26 03:45:00,435 - Comparison Step 100, Loss_X_TNG: 26.332202911376953, normE: 0.10000000894069672
2024-12-26 03:45:00,571 - Comparison Step 101, Loss_X_TNG: 26.32965087890625, normE: 0.10000000149011612
2024-12-26 03:45:01,144 - Comparison Step 102, Loss_X_TNG: 26.32642936706543, normE: 0.10000000149011612
2024-12-26 03:45:01,406 - Comparison Step 103, Loss_X_TNG: 26.32279396057129, normE: 0.10000000894069672
2024-12-26 03:45:02,209 - Comparison Step 104, Loss_X_TNG: 26.32392692565918, normE: 0.10000000894069672
2024-12-26 03:45:02,848 - Comparison Step 105, Loss_X_TNG: 26.32288932800293, normE: 0.10000000149011612
2024-12-26 03:45:03,743 - Comparison Step 106, Loss_X_TNG: 26.32600212097168, normE: 0.10000000149011612
2024-12-26 03:45:04,211 - Comparison Step 107, Loss_X_TNG: 26.318113327026367, normE: 0.10000000149011612
2024-12-26 03:45:06,051 - Comparison Step 108, Loss_X_TNG: 26.316301345825195, normE: 0.10000000894069672
2024-12-26 03:45:06,168 - Comparison Step 109, Loss_X_TNG: 26.31465721130371, normE: 0.10000000149011612
2024-12-26 03:45:07,694 - Comparison Step 110, Loss_X_TNG: 26.303556442260742, normE: 0.10000000149011612
2024-12-26 03:45:09,949 - Comparison Step 111, Loss_X_TNG: 26.29660415649414, normE: 0.09999999403953552
2024-12-26 03:45:10,572 - Comparison Step 112, Loss_X_TNG: 26.29491424560547, normE: 0.10000000894069672
2024-12-26 03:45:11,186 - Comparison Step 113, Loss_X_TNG: 26.295194625854492, normE: 0.10000000149011612
2024-12-26 03:45:12,107 - Comparison Step 114, Loss_X_TNG: 26.29666519165039, normE: 0.10000000149011612
2024-12-26 03:45:12,938 - Comparison Step 115, Loss_X_TNG: 26.29320526123047, normE: 0.10000000894069672
2024-12-26 03:45:13,260 - Comparison Step 116, Loss_X_TNG: 26.297128677368164, normE: 0.09999999403953552
2024-12-26 03:45:13,817 - Comparison Step 117, Loss_X_TNG: 26.293373107910156, normE: 0.10000000149011612
2024-12-26 03:45:14,011 - Comparison Step 118, Loss_X_TNG: 26.29326820373535, normE: 0.10000000149011612
2024-12-26 03:45:14,158 - Comparison Step 119, Loss_X_TNG: 26.29254913330078, normE: 0.10000000894069672
2024-12-26 03:45:14,284 - Comparison Step 120, Loss_X_TNG: 26.292381286621094, normE: 0.10000000149011612
2024-12-26 03:45:14,660 - Comparison Step 121, Loss_X_TNG: 26.29796028137207, normE: 0.10000000149011612
2024-12-26 03:45:15,506 - Comparison Step 122, Loss_X_TNG: 26.292821884155273, normE: 0.10000000149011612
2024-12-26 03:45:16,587 - Comparison Step 123, Loss_X_TNG: 26.294958114624023, normE: 0.09999999403953552
2024-12-26 03:45:17,938 - Comparison Step 124, Loss_X_TNG: 26.30634307861328, normE: 0.10000000149011612
2024-12-26 03:45:18,797 - Comparison Step 125, Loss_X_TNG: 26.291763305664062, normE: 0.10000000894069672
2024-12-26 03:45:19,510 - Comparison Step 126, Loss_X_TNG: 26.290424346923828, normE: 0.10000000894069672
2024-12-26 03:45:20,571 - Comparison Step 127, Loss_X_TNG: 26.292448043823242, normE: 0.10000000894069672
2024-12-26 03:45:22,431 - Comparison Step 128, Loss_X_TNG: 26.292978286743164, normE: 0.10000000149011612
2024-12-26 03:45:23,480 - Comparison Step 129, Loss_X_TNG: 26.355504989624023, normE: 0.10000000894069672
2024-12-26 03:45:24,291 - Comparison Step 130, Loss_X_TNG: 26.33905601501465, normE: 0.10000000149011612
2024-12-26 03:45:27,108 - Comparison Step 131, Loss_X_TNG: 26.304285049438477, normE: 0.10000000149011612
2024-12-26 03:45:27,675 - Comparison Step 132, Loss_X_TNG: 26.30259895324707, normE: 0.10000000149011612
2024-12-26 03:45:28,087 - Comparison Step 133, Loss_X_TNG: 26.298236846923828, normE: 0.10000000149011612
2024-12-26 03:45:30,939 - Comparison Step 134, Loss_X_TNG: 26.3041934967041, normE: 0.10000000894069672
2024-12-26 03:45:32,044 - Comparison Step 135, Loss_X_TNG: 26.293087005615234, normE: 0.10000000149011612
2024-12-26 03:45:32,919 - Comparison Step 136, Loss_X_TNG: 26.293155670166016, normE: 0.10000000149011612
2024-12-26 03:45:33,747 - Comparison Step 137, Loss_X_TNG: 26.297365188598633, normE: 0.10000000149011612
2024-12-26 03:45:33,839 - Comparison Step 138, Loss_X_TNG: 26.295631408691406, normE: 0.10000000149011612
2024-12-26 03:45:34,842 - Comparison Step 139, Loss_X_TNG: 26.29245376586914, normE: 0.10000000149011612
2024-12-26 03:45:35,509 - Comparison Step 140, Loss_X_TNG: 26.294145584106445, normE: 0.10000000149011612
2024-12-26 03:45:37,506 - Comparison Step 141, Loss_X_TNG: 26.293609619140625, normE: 0.09999999403953552
2024-12-26 03:45:37,815 - Comparison Step 142, Loss_X_TNG: 26.299558639526367, normE: 0.10000000149011612
2024-12-26 03:45:38,095 - Comparison Step 143, Loss_X_TNG: 26.293886184692383, normE: 0.10000000149011612
2024-12-26 03:45:38,354 - Comparison Step 144, Loss_X_TNG: 26.292470932006836, normE: 0.10000000149011612
2024-12-26 03:45:38,452 - Comparison Step 145, Loss_X_TNG: 26.29199981689453, normE: 0.10000000149011612
2024-12-26 03:45:39,333 - Comparison Step 146, Loss_X_TNG: 26.29368782043457, normE: 0.10000000149011612
2024-12-26 03:45:39,765 - Comparison Step 147, Loss_X_TNG: 26.29094123840332, normE: 0.10000000894069672
2024-12-26 03:45:40,011 - Comparison Step 148, Loss_X_TNG: 26.290433883666992, normE: 0.10000000149011612
2024-12-26 03:45:40,088 - Comparison Step 149, Loss_X_TNG: 26.290428161621094, normE: 0.10000000149011612
2024-12-26 03:45:41,291 - Comparison Step 150, Loss_X_TNG: 26.29408073425293, normE: 0.10000000149011612
2024-12-26 03:45:41,606 - Comparison Step 151, Loss_X_TNG: 26.291378021240234, normE: 0.09999999403953552
2024-12-26 03:45:41,629 - Comparison Step 152, Loss_X_TNG: 26.291305541992188, normE: 0.10000000149011612
2024-12-26 03:45:44,365 - Comparison Step 153, Loss_X_TNG: 26.289226531982422, normE: 0.10000000149011612
2024-12-26 03:45:46,698 - Comparison Step 154, Loss_X_TNG: 26.30472183227539, normE: 0.10000000894069672
2024-12-26 03:45:47,195 - Comparison Step 155, Loss_X_TNG: 26.290882110595703, normE: 0.10000000894069672
2024-12-26 03:45:47,567 - Comparison Step 156, Loss_X_TNG: 26.2994384765625, normE: 0.10000000149011612
2024-12-26 03:45:47,595 - Comparison Step 157, Loss_X_TNG: 26.297922134399414, normE: 0.10000000149011612
2024-12-26 03:45:47,813 - Comparison Step 158, Loss_X_TNG: 26.29215431213379, normE: 0.10000000149011612
2024-12-26 03:45:48,610 - Comparison Step 159, Loss_X_TNG: 26.288711547851562, normE: 0.09999999403953552
2024-12-26 03:45:48,743 - Comparison Step 160, Loss_X_TNG: 26.288543701171875, normE: 0.10000000149011612
2024-12-26 03:45:51,072 - Comparison Step 161, Loss_X_TNG: 26.295530319213867, normE: 0.10000000894069672
2024-12-26 03:45:53,910 - Comparison Step 162, Loss_X_TNG: 26.290363311767578, normE: 0.10000000149011612
2024-12-26 03:45:55,129 - Comparison Step 163, Loss_X_TNG: 26.287832260131836, normE: 0.10000000149011612
2024-12-26 03:45:57,810 - Comparison Step 164, Loss_X_TNG: 26.290433883666992, normE: 0.10000000149011612
2024-12-26 03:45:58,060 - Comparison Step 165, Loss_X_TNG: 26.288997650146484, normE: 0.10000000149011612
2024-12-26 03:45:59,255 - Comparison Step 166, Loss_X_TNG: 26.28959083557129, normE: 0.10000000149011612
2024-12-26 03:46:01,791 - Comparison Step 167, Loss_X_TNG: 26.28748321533203, normE: 0.10000000149011612
2024-12-26 03:46:03,919 - Comparison Step 168, Loss_X_TNG: 26.288970947265625, normE: 0.10000000149011612
2024-12-26 03:46:05,799 - Comparison Step 169, Loss_X_TNG: 26.32541275024414, normE: 0.10000000149011612
2024-12-26 03:46:06,052 - Comparison Step 170, Loss_X_TNG: 26.310136795043945, normE: 0.10000000149011612
2024-12-26 03:46:07,736 - Comparison Step 171, Loss_X_TNG: 26.35904312133789, normE: 0.10000000894069672
2024-12-26 03:46:09,141 - Comparison Step 172, Loss_X_TNG: 26.333938598632812, normE: 0.10000000894069672
2024-12-26 03:46:09,979 - Comparison Step 173, Loss_X_TNG: 26.32887077331543, normE: 0.10000001639127731
2024-12-26 03:46:10,156 - Comparison Step 174, Loss_X_TNG: 26.32162857055664, normE: 0.10000000149011612
2024-12-26 03:46:10,264 - Comparison Step 175, Loss_X_TNG: 26.318008422851562, normE: 0.10000000894069672
2024-12-26 03:46:10,410 - Comparison Step 176, Loss_X_TNG: 26.314252853393555, normE: 0.10000000149011612
2024-12-26 03:46:11,145 - Comparison Step 177, Loss_X_TNG: 26.309112548828125, normE: 0.10000000149011612
2024-12-26 03:46:11,580 - Comparison Step 178, Loss_X_TNG: 26.303516387939453, normE: 0.10000000149011612
2024-12-26 03:46:12,524 - Comparison Step 179, Loss_X_TNG: 26.30549430847168, normE: 0.10000000149011612
2024-12-26 03:46:12,723 - Comparison Step 180, Loss_X_TNG: 26.301616668701172, normE: 0.10000000149011612
2024-12-26 03:46:12,851 - Comparison Step 181, Loss_X_TNG: 26.300430297851562, normE: 0.10000000149011612
2024-12-26 03:46:13,551 - Comparison Step 182, Loss_X_TNG: 26.311800003051758, normE: 0.10000000149011612
2024-12-26 03:46:14,595 - Comparison Step 183, Loss_X_TNG: 26.29623031616211, normE: 0.10000000149011612
2024-12-26 03:46:16,379 - Comparison Step 184, Loss_X_TNG: 26.294160842895508, normE: 0.10000000894069672
2024-12-26 03:46:17,281 - Comparison Step 185, Loss_X_TNG: 26.29678726196289, normE: 0.09999999403953552
2024-12-26 03:46:17,725 - Comparison Step 186, Loss_X_TNG: 26.29395866394043, normE: 0.10000000894069672
2024-12-26 03:46:18,005 - Comparison Step 187, Loss_X_TNG: 26.297954559326172, normE: 0.10000000149011612
2024-12-26 03:46:18,630 - Comparison Step 188, Loss_X_TNG: 26.295434951782227, normE: 0.10000000149011612
2024-12-26 03:46:19,754 - Comparison Step 189, Loss_X_TNG: 26.29566192626953, normE: 0.10000000894069672
2024-12-26 03:46:20,612 - Comparison Step 190, Loss_X_TNG: 26.293245315551758, normE: 0.10000000149011612
2024-12-26 03:46:20,684 - Comparison Step 191, Loss_X_TNG: 26.292984008789062, normE: 0.10000001639127731
2024-12-26 03:46:21,371 - Comparison Step 192, Loss_X_TNG: 26.292856216430664, normE: 0.10000000149011612
2024-12-26 03:46:21,958 - Comparison Step 193, Loss_X_TNG: 26.29611587524414, normE: 0.10000000149011612
2024-12-26 03:46:22,545 - Comparison Step 194, Loss_X_TNG: 26.29367446899414, normE: 0.10000000894069672
2024-12-26 03:46:22,815 - Comparison Step 195, Loss_X_TNG: 26.291812896728516, normE: 0.10000000149011612
2024-12-26 03:46:23,786 - Comparison Step 196, Loss_X_TNG: 26.291593551635742, normE: 0.09999998658895493
2024-12-26 03:46:25,566 - Comparison Step 197, Loss_X_TNG: 26.290882110595703, normE: 0.10000000149011612
2024-12-26 03:46:26,111 - Comparison Step 198, Loss_X_TNG: 26.29866600036621, normE: 0.10000000894069672
2024-12-26 03:46:27,987 - Comparison Step 199, Loss_X_TNG: 26.29411506652832, normE: 0.10000000894069672
2024-12-26 03:46:28,175 - Comparison Step 200, Loss_X_TNG: 26.291208267211914, normE: 0.09999998658895493
2024-12-26 03:46:29,314 - Comparison Step 201, Loss_X_TNG: 26.29096221923828, normE: 0.10000000149011612
2024-12-26 03:46:30,067 - Comparison Step 202, Loss_X_TNG: 26.308834075927734, normE: 0.10000000894069672
2024-12-26 03:46:30,670 - Comparison Step 203, Loss_X_TNG: 26.294919967651367, normE: 0.10000000149011612
2024-12-26 03:46:31,384 - Comparison Step 204, Loss_X_TNG: 26.29677963256836, normE: 0.09999999403953552
2024-12-26 03:46:33,137 - Comparison Step 205, Loss_X_TNG: 26.294225692749023, normE: 0.10000000894069672
2024-12-26 03:46:33,361 - Comparison Step 206, Loss_X_TNG: 26.291259765625, normE: 0.10000000149011612
2024-12-26 03:46:33,465 - Comparison Step 207, Loss_X_TNG: 26.290611267089844, normE: 0.10000000894069672
2024-12-26 03:46:36,111 - Comparison Step 208, Loss_X_TNG: 26.29001808166504, normE: 0.10000000149011612
2024-12-26 03:46:36,284 - Comparison Step 209, Loss_X_TNG: 26.289329528808594, normE: 0.10000000149011612
2024-12-26 03:46:36,671 - Comparison Step 210, Loss_X_TNG: 26.29214859008789, normE: 0.10000000894069672
2024-12-26 03:46:36,743 - Comparison Step 211, Loss_X_TNG: 26.29055404663086, normE: 0.10000000149011612
2024-12-26 03:46:38,245 - Comparison Step 212, Loss_X_TNG: 26.291658401489258, normE: 0.10000000894069672
2024-12-26 03:46:38,878 - Comparison Step 213, Loss_X_TNG: 26.28830909729004, normE: 0.10000000894069672
2024-12-26 03:46:39,850 - Comparison Step 214, Loss_X_TNG: 26.2901554107666, normE: 0.10000000149011612
2024-12-26 03:46:40,590 - Comparison Step 215, Loss_X_TNG: 26.29855728149414, normE: 0.10000000149011612
2024-12-26 03:46:41,044 - Comparison Step 216, Loss_X_TNG: 26.29243278503418, normE: 0.10000000894069672
2024-12-26 03:46:43,895 - Comparison Step 217, Loss_X_TNG: 26.288524627685547, normE: 0.10000000894069672
2024-12-26 03:46:46,734 - Comparison Step 218, Loss_X_TNG: 26.295875549316406, normE: 0.10000000894069672
2024-12-26 03:46:47,492 - Comparison Step 219, Loss_X_TNG: 26.289342880249023, normE: 0.09999998658895493
2024-12-26 03:46:49,567 - Comparison Step 220, Loss_X_TNG: 26.287057876586914, normE: 0.09999999403953552
2024-12-26 03:46:50,029 - Comparison Step 221, Loss_X_TNG: 26.294198989868164, normE: 0.10000000894069672
2024-12-26 03:46:50,814 - Comparison Step 222, Loss_X_TNG: 26.286880493164062, normE: 0.09999999403953552
2024-12-26 03:46:51,317 - Comparison Step 223, Loss_X_TNG: 26.286510467529297, normE: 0.10000000149011612
2024-12-26 03:46:54,172 - Comparison Step 224, Loss_X_TNG: 26.288841247558594, normE: 0.10000000149011612
2024-12-26 03:46:54,593 - Comparison Step 225, Loss_X_TNG: 26.290538787841797, normE: 0.10000000149011612
2024-12-26 03:46:54,970 - Comparison Step 226, Loss_X_TNG: 26.28630256652832, normE: 0.10000000894069672
2024-12-26 03:46:55,181 - Comparison Step 227, Loss_X_TNG: 26.285762786865234, normE: 0.10000000149011612
2024-12-26 03:46:58,043 - Comparison Step 228, Loss_X_TNG: 26.287076950073242, normE: 0.09999999403953552
2024-12-26 03:46:58,348 - Comparison Step 229, Loss_X_TNG: 26.284727096557617, normE: 0.10000000149011612
2024-12-26 03:46:58,961 - Comparison Step 230, Loss_X_TNG: 26.287574768066406, normE: 0.10000000149011612
2024-12-26 03:46:59,170 - Comparison Step 231, Loss_X_TNG: 26.28668212890625, normE: 0.10000000894069672
2024-12-26 03:46:59,572 - Comparison Step 232, Loss_X_TNG: 26.28656768798828, normE: 0.09999998658895493
2024-12-26 03:46:59,838 - Comparison Step 233, Loss_X_TNG: 26.285289764404297, normE: 0.10000000894069672
2024-12-26 03:47:01,414 - Comparison Step 234, Loss_X_TNG: 26.288053512573242, normE: 0.10000000149011612
2024-12-26 03:47:04,249 - Comparison Step 235, Loss_X_TNG: 26.423667907714844, normE: 0.10000001639127731
2024-12-26 03:47:04,865 - Comparison Step 236, Loss_X_TNG: 26.287050247192383, normE: 0.10000000894069672
2024-12-26 03:47:05,693 - Comparison Step 237, Loss_X_TNG: 26.285852432250977, normE: 0.10000000894069672
2024-12-26 03:47:06,091 - Comparison Step 238, Loss_X_TNG: 26.284120559692383, normE: 0.10000000894069672
2024-12-26 03:47:06,935 - Comparison Step 239, Loss_X_TNG: 26.294036865234375, normE: 0.10000000149011612
2024-12-26 03:47:08,245 - Comparison Step 240, Loss_X_TNG: 26.286052703857422, normE: 0.10000000149011612
2024-12-26 03:47:08,785 - Comparison Step 241, Loss_X_TNG: 26.290498733520508, normE: 0.10000000149011612
2024-12-26 03:47:08,840 - Comparison Step 242, Loss_X_TNG: 26.28914451599121, normE: 0.10000000149011612
2024-12-26 03:47:09,178 - Comparison Step 243, Loss_X_TNG: 26.285078048706055, normE: 0.10000000149011612
2024-12-26 03:47:09,656 - Comparison Step 244, Loss_X_TNG: 26.287593841552734, normE: 0.10000000149011612
2024-12-26 03:47:12,507 - Comparison Step 245, Loss_X_TNG: 26.285905838012695, normE: 0.10000000894069672
2024-12-26 03:47:13,190 - Comparison Step 246, Loss_X_TNG: 26.283130645751953, normE: 0.10000000894069672
2024-12-26 03:47:15,079 - Comparison Step 247, Loss_X_TNG: 26.283159255981445, normE: 0.10000000149011612
2024-12-26 03:47:15,417 - Comparison Step 248, Loss_X_TNG: 26.282777786254883, normE: 0.10000000894069672
2024-12-26 03:47:15,926 - Comparison Step 249, Loss_X_TNG: 26.285198211669922, normE: 0.10000000149011612
2024-12-26 03:47:16,223 - Comparison Step 250, Loss_X_TNG: 26.292774200439453, normE: 0.10000000894069672
2024-12-26 03:47:16,406 - Comparison Step 251, Loss_X_TNG: 26.287208557128906, normE: 0.10000000894069672
2024-12-26 03:47:16,796 - Comparison Step 252, Loss_X_TNG: 26.284011840820312, normE: 0.10000000149011612
2024-12-26 03:47:17,409 - Comparison Step 253, Loss_X_TNG: 26.282310485839844, normE: 0.10000000894069672
2024-12-26 03:47:18,170 - Comparison Step 254, Loss_X_TNG: 26.28799057006836, normE: 0.10000000149011612
2024-12-26 03:47:18,183 - Comparison Step 255, Loss_X_TNG: 26.287734985351562, normE: 0.10000000149011612
2024-12-26 03:47:18,899 - Comparison Step 256, Loss_X_TNG: 26.283809661865234, normE: 0.10000000149011612
2024-12-26 03:47:18,970 - Comparison Step 257, Loss_X_TNG: 26.283462524414062, normE: 0.10000000894069672
2024-12-26 03:47:19,999 - Comparison Step 258, Loss_X_TNG: 26.28243064880371, normE: 0.10000000894069672
2024-12-26 03:47:22,187 - Comparison Step 259, Loss_X_TNG: 26.284542083740234, normE: 0.10000000149011612
2024-12-26 03:47:22,544 - Comparison Step 260, Loss_X_TNG: 26.28299331665039, normE: 0.10000000149011612
2024-12-26 03:47:24,579 - Comparison Step 261, Loss_X_TNG: 26.288042068481445, normE: 0.10000000149011612
2024-12-26 03:47:24,825 - Comparison Step 262, Loss_X_TNG: 26.28485107421875, normE: 0.10000001639127731
2024-12-26 03:47:24,839 - Comparison Step 263, Loss_X_TNG: 26.284807205200195, normE: 0.10000000149011612
2024-12-26 03:47:25,050 - Comparison Step 264, Loss_X_TNG: 26.283512115478516, normE: 0.09999999403953552
2024-12-26 03:47:25,444 - Comparison Step 265, Loss_X_TNG: 26.28188705444336, normE: 0.10000000149011612
2024-12-26 03:47:25,507 - Comparison Step 266, Loss_X_TNG: 26.281749725341797, normE: 0.10000000894069672
2024-12-26 03:47:25,770 - Comparison Step 267, Loss_X_TNG: 26.281190872192383, normE: 0.10000000149011612
2024-12-26 03:47:26,766 - Comparison Step 268, Loss_X_TNG: 26.2824649810791, normE: 0.10000000149011612
2024-12-26 03:47:27,795 - Comparison Step 269, Loss_X_TNG: 26.28171730041504, normE: 0.10000000149011612
2024-12-26 03:47:28,199 - Comparison Step 270, Loss_X_TNG: 26.29022979736328, normE: 0.10000000149011612
2024-12-26 03:47:28,587 - Comparison Step 271, Loss_X_TNG: 26.28353500366211, normE: 0.10000000149011612
2024-12-26 03:47:29,388 - Comparison Step 272, Loss_X_TNG: 26.281068801879883, normE: 0.10000001639127731
2024-12-26 03:47:29,858 - Comparison Step 273, Loss_X_TNG: 26.28807830810547, normE: 0.10000000149011612
2024-12-26 03:47:30,128 - Comparison Step 274, Loss_X_TNG: 26.28472900390625, normE: 0.10000000149011612
2024-12-26 03:47:32,966 - Comparison Step 275, Loss_X_TNG: 26.285213470458984, normE: 0.09999999403953552
2024-12-26 03:47:33,006 - Comparison Step 276, Loss_X_TNG: 26.28496742248535, normE: 0.10000000894069672
2024-12-26 03:47:33,791 - Comparison Step 277, Loss_X_TNG: 26.28117561340332, normE: 0.10000000149011612
2024-12-26 03:47:33,833 - Comparison Step 278, Loss_X_TNG: 26.28107261657715, normE: 0.10000000894069672
2024-12-26 03:47:35,615 - Comparison Step 279, Loss_X_TNG: 26.281585693359375, normE: 0.10000001639127731
2024-12-26 03:47:35,698 - Comparison Step 280, Loss_X_TNG: 26.281530380249023, normE: 0.10000000894069672
2024-12-26 03:47:36,463 - Comparison Step 281, Loss_X_TNG: 26.280406951904297, normE: 0.10000000149011612
2024-12-26 03:47:36,993 - Comparison Step 282, Loss_X_TNG: 26.285667419433594, normE: 0.10000000149011612
2024-12-26 03:47:38,663 - Comparison Step 283, Loss_X_TNG: 26.2829647064209, normE: 0.10000001639127731
2024-12-26 03:47:39,269 - Comparison Step 284, Loss_X_TNG: 26.28083038330078, normE: 0.10000000894069672
2024-12-26 03:47:39,406 - Comparison Step 285, Loss_X_TNG: 26.280611038208008, normE: 0.10000000149011612
2024-12-26 03:47:40,391 - Comparison Step 286, Loss_X_TNG: 26.279706954956055, normE: 0.10000000894069672
2024-12-26 03:47:40,437 - Comparison Step 287, Loss_X_TNG: 26.27960777282715, normE: 0.10000000149011612
2024-12-26 03:47:40,548 - Comparison Step 288, Loss_X_TNG: 26.279502868652344, normE: 0.10000000149011612
2024-12-26 03:47:41,288 - Comparison Step 289, Loss_X_TNG: 26.2816162109375, normE: 0.10000000149011612
2024-12-26 03:47:43,570 - Comparison Step 290, Loss_X_TNG: 26.2807559967041, normE: 0.10000000149011612
2024-12-26 03:47:43,981 - Comparison Step 291, Loss_X_TNG: 26.280179977416992, normE: 0.10000000149011612
2024-12-26 03:47:45,940 - Comparison Step 292, Loss_X_TNG: 26.28013801574707, normE: 0.09999999403953552
2024-12-26 03:47:48,020 - Comparison Step 293, Loss_X_TNG: 26.28624725341797, normE: 0.10000000149011612
2024-12-26 03:47:48,188 - Comparison Step 294, Loss_X_TNG: 26.28388023376465, normE: 0.10000000149011612
2024-12-26 03:47:48,737 - Comparison Step 295, Loss_X_TNG: 26.28124237060547, normE: 0.10000000149011612
2024-12-26 03:47:51,211 - Comparison Step 296, Loss_X_TNG: 26.279903411865234, normE: 0.10000000894069672
2024-12-26 03:47:51,895 - Comparison Step 297, Loss_X_TNG: 26.287944793701172, normE: 0.10000000894069672
2024-12-26 03:47:52,791 - Comparison Step 298, Loss_X_TNG: 26.27947998046875, normE: 0.10000000894069672
2024-12-26 03:47:53,665 - Comparison Step 299, Loss_X_TNG: 26.284988403320312, normE: 0.10000000149011612
2024-12-26 03:47:53,665 - Norm2 (Comparison Algorithm): 26.284988403320312
2024-12-26 03:47:56,426 - Norm2 (Original TR Algorithm): 26.611055374145508
2024-12-26 03:47:56,426 - Norm2 (Our Algorithm): 26.299468994140625
2024-12-26 03:47:56,519 - Clipping input data to the valid range for imshow with RGB data ([0..1] for floats or [0..255] for integers). Got range [-0.14817092..1.1619593].
2024-12-26 03:47:56,523 - Clipping input data to the valid range for imshow with RGB data ([0..1] for floats or [0..255] for integers). Got range [-0.0011134504..0.0012685317].
2024-12-26 03:47:56,525 - Clipping input data to the valid range for imshow with RGB data ([0..1] for floats or [0..255] for integers). Got range [-0.0008387261..1.0008025].
2024-12-26 03:47:56,527 - Clipping input data to the valid range for imshow with RGB data ([0..1] for floats or [0..255] for integers). Got range [-0.10822177..1.1544363].
2024-12-26 03:47:56,531 - Clipping input data to the valid range for imshow with RGB data ([0..1] for floats or [0..255] for integers). Got range [-0.00051009253..0.00048625772].
2024-12-26 03:47:56,532 - Clipping input data to the valid range for imshow with RGB data ([0..1] for floats or [0..255] for integers). Got range [-0.00034840513..1.0003375].
2024-12-26 03:47:56,534 - Clipping input data to the valid range for imshow with RGB data ([0..1] for floats or [0..255] for integers). Got range [-0.100054584..1.1654782].
