2024-12-25 21:37:31,698 - Norm2 (epsilon): 10000
2024-12-25 21:37:31,698 - Optimization parameters:
2024-12-25 21:37:31,698 - epsilon (Frobenius norm constraint): 10000
2024-12-25 21:37:31,699 - inner_tol (Tolerance for inner optimization): 1e-10
2024-12-25 21:37:31,699 - lr (Learning rate): 0.01
2024-12-25 21:37:31,699 - outer_num_steps (Number of outer optimization steps): 300
2024-12-25 21:37:31,699 - inner_num_steps (Number of inner optimization steps): 1000
2024-12-25 21:37:31,699 - outer_dis_num (Display loss every outer_dis_num steps): 1
2024-12-25 21:37:31,699 - inner_dis_num (Display loss every inner_dis_num steps): 2000
2024-12-25 21:37:35,054 - Step 0, RSE_E: 2.984159231185913, Loss_X_Ours: 39.863433837890625, normE: 100.0
2024-12-25 21:37:36,401 - Step 1, RSE_E: 3.397569179534912, Loss_X_Ours: 42.00587844848633, normE: 100.0
2024-12-25 21:37:36,566 - Step 2, RSE_E: 3.8391034603118896, Loss_X_Ours: 44.43803787231445, normE: 100.0
2024-12-25 21:37:36,729 - Step 3, RSE_E: 4.306239128112793, Loss_X_Ours: 47.219215393066406, normE: 100.00000762939453
2024-12-25 21:37:37,123 - Step 4, RSE_E: 4.789116382598877, Loss_X_Ours: 50.340354919433594, normE: 100.0
2024-12-25 21:37:37,202 - Step 5, RSE_E: 5.2715559005737305, Loss_X_Ours: 53.826622009277344, normE: 100.00000762939453
2024-12-25 21:37:37,358 - Step 6, RSE_E: 5.734045028686523, Loss_X_Ours: 57.6668701171875, normE: 100.0
2024-12-25 21:37:37,493 - Step 7, RSE_E: 6.151710510253906, Loss_X_Ours: 61.79033279418945, normE: 100.0
2024-12-25 21:37:37,568 - Step 8, RSE_E: 6.497710227966309, Loss_X_Ours: 66.11724090576172, normE: 100.00000762939453
2024-12-25 21:37:37,748 - Step 9, RSE_E: 6.74666166305542, Loss_X_Ours: 70.58859252929688, normE: 100.0
2024-12-25 21:37:37,897 - Step 10, RSE_E: 6.878742218017578, Loss_X_Ours: 75.00001525878906, normE: 100.0
2024-12-25 21:37:38,077 - Step 11, RSE_E: 6.883762359619141, Loss_X_Ours: 79.31139373779297, normE: 100.0
2024-12-25 21:37:38,172 - Step 12, RSE_E: 6.763075351715088, Loss_X_Ours: 83.30546569824219, normE: 99.99999237060547
2024-12-25 21:37:38,397 - Step 13, RSE_E: 6.529843807220459, Loss_X_Ours: 86.94487762451172, normE: 100.00000762939453
2024-12-25 21:37:38,759 - Step 14, RSE_E: 6.20564603805542, Loss_X_Ours: 90.20228576660156, normE: 100.0
2024-12-25 21:37:39,094 - Step 15, RSE_E: 5.816532135009766, Loss_X_Ours: 92.95579528808594, normE: 100.00000762939453
2024-12-25 21:37:39,196 - Step 16, RSE_E: 5.389028549194336, Loss_X_Ours: 95.30386352539062, normE: 100.0
2024-12-25 21:37:39,416 - Step 17, RSE_E: 4.947864055633545, Loss_X_Ours: 97.20762634277344, normE: 99.99999237060547
2024-12-25 21:37:39,512 - Step 18, RSE_E: 4.5114264488220215, Loss_X_Ours: 98.69441986083984, normE: 99.99999237060547
2024-12-25 21:37:39,810 - Step 19, RSE_E: 4.095728874206543, Loss_X_Ours: 99.96602630615234, normE: 100.0
2024-12-25 21:37:40,054 - Step 20, RSE_E: 3.7084274291992188, Loss_X_Ours: 100.87017059326172, normE: 100.0
2024-12-25 21:37:40,180 - Step 21, RSE_E: 3.3551738262176514, Loss_X_Ours: 101.61544799804688, normE: 100.00000762939453
2024-12-25 21:37:40,469 - Step 22, RSE_E: 3.0397963523864746, Loss_X_Ours: 102.23731231689453, normE: 99.99999237060547
2024-12-25 21:37:40,590 - Step 23, RSE_E: 2.759829521179199, Loss_X_Ours: 102.6786117553711, normE: 100.0
2024-12-25 21:37:40,712 - Step 24, RSE_E: 2.5153090953826904, Loss_X_Ours: 102.94581604003906, normE: 99.99999237060547
2024-12-25 21:37:41,432 - Step 25, RSE_E: 2.3058922290802, Loss_X_Ours: 103.190673828125, normE: 100.0
2024-12-25 21:37:41,809 - Step 26, RSE_E: 2.1242079734802246, Loss_X_Ours: 103.38695526123047, normE: 100.00000762939453
2024-12-25 21:37:41,974 - Step 27, RSE_E: 1.9682444334030151, Loss_X_Ours: 103.52398681640625, normE: 99.99999237060547
2024-12-25 21:37:42,196 - Step 28, RSE_E: 1.8364696502685547, Loss_X_Ours: 103.67073059082031, normE: 100.0
2024-12-25 21:37:42,290 - Step 29, RSE_E: 1.7228472232818604, Loss_X_Ours: 103.68802642822266, normE: 100.00000762939453
2024-12-25 21:37:42,657 - Step 30, RSE_E: 1.6294585466384888, Loss_X_Ours: 103.7952651977539, normE: 100.00000762939453
2024-12-25 21:37:43,033 - Step 31, RSE_E: 1.5490391254425049, Loss_X_Ours: 103.77894592285156, normE: 100.0
2024-12-25 21:37:43,210 - Step 32, RSE_E: 1.4795215129852295, Loss_X_Ours: 103.8563003540039, normE: 99.99999237060547
2024-12-25 21:37:43,458 - Step 33, RSE_E: 1.4206799268722534, Loss_X_Ours: 103.87860870361328, normE: 100.00000762939453
2024-12-25 21:37:43,799 - Step 34, RSE_E: 1.3699407577514648, Loss_X_Ours: 103.82511138916016, normE: 99.99999237060547
2024-12-25 21:37:43,842 - Step 35, RSE_E: 1.3227994441986084, Loss_X_Ours: 103.90757751464844, normE: 99.99999237060547
2024-12-25 21:37:44,250 - Step 36, RSE_E: 1.2865909337997437, Loss_X_Ours: 103.8796615600586, normE: 100.00000762939453
2024-12-25 21:37:44,638 - Step 37, RSE_E: 1.2442213296890259, Loss_X_Ours: 103.87952423095703, normE: 100.00000762939453
2024-12-25 21:37:44,838 - Step 38, RSE_E: 1.212589144706726, Loss_X_Ours: 103.88059997558594, normE: 99.99999237060547
2024-12-25 21:37:45,236 - Step 39, RSE_E: 1.1855356693267822, Loss_X_Ours: 103.86996459960938, normE: 100.0
2024-12-25 21:37:45,380 - Step 40, RSE_E: 1.1589192152023315, Loss_X_Ours: 103.87458801269531, normE: 100.00000762939453
2024-12-25 21:37:45,537 - Step 41, RSE_E: 1.1346819400787354, Loss_X_Ours: 103.80699920654297, normE: 100.0
2024-12-25 21:37:45,775 - Step 42, RSE_E: 1.1131435632705688, Loss_X_Ours: 103.80752563476562, normE: 99.99999237060547
2024-12-25 21:37:46,362 - Step 43, RSE_E: 1.0941637754440308, Loss_X_Ours: 103.79737091064453, normE: 99.99999237060547
2024-12-25 21:37:46,398 - Step 44, RSE_E: 1.0712367296218872, Loss_X_Ours: 103.77529907226562, normE: 100.0
2024-12-25 21:37:46,497 - Step 45, RSE_E: 1.0536810159683228, Loss_X_Ours: 103.85472106933594, normE: 100.0
2024-12-25 21:37:46,663 - Step 46, RSE_E: 1.0365469455718994, Loss_X_Ours: 103.77490997314453, normE: 100.0
2024-12-25 21:37:47,004 - Step 47, RSE_E: 1.0211758613586426, Loss_X_Ours: 103.79804229736328, normE: 100.0
2024-12-25 21:37:47,260 - Step 48, RSE_E: 1.005192756652832, Loss_X_Ours: 103.81873321533203, normE: 99.99999237060547
2024-12-25 21:37:47,739 - Step 49, RSE_E: 0.9904983639717102, Loss_X_Ours: 103.79518127441406, normE: 100.0
2024-12-25 21:37:47,819 - Step 50, RSE_E: 0.9738593697547913, Loss_X_Ours: 103.808349609375, normE: 100.00000762939453
2024-12-25 21:37:47,907 - Step 51, RSE_E: 0.9585100412368774, Loss_X_Ours: 103.74726867675781, normE: 100.0
2024-12-25 21:37:48,468 - Step 52, RSE_E: 0.9471734166145325, Loss_X_Ours: 103.7409896850586, normE: 100.0
2024-12-25 21:37:48,936 - Step 53, RSE_E: 0.9341555237770081, Loss_X_Ours: 103.78477478027344, normE: 99.99999237060547
2024-12-25 21:37:49,303 - Step 54, RSE_E: 0.9208217859268188, Loss_X_Ours: 103.73077392578125, normE: 100.0
2024-12-25 21:37:49,449 - Step 55, RSE_E: 0.9070223569869995, Loss_X_Ours: 103.71331024169922, normE: 99.99999237060547
2024-12-25 21:37:49,543 - Step 56, RSE_E: 0.893571138381958, Loss_X_Ours: 103.7120132446289, normE: 99.99999237060547
2024-12-25 21:37:49,784 - Step 57, RSE_E: 0.8820931315422058, Loss_X_Ours: 103.70064544677734, normE: 100.0
2024-12-25 21:37:50,147 - Step 58, RSE_E: 0.8711034655570984, Loss_X_Ours: 103.76032257080078, normE: 100.0
2024-12-25 21:37:50,246 - Step 59, RSE_E: 0.8585538864135742, Loss_X_Ours: 103.77059936523438, normE: 100.0
2024-12-25 21:37:50,455 - Step 60, RSE_E: 0.8477353453636169, Loss_X_Ours: 103.76033782958984, normE: 100.00000762939453
2024-12-25 21:37:50,681 - Step 61, RSE_E: 0.8367978930473328, Loss_X_Ours: 103.7092056274414, normE: 100.0
2024-12-25 21:37:50,747 - Step 62, RSE_E: 0.8247222900390625, Loss_X_Ours: 103.67896270751953, normE: 100.00000762939453
2024-12-25 21:37:50,964 - Step 63, RSE_E: 0.8151876330375671, Loss_X_Ours: 103.64869689941406, normE: 100.0
2024-12-25 21:37:51,094 - Step 64, RSE_E: 0.8046087622642517, Loss_X_Ours: 103.74125671386719, normE: 100.0
2024-12-25 21:37:51,294 - Step 65, RSE_E: 0.7950085401535034, Loss_X_Ours: 103.73440551757812, normE: 99.99999237060547
2024-12-25 21:37:51,401 - Step 66, RSE_E: 0.7845010757446289, Loss_X_Ours: 103.640380859375, normE: 100.0
2024-12-25 21:37:51,674 - Step 67, RSE_E: 0.7758779525756836, Loss_X_Ours: 103.73670959472656, normE: 100.0
2024-12-25 21:37:51,700 - Step 68, RSE_E: 0.764013409614563, Loss_X_Ours: 103.73619842529297, normE: 100.00000762939453
2024-12-25 21:37:51,777 - Step 69, RSE_E: 0.7552490234375, Loss_X_Ours: 103.65283203125, normE: 99.99999237060547
2024-12-25 21:37:51,906 - Step 70, RSE_E: 0.7469301223754883, Loss_X_Ours: 103.66322326660156, normE: 100.0
2024-12-25 21:37:52,201 - Step 71, RSE_E: 0.7392419576644897, Loss_X_Ours: 103.71854400634766, normE: 100.0
2024-12-25 21:37:52,506 - Step 72, RSE_E: 0.7312081456184387, Loss_X_Ours: 103.68985748291016, normE: 99.99999237060547
2024-12-25 21:37:52,577 - Step 73, RSE_E: 0.7214345335960388, Loss_X_Ours: 103.62380981445312, normE: 100.0
2024-12-25 21:37:52,700 - Step 74, RSE_E: 0.7129994630813599, Loss_X_Ours: 103.62232971191406, normE: 100.0
2024-12-25 21:37:52,902 - Step 75, RSE_E: 0.7052843570709229, Loss_X_Ours: 103.67809295654297, normE: 100.00000762939453
2024-12-25 21:37:53,064 - Step 76, RSE_E: 0.697333812713623, Loss_X_Ours: 103.71772766113281, normE: 100.0
2024-12-25 21:37:53,378 - Step 77, RSE_E: 0.6899535059928894, Loss_X_Ours: 103.61654663085938, normE: 100.00000762939453
2024-12-25 21:37:53,463 - Step 78, RSE_E: 0.6812242865562439, Loss_X_Ours: 103.60686492919922, normE: 100.0
2024-12-25 21:37:53,720 - Step 79, RSE_E: 0.6744225025177002, Loss_X_Ours: 103.60003662109375, normE: 100.0
2024-12-25 21:37:53,778 - Step 80, RSE_E: 0.6657397150993347, Loss_X_Ours: 103.66634368896484, normE: 100.0
2024-12-25 21:37:53,942 - Step 81, RSE_E: 0.6591653823852539, Loss_X_Ours: 103.7077407836914, normE: 99.99999237060547
2024-12-25 21:37:54,263 - Step 82, RSE_E: 0.6526263356208801, Loss_X_Ours: 103.591552734375, normE: 100.0
2024-12-25 21:37:54,375 - Step 83, RSE_E: 0.6452568173408508, Loss_X_Ours: 103.7320785522461, normE: 100.00000762939453
2024-12-25 21:37:54,686 - Step 84, RSE_E: 0.6388811469078064, Loss_X_Ours: 103.6180648803711, normE: 100.0
2024-12-25 21:37:55,203 - Step 85, RSE_E: 0.632576584815979, Loss_X_Ours: 103.61239624023438, normE: 100.0
2024-12-25 21:37:55,396 - Step 86, RSE_E: 0.625365138053894, Loss_X_Ours: 103.73941802978516, normE: 99.99999237060547
2024-12-25 21:37:55,790 - Step 87, RSE_E: 0.6190606951713562, Loss_X_Ours: 103.49363708496094, normE: 100.0
2024-12-25 21:37:56,968 - Step 88, RSE_E: 0.6137366890907288, Loss_X_Ours: 103.51229095458984, normE: 100.0
2024-12-25 21:37:57,235 - Step 89, RSE_E: 0.6071619391441345, Loss_X_Ours: 103.62834167480469, normE: 100.0
2024-12-25 21:37:57,451 - Step 90, RSE_E: 0.6004826426506042, Loss_X_Ours: 103.5982437133789, normE: 100.0
2024-12-25 21:37:57,503 - Step 91, RSE_E: 0.592674732208252, Loss_X_Ours: 103.6158676147461, normE: 100.0
2024-12-25 21:37:58,074 - Step 92, RSE_E: 0.5885712504386902, Loss_X_Ours: 103.62872314453125, normE: 100.0
2024-12-25 21:37:58,843 - Step 93, RSE_E: 0.5824145078659058, Loss_X_Ours: 103.63465881347656, normE: 99.99999237060547
2024-12-25 21:37:59,061 - Step 94, RSE_E: 0.5760482549667358, Loss_X_Ours: 103.67426300048828, normE: 100.0
2024-12-25 21:37:59,245 - Step 95, RSE_E: 0.5696298480033875, Loss_X_Ours: 103.63417053222656, normE: 100.0
2024-12-25 21:37:59,760 - Step 96, RSE_E: 0.564547061920166, Loss_X_Ours: 103.67460632324219, normE: 100.00000762939453
2024-12-25 21:38:00,259 - Step 97, RSE_E: 0.5588604807853699, Loss_X_Ours: 103.52507781982422, normE: 99.99999237060547
2024-12-25 21:38:00,732 - Step 98, RSE_E: 0.5530635118484497, Loss_X_Ours: 103.52803039550781, normE: 99.99999237060547
2024-12-25 21:38:01,095 - Step 99, RSE_E: 0.5476582646369934, Loss_X_Ours: 103.68223571777344, normE: 99.99999237060547
2024-12-25 21:38:02,128 - Step 100, RSE_E: 0.5431201457977295, Loss_X_Ours: 103.57730865478516, normE: 100.0
2024-12-25 21:38:03,085 - Step 101, RSE_E: 0.5448510050773621, Loss_X_Ours: 103.53627014160156, normE: 100.0
2024-12-25 21:38:03,373 - Step 102, RSE_E: 0.5356441140174866, Loss_X_Ours: 103.57868194580078, normE: 100.0
2024-12-25 21:38:03,395 - Step 103, RSE_E: 0.5273745656013489, Loss_X_Ours: 103.6595458984375, normE: 100.0
2024-12-25 21:38:03,930 - Step 104, RSE_E: 0.5224823355674744, Loss_X_Ours: 103.50621795654297, normE: 99.99999237060547
2024-12-25 21:38:04,026 - Step 105, RSE_E: 0.516007661819458, Loss_X_Ours: 103.54016876220703, normE: 100.0
2024-12-25 21:38:04,104 - Step 106, RSE_E: 0.5100168585777283, Loss_X_Ours: 103.59243774414062, normE: 100.0
2024-12-25 21:38:04,162 - Step 107, RSE_E: 0.5042028427124023, Loss_X_Ours: 103.57964324951172, normE: 100.0
2024-12-25 21:38:04,510 - Step 108, RSE_E: 0.5004256963729858, Loss_X_Ours: 103.54620361328125, normE: 100.0
2024-12-25 21:38:04,676 - Step 109, RSE_E: 0.4951340854167938, Loss_X_Ours: 103.59858703613281, normE: 100.00000762939453
2024-12-25 21:38:05,477 - Step 110, RSE_E: 0.49154752492904663, Loss_X_Ours: 103.57303619384766, normE: 100.0
2024-12-25 21:38:06,242 - Step 111, RSE_E: 0.4873214364051819, Loss_X_Ours: 103.65103912353516, normE: 99.99999237060547
2024-12-25 21:38:06,847 - Step 112, RSE_E: 0.4828459918498993, Loss_X_Ours: 103.49188232421875, normE: 100.00000762939453
2024-12-25 21:38:06,941 - Step 113, RSE_E: 0.4773745834827423, Loss_X_Ours: 103.53724670410156, normE: 100.00000762939453
2024-12-25 21:38:08,272 - Step 114, RSE_E: 0.47473013401031494, Loss_X_Ours: 103.57715606689453, normE: 100.0
2024-12-25 21:38:08,384 - Step 115, RSE_E: 0.46973901987075806, Loss_X_Ours: 103.62435150146484, normE: 100.00000762939453
2024-12-25 21:38:09,215 - Step 116, RSE_E: 0.46585726737976074, Loss_X_Ours: 103.61819458007812, normE: 100.00000762939453
2024-12-25 21:38:09,396 - Step 117, RSE_E: 0.4605640172958374, Loss_X_Ours: 103.55131530761719, normE: 100.00000762939453
2024-12-25 21:38:09,584 - Step 118, RSE_E: 0.45565441250801086, Loss_X_Ours: 103.50403594970703, normE: 100.0
2024-12-25 21:38:10,030 - Step 119, RSE_E: 0.4519268870353699, Loss_X_Ours: 103.58226013183594, normE: 100.0
2024-12-25 21:38:10,306 - Step 120, RSE_E: 0.44747036695480347, Loss_X_Ours: 103.5836181640625, normE: 100.0
2024-12-25 21:38:10,385 - Step 121, RSE_E: 0.4421388506889343, Loss_X_Ours: 103.52633666992188, normE: 100.00000762939453
2024-12-25 21:38:10,988 - Step 122, RSE_E: 0.43911513686180115, Loss_X_Ours: 103.61195373535156, normE: 100.0
2024-12-25 21:38:11,286 - Step 123, RSE_E: 0.4351150393486023, Loss_X_Ours: 103.58509063720703, normE: 100.00000762939453
2024-12-25 21:38:11,478 - Step 124, RSE_E: 0.43092110753059387, Loss_X_Ours: 103.68158721923828, normE: 100.0
2024-12-25 21:38:11,727 - Step 125, RSE_E: 0.4267960488796234, Loss_X_Ours: 103.61437225341797, normE: 100.0
2024-12-25 21:38:12,257 - Step 126, RSE_E: 0.4235096871852875, Loss_X_Ours: 103.49371337890625, normE: 100.0
2024-12-25 21:38:12,621 - Step 127, RSE_E: 0.4196609854698181, Loss_X_Ours: 103.49301147460938, normE: 99.99999237060547
2024-12-25 21:38:12,789 - Step 128, RSE_E: 0.4154057800769806, Loss_X_Ours: 103.5231704711914, normE: 100.0
2024-12-25 21:38:13,337 - Step 129, RSE_E: 0.41222134232521057, Loss_X_Ours: 103.48409271240234, normE: 99.99999237060547
2024-12-25 21:38:13,977 - Step 130, RSE_E: 0.4089576005935669, Loss_X_Ours: 103.53282928466797, normE: 100.00000762939453
2024-12-25 21:38:14,722 - Step 131, RSE_E: 0.4055279791355133, Loss_X_Ours: 103.66417694091797, normE: 100.00000762939453
2024-12-25 21:38:15,766 - Step 132, RSE_E: 0.4025302827358246, Loss_X_Ours: 103.57630920410156, normE: 100.00000762939453
2024-12-25 21:38:16,308 - Step 133, RSE_E: 0.3990303874015808, Loss_X_Ours: 103.52888488769531, normE: 100.0
2024-12-25 21:38:17,429 - Step 134, RSE_E: 0.4044300615787506, Loss_X_Ours: 103.59968566894531, normE: 99.99999237060547
2024-12-25 21:38:18,214 - Step 135, RSE_E: 0.39526864886283875, Loss_X_Ours: 103.5600814819336, normE: 100.00000762939453
2024-12-25 21:38:18,960 - Step 136, RSE_E: 0.3901402950286865, Loss_X_Ours: 103.60002899169922, normE: 100.00000762939453
2024-12-25 21:38:19,026 - Step 137, RSE_E: 0.3850231468677521, Loss_X_Ours: 103.59529876708984, normE: 100.00000762939453
2024-12-25 21:38:20,590 - Step 138, RSE_E: 0.3827400803565979, Loss_X_Ours: 103.5699462890625, normE: 99.99999237060547
2024-12-25 21:38:20,642 - Step 139, RSE_E: 0.3779580891132355, Loss_X_Ours: 103.45462799072266, normE: 100.0
2024-12-25 21:38:20,982 - Step 140, RSE_E: 0.3747028410434723, Loss_X_Ours: 103.58433532714844, normE: 99.99999237060547
2024-12-25 21:38:21,143 - Step 141, RSE_E: 0.370791494846344, Loss_X_Ours: 103.5115966796875, normE: 100.00001525878906
2024-12-25 21:38:21,500 - Step 142, RSE_E: 0.36784353852272034, Loss_X_Ours: 103.55911254882812, normE: 99.99999237060547
2024-12-25 21:38:21,691 - Step 143, RSE_E: 0.36402440071105957, Loss_X_Ours: 103.56700897216797, normE: 100.00000762939453
2024-12-25 21:38:21,908 - Step 144, RSE_E: 0.36061936616897583, Loss_X_Ours: 103.60372161865234, normE: 99.99999237060547
2024-12-25 21:38:22,116 - Step 145, RSE_E: 0.3576715886592865, Loss_X_Ours: 103.58751678466797, normE: 100.0
2024-12-25 21:38:23,506 - Step 146, RSE_E: 0.3560759723186493, Loss_X_Ours: 103.51451873779297, normE: 100.00000762939453
2024-12-25 21:38:24,043 - Step 147, RSE_E: 0.3529287874698639, Loss_X_Ours: 103.58694458007812, normE: 99.99999237060547
2024-12-25 21:38:24,717 - Step 148, RSE_E: 0.3504527807235718, Loss_X_Ours: 103.55726623535156, normE: 100.0
2024-12-25 21:38:25,615 - Step 149, RSE_E: 0.34749460220336914, Loss_X_Ours: 103.58153533935547, normE: 100.00000762939453
2024-12-25 21:38:27,694 - Step 150, RSE_E: 0.3475467562675476, Loss_X_Ours: 103.56980895996094, normE: 100.0
2024-12-25 21:38:29,976 - Step 151, RSE_E: 0.34427154064178467, Loss_X_Ours: 103.45003509521484, normE: 100.00000762939453
2024-12-25 21:38:30,606 - Step 152, RSE_E: 0.34067201614379883, Loss_X_Ours: 103.5771484375, normE: 100.00000762939453
2024-12-25 21:38:30,892 - Step 153, RSE_E: 0.3370888829231262, Loss_X_Ours: 103.46475219726562, normE: 100.0
2024-12-25 21:38:31,747 - Step 154, RSE_E: 0.33453670144081116, Loss_X_Ours: 103.51396179199219, normE: 100.0
2024-12-25 21:38:32,321 - Step 155, RSE_E: 0.3314184546470642, Loss_X_Ours: 103.612548828125, normE: 99.99999237060547
2024-12-25 21:38:33,935 - Step 156, RSE_E: 0.33243706822395325, Loss_X_Ours: 103.56914520263672, normE: 100.00000762939453
2024-12-25 21:38:35,852 - Step 157, RSE_E: 0.3415457010269165, Loss_X_Ours: 103.4380874633789, normE: 100.00000762939453
2024-12-25 21:38:36,056 - Step 158, RSE_E: 0.330864816904068, Loss_X_Ours: 103.42186737060547, normE: 100.0
2024-12-25 21:38:36,813 - Step 159, RSE_E: 0.32273879647254944, Loss_X_Ours: 103.42227172851562, normE: 100.0
2024-12-25 21:38:36,835 - Step 160, RSE_E: 0.31817275285720825, Loss_X_Ours: 103.56189727783203, normE: 100.0
2024-12-25 21:38:37,010 - Step 161, RSE_E: 0.31495314836502075, Loss_X_Ours: 103.49584197998047, normE: 100.0
2024-12-25 21:38:38,007 - Step 162, RSE_E: 0.312539279460907, Loss_X_Ours: 103.59347534179688, normE: 100.0
2024-12-25 21:38:38,662 - Step 163, RSE_E: 0.31101006269454956, Loss_X_Ours: 103.55878448486328, normE: 100.0
2024-12-25 21:38:40,940 - Step 164, RSE_E: 0.3113425374031067, Loss_X_Ours: 103.58269500732422, normE: 100.0
2024-12-25 21:38:41,470 - Step 165, RSE_E: 0.30729860067367554, Loss_X_Ours: 103.48592376708984, normE: 100.0
2024-12-25 21:38:42,561 - Step 166, RSE_E: 0.3046903610229492, Loss_X_Ours: 103.48982238769531, normE: 100.00000762939453
2024-12-25 21:38:43,378 - Step 167, RSE_E: 0.3021012842655182, Loss_X_Ours: 103.49510955810547, normE: 100.0
2024-12-25 21:38:44,498 - Step 168, RSE_E: 0.29961827397346497, Loss_X_Ours: 103.45610809326172, normE: 99.99999237060547
2024-12-25 21:38:44,768 - Step 169, RSE_E: 0.2963067889213562, Loss_X_Ours: 103.5726089477539, normE: 100.0
2024-12-25 21:38:45,061 - Step 170, RSE_E: 0.2936856150627136, Loss_X_Ours: 103.44932556152344, normE: 100.0
2024-12-25 21:38:46,984 - Step 171, RSE_E: 0.2929200530052185, Loss_X_Ours: 103.45818328857422, normE: 99.99999237060547
2024-12-25 21:38:48,638 - Step 172, RSE_E: 0.2904221713542938, Loss_X_Ours: 103.39299774169922, normE: 100.0
2024-12-25 21:38:50,643 - Step 173, RSE_E: 0.28860151767730713, Loss_X_Ours: 103.41265106201172, normE: 100.00000762939453
2024-12-25 21:38:50,948 - Step 174, RSE_E: 0.2858305871486664, Loss_X_Ours: 103.57767486572266, normE: 99.99999237060547
2024-12-25 21:38:52,393 - Step 175, RSE_E: 0.29989415407180786, Loss_X_Ours: 103.5409164428711, normE: 100.0
2024-12-25 21:38:52,719 - Step 176, RSE_E: 0.28969433903694153, Loss_X_Ours: 103.504150390625, normE: 100.0
2024-12-25 21:38:55,534 - Step 177, RSE_E: 0.28111520409584045, Loss_X_Ours: 103.26696014404297, normE: 100.0
2024-12-25 21:38:58,369 - Step 178, RSE_E: 0.4271548390388489, Loss_X_Ours: 103.7711181640625, normE: 100.00000762939453
2024-12-25 21:38:59,845 - Step 179, RSE_E: 0.5316182374954224, Loss_X_Ours: 103.36271667480469, normE: 99.99999237060547
2024-12-25 21:39:01,174 - Step 180, RSE_E: 0.4596894681453705, Loss_X_Ours: 103.42189025878906, normE: 100.0
2024-12-25 21:39:01,284 - Step 181, RSE_E: 0.41987404227256775, Loss_X_Ours: 103.5394058227539, normE: 99.99999237060547
2024-12-25 21:39:03,250 - Step 182, RSE_E: 0.383414626121521, Loss_X_Ours: 103.54659271240234, normE: 100.00000762939453
2024-12-25 21:39:03,798 - Step 183, RSE_E: 0.35228514671325684, Loss_X_Ours: 103.50252532958984, normE: 99.99999237060547
2024-12-25 21:39:05,032 - Step 184, RSE_E: 0.3287751078605652, Loss_X_Ours: 103.46977996826172, normE: 99.99999237060547
2024-12-25 21:39:07,504 - Step 185, RSE_E: 0.3145394027233124, Loss_X_Ours: 103.5900650024414, normE: 100.0
2024-12-25 21:39:07,698 - Step 186, RSE_E: 0.3014678955078125, Loss_X_Ours: 103.5533447265625, normE: 100.0
2024-12-25 21:39:09,202 - Step 187, RSE_E: 0.43544644117355347, Loss_X_Ours: 103.50727844238281, normE: 100.00000762939453
2024-12-25 21:39:10,004 - Step 188, RSE_E: 0.3587196171283722, Loss_X_Ours: 103.54881286621094, normE: 99.99999237060547
2024-12-25 21:39:10,827 - Step 189, RSE_E: 0.3297583758831024, Loss_X_Ours: 103.45603942871094, normE: 100.0
2024-12-25 21:39:13,646 - Step 190, RSE_E: 0.30915260314941406, Loss_X_Ours: 103.51885986328125, normE: 100.00000762939453
2024-12-25 21:39:16,227 - Step 191, RSE_E: 0.2946498990058899, Loss_X_Ours: 103.53618621826172, normE: 100.00000762939453
2024-12-25 21:39:16,958 - Step 192, RSE_E: 0.2838076055049896, Loss_X_Ours: 103.60047912597656, normE: 99.99999237060547
2024-12-25 21:39:17,416 - Step 193, RSE_E: 0.2745901644229889, Loss_X_Ours: 103.60487365722656, normE: 99.99999237060547
2024-12-25 21:39:18,620 - Step 194, RSE_E: 0.2689531147480011, Loss_X_Ours: 103.46588897705078, normE: 100.00000762939453
2024-12-25 21:39:20,030 - Step 195, RSE_E: 0.26426002383232117, Loss_X_Ours: 103.4395523071289, normE: 100.0
2024-12-25 21:39:20,345 - Step 196, RSE_E: 0.25881320238113403, Loss_X_Ours: 103.50062561035156, normE: 100.00000762939453
2024-12-25 21:39:20,905 - Step 197, RSE_E: 0.2546578049659729, Loss_X_Ours: 103.45425415039062, normE: 100.0
2024-12-25 21:39:23,739 - Step 198, RSE_E: 0.2539310157299042, Loss_X_Ours: 103.45162963867188, normE: 100.0
2024-12-25 21:39:25,291 - Step 199, RSE_E: 0.25138360261917114, Loss_X_Ours: 103.52086639404297, normE: 100.00000762939453
2024-12-25 21:39:28,128 - Step 200, RSE_E: 0.25302404165267944, Loss_X_Ours: 103.58826446533203, normE: 99.99999237060547
2024-12-25 21:39:28,325 - Step 201, RSE_E: 0.2470356971025467, Loss_X_Ours: 103.37996673583984, normE: 100.0
2024-12-25 21:39:29,340 - Step 202, RSE_E: 0.24302275478839874, Loss_X_Ours: 103.53610229492188, normE: 100.00000762939453
2024-12-25 21:39:29,597 - Step 203, RSE_E: 0.23942695558071136, Loss_X_Ours: 103.41515350341797, normE: 100.00000762939453
2024-12-25 21:39:30,766 - Step 204, RSE_E: 0.2391422539949417, Loss_X_Ours: 103.48982238769531, normE: 99.99999237060547
2024-12-25 21:39:33,593 - Step 205, RSE_E: 0.23963060975074768, Loss_X_Ours: 103.29773712158203, normE: 99.99999237060547
2024-12-25 21:39:34,331 - Step 206, RSE_E: 0.23671525716781616, Loss_X_Ours: 103.44029235839844, normE: 100.00000762939453
2024-12-25 21:39:34,454 - Step 207, RSE_E: 0.23216494917869568, Loss_X_Ours: 103.48316955566406, normE: 100.0
2024-12-25 21:39:34,768 - Step 208, RSE_E: 0.22979950904846191, Loss_X_Ours: 103.43997955322266, normE: 100.0
2024-12-25 21:39:36,065 - Step 209, RSE_E: 0.22916603088378906, Loss_X_Ours: 103.56217193603516, normE: 99.99999237060547
2024-12-25 21:39:36,715 - Step 210, RSE_E: 0.22773778438568115, Loss_X_Ours: 103.34590148925781, normE: 100.00000762939453
2024-12-25 21:39:37,668 - Step 211, RSE_E: 0.22607561945915222, Loss_X_Ours: 103.53179168701172, normE: 99.99999237060547
2024-12-25 21:39:40,502 - Step 212, RSE_E: 0.22819401323795319, Loss_X_Ours: 103.4292984008789, normE: 100.0
2024-12-25 21:39:43,353 - Step 213, RSE_E: 0.22511625289916992, Loss_X_Ours: 103.58233642578125, normE: 100.0
2024-12-25 21:39:44,158 - Step 214, RSE_E: 0.2241736501455307, Loss_X_Ours: 103.4133071899414, normE: 100.00000762939453
2024-12-25 21:39:45,011 - Step 215, RSE_E: 0.22101576626300812, Loss_X_Ours: 103.52804565429688, normE: 100.0
2024-12-25 21:39:46,906 - Step 216, RSE_E: 0.2378210872411728, Loss_X_Ours: 103.57530212402344, normE: 100.00000762939453
2024-12-25 21:39:46,984 - Step 217, RSE_E: 0.2270970493555069, Loss_X_Ours: 103.45046997070312, normE: 100.0
2024-12-25 21:39:47,128 - Step 218, RSE_E: 0.2190222442150116, Loss_X_Ours: 103.60197448730469, normE: 99.99999237060547
2024-12-25 21:39:48,665 - Step 219, RSE_E: 0.21313755214214325, Loss_X_Ours: 103.56846618652344, normE: 99.99999237060547
2024-12-25 21:39:49,002 - Step 220, RSE_E: 0.2110995501279831, Loss_X_Ours: 103.44181823730469, normE: 99.99999237060547
2024-12-25 21:39:49,216 - Step 221, RSE_E: 0.20817026495933533, Loss_X_Ours: 103.54008483886719, normE: 99.99999237060547
2024-12-25 21:39:49,708 - Step 222, RSE_E: 0.20708926022052765, Loss_X_Ours: 103.41422271728516, normE: 100.0
2024-12-25 21:39:49,735 - Step 223, RSE_E: 0.2035415917634964, Loss_X_Ours: 103.36549377441406, normE: 99.99999237060547
2024-12-25 21:39:52,553 - Step 224, RSE_E: 0.23341427743434906, Loss_X_Ours: 103.55320739746094, normE: 100.0
2024-12-25 21:39:54,952 - Step 225, RSE_E: 0.20936907827854156, Loss_X_Ours: 103.4741439819336, normE: 99.99999237060547
2024-12-25 21:39:56,637 - Step 226, RSE_E: 0.20710323750972748, Loss_X_Ours: 103.44097137451172, normE: 100.00000762939453
2024-12-25 21:39:56,718 - Step 227, RSE_E: 0.2033054381608963, Loss_X_Ours: 103.44474029541016, normE: 99.99999237060547
2024-12-25 21:39:57,614 - Step 228, RSE_E: 0.20313052833080292, Loss_X_Ours: 103.637451171875, normE: 100.0
2024-12-25 21:39:57,700 - Step 229, RSE_E: 0.1993536353111267, Loss_X_Ours: 103.46875762939453, normE: 100.0
2024-12-25 21:40:00,038 - Step 230, RSE_E: 0.21580414474010468, Loss_X_Ours: 103.43456268310547, normE: 100.0
2024-12-25 21:40:00,448 - Step 231, RSE_E: 0.20451584458351135, Loss_X_Ours: 103.48601531982422, normE: 99.99999237060547
2024-12-25 21:40:03,279 - Step 232, RSE_E: 0.19891352951526642, Loss_X_Ours: 103.45086669921875, normE: 100.0
2024-12-25 21:40:06,091 - Step 233, RSE_E: 0.3143198490142822, Loss_X_Ours: 103.55391693115234, normE: 99.99999237060547
2024-12-25 21:40:06,767 - Step 234, RSE_E: 0.27359244227409363, Loss_X_Ours: 103.54497528076172, normE: 100.00000762939453
2024-12-25 21:40:09,584 - Step 235, RSE_E: 0.2398928999900818, Loss_X_Ours: 103.32716369628906, normE: 100.00000762939453
2024-12-25 21:40:12,405 - Step 236, RSE_E: 0.23707982897758484, Loss_X_Ours: 103.46977233886719, normE: 100.0
2024-12-25 21:40:14,583 - Step 237, RSE_E: 0.22139804065227509, Loss_X_Ours: 103.48023223876953, normE: 100.0
2024-12-25 21:40:15,376 - Step 238, RSE_E: 0.20848412811756134, Loss_X_Ours: 103.50506591796875, normE: 100.0
2024-12-25 21:40:18,194 - Step 239, RSE_E: 0.2072802633047104, Loss_X_Ours: 103.58568572998047, normE: 100.00000762939453
2024-12-25 21:40:21,019 - Step 240, RSE_E: 0.31093111634254456, Loss_X_Ours: 103.1950454711914, normE: 100.00000762939453
2024-12-25 21:40:23,239 - Step 241, RSE_E: 0.27693450450897217, Loss_X_Ours: 103.4970474243164, normE: 100.0
2024-12-25 21:40:24,894 - Step 242, RSE_E: 0.2616252601146698, Loss_X_Ours: 103.53687286376953, normE: 100.0
2024-12-25 21:40:27,738 - Step 243, RSE_E: 0.2367045134305954, Loss_X_Ours: 103.42310333251953, normE: 99.99999237060547
2024-12-25 21:40:29,380 - Step 244, RSE_E: 0.24120396375656128, Loss_X_Ours: 103.56571197509766, normE: 100.0
2024-12-25 21:40:32,213 - Step 245, RSE_E: 0.21489815413951874, Loss_X_Ours: 103.3819580078125, normE: 99.99999237060547
2024-12-25 21:40:33,081 - Step 246, RSE_E: 0.20601187646389008, Loss_X_Ours: 103.42538452148438, normE: 100.0
2024-12-25 21:40:33,929 - Step 247, RSE_E: 0.19944404065608978, Loss_X_Ours: 103.44013214111328, normE: 100.0
2024-12-25 21:40:35,704 - Step 248, RSE_E: 0.19465404748916626, Loss_X_Ours: 103.5790786743164, normE: 100.0
2024-12-25 21:40:38,549 - Step 249, RSE_E: 0.20267803966999054, Loss_X_Ours: 103.41340637207031, normE: 99.99999237060547
2024-12-25 21:40:41,375 - Step 250, RSE_E: 0.19142350554466248, Loss_X_Ours: 103.42793273925781, normE: 100.0
2024-12-25 21:40:42,199 - Step 251, RSE_E: 0.18581342697143555, Loss_X_Ours: 103.53012084960938, normE: 100.0
2024-12-25 21:40:42,419 - Step 252, RSE_E: 0.1815648078918457, Loss_X_Ours: 103.3802490234375, normE: 100.0
2024-12-25 21:40:42,506 - Step 253, RSE_E: 0.1767464280128479, Loss_X_Ours: 103.60469055175781, normE: 99.99999237060547
2024-12-25 21:40:42,705 - Step 254, RSE_E: 0.17441073060035706, Loss_X_Ours: 103.55350494384766, normE: 100.00000762939453
2024-12-25 21:40:42,906 - Step 255, RSE_E: 0.17152084410190582, Loss_X_Ours: 103.30351257324219, normE: 99.99999237060547
2024-12-25 21:40:45,751 - Step 256, RSE_E: 0.1752951443195343, Loss_X_Ours: 103.3356704711914, normE: 99.99999237060547
2024-12-25 21:40:47,563 - Step 257, RSE_E: 0.17459602653980255, Loss_X_Ours: 103.390625, normE: 99.99999237060547
2024-12-25 21:40:50,405 - Step 258, RSE_E: 0.1768043488264084, Loss_X_Ours: 103.29608917236328, normE: 100.0
2024-12-25 21:40:53,243 - Step 259, RSE_E: 0.17588989436626434, Loss_X_Ours: 103.25432586669922, normE: 100.00000762939453
2024-12-25 21:40:53,799 - Step 260, RSE_E: 0.17350828647613525, Loss_X_Ours: 103.4578628540039, normE: 100.00000762939453
2024-12-25 21:40:56,626 - Step 261, RSE_E: 0.19882965087890625, Loss_X_Ours: 103.45561218261719, normE: 100.0
2024-12-25 21:40:58,511 - Step 262, RSE_E: 0.1709294468164444, Loss_X_Ours: 103.2919921875, normE: 99.99999237060547
2024-12-25 21:40:59,594 - Step 263, RSE_E: 0.1686861217021942, Loss_X_Ours: 103.40756225585938, normE: 100.00000762939453
2024-12-25 21:40:59,997 - Step 264, RSE_E: 0.16607941687107086, Loss_X_Ours: 103.46088409423828, normE: 100.00000762939453
2024-12-25 21:41:00,642 - Step 265, RSE_E: 0.16453219950199127, Loss_X_Ours: 103.54428100585938, normE: 100.00000762939453
2024-12-25 21:41:03,468 - Step 266, RSE_E: 0.17392778396606445, Loss_X_Ours: 103.5674819946289, normE: 100.00000762939453
2024-12-25 21:41:06,298 - Step 267, RSE_E: 0.1681877225637436, Loss_X_Ours: 103.49173736572266, normE: 100.00000762939453
2024-12-25 21:41:08,291 - Step 268, RSE_E: 0.172629714012146, Loss_X_Ours: 103.58201599121094, normE: 100.0
2024-12-25 21:41:09,449 - Step 269, RSE_E: 0.1670982837677002, Loss_X_Ours: 103.43587493896484, normE: 99.99999237060547
2024-12-25 21:41:12,286 - Step 270, RSE_E: 0.16690894961357117, Loss_X_Ours: 103.05750274658203, normE: 100.00000762939453
2024-12-25 21:41:13,566 - Step 271, RSE_E: 0.16378583014011383, Loss_X_Ours: 103.56412506103516, normE: 100.00000762939453
2024-12-25 21:41:14,132 - Step 272, RSE_E: 0.16046643257141113, Loss_X_Ours: 103.63092803955078, normE: 100.00000762939453
2024-12-25 21:41:14,736 - Step 273, RSE_E: 0.1601090431213379, Loss_X_Ours: 103.51823425292969, normE: 99.99999237060547
2024-12-25 21:41:16,717 - Step 274, RSE_E: 0.26725488901138306, Loss_X_Ours: 103.41049194335938, normE: 100.00000762939453
2024-12-25 21:41:19,556 - Step 275, RSE_E: 0.15972554683685303, Loss_X_Ours: 103.7195053100586, normE: 99.99999237060547
2024-12-25 21:41:19,714 - Step 276, RSE_E: 0.15671154856681824, Loss_X_Ours: 103.48933410644531, normE: 99.99999237060547
2024-12-25 21:41:22,541 - Step 277, RSE_E: 0.2761193513870239, Loss_X_Ours: 103.4317626953125, normE: 100.0
2024-12-25 21:41:25,356 - Step 278, RSE_E: 0.19813784956932068, Loss_X_Ours: 103.39730072021484, normE: 100.0
2024-12-25 21:41:26,409 - Step 279, RSE_E: 0.18309782445430756, Loss_X_Ours: 103.47266387939453, normE: 100.00000762939453
2024-12-25 21:41:27,316 - Step 280, RSE_E: 0.1730021834373474, Loss_X_Ours: 103.35103607177734, normE: 100.00000762939453
2024-12-25 21:41:30,155 - Step 281, RSE_E: 0.17034661769866943, Loss_X_Ours: 103.61998748779297, normE: 100.00000762939453
2024-12-25 21:41:31,756 - Step 282, RSE_E: 0.17997244000434875, Loss_X_Ours: 103.53837585449219, normE: 100.00000762939453
2024-12-25 21:41:33,213 - Step 283, RSE_E: 0.15914061665534973, Loss_X_Ours: 103.58668518066406, normE: 100.0
2024-12-25 21:41:34,504 - Step 284, RSE_E: 0.15524578094482422, Loss_X_Ours: 103.61012268066406, normE: 99.99999237060547
2024-12-25 21:41:35,563 - Step 285, RSE_E: 0.1550075113773346, Loss_X_Ours: 103.50440216064453, normE: 99.99999237060547
2024-12-25 21:41:38,399 - Step 286, RSE_E: 0.15775680541992188, Loss_X_Ours: 103.6973876953125, normE: 100.0
2024-12-25 21:41:38,417 - Step 287, RSE_E: 0.1516636461019516, Loss_X_Ours: 103.56043243408203, normE: 100.00000762939453
2024-12-25 21:41:41,237 - Step 288, RSE_E: 0.5290707945823669, Loss_X_Ours: 103.3528060913086, normE: 100.0
2024-12-25 21:41:42,231 - Step 289, RSE_E: 0.3656175136566162, Loss_X_Ours: 103.36426544189453, normE: 100.00000762939453
2024-12-25 21:41:42,983 - Step 290, RSE_E: 0.3084106147289276, Loss_X_Ours: 103.55879974365234, normE: 100.00000762939453
2024-12-25 21:41:43,636 - Step 291, RSE_E: 0.2692102789878845, Loss_X_Ours: 103.38928985595703, normE: 99.99999237060547
2024-12-25 21:41:43,689 - Step 292, RSE_E: 0.24300119280815125, Loss_X_Ours: 103.39559173583984, normE: 100.0
2024-12-25 21:41:46,509 - Step 293, RSE_E: 0.21249525249004364, Loss_X_Ours: 103.50240325927734, normE: 100.00000762939453
2024-12-25 21:41:47,822 - Step 294, RSE_E: 0.2053472250699997, Loss_X_Ours: 103.40498352050781, normE: 99.99999237060547
2024-12-25 21:41:47,940 - Step 295, RSE_E: 0.18881534039974213, Loss_X_Ours: 103.51974487304688, normE: 99.99999237060547
2024-12-25 21:41:48,114 - Step 296, RSE_E: 0.1751168668270111, Loss_X_Ours: 103.38910675048828, normE: 100.0
2024-12-25 21:41:48,682 - Step 297, RSE_E: 0.16505973041057587, Loss_X_Ours: 103.46514129638672, normE: 100.0
2024-12-25 21:41:49,282 - Step 298, RSE_E: 0.15738099813461304, Loss_X_Ours: 103.57881927490234, normE: 100.0
2024-12-25 21:41:50,618 - Step 299, RSE_E: 0.15525169670581818, Loss_X_Ours: 103.43233489990234, normE: 100.0
2024-12-25 21:41:52,521 - Comparison Step 0, Loss_X_TNG: 39.14237594604492, normE: 100.00000762939453
2024-12-25 21:41:53,772 - Comparison Step 1, Loss_X_TNG: 36.75539016723633, normE: 100.0
2024-12-25 21:41:53,925 - Comparison Step 2, Loss_X_TNG: 36.0455322265625, normE: 100.0
2024-12-25 21:41:56,713 - Comparison Step 3, Loss_X_TNG: 36.53373336791992, normE: 99.99999237060547
2024-12-25 21:41:57,881 - Comparison Step 4, Loss_X_TNG: 36.68794631958008, normE: 100.0
2024-12-25 21:41:59,615 - Comparison Step 5, Loss_X_TNG: 36.39851379394531, normE: 100.0
2024-12-25 21:42:01,455 - Comparison Step 6, Loss_X_TNG: 36.062721252441406, normE: 100.0
2024-12-25 21:42:03,305 - Comparison Step 7, Loss_X_TNG: 35.601139068603516, normE: 100.0
2024-12-25 21:42:06,131 - Comparison Step 8, Loss_X_TNG: 35.843448638916016, normE: 100.0
2024-12-25 21:42:08,176 - Comparison Step 9, Loss_X_TNG: 35.5554084777832, normE: 100.0
2024-12-25 21:42:10,964 - Comparison Step 10, Loss_X_TNG: 35.45812225341797, normE: 99.99999237060547
2024-12-25 21:42:13,766 - Comparison Step 11, Loss_X_TNG: 35.87483215332031, normE: 100.0
2024-12-25 21:42:15,045 - Comparison Step 12, Loss_X_TNG: 35.50770950317383, normE: 100.0
2024-12-25 21:42:17,836 - Comparison Step 13, Loss_X_TNG: 35.68529510498047, normE: 99.99999237060547
2024-12-25 21:42:20,637 - Comparison Step 14, Loss_X_TNG: 35.349369049072266, normE: 100.00000762939453
2024-12-25 21:42:23,423 - Comparison Step 15, Loss_X_TNG: 35.774253845214844, normE: 100.00000762939453
2024-12-25 21:42:25,011 - Comparison Step 16, Loss_X_TNG: 35.43096160888672, normE: 99.99999237060547
2024-12-25 21:42:27,798 - Comparison Step 17, Loss_X_TNG: 35.56803894042969, normE: 100.00000762939453
2024-12-25 21:42:30,607 - Comparison Step 18, Loss_X_TNG: 35.506412506103516, normE: 100.0
2024-12-25 21:42:33,406 - Comparison Step 19, Loss_X_TNG: 35.51436233520508, normE: 100.0
2024-12-25 21:42:36,226 - Comparison Step 20, Loss_X_TNG: 35.39578628540039, normE: 99.99999237060547
2024-12-25 21:42:39,039 - Comparison Step 21, Loss_X_TNG: 35.25009536743164, normE: 99.99999237060547
2024-12-25 21:42:40,899 - Comparison Step 22, Loss_X_TNG: 35.3936882019043, normE: 99.99999237060547
2024-12-25 21:42:42,222 - Comparison Step 23, Loss_X_TNG: 35.905029296875, normE: 99.99999237060547
2024-12-25 21:42:44,748 - Comparison Step 24, Loss_X_TNG: 35.37726593017578, normE: 100.00000762939453
2024-12-25 21:42:46,846 - Comparison Step 25, Loss_X_TNG: 35.30778884887695, normE: 99.99999237060547
2024-12-25 21:42:49,663 - Comparison Step 26, Loss_X_TNG: 35.2850456237793, normE: 100.0
2024-12-25 21:42:51,263 - Comparison Step 27, Loss_X_TNG: 35.1074104309082, normE: 100.00000762939453
2024-12-25 21:42:52,423 - Comparison Step 28, Loss_X_TNG: 35.22098922729492, normE: 100.0
2024-12-25 21:42:54,546 - Comparison Step 29, Loss_X_TNG: 35.70359802246094, normE: 99.99999237060547
2024-12-25 21:42:55,798 - Comparison Step 30, Loss_X_TNG: 35.57846450805664, normE: 100.00000762939453
2024-12-25 21:42:57,733 - Comparison Step 31, Loss_X_TNG: 35.206764221191406, normE: 100.00000762939453
2024-12-25 21:42:58,705 - Comparison Step 32, Loss_X_TNG: 34.987247467041016, normE: 100.0
2024-12-25 21:43:00,252 - Comparison Step 33, Loss_X_TNG: 35.35591125488281, normE: 100.0
2024-12-25 21:43:02,892 - Comparison Step 34, Loss_X_TNG: 35.78208923339844, normE: 99.99999237060547
2024-12-25 21:43:04,443 - Comparison Step 35, Loss_X_TNG: 35.455509185791016, normE: 100.0
2024-12-25 21:43:07,246 - Comparison Step 36, Loss_X_TNG: 35.20173263549805, normE: 100.0
2024-12-25 21:43:08,789 - Comparison Step 37, Loss_X_TNG: 35.00314712524414, normE: 100.0
2024-12-25 21:43:10,257 - Comparison Step 38, Loss_X_TNG: 35.909828186035156, normE: 100.00000762939453
2024-12-25 21:43:11,527 - Comparison Step 39, Loss_X_TNG: 35.09211349487305, normE: 100.0
2024-12-25 21:43:14,319 - Comparison Step 40, Loss_X_TNG: 35.148738861083984, normE: 99.99999237060547
2024-12-25 21:43:16,139 - Comparison Step 41, Loss_X_TNG: 34.9915657043457, normE: 99.99999237060547
2024-12-25 21:43:18,943 - Comparison Step 42, Loss_X_TNG: 35.09954071044922, normE: 100.0
2024-12-25 21:43:21,479 - Comparison Step 43, Loss_X_TNG: 35.36655807495117, normE: 100.00000762939453
2024-12-25 21:43:24,282 - Comparison Step 44, Loss_X_TNG: 35.3020133972168, normE: 100.0
2024-12-25 21:43:27,093 - Comparison Step 45, Loss_X_TNG: 35.287105560302734, normE: 100.00000762939453
2024-12-25 21:43:29,154 - Comparison Step 46, Loss_X_TNG: 35.495914459228516, normE: 100.00000762939453
2024-12-25 21:43:31,957 - Comparison Step 47, Loss_X_TNG: 35.664669036865234, normE: 99.99999237060547
2024-12-25 21:43:34,394 - Comparison Step 48, Loss_X_TNG: 35.29907989501953, normE: 100.0
2024-12-25 21:43:37,097 - Comparison Step 49, Loss_X_TNG: 35.38504409790039, normE: 100.00000762939453
2024-12-25 21:43:39,923 - Comparison Step 50, Loss_X_TNG: 35.27108383178711, normE: 100.00000762939453
2024-12-25 21:43:40,765 - Comparison Step 51, Loss_X_TNG: 34.497676849365234, normE: 100.0
2024-12-25 21:43:43,595 - Comparison Step 52, Loss_X_TNG: 35.00020980834961, normE: 100.0
2024-12-25 21:43:45,819 - Comparison Step 53, Loss_X_TNG: 35.286373138427734, normE: 100.00000762939453
2024-12-25 21:43:48,097 - Comparison Step 54, Loss_X_TNG: 35.252193450927734, normE: 99.99999237060547
2024-12-25 21:43:50,930 - Comparison Step 55, Loss_X_TNG: 35.371826171875, normE: 100.0
2024-12-25 21:43:53,759 - Comparison Step 56, Loss_X_TNG: 35.065853118896484, normE: 100.00000762939453
2024-12-25 21:43:55,619 - Comparison Step 57, Loss_X_TNG: 35.201133728027344, normE: 100.00000762939453
2024-12-25 21:43:58,445 - Comparison Step 58, Loss_X_TNG: 34.970638275146484, normE: 100.0
2024-12-25 21:44:00,252 - Comparison Step 59, Loss_X_TNG: 35.3282356262207, normE: 100.0
2024-12-25 21:44:03,060 - Comparison Step 60, Loss_X_TNG: 34.97038269042969, normE: 100.0
2024-12-25 21:44:04,211 - Comparison Step 61, Loss_X_TNG: 34.98234176635742, normE: 100.0
2024-12-25 21:44:07,027 - Comparison Step 62, Loss_X_TNG: 35.4034538269043, normE: 100.0
2024-12-25 21:44:08,439 - Comparison Step 63, Loss_X_TNG: 34.926658630371094, normE: 100.00000762939453
2024-12-25 21:44:11,260 - Comparison Step 64, Loss_X_TNG: 35.2520637512207, normE: 100.0
2024-12-25 21:44:14,067 - Comparison Step 65, Loss_X_TNG: 35.59858703613281, normE: 100.0
2024-12-25 21:44:16,874 - Comparison Step 66, Loss_X_TNG: 35.042144775390625, normE: 100.00000762939453
2024-12-25 21:44:19,690 - Comparison Step 67, Loss_X_TNG: 35.30445861816406, normE: 100.0
2024-12-25 21:44:22,109 - Comparison Step 68, Loss_X_TNG: 35.09089279174805, normE: 100.0
2024-12-25 21:44:24,221 - Comparison Step 69, Loss_X_TNG: 35.06891632080078, normE: 100.0
2024-12-25 21:44:26,789 - Comparison Step 70, Loss_X_TNG: 34.932037353515625, normE: 99.99999237060547
2024-12-25 21:44:29,126 - Comparison Step 71, Loss_X_TNG: 35.08949279785156, normE: 100.0
2024-12-25 21:44:31,945 - Comparison Step 72, Loss_X_TNG: 34.85224151611328, normE: 100.0
2024-12-25 21:44:34,406 - Comparison Step 73, Loss_X_TNG: 35.081809997558594, normE: 100.00000762939453
2024-12-25 21:44:36,214 - Comparison Step 74, Loss_X_TNG: 34.89691925048828, normE: 100.00000762939453
2024-12-25 21:44:38,487 - Comparison Step 75, Loss_X_TNG: 34.608863830566406, normE: 100.00000762939453
2024-12-25 21:44:41,333 - Comparison Step 76, Loss_X_TNG: 35.32830810546875, normE: 100.0
2024-12-25 21:44:42,407 - Comparison Step 77, Loss_X_TNG: 35.182167053222656, normE: 99.99999237060547
2024-12-25 21:44:44,948 - Comparison Step 78, Loss_X_TNG: 35.436134338378906, normE: 100.00000762939453
2024-12-25 21:44:46,716 - Comparison Step 79, Loss_X_TNG: 35.31153106689453, normE: 99.99999237060547
2024-12-25 21:44:49,541 - Comparison Step 80, Loss_X_TNG: 34.93783950805664, normE: 99.99999237060547
2024-12-25 21:44:51,850 - Comparison Step 81, Loss_X_TNG: 35.15034484863281, normE: 100.0
2024-12-25 21:44:54,553 - Comparison Step 82, Loss_X_TNG: 35.32758331298828, normE: 100.00000762939453
2024-12-25 21:44:56,300 - Comparison Step 83, Loss_X_TNG: 34.95930099487305, normE: 100.00000762939453
2024-12-25 21:44:58,460 - Comparison Step 84, Loss_X_TNG: 34.705810546875, normE: 99.99999237060547
2024-12-25 21:45:01,045 - Comparison Step 85, Loss_X_TNG: 34.55964660644531, normE: 100.00000762939453
2024-12-25 21:45:03,869 - Comparison Step 86, Loss_X_TNG: 35.36912536621094, normE: 100.0
2024-12-25 21:45:04,887 - Comparison Step 87, Loss_X_TNG: 35.34717559814453, normE: 100.00000762939453
2024-12-25 21:45:06,945 - Comparison Step 88, Loss_X_TNG: 35.15741729736328, normE: 100.00000762939453
2024-12-25 21:45:09,758 - Comparison Step 89, Loss_X_TNG: 34.966285705566406, normE: 100.0
2024-12-25 21:45:12,558 - Comparison Step 90, Loss_X_TNG: 34.8408317565918, normE: 99.99999237060547
2024-12-25 21:45:14,650 - Comparison Step 91, Loss_X_TNG: 34.695255279541016, normE: 100.0
2024-12-25 21:45:16,330 - Comparison Step 92, Loss_X_TNG: 34.64031219482422, normE: 100.0
2024-12-25 21:45:19,136 - Comparison Step 93, Loss_X_TNG: 35.2584114074707, normE: 99.99999237060547
2024-12-25 21:45:21,933 - Comparison Step 94, Loss_X_TNG: 35.15098571777344, normE: 100.00000762939453
2024-12-25 21:45:24,522 - Comparison Step 95, Loss_X_TNG: 34.82175064086914, normE: 99.99999237060547
2024-12-25 21:45:25,437 - Comparison Step 96, Loss_X_TNG: 34.55683898925781, normE: 100.00000762939453
2024-12-25 21:45:27,228 - Comparison Step 97, Loss_X_TNG: 35.27305603027344, normE: 100.00000762939453
2024-12-25 21:45:30,061 - Comparison Step 98, Loss_X_TNG: 35.228172302246094, normE: 100.0
2024-12-25 21:45:32,880 - Comparison Step 99, Loss_X_TNG: 34.510135650634766, normE: 100.0
2024-12-25 21:45:35,699 - Comparison Step 100, Loss_X_TNG: 34.87885665893555, normE: 100.00000762939453
2024-12-25 21:45:38,426 - Comparison Step 101, Loss_X_TNG: 34.9203987121582, normE: 100.0
2024-12-25 21:45:41,235 - Comparison Step 102, Loss_X_TNG: 35.021629333496094, normE: 99.99999237060547
2024-12-25 21:45:44,046 - Comparison Step 103, Loss_X_TNG: 35.46187210083008, normE: 100.00000762939453
2024-12-25 21:45:46,873 - Comparison Step 104, Loss_X_TNG: 35.373252868652344, normE: 100.00000762939453
2024-12-25 21:45:49,708 - Comparison Step 105, Loss_X_TNG: 35.137115478515625, normE: 100.0
2024-12-25 21:45:52,555 - Comparison Step 106, Loss_X_TNG: 34.927364349365234, normE: 99.99999237060547
2024-12-25 21:45:54,162 - Comparison Step 107, Loss_X_TNG: 34.921974182128906, normE: 99.99999237060547
2024-12-25 21:45:57,008 - Comparison Step 108, Loss_X_TNG: 35.333641052246094, normE: 100.0
2024-12-25 21:45:58,765 - Comparison Step 109, Loss_X_TNG: 34.856510162353516, normE: 99.99999237060547
2024-12-25 21:46:01,603 - Comparison Step 110, Loss_X_TNG: 35.330074310302734, normE: 100.00000762939453
2024-12-25 21:46:01,886 - Comparison Step 111, Loss_X_TNG: 34.66647720336914, normE: 100.00000762939453
2024-12-25 21:46:04,737 - Comparison Step 112, Loss_X_TNG: 35.29066848754883, normE: 99.99999237060547
2024-12-25 21:46:07,582 - Comparison Step 113, Loss_X_TNG: 35.6954345703125, normE: 99.99999237060547
2024-12-25 21:46:09,950 - Comparison Step 114, Loss_X_TNG: 35.35210037231445, normE: 100.00000762939453
2024-12-25 21:46:12,792 - Comparison Step 115, Loss_X_TNG: 34.63323211669922, normE: 100.00000762939453
2024-12-25 21:46:15,636 - Comparison Step 116, Loss_X_TNG: 34.931640625, normE: 100.00000762939453
2024-12-25 21:46:16,548 - Comparison Step 117, Loss_X_TNG: 34.701045989990234, normE: 100.0
2024-12-25 21:46:18,783 - Comparison Step 118, Loss_X_TNG: 35.39790725708008, normE: 99.99999237060547
2024-12-25 21:46:20,330 - Comparison Step 119, Loss_X_TNG: 35.303794860839844, normE: 99.99999237060547
2024-12-25 21:46:21,063 - Comparison Step 120, Loss_X_TNG: 34.84195327758789, normE: 99.99999237060547
2024-12-25 21:46:22,031 - Comparison Step 121, Loss_X_TNG: 35.371246337890625, normE: 100.0
2024-12-25 21:46:24,866 - Comparison Step 122, Loss_X_TNG: 35.57207107543945, normE: 100.0
2024-12-25 21:46:27,102 - Comparison Step 123, Loss_X_TNG: 35.59257888793945, normE: 99.99999237060547
2024-12-25 21:46:28,355 - Comparison Step 124, Loss_X_TNG: 35.37407684326172, normE: 100.0
2024-12-25 21:46:30,698 - Comparison Step 125, Loss_X_TNG: 35.30565643310547, normE: 100.0
2024-12-25 21:46:33,023 - Comparison Step 126, Loss_X_TNG: 35.42070388793945, normE: 99.99999237060547
2024-12-25 21:46:35,866 - Comparison Step 127, Loss_X_TNG: 34.404850006103516, normE: 100.0
2024-12-25 21:46:37,051 - Comparison Step 128, Loss_X_TNG: 34.84881591796875, normE: 99.99999237060547
2024-12-25 21:46:37,997 - Comparison Step 129, Loss_X_TNG: 34.80197525024414, normE: 100.0
2024-12-25 21:46:39,652 - Comparison Step 130, Loss_X_TNG: 35.166343688964844, normE: 99.99999237060547
2024-12-25 21:46:42,495 - Comparison Step 131, Loss_X_TNG: 35.15498352050781, normE: 100.00000762939453
2024-12-25 21:46:43,414 - Comparison Step 132, Loss_X_TNG: 34.4450798034668, normE: 100.00000762939453
2024-12-25 21:46:46,218 - Comparison Step 133, Loss_X_TNG: 34.66868209838867, normE: 100.00000762939453
2024-12-25 21:46:48,066 - Comparison Step 134, Loss_X_TNG: 34.774192810058594, normE: 99.99999237060547
2024-12-25 21:46:50,878 - Comparison Step 135, Loss_X_TNG: 35.09779357910156, normE: 100.00000762939453
2024-12-25 21:46:53,712 - Comparison Step 136, Loss_X_TNG: 35.208866119384766, normE: 99.99999237060547
2024-12-25 21:46:55,861 - Comparison Step 137, Loss_X_TNG: 35.07758331298828, normE: 99.99999237060547
2024-12-25 21:46:58,698 - Comparison Step 138, Loss_X_TNG: 34.9400749206543, normE: 99.99999237060547
2024-12-25 21:46:59,859 - Comparison Step 139, Loss_X_TNG: 35.09135818481445, normE: 100.00000762939453
2024-12-25 21:47:02,076 - Comparison Step 140, Loss_X_TNG: 34.91963195800781, normE: 99.99999237060547
2024-12-25 21:47:04,872 - Comparison Step 141, Loss_X_TNG: 35.17290115356445, normE: 100.0
2024-12-25 21:47:07,670 - Comparison Step 142, Loss_X_TNG: 35.46982192993164, normE: 99.99999237060547
2024-12-25 21:47:10,488 - Comparison Step 143, Loss_X_TNG: 34.75114822387695, normE: 100.0
2024-12-25 21:47:13,310 - Comparison Step 144, Loss_X_TNG: 34.95543670654297, normE: 100.0
2024-12-25 21:47:15,339 - Comparison Step 145, Loss_X_TNG: 34.85111999511719, normE: 100.0
2024-12-25 21:47:18,163 - Comparison Step 146, Loss_X_TNG: 35.19768142700195, normE: 100.0
2024-12-25 21:47:20,819 - Comparison Step 147, Loss_X_TNG: 34.92781066894531, normE: 99.99999237060547
2024-12-25 21:47:23,628 - Comparison Step 148, Loss_X_TNG: 34.590110778808594, normE: 100.0
2024-12-25 21:47:26,103 - Comparison Step 149, Loss_X_TNG: 34.43222427368164, normE: 100.0
2024-12-25 21:47:28,131 - Comparison Step 150, Loss_X_TNG: 34.96733093261719, normE: 99.99999237060547
2024-12-25 21:47:30,940 - Comparison Step 151, Loss_X_TNG: 34.691925048828125, normE: 100.00000762939453
2024-12-25 21:47:33,728 - Comparison Step 152, Loss_X_TNG: 34.92905807495117, normE: 100.0
2024-12-25 21:47:35,831 - Comparison Step 153, Loss_X_TNG: 35.408241271972656, normE: 100.00000762939453
2024-12-25 21:47:38,216 - Comparison Step 154, Loss_X_TNG: 35.19405746459961, normE: 100.00000762939453
2024-12-25 21:47:40,167 - Comparison Step 155, Loss_X_TNG: 35.255775451660156, normE: 100.00000762939453
2024-12-25 21:47:41,884 - Comparison Step 156, Loss_X_TNG: 35.02873611450195, normE: 99.99999237060547
2024-12-25 21:47:44,711 - Comparison Step 157, Loss_X_TNG: 34.6970329284668, normE: 100.00000762939453
2024-12-25 21:47:47,548 - Comparison Step 158, Loss_X_TNG: 35.58201217651367, normE: 99.99999237060547
2024-12-25 21:47:50,382 - Comparison Step 159, Loss_X_TNG: 34.6934700012207, normE: 100.00000762939453
2024-12-25 21:47:52,942 - Comparison Step 160, Loss_X_TNG: 34.49233627319336, normE: 99.99999237060547
2024-12-25 21:47:54,926 - Comparison Step 161, Loss_X_TNG: 34.22779846191406, normE: 100.00000762939453
2024-12-25 21:47:57,736 - Comparison Step 162, Loss_X_TNG: 34.66332244873047, normE: 100.00000762939453
2024-12-25 21:48:00,559 - Comparison Step 163, Loss_X_TNG: 34.61274719238281, normE: 99.99999237060547
2024-12-25 21:48:03,367 - Comparison Step 164, Loss_X_TNG: 35.06817626953125, normE: 99.99999237060547
2024-12-25 21:48:06,181 - Comparison Step 165, Loss_X_TNG: 34.53236389160156, normE: 100.0
2024-12-25 21:48:09,004 - Comparison Step 166, Loss_X_TNG: 34.8468132019043, normE: 100.00000762939453
2024-12-25 21:48:11,812 - Comparison Step 167, Loss_X_TNG: 34.70206069946289, normE: 100.0
2024-12-25 21:48:13,530 - Comparison Step 168, Loss_X_TNG: 34.90827941894531, normE: 100.00000762939453
2024-12-25 21:48:15,607 - Comparison Step 169, Loss_X_TNG: 34.83421325683594, normE: 100.00000762939453
2024-12-25 21:48:17,610 - Comparison Step 170, Loss_X_TNG: 34.96345520019531, normE: 99.99999237060547
2024-12-25 21:48:20,051 - Comparison Step 171, Loss_X_TNG: 34.964359283447266, normE: 99.99999237060547
2024-12-25 21:48:22,220 - Comparison Step 172, Loss_X_TNG: 34.5064811706543, normE: 99.99999237060547
2024-12-25 21:48:24,500 - Comparison Step 173, Loss_X_TNG: 34.83710479736328, normE: 99.99999237060547
2024-12-25 21:48:26,952 - Comparison Step 174, Loss_X_TNG: 34.432830810546875, normE: 100.0
2024-12-25 21:48:29,788 - Comparison Step 175, Loss_X_TNG: 34.89452362060547, normE: 99.99999237060547
2024-12-25 21:48:30,642 - Comparison Step 176, Loss_X_TNG: 34.87211227416992, normE: 100.0
2024-12-25 21:48:31,737 - Comparison Step 177, Loss_X_TNG: 34.72747039794922, normE: 100.0
2024-12-25 21:48:33,567 - Comparison Step 178, Loss_X_TNG: 34.955780029296875, normE: 100.0
2024-12-25 21:48:34,027 - Comparison Step 179, Loss_X_TNG: 34.33335876464844, normE: 100.00000762939453
2024-12-25 21:48:36,858 - Comparison Step 180, Loss_X_TNG: 34.99283981323242, normE: 100.0
2024-12-25 21:48:39,676 - Comparison Step 181, Loss_X_TNG: 35.487030029296875, normE: 99.99999237060547
2024-12-25 21:48:42,488 - Comparison Step 182, Loss_X_TNG: 34.85106658935547, normE: 100.00000762939453
2024-12-25 21:48:45,311 - Comparison Step 183, Loss_X_TNG: 35.66878128051758, normE: 99.99999237060547
2024-12-25 21:48:48,123 - Comparison Step 184, Loss_X_TNG: 34.23551559448242, normE: 99.99999237060547
2024-12-25 21:48:49,812 - Comparison Step 185, Loss_X_TNG: 34.68906784057617, normE: 100.0
2024-12-25 21:48:51,762 - Comparison Step 186, Loss_X_TNG: 34.51279830932617, normE: 100.0
2024-12-25 21:48:53,508 - Comparison Step 187, Loss_X_TNG: 35.13307571411133, normE: 100.0
2024-12-25 21:48:56,153 - Comparison Step 188, Loss_X_TNG: 34.81804656982422, normE: 99.99999237060547
2024-12-25 21:48:59,007 - Comparison Step 189, Loss_X_TNG: 34.632484436035156, normE: 99.99999237060547
2024-12-25 21:49:01,256 - Comparison Step 190, Loss_X_TNG: 34.41027069091797, normE: 100.0
2024-12-25 21:49:02,874 - Comparison Step 191, Loss_X_TNG: 34.45000457763672, normE: 100.00000762939453
2024-12-25 21:49:05,722 - Comparison Step 192, Loss_X_TNG: 35.01787185668945, normE: 99.99999237060547
2024-12-25 21:49:08,098 - Comparison Step 193, Loss_X_TNG: 34.81540298461914, normE: 99.99999237060547
2024-12-25 21:49:09,400 - Comparison Step 194, Loss_X_TNG: 34.991512298583984, normE: 99.99999237060547
2024-12-25 21:49:12,223 - Comparison Step 195, Loss_X_TNG: 35.055381774902344, normE: 100.0
2024-12-25 21:49:14,704 - Comparison Step 196, Loss_X_TNG: 34.495361328125, normE: 100.00000762939453
2024-12-25 21:49:16,237 - Comparison Step 197, Loss_X_TNG: 34.27701950073242, normE: 100.00000762939453
2024-12-25 21:49:18,728 - Comparison Step 198, Loss_X_TNG: 34.82453155517578, normE: 100.00000762939453
2024-12-25 21:49:20,909 - Comparison Step 199, Loss_X_TNG: 35.108333587646484, normE: 100.00000762939453
2024-12-25 21:49:21,964 - Comparison Step 200, Loss_X_TNG: 34.6435546875, normE: 99.99999237060547
2024-12-25 21:49:24,604 - Comparison Step 201, Loss_X_TNG: 35.445621490478516, normE: 100.00000762939453
2024-12-25 21:49:25,325 - Comparison Step 202, Loss_X_TNG: 33.74334716796875, normE: 99.99999237060547
2024-12-25 21:49:26,255 - Comparison Step 203, Loss_X_TNG: 34.3697509765625, normE: 100.00000762939453
2024-12-25 21:49:29,098 - Comparison Step 204, Loss_X_TNG: 35.59444808959961, normE: 100.00000762939453
2024-12-25 21:49:30,847 - Comparison Step 205, Loss_X_TNG: 35.11416244506836, normE: 100.0
2024-12-25 21:49:32,275 - Comparison Step 206, Loss_X_TNG: 34.34798049926758, normE: 100.0
2024-12-25 21:49:34,292 - Comparison Step 207, Loss_X_TNG: 34.995784759521484, normE: 100.0
2024-12-25 21:49:35,111 - Comparison Step 208, Loss_X_TNG: 34.812469482421875, normE: 100.00000762939453
2024-12-25 21:49:37,089 - Comparison Step 209, Loss_X_TNG: 34.8607292175293, normE: 99.99999237060547
2024-12-25 21:49:38,275 - Comparison Step 210, Loss_X_TNG: 34.82728576660156, normE: 100.0
2024-12-25 21:49:40,322 - Comparison Step 211, Loss_X_TNG: 34.24291229248047, normE: 100.0
2024-12-25 21:49:43,151 - Comparison Step 212, Loss_X_TNG: 35.281715393066406, normE: 99.99999237060547
2024-12-25 21:49:45,978 - Comparison Step 213, Loss_X_TNG: 35.05718231201172, normE: 99.99999237060547
2024-12-25 21:49:48,796 - Comparison Step 214, Loss_X_TNG: 35.08049011230469, normE: 99.99999237060547
2024-12-25 21:49:50,324 - Comparison Step 215, Loss_X_TNG: 34.64840316772461, normE: 100.0
2024-12-25 21:49:53,151 - Comparison Step 216, Loss_X_TNG: 34.83050537109375, normE: 100.00000762939453
2024-12-25 21:49:55,980 - Comparison Step 217, Loss_X_TNG: 34.50416946411133, normE: 100.0
2024-12-25 21:49:57,027 - Comparison Step 218, Loss_X_TNG: 34.54864501953125, normE: 100.0
2024-12-25 21:49:59,730 - Comparison Step 219, Loss_X_TNG: 34.89593505859375, normE: 100.00000762939453
2024-12-25 21:50:01,824 - Comparison Step 220, Loss_X_TNG: 34.289581298828125, normE: 99.99999237060547
2024-12-25 21:50:04,651 - Comparison Step 221, Loss_X_TNG: 34.49816131591797, normE: 100.00000762939453
2024-12-25 21:50:07,487 - Comparison Step 222, Loss_X_TNG: 34.91649627685547, normE: 100.0
2024-12-25 21:50:10,315 - Comparison Step 223, Loss_X_TNG: 35.25360107421875, normE: 100.0
2024-12-25 21:50:12,805 - Comparison Step 224, Loss_X_TNG: 34.338871002197266, normE: 100.0
2024-12-25 21:50:13,511 - Comparison Step 225, Loss_X_TNG: 33.597469329833984, normE: 100.00000762939453
2024-12-25 21:50:14,794 - Comparison Step 226, Loss_X_TNG: 35.257911682128906, normE: 100.00000762939453
2024-12-25 21:50:16,791 - Comparison Step 227, Loss_X_TNG: 35.28646469116211, normE: 100.0
2024-12-25 21:50:19,623 - Comparison Step 228, Loss_X_TNG: 35.02145767211914, normE: 100.0
2024-12-25 21:50:21,743 - Comparison Step 229, Loss_X_TNG: 34.46125030517578, normE: 99.99998474121094
2024-12-25 21:50:24,572 - Comparison Step 230, Loss_X_TNG: 34.86225891113281, normE: 99.99999237060547
2024-12-25 21:50:27,250 - Comparison Step 231, Loss_X_TNG: 34.92612838745117, normE: 100.0
2024-12-25 21:50:28,895 - Comparison Step 232, Loss_X_TNG: 34.388973236083984, normE: 100.00000762939453
2024-12-25 21:50:31,482 - Comparison Step 233, Loss_X_TNG: 35.17270278930664, normE: 99.99999237060547
2024-12-25 21:50:33,227 - Comparison Step 234, Loss_X_TNG: 34.49256134033203, normE: 100.00000762939453
2024-12-25 21:50:35,742 - Comparison Step 235, Loss_X_TNG: 34.46341323852539, normE: 99.99999237060547
2024-12-25 21:50:37,145 - Comparison Step 236, Loss_X_TNG: 33.972076416015625, normE: 100.0
2024-12-25 21:50:39,960 - Comparison Step 237, Loss_X_TNG: 35.02509307861328, normE: 100.0
2024-12-25 21:50:41,812 - Comparison Step 238, Loss_X_TNG: 34.77925491333008, normE: 100.0
2024-12-25 21:50:43,557 - Comparison Step 239, Loss_X_TNG: 34.85173416137695, normE: 100.0
2024-12-25 21:50:44,892 - Comparison Step 240, Loss_X_TNG: 34.2521858215332, normE: 100.0
2024-12-25 21:50:47,721 - Comparison Step 241, Loss_X_TNG: 35.248252868652344, normE: 100.00000762939453
2024-12-25 21:50:50,377 - Comparison Step 242, Loss_X_TNG: 34.892784118652344, normE: 99.99999237060547
2024-12-25 21:50:53,208 - Comparison Step 243, Loss_X_TNG: 34.85110855102539, normE: 100.0
2024-12-25 21:50:54,279 - Comparison Step 244, Loss_X_TNG: 34.117671966552734, normE: 99.99999237060547
2024-12-25 21:50:57,097 - Comparison Step 245, Loss_X_TNG: 34.80279541015625, normE: 99.99999237060547
2024-12-25 21:50:58,842 - Comparison Step 246, Loss_X_TNG: 34.79624557495117, normE: 100.0
2024-12-25 21:51:01,580 - Comparison Step 247, Loss_X_TNG: 34.857276916503906, normE: 100.0
2024-12-25 21:51:04,393 - Comparison Step 248, Loss_X_TNG: 35.592262268066406, normE: 100.0
2024-12-25 21:51:07,158 - Comparison Step 249, Loss_X_TNG: 34.378013610839844, normE: 99.99999237060547
2024-12-25 21:51:09,713 - Comparison Step 250, Loss_X_TNG: 34.66043472290039, normE: 100.00000762939453
2024-12-25 21:51:11,386 - Comparison Step 251, Loss_X_TNG: 35.359378814697266, normE: 100.0
2024-12-25 21:51:14,218 - Comparison Step 252, Loss_X_TNG: 34.96800231933594, normE: 99.99999237060547
2024-12-25 21:51:16,788 - Comparison Step 253, Loss_X_TNG: 34.82975769042969, normE: 100.0
2024-12-25 21:51:19,622 - Comparison Step 254, Loss_X_TNG: 34.49146270751953, normE: 100.0
2024-12-25 21:51:22,250 - Comparison Step 255, Loss_X_TNG: 34.99662399291992, normE: 100.0
2024-12-25 21:51:24,044 - Comparison Step 256, Loss_X_TNG: 34.687618255615234, normE: 100.00000762939453
2024-12-25 21:51:26,884 - Comparison Step 257, Loss_X_TNG: 34.67475128173828, normE: 100.0
2024-12-25 21:51:29,623 - Comparison Step 258, Loss_X_TNG: 34.225257873535156, normE: 99.99999237060547
2024-12-25 21:51:32,456 - Comparison Step 259, Loss_X_TNG: 34.80821990966797, normE: 100.00000762939453
2024-12-25 21:51:35,102 - Comparison Step 260, Loss_X_TNG: 34.85807418823242, normE: 100.00000762939453
2024-12-25 21:51:37,944 - Comparison Step 261, Loss_X_TNG: 34.45567321777344, normE: 99.99999237060547
2024-12-25 21:51:39,013 - Comparison Step 262, Loss_X_TNG: 34.73195266723633, normE: 100.00000762939453
2024-12-25 21:51:39,972 - Comparison Step 263, Loss_X_TNG: 34.40840530395508, normE: 100.0
2024-12-25 21:51:42,483 - Comparison Step 264, Loss_X_TNG: 35.34550476074219, normE: 100.0
2024-12-25 21:51:45,323 - Comparison Step 265, Loss_X_TNG: 35.11328887939453, normE: 100.0
2024-12-25 21:51:47,332 - Comparison Step 266, Loss_X_TNG: 34.50526428222656, normE: 99.99999237060547
2024-12-25 21:51:50,151 - Comparison Step 267, Loss_X_TNG: 34.29935073852539, normE: 99.99999237060547
2024-12-25 21:51:51,660 - Comparison Step 268, Loss_X_TNG: 34.29848861694336, normE: 100.00000762939453
2024-12-25 21:51:52,493 - Comparison Step 269, Loss_X_TNG: 34.24686050415039, normE: 99.99999237060547
2024-12-25 21:51:54,457 - Comparison Step 270, Loss_X_TNG: 35.158241271972656, normE: 99.99999237060547
2024-12-25 21:51:56,336 - Comparison Step 271, Loss_X_TNG: 34.47538757324219, normE: 100.00000762939453
2024-12-25 21:51:58,183 - Comparison Step 272, Loss_X_TNG: 34.946556091308594, normE: 100.0
2024-12-25 21:52:00,997 - Comparison Step 273, Loss_X_TNG: 34.611629486083984, normE: 100.0
2024-12-25 21:52:03,819 - Comparison Step 274, Loss_X_TNG: 34.6258430480957, normE: 100.0
2024-12-25 21:52:06,175 - Comparison Step 275, Loss_X_TNG: 34.85001754760742, normE: 100.00000762939453
2024-12-25 21:52:07,657 - Comparison Step 276, Loss_X_TNG: 34.58877944946289, normE: 100.0
2024-12-25 21:52:09,653 - Comparison Step 277, Loss_X_TNG: 35.047203063964844, normE: 100.0
2024-12-25 21:52:11,815 - Comparison Step 278, Loss_X_TNG: 34.48106002807617, normE: 100.0
2024-12-25 21:52:14,648 - Comparison Step 279, Loss_X_TNG: 34.99460220336914, normE: 99.99999237060547
2024-12-25 21:52:16,280 - Comparison Step 280, Loss_X_TNG: 35.43497848510742, normE: 99.99999237060547
2024-12-25 21:52:19,080 - Comparison Step 281, Loss_X_TNG: 35.35234069824219, normE: 100.00000762939453
2024-12-25 21:52:21,030 - Comparison Step 282, Loss_X_TNG: 34.361209869384766, normE: 100.00000762939453
2024-12-25 21:52:23,175 - Comparison Step 283, Loss_X_TNG: 34.69706344604492, normE: 100.0
2024-12-25 21:52:23,570 - Comparison Step 284, Loss_X_TNG: 33.79304504394531, normE: 100.0
2024-12-25 21:52:26,388 - Comparison Step 285, Loss_X_TNG: 34.638973236083984, normE: 100.00000762939453
2024-12-25 21:52:29,214 - Comparison Step 286, Loss_X_TNG: 34.717491149902344, normE: 100.00000762939453
2024-12-25 21:52:31,741 - Comparison Step 287, Loss_X_TNG: 35.13975143432617, normE: 100.00000762939453
2024-12-25 21:52:33,632 - Comparison Step 288, Loss_X_TNG: 34.978240966796875, normE: 100.00001525878906
2024-12-25 21:52:35,473 - Comparison Step 289, Loss_X_TNG: 34.64082717895508, normE: 100.0
2024-12-25 21:52:36,531 - Comparison Step 290, Loss_X_TNG: 34.38472366333008, normE: 100.00000762939453
2024-12-25 21:52:39,368 - Comparison Step 291, Loss_X_TNG: 35.25288009643555, normE: 99.99999237060547
2024-12-25 21:52:41,321 - Comparison Step 292, Loss_X_TNG: 34.580204010009766, normE: 99.99999237060547
2024-12-25 21:52:42,798 - Comparison Step 293, Loss_X_TNG: 35.02277755737305, normE: 100.0
2024-12-25 21:52:44,180 - Comparison Step 294, Loss_X_TNG: 34.720829010009766, normE: 100.00000762939453
2024-12-25 21:52:47,238 - Comparison Step 295, Loss_X_TNG: 35.047908782958984, normE: 100.0
2024-12-25 21:52:49,955 - Comparison Step 296, Loss_X_TNG: 35.133785247802734, normE: 100.0
2024-12-25 21:52:49,992 - Comparison Step 297, Loss_X_TNG: 34.52500534057617, normE: 100.0
2024-12-25 21:52:51,273 - Comparison Step 298, Loss_X_TNG: 35.22544860839844, normE: 100.0
2024-12-25 21:52:54,083 - Comparison Step 299, Loss_X_TNG: 34.75489044189453, normE: 99.99999237060547
2024-12-25 21:52:54,084 - Norm2 (Comparison Algorithm): 34.75489044189453
2024-12-25 21:52:56,871 - Norm2 (Original TR Algorithm): 26.582414627075195
2024-12-25 21:52:56,871 - Norm2 (Our Algorithm): 103.43233489990234
2024-12-25 21:52:56,965 - Clipping input data to the valid range for imshow with RGB data ([0..1] for floats or [0..255] for integers). Got range [-0.12677746..1.1570351].
2024-12-25 21:52:56,969 - Clipping input data to the valid range for imshow with RGB data ([0..1] for floats or [0..255] for integers). Got range [-1.4636157..1.664225].
2024-12-25 21:52:56,972 - Clipping input data to the valid range for imshow with RGB data ([0..1] for floats or [0..255] for integers). Got range [-1.4192675..2.3387349].
2024-12-25 21:52:56,974 - Clipping input data to the valid range for imshow with RGB data ([0..1] for floats or [0..255] for integers). Got range [-1.4610678..2.387521].
2024-12-25 21:52:56,977 - Clipping input data to the valid range for imshow with RGB data ([0..1] for floats or [0..255] for integers). Got range [-0.61432683..0.63007575].
2024-12-25 21:52:56,979 - Clipping input data to the valid range for imshow with RGB data ([0..1] for floats or [0..255] for integers). Got range [-0.55426747..1.5398797].
2024-12-25 21:52:56,981 - Clipping input data to the valid range for imshow with RGB data ([0..1] for floats or [0..255] for integers). Got range [-0.32330564..1.1939923].
