2024-12-24 18:05:01,025 - Norm2 (epsilon): 30
2024-12-24 18:05:01,026 - Optimization parameters:
2024-12-24 18:05:01,026 - epsilon (Frobenius norm constraint): 30
2024-12-24 18:05:01,026 - inner_tol (Tolerance for inner optimization): 1e-10
2024-12-24 18:05:01,026 - lr (Learning rate): 0.01
2024-12-24 18:05:01,026 - outer_num_steps (Number of outer optimization steps): 300
2024-12-24 18:05:01,026 - inner_num_steps (Number of inner optimization steps): 500
2024-12-24 18:05:01,026 - outer_dis_num (Display loss every outer_dis_num steps): 1
2024-12-24 18:05:01,026 - inner_dis_num (Display loss every inner_dis_num steps): 2000
2024-12-24 18:05:03,295 - Step 0, RSE_E: 40.77604293823242, Loss_X_Ours: 27.91750717163086, normE: 30.0
2024-12-24 18:05:04,605 - Step 1, RSE_E: 0.6227564215660095, Loss_X_Ours: 28.08039665222168, normE: 29.999998092651367
2024-12-24 18:05:05,699 - Step 2, RSE_E: 0.597762405872345, Loss_X_Ours: 28.26719093322754, normE: 30.000001907348633
2024-12-24 18:05:06,775 - Step 3, RSE_E: 0.565418541431427, Loss_X_Ours: 28.455751419067383, normE: 30.000001907348633
2024-12-24 18:05:07,530 - Step 4, RSE_E: 0.521546483039856, Loss_X_Ours: 28.639869689941406, normE: 30.0
2024-12-24 18:05:08,875 - Step 5, RSE_E: 0.4800947904586792, Loss_X_Ours: 28.818872451782227, normE: 30.000001907348633
2024-12-24 18:05:09,973 - Step 6, RSE_E: 0.4275813698768616, Loss_X_Ours: 28.985729217529297, normE: 30.0
2024-12-24 18:05:10,801 - Step 7, RSE_E: 0.37496617436408997, Loss_X_Ours: 29.137928009033203, normE: 30.0
2024-12-24 18:05:12,140 - Step 8, RSE_E: 0.32740098237991333, Loss_X_Ours: 29.275588989257812, normE: 30.000001907348633
2024-12-24 18:05:12,599 - Step 9, RSE_E: 0.2751791477203369, Loss_X_Ours: 29.394298553466797, normE: 30.0
2024-12-24 18:05:13,956 - Step 10, RSE_E: 0.23678962886333466, Loss_X_Ours: 29.499313354492188, normE: 30.0
2024-12-24 18:05:14,945 - Step 11, RSE_E: 0.19745837152004242, Loss_X_Ours: 29.58863067626953, normE: 30.0
2024-12-24 18:05:16,273 - Step 12, RSE_E: 0.16420705616474152, Loss_X_Ours: 29.6641845703125, normE: 30.000001907348633
2024-12-24 18:05:17,601 - Step 13, RSE_E: 0.13504710793495178, Loss_X_Ours: 29.727170944213867, normE: 29.999998092651367
2024-12-24 18:05:18,934 - Step 14, RSE_E: 0.11044043302536011, Loss_X_Ours: 29.779211044311523, normE: 30.000001907348633
2024-12-24 18:05:20,276 - Step 15, RSE_E: 0.08978430181741714, Loss_X_Ours: 29.821916580200195, normE: 30.0
2024-12-24 18:05:20,351 - Step 16, RSE_E: 0.07042177766561508, Loss_X_Ours: 29.854951858520508, normE: 29.999998092651367
2024-12-24 18:05:20,977 - Step 17, RSE_E: 0.05898116156458855, Loss_X_Ours: 29.883270263671875, normE: 30.0
2024-12-24 18:05:22,233 - Step 18, RSE_E: 0.048147086054086685, Loss_X_Ours: 29.90644645690918, normE: 30.0
2024-12-24 18:05:23,572 - Step 19, RSE_E: 0.03935949504375458, Loss_X_Ours: 29.92508316040039, normE: 29.999998092651367
2024-12-24 18:05:24,933 - Step 20, RSE_E: 0.03166811540722847, Loss_X_Ours: 29.940082550048828, normE: 30.0
2024-12-24 18:05:26,267 - Step 21, RSE_E: 0.025514930486679077, Loss_X_Ours: 29.952104568481445, normE: 30.0
2024-12-24 18:05:27,612 - Step 22, RSE_E: 0.020389722660183907, Loss_X_Ours: 29.961761474609375, normE: 30.000001907348633
2024-12-24 18:05:28,953 - Step 23, RSE_E: 0.016821078956127167, Loss_X_Ours: 29.96947479248047, normE: 30.0
2024-12-24 18:05:30,299 - Step 24, RSE_E: 0.013385315425693989, Loss_X_Ours: 29.975509643554688, normE: 29.999998092651367
2024-12-24 18:05:31,631 - Step 25, RSE_E: 0.011798201128840446, Loss_X_Ours: 29.98046112060547, normE: 29.999996185302734
2024-12-24 18:05:32,967 - Step 26, RSE_E: 0.009924114681780338, Loss_X_Ours: 29.984399795532227, normE: 30.000001907348633
2024-12-24 18:05:34,309 - Step 27, RSE_E: 0.008832251653075218, Loss_X_Ours: 29.98752784729004, normE: 30.0
2024-12-24 18:05:35,642 - Step 28, RSE_E: 0.008632482029497623, Loss_X_Ours: 29.990163803100586, normE: 30.0
2024-12-24 18:05:36,957 - Step 29, RSE_E: 0.007059731055051088, Loss_X_Ours: 29.992176055908203, normE: 30.000001907348633
2024-12-24 18:05:38,284 - Step 30, RSE_E: 0.007980868220329285, Loss_X_Ours: 29.993789672851562, normE: 30.0
2024-12-24 18:05:39,641 - Step 31, RSE_E: 0.005991192068904638, Loss_X_Ours: 29.995065689086914, normE: 30.0
2024-12-24 18:05:40,981 - Step 32, RSE_E: 0.006760112009942532, Loss_X_Ours: 29.99614143371582, normE: 29.999998092651367
2024-12-24 18:05:42,314 - Step 33, RSE_E: 0.006095106713473797, Loss_X_Ours: 29.99687957763672, normE: 30.000001907348633
2024-12-24 18:05:43,659 - Step 34, RSE_E: 0.006037765182554722, Loss_X_Ours: 29.99750328063965, normE: 29.999998092651367
2024-12-24 18:05:45,023 - Step 35, RSE_E: 0.008704076521098614, Loss_X_Ours: 29.997882843017578, normE: 30.0
