2024-12-26 12:30:57,045 - Norm2 (epsilon): 1
2024-12-26 12:30:57,045 - Optimization parameters:
2024-12-26 12:30:57,045 - epsilon (Frobenius norm constraint): 1
2024-12-26 12:30:57,045 - inner_tol (Tolerance for inner optimization): 1e-10
2024-12-26 12:30:57,045 - lr (Learning rate): 0.01
2024-12-26 12:30:57,045 - outer_num_steps (Number of outer optimization steps): 300
2024-12-26 12:30:57,045 - inner_num_steps (Number of inner optimization steps): 1000
2024-12-26 12:30:57,045 - outer_dis_num (Display loss every outer_dis_num steps): 1
2024-12-26 12:30:57,045 - inner_dis_num (Display loss every inner_dis_num steps): 2000
2024-12-26 12:31:00,060 - Step 0, RSE_E: 0.02021530270576477, Loss_X_Ours: 26.45395278930664, normE: 0.9999999403953552
2024-12-26 12:31:00,221 - Step 1, RSE_E: 0.02198154665529728, Loss_X_Ours: 26.449094772338867, normE: 0.9999999403953552
2024-12-26 12:31:00,289 - Step 2, RSE_E: 0.02389012649655342, Loss_X_Ours: 26.447494506835938, normE: 1.0
2024-12-26 12:31:03,063 - Step 3, RSE_E: 0.025926930829882622, Loss_X_Ours: 26.39897918701172, normE: 0.9999999403953552
2024-12-26 12:31:05,860 - Step 4, RSE_E: 0.028110891580581665, Loss_X_Ours: 26.377077102661133, normE: 1.0
2024-12-26 12:31:07,061 - Step 5, RSE_E: 0.03043287806212902, Loss_X_Ours: 26.37917709350586, normE: 0.9999998807907104
2024-12-26 12:31:07,645 - Step 6, RSE_E: 0.03288259357213974, Loss_X_Ours: 26.36568832397461, normE: 1.0
2024-12-26 12:31:07,725 - Step 7, RSE_E: 0.0354301817715168, Loss_X_Ours: 26.365253448486328, normE: 1.0
2024-12-26 12:31:09,228 - Step 8, RSE_E: 0.03803890198469162, Loss_X_Ours: 26.362449645996094, normE: 1.0
2024-12-26 12:31:09,559 - Step 9, RSE_E: 0.04067688062787056, Loss_X_Ours: 26.359086990356445, normE: 1.0
2024-12-26 12:31:10,979 - Step 10, RSE_E: 0.04328048229217529, Loss_X_Ours: 26.360191345214844, normE: 0.9999999403953552
2024-12-26 12:31:11,073 - Step 11, RSE_E: 0.045788563787937164, Loss_X_Ours: 26.36016082763672, normE: 0.9999999403953552
2024-12-26 12:31:11,339 - Step 12, RSE_E: 0.048126257956027985, Loss_X_Ours: 26.358572006225586, normE: 1.0
2024-12-26 12:31:12,523 - Step 13, RSE_E: 0.05020798370242119, Loss_X_Ours: 26.36420249938965, normE: 1.0
2024-12-26 12:31:12,832 - Step 14, RSE_E: 0.05197129398584366, Loss_X_Ours: 26.35993194580078, normE: 0.9999999403953552
2024-12-26 12:31:15,662 - Step 15, RSE_E: 0.053321223706007004, Loss_X_Ours: 26.36001968383789, normE: 1.0
2024-12-26 12:31:16,829 - Step 16, RSE_E: 0.05423618108034134, Loss_X_Ours: 26.354108810424805, normE: 1.0000001192092896
2024-12-26 12:31:17,896 - Step 17, RSE_E: 0.054652661085128784, Loss_X_Ours: 26.35459327697754, normE: 0.9999999403953552
2024-12-26 12:31:18,551 - Step 18, RSE_E: 0.05456869676709175, Loss_X_Ours: 26.352834701538086, normE: 1.0
2024-12-26 12:31:18,836 - Step 19, RSE_E: 0.05400489643216133, Loss_X_Ours: 26.34972381591797, normE: 1.0
2024-12-26 12:31:18,947 - Step 20, RSE_E: 0.05299447104334831, Loss_X_Ours: 26.349773406982422, normE: 0.9999999403953552
2024-12-26 12:31:19,077 - Step 21, RSE_E: 0.051596250385046005, Loss_X_Ours: 26.34971809387207, normE: 1.0
2024-12-26 12:31:21,896 - Step 22, RSE_E: 0.04990556091070175, Loss_X_Ours: 26.347301483154297, normE: 1.0
2024-12-26 12:31:22,263 - Step 23, RSE_E: 0.04797452688217163, Loss_X_Ours: 26.3586368560791, normE: 1.0
2024-12-26 12:31:22,395 - Step 24, RSE_E: 0.04588983952999115, Loss_X_Ours: 26.354013442993164, normE: 1.0
2024-12-26 12:31:23,629 - Step 25, RSE_E: 0.043738629668951035, Loss_X_Ours: 26.347021102905273, normE: 1.0
2024-12-26 12:31:24,784 - Step 26, RSE_E: 0.04157393425703049, Loss_X_Ours: 26.352590560913086, normE: 0.9999999403953552
2024-12-26 12:31:27,342 - Step 27, RSE_E: 0.03964600712060928, Loss_X_Ours: 26.39333152770996, normE: 1.0
2024-12-26 12:31:27,769 - Step 28, RSE_E: 0.03754626587033272, Loss_X_Ours: 26.378074645996094, normE: 1.0
2024-12-26 12:31:28,116 - Step 29, RSE_E: 0.035577353090047836, Loss_X_Ours: 26.36993408203125, normE: 1.0
2024-12-26 12:31:29,343 - Step 30, RSE_E: 0.0337529256939888, Loss_X_Ours: 26.36860466003418, normE: 1.0
2024-12-26 12:31:29,666 - Step 31, RSE_E: 0.03209676221013069, Loss_X_Ours: 26.3699893951416, normE: 1.0000001192092896
2024-12-26 12:31:29,959 - Step 32, RSE_E: 0.030479414388537407, Loss_X_Ours: 26.362688064575195, normE: 1.0
2024-12-26 12:31:31,263 - Step 33, RSE_E: 0.029113860800862312, Loss_X_Ours: 26.359506607055664, normE: 1.0
2024-12-26 12:31:33,143 - Step 34, RSE_E: 0.0278437752276659, Loss_X_Ours: 26.356170654296875, normE: 0.9999999403953552
2024-12-26 12:31:33,274 - Step 35, RSE_E: 0.026561642065644264, Loss_X_Ours: 26.354360580444336, normE: 1.0
2024-12-26 12:31:33,754 - Step 36, RSE_E: 0.02545764483511448, Loss_X_Ours: 26.35742950439453, normE: 0.9999999403953552
2024-12-26 12:31:34,582 - Step 37, RSE_E: 0.02434484474360943, Loss_X_Ours: 26.353288650512695, normE: 1.0
2024-12-26 12:31:34,801 - Step 38, RSE_E: 0.02330585941672325, Loss_X_Ours: 26.350873947143555, normE: 1.0
2024-12-26 12:31:34,834 - Step 39, RSE_E: 0.02235478162765503, Loss_X_Ours: 26.350749969482422, normE: 0.9999999403953552
2024-12-26 12:31:35,252 - Step 40, RSE_E: 0.021531708538532257, Loss_X_Ours: 26.354185104370117, normE: 0.9999999403953552
2024-12-26 12:31:35,365 - Step 41, RSE_E: 0.020659612491726875, Loss_X_Ours: 26.352170944213867, normE: 0.9999999403953552
2024-12-26 12:31:37,649 - Step 42, RSE_E: 0.01987670175731182, Loss_X_Ours: 26.350234985351562, normE: 1.0
2024-12-26 12:31:38,642 - Step 43, RSE_E: 0.019115272909402847, Loss_X_Ours: 26.346633911132812, normE: 1.0
2024-12-26 12:31:39,786 - Step 44, RSE_E: 0.018414150923490524, Loss_X_Ours: 26.344646453857422, normE: 0.9999999403953552
2024-12-26 12:31:40,159 - Step 45, RSE_E: 0.01769135519862175, Loss_X_Ours: 26.342525482177734, normE: 1.0
2024-12-26 12:31:40,730 - Step 46, RSE_E: 0.017015453428030014, Loss_X_Ours: 26.344449996948242, normE: 1.0000001192092896
2024-12-26 12:31:40,866 - Step 47, RSE_E: 0.01635054312646389, Loss_X_Ours: 26.343137741088867, normE: 0.9999999403953552
2024-12-26 12:31:42,131 - Step 48, RSE_E: 0.015761639922857285, Loss_X_Ours: 26.341205596923828, normE: 1.0
2024-12-26 12:31:42,657 - Step 49, RSE_E: 0.015166115015745163, Loss_X_Ours: 26.34423828125, normE: 1.0
2024-12-26 12:31:43,087 - Step 50, RSE_E: 0.014546788297593594, Loss_X_Ours: 26.34005355834961, normE: 1.0
2024-12-26 12:31:43,176 - Step 51, RSE_E: 0.013973354361951351, Loss_X_Ours: 26.339553833007812, normE: 1.0
2024-12-26 12:31:43,885 - Step 52, RSE_E: 0.013523055240511894, Loss_X_Ours: 26.344104766845703, normE: 1.0
2024-12-26 12:31:45,218 - Step 53, RSE_E: 0.012966872192919254, Loss_X_Ours: 26.340431213378906, normE: 1.0
2024-12-26 12:31:45,278 - Step 54, RSE_E: 0.012432501651346684, Loss_X_Ours: 26.340423583984375, normE: 0.9999999403953552
2024-12-26 12:31:46,226 - Step 55, RSE_E: 0.011917471885681152, Loss_X_Ours: 26.338376998901367, normE: 1.0
2024-12-26 12:31:47,072 - Step 56, RSE_E: 0.01147217582911253, Loss_X_Ours: 26.339160919189453, normE: 1.0
2024-12-26 12:31:48,186 - Step 57, RSE_E: 0.011040378361940384, Loss_X_Ours: 26.33846664428711, normE: 0.9999999403953552
2024-12-26 12:31:51,012 - Step 58, RSE_E: 0.01279405690729618, Loss_X_Ours: 26.388193130493164, normE: 0.9999998807907104
2024-12-26 12:31:51,204 - Step 59, RSE_E: 0.011853952892124653, Loss_X_Ours: 26.380279541015625, normE: 1.0
2024-12-26 12:31:53,905 - Step 60, RSE_E: 0.011718831956386566, Loss_X_Ours: 26.36686134338379, normE: 0.9999999403953552
2024-12-26 12:31:55,011 - Step 61, RSE_E: 0.01093814242631197, Loss_X_Ours: 26.35822105407715, normE: 0.9999999403953552
2024-12-26 12:31:55,358 - Step 62, RSE_E: 0.010226689279079437, Loss_X_Ours: 26.357999801635742, normE: 0.9999998807907104
2024-12-26 12:31:57,241 - Step 63, RSE_E: 0.009935342706739902, Loss_X_Ours: 26.35357093811035, normE: 1.0
2024-12-26 12:31:57,570 - Step 64, RSE_E: 0.009223368018865585, Loss_X_Ours: 26.346181869506836, normE: 1.0
2024-12-26 12:31:57,709 - Step 65, RSE_E: 0.008713608607649803, Loss_X_Ours: 26.34446907043457, normE: 1.0
2024-12-26 12:31:58,564 - Step 66, RSE_E: 0.008854157291352749, Loss_X_Ours: 26.358051300048828, normE: 0.9999999403953552
2024-12-26 12:31:58,985 - Step 67, RSE_E: 0.008079789578914642, Loss_X_Ours: 26.35060691833496, normE: 1.0
2024-12-26 12:31:59,801 - Step 68, RSE_E: 0.007701021619141102, Loss_X_Ours: 26.34811019897461, normE: 0.9999999403953552
2024-12-26 12:31:59,942 - Step 69, RSE_E: 0.007283913902938366, Loss_X_Ours: 26.34685516357422, normE: 0.9999999403953552
2024-12-26 12:31:59,960 - Step 70, RSE_E: 0.00692713912576437, Loss_X_Ours: 26.346986770629883, normE: 1.0000001192092896
2024-12-26 12:32:00,166 - Step 71, RSE_E: 0.006603834219276905, Loss_X_Ours: 26.34583282470703, normE: 1.0
2024-12-26 12:32:01,242 - Step 72, RSE_E: 0.00653232354670763, Loss_X_Ours: 26.347078323364258, normE: 0.9999999403953552
2024-12-26 12:32:01,454 - Step 73, RSE_E: 0.00616952171549201, Loss_X_Ours: 26.345308303833008, normE: 0.9999999403953552
2024-12-26 12:32:01,721 - Step 74, RSE_E: 0.005863412283360958, Loss_X_Ours: 26.344053268432617, normE: 0.9999999403953552
2024-12-26 12:32:01,932 - Step 75, RSE_E: 0.00559884263202548, Loss_X_Ours: 26.342864990234375, normE: 1.0
2024-12-26 12:32:01,976 - Step 76, RSE_E: 0.005371995270252228, Loss_X_Ours: 26.342540740966797, normE: 1.0
2024-12-26 12:32:02,432 - Step 77, RSE_E: 0.0054167150519788265, Loss_X_Ours: 26.34519386291504, normE: 1.0
2024-12-26 12:32:02,646 - Step 78, RSE_E: 0.005080033093690872, Loss_X_Ours: 26.343040466308594, normE: 0.9999999403953552
2024-12-26 12:32:02,908 - Step 79, RSE_E: 0.004853108897805214, Loss_X_Ours: 26.34162712097168, normE: 0.9999998807907104
2024-12-26 12:32:04,240 - Step 80, RSE_E: 0.004970424808561802, Loss_X_Ours: 26.342287063598633, normE: 1.0
2024-12-26 12:32:04,309 - Step 81, RSE_E: 0.0047271959483623505, Loss_X_Ours: 26.341890335083008, normE: 1.0
2024-12-26 12:32:05,278 - Step 82, RSE_E: 0.00487371813505888, Loss_X_Ours: 26.3429012298584, normE: 0.9999999403953552
2024-12-26 12:32:05,312 - Step 83, RSE_E: 0.0046160416677594185, Loss_X_Ours: 26.34231185913086, normE: 1.0
2024-12-26 12:32:05,632 - Step 84, RSE_E: 0.00435609882697463, Loss_X_Ours: 26.33915901184082, normE: 1.0
2024-12-26 12:32:06,775 - Step 85, RSE_E: 0.004597923718392849, Loss_X_Ours: 26.34249496459961, normE: 1.0
2024-12-26 12:32:06,943 - Step 86, RSE_E: 0.004205950070172548, Loss_X_Ours: 26.338214874267578, normE: 0.9999999403953552
2024-12-26 12:32:07,280 - Step 87, RSE_E: 0.0040085194632411, Loss_X_Ours: 26.33595085144043, normE: 0.9999999403953552
2024-12-26 12:32:07,976 - Step 88, RSE_E: 0.004026554524898529, Loss_X_Ours: 26.335002899169922, normE: 1.0
2024-12-26 12:32:08,009 - Step 89, RSE_E: 0.0038188572507351637, Loss_X_Ours: 26.334754943847656, normE: 1.0
2024-12-26 12:32:08,126 - Step 90, RSE_E: 0.0036422484554350376, Loss_X_Ours: 26.334163665771484, normE: 1.0
2024-12-26 12:32:09,201 - Step 91, RSE_E: 0.003551184432581067, Loss_X_Ours: 26.33586311340332, normE: 0.9999999403953552
2024-12-26 12:32:09,634 - Step 92, RSE_E: 0.0043310620822012424, Loss_X_Ours: 26.345691680908203, normE: 1.0
2024-12-26 12:32:09,889 - Step 93, RSE_E: 0.0036933920346200466, Loss_X_Ours: 26.33989906311035, normE: 1.0
2024-12-26 12:32:10,355 - Step 94, RSE_E: 0.003440646454691887, Loss_X_Ours: 26.339454650878906, normE: 0.9999999403953552
2024-12-26 12:32:10,632 - Step 95, RSE_E: 0.0032285130582749844, Loss_X_Ours: 26.33702278137207, normE: 1.0
2024-12-26 12:32:10,759 - Step 96, RSE_E: 0.0031029663514345884, Loss_X_Ours: 26.33612823486328, normE: 0.9999999403953552
2024-12-26 12:32:10,808 - Step 97, RSE_E: 0.0029935790225863457, Loss_X_Ours: 26.335824966430664, normE: 0.9999999403953552
2024-12-26 12:32:10,954 - Step 98, RSE_E: 0.0029027191922068596, Loss_X_Ours: 26.335281372070312, normE: 1.0
2024-12-26 12:32:12,454 - Step 99, RSE_E: 0.003433604259043932, Loss_X_Ours: 26.338790893554688, normE: 1.0
2024-12-26 12:32:12,549 - Step 100, RSE_E: 0.0032184117008000612, Loss_X_Ours: 26.338014602661133, normE: 0.9999999403953552
2024-12-26 12:32:12,605 - Step 101, RSE_E: 0.0030521934386342764, Loss_X_Ours: 26.33783531188965, normE: 1.0
2024-12-26 12:32:12,991 - Step 102, RSE_E: 0.0028828775975853205, Loss_X_Ours: 26.335044860839844, normE: 0.9999999403953552
2024-12-26 12:32:13,118 - Step 103, RSE_E: 0.0027697868645191193, Loss_X_Ours: 26.334333419799805, normE: 1.0
2024-12-26 12:32:13,753 - Step 104, RSE_E: 0.0027664355002343655, Loss_X_Ours: 26.33131980895996, normE: 1.0
2024-12-26 12:32:14,003 - Step 105, RSE_E: 0.0027022631838917732, Loss_X_Ours: 26.330583572387695, normE: 1.0
2024-12-26 12:32:14,182 - Step 106, RSE_E: 0.0026392661966383457, Loss_X_Ours: 26.330224990844727, normE: 1.0
2024-12-26 12:32:14,433 - Step 107, RSE_E: 0.002623113105073571, Loss_X_Ours: 26.329160690307617, normE: 1.0
2024-12-26 12:32:16,486 - Step 108, RSE_E: 0.002724048215895891, Loss_X_Ours: 26.32967185974121, normE: 1.0
2024-12-26 12:32:17,082 - Step 109, RSE_E: 0.002997013507410884, Loss_X_Ours: 26.328386306762695, normE: 1.0
2024-12-26 12:32:18,333 - Step 110, RSE_E: 0.0027707733679562807, Loss_X_Ours: 26.32931137084961, normE: 1.0
2024-12-26 12:32:18,445 - Step 111, RSE_E: 0.0026256246492266655, Loss_X_Ours: 26.328304290771484, normE: 1.0
2024-12-26 12:32:19,031 - Step 112, RSE_E: 0.0025123602245002985, Loss_X_Ours: 26.328384399414062, normE: 0.9999999403953552
2024-12-26 12:32:19,231 - Step 113, RSE_E: 0.002410774352028966, Loss_X_Ours: 26.327157974243164, normE: 1.0
2024-12-26 12:32:20,844 - Step 114, RSE_E: 0.002669387962669134, Loss_X_Ours: 26.327478408813477, normE: 1.0
2024-12-26 12:32:20,883 - Step 115, RSE_E: 0.0025425637140870094, Loss_X_Ours: 26.32722282409668, normE: 1.0
2024-12-26 12:32:20,901 - Step 116, RSE_E: 0.002433360554277897, Loss_X_Ours: 26.327308654785156, normE: 0.9999999403953552
2024-12-26 12:32:20,967 - Step 117, RSE_E: 0.0023350967094302177, Loss_X_Ours: 26.326637268066406, normE: 1.0
2024-12-26 12:32:21,081 - Step 118, RSE_E: 0.0022774154786020517, Loss_X_Ours: 26.326187133789062, normE: 0.9999999403953552
2024-12-26 12:32:21,112 - Step 119, RSE_E: 0.0022196089848876, Loss_X_Ours: 26.32621955871582, normE: 1.0
2024-12-26 12:32:22,046 - Step 120, RSE_E: 0.0023842891678214073, Loss_X_Ours: 26.327842712402344, normE: 0.9999999403953552
2024-12-26 12:32:22,315 - Step 121, RSE_E: 0.0022413029801100492, Loss_X_Ours: 26.324485778808594, normE: 0.9999999403953552
2024-12-26 12:32:23,539 - Step 122, RSE_E: 0.0025145066902041435, Loss_X_Ours: 26.327672958374023, normE: 0.9999999403953552
2024-12-26 12:32:23,630 - Step 123, RSE_E: 0.0023526884615421295, Loss_X_Ours: 26.326194763183594, normE: 1.0000001192092896
2024-12-26 12:32:24,039 - Step 124, RSE_E: 0.0023622356820851564, Loss_X_Ours: 26.32248878479004, normE: 1.0
2024-12-26 12:32:24,101 - Step 125, RSE_E: 0.002264398382976651, Loss_X_Ours: 26.322052001953125, normE: 1.0
2024-12-26 12:32:24,864 - Step 126, RSE_E: 0.00223949970677495, Loss_X_Ours: 26.32249641418457, normE: 1.0
2024-12-26 12:32:25,922 - Step 127, RSE_E: 0.002871992764994502, Loss_X_Ours: 26.332096099853516, normE: 1.0
2024-12-26 12:32:26,085 - Step 128, RSE_E: 0.0022889538668096066, Loss_X_Ours: 26.324573516845703, normE: 1.0
2024-12-26 12:32:26,156 - Step 129, RSE_E: 0.0021629626862704754, Loss_X_Ours: 26.32343292236328, normE: 1.0
2024-12-26 12:32:26,455 - Step 130, RSE_E: 0.00215399288572371, Loss_X_Ours: 26.3200740814209, normE: 0.9999999403953552
2024-12-26 12:32:26,889 - Step 131, RSE_E: 0.0025121585931628942, Loss_X_Ours: 26.31989860534668, normE: 1.0
2024-12-26 12:32:27,308 - Step 132, RSE_E: 0.0021178890019655228, Loss_X_Ours: 26.321325302124023, normE: 0.9999999403953552
2024-12-26 12:32:29,187 - Step 133, RSE_E: 0.0026071197353303432, Loss_X_Ours: 26.31748390197754, normE: 0.9999999403953552
2024-12-26 12:32:29,324 - Step 134, RSE_E: 0.0023228211794048548, Loss_X_Ours: 26.315933227539062, normE: 0.9999999403953552
2024-12-26 12:32:30,246 - Step 135, RSE_E: 0.002345898188650608, Loss_X_Ours: 26.316633224487305, normE: 1.0
2024-12-26 12:32:30,967 - Step 136, RSE_E: 0.0023691412061452866, Loss_X_Ours: 26.32082176208496, normE: 1.0
2024-12-26 12:32:31,900 - Step 137, RSE_E: 0.002446971368044615, Loss_X_Ours: 26.316038131713867, normE: 1.0
2024-12-26 12:32:32,948 - Step 138, RSE_E: 0.0023692292161285877, Loss_X_Ours: 26.315214157104492, normE: 0.9999999403953552
2024-12-26 12:32:33,502 - Step 139, RSE_E: 0.0026513466145843267, Loss_X_Ours: 26.32554054260254, normE: 0.9999999403953552
2024-12-26 12:32:34,802 - Step 140, RSE_E: 0.0025048349052667618, Loss_X_Ours: 26.315078735351562, normE: 1.0
2024-12-26 12:32:35,382 - Step 141, RSE_E: 0.002334138611331582, Loss_X_Ours: 26.315431594848633, normE: 1.0
2024-12-26 12:32:35,758 - Step 142, RSE_E: 0.0023199417628347874, Loss_X_Ours: 26.314802169799805, normE: 1.0
2024-12-26 12:32:36,876 - Step 143, RSE_E: 0.002334780525416136, Loss_X_Ours: 26.31503677368164, normE: 1.0
2024-12-26 12:32:37,361 - Step 144, RSE_E: 0.002507043769583106, Loss_X_Ours: 26.31595802307129, normE: 1.0000001192092896
2024-12-26 12:32:37,904 - Step 145, RSE_E: 0.0022124284878373146, Loss_X_Ours: 26.316125869750977, normE: 1.0
2024-12-26 12:32:37,967 - Step 146, RSE_E: 0.002097667194902897, Loss_X_Ours: 26.315338134765625, normE: 1.0
2024-12-26 12:32:38,231 - Step 147, RSE_E: 0.0023491198662668467, Loss_X_Ours: 26.316307067871094, normE: 0.9999999403953552
2024-12-26 12:32:39,322 - Step 148, RSE_E: 0.002120743505656719, Loss_X_Ours: 26.315258026123047, normE: 0.9999999403953552
2024-12-26 12:32:40,513 - Step 149, RSE_E: 0.0023162513971328735, Loss_X_Ours: 26.31869125366211, normE: 1.0
2024-12-26 12:32:41,111 - Step 150, RSE_E: 0.00220204284414649, Loss_X_Ours: 26.31635856628418, normE: 0.9999999403953552
2024-12-26 12:32:41,663 - Step 151, RSE_E: 0.002119924873113632, Loss_X_Ours: 26.315542221069336, normE: 1.0
2024-12-26 12:32:41,794 - Step 152, RSE_E: 0.0022152175661176443, Loss_X_Ours: 26.318408966064453, normE: 0.9999999403953552
2024-12-26 12:32:42,152 - Step 153, RSE_E: 0.002049296861514449, Loss_X_Ours: 26.31471061706543, normE: 0.9999998807907104
2024-12-26 12:32:42,178 - Step 154, RSE_E: 0.0019565951079130173, Loss_X_Ours: 26.314613342285156, normE: 0.9999998807907104
2024-12-26 12:32:42,754 - Step 155, RSE_E: 0.002046192530542612, Loss_X_Ours: 26.314863204956055, normE: 1.0
2024-12-26 12:32:45,591 - Step 156, RSE_E: 0.0027738744392991066, Loss_X_Ours: 26.31453514099121, normE: 0.9999999403953552
2024-12-26 12:32:45,619 - Step 157, RSE_E: 0.0025591326411813498, Loss_X_Ours: 26.313796997070312, normE: 1.0
2024-12-26 12:32:45,916 - Step 158, RSE_E: 0.0023744453210383654, Loss_X_Ours: 26.312225341796875, normE: 1.0
2024-12-26 12:32:46,411 - Step 159, RSE_E: 0.0021522329188883305, Loss_X_Ours: 26.31087875366211, normE: 1.0
2024-12-26 12:32:47,099 - Step 160, RSE_E: 0.0020983645226806402, Loss_X_Ours: 26.309650421142578, normE: 1.0
2024-12-26 12:32:48,025 - Step 161, RSE_E: 0.0019940384663641453, Loss_X_Ours: 26.308778762817383, normE: 1.0000001192092896
2024-12-26 12:32:48,111 - Step 162, RSE_E: 0.0019276418024674058, Loss_X_Ours: 26.30824851989746, normE: 1.0
2024-12-26 12:32:48,182 - Step 163, RSE_E: 0.0018636429449543357, Loss_X_Ours: 26.308067321777344, normE: 0.9999999403953552
2024-12-26 12:32:48,285 - Step 164, RSE_E: 0.0018191281706094742, Loss_X_Ours: 26.307466506958008, normE: 1.0
2024-12-26 12:32:48,920 - Step 165, RSE_E: 0.00181550660636276, Loss_X_Ours: 26.308908462524414, normE: 1.0
2024-12-26 12:32:49,080 - Step 166, RSE_E: 0.0017531111370772123, Loss_X_Ours: 26.307756423950195, normE: 1.0
2024-12-26 12:32:49,365 - Step 167, RSE_E: 0.001907045254483819, Loss_X_Ours: 26.309410095214844, normE: 0.9999999403953552
2024-12-26 12:32:50,131 - Step 168, RSE_E: 0.0018000020645558834, Loss_X_Ours: 26.308937072753906, normE: 0.9999999403953552
2024-12-26 12:32:50,269 - Step 169, RSE_E: 0.0017193114617839456, Loss_X_Ours: 26.307939529418945, normE: 1.0
2024-12-26 12:32:50,554 - Step 170, RSE_E: 0.0018286342965438962, Loss_X_Ours: 26.30910873413086, normE: 1.0
2024-12-26 12:32:51,666 - Step 171, RSE_E: 0.0017878346843644977, Loss_X_Ours: 26.308734893798828, normE: 1.0
2024-12-26 12:32:51,700 - Step 172, RSE_E: 0.0017404063837602735, Loss_X_Ours: 26.30862045288086, normE: 1.0
2024-12-26 12:32:51,934 - Step 173, RSE_E: 0.00196224101819098, Loss_X_Ours: 26.309728622436523, normE: 0.9999999403953552
2024-12-26 12:32:52,212 - Step 174, RSE_E: 0.0017148505430668592, Loss_X_Ours: 26.306774139404297, normE: 1.0
2024-12-26 12:32:52,679 - Step 175, RSE_E: 0.0017055245116353035, Loss_X_Ours: 26.30681037902832, normE: 1.0
2024-12-26 12:32:54,559 - Step 176, RSE_E: 0.002033377066254616, Loss_X_Ours: 26.308353424072266, normE: 0.9999998807907104
2024-12-26 12:32:55,182 - Step 177, RSE_E: 0.0018213026924058795, Loss_X_Ours: 26.309406280517578, normE: 0.9999998807907104
2024-12-26 12:32:56,755 - Step 178, RSE_E: 0.0018490251386538148, Loss_X_Ours: 26.30565071105957, normE: 1.0
2024-12-26 12:32:57,273 - Step 179, RSE_E: 0.0018753379117697477, Loss_X_Ours: 26.308698654174805, normE: 1.0
2024-12-26 12:32:57,499 - Step 180, RSE_E: 0.0017460640519857407, Loss_X_Ours: 26.305912017822266, normE: 1.0
2024-12-26 12:32:59,219 - Step 181, RSE_E: 0.0019766311161220074, Loss_X_Ours: 26.307140350341797, normE: 0.9999999403953552
2024-12-26 12:33:01,659 - Step 182, RSE_E: 0.0019145323894917965, Loss_X_Ours: 26.30614471435547, normE: 1.0
2024-12-26 12:33:02,450 - Step 183, RSE_E: 0.0018648415571078658, Loss_X_Ours: 26.304197311401367, normE: 1.0000001192092896
2024-12-26 12:33:02,851 - Step 184, RSE_E: 0.0018235223833471537, Loss_X_Ours: 26.305004119873047, normE: 1.0
2024-12-26 12:33:05,100 - Step 185, RSE_E: 0.0022447386290878057, Loss_X_Ours: 26.30986213684082, normE: 0.9999999403953552
2024-12-26 12:33:05,130 - Step 186, RSE_E: 0.0020832978188991547, Loss_X_Ours: 26.309572219848633, normE: 1.0000001192092896
2024-12-26 12:33:06,442 - Step 187, RSE_E: 0.0018501018639653921, Loss_X_Ours: 26.30202865600586, normE: 1.0
2024-12-26 12:33:06,623 - Step 188, RSE_E: 0.0017924695275723934, Loss_X_Ours: 26.30144500732422, normE: 1.0
2024-12-26 12:33:06,778 - Step 189, RSE_E: 0.0017483769915997982, Loss_X_Ours: 26.300952911376953, normE: 1.0
2024-12-26 12:33:06,799 - Step 190, RSE_E: 0.0016840280732139945, Loss_X_Ours: 26.301084518432617, normE: 0.9999999403953552
2024-12-26 12:33:07,289 - Step 191, RSE_E: 0.0016966488910838962, Loss_X_Ours: 26.301769256591797, normE: 0.9999998807907104
2024-12-26 12:33:07,404 - Step 192, RSE_E: 0.001622224343009293, Loss_X_Ours: 26.301074981689453, normE: 1.0
2024-12-26 12:33:07,819 - Step 193, RSE_E: 0.0016245528822764754, Loss_X_Ours: 26.29986572265625, normE: 1.0
2024-12-26 12:33:09,159 - Step 194, RSE_E: 0.0017096159281209111, Loss_X_Ours: 26.300125122070312, normE: 1.0
2024-12-26 12:33:10,648 - Step 195, RSE_E: 0.0022984701208770275, Loss_X_Ours: 26.306358337402344, normE: 0.9999998807907104
2024-12-26 12:33:11,950 - Step 196, RSE_E: 0.0017599767306819558, Loss_X_Ours: 26.297895431518555, normE: 1.0
2024-12-26 12:33:14,807 - Step 197, RSE_E: 0.0021878571715205908, Loss_X_Ours: 26.304014205932617, normE: 0.9999999403953552
2024-12-26 12:33:15,013 - Step 198, RSE_E: 0.001927244826219976, Loss_X_Ours: 26.302331924438477, normE: 1.0
2024-12-26 12:33:15,069 - Step 199, RSE_E: 0.001802226179279387, Loss_X_Ours: 26.30191421508789, normE: 0.9999999403953552
2024-12-26 12:33:15,127 - Step 200, RSE_E: 0.001698142965324223, Loss_X_Ours: 26.301504135131836, normE: 1.0
2024-12-26 12:33:15,728 - Step 201, RSE_E: 0.0016509350389242172, Loss_X_Ours: 26.29848861694336, normE: 1.0
2024-12-26 12:33:15,773 - Step 202, RSE_E: 0.001595253124833107, Loss_X_Ours: 26.298484802246094, normE: 1.0
2024-12-26 12:33:16,149 - Step 203, RSE_E: 0.0015909787034615874, Loss_X_Ours: 26.297054290771484, normE: 1.0
2024-12-26 12:33:16,985 - Step 204, RSE_E: 0.0016422489425167441, Loss_X_Ours: 26.295854568481445, normE: 1.0
2024-12-26 12:33:17,135 - Step 205, RSE_E: 0.0016001753974705935, Loss_X_Ours: 26.295652389526367, normE: 1.0
2024-12-26 12:33:17,590 - Step 206, RSE_E: 0.001671266625635326, Loss_X_Ours: 26.29681968688965, normE: 1.0
2024-12-26 12:33:19,521 - Step 207, RSE_E: 0.0020616173278540373, Loss_X_Ours: 26.301572799682617, normE: 1.0
2024-12-26 12:33:20,194 - Step 208, RSE_E: 0.0017527737654745579, Loss_X_Ours: 26.29767417907715, normE: 1.0
2024-12-26 12:33:20,258 - Step 209, RSE_E: 0.0016650095349177718, Loss_X_Ours: 26.297508239746094, normE: 1.0
2024-12-26 12:33:20,762 - Step 210, RSE_E: 0.0015987601364031434, Loss_X_Ours: 26.29603385925293, normE: 1.0
2024-12-26 12:33:20,904 - Step 211, RSE_E: 0.0015519699081778526, Loss_X_Ours: 26.295726776123047, normE: 1.0
2024-12-26 12:33:21,136 - Step 212, RSE_E: 0.0014938695821911097, Loss_X_Ours: 26.294965744018555, normE: 1.0
2024-12-26 12:33:21,570 - Step 213, RSE_E: 0.0014886159915477037, Loss_X_Ours: 26.29472541809082, normE: 1.0
2024-12-26 12:33:22,045 - Step 214, RSE_E: 0.0014887008583173156, Loss_X_Ours: 26.294034957885742, normE: 1.0
2024-12-26 12:33:22,121 - Step 215, RSE_E: 0.0014620509464293718, Loss_X_Ours: 26.29407501220703, normE: 1.0
2024-12-26 12:33:22,152 - Step 216, RSE_E: 0.0014352151192724705, Loss_X_Ours: 26.29376792907715, normE: 1.0
2024-12-26 12:33:24,911 - Step 217, RSE_E: 0.0019057879690080881, Loss_X_Ours: 26.298145294189453, normE: 1.0
2024-12-26 12:33:25,980 - Step 218, RSE_E: 0.0017806392861530185, Loss_X_Ours: 26.29665756225586, normE: 0.9999999403953552
2024-12-26 12:33:26,077 - Step 219, RSE_E: 0.0016232917550951242, Loss_X_Ours: 26.296001434326172, normE: 1.0
2024-12-26 12:33:26,191 - Step 220, RSE_E: 0.0015257505001500249, Loss_X_Ours: 26.295372009277344, normE: 1.0
2024-12-26 12:33:26,622 - Step 221, RSE_E: 0.0014200758887454867, Loss_X_Ours: 26.293928146362305, normE: 1.0
2024-12-26 12:33:27,244 - Step 222, RSE_E: 0.0018382926937192678, Loss_X_Ours: 26.297771453857422, normE: 1.0000001192092896
2024-12-26 12:33:27,451 - Step 223, RSE_E: 0.0015145678771659732, Loss_X_Ours: 26.295862197875977, normE: 1.0
2024-12-26 12:33:28,098 - Step 224, RSE_E: 0.001887809718027711, Loss_X_Ours: 26.297822952270508, normE: 1.0
2024-12-26 12:33:29,814 - Step 225, RSE_E: 0.001485267886891961, Loss_X_Ours: 26.29177474975586, normE: 1.0000001192092896
2024-12-26 12:33:30,524 - Step 226, RSE_E: 0.001473850104957819, Loss_X_Ours: 26.29315948486328, normE: 1.0
2024-12-26 12:33:30,591 - Step 227, RSE_E: 0.0014263353077694774, Loss_X_Ours: 26.29294776916504, normE: 1.0
2024-12-26 12:33:30,694 - Step 228, RSE_E: 0.001388136064633727, Loss_X_Ours: 26.2923641204834, normE: 1.0
2024-12-26 12:33:32,092 - Step 229, RSE_E: 0.0021838059183210135, Loss_X_Ours: 26.298702239990234, normE: 1.0
2024-12-26 12:33:32,349 - Step 230, RSE_E: 0.0018751280149444938, Loss_X_Ours: 26.296829223632812, normE: 1.0
2024-12-26 12:33:32,509 - Step 231, RSE_E: 0.0016921329079195857, Loss_X_Ours: 26.295616149902344, normE: 0.9999999403953552
2024-12-26 12:33:32,974 - Step 232, RSE_E: 0.0014972904464229941, Loss_X_Ours: 26.293413162231445, normE: 0.9999999403953552
2024-12-26 12:33:33,156 - Step 233, RSE_E: 0.001416145358234644, Loss_X_Ours: 26.29271125793457, normE: 1.0
2024-12-26 12:33:33,677 - Step 234, RSE_E: 0.0013798944419249892, Loss_X_Ours: 26.291934967041016, normE: 1.0
2024-12-26 12:33:33,738 - Step 235, RSE_E: 0.0013379311421886086, Loss_X_Ours: 26.291807174682617, normE: 1.0
2024-12-26 12:33:33,875 - Step 236, RSE_E: 0.0013121122028678656, Loss_X_Ours: 26.291767120361328, normE: 1.0
2024-12-26 12:33:33,930 - Step 237, RSE_E: 0.0012965488713234663, Loss_X_Ours: 26.29156494140625, normE: 1.0
2024-12-26 12:33:34,452 - Step 238, RSE_E: 0.0013130349107086658, Loss_X_Ours: 26.29041290283203, normE: 1.0
2024-12-26 12:33:34,845 - Step 239, RSE_E: 0.0013090451247990131, Loss_X_Ours: 26.290353775024414, normE: 1.0
2024-12-26 12:33:36,633 - Step 240, RSE_E: 0.0014319670153781772, Loss_X_Ours: 26.28987693786621, normE: 1.0
2024-12-26 12:33:37,445 - Step 241, RSE_E: 0.0015477995621040463, Loss_X_Ours: 26.291114807128906, normE: 0.9999999403953552
2024-12-26 12:33:38,784 - Step 242, RSE_E: 0.0016526611289009452, Loss_X_Ours: 26.291383743286133, normE: 0.9999999403953552
2024-12-26 12:33:38,912 - Step 243, RSE_E: 0.0014887937577441335, Loss_X_Ours: 26.290679931640625, normE: 1.0
2024-12-26 12:33:39,444 - Step 244, RSE_E: 0.0013639020035043359, Loss_X_Ours: 26.289155960083008, normE: 1.0
2024-12-26 12:33:41,741 - Step 245, RSE_E: 0.0014103585854172707, Loss_X_Ours: 26.2891845703125, normE: 1.0
2024-12-26 12:33:42,019 - Step 246, RSE_E: 0.0013404510682448745, Loss_X_Ours: 26.28895378112793, normE: 0.9999999403953552
2024-12-26 12:33:43,486 - Step 247, RSE_E: 0.001594483619555831, Loss_X_Ours: 26.29034996032715, normE: 1.0
2024-12-26 12:33:43,538 - Step 248, RSE_E: 0.001473317388445139, Loss_X_Ours: 26.289867401123047, normE: 1.0
2024-12-26 12:33:43,992 - Step 249, RSE_E: 0.0013271854259073734, Loss_X_Ours: 26.28839874267578, normE: 1.0
2024-12-26 12:33:44,198 - Step 250, RSE_E: 0.0012947978684678674, Loss_X_Ours: 26.288341522216797, normE: 1.0000001192092896
2024-12-26 12:33:44,896 - Step 251, RSE_E: 0.0013050021370872855, Loss_X_Ours: 26.28715705871582, normE: 1.0
2024-12-26 12:33:46,196 - Step 252, RSE_E: 0.0018434503581374884, Loss_X_Ours: 26.29233741760254, normE: 1.0
2024-12-26 12:33:46,958 - Step 253, RSE_E: 0.00131898932158947, Loss_X_Ours: 26.288732528686523, normE: 1.0
2024-12-26 12:33:47,255 - Step 254, RSE_E: 0.0012833463260903955, Loss_X_Ours: 26.28798484802246, normE: 1.0
2024-12-26 12:33:47,329 - Step 255, RSE_E: 0.0012536941794678569, Loss_X_Ours: 26.288192749023438, normE: 0.9999999403953552
2024-12-26 12:33:48,158 - Step 256, RSE_E: 0.0014596831751987338, Loss_X_Ours: 26.289762496948242, normE: 1.0
2024-12-26 12:33:48,461 - Step 257, RSE_E: 0.0013240764383226633, Loss_X_Ours: 26.28937530517578, normE: 1.0
2024-12-26 12:33:51,290 - Step 258, RSE_E: 0.0013356114504858851, Loss_X_Ours: 26.289037704467773, normE: 1.0
2024-12-26 12:33:51,357 - Step 259, RSE_E: 0.0012666850816458464, Loss_X_Ours: 26.28887176513672, normE: 1.0
2024-12-26 12:33:51,417 - Step 260, RSE_E: 0.0012361735571175814, Loss_X_Ours: 26.28854751586914, normE: 1.0
2024-12-26 12:33:51,691 - Step 261, RSE_E: 0.0012064267648383975, Loss_X_Ours: 26.288110733032227, normE: 1.0
2024-12-26 12:33:51,723 - Step 262, RSE_E: 0.0011856899363920093, Loss_X_Ours: 26.28835678100586, normE: 0.9999999403953552
2024-12-26 12:33:52,013 - Step 263, RSE_E: 0.0011865249834954739, Loss_X_Ours: 26.287710189819336, normE: 1.0
2024-12-26 12:33:52,214 - Step 264, RSE_E: 0.0011830197181552649, Loss_X_Ours: 26.28766632080078, normE: 0.9999999403953552
2024-12-26 12:33:53,233 - Step 265, RSE_E: 0.0016472722636535764, Loss_X_Ours: 26.292436599731445, normE: 0.9999999403953552
2024-12-26 12:33:53,358 - Step 266, RSE_E: 0.001412558020092547, Loss_X_Ours: 26.290733337402344, normE: 1.0
2024-12-26 12:33:53,472 - Step 267, RSE_E: 0.001277801813557744, Loss_X_Ours: 26.28990936279297, normE: 1.0
2024-12-26 12:33:54,181 - Step 268, RSE_E: 0.0011707800440490246, Loss_X_Ours: 26.28766632080078, normE: 1.0
2024-12-26 12:33:54,312 - Step 269, RSE_E: 0.0011538105318322778, Loss_X_Ours: 26.287830352783203, normE: 1.0
2024-12-26 12:33:55,323 - Step 270, RSE_E: 0.0012440227437764406, Loss_X_Ours: 26.286848068237305, normE: 1.0
2024-12-26 12:33:57,659 - Step 271, RSE_E: 0.003629016224294901, Loss_X_Ours: 26.314334869384766, normE: 1.0000001192092896
2024-12-26 12:33:57,917 - Step 272, RSE_E: 0.002640488324686885, Loss_X_Ours: 26.303977966308594, normE: 0.9999999403953552
2024-12-26 12:33:58,363 - Step 273, RSE_E: 0.0016213973285630345, Loss_X_Ours: 26.29363250732422, normE: 1.0
2024-12-26 12:33:58,418 - Step 274, RSE_E: 0.001496621873229742, Loss_X_Ours: 26.293067932128906, normE: 0.9999999403953552
2024-12-26 12:33:58,913 - Step 275, RSE_E: 0.0012813551584258676, Loss_X_Ours: 26.28927993774414, normE: 1.0000001192092896
2024-12-26 12:33:58,960 - Step 276, RSE_E: 0.0012510884553194046, Loss_X_Ours: 26.288536071777344, normE: 0.9999999403953552
2024-12-26 12:33:59,640 - Step 277, RSE_E: 0.0013885393273085356, Loss_X_Ours: 26.287870407104492, normE: 1.0
2024-12-26 12:33:59,999 - Step 278, RSE_E: 0.001360012567602098, Loss_X_Ours: 26.286575317382812, normE: 1.0
2024-12-26 12:34:00,432 - Step 279, RSE_E: 0.0013329758075997233, Loss_X_Ours: 26.286367416381836, normE: 1.0
2024-12-26 12:34:01,923 - Step 280, RSE_E: 0.0014621821464970708, Loss_X_Ours: 26.28653907775879, normE: 1.0
2024-12-26 12:34:01,998 - Step 281, RSE_E: 0.0014027651632204652, Loss_X_Ours: 26.286609649658203, normE: 1.0
2024-12-26 12:34:02,540 - Step 282, RSE_E: 0.001874130917713046, Loss_X_Ours: 26.295236587524414, normE: 1.0
2024-12-26 12:34:02,839 - Step 283, RSE_E: 0.001256703631952405, Loss_X_Ours: 26.290266036987305, normE: 0.9999999403953552
2024-12-26 12:34:03,433 - Step 284, RSE_E: 0.0011751552810892463, Loss_X_Ours: 26.287065505981445, normE: 0.9999999403953552
2024-12-26 12:34:04,561 - Step 285, RSE_E: 0.0016143139218911529, Loss_X_Ours: 26.287107467651367, normE: 1.0
2024-12-26 12:34:04,786 - Step 286, RSE_E: 0.0012954293051734567, Loss_X_Ours: 26.28662872314453, normE: 1.0
2024-12-26 12:34:04,813 - Step 287, RSE_E: 0.0012567935045808554, Loss_X_Ours: 26.285938262939453, normE: 1.0
2024-12-26 12:34:05,930 - Step 288, RSE_E: 0.0012572817504405975, Loss_X_Ours: 26.285572052001953, normE: 0.9999998807907104
2024-12-26 12:34:07,386 - Step 289, RSE_E: 0.001491997973062098, Loss_X_Ours: 26.288925170898438, normE: 1.0
2024-12-26 12:34:07,441 - Step 290, RSE_E: 0.0013950667344033718, Loss_X_Ours: 26.2882137298584, normE: 1.0
2024-12-26 12:34:07,574 - Step 291, RSE_E: 0.0012979747261852026, Loss_X_Ours: 26.287702560424805, normE: 1.0
2024-12-26 12:34:08,406 - Step 292, RSE_E: 0.0016568213468417525, Loss_X_Ours: 26.289432525634766, normE: 1.0000001192092896
2024-12-26 12:34:08,538 - Step 293, RSE_E: 0.001485839020460844, Loss_X_Ours: 26.289045333862305, normE: 1.0
2024-12-26 12:34:08,635 - Step 294, RSE_E: 0.0013537253253161907, Loss_X_Ours: 26.288755416870117, normE: 1.0
2024-12-26 12:34:09,686 - Step 295, RSE_E: 0.001218663528561592, Loss_X_Ours: 26.287094116210938, normE: 1.0
2024-12-26 12:34:09,804 - Step 296, RSE_E: 0.0011830301955342293, Loss_X_Ours: 26.286821365356445, normE: 1.0
2024-12-26 12:34:10,136 - Step 297, RSE_E: 0.0011581052094697952, Loss_X_Ours: 26.285924911499023, normE: 0.9999999403953552
2024-12-26 12:34:10,781 - Step 298, RSE_E: 0.0011943011777475476, Loss_X_Ours: 26.285863876342773, normE: 0.9999999403953552
2024-12-26 12:34:11,055 - Step 299, RSE_E: 0.0011590756475925446, Loss_X_Ours: 26.285865783691406, normE: 0.9999999403953552
2024-12-26 12:34:12,993 - Comparison Step 0, Loss_X_TNG: 26.268293380737305, normE: 1.0
2024-12-26 12:34:14,403 - Comparison Step 1, Loss_X_TNG: 26.287548065185547, normE: 1.0
2024-12-26 12:34:14,802 - Comparison Step 2, Loss_X_TNG: 26.27659034729004, normE: 1.0
2024-12-26 12:34:16,231 - Comparison Step 3, Loss_X_TNG: 26.27111053466797, normE: 1.0
2024-12-26 12:34:16,583 - Comparison Step 4, Loss_X_TNG: 26.270919799804688, normE: 1.0
2024-12-26 12:34:17,506 - Comparison Step 5, Loss_X_TNG: 26.27001953125, normE: 0.9999999403953552
2024-12-26 12:34:18,858 - Comparison Step 6, Loss_X_TNG: 26.272693634033203, normE: 0.9999999403953552
2024-12-26 12:34:19,848 - Comparison Step 7, Loss_X_TNG: 26.271276473999023, normE: 0.9999999403953552
2024-12-26 12:34:20,725 - Comparison Step 8, Loss_X_TNG: 26.270111083984375, normE: 0.9999999403953552
2024-12-26 12:34:21,097 - Comparison Step 9, Loss_X_TNG: 26.26997947692871, normE: 0.9999999403953552
2024-12-26 12:34:21,777 - Comparison Step 10, Loss_X_TNG: 26.270238876342773, normE: 1.0
2024-12-26 12:34:21,918 - Comparison Step 11, Loss_X_TNG: 26.270164489746094, normE: 1.0
2024-12-26 12:34:22,196 - Comparison Step 12, Loss_X_TNG: 26.269742965698242, normE: 1.0
2024-12-26 12:34:24,864 - Comparison Step 13, Loss_X_TNG: 26.317548751831055, normE: 1.0
2024-12-26 12:34:25,496 - Comparison Step 14, Loss_X_TNG: 26.301780700683594, normE: 0.9999998807907104
2024-12-26 12:34:25,759 - Comparison Step 15, Loss_X_TNG: 26.295333862304688, normE: 1.0
2024-12-26 12:34:28,601 - Comparison Step 16, Loss_X_TNG: 26.281959533691406, normE: 1.0
2024-12-26 12:34:28,762 - Comparison Step 17, Loss_X_TNG: 26.279699325561523, normE: 1.0
2024-12-26 12:34:30,271 - Comparison Step 18, Loss_X_TNG: 26.277639389038086, normE: 1.0
2024-12-26 12:34:31,041 - Comparison Step 19, Loss_X_TNG: 26.27594566345215, normE: 1.0
2024-12-26 12:34:31,553 - Comparison Step 20, Loss_X_TNG: 26.27816390991211, normE: 1.0
2024-12-26 12:34:31,585 - Comparison Step 21, Loss_X_TNG: 26.27774429321289, normE: 1.0
2024-12-26 12:34:32,189 - Comparison Step 22, Loss_X_TNG: 26.274879455566406, normE: 1.0
2024-12-26 12:34:32,310 - Comparison Step 23, Loss_X_TNG: 26.274898529052734, normE: 1.0
2024-12-26 12:34:32,645 - Comparison Step 24, Loss_X_TNG: 26.274913787841797, normE: 1.0
2024-12-26 12:34:34,227 - Comparison Step 25, Loss_X_TNG: 26.27799415588379, normE: 1.0
2024-12-26 12:34:34,601 - Comparison Step 26, Loss_X_TNG: 26.27412986755371, normE: 1.0
2024-12-26 12:34:34,671 - Comparison Step 27, Loss_X_TNG: 26.274099349975586, normE: 1.0
2024-12-26 12:34:34,836 - Comparison Step 28, Loss_X_TNG: 26.273578643798828, normE: 0.9999999403953552
2024-12-26 12:34:35,304 - Comparison Step 29, Loss_X_TNG: 26.273469924926758, normE: 0.9999999403953552
2024-12-26 12:34:36,367 - Comparison Step 30, Loss_X_TNG: 26.272981643676758, normE: 0.9999999403953552
2024-12-26 12:34:37,107 - Comparison Step 31, Loss_X_TNG: 26.279043197631836, normE: 1.0
2024-12-26 12:34:38,121 - Comparison Step 32, Loss_X_TNG: 26.27228546142578, normE: 1.0
2024-12-26 12:34:39,344 - Comparison Step 33, Loss_X_TNG: 26.2717227935791, normE: 1.0
2024-12-26 12:34:40,964 - Comparison Step 34, Loss_X_TNG: 26.274559020996094, normE: 0.9999999403953552
2024-12-26 12:34:42,747 - Comparison Step 35, Loss_X_TNG: 26.270782470703125, normE: 1.0
2024-12-26 12:34:43,349 - Comparison Step 36, Loss_X_TNG: 26.270301818847656, normE: 0.9999999403953552
2024-12-26 12:34:44,821 - Comparison Step 37, Loss_X_TNG: 26.271677017211914, normE: 1.0
2024-12-26 12:34:44,918 - Comparison Step 38, Loss_X_TNG: 26.271190643310547, normE: 1.0
2024-12-26 12:34:45,016 - Comparison Step 39, Loss_X_TNG: 26.27122688293457, normE: 1.0
2024-12-26 12:34:45,530 - Comparison Step 40, Loss_X_TNG: 26.270217895507812, normE: 1.0
2024-12-26 12:34:45,747 - Comparison Step 41, Loss_X_TNG: 26.27027130126953, normE: 1.0
2024-12-26 12:34:45,986 - Comparison Step 42, Loss_X_TNG: 26.27029800415039, normE: 1.0
2024-12-26 12:34:47,925 - Comparison Step 43, Loss_X_TNG: 26.269113540649414, normE: 1.0
2024-12-26 12:34:48,045 - Comparison Step 44, Loss_X_TNG: 26.269502639770508, normE: 0.9999999403953552
2024-12-26 12:34:49,163 - Comparison Step 45, Loss_X_TNG: 26.284305572509766, normE: 1.0
2024-12-26 12:34:51,188 - Comparison Step 46, Loss_X_TNG: 26.271427154541016, normE: 1.0000001192092896
2024-12-26 12:34:51,976 - Comparison Step 47, Loss_X_TNG: 26.273094177246094, normE: 1.0
2024-12-26 12:34:52,965 - Comparison Step 48, Loss_X_TNG: 26.270061492919922, normE: 1.0
2024-12-26 12:34:53,051 - Comparison Step 49, Loss_X_TNG: 26.269683837890625, normE: 0.9999998807907104
2024-12-26 12:34:54,176 - Comparison Step 50, Loss_X_TNG: 26.269241333007812, normE: 1.0
2024-12-26 12:34:54,341 - Comparison Step 51, Loss_X_TNG: 26.26892852783203, normE: 0.9999999403953552
2024-12-26 12:34:54,900 - Comparison Step 52, Loss_X_TNG: 26.268693923950195, normE: 1.0
2024-12-26 12:34:55,586 - Comparison Step 53, Loss_X_TNG: 26.271068572998047, normE: 1.0
2024-12-26 12:34:55,665 - Comparison Step 54, Loss_X_TNG: 26.270143508911133, normE: 0.9999999403953552
2024-12-26 12:34:55,792 - Comparison Step 55, Loss_X_TNG: 26.27009391784668, normE: 0.9999999403953552
2024-12-26 12:34:56,425 - Comparison Step 56, Loss_X_TNG: 26.268821716308594, normE: 1.0
2024-12-26 12:34:56,628 - Comparison Step 57, Loss_X_TNG: 26.2686767578125, normE: 0.9999999403953552
2024-12-26 12:34:58,425 - Comparison Step 58, Loss_X_TNG: 26.305767059326172, normE: 1.0
2024-12-26 12:35:01,266 - Comparison Step 59, Loss_X_TNG: 26.306774139404297, normE: 1.0
2024-12-26 12:35:02,592 - Comparison Step 60, Loss_X_TNG: 26.296680450439453, normE: 1.0
2024-12-26 12:35:04,622 - Comparison Step 61, Loss_X_TNG: 26.292659759521484, normE: 1.0
2024-12-26 12:35:05,327 - Comparison Step 62, Loss_X_TNG: 26.293855667114258, normE: 1.0
2024-12-26 12:35:06,462 - Comparison Step 63, Loss_X_TNG: 26.289897918701172, normE: 1.0
2024-12-26 12:35:06,775 - Comparison Step 64, Loss_X_TNG: 26.287433624267578, normE: 1.0
2024-12-26 12:35:07,012 - Comparison Step 65, Loss_X_TNG: 26.286516189575195, normE: 0.9999998807907104
2024-12-26 12:35:08,567 - Comparison Step 66, Loss_X_TNG: 26.285932540893555, normE: 1.0
2024-12-26 12:35:09,661 - Comparison Step 67, Loss_X_TNG: 26.283769607543945, normE: 1.0
2024-12-26 12:35:10,239 - Comparison Step 68, Loss_X_TNG: 26.28173828125, normE: 0.9999999403953552
2024-12-26 12:35:13,080 - Comparison Step 69, Loss_X_TNG: 26.28191566467285, normE: 1.0
2024-12-26 12:35:13,155 - Comparison Step 70, Loss_X_TNG: 26.281570434570312, normE: 1.0
2024-12-26 12:35:13,842 - Comparison Step 71, Loss_X_TNG: 26.28038215637207, normE: 1.0
2024-12-26 12:35:15,123 - Comparison Step 72, Loss_X_TNG: 26.321853637695312, normE: 1.0
2024-12-26 12:35:15,386 - Comparison Step 73, Loss_X_TNG: 26.31421661376953, normE: 1.0
2024-12-26 12:35:16,285 - Comparison Step 74, Loss_X_TNG: 26.301523208618164, normE: 1.0000001192092896
2024-12-26 12:35:16,978 - Comparison Step 75, Loss_X_TNG: 26.296255111694336, normE: 1.0
2024-12-26 12:35:19,802 - Comparison Step 76, Loss_X_TNG: 26.2900447845459, normE: 1.0
2024-12-26 12:35:21,332 - Comparison Step 77, Loss_X_TNG: 26.33544921875, normE: 1.0
2024-12-26 12:35:21,583 - Comparison Step 78, Loss_X_TNG: 26.328731536865234, normE: 1.0000001192092896
2024-12-26 12:35:22,624 - Comparison Step 79, Loss_X_TNG: 26.318471908569336, normE: 1.0
2024-12-26 12:35:22,712 - Comparison Step 80, Loss_X_TNG: 26.3172607421875, normE: 0.9999999403953552
2024-12-26 12:35:23,931 - Comparison Step 81, Loss_X_TNG: 26.307498931884766, normE: 0.9999999403953552
2024-12-26 12:35:23,984 - Comparison Step 82, Loss_X_TNG: 26.30720329284668, normE: 1.0
2024-12-26 12:35:24,052 - Comparison Step 83, Loss_X_TNG: 26.306533813476562, normE: 1.0
2024-12-26 12:35:26,607 - Comparison Step 84, Loss_X_TNG: 26.299312591552734, normE: 1.0
2024-12-26 12:35:28,148 - Comparison Step 85, Loss_X_TNG: 26.296070098876953, normE: 1.0
2024-12-26 12:35:28,174 - Comparison Step 86, Loss_X_TNG: 26.29579734802246, normE: 1.0
2024-12-26 12:35:28,548 - Comparison Step 87, Loss_X_TNG: 26.292573928833008, normE: 0.9999999403953552
2024-12-26 12:35:28,599 - Comparison Step 88, Loss_X_TNG: 26.292362213134766, normE: 1.0
2024-12-26 12:35:28,746 - Comparison Step 89, Loss_X_TNG: 26.29164695739746, normE: 1.0
2024-12-26 12:35:30,057 - Comparison Step 90, Loss_X_TNG: 26.289045333862305, normE: 1.0
2024-12-26 12:35:30,101 - Comparison Step 91, Loss_X_TNG: 26.289287567138672, normE: 1.0
2024-12-26 12:35:30,150 - Comparison Step 92, Loss_X_TNG: 26.288694381713867, normE: 1.0
2024-12-26 12:35:31,126 - Comparison Step 93, Loss_X_TNG: 26.290742874145508, normE: 1.0
2024-12-26 12:35:33,316 - Comparison Step 94, Loss_X_TNG: 26.288419723510742, normE: 1.0
2024-12-26 12:35:33,981 - Comparison Step 95, Loss_X_TNG: 26.285659790039062, normE: 0.9999999403953552
2024-12-26 12:35:34,111 - Comparison Step 96, Loss_X_TNG: 26.28550148010254, normE: 1.0
2024-12-26 12:35:34,413 - Comparison Step 97, Loss_X_TNG: 26.28517723083496, normE: 0.9999999403953552
2024-12-26 12:35:36,746 - Comparison Step 98, Loss_X_TNG: 26.29102325439453, normE: 1.0
2024-12-26 12:35:36,837 - Comparison Step 99, Loss_X_TNG: 26.290386199951172, normE: 1.0
2024-12-26 12:35:36,879 - Comparison Step 100, Loss_X_TNG: 26.290170669555664, normE: 0.9999999403953552
2024-12-26 12:35:36,914 - Comparison Step 101, Loss_X_TNG: 26.289958953857422, normE: 1.0
2024-12-26 12:35:37,597 - Comparison Step 102, Loss_X_TNG: 26.28647804260254, normE: 1.0
2024-12-26 12:35:37,854 - Comparison Step 103, Loss_X_TNG: 26.285301208496094, normE: 0.9999999403953552
2024-12-26 12:35:39,381 - Comparison Step 104, Loss_X_TNG: 26.285863876342773, normE: 0.9999999403953552
2024-12-26 12:35:39,490 - Comparison Step 105, Loss_X_TNG: 26.285402297973633, normE: 1.0
2024-12-26 12:35:39,896 - Comparison Step 106, Loss_X_TNG: 26.288352966308594, normE: 1.0
2024-12-26 12:35:40,250 - Comparison Step 107, Loss_X_TNG: 26.28343963623047, normE: 1.0000001192092896
2024-12-26 12:35:41,732 - Comparison Step 108, Loss_X_TNG: 26.28337287902832, normE: 1.0
2024-12-26 12:35:42,336 - Comparison Step 109, Loss_X_TNG: 26.286508560180664, normE: 0.9999999403953552
2024-12-26 12:35:44,884 - Comparison Step 110, Loss_X_TNG: 26.285858154296875, normE: 1.0
2024-12-26 12:35:45,788 - Comparison Step 111, Loss_X_TNG: 26.285993576049805, normE: 0.9999999403953552
2024-12-26 12:35:45,867 - Comparison Step 112, Loss_X_TNG: 26.2850399017334, normE: 1.0
2024-12-26 12:35:46,161 - Comparison Step 113, Loss_X_TNG: 26.282276153564453, normE: 0.9999999403953552
2024-12-26 12:35:46,351 - Comparison Step 114, Loss_X_TNG: 26.28131103515625, normE: 1.0
2024-12-26 12:35:47,357 - Comparison Step 115, Loss_X_TNG: 26.2893009185791, normE: 1.0
2024-12-26 12:35:47,418 - Comparison Step 116, Loss_X_TNG: 26.28775405883789, normE: 0.9999999403953552
2024-12-26 12:35:47,864 - Comparison Step 117, Loss_X_TNG: 26.2814998626709, normE: 1.0
2024-12-26 12:35:48,769 - Comparison Step 118, Loss_X_TNG: 26.291322708129883, normE: 1.0
2024-12-26 12:35:48,941 - Comparison Step 119, Loss_X_TNG: 26.286212921142578, normE: 1.0
2024-12-26 12:35:49,322 - Comparison Step 120, Loss_X_TNG: 26.281686782836914, normE: 1.0
2024-12-26 12:35:49,396 - Comparison Step 121, Loss_X_TNG: 26.281227111816406, normE: 1.0
2024-12-26 12:35:50,739 - Comparison Step 122, Loss_X_TNG: 26.284788131713867, normE: 1.0
2024-12-26 12:35:50,833 - Comparison Step 123, Loss_X_TNG: 26.283660888671875, normE: 0.9999999403953552
2024-12-26 12:35:51,262 - Comparison Step 124, Loss_X_TNG: 26.280363082885742, normE: 0.9999999403953552
2024-12-26 12:35:51,919 - Comparison Step 125, Loss_X_TNG: 26.27738380432129, normE: 0.9999999403953552
2024-12-26 12:35:52,099 - Comparison Step 126, Loss_X_TNG: 26.276702880859375, normE: 1.0
2024-12-26 12:35:53,160 - Comparison Step 127, Loss_X_TNG: 26.28034019470215, normE: 0.9999999403953552
2024-12-26 12:35:53,542 - Comparison Step 128, Loss_X_TNG: 26.27781105041504, normE: 1.0000001192092896
2024-12-26 12:35:53,929 - Comparison Step 129, Loss_X_TNG: 26.28814125061035, normE: 1.0
2024-12-26 12:35:53,945 - Comparison Step 130, Loss_X_TNG: 26.287405014038086, normE: 1.0
2024-12-26 12:35:55,001 - Comparison Step 131, Loss_X_TNG: 26.279590606689453, normE: 0.9999999403953552
2024-12-26 12:35:55,197 - Comparison Step 132, Loss_X_TNG: 26.27813720703125, normE: 0.9999999403953552
2024-12-26 12:35:55,899 - Comparison Step 133, Loss_X_TNG: 26.278871536254883, normE: 1.0
2024-12-26 12:35:56,155 - Comparison Step 134, Loss_X_TNG: 26.277172088623047, normE: 0.9999999403953552
2024-12-26 12:35:56,247 - Comparison Step 135, Loss_X_TNG: 26.276634216308594, normE: 0.9999999403953552
2024-12-26 12:35:57,242 - Comparison Step 136, Loss_X_TNG: 26.277692794799805, normE: 1.0
2024-12-26 12:35:57,656 - Comparison Step 137, Loss_X_TNG: 26.280637741088867, normE: 1.0
2024-12-26 12:35:57,723 - Comparison Step 138, Loss_X_TNG: 26.279651641845703, normE: 1.0
2024-12-26 12:35:57,821 - Comparison Step 139, Loss_X_TNG: 26.27842140197754, normE: 0.9999999403953552
2024-12-26 12:35:57,903 - Comparison Step 140, Loss_X_TNG: 26.277997970581055, normE: 0.9999999403953552
2024-12-26 12:35:58,052 - Comparison Step 141, Loss_X_TNG: 26.27699089050293, normE: 1.0
2024-12-26 12:35:58,157 - Comparison Step 142, Loss_X_TNG: 26.276371002197266, normE: 0.9999999403953552
2024-12-26 12:35:58,196 - Comparison Step 143, Loss_X_TNG: 26.27643585205078, normE: 1.0
2024-12-26 12:35:58,949 - Comparison Step 144, Loss_X_TNG: 26.284446716308594, normE: 0.9999999403953552
2024-12-26 12:35:59,272 - Comparison Step 145, Loss_X_TNG: 26.27823257446289, normE: 1.0
2024-12-26 12:35:59,997 - Comparison Step 146, Loss_X_TNG: 26.27757453918457, normE: 1.0
2024-12-26 12:36:00,042 - Comparison Step 147, Loss_X_TNG: 26.277240753173828, normE: 0.9999999403953552
2024-12-26 12:36:00,220 - Comparison Step 148, Loss_X_TNG: 26.276165008544922, normE: 1.0
2024-12-26 12:36:00,783 - Comparison Step 149, Loss_X_TNG: 26.288251876831055, normE: 1.0000001192092896
2024-12-26 12:36:00,975 - Comparison Step 150, Loss_X_TNG: 26.281902313232422, normE: 1.0
2024-12-26 12:36:01,023 - Comparison Step 151, Loss_X_TNG: 26.28121566772461, normE: 0.9999999403953552
2024-12-26 12:36:01,075 - Comparison Step 152, Loss_X_TNG: 26.28042984008789, normE: 0.9999999403953552
2024-12-26 12:36:01,365 - Comparison Step 153, Loss_X_TNG: 26.27719497680664, normE: 1.0
2024-12-26 12:36:01,592 - Comparison Step 154, Loss_X_TNG: 26.27596664428711, normE: 0.9999999403953552
2024-12-26 12:36:01,618 - Comparison Step 155, Loss_X_TNG: 26.27621841430664, normE: 0.9999999403953552
2024-12-26 12:36:01,644 - Comparison Step 156, Loss_X_TNG: 26.27588653564453, normE: 0.9999999403953552
2024-12-26 12:36:01,687 - Comparison Step 157, Loss_X_TNG: 26.27574920654297, normE: 1.0
2024-12-26 12:36:03,329 - Comparison Step 158, Loss_X_TNG: 26.2783203125, normE: 1.0
2024-12-26 12:36:03,679 - Comparison Step 159, Loss_X_TNG: 26.2762508392334, normE: 1.0
2024-12-26 12:36:03,802 - Comparison Step 160, Loss_X_TNG: 26.27599334716797, normE: 0.9999999403953552
2024-12-26 12:36:04,810 - Comparison Step 161, Loss_X_TNG: 26.292083740234375, normE: 0.9999999403953552
2024-12-26 12:36:05,576 - Comparison Step 162, Loss_X_TNG: 26.278839111328125, normE: 1.0
2024-12-26 12:36:05,927 - Comparison Step 163, Loss_X_TNG: 26.276866912841797, normE: 0.9999999403953552
2024-12-26 12:36:06,250 - Comparison Step 164, Loss_X_TNG: 26.275711059570312, normE: 1.0
2024-12-26 12:36:06,301 - Comparison Step 165, Loss_X_TNG: 26.27528953552246, normE: 1.0
2024-12-26 12:36:06,516 - Comparison Step 166, Loss_X_TNG: 26.274778366088867, normE: 0.9999999403953552
2024-12-26 12:36:07,089 - Comparison Step 167, Loss_X_TNG: 26.278234481811523, normE: 1.0
2024-12-26 12:36:08,285 - Comparison Step 168, Loss_X_TNG: 26.272891998291016, normE: 0.9999999403953552
2024-12-26 12:36:08,700 - Comparison Step 169, Loss_X_TNG: 26.297203063964844, normE: 1.0
2024-12-26 12:36:08,864 - Comparison Step 170, Loss_X_TNG: 26.286802291870117, normE: 1.0
2024-12-26 12:36:09,086 - Comparison Step 171, Loss_X_TNG: 26.279111862182617, normE: 0.9999999403953552
2024-12-26 12:36:09,102 - Comparison Step 172, Loss_X_TNG: 26.278921127319336, normE: 1.0
2024-12-26 12:36:10,924 - Comparison Step 173, Loss_X_TNG: 26.27349281311035, normE: 0.9999999403953552
2024-12-26 12:36:11,867 - Comparison Step 174, Loss_X_TNG: 26.28203010559082, normE: 1.0
2024-12-26 12:36:12,232 - Comparison Step 175, Loss_X_TNG: 26.27606773376465, normE: 1.0
2024-12-26 12:36:12,303 - Comparison Step 176, Loss_X_TNG: 26.27567481994629, normE: 0.9999999403953552
2024-12-26 12:36:12,788 - Comparison Step 177, Loss_X_TNG: 26.282817840576172, normE: 1.0
2024-12-26 12:36:14,808 - Comparison Step 178, Loss_X_TNG: 26.276514053344727, normE: 1.0
2024-12-26 12:36:15,673 - Comparison Step 179, Loss_X_TNG: 26.277320861816406, normE: 0.9999999403953552
2024-12-26 12:36:16,122 - Comparison Step 180, Loss_X_TNG: 26.27509880065918, normE: 1.0
2024-12-26 12:36:16,196 - Comparison Step 181, Loss_X_TNG: 26.27485466003418, normE: 1.0
2024-12-26 12:36:17,379 - Comparison Step 182, Loss_X_TNG: 26.282825469970703, normE: 1.0
2024-12-26 12:36:18,257 - Comparison Step 183, Loss_X_TNG: 26.274932861328125, normE: 0.9999999403953552
2024-12-26 12:36:18,270 - Comparison Step 184, Loss_X_TNG: 26.274948120117188, normE: 0.9999998807907104
2024-12-26 12:36:21,076 - Comparison Step 185, Loss_X_TNG: 26.376827239990234, normE: 0.9999999403953552
2024-12-26 12:36:21,438 - Comparison Step 186, Loss_X_TNG: 26.280624389648438, normE: 0.9999999403953552
2024-12-26 12:36:21,571 - Comparison Step 187, Loss_X_TNG: 26.27859115600586, normE: 1.0000001192092896
2024-12-26 12:36:21,648 - Comparison Step 188, Loss_X_TNG: 26.277626037597656, normE: 0.9999999403953552
2024-12-26 12:36:21,786 - Comparison Step 189, Loss_X_TNG: 26.276803970336914, normE: 1.0
2024-12-26 12:36:22,192 - Comparison Step 190, Loss_X_TNG: 26.275053024291992, normE: 0.9999999403953552
2024-12-26 12:36:22,203 - Comparison Step 191, Loss_X_TNG: 26.274946212768555, normE: 1.0
2024-12-26 12:36:22,377 - Comparison Step 192, Loss_X_TNG: 26.274629592895508, normE: 0.9999999403953552
2024-12-26 12:36:23,485 - Comparison Step 193, Loss_X_TNG: 26.28810691833496, normE: 1.0
2024-12-26 12:36:23,691 - Comparison Step 194, Loss_X_TNG: 26.282827377319336, normE: 1.0
2024-12-26 12:36:24,096 - Comparison Step 195, Loss_X_TNG: 26.278100967407227, normE: 1.0000001192092896
2024-12-26 12:36:24,129 - Comparison Step 196, Loss_X_TNG: 26.27794647216797, normE: 1.0
2024-12-26 12:36:24,603 - Comparison Step 197, Loss_X_TNG: 26.275474548339844, normE: 0.9999999403953552
2024-12-26 12:36:24,659 - Comparison Step 198, Loss_X_TNG: 26.275293350219727, normE: 0.9999999403953552
2024-12-26 12:36:25,641 - Comparison Step 199, Loss_X_TNG: 26.272945404052734, normE: 1.0
2024-12-26 12:36:26,131 - Comparison Step 200, Loss_X_TNG: 26.29453468322754, normE: 1.0
2024-12-26 12:36:26,587 - Comparison Step 201, Loss_X_TNG: 26.274789810180664, normE: 0.9999999403953552
2024-12-26 12:36:26,640 - Comparison Step 202, Loss_X_TNG: 26.27460289001465, normE: 1.0
2024-12-26 12:36:27,065 - Comparison Step 203, Loss_X_TNG: 26.27289581298828, normE: 1.0
2024-12-26 12:36:27,441 - Comparison Step 204, Loss_X_TNG: 26.27220916748047, normE: 1.0
2024-12-26 12:36:28,453 - Comparison Step 205, Loss_X_TNG: 26.28285789489746, normE: 0.9999999403953552
2024-12-26 12:36:28,578 - Comparison Step 206, Loss_X_TNG: 26.27948760986328, normE: 1.0
2024-12-26 12:36:29,218 - Comparison Step 207, Loss_X_TNG: 26.27846908569336, normE: 1.0
2024-12-26 12:36:29,412 - Comparison Step 208, Loss_X_TNG: 26.276729583740234, normE: 0.9999999403953552
2024-12-26 12:36:29,620 - Comparison Step 209, Loss_X_TNG: 26.275527954101562, normE: 0.9999999403953552
2024-12-26 12:36:29,851 - Comparison Step 210, Loss_X_TNG: 26.274837493896484, normE: 1.0
2024-12-26 12:36:30,978 - Comparison Step 211, Loss_X_TNG: 26.272350311279297, normE: 1.0
2024-12-26 12:36:32,538 - Comparison Step 212, Loss_X_TNG: 26.276330947875977, normE: 0.9999998807907104
2024-12-26 12:36:32,716 - Comparison Step 213, Loss_X_TNG: 26.275463104248047, normE: 0.9999999403953552
2024-12-26 12:36:32,937 - Comparison Step 214, Loss_X_TNG: 26.27461051940918, normE: 0.9999999403953552
2024-12-26 12:36:35,340 - Comparison Step 215, Loss_X_TNG: 26.275157928466797, normE: 1.0
2024-12-26 12:36:35,963 - Comparison Step 216, Loss_X_TNG: 26.273624420166016, normE: 0.9999999403953552
2024-12-26 12:36:36,372 - Comparison Step 217, Loss_X_TNG: 26.272789001464844, normE: 0.9999999403953552
2024-12-26 12:36:37,126 - Comparison Step 218, Loss_X_TNG: 26.284456253051758, normE: 0.9999999403953552
2024-12-26 12:36:37,648 - Comparison Step 219, Loss_X_TNG: 26.277956008911133, normE: 1.0
2024-12-26 12:36:38,029 - Comparison Step 220, Loss_X_TNG: 26.276269912719727, normE: 0.9999999403953552
2024-12-26 12:36:38,321 - Comparison Step 221, Loss_X_TNG: 26.275434494018555, normE: 1.0
2024-12-26 12:36:38,717 - Comparison Step 222, Loss_X_TNG: 26.274383544921875, normE: 1.0
2024-12-26 12:36:39,441 - Comparison Step 223, Loss_X_TNG: 26.28046417236328, normE: 1.0
2024-12-26 12:36:40,062 - Comparison Step 224, Loss_X_TNG: 26.27607536315918, normE: 1.0000001192092896
2024-12-26 12:36:40,532 - Comparison Step 225, Loss_X_TNG: 26.274843215942383, normE: 0.9999999403953552
2024-12-26 12:36:42,919 - Comparison Step 226, Loss_X_TNG: 26.275190353393555, normE: 0.9999999403953552
2024-12-26 12:36:43,127 - Comparison Step 227, Loss_X_TNG: 26.27469825744629, normE: 1.0
2024-12-26 12:36:43,373 - Comparison Step 228, Loss_X_TNG: 26.274036407470703, normE: 0.9999999403953552
2024-12-26 12:36:44,668 - Comparison Step 229, Loss_X_TNG: 26.277372360229492, normE: 1.0
2024-12-26 12:36:45,096 - Comparison Step 230, Loss_X_TNG: 26.27566146850586, normE: 0.9999999403953552
2024-12-26 12:36:46,380 - Comparison Step 231, Loss_X_TNG: 26.28205680847168, normE: 1.0
2024-12-26 12:36:46,813 - Comparison Step 232, Loss_X_TNG: 26.27740478515625, normE: 0.9999999403953552
2024-12-26 12:36:46,927 - Comparison Step 233, Loss_X_TNG: 26.276813507080078, normE: 1.0
2024-12-26 12:36:48,490 - Comparison Step 234, Loss_X_TNG: 26.2844181060791, normE: 0.9999999403953552
2024-12-26 12:36:48,599 - Comparison Step 235, Loss_X_TNG: 26.28192138671875, normE: 1.0
2024-12-26 12:36:49,354 - Comparison Step 236, Loss_X_TNG: 26.275657653808594, normE: 1.0000001192092896
2024-12-26 12:36:49,434 - Comparison Step 237, Loss_X_TNG: 26.2753849029541, normE: 1.0
2024-12-26 12:36:49,565 - Comparison Step 238, Loss_X_TNG: 26.27509880065918, normE: 1.0
2024-12-26 12:36:50,462 - Comparison Step 239, Loss_X_TNG: 26.281688690185547, normE: 1.0
2024-12-26 12:36:51,115 - Comparison Step 240, Loss_X_TNG: 26.276723861694336, normE: 1.0
2024-12-26 12:36:51,570 - Comparison Step 241, Loss_X_TNG: 26.285436630249023, normE: 1.0
2024-12-26 12:36:52,856 - Comparison Step 242, Loss_X_TNG: 26.27511978149414, normE: 1.0
2024-12-26 12:36:52,913 - Comparison Step 243, Loss_X_TNG: 26.275188446044922, normE: 1.0
2024-12-26 12:36:53,180 - Comparison Step 244, Loss_X_TNG: 26.274646759033203, normE: 1.0
2024-12-26 12:36:53,824 - Comparison Step 245, Loss_X_TNG: 26.273338317871094, normE: 1.0
2024-12-26 12:36:54,194 - Comparison Step 246, Loss_X_TNG: 26.272951126098633, normE: 1.0
2024-12-26 12:36:54,665 - Comparison Step 247, Loss_X_TNG: 26.28826904296875, normE: 1.0
2024-12-26 12:36:55,414 - Comparison Step 248, Loss_X_TNG: 26.2762508392334, normE: 0.9999999403953552
2024-12-26 12:36:55,618 - Comparison Step 249, Loss_X_TNG: 26.27545928955078, normE: 0.9999999403953552
2024-12-26 12:36:57,744 - Comparison Step 250, Loss_X_TNG: 26.282808303833008, normE: 1.0
2024-12-26 12:36:58,155 - Comparison Step 251, Loss_X_TNG: 26.277952194213867, normE: 1.0
2024-12-26 12:36:58,245 - Comparison Step 252, Loss_X_TNG: 26.277462005615234, normE: 1.0
2024-12-26 12:37:01,051 - Comparison Step 253, Loss_X_TNG: 26.30760955810547, normE: 0.9999999403953552
2024-12-26 12:37:02,463 - Comparison Step 254, Loss_X_TNG: 26.27517318725586, normE: 1.0
2024-12-26 12:37:02,582 - Comparison Step 255, Loss_X_TNG: 26.274829864501953, normE: 0.9999999403953552
2024-12-26 12:37:02,657 - Comparison Step 256, Loss_X_TNG: 26.274662017822266, normE: 0.9999999403953552
2024-12-26 12:37:02,691 - Comparison Step 257, Loss_X_TNG: 26.274555206298828, normE: 1.0
2024-12-26 12:37:03,114 - Comparison Step 258, Loss_X_TNG: 26.274320602416992, normE: 0.9999999403953552
2024-12-26 12:37:03,284 - Comparison Step 259, Loss_X_TNG: 26.27354621887207, normE: 1.0
2024-12-26 12:37:03,804 - Comparison Step 260, Loss_X_TNG: 26.278324127197266, normE: 1.0
2024-12-26 12:37:04,084 - Comparison Step 261, Loss_X_TNG: 26.27637481689453, normE: 1.0
2024-12-26 12:37:04,588 - Comparison Step 262, Loss_X_TNG: 26.27438735961914, normE: 1.0
2024-12-26 12:37:05,031 - Comparison Step 263, Loss_X_TNG: 26.273513793945312, normE: 0.9999999403953552
2024-12-26 12:37:05,092 - Comparison Step 264, Loss_X_TNG: 26.273258209228516, normE: 1.0
2024-12-26 12:37:05,789 - Comparison Step 265, Loss_X_TNG: 26.278135299682617, normE: 1.0
2024-12-26 12:37:05,897 - Comparison Step 266, Loss_X_TNG: 26.2767391204834, normE: 0.9999999403953552
2024-12-26 12:37:07,405 - Comparison Step 267, Loss_X_TNG: 26.275239944458008, normE: 0.9999999403953552
2024-12-26 12:37:07,444 - Comparison Step 268, Loss_X_TNG: 26.275001525878906, normE: 0.9999999403953552
2024-12-26 12:37:07,924 - Comparison Step 269, Loss_X_TNG: 26.293067932128906, normE: 0.9999999403953552
2024-12-26 12:37:08,925 - Comparison Step 270, Loss_X_TNG: 26.274778366088867, normE: 1.0
2024-12-26 12:37:10,622 - Comparison Step 271, Loss_X_TNG: 26.28462791442871, normE: 1.0
2024-12-26 12:37:11,318 - Comparison Step 272, Loss_X_TNG: 26.27756690979004, normE: 1.0
2024-12-26 12:37:12,923 - Comparison Step 273, Loss_X_TNG: 26.284194946289062, normE: 1.0
2024-12-26 12:37:13,714 - Comparison Step 274, Loss_X_TNG: 26.27482032775879, normE: 0.9999999403953552
2024-12-26 12:37:13,885 - Comparison Step 275, Loss_X_TNG: 26.273908615112305, normE: 1.0
2024-12-26 12:37:14,048 - Comparison Step 276, Loss_X_TNG: 26.274036407470703, normE: 0.9999999403953552
2024-12-26 12:37:14,102 - Comparison Step 277, Loss_X_TNG: 26.273544311523438, normE: 0.9999999403953552
2024-12-26 12:37:14,242 - Comparison Step 278, Loss_X_TNG: 26.27320098876953, normE: 1.0
2024-12-26 12:37:15,571 - Comparison Step 279, Loss_X_TNG: 26.276870727539062, normE: 1.0
2024-12-26 12:37:16,008 - Comparison Step 280, Loss_X_TNG: 26.274442672729492, normE: 1.0
2024-12-26 12:37:16,323 - Comparison Step 281, Loss_X_TNG: 26.285551071166992, normE: 1.0
2024-12-26 12:37:16,767 - Comparison Step 282, Loss_X_TNG: 26.275758743286133, normE: 1.0
2024-12-26 12:37:17,423 - Comparison Step 283, Loss_X_TNG: 26.27323341369629, normE: 1.0
2024-12-26 12:37:18,933 - Comparison Step 284, Loss_X_TNG: 26.282705307006836, normE: 0.9999999403953552
2024-12-26 12:37:19,326 - Comparison Step 285, Loss_X_TNG: 26.2773380279541, normE: 1.0
2024-12-26 12:37:19,681 - Comparison Step 286, Loss_X_TNG: 26.27520179748535, normE: 1.0
2024-12-26 12:37:19,780 - Comparison Step 287, Loss_X_TNG: 26.27495002746582, normE: 1.0
2024-12-26 12:37:22,014 - Comparison Step 288, Loss_X_TNG: 26.276016235351562, normE: 1.0
2024-12-26 12:37:22,170 - Comparison Step 289, Loss_X_TNG: 26.275259017944336, normE: 1.0
2024-12-26 12:37:22,262 - Comparison Step 290, Loss_X_TNG: 26.275264739990234, normE: 1.0
2024-12-26 12:37:24,963 - Comparison Step 291, Loss_X_TNG: 26.286067962646484, normE: 1.0
2024-12-26 12:37:25,053 - Comparison Step 292, Loss_X_TNG: 26.28371810913086, normE: 1.0
2024-12-26 12:37:25,552 - Comparison Step 293, Loss_X_TNG: 26.277111053466797, normE: 1.0
2024-12-26 12:37:26,994 - Comparison Step 294, Loss_X_TNG: 26.27609634399414, normE: 1.0
2024-12-26 12:37:27,389 - Comparison Step 295, Loss_X_TNG: 26.274168014526367, normE: 0.9999999403953552
2024-12-26 12:37:27,845 - Comparison Step 296, Loss_X_TNG: 26.27265167236328, normE: 1.0
2024-12-26 12:37:28,101 - Comparison Step 297, Loss_X_TNG: 26.27228355407715, normE: 1.0
2024-12-26 12:37:28,699 - Comparison Step 298, Loss_X_TNG: 26.27159881591797, normE: 1.0
2024-12-26 12:37:28,779 - Comparison Step 299, Loss_X_TNG: 26.271486282348633, normE: 1.0
2024-12-26 12:37:28,780 - Norm2 (Comparison Algorithm): 26.271486282348633
2024-12-26 12:37:31,556 - Norm2 (Original TR Algorithm): 26.600841522216797
2024-12-26 12:37:31,556 - Norm2 (Our Algorithm): 26.285865783691406
2024-12-26 12:37:31,649 - Clipping input data to the valid range for imshow with RGB data ([0..1] for floats or [0..255] for integers). Got range [-0.114501245..1.1688766].
2024-12-26 12:37:31,653 - Clipping input data to the valid range for imshow with RGB data ([0..1] for floats or [0..255] for integers). Got range [-0.012095873..0.0114360135].
2024-12-26 12:37:31,655 - Clipping input data to the valid range for imshow with RGB data ([0..1] for floats or [0..255] for integers). Got range [-0.009789399..1.0086694].
2024-12-26 12:37:31,657 - Clipping input data to the valid range for imshow with RGB data ([0..1] for floats or [0..255] for integers). Got range [-0.12842801..1.1645823].
2024-12-26 12:37:31,660 - Clipping input data to the valid range for imshow with RGB data ([0..1] for floats or [0..255] for integers). Got range [-0.0054057045..0.004794341].
2024-12-26 12:37:31,662 - Clipping input data to the valid range for imshow with RGB data ([0..1] for floats or [0..255] for integers). Got range [-0.002769512..1.0029403].
2024-12-26 12:37:31,664 - Clipping input data to the valid range for imshow with RGB data ([0..1] for floats or [0..255] for integers). Got range [-0.12537892..1.1582975].
