2024-12-25 19:55:19,363 - Norm2 (epsilon): 2500
2024-12-25 19:55:19,363 - Optimization parameters:
2024-12-25 19:55:19,363 - epsilon (Frobenius norm constraint): 2500
2024-12-25 19:55:19,363 - inner_tol (Tolerance for inner optimization): 1e-10
2024-12-25 19:55:19,363 - lr (Learning rate): 0.01
2024-12-25 19:55:19,363 - outer_num_steps (Number of outer optimization steps): 100
2024-12-25 19:55:19,363 - inner_num_steps (Number of inner optimization steps): 500
2024-12-25 19:55:19,363 - outer_dis_num (Display loss every outer_dis_num steps): 1
2024-12-25 19:55:19,363 - inner_dis_num (Display loss every inner_dis_num steps): 2000
2024-12-25 19:55:28,300 - Step 0, RSE_E: 1.1627185344696045, Loss_X_Ours: 29.916475296020508, normE: 50.0
2024-12-25 19:55:36,845 - Step 1, RSE_E: 1.294473648071289, Loss_X_Ours: 30.356523513793945, normE: 50.0
2024-12-25 19:55:45,383 - Step 2, RSE_E: 1.442527174949646, Loss_X_Ours: 30.926481246948242, normE: 50.0
2024-12-25 19:55:53,884 - Step 3, RSE_E: 1.6068352460861206, Loss_X_Ours: 31.607372283935547, normE: 49.999996185302734
2024-12-25 19:55:56,103 - Step 4, RSE_E: 1.7872754335403442, Loss_X_Ours: 32.41193389892578, normE: 50.0
2024-12-25 19:55:56,489 - Step 5, RSE_E: 1.9814634323120117, Loss_X_Ours: 33.338645935058594, normE: 50.0
2024-12-25 19:55:56,992 - Step 6, RSE_E: 2.1861908435821533, Loss_X_Ours: 34.39922332763672, normE: 49.999996185302734
2024-12-25 19:55:57,815 - Step 7, RSE_E: 2.3962807655334473, Loss_X_Ours: 35.59535598754883, normE: 50.0
2024-12-25 19:55:58,467 - Step 8, RSE_E: 2.6045401096343994, Loss_X_Ours: 36.937171936035156, normE: 50.0
2024-12-25 19:55:59,752 - Step 9, RSE_E: 2.801826000213623, Loss_X_Ours: 38.40565490722656, normE: 50.0
2024-12-25 19:56:01,675 - Step 10, RSE_E: 2.9776031970977783, Loss_X_Ours: 39.99127960205078, normE: 50.000003814697266
2024-12-25 19:56:02,677 - Step 11, RSE_E: 3.1208677291870117, Loss_X_Ours: 41.65932083129883, normE: 50.0
2024-12-25 19:56:03,446 - Step 12, RSE_E: 3.221647024154663, Loss_X_Ours: 43.37561798095703, normE: 50.0
2024-12-25 19:56:04,969 - Step 13, RSE_E: 3.272524118423462, Loss_X_Ours: 45.09088134765625, normE: 49.999996185302734
2024-12-25 19:56:06,083 - Step 14, RSE_E: 3.2700703144073486, Loss_X_Ours: 46.75912094116211, normE: 49.999996185302734
2024-12-25 19:56:07,017 - Step 15, RSE_E: 3.215413808822632, Loss_X_Ours: 48.32945251464844, normE: 50.0
2024-12-25 19:56:08,917 - Step 16, RSE_E: 3.114171266555786, Loss_X_Ours: 49.76038360595703, normE: 49.999996185302734
2024-12-25 19:56:09,997 - Step 17, RSE_E: 2.9749341011047363, Loss_X_Ours: 51.04291534423828, normE: 50.0
2024-12-25 19:56:11,278 - Step 18, RSE_E: 2.808407783508301, Loss_X_Ours: 52.15255355834961, normE: 50.000003814697266
2024-12-25 19:56:13,128 - Step 19, RSE_E: 2.6254124641418457, Loss_X_Ours: 53.0887565612793, normE: 50.0
2024-12-25 19:56:14,514 - Step 20, RSE_E: 2.435554027557373, Loss_X_Ours: 53.87135696411133, normE: 50.0
2024-12-25 19:56:16,505 - Step 21, RSE_E: 2.2471389770507812, Loss_X_Ours: 54.49738311767578, normE: 50.0
2024-12-25 19:56:19,437 - Step 22, RSE_E: 2.066230297088623, Loss_X_Ours: 55.01026153564453, normE: 50.0
2024-12-25 19:56:20,375 - Step 23, RSE_E: 1.8962818384170532, Loss_X_Ours: 55.41050338745117, normE: 50.000003814697266
2024-12-25 19:56:21,992 - Step 24, RSE_E: 1.7406502962112427, Loss_X_Ours: 55.725894927978516, normE: 50.000003814697266
2024-12-25 19:56:23,530 - Step 25, RSE_E: 1.6000831127166748, Loss_X_Ours: 55.9718017578125, normE: 50.000003814697266
2024-12-25 19:56:25,788 - Step 26, RSE_E: 1.4749506711959839, Loss_X_Ours: 56.15863800048828, normE: 49.999996185302734
2024-12-25 19:56:27,030 - Step 27, RSE_E: 1.3640803098678589, Loss_X_Ours: 56.299442291259766, normE: 49.999996185302734
2024-12-25 19:56:27,981 - Step 28, RSE_E: 1.2667925357818604, Loss_X_Ours: 56.40340805053711, normE: 50.000003814697266
2024-12-25 19:56:31,171 - Step 29, RSE_E: 1.1830952167510986, Loss_X_Ours: 56.49705123901367, normE: 50.0
2024-12-25 19:56:33,169 - Step 30, RSE_E: 1.1095781326293945, Loss_X_Ours: 56.546852111816406, normE: 50.000003814697266
2024-12-25 19:56:33,687 - Step 31, RSE_E: 1.0448634624481201, Loss_X_Ours: 56.59688186645508, normE: 49.999996185302734
2024-12-25 19:56:34,230 - Step 32, RSE_E: 0.9887250661849976, Loss_X_Ours: 56.63380432128906, normE: 50.0
2024-12-25 19:56:34,986 - Step 33, RSE_E: 0.9401708245277405, Loss_X_Ours: 56.652469635009766, normE: 50.000003814697266
2024-12-25 19:56:37,528 - Step 34, RSE_E: 0.8987825512886047, Loss_X_Ours: 56.66588592529297, normE: 50.0
2024-12-25 19:56:38,746 - Step 35, RSE_E: 0.8610619306564331, Loss_X_Ours: 56.69207763671875, normE: 50.0
2024-12-25 19:56:40,609 - Step 36, RSE_E: 0.8280135989189148, Loss_X_Ours: 56.68480682373047, normE: 49.999996185302734
2024-12-25 19:56:40,971 - Step 37, RSE_E: 0.7971113324165344, Loss_X_Ours: 56.706146240234375, normE: 50.000003814697266
2024-12-25 19:56:41,591 - Step 38, RSE_E: 0.7698625922203064, Loss_X_Ours: 56.696006774902344, normE: 50.0
2024-12-25 19:56:44,230 - Step 39, RSE_E: 0.7466000914573669, Loss_X_Ours: 56.692623138427734, normE: 50.0
2024-12-25 19:56:44,453 - Step 40, RSE_E: 0.7227780818939209, Loss_X_Ours: 56.691917419433594, normE: 50.000003814697266
2024-12-25 19:56:46,981 - Step 41, RSE_E: 0.7031259536743164, Loss_X_Ours: 56.701438903808594, normE: 50.0
2024-12-25 19:56:47,543 - Step 42, RSE_E: 0.6831108331680298, Loss_X_Ours: 56.696815490722656, normE: 50.0
2024-12-25 19:56:48,561 - Step 43, RSE_E: 0.664745032787323, Loss_X_Ours: 56.691715240478516, normE: 50.000003814697266
2024-12-25 19:56:48,974 - Step 44, RSE_E: 0.6467911601066589, Loss_X_Ours: 56.68602752685547, normE: 50.000003814697266
2024-12-25 19:56:49,237 - Step 45, RSE_E: 0.6296156048774719, Loss_X_Ours: 56.675437927246094, normE: 49.999996185302734
2024-12-25 19:56:52,616 - Step 46, RSE_E: 0.6162356734275818, Loss_X_Ours: 56.690242767333984, normE: 49.999996185302734
2024-12-25 19:56:52,968 - Step 47, RSE_E: 0.6004502773284912, Loss_X_Ours: 56.667381286621094, normE: 49.999996185302734
2024-12-25 19:56:54,474 - Step 48, RSE_E: 0.5866648554801941, Loss_X_Ours: 56.680938720703125, normE: 50.0
2024-12-25 19:56:56,015 - Step 49, RSE_E: 0.5732359886169434, Loss_X_Ours: 56.65584182739258, normE: 50.000003814697266
2024-12-25 19:56:56,604 - Step 50, RSE_E: 0.5595201253890991, Loss_X_Ours: 56.67121124267578, normE: 49.999996185302734
2024-12-25 19:56:57,700 - Step 51, RSE_E: 0.5469383597373962, Loss_X_Ours: 56.652706146240234, normE: 49.999996185302734
2024-12-25 19:56:58,364 - Step 52, RSE_E: 0.5344637632369995, Loss_X_Ours: 56.659942626953125, normE: 49.999996185302734
2024-12-25 19:57:00,092 - Step 53, RSE_E: 0.5231180787086487, Loss_X_Ours: 56.66849899291992, normE: 50.0
2024-12-25 19:57:01,651 - Step 54, RSE_E: 0.5117906928062439, Loss_X_Ours: 56.65690994262695, normE: 49.999996185302734
2024-12-25 19:57:01,991 - Step 55, RSE_E: 0.5000426173210144, Loss_X_Ours: 56.65849685668945, normE: 50.0
2024-12-25 19:57:02,925 - Step 56, RSE_E: 0.48931729793548584, Loss_X_Ours: 56.663936614990234, normE: 50.000003814697266
2024-12-25 19:57:03,842 - Step 57, RSE_E: 0.47905248403549194, Loss_X_Ours: 56.65542221069336, normE: 50.0
2024-12-25 19:57:05,239 - Step 58, RSE_E: 0.4691937565803528, Loss_X_Ours: 56.65406799316406, normE: 50.0
2024-12-25 19:57:06,649 - Step 59, RSE_E: 0.4595147967338562, Loss_X_Ours: 56.6300048828125, normE: 49.999996185302734
2024-12-25 19:57:10,147 - Step 60, RSE_E: 0.4510952830314636, Loss_X_Ours: 56.62552261352539, normE: 50.0
2024-12-25 19:57:13,001 - Step 61, RSE_E: 0.44219526648521423, Loss_X_Ours: 56.61735534667969, normE: 50.0
2024-12-25 19:57:15,812 - Step 62, RSE_E: 0.4336717128753662, Loss_X_Ours: 56.6306266784668, normE: 49.999996185302734
2024-12-25 19:57:16,875 - Step 63, RSE_E: 0.4243631064891815, Loss_X_Ours: 56.63299560546875, normE: 50.000003814697266
2024-12-25 19:57:25,045 - Step 64, RSE_E: 0.41777387261390686, Loss_X_Ours: 56.61806106567383, normE: 50.0
2024-12-25 19:57:25,342 - Step 65, RSE_E: 0.40837451815605164, Loss_X_Ours: 56.63368225097656, normE: 50.000003814697266
2024-12-25 19:57:29,004 - Step 66, RSE_E: 0.4010119140148163, Loss_X_Ours: 56.62226104736328, normE: 50.0
2024-12-25 19:57:29,998 - Step 67, RSE_E: 0.38934630155563354, Loss_X_Ours: 56.60786437988281, normE: 49.999996185302734
2024-12-25 19:57:36,583 - Step 68, RSE_E: 0.3832508623600006, Loss_X_Ours: 56.61863327026367, normE: 49.999996185302734
2024-12-25 19:57:39,675 - Step 69, RSE_E: 0.3755488097667694, Loss_X_Ours: 56.6136474609375, normE: 50.000003814697266
2024-12-25 19:57:46,849 - Step 70, RSE_E: 0.36932218074798584, Loss_X_Ours: 56.64436340332031, normE: 49.999996185302734
2024-12-25 19:57:49,443 - Step 71, RSE_E: 0.3617769777774811, Loss_X_Ours: 56.60889434814453, normE: 50.000003814697266
2024-12-25 19:57:53,337 - Step 72, RSE_E: 0.35519200563430786, Loss_X_Ours: 56.63824462890625, normE: 50.0
2024-12-25 19:58:01,053 - Step 73, RSE_E: 0.3518819212913513, Loss_X_Ours: 56.5861701965332, normE: 50.000003814697266
2024-12-25 19:58:02,590 - Step 74, RSE_E: 0.34169861674308777, Loss_X_Ours: 56.614654541015625, normE: 50.0
2024-12-25 19:58:03,938 - Step 75, RSE_E: 0.3349517285823822, Loss_X_Ours: 56.58867263793945, normE: 50.000003814697266
2024-12-25 19:58:05,051 - Step 76, RSE_E: 0.32860907912254333, Loss_X_Ours: 56.59865951538086, normE: 49.999996185302734
2024-12-25 19:58:08,663 - Step 77, RSE_E: 0.32285168766975403, Loss_X_Ours: 56.60327911376953, normE: 50.0
2024-12-25 19:58:15,833 - Step 78, RSE_E: 0.31835559010505676, Loss_X_Ours: 56.611454010009766, normE: 50.00000762939453
2024-12-25 19:58:21,735 - Step 79, RSE_E: 0.31522369384765625, Loss_X_Ours: 56.617069244384766, normE: 50.0
2024-12-25 19:58:22,245 - Step 80, RSE_E: 0.30569353699684143, Loss_X_Ours: 56.5982780456543, normE: 50.000003814697266
2024-12-25 19:58:23,833 - Step 81, RSE_E: 0.3003700077533722, Loss_X_Ours: 56.57501220703125, normE: 50.0
2024-12-25 19:58:27,442 - Step 82, RSE_E: 0.29567763209342957, Loss_X_Ours: 56.60068893432617, normE: 49.999996185302734
2024-12-25 19:58:29,391 - Step 83, RSE_E: 0.2902442514896393, Loss_X_Ours: 56.57936477661133, normE: 50.0
2024-12-25 19:58:30,450 - Step 84, RSE_E: 0.28465792536735535, Loss_X_Ours: 56.586185455322266, normE: 50.0
2024-12-25 19:58:31,186 - Step 85, RSE_E: 0.2793794870376587, Loss_X_Ours: 56.58290481567383, normE: 50.0
2024-12-25 19:58:39,739 - Step 86, RSE_E: 0.2788769006729126, Loss_X_Ours: 56.6116943359375, normE: 50.0
2024-12-25 19:58:43,093 - Step 87, RSE_E: 0.2710936963558197, Loss_X_Ours: 56.58755874633789, normE: 50.000003814697266
2024-12-25 19:58:45,974 - Step 88, RSE_E: 0.2663939893245697, Loss_X_Ours: 56.575435638427734, normE: 50.000003814697266
2024-12-25 19:58:46,620 - Step 89, RSE_E: 0.26145681738853455, Loss_X_Ours: 56.58066177368164, normE: 49.999996185302734
2024-12-25 19:58:51,137 - Step 90, RSE_E: 0.25787559151649475, Loss_X_Ours: 56.608089447021484, normE: 50.0
2024-12-25 19:58:52,162 - Step 91, RSE_E: 0.25321879982948303, Loss_X_Ours: 56.60818862915039, normE: 50.0
2024-12-25 19:58:53,334 - Step 92, RSE_E: 0.24896809458732605, Loss_X_Ours: 56.59073257446289, normE: 50.000003814697266
2024-12-25 19:58:55,043 - Step 93, RSE_E: 0.24474404752254486, Loss_X_Ours: 56.607852935791016, normE: 50.000003814697266
2024-12-25 19:59:03,430 - Step 94, RSE_E: 0.2442716807126999, Loss_X_Ours: 56.56987762451172, normE: 50.000003814697266
2024-12-25 19:59:05,990 - Step 95, RSE_E: 0.24034357070922852, Loss_X_Ours: 56.590213775634766, normE: 49.999996185302734
2024-12-25 19:59:06,351 - Step 96, RSE_E: 0.2357148677110672, Loss_X_Ours: 56.575862884521484, normE: 50.0
2024-12-25 19:59:09,301 - Step 97, RSE_E: 0.22952955961227417, Loss_X_Ours: 56.60536575317383, normE: 49.999996185302734
2024-12-25 19:59:09,937 - Step 98, RSE_E: 0.2255723923444748, Loss_X_Ours: 56.57990264892578, normE: 50.0
2024-12-25 19:59:11,931 - Step 99, RSE_E: 0.22235900163650513, Loss_X_Ours: 56.59539031982422, normE: 50.0
2024-12-25 19:59:20,969 - Comparison Step 0, Loss_X_TNG: 29.61353302001953, normE: 50.0
2024-12-25 19:59:29,392 - Comparison Step 1, Loss_X_TNG: 29.21795654296875, normE: 50.000003814697266
2024-12-25 19:59:37,844 - Comparison Step 2, Loss_X_TNG: 29.976194381713867, normE: 50.0
2024-12-25 19:59:46,258 - Comparison Step 3, Loss_X_TNG: 30.232521057128906, normE: 50.0
2024-12-25 19:59:54,669 - Comparison Step 4, Loss_X_TNG: 29.995668411254883, normE: 50.0
2024-12-25 20:00:03,088 - Comparison Step 5, Loss_X_TNG: 29.444997787475586, normE: 50.0
2024-12-25 20:00:11,548 - Comparison Step 6, Loss_X_TNG: 29.4794864654541, normE: 50.0
2024-12-25 20:00:19,978 - Comparison Step 7, Loss_X_TNG: 29.24456214904785, normE: 50.000003814697266
2024-12-25 20:00:28,320 - Comparison Step 8, Loss_X_TNG: 29.185222625732422, normE: 49.999996185302734
2024-12-25 20:00:36,764 - Comparison Step 9, Loss_X_TNG: 29.344436645507812, normE: 50.000003814697266
2024-12-25 20:00:45,183 - Comparison Step 10, Loss_X_TNG: 29.522825241088867, normE: 50.0
2024-12-25 20:00:53,597 - Comparison Step 11, Loss_X_TNG: 29.761751174926758, normE: 49.99999237060547
2024-12-25 20:01:01,639 - Comparison Step 12, Loss_X_TNG: 29.153526306152344, normE: 50.0
2024-12-25 20:01:10,039 - Comparison Step 13, Loss_X_TNG: 29.526826858520508, normE: 49.999996185302734
2024-12-25 20:01:18,468 - Comparison Step 14, Loss_X_TNG: 29.331092834472656, normE: 50.000003814697266
2024-12-25 20:01:26,913 - Comparison Step 15, Loss_X_TNG: 29.305770874023438, normE: 50.0
2024-12-25 20:01:35,321 - Comparison Step 16, Loss_X_TNG: 29.27530860900879, normE: 50.0
2024-12-25 20:01:43,730 - Comparison Step 17, Loss_X_TNG: 29.713504791259766, normE: 50.0
2024-12-25 20:01:52,073 - Comparison Step 18, Loss_X_TNG: 29.580245971679688, normE: 50.0
2024-12-25 20:02:00,514 - Comparison Step 19, Loss_X_TNG: 29.781110763549805, normE: 49.999996185302734
2024-12-25 20:02:08,983 - Comparison Step 20, Loss_X_TNG: 29.248334884643555, normE: 49.999996185302734
2024-12-25 20:02:16,824 - Comparison Step 21, Loss_X_TNG: 29.539480209350586, normE: 50.000003814697266
2024-12-25 20:02:23,622 - Comparison Step 22, Loss_X_TNG: 29.342815399169922, normE: 50.0
2024-12-25 20:02:32,044 - Comparison Step 23, Loss_X_TNG: 29.3951473236084, normE: 50.0
2024-12-25 20:02:40,275 - Comparison Step 24, Loss_X_TNG: 29.49705696105957, normE: 50.0
2024-12-25 20:02:48,709 - Comparison Step 25, Loss_X_TNG: 29.1182804107666, normE: 50.0
2024-12-25 20:02:57,135 - Comparison Step 26, Loss_X_TNG: 29.41495132446289, normE: 49.999996185302734
2024-12-25 20:03:05,579 - Comparison Step 27, Loss_X_TNG: 29.123706817626953, normE: 50.0
2024-12-25 20:03:13,931 - Comparison Step 28, Loss_X_TNG: 29.627098083496094, normE: 50.0
2024-12-25 20:03:22,445 - Comparison Step 29, Loss_X_TNG: 29.903902053833008, normE: 49.999996185302734
2024-12-25 20:03:30,882 - Comparison Step 30, Loss_X_TNG: 29.878005981445312, normE: 50.0
2024-12-25 20:03:39,299 - Comparison Step 31, Loss_X_TNG: 29.635793685913086, normE: 49.999996185302734
2024-12-25 20:03:47,732 - Comparison Step 32, Loss_X_TNG: 29.167329788208008, normE: 50.000003814697266
2024-12-25 20:03:56,198 - Comparison Step 33, Loss_X_TNG: 29.484909057617188, normE: 50.000003814697266
2024-12-25 20:04:04,632 - Comparison Step 34, Loss_X_TNG: 29.15545082092285, normE: 50.000003814697266
2024-12-25 20:04:13,068 - Comparison Step 35, Loss_X_TNG: 29.667682647705078, normE: 49.999996185302734
2024-12-25 20:04:21,485 - Comparison Step 36, Loss_X_TNG: 29.63749122619629, normE: 50.000003814697266
2024-12-25 20:04:29,870 - Comparison Step 37, Loss_X_TNG: 29.421323776245117, normE: 50.000003814697266
2024-12-25 20:04:38,285 - Comparison Step 38, Loss_X_TNG: 29.46746826171875, normE: 50.0
2024-12-25 20:04:46,718 - Comparison Step 39, Loss_X_TNG: 29.384845733642578, normE: 50.000003814697266
2024-12-25 20:04:53,285 - Comparison Step 40, Loss_X_TNG: 29.50026512145996, normE: 50.0
2024-12-25 20:05:01,686 - Comparison Step 41, Loss_X_TNG: 29.479019165039062, normE: 50.000003814697266
2024-12-25 20:05:10,102 - Comparison Step 42, Loss_X_TNG: 29.376562118530273, normE: 50.0
2024-12-25 20:05:18,559 - Comparison Step 43, Loss_X_TNG: 29.69754981994629, normE: 50.0
2024-12-25 20:05:26,977 - Comparison Step 44, Loss_X_TNG: 29.821672439575195, normE: 50.000003814697266
2024-12-25 20:05:35,430 - Comparison Step 45, Loss_X_TNG: 29.755184173583984, normE: 49.999996185302734
2024-12-25 20:05:43,822 - Comparison Step 46, Loss_X_TNG: 29.8022518157959, normE: 50.0
2024-12-25 20:05:52,213 - Comparison Step 47, Loss_X_TNG: 29.656978607177734, normE: 50.0
2024-12-25 20:06:00,643 - Comparison Step 48, Loss_X_TNG: 29.59061622619629, normE: 50.0
2024-12-25 20:06:05,158 - Comparison Step 49, Loss_X_TNG: 29.07832145690918, normE: 50.0
2024-12-25 20:06:13,630 - Comparison Step 50, Loss_X_TNG: 29.537681579589844, normE: 50.000003814697266
2024-12-25 20:06:22,033 - Comparison Step 51, Loss_X_TNG: 29.591941833496094, normE: 49.999996185302734
2024-12-25 20:06:30,429 - Comparison Step 52, Loss_X_TNG: 30.27168083190918, normE: 49.999996185302734
2024-12-25 20:06:38,874 - Comparison Step 53, Loss_X_TNG: 29.646718978881836, normE: 50.0
2024-12-25 20:06:47,268 - Comparison Step 54, Loss_X_TNG: 29.543827056884766, normE: 50.000003814697266
2024-12-25 20:06:55,691 - Comparison Step 55, Loss_X_TNG: 29.278173446655273, normE: 50.000003814697266
2024-12-25 20:07:04,103 - Comparison Step 56, Loss_X_TNG: 29.490158081054688, normE: 49.999996185302734
2024-12-25 20:07:12,564 - Comparison Step 57, Loss_X_TNG: 29.84576416015625, normE: 49.999996185302734
2024-12-25 20:07:20,926 - Comparison Step 58, Loss_X_TNG: 29.550010681152344, normE: 49.999996185302734
2024-12-25 20:07:29,360 - Comparison Step 59, Loss_X_TNG: 29.684406280517578, normE: 50.0
2024-12-25 20:07:37,762 - Comparison Step 60, Loss_X_TNG: 29.781164169311523, normE: 50.000003814697266
2024-12-25 20:07:46,175 - Comparison Step 61, Loss_X_TNG: 29.679431915283203, normE: 50.0
2024-12-25 20:07:53,770 - Comparison Step 62, Loss_X_TNG: 29.39917755126953, normE: 50.0
2024-12-25 20:08:02,251 - Comparison Step 63, Loss_X_TNG: 29.615264892578125, normE: 50.000003814697266
2024-12-25 20:08:10,692 - Comparison Step 64, Loss_X_TNG: 29.49427604675293, normE: 50.0
2024-12-25 20:08:19,110 - Comparison Step 65, Loss_X_TNG: 29.587865829467773, normE: 49.999996185302734
2024-12-25 20:08:27,543 - Comparison Step 66, Loss_X_TNG: 29.767658233642578, normE: 49.999996185302734
2024-12-25 20:08:35,986 - Comparison Step 67, Loss_X_TNG: 29.42023277282715, normE: 50.0
2024-12-25 20:08:44,344 - Comparison Step 68, Loss_X_TNG: 29.584489822387695, normE: 50.0
2024-12-25 20:08:52,758 - Comparison Step 69, Loss_X_TNG: 29.578876495361328, normE: 50.0
2024-12-25 20:09:01,176 - Comparison Step 70, Loss_X_TNG: 29.79736328125, normE: 50.000003814697266
2024-12-25 20:09:09,595 - Comparison Step 71, Loss_X_TNG: 29.614681243896484, normE: 50.0
2024-12-25 20:09:18,068 - Comparison Step 72, Loss_X_TNG: 29.644075393676758, normE: 50.0
2024-12-25 20:09:26,470 - Comparison Step 73, Loss_X_TNG: 29.532611846923828, normE: 50.0
2024-12-25 20:09:34,891 - Comparison Step 74, Loss_X_TNG: 29.50771141052246, normE: 49.999996185302734
2024-12-25 20:09:43,335 - Comparison Step 75, Loss_X_TNG: 29.85340690612793, normE: 50.0
2024-12-25 20:09:51,774 - Comparison Step 76, Loss_X_TNG: 29.348737716674805, normE: 50.000003814697266
2024-12-25 20:10:00,120 - Comparison Step 77, Loss_X_TNG: 29.845041275024414, normE: 50.000003814697266
2024-12-25 20:10:08,573 - Comparison Step 78, Loss_X_TNG: 29.69922637939453, normE: 49.999996185302734
2024-12-25 20:10:17,004 - Comparison Step 79, Loss_X_TNG: 29.36135482788086, normE: 50.000003814697266
2024-12-25 20:10:25,426 - Comparison Step 80, Loss_X_TNG: 29.281536102294922, normE: 50.0
2024-12-25 20:10:33,895 - Comparison Step 81, Loss_X_TNG: 29.33225440979004, normE: 49.999996185302734
2024-12-25 20:10:42,326 - Comparison Step 82, Loss_X_TNG: 29.632858276367188, normE: 50.0
2024-12-25 20:10:50,737 - Comparison Step 83, Loss_X_TNG: 29.87480354309082, normE: 50.0
2024-12-25 20:10:59,183 - Comparison Step 84, Loss_X_TNG: 29.92293357849121, normE: 50.000003814697266
2024-12-25 20:11:07,639 - Comparison Step 85, Loss_X_TNG: 29.516923904418945, normE: 50.000003814697266
2024-12-25 20:11:16,068 - Comparison Step 86, Loss_X_TNG: 29.301950454711914, normE: 50.000003814697266
2024-12-25 20:11:24,428 - Comparison Step 87, Loss_X_TNG: 29.43912124633789, normE: 50.000003814697266
2024-12-25 20:11:32,868 - Comparison Step 88, Loss_X_TNG: 29.551406860351562, normE: 50.000003814697266
2024-12-25 20:11:41,291 - Comparison Step 89, Loss_X_TNG: 29.42844009399414, normE: 50.0
2024-12-25 20:11:49,752 - Comparison Step 90, Loss_X_TNG: 29.551870346069336, normE: 49.999996185302734
2024-12-25 20:11:58,192 - Comparison Step 91, Loss_X_TNG: 29.41643714904785, normE: 49.999996185302734
2024-12-25 20:12:06,624 - Comparison Step 92, Loss_X_TNG: 29.603984832763672, normE: 50.0
2024-12-25 20:12:15,044 - Comparison Step 93, Loss_X_TNG: 29.53337287902832, normE: 49.999996185302734
2024-12-25 20:12:23,503 - Comparison Step 94, Loss_X_TNG: 29.919239044189453, normE: 50.0
2024-12-25 20:12:31,934 - Comparison Step 95, Loss_X_TNG: 29.897775650024414, normE: 50.000003814697266
2024-12-25 20:12:35,376 - Comparison Step 96, Loss_X_TNG: 29.52950096130371, normE: 50.000003814697266
2024-12-25 20:12:43,796 - Comparison Step 97, Loss_X_TNG: 29.57265853881836, normE: 50.0
2024-12-25 20:12:52,157 - Comparison Step 98, Loss_X_TNG: 29.427654266357422, normE: 49.999996185302734
2024-12-25 20:13:00,599 - Comparison Step 99, Loss_X_TNG: 30.011154174804688, normE: 50.0
2024-12-25 20:13:00,602 - Norm2 (Comparison Algorithm): 30.011154174804688
2024-12-25 20:13:08,994 - Norm2 (Original TR Algorithm): 26.57154655456543
2024-12-25 20:13:08,995 - Norm2 (Our Algorithm): 56.59539031982422
2024-12-25 20:13:09,093 - Clipping input data to the valid range for imshow with RGB data ([0..1] for floats or [0..255] for integers). Got range [-0.10835265..1.1616681].
2024-12-25 20:13:09,097 - Clipping input data to the valid range for imshow with RGB data ([0..1] for floats or [0..255] for integers). Got range [-0.658122..0.8752306].
2024-12-25 20:13:09,099 - Clipping input data to the valid range for imshow with RGB data ([0..1] for floats or [0..255] for integers). Got range [-0.64724797..1.5994273].
2024-12-25 20:13:09,101 - Clipping input data to the valid range for imshow with RGB data ([0..1] for floats or [0..255] for integers). Got range [-0.6843694..1.6610405].
2024-12-25 20:13:09,104 - Clipping input data to the valid range for imshow with RGB data ([0..1] for floats or [0..255] for integers). Got range [-0.23137905..0.22962634].
2024-12-25 20:13:09,106 - Clipping input data to the valid range for imshow with RGB data ([0..1] for floats or [0..255] for integers). Got range [-0.20412388..1.2101794].
2024-12-25 20:13:09,107 - Clipping input data to the valid range for imshow with RGB data ([0..1] for floats or [0..255] for integers). Got range [-0.18433179..1.1602142].
