2024-12-24 18:06:04,472 - Norm2 (epsilon): 100
2024-12-24 18:06:04,472 - Optimization parameters:
2024-12-24 18:06:04,472 - epsilon (Frobenius norm constraint): 100
2024-12-24 18:06:04,473 - inner_tol (Tolerance for inner optimization): 1e-10
2024-12-24 18:06:04,473 - lr (Learning rate): 0.01
2024-12-24 18:06:04,473 - outer_num_steps (Number of outer optimization steps): 300
2024-12-24 18:06:04,473 - inner_num_steps (Number of inner optimization steps): 500
2024-12-24 18:06:04,473 - outer_dis_num (Display loss every outer_dis_num steps): 1
2024-12-24 18:06:04,473 - inner_dis_num (Display loss every inner_dis_num steps): 2000
2024-12-24 18:06:06,550 - Step 0, RSE_E: 127.1168441772461, Loss_X_Ours: 40.390594482421875, normE: 100.0
2024-12-24 18:06:07,949 - Step 1, RSE_E: 48.05539321899414, Loss_X_Ours: 70.72496795654297, normE: 100.0
2024-12-24 18:06:09,346 - Step 2, RSE_E: 24.032485961914062, Loss_X_Ours: 91.6964111328125, normE: 100.0
2024-12-24 18:06:10,747 - Step 3, RSE_E: 8.160033226013184, Loss_X_Ours: 97.95977783203125, normE: 99.99999237060547
2024-12-24 18:06:12,138 - Step 4, RSE_E: 2.254434108734131, Loss_X_Ours: 99.55464935302734, normE: 99.99999237060547
2024-12-24 18:06:13,345 - Step 5, RSE_E: 0.48226049542427063, Loss_X_Ours: 99.90941619873047, normE: 100.0
2024-12-24 18:06:14,757 - Step 6, RSE_E: 0.14205175638198853, Loss_X_Ours: 99.98197937011719, normE: 100.0
2024-12-24 18:06:16,171 - Step 7, RSE_E: 0.06380900740623474, Loss_X_Ours: 99.99629211425781, normE: 99.99999237060547
2024-12-24 18:06:17,565 - Step 8, RSE_E: 0.054551903158426285, Loss_X_Ours: 99.99927520751953, normE: 100.0
2024-12-24 18:06:18,972 - Step 9, RSE_E: 0.04279358312487602, Loss_X_Ours: 99.99948120117188, normE: 100.0
2024-12-24 18:06:20,399 - Step 10, RSE_E: 0.08330754190683365, Loss_X_Ours: 100.00001525878906, normE: 100.0
2024-12-24 18:06:21,793 - Step 11, RSE_E: 0.07322210818529129, Loss_X_Ours: 99.99980926513672, normE: 99.99999237060547
2024-12-24 18:06:23,189 - Step 12, RSE_E: 0.06175563484430313, Loss_X_Ours: 99.99999237060547, normE: 100.0
2024-12-24 18:06:23,978 - Step 13, RSE_E: 0.04761061444878578, Loss_X_Ours: 100.00007629394531, normE: 100.00000762939453
2024-12-24 18:06:25,393 - Step 14, RSE_E: 0.08625118434429169, Loss_X_Ours: 99.99988555908203, normE: 100.0
2024-12-24 18:06:26,782 - Step 15, RSE_E: 0.05492242053151131, Loss_X_Ours: 100.00004577636719, normE: 100.0
2024-12-24 18:06:28,177 - Step 16, RSE_E: 0.05800029635429382, Loss_X_Ours: 100.0000991821289, normE: 100.0
2024-12-24 18:06:29,570 - Step 17, RSE_E: 0.0541856475174427, Loss_X_Ours: 100.00001525878906, normE: 100.0
2024-12-24 18:06:30,977 - Step 18, RSE_E: 0.06473423540592194, Loss_X_Ours: 99.9998550415039, normE: 100.0
2024-12-24 18:06:32,361 - Step 19, RSE_E: 0.05082131177186966, Loss_X_Ours: 99.99982452392578, normE: 100.0
2024-12-24 18:06:33,742 - Step 20, RSE_E: 0.09718014299869537, Loss_X_Ours: 100.0, normE: 100.0
2024-12-24 18:06:35,170 - Step 21, RSE_E: 0.06683742254972458, Loss_X_Ours: 100.0, normE: 100.0
2024-12-24 18:06:36,569 - Step 22, RSE_E: 0.040685802698135376, Loss_X_Ours: 100.0000228881836, normE: 100.0
2024-12-24 18:06:37,965 - Step 23, RSE_E: 0.03766132518649101, Loss_X_Ours: 99.99992370605469, normE: 100.00000762939453
2024-12-24 18:06:39,366 - Step 24, RSE_E: 0.04716131463646889, Loss_X_Ours: 99.99980163574219, normE: 100.00000762939453
2024-12-24 18:06:40,770 - Step 25, RSE_E: 0.06176605820655823, Loss_X_Ours: 99.99990844726562, normE: 100.0
2024-12-24 18:06:42,169 - Step 26, RSE_E: 0.04217614606022835, Loss_X_Ours: 100.00007629394531, normE: 100.00000762939453
2024-12-24 18:06:43,559 - Step 27, RSE_E: 0.025964779779314995, Loss_X_Ours: 99.99981689453125, normE: 100.0
2024-12-24 18:06:44,956 - Step 28, RSE_E: 0.04618525505065918, Loss_X_Ours: 100.0001449584961, normE: 100.0
2024-12-24 18:06:46,361 - Step 29, RSE_E: 0.03323856741189957, Loss_X_Ours: 100.00009155273438, normE: 100.00000762939453
2024-12-24 18:06:47,734 - Step 30, RSE_E: 0.07584770023822784, Loss_X_Ours: 99.99993896484375, normE: 100.00000762939453
2024-12-24 18:06:49,114 - Step 31, RSE_E: 0.0440838560461998, Loss_X_Ours: 99.99976348876953, normE: 100.00000762939453
2024-12-24 18:06:50,497 - Step 32, RSE_E: 0.03399806097149849, Loss_X_Ours: 99.99964904785156, normE: 100.0
2024-12-24 18:06:51,882 - Step 33, RSE_E: 0.052190881222486496, Loss_X_Ours: 99.99972534179688, normE: 100.0
2024-12-24 18:06:53,275 - Step 34, RSE_E: 0.04658249020576477, Loss_X_Ours: 100.00010681152344, normE: 100.0
2024-12-24 18:06:54,675 - Step 35, RSE_E: 0.037320882081985474, Loss_X_Ours: 99.9999008178711, normE: 100.0
2024-12-24 18:06:56,084 - Step 36, RSE_E: 0.03503714129328728, Loss_X_Ours: 99.99976348876953, normE: 99.99999237060547
2024-12-24 18:06:57,486 - Step 37, RSE_E: 0.05068214237689972, Loss_X_Ours: 100.0000991821289, normE: 100.0
2024-12-24 18:06:58,879 - Step 38, RSE_E: 0.03560158982872963, Loss_X_Ours: 100.0001449584961, normE: 99.99999237060547
2024-12-24 18:07:00,307 - Step 39, RSE_E: 0.04432963207364082, Loss_X_Ours: 100.00003051757812, normE: 100.0
2024-12-24 18:07:01,701 - Step 40, RSE_E: 0.04807630181312561, Loss_X_Ours: 100.00006103515625, normE: 99.99999237060547
2024-12-24 18:07:03,080 - Step 41, RSE_E: 0.08863725513219833, Loss_X_Ours: 99.99988555908203, normE: 100.0
2024-12-24 18:07:04,483 - Step 42, RSE_E: 0.03993662819266319, Loss_X_Ours: 100.00009155273438, normE: 99.99999237060547
2024-12-24 18:07:05,901 - Step 43, RSE_E: 0.05553268641233444, Loss_X_Ours: 100.00005340576172, normE: 100.0
2024-12-24 18:07:07,296 - Step 44, RSE_E: 0.06400985270738602, Loss_X_Ours: 100.00006103515625, normE: 100.0
2024-12-24 18:07:08,690 - Step 45, RSE_E: 0.03702995926141739, Loss_X_Ours: 100.00012969970703, normE: 100.00000762939453
2024-12-24 18:07:10,105 - Step 46, RSE_E: 0.05605144798755646, Loss_X_Ours: 100.00020599365234, normE: 100.00000762939453
2024-12-24 18:07:11,500 - Step 47, RSE_E: 0.05037122592329979, Loss_X_Ours: 100.00006103515625, normE: 100.0
2024-12-24 18:07:12,885 - Step 48, RSE_E: 0.06331564486026764, Loss_X_Ours: 99.9999771118164, normE: 100.0
2024-12-24 18:07:14,281 - Step 49, RSE_E: 0.04551547020673752, Loss_X_Ours: 99.9998550415039, normE: 100.0
2024-12-24 18:07:15,681 - Step 50, RSE_E: 0.0911041647195816, Loss_X_Ours: 100.00004577636719, normE: 100.0
2024-12-24 18:07:17,061 - Step 51, RSE_E: 0.063441202044487, Loss_X_Ours: 100.00009155273438, normE: 100.00000762939453
2024-12-24 18:07:18,442 - Step 52, RSE_E: 0.02852534130215645, Loss_X_Ours: 99.99996185302734, normE: 100.00000762939453
2024-12-24 18:07:19,835 - Step 53, RSE_E: 0.05980207771062851, Loss_X_Ours: 99.9998550415039, normE: 100.0
2024-12-24 18:07:21,251 - Step 54, RSE_E: 0.08803907781839371, Loss_X_Ours: 100.00033569335938, normE: 100.0
2024-12-24 18:07:22,639 - Step 55, RSE_E: 0.04968912899494171, Loss_X_Ours: 100.00018310546875, normE: 100.0
2024-12-24 18:07:24,040 - Step 56, RSE_E: 0.040499571710824966, Loss_X_Ours: 100.00030517578125, normE: 100.0
2024-12-24 18:07:25,455 - Step 57, RSE_E: 0.06257830560207367, Loss_X_Ours: 100.00007629394531, normE: 100.0
2024-12-24 18:07:26,842 - Step 58, RSE_E: 0.08067619800567627, Loss_X_Ours: 100.00006103515625, normE: 100.0
2024-12-24 18:07:28,234 - Step 59, RSE_E: 0.06843648850917816, Loss_X_Ours: 100.00007629394531, normE: 100.0
2024-12-24 18:07:29,645 - Step 60, RSE_E: 0.05585774779319763, Loss_X_Ours: 100.0000991821289, normE: 100.0
2024-12-24 18:07:30,125 - Step 61, RSE_E: 0.021272538229823112, Loss_X_Ours: 100.00003051757812, normE: 100.0
2024-12-24 18:07:31,516 - Step 62, RSE_E: 0.03646017238497734, Loss_X_Ours: 100.00006866455078, normE: 100.0
2024-12-24 18:07:32,902 - Step 63, RSE_E: 0.04624281823635101, Loss_X_Ours: 100.00016784667969, normE: 100.00000762939453
2024-12-24 18:07:34,309 - Step 64, RSE_E: 0.03616277500987053, Loss_X_Ours: 100.00003051757812, normE: 100.0
2024-12-24 18:07:35,718 - Step 65, RSE_E: 0.05687512829899788, Loss_X_Ours: 100.00015258789062, normE: 100.0
2024-12-24 18:07:37,112 - Step 66, RSE_E: 0.0324467271566391, Loss_X_Ours: 100.00006103515625, normE: 100.0
2024-12-24 18:07:38,509 - Step 67, RSE_E: 0.0576399527490139, Loss_X_Ours: 99.99984741210938, normE: 100.0
2024-12-24 18:07:39,922 - Step 68, RSE_E: 0.05137142911553383, Loss_X_Ours: 99.99964141845703, normE: 100.00000762939453
2024-12-24 18:07:41,305 - Step 69, RSE_E: 0.054136261343955994, Loss_X_Ours: 99.99989318847656, normE: 100.0
2024-12-24 18:07:42,688 - Step 70, RSE_E: 0.03378273919224739, Loss_X_Ours: 99.99972534179688, normE: 100.0
2024-12-24 18:07:43,792 - Step 71, RSE_E: 0.04501131549477577, Loss_X_Ours: 100.0, normE: 100.0
2024-12-24 18:07:45,213 - Step 72, RSE_E: 0.07017087936401367, Loss_X_Ours: 99.99996948242188, normE: 100.0
2024-12-24 18:07:46,606 - Step 73, RSE_E: 0.08538329601287842, Loss_X_Ours: 100.00025177001953, normE: 100.0
2024-12-24 18:07:48,006 - Step 74, RSE_E: 0.04761647433042526, Loss_X_Ours: 99.99974822998047, normE: 99.99999237060547
2024-12-24 18:07:49,413 - Step 75, RSE_E: 0.05696667358279228, Loss_X_Ours: 99.99993896484375, normE: 100.0
2024-12-24 18:07:50,832 - Step 76, RSE_E: 0.03861078992486, Loss_X_Ours: 99.99996948242188, normE: 100.0
2024-12-24 18:07:51,666 - Step 77, RSE_E: 0.0644218698143959, Loss_X_Ours: 100.00007629394531, normE: 100.0
2024-12-24 18:07:53,060 - Step 78, RSE_E: 0.05001135170459747, Loss_X_Ours: 100.00011444091797, normE: 100.0
2024-12-24 18:07:54,476 - Step 79, RSE_E: 0.08050354570150375, Loss_X_Ours: 100.00052642822266, normE: 99.99999237060547
2024-12-24 18:07:55,862 - Step 80, RSE_E: 0.057583507150411606, Loss_X_Ours: 100.00009155273438, normE: 100.0
2024-12-24 18:07:57,242 - Step 81, RSE_E: 0.055572330951690674, Loss_X_Ours: 99.99967956542969, normE: 100.00000762939453
2024-12-24 18:07:58,626 - Step 82, RSE_E: 0.06429890543222427, Loss_X_Ours: 100.00018310546875, normE: 99.99999237060547
2024-12-24 18:08:00,025 - Step 83, RSE_E: 0.040639907121658325, Loss_X_Ours: 100.00006103515625, normE: 100.0
2024-12-24 18:08:01,435 - Step 84, RSE_E: 0.050770439207553864, Loss_X_Ours: 99.99988555908203, normE: 100.0
2024-12-24 18:08:02,830 - Step 85, RSE_E: 0.05806378647685051, Loss_X_Ours: 99.99982452392578, normE: 100.0
2024-12-24 18:08:04,239 - Step 86, RSE_E: 0.0553835853934288, Loss_X_Ours: 99.99989318847656, normE: 100.00000762939453
2024-12-24 18:08:05,640 - Step 87, RSE_E: 0.043059688061475754, Loss_X_Ours: 99.99988555908203, normE: 100.0
2024-12-24 18:08:07,031 - Step 88, RSE_E: 0.04652983695268631, Loss_X_Ours: 100.00045776367188, normE: 100.00000762939453
2024-12-24 18:08:08,428 - Step 89, RSE_E: 0.034943319857120514, Loss_X_Ours: 100.00005340576172, normE: 100.00000762939453
2024-12-24 18:08:09,828 - Step 90, RSE_E: 0.04721022769808769, Loss_X_Ours: 100.0001449584961, normE: 100.0
2024-12-24 18:08:11,234 - Step 91, RSE_E: 0.060634683817625046, Loss_X_Ours: 99.9999771118164, normE: 100.0
2024-12-24 18:08:12,623 - Step 92, RSE_E: 0.057558946311473846, Loss_X_Ours: 100.0002670288086, normE: 100.0
2024-12-24 18:08:14,016 - Step 93, RSE_E: 0.03881610557436943, Loss_X_Ours: 99.99998474121094, normE: 100.0
2024-12-24 18:08:15,427 - Step 94, RSE_E: 0.05369799956679344, Loss_X_Ours: 100.00003814697266, normE: 100.0
2024-12-24 18:08:15,638 - Step 95, RSE_E: 0.013008397072553635, Loss_X_Ours: 100.00025177001953, normE: 100.0
2024-12-24 18:08:17,022 - Step 96, RSE_E: 0.045859646052122116, Loss_X_Ours: 100.0, normE: 100.0
2024-12-24 18:08:18,413 - Step 97, RSE_E: 0.06382159143686295, Loss_X_Ours: 100.00011444091797, normE: 100.0
2024-12-24 18:08:19,821 - Step 98, RSE_E: 0.042562440037727356, Loss_X_Ours: 99.99991607666016, normE: 100.0
2024-12-24 18:08:21,221 - Step 99, RSE_E: 0.041038136929273605, Loss_X_Ours: 99.9999008178711, normE: 99.99999237060547
2024-12-24 18:08:22,611 - Step 100, RSE_E: 0.05451143532991409, Loss_X_Ours: 99.9997787475586, normE: 100.0
2024-12-24 18:08:24,013 - Step 101, RSE_E: 0.0401090532541275, Loss_X_Ours: 99.99988555908203, normE: 100.0
2024-12-24 18:08:25,433 - Step 102, RSE_E: 0.04177644103765488, Loss_X_Ours: 99.99993133544922, normE: 100.00000762939453
2024-12-24 18:08:26,818 - Step 103, RSE_E: 0.036373820155858994, Loss_X_Ours: 100.00047302246094, normE: 100.0
2024-12-24 18:08:28,200 - Step 104, RSE_E: 0.037549614906311035, Loss_X_Ours: 100.0, normE: 100.0
2024-12-24 18:08:29,546 - Step 105, RSE_E: 0.0398399643599987, Loss_X_Ours: 99.99976348876953, normE: 100.0
2024-12-24 18:08:30,937 - Step 106, RSE_E: 0.037362877279520035, Loss_X_Ours: 99.99999237060547, normE: 100.0
2024-12-24 18:08:31,981 - Step 107, RSE_E: 0.041041020303964615, Loss_X_Ours: 99.9999008178711, normE: 100.0
2024-12-24 18:08:33,373 - Step 108, RSE_E: 0.05004604905843735, Loss_X_Ours: 100.00009155273438, normE: 100.0
2024-12-24 18:08:34,786 - Step 109, RSE_E: 0.05360957607626915, Loss_X_Ours: 99.9998779296875, normE: 100.0
2024-12-24 18:08:36,186 - Step 110, RSE_E: 0.04768376052379608, Loss_X_Ours: 99.99979400634766, normE: 100.0
2024-12-24 18:08:37,575 - Step 111, RSE_E: 0.04271387308835983, Loss_X_Ours: 100.00015258789062, normE: 99.99999237060547
2024-12-24 18:08:38,970 - Step 112, RSE_E: 0.04807799682021141, Loss_X_Ours: 99.99979400634766, normE: 99.99999237060547
2024-12-24 18:08:40,393 - Step 113, RSE_E: 0.037415388971567154, Loss_X_Ours: 99.9999008178711, normE: 100.00000762939453
2024-12-24 18:08:41,780 - Step 114, RSE_E: 0.05517025664448738, Loss_X_Ours: 100.00000762939453, normE: 100.0
2024-12-24 18:08:43,172 - Step 115, RSE_E: 0.04352148249745369, Loss_X_Ours: 99.99992370605469, normE: 100.00000762939453
2024-12-24 18:08:44,266 - Step 116, RSE_E: 0.0477575808763504, Loss_X_Ours: 99.99999237060547, normE: 100.00000762939453
2024-12-24 18:08:45,668 - Step 117, RSE_E: 0.023366138339042664, Loss_X_Ours: 100.00028991699219, normE: 100.0
2024-12-24 18:08:47,058 - Step 118, RSE_E: 0.04402753710746765, Loss_X_Ours: 100.000244140625, normE: 100.0
2024-12-24 18:08:48,443 - Step 119, RSE_E: 0.04893901199102402, Loss_X_Ours: 99.99993133544922, normE: 100.0
2024-12-24 18:08:49,837 - Step 120, RSE_E: 0.05679839476943016, Loss_X_Ours: 100.00006103515625, normE: 100.0
2024-12-24 18:08:51,242 - Step 121, RSE_E: 0.10549306869506836, Loss_X_Ours: 100.0000991821289, normE: 100.00000762939453
2024-12-24 18:08:52,630 - Step 122, RSE_E: 0.08619570732116699, Loss_X_Ours: 100.00000762939453, normE: 100.00000762939453
2024-12-24 18:08:54,029 - Step 123, RSE_E: 0.06287769973278046, Loss_X_Ours: 99.99993896484375, normE: 100.0
2024-12-24 18:08:55,448 - Step 124, RSE_E: 0.05853588134050369, Loss_X_Ours: 100.00019073486328, normE: 99.99999237060547
2024-12-24 18:08:56,264 - Step 125, RSE_E: 0.03149814531207085, Loss_X_Ours: 100.00016784667969, normE: 100.0
2024-12-24 18:08:56,822 - Step 126, RSE_E: 0.027714703232049942, Loss_X_Ours: 100.0000228881836, normE: 100.0
2024-12-24 18:08:58,218 - Step 127, RSE_E: 0.03269514814019203, Loss_X_Ours: 100.00018310546875, normE: 100.0
2024-12-24 18:08:59,635 - Step 128, RSE_E: 0.02751706913113594, Loss_X_Ours: 99.99996185302734, normE: 100.0
2024-12-24 18:09:01,037 - Step 129, RSE_E: 0.028257237747311592, Loss_X_Ours: 100.00032043457031, normE: 100.0
2024-12-24 18:09:02,425 - Step 130, RSE_E: 0.038633763790130615, Loss_X_Ours: 100.00028228759766, normE: 100.0
2024-12-24 18:09:03,811 - Step 131, RSE_E: 0.05769497901201248, Loss_X_Ours: 100.0000991821289, normE: 100.0
2024-12-24 18:09:05,233 - Step 132, RSE_E: 0.04397370666265488, Loss_X_Ours: 99.99986267089844, normE: 100.0
2024-12-24 18:09:06,612 - Step 133, RSE_E: 0.059751320630311966, Loss_X_Ours: 99.99964904785156, normE: 100.0
2024-12-24 18:09:07,987 - Step 134, RSE_E: 0.04541228339076042, Loss_X_Ours: 99.99976348876953, normE: 100.0
2024-12-24 18:09:09,394 - Step 135, RSE_E: 0.036528073251247406, Loss_X_Ours: 99.99994659423828, normE: 100.0
2024-12-24 18:09:10,795 - Step 136, RSE_E: 0.04003681614995003, Loss_X_Ours: 100.00000762939453, normE: 100.0
2024-12-24 18:09:12,022 - Step 137, RSE_E: 0.05370372533798218, Loss_X_Ours: 99.9999771118164, normE: 99.99999237060547
2024-12-24 18:09:13,409 - Step 138, RSE_E: 0.06153462082147598, Loss_X_Ours: 99.99984741210938, normE: 99.99999237060547
2024-12-24 18:09:14,819 - Step 139, RSE_E: 0.04601478576660156, Loss_X_Ours: 99.9998550415039, normE: 99.99999237060547
2024-12-24 18:09:16,216 - Step 140, RSE_E: 0.04528754577040672, Loss_X_Ours: 100.0002670288086, normE: 100.00000762939453
2024-12-24 18:09:17,606 - Step 141, RSE_E: 0.039171651005744934, Loss_X_Ours: 100.00008392333984, normE: 100.0
2024-12-24 18:09:18,992 - Step 142, RSE_E: 0.053029533475637436, Loss_X_Ours: 100.00006866455078, normE: 99.99999237060547
2024-12-24 18:09:20,402 - Step 143, RSE_E: 0.04670030251145363, Loss_X_Ours: 100.00008392333984, normE: 99.99999237060547
2024-12-24 18:09:21,780 - Step 144, RSE_E: 0.05458329617977142, Loss_X_Ours: 99.99999237060547, normE: 100.0
2024-12-24 18:09:23,159 - Step 145, RSE_E: 0.0403599850833416, Loss_X_Ours: 99.99999237060547, normE: 100.0
2024-12-24 18:09:24,558 - Step 146, RSE_E: 0.037576448172330856, Loss_X_Ours: 99.99964904785156, normE: 100.0
2024-12-24 18:09:25,951 - Step 147, RSE_E: 0.045586634427309036, Loss_X_Ours: 99.99974060058594, normE: 100.0
2024-12-24 18:09:27,344 - Step 148, RSE_E: 0.05276233330368996, Loss_X_Ours: 100.00003814697266, normE: 100.0
2024-12-24 18:09:28,725 - Step 149, RSE_E: 0.030323369428515434, Loss_X_Ours: 99.99983215332031, normE: 100.0
2024-12-24 18:09:30,135 - Step 150, RSE_E: 0.054591357707977295, Loss_X_Ours: 100.00006103515625, normE: 100.00000762939453
2024-12-24 18:09:31,522 - Step 151, RSE_E: 0.04010612517595291, Loss_X_Ours: 99.9999771118164, normE: 99.99999237060547
2024-12-24 18:09:32,904 - Step 152, RSE_E: 0.05408741906285286, Loss_X_Ours: 100.00028991699219, normE: 100.00000762939453
2024-12-24 18:09:34,313 - Step 153, RSE_E: 0.0398581326007843, Loss_X_Ours: 100.00006103515625, normE: 100.00000762939453
2024-12-24 18:09:35,077 - Step 154, RSE_E: 0.03961712867021561, Loss_X_Ours: 99.99986267089844, normE: 100.0
2024-12-24 18:09:36,458 - Step 155, RSE_E: 0.06417611986398697, Loss_X_Ours: 99.99996948242188, normE: 100.0
2024-12-24 18:09:37,837 - Step 156, RSE_E: 0.06024058908224106, Loss_X_Ours: 99.99988555908203, normE: 100.0
2024-12-24 18:09:39,246 - Step 157, RSE_E: 0.029023095965385437, Loss_X_Ours: 100.00019836425781, normE: 100.00000762939453
2024-12-24 18:09:40,644 - Step 158, RSE_E: 0.0589173398911953, Loss_X_Ours: 100.00016784667969, normE: 100.0
2024-12-24 18:09:42,027 - Step 159, RSE_E: 0.03429083898663521, Loss_X_Ours: 100.00013732910156, normE: 100.00000762939453
2024-12-24 18:09:43,409 - Step 160, RSE_E: 0.06168770790100098, Loss_X_Ours: 99.99993133544922, normE: 100.00000762939453
2024-12-24 18:09:44,809 - Step 161, RSE_E: 0.05383680760860443, Loss_X_Ours: 100.00009155273438, normE: 100.0
2024-12-24 18:09:46,203 - Step 162, RSE_E: 0.04821477457880974, Loss_X_Ours: 99.99994659423828, normE: 100.0
2024-12-24 18:09:47,576 - Step 163, RSE_E: 0.06589637696743011, Loss_X_Ours: 99.99981689453125, normE: 100.0
2024-12-24 18:09:48,954 - Step 164, RSE_E: 0.06450205296278, Loss_X_Ours: 99.9999008178711, normE: 100.0
2024-12-24 18:09:50,364 - Step 165, RSE_E: 0.047280434519052505, Loss_X_Ours: 100.0001220703125, normE: 100.0
2024-12-24 18:09:51,737 - Step 166, RSE_E: 0.05146639794111252, Loss_X_Ours: 100.00016021728516, normE: 100.0
2024-12-24 18:09:53,123 - Step 167, RSE_E: 0.03614010289311409, Loss_X_Ours: 100.00028228759766, normE: 100.0
2024-12-24 18:09:54,529 - Step 168, RSE_E: 0.040348079055547714, Loss_X_Ours: 100.00006866455078, normE: 99.99999237060547
2024-12-24 18:09:55,923 - Step 169, RSE_E: 0.03942412510514259, Loss_X_Ours: 100.00006103515625, normE: 99.99999237060547
2024-12-24 18:09:57,303 - Step 170, RSE_E: 0.03722095489501953, Loss_X_Ours: 100.0000228881836, normE: 100.0
2024-12-24 18:09:58,684 - Step 171, RSE_E: 0.05808020383119583, Loss_X_Ours: 99.99981689453125, normE: 100.0
2024-12-24 18:10:00,086 - Step 172, RSE_E: 0.030204908922314644, Loss_X_Ours: 99.99996948242188, normE: 99.99999237060547
2024-12-24 18:10:01,473 - Step 173, RSE_E: 0.047211095690727234, Loss_X_Ours: 99.99990844726562, normE: 100.0
2024-12-24 18:10:02,851 - Step 174, RSE_E: 0.05844894424080849, Loss_X_Ours: 99.99978637695312, normE: 100.00000762939453
2024-12-24 18:10:04,250 - Step 175, RSE_E: 0.04119196534156799, Loss_X_Ours: 100.00012969970703, normE: 99.99999237060547
2024-12-24 18:10:05,649 - Step 176, RSE_E: 0.04380933940410614, Loss_X_Ours: 100.00013732910156, normE: 100.0
2024-12-24 18:10:07,028 - Step 177, RSE_E: 0.06563872843980789, Loss_X_Ours: 100.0000991821289, normE: 100.00000762939453
2024-12-24 18:10:08,406 - Step 178, RSE_E: 0.03090072236955166, Loss_X_Ours: 100.00043487548828, normE: 100.0
2024-12-24 18:10:09,805 - Step 179, RSE_E: 0.07200048118829727, Loss_X_Ours: 100.00012969970703, normE: 100.0
2024-12-24 18:10:11,204 - Step 180, RSE_E: 0.05458926782011986, Loss_X_Ours: 99.99992370605469, normE: 100.0
2024-12-24 18:10:12,590 - Step 181, RSE_E: 0.03717084974050522, Loss_X_Ours: 99.99999237060547, normE: 100.0
2024-12-24 18:10:13,964 - Step 182, RSE_E: 0.04833952710032463, Loss_X_Ours: 100.00009155273438, normE: 100.0
2024-12-24 18:10:15,367 - Step 183, RSE_E: 0.03494598716497421, Loss_X_Ours: 99.99990844726562, normE: 100.0
2024-12-24 18:10:16,742 - Step 184, RSE_E: 0.04544474929571152, Loss_X_Ours: 100.00010681152344, normE: 100.0
2024-12-24 18:10:18,121 - Step 185, RSE_E: 0.045998506247997284, Loss_X_Ours: 100.0002212524414, normE: 100.0
2024-12-24 18:10:19,524 - Step 186, RSE_E: 0.03227638080716133, Loss_X_Ours: 100.00003051757812, normE: 99.99999237060547
2024-12-24 18:10:20,917 - Step 187, RSE_E: 0.046793222427368164, Loss_X_Ours: 100.00009155273438, normE: 100.0
2024-12-24 18:10:22,293 - Step 188, RSE_E: 0.10363604873418808, Loss_X_Ours: 99.99995422363281, normE: 100.00000762939453
2024-12-24 18:10:23,685 - Step 189, RSE_E: 0.06329014897346497, Loss_X_Ours: 99.99993896484375, normE: 100.0
2024-12-24 18:10:25,086 - Step 190, RSE_E: 0.05841386690735817, Loss_X_Ours: 99.99957275390625, normE: 100.00000762939453
2024-12-24 18:10:26,481 - Step 191, RSE_E: 0.06115350127220154, Loss_X_Ours: 99.99993896484375, normE: 100.0
2024-12-24 18:10:26,961 - Step 192, RSE_E: 0.045974332839250565, Loss_X_Ours: 99.99974822998047, normE: 100.00000762939453
2024-12-24 18:10:28,345 - Step 193, RSE_E: 0.032223500311374664, Loss_X_Ours: 99.99969482421875, normE: 100.0
2024-12-24 18:10:29,741 - Step 194, RSE_E: 0.051848482340574265, Loss_X_Ours: 99.9997787475586, normE: 99.99999237060547
2024-12-24 18:10:31,133 - Step 195, RSE_E: 0.07401499152183533, Loss_X_Ours: 100.00015258789062, normE: 100.0
2024-12-24 18:10:32,508 - Step 196, RSE_E: 0.06138528138399124, Loss_X_Ours: 100.00023651123047, normE: 100.0
2024-12-24 18:10:33,892 - Step 197, RSE_E: 0.04051332175731659, Loss_X_Ours: 99.99978637695312, normE: 100.0
2024-12-24 18:10:35,299 - Step 198, RSE_E: 0.04513299837708473, Loss_X_Ours: 100.00028991699219, normE: 100.0
2024-12-24 18:10:36,682 - Step 199, RSE_E: 0.0721864402294159, Loss_X_Ours: 100.0000228881836, normE: 100.0
2024-12-24 18:10:38,072 - Step 200, RSE_E: 0.047171663492918015, Loss_X_Ours: 100.00006866455078, normE: 99.99999237060547
2024-12-24 18:10:39,480 - Step 201, RSE_E: 0.05098420009016991, Loss_X_Ours: 100.00009155273438, normE: 99.99999237060547
2024-12-24 18:10:40,882 - Step 202, RSE_E: 0.053250283002853394, Loss_X_Ours: 99.99983215332031, normE: 100.0
2024-12-24 18:10:42,273 - Step 203, RSE_E: 0.05470132455229759, Loss_X_Ours: 100.0000991821289, normE: 99.99999237060547
2024-12-24 18:10:43,662 - Step 204, RSE_E: 0.02608889527618885, Loss_X_Ours: 99.99992370605469, normE: 100.0
2024-12-24 18:10:45,059 - Step 205, RSE_E: 0.028881004080176353, Loss_X_Ours: 100.00009155273438, normE: 99.99999237060547
2024-12-24 18:10:45,720 - Step 206, RSE_E: 0.03493741899728775, Loss_X_Ours: 99.9999771118164, normE: 100.0
2024-12-24 18:10:47,108 - Step 207, RSE_E: 0.05410163104534149, Loss_X_Ours: 99.9999008178711, normE: 100.00000762939453
2024-12-24 18:10:48,495 - Step 208, RSE_E: 0.04449089616537094, Loss_X_Ours: 100.0002212524414, normE: 99.99999237060547
2024-12-24 18:10:48,938 - Step 209, RSE_E: 0.016606125980615616, Loss_X_Ours: 100.00010681152344, normE: 100.00000762939453
2024-12-24 18:10:50,354 - Step 210, RSE_E: 0.049149855971336365, Loss_X_Ours: 100.00000762939453, normE: 100.0
2024-12-24 18:10:51,734 - Step 211, RSE_E: 0.03871586173772812, Loss_X_Ours: 99.99989318847656, normE: 100.0
2024-12-24 18:10:53,125 - Step 212, RSE_E: 0.027028189972043037, Loss_X_Ours: 100.0000228881836, normE: 100.0
2024-12-24 18:10:54,256 - Step 213, RSE_E: 0.05051339045166969, Loss_X_Ours: 100.00030517578125, normE: 100.0
2024-12-24 18:10:55,654 - Step 214, RSE_E: 0.04603272303938866, Loss_X_Ours: 100.00009155273438, normE: 100.0
2024-12-24 18:10:57,039 - Step 215, RSE_E: 0.029183298349380493, Loss_X_Ours: 99.9999008178711, normE: 100.0
2024-12-24 18:10:58,426 - Step 216, RSE_E: 0.05853629857301712, Loss_X_Ours: 100.0003890991211, normE: 100.00000762939453
2024-12-24 18:10:59,830 - Step 217, RSE_E: 0.08703871071338654, Loss_X_Ours: 99.9997787475586, normE: 100.00000762939453
2024-12-24 18:11:01,234 - Step 218, RSE_E: 0.08019803464412689, Loss_X_Ours: 99.99993896484375, normE: 100.0
2024-12-24 18:11:02,634 - Step 219, RSE_E: 0.055426470935344696, Loss_X_Ours: 99.99968719482422, normE: 100.00000762939453
2024-12-24 18:11:04,016 - Step 220, RSE_E: 0.08956536650657654, Loss_X_Ours: 99.99995422363281, normE: 100.00000762939453
2024-12-24 18:11:05,418 - Step 221, RSE_E: 0.09192423522472382, Loss_X_Ours: 100.0000228881836, normE: 100.0
2024-12-24 18:11:06,803 - Step 222, RSE_E: 0.07922055572271347, Loss_X_Ours: 99.99980926513672, normE: 100.0
2024-12-24 18:11:08,200 - Step 223, RSE_E: 0.1238052099943161, Loss_X_Ours: 99.99999237060547, normE: 100.0
2024-12-24 18:11:09,612 - Step 224, RSE_E: 0.0652787908911705, Loss_X_Ours: 99.99998474121094, normE: 100.0
2024-12-24 18:11:11,004 - Step 225, RSE_E: 0.06014757975935936, Loss_X_Ours: 99.99976348876953, normE: 100.0
2024-12-24 18:11:12,392 - Step 226, RSE_E: 0.040740273892879486, Loss_X_Ours: 99.9996566772461, normE: 99.99999237060547
2024-12-24 18:11:13,785 - Step 227, RSE_E: 0.06773462146520615, Loss_X_Ours: 100.0001449584961, normE: 100.0
2024-12-24 18:11:15,193 - Step 228, RSE_E: 0.06465883553028107, Loss_X_Ours: 99.9999008178711, normE: 99.99999237060547
2024-12-24 18:11:16,596 - Step 229, RSE_E: 0.04737693816423416, Loss_X_Ours: 100.00007629394531, normE: 100.0
2024-12-24 18:11:17,982 - Step 230, RSE_E: 0.09908851981163025, Loss_X_Ours: 99.99982452392578, normE: 99.99999237060547
2024-12-24 18:11:19,371 - Step 231, RSE_E: 0.06430661678314209, Loss_X_Ours: 100.00008392333984, normE: 100.0
2024-12-24 18:11:20,692 - Step 232, RSE_E: 0.05581457540392876, Loss_X_Ours: 100.00028991699219, normE: 99.99999237060547
2024-12-24 18:11:22,079 - Step 233, RSE_E: 0.03537999466061592, Loss_X_Ours: 99.99979400634766, normE: 100.0
2024-12-24 18:11:23,469 - Step 234, RSE_E: 0.03845842555165291, Loss_X_Ours: 100.00015258789062, normE: 100.0
2024-12-24 18:11:24,875 - Step 235, RSE_E: 0.04015796259045601, Loss_X_Ours: 99.9997329711914, normE: 100.00000762939453
2024-12-24 18:11:26,277 - Step 236, RSE_E: 0.03683720901608467, Loss_X_Ours: 100.00025939941406, normE: 100.0
2024-12-24 18:11:27,678 - Step 237, RSE_E: 0.037636008113622665, Loss_X_Ours: 99.99993133544922, normE: 100.0
2024-12-24 18:11:29,065 - Step 238, RSE_E: 0.04858994111418724, Loss_X_Ours: 100.00003814697266, normE: 100.0
2024-12-24 18:11:30,483 - Step 239, RSE_E: 0.060961801558732986, Loss_X_Ours: 99.9999771118164, normE: 100.0
2024-12-24 18:11:31,862 - Step 240, RSE_E: 0.05637633055448532, Loss_X_Ours: 99.99989318847656, normE: 100.0
2024-12-24 18:11:33,248 - Step 241, RSE_E: 0.04654053598642349, Loss_X_Ours: 100.00004577636719, normE: 100.0
2024-12-24 18:11:34,647 - Step 242, RSE_E: 0.04319707304239273, Loss_X_Ours: 99.99991607666016, normE: 100.0
2024-12-24 18:11:36,046 - Step 243, RSE_E: 0.03680376335978508, Loss_X_Ours: 99.99995422363281, normE: 100.0
2024-12-24 18:11:37,439 - Step 244, RSE_E: 0.037618137896060944, Loss_X_Ours: 99.99993896484375, normE: 99.99999237060547
2024-12-24 18:11:38,833 - Step 245, RSE_E: 0.040174391120672226, Loss_X_Ours: 99.99999237060547, normE: 100.00000762939453
2024-12-24 18:11:40,247 - Step 246, RSE_E: 0.034223753958940506, Loss_X_Ours: 100.00030517578125, normE: 100.0
2024-12-24 18:11:41,640 - Step 247, RSE_E: 0.05611147731542587, Loss_X_Ours: 100.0, normE: 100.0
2024-12-24 18:11:43,027 - Step 248, RSE_E: 0.03677588328719139, Loss_X_Ours: 100.00004577636719, normE: 100.0
2024-12-24 18:11:44,411 - Step 249, RSE_E: 0.042555071413517, Loss_X_Ours: 99.99962615966797, normE: 100.0
2024-12-24 18:11:45,798 - Step 250, RSE_E: 0.025625547394156456, Loss_X_Ours: 99.99951171875, normE: 100.00000762939453
2024-12-24 18:11:47,185 - Step 251, RSE_E: 0.038507234305143356, Loss_X_Ours: 99.99972534179688, normE: 99.99999237060547
2024-12-24 18:11:48,576 - Step 252, RSE_E: 0.03562666475772858, Loss_X_Ours: 99.999755859375, normE: 100.0
2024-12-24 18:11:49,975 - Step 253, RSE_E: 0.029069149866700172, Loss_X_Ours: 100.0000228881836, normE: 100.0
2024-12-24 18:11:51,371 - Step 254, RSE_E: 0.03675244003534317, Loss_X_Ours: 99.99990844726562, normE: 100.0
2024-12-24 18:11:52,765 - Step 255, RSE_E: 0.03943198546767235, Loss_X_Ours: 99.99984741210938, normE: 100.00000762939453
2024-12-24 18:11:54,166 - Step 256, RSE_E: 0.03328577056527138, Loss_X_Ours: 99.99988555908203, normE: 100.0
2024-12-24 18:11:55,577 - Step 257, RSE_E: 0.03235388919711113, Loss_X_Ours: 100.00009155273438, normE: 99.99999237060547
2024-12-24 18:11:56,971 - Step 258, RSE_E: 0.029004842042922974, Loss_X_Ours: 100.00004577636719, normE: 100.0
2024-12-24 18:11:58,364 - Step 259, RSE_E: 0.040956880897283554, Loss_X_Ours: 100.00003051757812, normE: 100.0
2024-12-24 18:11:59,769 - Step 260, RSE_E: 0.04947182163596153, Loss_X_Ours: 100.00011444091797, normE: 100.0
2024-12-24 18:12:01,171 - Step 261, RSE_E: 0.022783957421779633, Loss_X_Ours: 100.00006103515625, normE: 100.0
2024-12-24 18:12:02,562 - Step 262, RSE_E: 0.07494264096021652, Loss_X_Ours: 100.00015258789062, normE: 100.0
2024-12-24 18:12:03,915 - Step 263, RSE_E: 0.05817504599690437, Loss_X_Ours: 100.00003814697266, normE: 99.99999237060547
2024-12-24 18:12:05,336 - Step 264, RSE_E: 0.04880719259381294, Loss_X_Ours: 100.00006866455078, normE: 100.0
2024-12-24 18:12:06,732 - Step 265, RSE_E: 0.04154820367693901, Loss_X_Ours: 100.00030517578125, normE: 100.0
2024-12-24 18:12:08,129 - Step 266, RSE_E: 0.051984112709760666, Loss_X_Ours: 99.99990844726562, normE: 100.0
2024-12-24 18:12:09,542 - Step 267, RSE_E: 0.04892011731863022, Loss_X_Ours: 99.99983215332031, normE: 100.0
2024-12-24 18:12:10,946 - Step 268, RSE_E: 0.05428692325949669, Loss_X_Ours: 100.00005340576172, normE: 100.0
2024-12-24 18:12:12,344 - Step 269, RSE_E: 0.0758691057562828, Loss_X_Ours: 100.00001525878906, normE: 100.0
2024-12-24 18:12:13,734 - Step 270, RSE_E: 0.04297429695725441, Loss_X_Ours: 100.0003433227539, normE: 100.00000762939453
2024-12-24 18:12:15,127 - Step 271, RSE_E: 0.05443225055932999, Loss_X_Ours: 100.00025939941406, normE: 100.00000762939453
2024-12-24 18:12:16,532 - Step 272, RSE_E: 0.05742437019944191, Loss_X_Ours: 100.00009155273438, normE: 100.0
2024-12-24 18:12:17,938 - Step 273, RSE_E: 0.0593075156211853, Loss_X_Ours: 100.00001525878906, normE: 100.0
2024-12-24 18:12:19,347 - Step 274, RSE_E: 0.05451492965221405, Loss_X_Ours: 99.99980926513672, normE: 100.00000762939453
2024-12-24 18:12:20,757 - Step 275, RSE_E: 0.04782678186893463, Loss_X_Ours: 100.0003433227539, normE: 99.99999237060547
2024-12-24 18:12:22,154 - Step 276, RSE_E: 0.052686937153339386, Loss_X_Ours: 99.99999237060547, normE: 100.0
2024-12-24 18:12:23,550 - Step 277, RSE_E: 0.03359059616923332, Loss_X_Ours: 99.99984741210938, normE: 100.0
2024-12-24 18:12:24,956 - Step 278, RSE_E: 0.049551818519830704, Loss_X_Ours: 100.00007629394531, normE: 100.0
2024-12-24 18:12:26,009 - Step 279, RSE_E: 0.038239266723394394, Loss_X_Ours: 100.0000991821289, normE: 100.0
2024-12-24 18:12:27,377 - Step 280, RSE_E: 0.02433755435049534, Loss_X_Ours: 100.00000762939453, normE: 99.99999237060547
2024-12-24 18:12:28,749 - Step 281, RSE_E: 0.04364525526762009, Loss_X_Ours: 99.9998550415039, normE: 99.99999237060547
2024-12-24 18:12:30,126 - Step 282, RSE_E: 0.04203140735626221, Loss_X_Ours: 100.00003051757812, normE: 100.0
2024-12-24 18:12:31,497 - Step 283, RSE_E: 0.048884257674217224, Loss_X_Ours: 100.00003051757812, normE: 99.99999237060547
2024-12-24 18:12:32,866 - Step 284, RSE_E: 0.062391575425863266, Loss_X_Ours: 99.99976348876953, normE: 100.00000762939453
2024-12-24 18:12:34,252 - Step 285, RSE_E: 0.055176105350255966, Loss_X_Ours: 99.99992370605469, normE: 100.00000762939453
2024-12-24 18:12:35,641 - Step 286, RSE_E: 0.028263529762625694, Loss_X_Ours: 99.99987030029297, normE: 100.0
2024-12-24 18:12:37,018 - Step 287, RSE_E: 0.055126141756772995, Loss_X_Ours: 100.00003814697266, normE: 100.0
2024-12-24 18:12:38,404 - Step 288, RSE_E: 0.03571060672402382, Loss_X_Ours: 100.0000228881836, normE: 100.0
2024-12-24 18:12:39,807 - Step 289, RSE_E: 0.03647980839014053, Loss_X_Ours: 99.99981689453125, normE: 100.0
2024-12-24 18:12:41,196 - Step 290, RSE_E: 0.048044487833976746, Loss_X_Ours: 100.00016784667969, normE: 100.0
2024-12-24 18:12:42,582 - Step 291, RSE_E: 0.041931502521038055, Loss_X_Ours: 99.9999771118164, normE: 100.00000762939453
2024-12-24 18:12:43,967 - Step 292, RSE_E: 0.04559803009033203, Loss_X_Ours: 100.00012969970703, normE: 100.0
2024-12-24 18:12:45,482 - Step 293, RSE_E: 0.02754349634051323, Loss_X_Ours: 100.00019836425781, normE: 100.0
2024-12-24 18:12:46,874 - Step 294, RSE_E: 0.05031643435359001, Loss_X_Ours: 100.00025177001953, normE: 100.0
2024-12-24 18:12:48,262 - Step 295, RSE_E: 0.03998202830553055, Loss_X_Ours: 100.00015258789062, normE: 100.0
2024-12-24 18:12:49,666 - Step 296, RSE_E: 0.04422159865498543, Loss_X_Ours: 100.00045776367188, normE: 100.00000762939453
2024-12-24 18:12:51,069 - Step 297, RSE_E: 0.04436506703495979, Loss_X_Ours: 100.00006103515625, normE: 100.0
2024-12-24 18:12:52,466 - Step 298, RSE_E: 0.037984855473041534, Loss_X_Ours: 99.99972534179688, normE: 100.0
2024-12-24 18:12:53,855 - Step 299, RSE_E: 0.06180389225482941, Loss_X_Ours: 100.0000991821289, normE: 100.00000762939453
2024-12-24 18:12:56,970 - Comparison Step 0, Loss_X_TNG: 40.188804626464844, normE: 100.0
2024-12-24 18:12:58,390 - Comparison Step 1, Loss_X_TNG: 39.33489990234375, normE: 100.0
2024-12-24 18:12:58,587 - Comparison Step 2, Loss_X_TNG: 38.58413314819336, normE: 100.0
2024-12-24 18:12:59,993 - Comparison Step 3, Loss_X_TNG: 38.33058547973633, normE: 100.0
2024-12-24 18:13:01,410 - Comparison Step 4, Loss_X_TNG: 37.88919448852539, normE: 100.0
2024-12-24 18:13:02,823 - Comparison Step 5, Loss_X_TNG: 37.50554275512695, normE: 100.0
2024-12-24 18:13:04,243 - Comparison Step 6, Loss_X_TNG: 37.308876037597656, normE: 100.0
2024-12-24 18:13:05,675 - Comparison Step 7, Loss_X_TNG: 36.68558883666992, normE: 100.0
2024-12-24 18:13:07,078 - Comparison Step 8, Loss_X_TNG: 36.58271026611328, normE: 100.00000762939453
2024-12-24 18:13:08,111 - Comparison Step 9, Loss_X_TNG: 36.66679763793945, normE: 100.0
2024-12-24 18:13:09,542 - Comparison Step 10, Loss_X_TNG: 36.25550842285156, normE: 100.00000762939453
2024-12-24 18:13:10,975 - Comparison Step 11, Loss_X_TNG: 36.06915283203125, normE: 100.0
2024-12-24 18:13:11,541 - Comparison Step 12, Loss_X_TNG: 35.80353927612305, normE: 100.0
2024-12-24 18:13:11,798 - Comparison Step 13, Loss_X_TNG: 35.504146575927734, normE: 100.0
2024-12-24 18:13:13,221 - Comparison Step 14, Loss_X_TNG: 35.4919548034668, normE: 100.00000762939453
2024-12-24 18:13:13,772 - Comparison Step 15, Loss_X_TNG: 35.32524490356445, normE: 100.0
2024-12-24 18:13:15,210 - Comparison Step 16, Loss_X_TNG: 35.25032424926758, normE: 100.0
2024-12-24 18:13:15,534 - Comparison Step 17, Loss_X_TNG: 35.11820602416992, normE: 100.0
2024-12-24 18:13:16,954 - Comparison Step 18, Loss_X_TNG: 34.75128936767578, normE: 100.0
2024-12-24 18:13:17,344 - Comparison Step 19, Loss_X_TNG: 34.6478271484375, normE: 100.0
2024-12-24 18:13:17,511 - Comparison Step 20, Loss_X_TNG: 34.50098419189453, normE: 100.0
2024-12-24 18:13:18,932 - Comparison Step 21, Loss_X_TNG: 35.20712661743164, normE: 100.0
2024-12-24 18:13:20,372 - Comparison Step 22, Loss_X_TNG: 35.395263671875, normE: 99.99999237060547
2024-12-24 18:13:21,786 - Comparison Step 23, Loss_X_TNG: 35.31730651855469, normE: 100.0
2024-12-24 18:13:23,195 - Comparison Step 24, Loss_X_TNG: 35.00653076171875, normE: 100.0
2024-12-24 18:13:24,633 - Comparison Step 25, Loss_X_TNG: 34.41844940185547, normE: 100.0
2024-12-24 18:13:26,062 - Comparison Step 26, Loss_X_TNG: 34.27555847167969, normE: 99.99999237060547
2024-12-24 18:13:27,481 - Comparison Step 27, Loss_X_TNG: 34.469627380371094, normE: 100.00000762939453
2024-12-24 18:13:28,892 - Comparison Step 28, Loss_X_TNG: 34.59344482421875, normE: 100.0
2024-12-24 18:13:30,315 - Comparison Step 29, Loss_X_TNG: 34.438968658447266, normE: 100.00000762939453
2024-12-24 18:13:31,735 - Comparison Step 30, Loss_X_TNG: 34.50083541870117, normE: 100.00000762939453
2024-12-24 18:13:33,144 - Comparison Step 31, Loss_X_TNG: 34.67071533203125, normE: 100.00000762939453
2024-12-24 18:13:34,572 - Comparison Step 32, Loss_X_TNG: 34.4514274597168, normE: 100.0
2024-12-24 18:13:36,007 - Comparison Step 33, Loss_X_TNG: 34.536922454833984, normE: 100.0
2024-12-24 18:13:37,431 - Comparison Step 34, Loss_X_TNG: 34.31578063964844, normE: 100.00000762939453
2024-12-24 18:13:38,847 - Comparison Step 35, Loss_X_TNG: 34.21156311035156, normE: 99.99999237060547
2024-12-24 18:13:40,284 - Comparison Step 36, Loss_X_TNG: 34.346336364746094, normE: 100.00000762939453
2024-12-24 18:13:41,715 - Comparison Step 37, Loss_X_TNG: 34.4556884765625, normE: 100.0
2024-12-24 18:13:43,128 - Comparison Step 38, Loss_X_TNG: 34.2599983215332, normE: 100.0
2024-12-24 18:13:44,326 - Comparison Step 39, Loss_X_TNG: 34.19405746459961, normE: 100.0
2024-12-24 18:13:45,765 - Comparison Step 40, Loss_X_TNG: 34.51293182373047, normE: 100.0
2024-12-24 18:13:46,210 - Comparison Step 41, Loss_X_TNG: 34.27124786376953, normE: 100.0
2024-12-24 18:13:47,627 - Comparison Step 42, Loss_X_TNG: 34.490169525146484, normE: 100.0
2024-12-24 18:13:49,053 - Comparison Step 43, Loss_X_TNG: 34.58679962158203, normE: 100.0
2024-12-24 18:13:50,502 - Comparison Step 44, Loss_X_TNG: 34.944114685058594, normE: 100.0
2024-12-24 18:13:51,539 - Comparison Step 45, Loss_X_TNG: 34.57051467895508, normE: 100.0
2024-12-24 18:13:52,012 - Comparison Step 46, Loss_X_TNG: 34.5096549987793, normE: 100.0
2024-12-24 18:13:53,462 - Comparison Step 47, Loss_X_TNG: 34.413116455078125, normE: 100.00000762939453
2024-12-24 18:13:54,979 - Comparison Step 48, Loss_X_TNG: 34.77161407470703, normE: 100.0
2024-12-24 18:13:55,596 - Comparison Step 49, Loss_X_TNG: 34.883331298828125, normE: 100.0
2024-12-24 18:13:57,011 - Comparison Step 50, Loss_X_TNG: 34.65873336791992, normE: 100.0
2024-12-24 18:13:57,112 - Comparison Step 51, Loss_X_TNG: 34.485774993896484, normE: 99.99999237060547
2024-12-24 18:13:58,520 - Comparison Step 52, Loss_X_TNG: 34.5621223449707, normE: 100.0
2024-12-24 18:13:59,566 - Comparison Step 53, Loss_X_TNG: 34.577640533447266, normE: 100.0
2024-12-24 18:14:00,985 - Comparison Step 54, Loss_X_TNG: 34.69716262817383, normE: 100.0
2024-12-24 18:14:01,733 - Comparison Step 55, Loss_X_TNG: 34.70777893066406, normE: 100.0
2024-12-24 18:14:01,770 - Comparison Step 56, Loss_X_TNG: 34.625885009765625, normE: 100.00000762939453
2024-12-24 18:14:03,168 - Comparison Step 57, Loss_X_TNG: 34.637813568115234, normE: 100.00000762939453
2024-12-24 18:14:04,579 - Comparison Step 58, Loss_X_TNG: 34.641746520996094, normE: 100.0
2024-12-24 18:14:05,997 - Comparison Step 59, Loss_X_TNG: 34.75959396362305, normE: 99.99999237060547
2024-12-24 18:14:07,403 - Comparison Step 60, Loss_X_TNG: 34.572425842285156, normE: 100.0
2024-12-24 18:14:08,796 - Comparison Step 61, Loss_X_TNG: 34.82203674316406, normE: 99.99999237060547
2024-12-24 18:14:08,837 - Comparison Step 62, Loss_X_TNG: 34.7127571105957, normE: 99.99999237060547
2024-12-24 18:14:09,604 - Comparison Step 63, Loss_X_TNG: 34.77632522583008, normE: 100.0
2024-12-24 18:14:11,035 - Comparison Step 64, Loss_X_TNG: 34.5076789855957, normE: 99.99999237060547
2024-12-24 18:14:11,535 - Comparison Step 65, Loss_X_TNG: 34.56967544555664, normE: 100.0
2024-12-24 18:14:11,964 - Comparison Step 66, Loss_X_TNG: 34.58403396606445, normE: 99.99999237060547
2024-12-24 18:14:12,934 - Comparison Step 67, Loss_X_TNG: 34.70524978637695, normE: 100.0
2024-12-24 18:14:13,269 - Comparison Step 68, Loss_X_TNG: 34.694190979003906, normE: 100.0
2024-12-24 18:14:13,838 - Comparison Step 69, Loss_X_TNG: 34.74129104614258, normE: 100.0
2024-12-24 18:14:15,250 - Comparison Step 70, Loss_X_TNG: 35.21928405761719, normE: 100.00000762939453
2024-12-24 18:14:16,658 - Comparison Step 71, Loss_X_TNG: 35.02007293701172, normE: 100.0
2024-12-24 18:14:17,537 - Comparison Step 72, Loss_X_TNG: 34.944854736328125, normE: 100.0
2024-12-24 18:14:18,647 - Comparison Step 73, Loss_X_TNG: 34.929100036621094, normE: 100.0
2024-12-24 18:14:20,064 - Comparison Step 74, Loss_X_TNG: 35.30182647705078, normE: 100.0
2024-12-24 18:14:21,470 - Comparison Step 75, Loss_X_TNG: 35.13501739501953, normE: 100.0
2024-12-24 18:14:22,875 - Comparison Step 76, Loss_X_TNG: 34.663902282714844, normE: 99.99999237060547
2024-12-24 18:14:24,274 - Comparison Step 77, Loss_X_TNG: 34.49144744873047, normE: 100.0
2024-12-24 18:14:25,685 - Comparison Step 78, Loss_X_TNG: 34.339935302734375, normE: 100.00000762939453
2024-12-24 18:14:27,071 - Comparison Step 79, Loss_X_TNG: 34.604637145996094, normE: 100.0
2024-12-24 18:14:28,470 - Comparison Step 80, Loss_X_TNG: 34.706844329833984, normE: 100.0
2024-12-24 18:14:29,870 - Comparison Step 81, Loss_X_TNG: 35.00872802734375, normE: 100.00000762939453
2024-12-24 18:14:31,278 - Comparison Step 82, Loss_X_TNG: 34.5425910949707, normE: 99.99999237060547
2024-12-24 18:14:32,671 - Comparison Step 83, Loss_X_TNG: 34.92197036743164, normE: 100.0
2024-12-24 18:14:34,064 - Comparison Step 84, Loss_X_TNG: 35.12892150878906, normE: 99.99999237060547
2024-12-24 18:14:35,479 - Comparison Step 85, Loss_X_TNG: 35.130409240722656, normE: 100.0
2024-12-24 18:14:36,864 - Comparison Step 86, Loss_X_TNG: 34.882408142089844, normE: 100.00000762939453
2024-12-24 18:14:38,262 - Comparison Step 87, Loss_X_TNG: 34.55076217651367, normE: 100.0
2024-12-24 18:14:39,661 - Comparison Step 88, Loss_X_TNG: 34.79561996459961, normE: 100.0
2024-12-24 18:14:40,366 - Comparison Step 89, Loss_X_TNG: 34.71750259399414, normE: 99.99999237060547
2024-12-24 18:14:41,749 - Comparison Step 90, Loss_X_TNG: 34.62281799316406, normE: 100.00000762939453
2024-12-24 18:14:43,134 - Comparison Step 91, Loss_X_TNG: 35.296871185302734, normE: 100.0
2024-12-24 18:14:44,536 - Comparison Step 92, Loss_X_TNG: 35.24216079711914, normE: 100.0
2024-12-24 18:14:45,824 - Comparison Step 93, Loss_X_TNG: 34.726097106933594, normE: 100.0
2024-12-24 18:14:47,205 - Comparison Step 94, Loss_X_TNG: 34.60966873168945, normE: 100.0
2024-12-24 18:14:48,584 - Comparison Step 95, Loss_X_TNG: 34.890708923339844, normE: 100.0
2024-12-24 18:14:49,969 - Comparison Step 96, Loss_X_TNG: 34.68803787231445, normE: 100.0
2024-12-24 18:14:50,253 - Comparison Step 97, Loss_X_TNG: 34.59218215942383, normE: 100.00000762939453
2024-12-24 18:14:50,666 - Comparison Step 98, Loss_X_TNG: 34.6946907043457, normE: 100.0
2024-12-24 18:14:50,905 - Comparison Step 99, Loss_X_TNG: 34.64375686645508, normE: 100.0
2024-12-24 18:14:52,287 - Comparison Step 100, Loss_X_TNG: 35.798980712890625, normE: 100.0
2024-12-24 18:14:53,668 - Comparison Step 101, Loss_X_TNG: 35.003211975097656, normE: 100.0
2024-12-24 18:14:55,059 - Comparison Step 102, Loss_X_TNG: 35.04461669921875, normE: 100.0
2024-12-24 18:14:56,451 - Comparison Step 103, Loss_X_TNG: 35.190765380859375, normE: 99.99999237060547
2024-12-24 18:14:57,836 - Comparison Step 104, Loss_X_TNG: 35.00106430053711, normE: 99.99999237060547
2024-12-24 18:14:59,227 - Comparison Step 105, Loss_X_TNG: 35.40268325805664, normE: 100.0
2024-12-24 18:15:00,641 - Comparison Step 106, Loss_X_TNG: 35.448089599609375, normE: 100.0
2024-12-24 18:15:02,037 - Comparison Step 107, Loss_X_TNG: 35.23638153076172, normE: 100.0
2024-12-24 18:15:03,430 - Comparison Step 108, Loss_X_TNG: 35.44239044189453, normE: 100.0
2024-12-24 18:15:04,833 - Comparison Step 109, Loss_X_TNG: 35.146949768066406, normE: 100.00000762939453
2024-12-24 18:15:06,240 - Comparison Step 110, Loss_X_TNG: 35.2664909362793, normE: 100.0
2024-12-24 18:15:07,639 - Comparison Step 111, Loss_X_TNG: 34.82090759277344, normE: 100.0
2024-12-24 18:15:09,028 - Comparison Step 112, Loss_X_TNG: 35.7705078125, normE: 100.0
2024-12-24 18:15:10,454 - Comparison Step 113, Loss_X_TNG: 35.17103958129883, normE: 100.00000762939453
2024-12-24 18:15:11,866 - Comparison Step 114, Loss_X_TNG: 35.710758209228516, normE: 100.0
2024-12-24 18:15:13,285 - Comparison Step 115, Loss_X_TNG: 35.91862106323242, normE: 100.00000762939453
2024-12-24 18:15:14,698 - Comparison Step 116, Loss_X_TNG: 35.18856430053711, normE: 100.0
2024-12-24 18:15:15,250 - Comparison Step 117, Loss_X_TNG: 34.90542984008789, normE: 100.0
2024-12-24 18:15:16,250 - Comparison Step 118, Loss_X_TNG: 34.987953186035156, normE: 100.0
2024-12-24 18:15:17,638 - Comparison Step 119, Loss_X_TNG: 35.97323989868164, normE: 100.0
2024-12-24 18:15:19,030 - Comparison Step 120, Loss_X_TNG: 35.20490264892578, normE: 100.0
2024-12-24 18:15:20,156 - Comparison Step 121, Loss_X_TNG: 34.906585693359375, normE: 99.99999237060547
2024-12-24 18:15:21,558 - Comparison Step 122, Loss_X_TNG: 34.842864990234375, normE: 99.99999237060547
2024-12-24 18:15:22,950 - Comparison Step 123, Loss_X_TNG: 35.57997512817383, normE: 100.0
2024-12-24 18:15:24,348 - Comparison Step 124, Loss_X_TNG: 35.18791580200195, normE: 100.00000762939453
2024-12-24 18:15:25,767 - Comparison Step 125, Loss_X_TNG: 35.450809478759766, normE: 100.0
2024-12-24 18:15:27,164 - Comparison Step 126, Loss_X_TNG: 35.94960021972656, normE: 100.0
2024-12-24 18:15:28,562 - Comparison Step 127, Loss_X_TNG: 36.239070892333984, normE: 100.0
2024-12-24 18:15:29,972 - Comparison Step 128, Loss_X_TNG: 36.29124450683594, normE: 100.0
2024-12-24 18:15:31,391 - Comparison Step 129, Loss_X_TNG: 35.592987060546875, normE: 100.0
2024-12-24 18:15:31,795 - Comparison Step 130, Loss_X_TNG: 35.34479904174805, normE: 100.0
2024-12-24 18:15:33,193 - Comparison Step 131, Loss_X_TNG: 35.770294189453125, normE: 100.0
2024-12-24 18:15:33,633 - Comparison Step 132, Loss_X_TNG: 35.2704963684082, normE: 100.0
2024-12-24 18:15:35,048 - Comparison Step 133, Loss_X_TNG: 35.45338821411133, normE: 100.0
2024-12-24 18:15:36,453 - Comparison Step 134, Loss_X_TNG: 35.5373649597168, normE: 100.0
2024-12-24 18:15:37,851 - Comparison Step 135, Loss_X_TNG: 35.89804458618164, normE: 100.0
2024-12-24 18:15:39,248 - Comparison Step 136, Loss_X_TNG: 36.19741439819336, normE: 100.0
2024-12-24 18:15:40,655 - Comparison Step 137, Loss_X_TNG: 34.67347717285156, normE: 100.0
2024-12-24 18:15:42,047 - Comparison Step 138, Loss_X_TNG: 34.90313720703125, normE: 99.99999237060547
2024-12-24 18:15:42,826 - Comparison Step 139, Loss_X_TNG: 34.618621826171875, normE: 100.0
2024-12-24 18:15:43,130 - Comparison Step 140, Loss_X_TNG: 34.63338088989258, normE: 100.0
2024-12-24 18:15:44,539 - Comparison Step 141, Loss_X_TNG: 34.968624114990234, normE: 100.0
2024-12-24 18:15:45,575 - Comparison Step 142, Loss_X_TNG: 34.909420013427734, normE: 99.99999237060547
2024-12-24 18:15:45,591 - Comparison Step 143, Loss_X_TNG: 34.861915588378906, normE: 100.00000762939453
2024-12-24 18:15:46,978 - Comparison Step 144, Loss_X_TNG: 35.59461212158203, normE: 100.0
2024-12-24 18:15:47,369 - Comparison Step 145, Loss_X_TNG: 35.611087799072266, normE: 100.0
2024-12-24 18:15:48,767 - Comparison Step 146, Loss_X_TNG: 34.881629943847656, normE: 100.0
2024-12-24 18:15:49,828 - Comparison Step 147, Loss_X_TNG: 35.06313705444336, normE: 100.0
2024-12-24 18:15:50,667 - Comparison Step 148, Loss_X_TNG: 35.17758560180664, normE: 100.0
2024-12-24 18:15:50,708 - Comparison Step 149, Loss_X_TNG: 35.13823318481445, normE: 100.0
2024-12-24 18:15:51,991 - Comparison Step 150, Loss_X_TNG: 35.01262664794922, normE: 100.00000762939453
2024-12-24 18:15:52,127 - Comparison Step 151, Loss_X_TNG: 34.85373306274414, normE: 100.0
2024-12-24 18:15:52,476 - Comparison Step 152, Loss_X_TNG: 34.708621978759766, normE: 100.0
2024-12-24 18:15:53,868 - Comparison Step 153, Loss_X_TNG: 35.48093795776367, normE: 99.99999237060547
2024-12-24 18:15:55,011 - Comparison Step 154, Loss_X_TNG: 35.468284606933594, normE: 99.99999237060547
2024-12-24 18:15:55,086 - Comparison Step 155, Loss_X_TNG: 35.37732696533203, normE: 100.0
2024-12-24 18:15:56,493 - Comparison Step 156, Loss_X_TNG: 35.48826599121094, normE: 100.0
2024-12-24 18:15:57,891 - Comparison Step 157, Loss_X_TNG: 35.7787971496582, normE: 100.0
2024-12-24 18:15:59,285 - Comparison Step 158, Loss_X_TNG: 35.717140197753906, normE: 99.99999237060547
2024-12-24 18:16:00,705 - Comparison Step 159, Loss_X_TNG: 35.60794448852539, normE: 100.0
2024-12-24 18:16:02,112 - Comparison Step 160, Loss_X_TNG: 35.31378173828125, normE: 100.0
2024-12-24 18:16:03,526 - Comparison Step 161, Loss_X_TNG: 35.249839782714844, normE: 100.0
2024-12-24 18:16:04,932 - Comparison Step 162, Loss_X_TNG: 35.69899368286133, normE: 100.0
2024-12-24 18:16:05,761 - Comparison Step 163, Loss_X_TNG: 35.6411018371582, normE: 100.0
2024-12-24 18:16:07,155 - Comparison Step 164, Loss_X_TNG: 35.262882232666016, normE: 100.00000762939453
2024-12-24 18:16:08,552 - Comparison Step 165, Loss_X_TNG: 35.06482696533203, normE: 100.00000762939453
2024-12-24 18:16:09,958 - Comparison Step 166, Loss_X_TNG: 35.355247497558594, normE: 100.0
2024-12-24 18:16:10,967 - Comparison Step 167, Loss_X_TNG: 35.380191802978516, normE: 100.0
2024-12-24 18:16:11,363 - Comparison Step 168, Loss_X_TNG: 35.2191276550293, normE: 100.0
2024-12-24 18:16:12,758 - Comparison Step 169, Loss_X_TNG: 35.204307556152344, normE: 100.0
2024-12-24 18:16:13,279 - Comparison Step 170, Loss_X_TNG: 34.87879943847656, normE: 99.99999237060547
2024-12-24 18:16:13,298 - Comparison Step 171, Loss_X_TNG: 34.78501892089844, normE: 100.0
2024-12-24 18:16:14,703 - Comparison Step 172, Loss_X_TNG: 35.475955963134766, normE: 100.0
2024-12-24 18:16:16,119 - Comparison Step 173, Loss_X_TNG: 35.93619918823242, normE: 100.0
2024-12-24 18:16:17,511 - Comparison Step 174, Loss_X_TNG: 35.728633880615234, normE: 100.0
2024-12-24 18:16:18,899 - Comparison Step 175, Loss_X_TNG: 35.509185791015625, normE: 100.0
2024-12-24 18:16:20,298 - Comparison Step 176, Loss_X_TNG: 35.54594039916992, normE: 100.00000762939453
2024-12-24 18:16:21,709 - Comparison Step 177, Loss_X_TNG: 36.01938247680664, normE: 100.0
2024-12-24 18:16:23,118 - Comparison Step 178, Loss_X_TNG: 36.0595703125, normE: 100.0
2024-12-24 18:16:24,529 - Comparison Step 179, Loss_X_TNG: 35.85803985595703, normE: 100.0
2024-12-24 18:16:25,933 - Comparison Step 180, Loss_X_TNG: 35.73489761352539, normE: 100.0
2024-12-24 18:16:27,337 - Comparison Step 181, Loss_X_TNG: 35.6574821472168, normE: 100.0
2024-12-24 18:16:28,731 - Comparison Step 182, Loss_X_TNG: 35.898921966552734, normE: 100.0
2024-12-24 18:16:30,137 - Comparison Step 183, Loss_X_TNG: 35.691246032714844, normE: 99.99999237060547
2024-12-24 18:16:31,550 - Comparison Step 184, Loss_X_TNG: 35.49800491333008, normE: 99.99999237060547
2024-12-24 18:16:32,957 - Comparison Step 185, Loss_X_TNG: 35.19944381713867, normE: 99.99999237060547
2024-12-24 18:16:34,027 - Comparison Step 186, Loss_X_TNG: 35.221988677978516, normE: 100.00000762939453
2024-12-24 18:16:35,449 - Comparison Step 187, Loss_X_TNG: 35.53608322143555, normE: 100.00000762939453
2024-12-24 18:16:36,870 - Comparison Step 188, Loss_X_TNG: 35.45389938354492, normE: 100.00000762939453
2024-12-24 18:16:38,278 - Comparison Step 189, Loss_X_TNG: 35.37098693847656, normE: 99.99999237060547
2024-12-24 18:16:39,559 - Comparison Step 190, Loss_X_TNG: 35.288570404052734, normE: 100.0
2024-12-24 18:16:39,963 - Comparison Step 191, Loss_X_TNG: 35.166622161865234, normE: 100.0
2024-12-24 18:16:41,300 - Comparison Step 192, Loss_X_TNG: 35.50151824951172, normE: 100.0
2024-12-24 18:16:42,314 - Comparison Step 193, Loss_X_TNG: 35.44518280029297, normE: 100.0
2024-12-24 18:16:43,303 - Comparison Step 194, Loss_X_TNG: 35.453155517578125, normE: 100.00000762939453
2024-12-24 18:16:44,714 - Comparison Step 195, Loss_X_TNG: 35.26851272583008, normE: 100.0
2024-12-24 18:16:46,122 - Comparison Step 196, Loss_X_TNG: 35.225791931152344, normE: 100.0
2024-12-24 18:16:46,432 - Comparison Step 197, Loss_X_TNG: 35.18202209472656, normE: 100.00000762939453
2024-12-24 18:16:47,361 - Comparison Step 198, Loss_X_TNG: 35.70171356201172, normE: 100.00000762939453
2024-12-24 18:16:48,775 - Comparison Step 199, Loss_X_TNG: 36.53755187988281, normE: 100.0
2024-12-24 18:16:49,415 - Comparison Step 200, Loss_X_TNG: 35.658626556396484, normE: 100.0
2024-12-24 18:16:50,830 - Comparison Step 201, Loss_X_TNG: 35.502986907958984, normE: 100.00000762939453
2024-12-24 18:16:52,229 - Comparison Step 202, Loss_X_TNG: 35.578895568847656, normE: 100.0
2024-12-24 18:16:52,456 - Comparison Step 203, Loss_X_TNG: 35.40483093261719, normE: 100.0
2024-12-24 18:16:53,848 - Comparison Step 204, Loss_X_TNG: 36.03946304321289, normE: 100.0
2024-12-24 18:16:55,252 - Comparison Step 205, Loss_X_TNG: 36.113834381103516, normE: 100.00000762939453
2024-12-24 18:16:55,439 - Comparison Step 206, Loss_X_TNG: 35.846622467041016, normE: 100.0
2024-12-24 18:16:56,081 - Comparison Step 207, Loss_X_TNG: 35.64801025390625, normE: 100.0
2024-12-24 18:16:57,485 - Comparison Step 208, Loss_X_TNG: 36.4043083190918, normE: 100.0
2024-12-24 18:16:58,885 - Comparison Step 209, Loss_X_TNG: 35.70352554321289, normE: 100.0
2024-12-24 18:17:00,294 - Comparison Step 210, Loss_X_TNG: 36.01192855834961, normE: 100.0
2024-12-24 18:17:01,691 - Comparison Step 211, Loss_X_TNG: 36.095584869384766, normE: 100.0
2024-12-24 18:17:03,078 - Comparison Step 212, Loss_X_TNG: 35.59341049194336, normE: 100.0
2024-12-24 18:17:04,478 - Comparison Step 213, Loss_X_TNG: 35.03727340698242, normE: 99.99999237060547
2024-12-24 18:17:05,878 - Comparison Step 214, Loss_X_TNG: 34.6204719543457, normE: 100.00000762939453
2024-12-24 18:17:07,275 - Comparison Step 215, Loss_X_TNG: 34.735565185546875, normE: 100.0
2024-12-24 18:17:08,670 - Comparison Step 216, Loss_X_TNG: 34.50935363769531, normE: 100.0
2024-12-24 18:17:10,061 - Comparison Step 217, Loss_X_TNG: 35.1896858215332, normE: 100.00000762939453
2024-12-24 18:17:11,460 - Comparison Step 218, Loss_X_TNG: 34.658565521240234, normE: 100.0
2024-12-24 18:17:12,849 - Comparison Step 219, Loss_X_TNG: 34.496185302734375, normE: 100.0
2024-12-24 18:17:14,238 - Comparison Step 220, Loss_X_TNG: 34.610923767089844, normE: 100.0
2024-12-24 18:17:15,648 - Comparison Step 221, Loss_X_TNG: 35.05660629272461, normE: 100.0
2024-12-24 18:17:17,033 - Comparison Step 222, Loss_X_TNG: 35.38501739501953, normE: 100.0
2024-12-24 18:17:18,426 - Comparison Step 223, Loss_X_TNG: 35.17921829223633, normE: 100.0
2024-12-24 18:17:19,819 - Comparison Step 224, Loss_X_TNG: 34.79657745361328, normE: 100.0
2024-12-24 18:17:21,215 - Comparison Step 225, Loss_X_TNG: 35.28724670410156, normE: 100.0
2024-12-24 18:17:22,611 - Comparison Step 226, Loss_X_TNG: 35.19436264038086, normE: 100.0
2024-12-24 18:17:24,011 - Comparison Step 227, Loss_X_TNG: 35.4245719909668, normE: 100.0
2024-12-24 18:17:25,306 - Comparison Step 228, Loss_X_TNG: 35.2641716003418, normE: 100.0
2024-12-24 18:17:26,711 - Comparison Step 229, Loss_X_TNG: 35.399559020996094, normE: 100.0
2024-12-24 18:17:28,102 - Comparison Step 230, Loss_X_TNG: 35.158775329589844, normE: 100.0
2024-12-24 18:17:28,426 - Comparison Step 231, Loss_X_TNG: 35.02100372314453, normE: 100.0
2024-12-24 18:17:29,823 - Comparison Step 232, Loss_X_TNG: 34.66115188598633, normE: 100.0
2024-12-24 18:17:29,956 - Comparison Step 233, Loss_X_TNG: 34.47592544555664, normE: 100.0
2024-12-24 18:17:30,847 - Comparison Step 234, Loss_X_TNG: 34.35346603393555, normE: 100.0
2024-12-24 18:17:30,905 - Comparison Step 235, Loss_X_TNG: 34.23979568481445, normE: 100.0
2024-12-24 18:17:32,171 - Comparison Step 236, Loss_X_TNG: 34.693634033203125, normE: 100.0
2024-12-24 18:17:32,347 - Comparison Step 237, Loss_X_TNG: 34.720252990722656, normE: 100.0
2024-12-24 18:17:33,738 - Comparison Step 238, Loss_X_TNG: 35.260162353515625, normE: 100.00000762939453
2024-12-24 18:17:35,143 - Comparison Step 239, Loss_X_TNG: 35.08015060424805, normE: 99.99999237060547
2024-12-24 18:17:36,554 - Comparison Step 240, Loss_X_TNG: 35.45458221435547, normE: 100.0
2024-12-24 18:17:37,954 - Comparison Step 241, Loss_X_TNG: 35.04109191894531, normE: 99.99999237060547
2024-12-24 18:17:38,768 - Comparison Step 242, Loss_X_TNG: 34.80718231201172, normE: 100.0
2024-12-24 18:17:40,176 - Comparison Step 243, Loss_X_TNG: 34.90412139892578, normE: 100.0
2024-12-24 18:17:41,569 - Comparison Step 244, Loss_X_TNG: 34.53962326049805, normE: 100.00000762939453
2024-12-24 18:17:42,957 - Comparison Step 245, Loss_X_TNG: 34.575496673583984, normE: 99.99999237060547
2024-12-24 18:17:44,344 - Comparison Step 246, Loss_X_TNG: 34.68916702270508, normE: 99.99999237060547
2024-12-24 18:17:45,760 - Comparison Step 247, Loss_X_TNG: 34.83369827270508, normE: 100.00000762939453
2024-12-24 18:17:47,144 - Comparison Step 248, Loss_X_TNG: 34.946815490722656, normE: 99.99999237060547
2024-12-24 18:17:48,532 - Comparison Step 249, Loss_X_TNG: 34.59187316894531, normE: 100.0
2024-12-24 18:17:49,932 - Comparison Step 250, Loss_X_TNG: 35.492637634277344, normE: 100.0
2024-12-24 18:17:51,328 - Comparison Step 251, Loss_X_TNG: 35.27860641479492, normE: 100.0
2024-12-24 18:17:52,704 - Comparison Step 252, Loss_X_TNG: 36.041019439697266, normE: 100.00000762939453
2024-12-24 18:17:54,080 - Comparison Step 253, Loss_X_TNG: 35.624847412109375, normE: 99.99999237060547
2024-12-24 18:17:54,718 - Comparison Step 254, Loss_X_TNG: 35.2373046875, normE: 100.0
2024-12-24 18:17:56,118 - Comparison Step 255, Loss_X_TNG: 34.905426025390625, normE: 99.99999237060547
2024-12-24 18:17:57,506 - Comparison Step 256, Loss_X_TNG: 34.6226921081543, normE: 100.0
2024-12-24 18:17:58,894 - Comparison Step 257, Loss_X_TNG: 34.83538818359375, normE: 100.0
2024-12-24 18:17:59,463 - Comparison Step 258, Loss_X_TNG: 34.78929901123047, normE: 100.0
2024-12-24 18:18:00,866 - Comparison Step 259, Loss_X_TNG: 34.66813659667969, normE: 100.0
2024-12-24 18:18:01,920 - Comparison Step 260, Loss_X_TNG: 34.385799407958984, normE: 99.99999237060547
2024-12-24 18:18:03,309 - Comparison Step 261, Loss_X_TNG: 34.982872009277344, normE: 100.0
2024-12-24 18:18:04,712 - Comparison Step 262, Loss_X_TNG: 34.60673522949219, normE: 100.0
2024-12-24 18:18:06,119 - Comparison Step 263, Loss_X_TNG: 34.72473907470703, normE: 100.0
2024-12-24 18:18:07,520 - Comparison Step 264, Loss_X_TNG: 34.32814407348633, normE: 100.00000762939453
2024-12-24 18:18:07,796 - Comparison Step 265, Loss_X_TNG: 34.495994567871094, normE: 100.0
2024-12-24 18:18:09,181 - Comparison Step 266, Loss_X_TNG: 34.486568450927734, normE: 100.0
2024-12-24 18:18:10,597 - Comparison Step 267, Loss_X_TNG: 34.682159423828125, normE: 100.0
2024-12-24 18:18:11,984 - Comparison Step 268, Loss_X_TNG: 34.40230941772461, normE: 99.99999237060547
2024-12-24 18:18:13,372 - Comparison Step 269, Loss_X_TNG: 36.376853942871094, normE: 100.0
2024-12-24 18:18:14,773 - Comparison Step 270, Loss_X_TNG: 34.476253509521484, normE: 100.00000762939453
2024-12-24 18:18:16,175 - Comparison Step 271, Loss_X_TNG: 34.40455627441406, normE: 100.0
2024-12-24 18:18:17,576 - Comparison Step 272, Loss_X_TNG: 34.49038314819336, normE: 100.0
2024-12-24 18:18:18,979 - Comparison Step 273, Loss_X_TNG: 34.73744583129883, normE: 100.0
2024-12-24 18:18:20,388 - Comparison Step 274, Loss_X_TNG: 34.52098846435547, normE: 100.0
2024-12-24 18:18:21,798 - Comparison Step 275, Loss_X_TNG: 34.855506896972656, normE: 100.00000762939453
2024-12-24 18:18:23,201 - Comparison Step 276, Loss_X_TNG: 34.60880661010742, normE: 100.0
2024-12-24 18:18:24,609 - Comparison Step 277, Loss_X_TNG: 34.395240783691406, normE: 99.99999237060547
2024-12-24 18:18:26,026 - Comparison Step 278, Loss_X_TNG: 34.19435119628906, normE: 99.99999237060547
2024-12-24 18:18:27,432 - Comparison Step 279, Loss_X_TNG: 34.53450393676758, normE: 100.0
2024-12-24 18:18:28,839 - Comparison Step 280, Loss_X_TNG: 34.82830810546875, normE: 100.0
2024-12-24 18:18:30,253 - Comparison Step 281, Loss_X_TNG: 35.11503982543945, normE: 100.0
2024-12-24 18:18:31,665 - Comparison Step 282, Loss_X_TNG: 35.042747497558594, normE: 99.99999237060547
2024-12-24 18:18:31,909 - Comparison Step 283, Loss_X_TNG: 35.01514434814453, normE: 100.0
2024-12-24 18:18:33,314 - Comparison Step 284, Loss_X_TNG: 35.062435150146484, normE: 100.0
2024-12-24 18:18:34,707 - Comparison Step 285, Loss_X_TNG: 35.159629821777344, normE: 100.0
2024-12-24 18:18:36,127 - Comparison Step 286, Loss_X_TNG: 35.21821975708008, normE: 100.0
2024-12-24 18:18:37,533 - Comparison Step 287, Loss_X_TNG: 34.737979888916016, normE: 100.0
2024-12-24 18:18:38,942 - Comparison Step 288, Loss_X_TNG: 35.146663665771484, normE: 100.00000762939453
2024-12-24 18:18:39,945 - Comparison Step 289, Loss_X_TNG: 34.59699630737305, normE: 99.99999237060547
2024-12-24 18:18:40,192 - Comparison Step 290, Loss_X_TNG: 34.27823257446289, normE: 100.00000762939453
2024-12-24 18:18:41,603 - Comparison Step 291, Loss_X_TNG: 34.41389846801758, normE: 100.0
2024-12-24 18:18:41,785 - Comparison Step 292, Loss_X_TNG: 34.31560516357422, normE: 100.0
2024-12-24 18:18:43,201 - Comparison Step 293, Loss_X_TNG: 34.638648986816406, normE: 100.0
2024-12-24 18:18:44,610 - Comparison Step 294, Loss_X_TNG: 35.143516540527344, normE: 99.99999237060547
2024-12-24 18:18:46,017 - Comparison Step 295, Loss_X_TNG: 34.5611572265625, normE: 99.99999237060547
2024-12-24 18:18:47,412 - Comparison Step 296, Loss_X_TNG: 34.22871398925781, normE: 100.0
2024-12-24 18:18:48,808 - Comparison Step 297, Loss_X_TNG: 34.51423645019531, normE: 100.0
2024-12-24 18:18:50,209 - Comparison Step 298, Loss_X_TNG: 34.732566833496094, normE: 100.0
2024-12-24 18:18:51,621 - Comparison Step 299, Loss_X_TNG: 34.384666442871094, normE: 100.0
2024-12-24 18:18:51,622 - Norm2 (Comparison Algorithm): 34.384666442871094
2024-12-24 18:18:52,994 - Norm2 (Original TR Algorithm): 26.573335647583008
2024-12-24 18:18:52,995 - Norm2 (Our Algorithm): 100.0000991821289
2024-12-24 18:18:53,086 - Clipping input data to the valid range for imshow with RGB data ([0..1] for floats or [0..255] for integers). Got range [-0.11827835..1.1779126].
2024-12-24 18:18:53,089 - Clipping input data to the valid range for imshow with RGB data ([0..1] for floats or [0..255] for integers). Got range [-1.3548348..1.2894282].
2024-12-24 18:18:53,091 - Clipping input data to the valid range for imshow with RGB data ([0..1] for floats or [0..255] for integers). Got range [-0.7868879..1.8619773].
2024-12-24 18:18:53,093 - Clipping input data to the valid range for imshow with RGB data ([0..1] for floats or [0..255] for integers). Got range [-0.7868762..1.8619488].
2024-12-24 18:18:53,096 - Clipping input data to the valid range for imshow with RGB data ([0..1] for floats or [0..255] for integers). Got range [-0.56115663..0.5326917].
2024-12-24 18:18:53,098 - Clipping input data to the valid range for imshow with RGB data ([0..1] for floats or [0..255] for integers). Got range [-0.49441326..1.4564706].
2024-12-24 18:18:53,100 - Clipping input data to the valid range for imshow with RGB data ([0..1] for floats or [0..255] for integers). Got range [-0.21117863..1.2843537].
