2024-12-24 17:36:45,829 - Norm2 (epsilon): 30
2024-12-24 17:36:45,829 - Optimization parameters:
2024-12-24 17:36:45,829 - epsilon (Frobenius norm constraint): 30
2024-12-24 17:36:45,829 - inner_tol (Tolerance for inner optimization): 1e-10
2024-12-24 17:36:45,829 - lr (Learning rate): 0.01
2024-12-24 17:36:45,829 - outer_num_steps (Number of outer optimization steps): 300
2024-12-24 17:36:45,829 - inner_num_steps (Number of inner optimization steps): 500
2024-12-24 17:36:45,829 - outer_dis_num (Display loss every outer_dis_num steps): 1
2024-12-24 17:36:45,829 - inner_dis_num (Display loss every inner_dis_num steps): 2000
2024-12-24 17:36:48,127 - Step 0, RSE_E: 40.88820266723633, Loss_X_Ours: 27.725923538208008, normE: 30.0
2024-12-24 17:36:48,921 - Step 1, RSE_E: 0.6564809083938599, Loss_X_Ours: 27.886959075927734, normE: 30.000001907348633
2024-12-24 17:36:49,260 - Step 2, RSE_E: 0.638710618019104, Loss_X_Ours: 28.077497482299805, normE: 30.0
2024-12-24 17:36:50,645 - Step 3, RSE_E: 0.6174070239067078, Loss_X_Ours: 28.27814292907715, normE: 29.999998092651367
2024-12-24 17:36:52,030 - Step 4, RSE_E: 0.5783974528312683, Loss_X_Ours: 28.479080200195312, normE: 30.000001907348633
2024-12-24 17:36:52,524 - Step 5, RSE_E: 0.5295007228851318, Loss_X_Ours: 28.67255210876465, normE: 29.999998092651367
2024-12-24 17:36:53,934 - Step 6, RSE_E: 0.4796060621738434, Loss_X_Ours: 28.85889434814453, normE: 30.0
2024-12-24 17:36:55,291 - Step 7, RSE_E: 0.42381760478019714, Loss_X_Ours: 29.0311279296875, normE: 30.000001907348633
2024-12-24 17:36:56,682 - Step 8, RSE_E: 0.36794567108154297, Loss_X_Ours: 29.186641693115234, normE: 30.000001907348633
2024-12-24 17:36:57,169 - Step 9, RSE_E: 0.313815176486969, Loss_X_Ours: 29.322912216186523, normE: 29.999998092651367
2024-12-24 17:36:58,592 - Step 10, RSE_E: 0.2662208080291748, Loss_X_Ours: 29.4422550201416, normE: 30.000001907348633
2024-12-24 17:37:00,001 - Step 11, RSE_E: 0.2220340520143509, Loss_X_Ours: 29.54399871826172, normE: 30.0
2024-12-24 17:37:01,397 - Step 12, RSE_E: 0.1844266951084137, Loss_X_Ours: 29.629789352416992, normE: 29.999998092651367
2024-12-24 17:37:02,632 - Step 13, RSE_E: 0.15165556967258453, Loss_X_Ours: 29.701086044311523, normE: 30.0
2024-12-24 17:37:04,041 - Step 14, RSE_E: 0.12419219315052032, Loss_X_Ours: 29.759984970092773, normE: 30.0
2024-12-24 17:37:04,391 - Step 15, RSE_E: 0.10030463337898254, Loss_X_Ours: 29.807113647460938, normE: 30.000001907348633
2024-12-24 17:37:05,785 - Step 16, RSE_E: 0.08344272524118423, Loss_X_Ours: 29.84596061706543, normE: 30.0
2024-12-24 17:37:07,178 - Step 17, RSE_E: 0.0685802772641182, Loss_X_Ours: 29.877599716186523, normE: 30.0
2024-12-24 17:37:08,590 - Step 18, RSE_E: 0.05658362805843353, Loss_X_Ours: 29.90291404724121, normE: 29.999998092651367
2024-12-24 17:37:09,992 - Step 19, RSE_E: 0.04895751550793648, Loss_X_Ours: 29.923076629638672, normE: 30.0
2024-12-24 17:37:11,383 - Step 20, RSE_E: 0.040353674441576004, Loss_X_Ours: 29.9390926361084, normE: 29.999998092651367
2024-12-24 17:37:12,783 - Step 21, RSE_E: 0.03538093343377113, Loss_X_Ours: 29.951736450195312, normE: 30.0
2024-12-24 17:37:14,188 - Step 22, RSE_E: 0.03264642879366875, Loss_X_Ours: 29.961645126342773, normE: 30.0
2024-12-24 17:37:15,585 - Step 23, RSE_E: 0.03184978663921356, Loss_X_Ours: 29.969831466674805, normE: 30.0
2024-12-24 17:37:16,987 - Step 24, RSE_E: 0.027511533349752426, Loss_X_Ours: 29.97634506225586, normE: 30.0
2024-12-24 17:37:18,399 - Step 25, RSE_E: 0.02768900990486145, Loss_X_Ours: 29.981401443481445, normE: 29.999998092651367
2024-12-24 17:37:19,804 - Step 26, RSE_E: 0.026887785643339157, Loss_X_Ours: 29.98522186279297, normE: 30.0
2024-12-24 17:37:21,191 - Step 27, RSE_E: 0.027188614010810852, Loss_X_Ours: 29.987895965576172, normE: 29.999998092651367
2024-12-24 17:37:22,596 - Step 28, RSE_E: 0.024504490196704865, Loss_X_Ours: 29.990337371826172, normE: 30.0
2024-12-24 17:37:23,997 - Step 29, RSE_E: 0.024800097569823265, Loss_X_Ours: 29.992511749267578, normE: 29.999998092651367
2024-12-24 17:37:25,391 - Step 30, RSE_E: 0.023354485630989075, Loss_X_Ours: 29.99422264099121, normE: 30.0
2024-12-24 17:37:26,785 - Step 31, RSE_E: 0.025170547887682915, Loss_X_Ours: 29.9957218170166, normE: 29.999998092651367
2024-12-24 17:37:28,183 - Step 32, RSE_E: 0.02436506561934948, Loss_X_Ours: 29.996788024902344, normE: 30.0
2024-12-24 17:37:29,585 - Step 33, RSE_E: 0.023546801880002022, Loss_X_Ours: 29.99748992919922, normE: 29.999998092651367
2024-12-24 17:37:30,984 - Step 34, RSE_E: 0.026296095922589302, Loss_X_Ours: 29.998207092285156, normE: 30.000001907348633
2024-12-24 17:37:32,370 - Step 35, RSE_E: 0.025642208755016327, Loss_X_Ours: 29.99885368347168, normE: 30.0
2024-12-24 17:37:33,781 - Step 36, RSE_E: 0.023590894415974617, Loss_X_Ours: 29.999088287353516, normE: 30.0
2024-12-24 17:37:35,168 - Step 37, RSE_E: 0.023781374096870422, Loss_X_Ours: 29.99936294555664, normE: 29.999998092651367
2024-12-24 17:37:36,550 - Step 38, RSE_E: 0.02316717617213726, Loss_X_Ours: 29.999731063842773, normE: 30.0
2024-12-24 17:37:37,946 - Step 39, RSE_E: 0.024144219234585762, Loss_X_Ours: 29.999834060668945, normE: 30.000001907348633
2024-12-24 17:37:39,350 - Step 40, RSE_E: 0.02395266853272915, Loss_X_Ours: 29.999832153320312, normE: 30.000001907348633
2024-12-24 17:37:40,735 - Step 41, RSE_E: 0.02363627403974533, Loss_X_Ours: 29.999805450439453, normE: 29.999998092651367
2024-12-24 17:37:42,122 - Step 42, RSE_E: 0.023712916299700737, Loss_X_Ours: 29.999706268310547, normE: 30.000001907348633
2024-12-24 17:37:43,527 - Step 43, RSE_E: 0.02346826158463955, Loss_X_Ours: 29.99947738647461, normE: 30.000001907348633
2024-12-24 17:37:44,938 - Step 44, RSE_E: 0.02608991041779518, Loss_X_Ours: 29.999530792236328, normE: 29.999998092651367
2024-12-24 17:37:46,382 - Step 45, RSE_E: 0.027547691017389297, Loss_X_Ours: 29.999683380126953, normE: 29.999998092651367
2024-12-24 17:37:48,109 - Step 46, RSE_E: 0.0333431139588356, Loss_X_Ours: 29.999662399291992, normE: 29.999998092651367
2024-12-24 17:37:49,491 - Step 47, RSE_E: 0.02637929469347, Loss_X_Ours: 30.000062942504883, normE: 30.0
2024-12-24 17:37:50,854 - Step 48, RSE_E: 0.030418524518609047, Loss_X_Ours: 30.000211715698242, normE: 30.0
2024-12-24 17:37:52,228 - Step 49, RSE_E: 0.02720082737505436, Loss_X_Ours: 30.00029182434082, normE: 29.999998092651367
2024-12-24 17:37:53,627 - Step 50, RSE_E: 0.02697933278977871, Loss_X_Ours: 30.000154495239258, normE: 30.000001907348633
2024-12-24 17:37:55,015 - Step 51, RSE_E: 0.028776662424206734, Loss_X_Ours: 30.000158309936523, normE: 30.0
2024-12-24 17:37:56,399 - Step 52, RSE_E: 0.024922866374254227, Loss_X_Ours: 30.000211715698242, normE: 30.000001907348633
2024-12-24 17:37:57,796 - Step 53, RSE_E: 0.025779997929930687, Loss_X_Ours: 30.000009536743164, normE: 30.0
2024-12-24 17:37:59,200 - Step 54, RSE_E: 0.024615982547402382, Loss_X_Ours: 30.000045776367188, normE: 30.000001907348633
2024-12-24 17:38:00,592 - Step 55, RSE_E: 0.02502778172492981, Loss_X_Ours: 29.99993896484375, normE: 29.999998092651367
2024-12-24 17:38:01,990 - Step 56, RSE_E: 0.022853204980492592, Loss_X_Ours: 30.000078201293945, normE: 29.999998092651367
2024-12-24 17:38:03,390 - Step 57, RSE_E: 0.02352854795753956, Loss_X_Ours: 30.000404357910156, normE: 30.000001907348633
2024-12-24 17:38:04,783 - Step 58, RSE_E: 0.02581923082470894, Loss_X_Ours: 30.000577926635742, normE: 30.0
2024-12-24 17:38:06,163 - Step 59, RSE_E: 0.030316364020109177, Loss_X_Ours: 30.000646591186523, normE: 29.999998092651367
2024-12-24 17:38:07,543 - Step 60, RSE_E: 0.024345774203538895, Loss_X_Ours: 30.00079345703125, normE: 30.0
2024-12-24 17:38:08,950 - Step 61, RSE_E: 0.023924581706523895, Loss_X_Ours: 30.00054931640625, normE: 30.000001907348633
2024-12-24 17:38:10,336 - Step 62, RSE_E: 0.022840889170765877, Loss_X_Ours: 30.00067710876465, normE: 30.0
2024-12-24 17:38:11,706 - Step 63, RSE_E: 0.025505391880869865, Loss_X_Ours: 30.000741958618164, normE: 30.0
2024-12-24 17:38:13,091 - Step 64, RSE_E: 0.024606432765722275, Loss_X_Ours: 30.000558853149414, normE: 30.000001907348633
2024-12-24 17:38:14,469 - Step 65, RSE_E: 0.02384042739868164, Loss_X_Ours: 30.000429153442383, normE: 29.999998092651367
2024-12-24 17:38:15,852 - Step 66, RSE_E: 0.02496105246245861, Loss_X_Ours: 30.00043487548828, normE: 30.0
2024-12-24 17:38:17,232 - Step 67, RSE_E: 0.024729739874601364, Loss_X_Ours: 30.00031089782715, normE: 30.0
2024-12-24 17:38:18,640 - Step 68, RSE_E: 0.024860113859176636, Loss_X_Ours: 30.00029945373535, normE: 29.999998092651367
2024-12-24 17:38:20,036 - Step 69, RSE_E: 0.02299853041768074, Loss_X_Ours: 30.00022315979004, normE: 30.0
2024-12-24 17:38:21,420 - Step 70, RSE_E: 0.024833807721734047, Loss_X_Ours: 30.000009536743164, normE: 30.000001907348633
2024-12-24 17:38:22,822 - Step 71, RSE_E: 0.024245616048574448, Loss_X_Ours: 30.000080108642578, normE: 30.0
2024-12-24 17:38:24,220 - Step 72, RSE_E: 0.024130037054419518, Loss_X_Ours: 29.999855041503906, normE: 30.0
2024-12-24 17:38:25,610 - Step 73, RSE_E: 0.023996522650122643, Loss_X_Ours: 29.999876022338867, normE: 30.0
2024-12-24 17:38:27,002 - Step 74, RSE_E: 0.02233290486037731, Loss_X_Ours: 29.99981689453125, normE: 30.000001907348633
2024-12-24 17:38:28,404 - Step 75, RSE_E: 0.023066196590662003, Loss_X_Ours: 29.999897003173828, normE: 30.000001907348633
2024-12-24 17:38:29,808 - Step 76, RSE_E: 0.026145868003368378, Loss_X_Ours: 29.99959373474121, normE: 30.0
2024-12-24 17:38:31,198 - Step 77, RSE_E: 0.024917516857385635, Loss_X_Ours: 29.999683380126953, normE: 29.999998092651367
2024-12-24 17:38:32,584 - Step 78, RSE_E: 0.022494131699204445, Loss_X_Ours: 29.999610900878906, normE: 30.0
2024-12-24 17:38:33,989 - Step 79, RSE_E: 0.02445361204445362, Loss_X_Ours: 29.99959945678711, normE: 30.000001907348633
2024-12-24 17:38:35,373 - Step 80, RSE_E: 0.023792902007699013, Loss_X_Ours: 29.99955940246582, normE: 30.0
2024-12-24 17:38:36,760 - Step 81, RSE_E: 0.02443091757595539, Loss_X_Ours: 29.999807357788086, normE: 29.999998092651367
2024-12-24 17:38:38,159 - Step 82, RSE_E: 0.023648694157600403, Loss_X_Ours: 29.999914169311523, normE: 30.000001907348633
2024-12-24 17:38:39,556 - Step 83, RSE_E: 0.023751161992549896, Loss_X_Ours: 29.999818801879883, normE: 30.0
2024-12-24 17:38:40,939 - Step 84, RSE_E: 0.024779820814728737, Loss_X_Ours: 30.000038146972656, normE: 29.999998092651367
2024-12-24 17:38:42,330 - Step 85, RSE_E: 0.024272792041301727, Loss_X_Ours: 29.999835968017578, normE: 30.0
2024-12-24 17:38:43,732 - Step 86, RSE_E: 0.02408118173480034, Loss_X_Ours: 29.999921798706055, normE: 29.999998092651367
2024-12-24 17:38:45,112 - Step 87, RSE_E: 0.02464168705046177, Loss_X_Ours: 30.00004005432129, normE: 30.0
2024-12-24 17:38:46,495 - Step 88, RSE_E: 0.02394452691078186, Loss_X_Ours: 29.999927520751953, normE: 30.0
2024-12-24 17:38:47,891 - Step 89, RSE_E: 0.022628437727689743, Loss_X_Ours: 30.000017166137695, normE: 29.999998092651367
2024-12-24 17:38:49,291 - Step 90, RSE_E: 0.024381672963500023, Loss_X_Ours: 30.000093460083008, normE: 29.999998092651367
2024-12-24 17:38:50,665 - Step 91, RSE_E: 0.025624699890613556, Loss_X_Ours: 30.000141143798828, normE: 29.999998092651367
2024-12-24 17:38:52,042 - Step 92, RSE_E: 0.02309805154800415, Loss_X_Ours: 30.00013542175293, normE: 30.0
2024-12-24 17:38:53,430 - Step 93, RSE_E: 0.022622331976890564, Loss_X_Ours: 30.000011444091797, normE: 30.0
2024-12-24 17:38:54,829 - Step 94, RSE_E: 0.025310469791293144, Loss_X_Ours: 29.999927520751953, normE: 30.0
2024-12-24 17:38:56,217 - Step 95, RSE_E: 0.023503826931118965, Loss_X_Ours: 30.000017166137695, normE: 30.000001907348633
2024-12-24 17:38:57,604 - Step 96, RSE_E: 0.023951010778546333, Loss_X_Ours: 30.000247955322266, normE: 30.0
2024-12-24 17:38:59,006 - Step 97, RSE_E: 0.023512961342930794, Loss_X_Ours: 30.000240325927734, normE: 30.0
2024-12-24 17:39:00,394 - Step 98, RSE_E: 0.023164350539445877, Loss_X_Ours: 30.000370025634766, normE: 30.0
2024-12-24 17:39:01,774 - Step 99, RSE_E: 0.0270464438945055, Loss_X_Ours: 30.000314712524414, normE: 29.999998092651367
2024-12-24 17:39:03,169 - Step 100, RSE_E: 0.023659391328692436, Loss_X_Ours: 30.000354766845703, normE: 30.0
2024-12-24 17:39:04,559 - Step 101, RSE_E: 0.021625077351927757, Loss_X_Ours: 30.00020408630371, normE: 30.0
2024-12-24 17:39:05,945 - Step 102, RSE_E: 0.0238362904638052, Loss_X_Ours: 30.000486373901367, normE: 30.0
2024-12-24 17:39:07,336 - Step 103, RSE_E: 0.022317921742796898, Loss_X_Ours: 30.00048828125, normE: 30.0
2024-12-24 17:39:08,740 - Step 104, RSE_E: 0.02310851588845253, Loss_X_Ours: 30.000017166137695, normE: 29.999998092651367
2024-12-24 17:39:10,128 - Step 105, RSE_E: 0.02412748523056507, Loss_X_Ours: 30.000049591064453, normE: 29.999998092651367
2024-12-24 17:39:11,509 - Step 106, RSE_E: 0.024476684629917145, Loss_X_Ours: 30.000263214111328, normE: 29.999998092651367
2024-12-24 17:39:12,898 - Step 107, RSE_E: 0.022605594247579575, Loss_X_Ours: 30.000194549560547, normE: 30.0
2024-12-24 17:39:14,279 - Step 108, RSE_E: 0.022432874888181686, Loss_X_Ours: 30.000137329101562, normE: 30.0
2024-12-24 17:39:15,650 - Step 109, RSE_E: 0.02415025793015957, Loss_X_Ours: 30.000011444091797, normE: 30.0
2024-12-24 17:39:17,028 - Step 110, RSE_E: 0.021830111742019653, Loss_X_Ours: 30.000215530395508, normE: 29.999998092651367
2024-12-24 17:39:18,423 - Step 111, RSE_E: 0.023510552942752838, Loss_X_Ours: 30.000041961669922, normE: 30.0
2024-12-24 17:39:19,812 - Step 112, RSE_E: 0.022748081013560295, Loss_X_Ours: 30.000089645385742, normE: 30.000001907348633
2024-12-24 17:39:21,190 - Step 113, RSE_E: 0.024898383766412735, Loss_X_Ours: 30.000038146972656, normE: 30.000001907348633
2024-12-24 17:39:22,560 - Step 114, RSE_E: 0.02319103479385376, Loss_X_Ours: 30.000083923339844, normE: 30.000001907348633
2024-12-24 17:39:23,957 - Step 115, RSE_E: 0.02213454246520996, Loss_X_Ours: 30.000200271606445, normE: 29.999998092651367
2024-12-24 17:39:25,329 - Step 116, RSE_E: 0.02488291822373867, Loss_X_Ours: 30.000083923339844, normE: 30.000001907348633
2024-12-24 17:39:26,698 - Step 117, RSE_E: 0.02290448546409607, Loss_X_Ours: 30.000146865844727, normE: 30.0
2024-12-24 17:39:28,080 - Step 118, RSE_E: 0.02319554053246975, Loss_X_Ours: 30.000234603881836, normE: 30.0
2024-12-24 17:39:29,473 - Step 119, RSE_E: 0.023105867207050323, Loss_X_Ours: 30.000118255615234, normE: 30.000001907348633
2024-12-24 17:39:30,863 - Step 120, RSE_E: 0.023803243413567543, Loss_X_Ours: 29.999910354614258, normE: 30.0
2024-12-24 17:39:32,249 - Step 121, RSE_E: 0.02380189299583435, Loss_X_Ours: 29.999969482421875, normE: 30.000001907348633
2024-12-24 17:39:33,651 - Step 122, RSE_E: 0.02357870526611805, Loss_X_Ours: 30.000064849853516, normE: 29.999998092651367
2024-12-24 17:39:35,038 - Step 123, RSE_E: 0.024202860891819, Loss_X_Ours: 30.00008773803711, normE: 30.000001907348633
2024-12-24 17:39:36,418 - Step 124, RSE_E: 0.02465071715414524, Loss_X_Ours: 30.000268936157227, normE: 30.000001907348633
2024-12-24 17:39:37,792 - Step 125, RSE_E: 0.02399837039411068, Loss_X_Ours: 30.00006103515625, normE: 30.000001907348633
2024-12-24 17:39:39,188 - Step 126, RSE_E: 0.024491922929883003, Loss_X_Ours: 29.999835968017578, normE: 30.0
2024-12-24 17:39:40,573 - Step 127, RSE_E: 0.031100859865546227, Loss_X_Ours: 29.999778747558594, normE: 30.0
2024-12-24 17:39:41,954 - Step 128, RSE_E: 0.02551243267953396, Loss_X_Ours: 29.999937057495117, normE: 30.0
2024-12-24 17:39:43,346 - Step 129, RSE_E: 0.02803139016032219, Loss_X_Ours: 30.00030517578125, normE: 30.0
2024-12-24 17:39:44,742 - Step 130, RSE_E: 0.024578271433711052, Loss_X_Ours: 30.000150680541992, normE: 30.0
2024-12-24 17:39:46,124 - Step 131, RSE_E: 0.024351153522729874, Loss_X_Ours: 30.00037384033203, normE: 30.000001907348633
2024-12-24 17:39:47,505 - Step 132, RSE_E: 0.02529721148312092, Loss_X_Ours: 30.000171661376953, normE: 30.0
2024-12-24 17:39:48,911 - Step 133, RSE_E: 0.024646760895848274, Loss_X_Ours: 29.999713897705078, normE: 29.999998092651367
2024-12-24 17:39:50,293 - Step 134, RSE_E: 0.026342734694480896, Loss_X_Ours: 29.99997329711914, normE: 30.0
2024-12-24 17:39:51,666 - Step 135, RSE_E: 0.02577824331820011, Loss_X_Ours: 29.99993324279785, normE: 29.999998092651367
2024-12-24 17:39:53,059 - Step 136, RSE_E: 0.02251814492046833, Loss_X_Ours: 29.99987030029297, normE: 29.999998092651367
2024-12-24 17:39:54,457 - Step 137, RSE_E: 0.023406730964779854, Loss_X_Ours: 30.00005531311035, normE: 30.000001907348633
2024-12-24 17:39:55,839 - Step 138, RSE_E: 0.023968210443854332, Loss_X_Ours: 30.000011444091797, normE: 30.000001907348633
2024-12-24 17:39:57,222 - Step 139, RSE_E: 0.024225588887929916, Loss_X_Ours: 30.000171661376953, normE: 30.000001907348633
2024-12-24 17:39:58,612 - Step 140, RSE_E: 0.02680022642016411, Loss_X_Ours: 30.000009536743164, normE: 30.0
2024-12-24 17:39:59,994 - Step 141, RSE_E: 0.024409662932157516, Loss_X_Ours: 30.000017166137695, normE: 30.0
2024-12-24 17:40:01,376 - Step 142, RSE_E: 0.024278463795781136, Loss_X_Ours: 30.000064849853516, normE: 30.0
2024-12-24 17:40:02,757 - Step 143, RSE_E: 0.023792296648025513, Loss_X_Ours: 30.000232696533203, normE: 29.999998092651367
2024-12-24 17:40:04,147 - Step 144, RSE_E: 0.02585342526435852, Loss_X_Ours: 29.999971389770508, normE: 29.999998092651367
2024-12-24 17:40:05,521 - Step 145, RSE_E: 0.0252500232309103, Loss_X_Ours: 29.99964714050293, normE: 30.000001907348633
2024-12-24 17:40:06,893 - Step 146, RSE_E: 0.02304638922214508, Loss_X_Ours: 29.99959373474121, normE: 30.0
2024-12-24 17:40:08,287 - Step 147, RSE_E: 0.023641346022486687, Loss_X_Ours: 29.999563217163086, normE: 29.999998092651367
2024-12-24 17:40:09,684 - Step 148, RSE_E: 0.02311307191848755, Loss_X_Ours: 29.99936866760254, normE: 30.0
2024-12-24 17:40:11,061 - Step 149, RSE_E: 0.02388422191143036, Loss_X_Ours: 29.999584197998047, normE: 30.000001907348633
2024-12-24 17:40:12,435 - Step 150, RSE_E: 0.023061351850628853, Loss_X_Ours: 29.9997501373291, normE: 29.999998092651367
2024-12-24 17:40:13,834 - Step 151, RSE_E: 0.023452153429389, Loss_X_Ours: 29.999942779541016, normE: 30.000001907348633
2024-12-24 17:40:15,215 - Step 152, RSE_E: 0.024610979482531548, Loss_X_Ours: 29.999980926513672, normE: 30.0
2024-12-24 17:40:16,604 - Step 153, RSE_E: 0.02439124323427677, Loss_X_Ours: 30.000164031982422, normE: 30.0
2024-12-24 17:40:18,006 - Step 154, RSE_E: 0.0243589598685503, Loss_X_Ours: 30.000289916992188, normE: 30.000001907348633
2024-12-24 17:40:19,422 - Step 155, RSE_E: 0.02345569059252739, Loss_X_Ours: 30.000337600708008, normE: 30.000001907348633
2024-12-24 17:40:20,809 - Step 156, RSE_E: 0.02500086836516857, Loss_X_Ours: 30.000436782836914, normE: 30.0
2024-12-24 17:40:22,196 - Step 157, RSE_E: 0.023578019812703133, Loss_X_Ours: 30.000356674194336, normE: 30.0
2024-12-24 17:40:23,595 - Step 158, RSE_E: 0.025384079664945602, Loss_X_Ours: 30.000370025634766, normE: 30.0
2024-12-24 17:40:24,990 - Step 159, RSE_E: 0.023686014115810394, Loss_X_Ours: 30.00028419494629, normE: 30.000001907348633
2024-12-24 17:40:26,370 - Step 160, RSE_E: 0.023526631295681, Loss_X_Ours: 30.00020980834961, normE: 30.0
2024-12-24 17:40:27,761 - Step 161, RSE_E: 0.02512785606086254, Loss_X_Ours: 30.00021743774414, normE: 30.0
2024-12-24 17:40:29,148 - Step 162, RSE_E: 0.02387803979218006, Loss_X_Ours: 30.000324249267578, normE: 30.000001907348633
2024-12-24 17:40:30,531 - Step 163, RSE_E: 0.024542583152651787, Loss_X_Ours: 30.000276565551758, normE: 30.0
2024-12-24 17:40:31,909 - Step 164, RSE_E: 0.025537628680467606, Loss_X_Ours: 30.00002670288086, normE: 30.0
2024-12-24 17:40:33,303 - Step 165, RSE_E: 0.022934898734092712, Loss_X_Ours: 29.999725341796875, normE: 30.0
2024-12-24 17:40:34,696 - Step 166, RSE_E: 0.02271374873816967, Loss_X_Ours: 29.9998779296875, normE: 30.0
2024-12-24 17:40:36,072 - Step 167, RSE_E: 0.023327184841036797, Loss_X_Ours: 30.000041961669922, normE: 30.000001907348633
2024-12-24 17:40:37,454 - Step 168, RSE_E: 0.02197299897670746, Loss_X_Ours: 30.000247955322266, normE: 29.999998092651367
2024-12-24 17:40:38,867 - Step 169, RSE_E: 0.025576913729310036, Loss_X_Ours: 30.00005531311035, normE: 29.999998092651367
2024-12-24 17:40:40,251 - Step 170, RSE_E: 0.02334800362586975, Loss_X_Ours: 30.000274658203125, normE: 30.000001907348633
2024-12-24 17:40:41,632 - Step 171, RSE_E: 0.02439364604651928, Loss_X_Ours: 30.00019073486328, normE: 29.999998092651367
2024-12-24 17:40:43,023 - Step 172, RSE_E: 0.02354777418076992, Loss_X_Ours: 30.000225067138672, normE: 30.000001907348633
2024-12-24 17:40:44,423 - Step 173, RSE_E: 0.022995810955762863, Loss_X_Ours: 30.000314712524414, normE: 29.999998092651367
2024-12-24 17:40:45,809 - Step 174, RSE_E: 0.022967608645558357, Loss_X_Ours: 30.000293731689453, normE: 29.999998092651367
2024-12-24 17:40:47,193 - Step 175, RSE_E: 0.02343314327299595, Loss_X_Ours: 30.00041389465332, normE: 30.0
2024-12-24 17:40:48,594 - Step 176, RSE_E: 0.023779256269335747, Loss_X_Ours: 30.000211715698242, normE: 30.0
2024-12-24 17:40:49,985 - Step 177, RSE_E: 0.023671215400099754, Loss_X_Ours: 29.999900817871094, normE: 30.000001907348633
2024-12-24 17:40:51,370 - Step 178, RSE_E: 0.023931464180350304, Loss_X_Ours: 30.00003433227539, normE: 30.0
2024-12-24 17:40:52,764 - Step 179, RSE_E: 0.024836543947458267, Loss_X_Ours: 30.00008201599121, normE: 30.0
2024-12-24 17:40:54,164 - Step 180, RSE_E: 0.02345450595021248, Loss_X_Ours: 29.99994468688965, normE: 30.000001907348633
2024-12-24 17:40:55,551 - Step 181, RSE_E: 0.02427305094897747, Loss_X_Ours: 29.99986457824707, normE: 29.999998092651367
2024-12-24 17:40:56,934 - Step 182, RSE_E: 0.02584226243197918, Loss_X_Ours: 29.999731063842773, normE: 30.0
2024-12-24 17:40:58,340 - Step 183, RSE_E: 0.024449720978736877, Loss_X_Ours: 30.00018882751465, normE: 30.0
2024-12-24 17:40:59,742 - Step 184, RSE_E: 0.025271065533161163, Loss_X_Ours: 30.000131607055664, normE: 30.0
2024-12-24 17:41:01,130 - Step 185, RSE_E: 0.02392883226275444, Loss_X_Ours: 30.000211715698242, normE: 30.0
2024-12-24 17:41:02,516 - Step 186, RSE_E: 0.023171719163656235, Loss_X_Ours: 30.000192642211914, normE: 30.0
2024-12-24 17:41:03,937 - Step 187, RSE_E: 0.0242728553712368, Loss_X_Ours: 30.0002498626709, normE: 29.999998092651367
2024-12-24 17:41:05,325 - Step 188, RSE_E: 0.024289516732096672, Loss_X_Ours: 30.00003433227539, normE: 30.000001907348633
2024-12-24 17:41:06,704 - Step 189, RSE_E: 0.02443092130124569, Loss_X_Ours: 30.000225067138672, normE: 29.999998092651367
2024-12-24 17:41:08,109 - Step 190, RSE_E: 0.025402875617146492, Loss_X_Ours: 30.000123977661133, normE: 29.999998092651367
2024-12-24 17:41:09,505 - Step 191, RSE_E: 0.023501932621002197, Loss_X_Ours: 29.999988555908203, normE: 29.999998092651367
2024-12-24 17:41:10,885 - Step 192, RSE_E: 0.023070406168699265, Loss_X_Ours: 30.000085830688477, normE: 30.0
2024-12-24 17:41:12,267 - Step 193, RSE_E: 0.02812320739030838, Loss_X_Ours: 30.000347137451172, normE: 30.0
2024-12-24 17:41:13,667 - Step 194, RSE_E: 0.025628622621297836, Loss_X_Ours: 30.00042152404785, normE: 30.0
2024-12-24 17:41:15,062 - Step 195, RSE_E: 0.023135848343372345, Loss_X_Ours: 30.000308990478516, normE: 30.0
2024-12-24 17:41:16,449 - Step 196, RSE_E: 0.022231440991163254, Loss_X_Ours: 30.000368118286133, normE: 30.0
2024-12-24 17:41:17,842 - Step 197, RSE_E: 0.023631451651453972, Loss_X_Ours: 30.00020408630371, normE: 29.999998092651367
2024-12-24 17:41:19,244 - Step 198, RSE_E: 0.021816451102495193, Loss_X_Ours: 29.999982833862305, normE: 29.999998092651367
2024-12-24 17:41:20,632 - Step 199, RSE_E: 0.02395498752593994, Loss_X_Ours: 29.999900817871094, normE: 29.999998092651367
2024-12-24 17:41:22,018 - Step 200, RSE_E: 0.02301168628036976, Loss_X_Ours: 30.000041961669922, normE: 30.000001907348633
2024-12-24 17:41:23,422 - Step 201, RSE_E: 0.021865317597985268, Loss_X_Ours: 30.0001220703125, normE: 29.999998092651367
2024-12-24 17:41:24,823 - Step 202, RSE_E: 0.0236434917896986, Loss_X_Ours: 30.000261306762695, normE: 30.0
2024-12-24 17:41:26,212 - Step 203, RSE_E: 0.022756094112992287, Loss_X_Ours: 30.00011444091797, normE: 29.999998092651367
2024-12-24 17:41:27,591 - Step 204, RSE_E: 0.02336409129202366, Loss_X_Ours: 29.999942779541016, normE: 30.0
2024-12-24 17:41:29,007 - Step 205, RSE_E: 0.021626979112625122, Loss_X_Ours: 29.99983024597168, normE: 30.000001907348633
2024-12-24 17:41:30,386 - Step 206, RSE_E: 0.02197141945362091, Loss_X_Ours: 30.000030517578125, normE: 29.999998092651367
2024-12-24 17:41:31,765 - Step 207, RSE_E: 0.022224461659789085, Loss_X_Ours: 30.000059127807617, normE: 30.000001907348633
2024-12-24 17:41:33,158 - Step 208, RSE_E: 0.023114817216992378, Loss_X_Ours: 29.999980926513672, normE: 30.000001907348633
2024-12-24 17:41:34,554 - Step 209, RSE_E: 0.023411398753523827, Loss_X_Ours: 29.99997901916504, normE: 30.0
2024-12-24 17:41:35,922 - Step 210, RSE_E: 0.0319674052298069, Loss_X_Ours: 30.000205993652344, normE: 30.0
2024-12-24 17:41:37,304 - Step 211, RSE_E: 0.022611694410443306, Loss_X_Ours: 30.000093460083008, normE: 30.000001907348633
2024-12-24 17:41:38,704 - Step 212, RSE_E: 0.0234727393835783, Loss_X_Ours: 30.0001220703125, normE: 30.000001907348633
2024-12-24 17:41:40,097 - Step 213, RSE_E: 0.022791480645537376, Loss_X_Ours: 30.000019073486328, normE: 29.999998092651367
2024-12-24 17:41:41,485 - Step 214, RSE_E: 0.023220814764499664, Loss_X_Ours: 29.999975204467773, normE: 29.999998092651367
2024-12-24 17:41:42,879 - Step 215, RSE_E: 0.022872015833854675, Loss_X_Ours: 29.99983787536621, normE: 30.0
2024-12-24 17:41:44,270 - Step 216, RSE_E: 0.025906436145305634, Loss_X_Ours: 29.99982452392578, normE: 30.0
2024-12-24 17:41:45,655 - Step 217, RSE_E: 0.022129900753498077, Loss_X_Ours: 29.999834060668945, normE: 30.000001907348633
2024-12-24 17:41:47,041 - Step 218, RSE_E: 0.02168809063732624, Loss_X_Ours: 29.999755859375, normE: 30.0
2024-12-24 17:41:48,435 - Step 219, RSE_E: 0.021998530253767967, Loss_X_Ours: 30.000011444091797, normE: 30.0
2024-12-24 17:41:49,835 - Step 220, RSE_E: 0.022089894860982895, Loss_X_Ours: 30.000022888183594, normE: 30.0
2024-12-24 17:41:51,221 - Step 221, RSE_E: 0.022794639691710472, Loss_X_Ours: 30.00004768371582, normE: 29.999998092651367
2024-12-24 17:41:52,601 - Step 222, RSE_E: 0.024544021114706993, Loss_X_Ours: 30.000125885009766, normE: 29.999998092651367
2024-12-24 17:41:53,990 - Step 223, RSE_E: 0.022156115621328354, Loss_X_Ours: 30.000064849853516, normE: 30.000001907348633
2024-12-24 17:41:55,364 - Step 224, RSE_E: 0.022029802203178406, Loss_X_Ours: 30.000102996826172, normE: 30.000001907348633
2024-12-24 17:41:56,737 - Step 225, RSE_E: 0.024731336161494255, Loss_X_Ours: 30.00020408630371, normE: 29.999998092651367
2024-12-24 17:41:58,118 - Step 226, RSE_E: 0.025643274188041687, Loss_X_Ours: 30.000503540039062, normE: 30.000001907348633
2024-12-24 17:41:59,502 - Step 227, RSE_E: 0.024103792384266853, Loss_X_Ours: 30.00043296813965, normE: 30.0
2024-12-24 17:42:00,883 - Step 228, RSE_E: 0.02253757044672966, Loss_X_Ours: 30.000438690185547, normE: 30.000001907348633
2024-12-24 17:42:02,268 - Step 229, RSE_E: 0.02259267121553421, Loss_X_Ours: 30.00028419494629, normE: 30.000001907348633
2024-12-24 17:42:03,653 - Step 230, RSE_E: 0.022010456770658493, Loss_X_Ours: 30.000253677368164, normE: 30.000001907348633
2024-12-24 17:42:05,049 - Step 231, RSE_E: 0.021865110844373703, Loss_X_Ours: 30.0004940032959, normE: 29.999998092651367
2024-12-24 17:42:06,431 - Step 232, RSE_E: 0.02341475524008274, Loss_X_Ours: 30.000377655029297, normE: 29.999998092651367
2024-12-24 17:42:07,816 - Step 233, RSE_E: 0.022674445062875748, Loss_X_Ours: 30.00055694580078, normE: 30.000001907348633
2024-12-24 17:42:09,207 - Step 234, RSE_E: 0.021126626059412956, Loss_X_Ours: 30.00041389465332, normE: 29.999998092651367
2024-12-24 17:42:10,590 - Step 235, RSE_E: 0.021763289347290993, Loss_X_Ours: 30.000194549560547, normE: 30.0
2024-12-24 17:42:11,966 - Step 236, RSE_E: 0.02336173504590988, Loss_X_Ours: 30.000150680541992, normE: 29.999998092651367
2024-12-24 17:42:13,350 - Step 237, RSE_E: 0.02252783440053463, Loss_X_Ours: 30.00018310546875, normE: 30.000001907348633
2024-12-24 17:42:14,741 - Step 238, RSE_E: 0.023608265444636345, Loss_X_Ours: 30.000499725341797, normE: 30.000001907348633
2024-12-24 17:42:16,114 - Step 239, RSE_E: 0.02305528335273266, Loss_X_Ours: 30.00041961669922, normE: 30.0
2024-12-24 17:42:17,484 - Step 240, RSE_E: 0.02447630651295185, Loss_X_Ours: 30.00034523010254, normE: 30.0
2024-12-24 17:42:18,887 - Step 241, RSE_E: 0.02367732860147953, Loss_X_Ours: 30.00037384033203, normE: 30.0
2024-12-24 17:42:20,262 - Step 242, RSE_E: 0.03328287601470947, Loss_X_Ours: 30.000452041625977, normE: 29.999998092651367
2024-12-24 17:42:21,641 - Step 243, RSE_E: 0.022087212651968002, Loss_X_Ours: 30.000354766845703, normE: 30.000001907348633
2024-12-24 17:42:23,027 - Step 244, RSE_E: 0.023017674684524536, Loss_X_Ours: 30.00046157836914, normE: 29.999998092651367
2024-12-24 17:42:24,400 - Step 245, RSE_E: 0.022651879116892815, Loss_X_Ours: 30.000490188598633, normE: 30.000001907348633
2024-12-24 17:42:25,771 - Step 246, RSE_E: 0.021845685318112373, Loss_X_Ours: 30.000398635864258, normE: 30.000001907348633
2024-12-24 17:42:27,148 - Step 247, RSE_E: 0.0221592765301466, Loss_X_Ours: 30.000286102294922, normE: 30.000001907348633
2024-12-24 17:42:28,538 - Step 248, RSE_E: 0.021970165893435478, Loss_X_Ours: 30.000486373901367, normE: 30.0
2024-12-24 17:42:29,937 - Step 249, RSE_E: 0.021767210215330124, Loss_X_Ours: 30.0003719329834, normE: 30.0
2024-12-24 17:42:31,321 - Step 250, RSE_E: 0.02348201535642147, Loss_X_Ours: 30.000160217285156, normE: 30.000001907348633
2024-12-24 17:42:32,692 - Step 251, RSE_E: 0.02358141355216503, Loss_X_Ours: 30.000150680541992, normE: 30.0
2024-12-24 17:42:34,098 - Step 252, RSE_E: 0.024174731224775314, Loss_X_Ours: 30.00002670288086, normE: 30.0
2024-12-24 17:42:35,472 - Step 253, RSE_E: 0.02477017603814602, Loss_X_Ours: 30.000043869018555, normE: 30.000001907348633
2024-12-24 17:42:36,847 - Step 254, RSE_E: 0.02347516268491745, Loss_X_Ours: 29.99974250793457, normE: 29.999998092651367
2024-12-24 17:42:38,238 - Step 255, RSE_E: 0.022558623924851418, Loss_X_Ours: 29.99965476989746, normE: 29.999998092651367
2024-12-24 17:42:39,627 - Step 256, RSE_E: 0.024562237784266472, Loss_X_Ours: 29.999881744384766, normE: 30.0
2024-12-24 17:42:40,999 - Step 257, RSE_E: 0.022876881062984467, Loss_X_Ours: 29.999927520751953, normE: 29.999998092651367
2024-12-24 17:42:42,374 - Step 258, RSE_E: 0.02651146799325943, Loss_X_Ours: 30.00010871887207, normE: 30.000001907348633
2024-12-24 17:42:43,847 - Step 259, RSE_E: 0.02926809713244438, Loss_X_Ours: 30.00002670288086, normE: 30.0
2024-12-24 17:42:45,232 - Step 260, RSE_E: 0.023803429678082466, Loss_X_Ours: 29.999881744384766, normE: 30.0
2024-12-24 17:42:46,605 - Step 261, RSE_E: 0.023789890110492706, Loss_X_Ours: 29.999807357788086, normE: 30.0
2024-12-24 17:42:47,997 - Step 262, RSE_E: 0.023413414135575294, Loss_X_Ours: 30.00016975402832, normE: 30.0
2024-12-24 17:42:49,387 - Step 263, RSE_E: 0.023549780249595642, Loss_X_Ours: 30.000341415405273, normE: 29.999998092651367
2024-12-24 17:42:50,756 - Step 264, RSE_E: 0.022851455956697464, Loss_X_Ours: 30.00015640258789, normE: 30.0
2024-12-24 17:42:52,134 - Step 265, RSE_E: 0.02360703982412815, Loss_X_Ours: 30.000038146972656, normE: 29.999998092651367
2024-12-24 17:42:53,526 - Step 266, RSE_E: 0.024166099727153778, Loss_X_Ours: 30.000049591064453, normE: 30.0
2024-12-24 17:42:53,751 - Step 267, RSE_E: 0.022322164848446846, Loss_X_Ours: 30.00000762939453, normE: 30.0
2024-12-24 17:42:55,134 - Step 268, RSE_E: 0.024455737322568893, Loss_X_Ours: 29.999895095825195, normE: 30.0
2024-12-24 17:42:56,499 - Step 269, RSE_E: 0.022606821730732918, Loss_X_Ours: 29.999977111816406, normE: 30.0
2024-12-24 17:42:57,884 - Step 270, RSE_E: 0.024271704256534576, Loss_X_Ours: 30.00007438659668, normE: 30.0
2024-12-24 17:42:59,274 - Step 271, RSE_E: 0.022181013599038124, Loss_X_Ours: 30.000288009643555, normE: 30.000001907348633
2024-12-24 17:43:00,649 - Step 272, RSE_E: 0.022759636864066124, Loss_X_Ours: 30.000093460083008, normE: 30.0
2024-12-24 17:43:02,031 - Step 273, RSE_E: 0.023325612768530846, Loss_X_Ours: 30.00003433227539, normE: 30.0
2024-12-24 17:43:03,423 - Step 274, RSE_E: 0.023493904620409012, Loss_X_Ours: 29.999881744384766, normE: 29.999998092651367
2024-12-24 17:43:04,818 - Step 275, RSE_E: 0.023552963510155678, Loss_X_Ours: 29.99997901916504, normE: 30.000001907348633
2024-12-24 17:43:06,198 - Step 276, RSE_E: 0.02499852329492569, Loss_X_Ours: 29.999996185302734, normE: 30.000001907348633
2024-12-24 17:43:07,582 - Step 277, RSE_E: 0.025638069957494736, Loss_X_Ours: 30.000080108642578, normE: 29.999998092651367
2024-12-24 17:43:08,983 - Step 278, RSE_E: 0.023936469107866287, Loss_X_Ours: 30.000057220458984, normE: 29.999998092651367
2024-12-24 17:43:10,355 - Step 279, RSE_E: 0.023159483447670937, Loss_X_Ours: 30.000070571899414, normE: 30.000001907348633
2024-12-24 17:43:11,721 - Step 280, RSE_E: 0.02316533401608467, Loss_X_Ours: 30.000377655029297, normE: 30.0
2024-12-24 17:43:13,104 - Step 281, RSE_E: 0.02430545538663864, Loss_X_Ours: 30.000226974487305, normE: 30.0
2024-12-24 17:43:14,484 - Step 282, RSE_E: 0.024823930114507675, Loss_X_Ours: 30.000192642211914, normE: 30.0
2024-12-24 17:43:15,852 - Step 283, RSE_E: 0.024738900363445282, Loss_X_Ours: 30.000019073486328, normE: 29.999998092651367
2024-12-24 17:43:17,231 - Step 284, RSE_E: 0.023639151826500893, Loss_X_Ours: 29.999950408935547, normE: 29.999998092651367
2024-12-24 17:43:18,616 - Step 285, RSE_E: 0.02384716458618641, Loss_X_Ours: 29.999988555908203, normE: 30.000001907348633
2024-12-24 17:43:20,342 - Step 286, RSE_E: 0.024271376430988312, Loss_X_Ours: 29.999835968017578, normE: 30.0
2024-12-24 17:43:21,731 - Step 287, RSE_E: 0.023084256798028946, Loss_X_Ours: 30.000017166137695, normE: 29.999998092651367
2024-12-24 17:43:23,136 - Step 288, RSE_E: 0.026236753910779953, Loss_X_Ours: 30.000316619873047, normE: 30.0
2024-12-24 17:43:24,538 - Step 289, RSE_E: 0.023221485316753387, Loss_X_Ours: 30.000293731689453, normE: 30.0
2024-12-24 17:43:25,923 - Step 290, RSE_E: 0.022409871220588684, Loss_X_Ours: 30.000219345092773, normE: 29.999998092651367
2024-12-24 17:43:27,307 - Step 291, RSE_E: 0.023120395839214325, Loss_X_Ours: 30.000219345092773, normE: 30.000001907348633
2024-12-24 17:43:28,700 - Step 292, RSE_E: 0.02401280589401722, Loss_X_Ours: 30.00018882751465, normE: 30.0
2024-12-24 17:43:30,094 - Step 293, RSE_E: 0.02362275868654251, Loss_X_Ours: 30.000032424926758, normE: 29.999998092651367
2024-12-24 17:43:31,482 - Step 294, RSE_E: 0.024139396846294403, Loss_X_Ours: 30.00019073486328, normE: 30.0
2024-12-24 17:43:32,885 - Step 295, RSE_E: 0.02351057343184948, Loss_X_Ours: 30.000181198120117, normE: 30.000001907348633
2024-12-24 17:43:34,292 - Step 296, RSE_E: 0.023642783984541893, Loss_X_Ours: 30.000263214111328, normE: 29.999998092651367
2024-12-24 17:43:35,687 - Step 297, RSE_E: 0.023998364806175232, Loss_X_Ours: 30.000579833984375, normE: 29.999998092651367
2024-12-24 17:43:37,078 - Step 298, RSE_E: 0.024363050237298012, Loss_X_Ours: 30.0003719329834, normE: 29.999998092651367
2024-12-24 17:43:38,476 - Step 299, RSE_E: 0.023766029626131058, Loss_X_Ours: 30.000017166137695, normE: 29.999998092651367
2024-12-24 17:43:41,695 - Comparison Step 0, Loss_X_TNG: 27.67808723449707, normE: 29.999998092651367
2024-12-24 17:43:43,108 - Comparison Step 1, Loss_X_TNG: 27.452970504760742, normE: 30.000001907348633
2024-12-24 17:43:44,519 - Comparison Step 2, Loss_X_TNG: 27.60317611694336, normE: 29.999998092651367
2024-12-24 17:43:45,922 - Comparison Step 3, Loss_X_TNG: 27.44926643371582, normE: 30.0
2024-12-24 17:43:47,330 - Comparison Step 4, Loss_X_TNG: 27.557435989379883, normE: 30.0
2024-12-24 17:43:48,758 - Comparison Step 5, Loss_X_TNG: 27.679576873779297, normE: 30.000001907348633
2024-12-24 17:43:49,839 - Comparison Step 6, Loss_X_TNG: 27.66613006591797, normE: 29.999998092651367
2024-12-24 17:43:51,257 - Comparison Step 7, Loss_X_TNG: 27.744159698486328, normE: 29.999998092651367
2024-12-24 17:43:51,835 - Comparison Step 8, Loss_X_TNG: 27.725839614868164, normE: 30.000001907348633
2024-12-24 17:43:53,261 - Comparison Step 9, Loss_X_TNG: 27.726778030395508, normE: 30.0
2024-12-24 17:43:53,662 - Comparison Step 10, Loss_X_TNG: 27.701141357421875, normE: 29.999998092651367
2024-12-24 17:43:55,079 - Comparison Step 11, Loss_X_TNG: 27.84952163696289, normE: 30.0
2024-12-24 17:43:56,470 - Comparison Step 12, Loss_X_TNG: 28.012653350830078, normE: 30.000001907348633
2024-12-24 17:43:57,867 - Comparison Step 13, Loss_X_TNG: 27.94673728942871, normE: 30.0
2024-12-24 17:43:59,282 - Comparison Step 14, Loss_X_TNG: 27.79034423828125, normE: 29.999998092651367
2024-12-24 17:44:00,679 - Comparison Step 15, Loss_X_TNG: 27.840686798095703, normE: 29.999998092651367
2024-12-24 17:44:02,030 - Comparison Step 16, Loss_X_TNG: 27.93667984008789, normE: 29.999998092651367
2024-12-24 17:44:03,447 - Comparison Step 17, Loss_X_TNG: 28.037681579589844, normE: 29.999998092651367
2024-12-24 17:44:04,866 - Comparison Step 18, Loss_X_TNG: 28.06917381286621, normE: 29.999998092651367
2024-12-24 17:44:06,264 - Comparison Step 19, Loss_X_TNG: 28.221485137939453, normE: 29.999998092651367
2024-12-24 17:44:07,664 - Comparison Step 20, Loss_X_TNG: 28.182361602783203, normE: 30.0
2024-12-24 17:44:09,093 - Comparison Step 21, Loss_X_TNG: 27.91269874572754, normE: 30.000001907348633
2024-12-24 17:44:10,276 - Comparison Step 22, Loss_X_TNG: 27.84853172302246, normE: 30.000001907348633
2024-12-24 17:44:10,864 - Comparison Step 23, Loss_X_TNG: 27.764511108398438, normE: 29.999998092651367
2024-12-24 17:44:11,308 - Comparison Step 24, Loss_X_TNG: 27.751115798950195, normE: 30.0
2024-12-24 17:44:11,852 - Comparison Step 25, Loss_X_TNG: 27.77077293395996, normE: 30.000001907348633
2024-12-24 17:44:13,262 - Comparison Step 26, Loss_X_TNG: 28.181657791137695, normE: 29.999998092651367
2024-12-24 17:44:14,674 - Comparison Step 27, Loss_X_TNG: 28.166276931762695, normE: 30.000001907348633
2024-12-24 17:44:15,304 - Comparison Step 28, Loss_X_TNG: 28.063383102416992, normE: 30.0
2024-12-24 17:44:16,452 - Comparison Step 29, Loss_X_TNG: 28.015914916992188, normE: 30.000001907348633
2024-12-24 17:44:16,930 - Comparison Step 30, Loss_X_TNG: 27.931339263916016, normE: 30.0
2024-12-24 17:44:17,968 - Comparison Step 31, Loss_X_TNG: 28.00809669494629, normE: 30.0
2024-12-24 17:44:18,118 - Comparison Step 32, Loss_X_TNG: 27.96320915222168, normE: 30.0
2024-12-24 17:44:19,317 - Comparison Step 33, Loss_X_TNG: 28.014917373657227, normE: 30.000001907348633
2024-12-24 17:44:19,922 - Comparison Step 34, Loss_X_TNG: 28.078893661499023, normE: 30.0
2024-12-24 17:44:21,313 - Comparison Step 35, Loss_X_TNG: 28.080615997314453, normE: 30.0
2024-12-24 17:44:22,706 - Comparison Step 36, Loss_X_TNG: 28.048763275146484, normE: 30.0
2024-12-24 17:44:24,134 - Comparison Step 37, Loss_X_TNG: 28.020048141479492, normE: 30.000001907348633
2024-12-24 17:44:25,530 - Comparison Step 38, Loss_X_TNG: 28.018632888793945, normE: 30.000001907348633
2024-12-24 17:44:26,925 - Comparison Step 39, Loss_X_TNG: 27.975784301757812, normE: 30.0
2024-12-24 17:44:28,326 - Comparison Step 40, Loss_X_TNG: 28.100202560424805, normE: 29.999998092651367
2024-12-24 17:44:29,730 - Comparison Step 41, Loss_X_TNG: 28.01228141784668, normE: 30.0
2024-12-24 17:44:31,048 - Comparison Step 42, Loss_X_TNG: 28.0499267578125, normE: 29.999998092651367
2024-12-24 17:44:32,436 - Comparison Step 43, Loss_X_TNG: 28.119937896728516, normE: 29.999998092651367
2024-12-24 17:44:33,591 - Comparison Step 44, Loss_X_TNG: 28.247106552124023, normE: 30.0
2024-12-24 17:44:35,002 - Comparison Step 45, Loss_X_TNG: 27.976619720458984, normE: 30.0
2024-12-24 17:44:35,506 - Comparison Step 46, Loss_X_TNG: 27.90022087097168, normE: 30.000001907348633
2024-12-24 17:44:36,896 - Comparison Step 47, Loss_X_TNG: 28.019847869873047, normE: 29.999998092651367
2024-12-24 17:44:38,307 - Comparison Step 48, Loss_X_TNG: 27.926788330078125, normE: 29.999998092651367
2024-12-24 17:44:38,641 - Comparison Step 49, Loss_X_TNG: 27.949190139770508, normE: 29.999998092651367
2024-12-24 17:44:39,817 - Comparison Step 50, Loss_X_TNG: 27.967769622802734, normE: 29.999998092651367
2024-12-24 17:44:41,215 - Comparison Step 51, Loss_X_TNG: 28.0047664642334, normE: 30.000001907348633
2024-12-24 17:44:42,610 - Comparison Step 52, Loss_X_TNG: 28.391864776611328, normE: 30.0
2024-12-24 17:44:43,167 - Comparison Step 53, Loss_X_TNG: 27.979997634887695, normE: 30.0
2024-12-24 17:44:44,580 - Comparison Step 54, Loss_X_TNG: 28.188608169555664, normE: 29.999998092651367
2024-12-24 17:44:45,165 - Comparison Step 55, Loss_X_TNG: 27.9998722076416, normE: 30.0
2024-12-24 17:44:46,516 - Comparison Step 56, Loss_X_TNG: 27.90410804748535, normE: 30.000001907348633
2024-12-24 17:44:47,921 - Comparison Step 57, Loss_X_TNG: 28.340274810791016, normE: 30.000001907348633
2024-12-24 17:44:49,330 - Comparison Step 58, Loss_X_TNG: 28.233470916748047, normE: 30.000001907348633
2024-12-24 17:44:50,408 - Comparison Step 59, Loss_X_TNG: 28.278339385986328, normE: 30.000001907348633
2024-12-24 17:44:51,811 - Comparison Step 60, Loss_X_TNG: 28.43854331970215, normE: 30.0
2024-12-24 17:44:53,222 - Comparison Step 61, Loss_X_TNG: 28.375267028808594, normE: 30.000001907348633
2024-12-24 17:44:54,567 - Comparison Step 62, Loss_X_TNG: 28.309297561645508, normE: 30.000001907348633
2024-12-24 17:44:55,819 - Comparison Step 63, Loss_X_TNG: 28.249267578125, normE: 30.000001907348633
2024-12-24 17:44:57,224 - Comparison Step 64, Loss_X_TNG: 28.151573181152344, normE: 29.999998092651367
2024-12-24 17:44:58,634 - Comparison Step 65, Loss_X_TNG: 28.28742218017578, normE: 30.000001907348633
2024-12-24 17:45:00,043 - Comparison Step 66, Loss_X_TNG: 28.150320053100586, normE: 29.999998092651367
2024-12-24 17:45:01,444 - Comparison Step 67, Loss_X_TNG: 28.22614860534668, normE: 30.0
2024-12-24 17:45:02,847 - Comparison Step 68, Loss_X_TNG: 28.04591178894043, normE: 30.000003814697266
2024-12-24 17:45:04,271 - Comparison Step 69, Loss_X_TNG: 27.967912673950195, normE: 30.0
2024-12-24 17:45:04,700 - Comparison Step 70, Loss_X_TNG: 27.992399215698242, normE: 30.000001907348633
2024-12-24 17:45:06,089 - Comparison Step 71, Loss_X_TNG: 28.006336212158203, normE: 30.0
2024-12-24 17:45:07,490 - Comparison Step 72, Loss_X_TNG: 28.540328979492188, normE: 30.0
2024-12-24 17:45:08,889 - Comparison Step 73, Loss_X_TNG: 28.160295486450195, normE: 30.000001907348633
2024-12-24 17:45:10,300 - Comparison Step 74, Loss_X_TNG: 28.128190994262695, normE: 29.999998092651367
2024-12-24 17:45:11,676 - Comparison Step 75, Loss_X_TNG: 28.02776527404785, normE: 29.999998092651367
2024-12-24 17:45:12,267 - Comparison Step 76, Loss_X_TNG: 27.876760482788086, normE: 30.0
2024-12-24 17:45:13,679 - Comparison Step 77, Loss_X_TNG: 27.966218948364258, normE: 30.0
2024-12-24 17:45:14,302 - Comparison Step 78, Loss_X_TNG: 27.97478675842285, normE: 29.999998092651367
2024-12-24 17:45:15,712 - Comparison Step 79, Loss_X_TNG: 28.12481117248535, normE: 30.0
2024-12-24 17:45:17,119 - Comparison Step 80, Loss_X_TNG: 28.16051483154297, normE: 30.0
2024-12-24 17:45:18,525 - Comparison Step 81, Loss_X_TNG: 27.951854705810547, normE: 30.000001907348633
2024-12-24 17:45:19,937 - Comparison Step 82, Loss_X_TNG: 28.174510955810547, normE: 30.0
2024-12-24 17:45:21,347 - Comparison Step 83, Loss_X_TNG: 28.42533302307129, normE: 29.999998092651367
2024-12-24 17:45:22,752 - Comparison Step 84, Loss_X_TNG: 28.27741241455078, normE: 29.999998092651367
2024-12-24 17:45:24,185 - Comparison Step 85, Loss_X_TNG: 28.312023162841797, normE: 30.000003814697266
2024-12-24 17:45:25,199 - Comparison Step 86, Loss_X_TNG: 28.178380966186523, normE: 30.0
2024-12-24 17:45:26,593 - Comparison Step 87, Loss_X_TNG: 28.080984115600586, normE: 30.000001907348633
2024-12-24 17:45:27,068 - Comparison Step 88, Loss_X_TNG: 28.22511100769043, normE: 29.999996185302734
2024-12-24 17:45:27,639 - Comparison Step 89, Loss_X_TNG: 28.292604446411133, normE: 30.000001907348633
2024-12-24 17:45:29,063 - Comparison Step 90, Loss_X_TNG: 28.247947692871094, normE: 30.0
2024-12-24 17:45:30,465 - Comparison Step 91, Loss_X_TNG: 28.40815544128418, normE: 30.000001907348633
2024-12-24 17:45:31,874 - Comparison Step 92, Loss_X_TNG: 28.281190872192383, normE: 30.0
2024-12-24 17:45:32,411 - Comparison Step 93, Loss_X_TNG: 28.144113540649414, normE: 30.000001907348633
2024-12-24 17:45:33,163 - Comparison Step 94, Loss_X_TNG: 28.049686431884766, normE: 30.0
2024-12-24 17:45:34,584 - Comparison Step 95, Loss_X_TNG: 28.129138946533203, normE: 30.000001907348633
2024-12-24 17:45:35,541 - Comparison Step 96, Loss_X_TNG: 28.046649932861328, normE: 30.0
2024-12-24 17:45:36,944 - Comparison Step 97, Loss_X_TNG: 28.079341888427734, normE: 30.0
2024-12-24 17:45:38,355 - Comparison Step 98, Loss_X_TNG: 27.867448806762695, normE: 30.000001907348633
2024-12-24 17:45:39,767 - Comparison Step 99, Loss_X_TNG: 28.0048770904541, normE: 30.000003814697266
2024-12-24 17:45:41,170 - Comparison Step 100, Loss_X_TNG: 28.14732551574707, normE: 30.000003814697266
2024-12-24 17:45:42,568 - Comparison Step 101, Loss_X_TNG: 28.223466873168945, normE: 29.999998092651367
2024-12-24 17:45:43,996 - Comparison Step 102, Loss_X_TNG: 28.0291748046875, normE: 30.0
2024-12-24 17:45:45,305 - Comparison Step 103, Loss_X_TNG: 28.033174514770508, normE: 30.0
2024-12-24 17:45:46,708 - Comparison Step 104, Loss_X_TNG: 28.273279190063477, normE: 30.0
2024-12-24 17:45:48,130 - Comparison Step 105, Loss_X_TNG: 28.420167922973633, normE: 30.000001907348633
2024-12-24 17:45:49,561 - Comparison Step 106, Loss_X_TNG: 28.256916046142578, normE: 29.999998092651367
2024-12-24 17:45:49,598 - Comparison Step 107, Loss_X_TNG: 28.196420669555664, normE: 30.000001907348633
2024-12-24 17:45:51,001 - Comparison Step 108, Loss_X_TNG: 28.138320922851562, normE: 30.0
2024-12-24 17:45:51,564 - Comparison Step 109, Loss_X_TNG: 28.087427139282227, normE: 30.000001907348633
2024-12-24 17:45:52,974 - Comparison Step 110, Loss_X_TNG: 28.29149627685547, normE: 29.999998092651367
2024-12-24 17:45:54,406 - Comparison Step 111, Loss_X_TNG: 28.165416717529297, normE: 30.000001907348633
2024-12-24 17:45:55,812 - Comparison Step 112, Loss_X_TNG: 28.14919662475586, normE: 30.0
2024-12-24 17:45:57,206 - Comparison Step 113, Loss_X_TNG: 28.21676254272461, normE: 29.999998092651367
2024-12-24 17:45:58,617 - Comparison Step 114, Loss_X_TNG: 28.3253173828125, normE: 30.0
2024-12-24 17:46:00,043 - Comparison Step 115, Loss_X_TNG: 28.594446182250977, normE: 30.0
2024-12-24 17:46:00,559 - Comparison Step 116, Loss_X_TNG: 28.619014739990234, normE: 29.999998092651367
2024-12-24 17:46:01,951 - Comparison Step 117, Loss_X_TNG: 28.300655364990234, normE: 30.0
2024-12-24 17:46:03,359 - Comparison Step 118, Loss_X_TNG: 28.236125946044922, normE: 30.0
2024-12-24 17:46:04,782 - Comparison Step 119, Loss_X_TNG: 28.0739688873291, normE: 29.999998092651367
2024-12-24 17:46:05,331 - Comparison Step 120, Loss_X_TNG: 28.11751365661621, normE: 30.000001907348633
2024-12-24 17:46:06,727 - Comparison Step 121, Loss_X_TNG: 28.27349853515625, normE: 30.0
2024-12-24 17:46:08,072 - Comparison Step 122, Loss_X_TNG: 28.10146141052246, normE: 30.000001907348633
2024-12-24 17:46:08,373 - Comparison Step 123, Loss_X_TNG: 27.944225311279297, normE: 30.0
2024-12-24 17:46:09,794 - Comparison Step 124, Loss_X_TNG: 27.937631607055664, normE: 30.0
2024-12-24 17:46:11,190 - Comparison Step 125, Loss_X_TNG: 28.105287551879883, normE: 29.999998092651367
2024-12-24 17:46:12,580 - Comparison Step 126, Loss_X_TNG: 28.070302963256836, normE: 30.000001907348633
2024-12-24 17:46:13,983 - Comparison Step 127, Loss_X_TNG: 28.182748794555664, normE: 30.0
2024-12-24 17:46:15,396 - Comparison Step 128, Loss_X_TNG: 28.198028564453125, normE: 29.999998092651367
2024-12-24 17:46:16,794 - Comparison Step 129, Loss_X_TNG: 28.19297218322754, normE: 30.0
2024-12-24 17:46:18,206 - Comparison Step 130, Loss_X_TNG: 27.889360427856445, normE: 30.000001907348633
2024-12-24 17:46:19,630 - Comparison Step 131, Loss_X_TNG: 28.219385147094727, normE: 29.999998092651367
2024-12-24 17:46:21,019 - Comparison Step 132, Loss_X_TNG: 28.08446502685547, normE: 30.0
2024-12-24 17:46:22,418 - Comparison Step 133, Loss_X_TNG: 28.168920516967773, normE: 29.999998092651367
2024-12-24 17:46:23,842 - Comparison Step 134, Loss_X_TNG: 28.206344604492188, normE: 30.0
2024-12-24 17:46:25,253 - Comparison Step 135, Loss_X_TNG: 28.525962829589844, normE: 29.999998092651367
2024-12-24 17:46:26,657 - Comparison Step 136, Loss_X_TNG: 28.3153018951416, normE: 30.0
2024-12-24 17:46:28,073 - Comparison Step 137, Loss_X_TNG: 28.42743682861328, normE: 30.0
2024-12-24 17:46:29,485 - Comparison Step 138, Loss_X_TNG: 28.401683807373047, normE: 29.999998092651367
2024-12-24 17:46:30,884 - Comparison Step 139, Loss_X_TNG: 28.252166748046875, normE: 30.0
2024-12-24 17:46:31,341 - Comparison Step 140, Loss_X_TNG: 28.14240837097168, normE: 30.0
2024-12-24 17:46:31,939 - Comparison Step 141, Loss_X_TNG: 28.22527503967285, normE: 30.0
2024-12-24 17:46:33,366 - Comparison Step 142, Loss_X_TNG: 28.492185592651367, normE: 30.000001907348633
2024-12-24 17:46:34,812 - Comparison Step 143, Loss_X_TNG: 28.47017478942871, normE: 30.000001907348633
2024-12-24 17:46:36,225 - Comparison Step 144, Loss_X_TNG: 28.17427635192871, normE: 30.0
2024-12-24 17:46:37,506 - Comparison Step 145, Loss_X_TNG: 27.97187614440918, normE: 30.0
2024-12-24 17:46:38,626 - Comparison Step 146, Loss_X_TNG: 27.90627670288086, normE: 30.0
2024-12-24 17:46:40,094 - Comparison Step 147, Loss_X_TNG: 28.180400848388672, normE: 30.0
2024-12-24 17:46:41,560 - Comparison Step 148, Loss_X_TNG: 28.189271926879883, normE: 29.999998092651367
2024-12-24 17:46:43,071 - Comparison Step 149, Loss_X_TNG: 28.179656982421875, normE: 30.0
2024-12-24 17:46:43,364 - Comparison Step 150, Loss_X_TNG: 28.09297752380371, normE: 29.999998092651367
2024-12-24 17:46:44,823 - Comparison Step 151, Loss_X_TNG: 28.07219886779785, normE: 30.000001907348633
2024-12-24 17:46:44,946 - Comparison Step 152, Loss_X_TNG: 27.979145050048828, normE: 30.0
2024-12-24 17:46:46,362 - Comparison Step 153, Loss_X_TNG: 27.99899673461914, normE: 29.999998092651367
2024-12-24 17:46:47,775 - Comparison Step 154, Loss_X_TNG: 28.2845401763916, normE: 29.999998092651367
2024-12-24 17:46:49,221 - Comparison Step 155, Loss_X_TNG: 28.24295425415039, normE: 30.0
2024-12-24 17:46:50,628 - Comparison Step 156, Loss_X_TNG: 28.243330001831055, normE: 29.999998092651367
2024-12-24 17:46:52,031 - Comparison Step 157, Loss_X_TNG: 28.54555320739746, normE: 30.0
2024-12-24 17:46:53,468 - Comparison Step 158, Loss_X_TNG: 28.343198776245117, normE: 30.000001907348633
2024-12-24 17:46:54,886 - Comparison Step 159, Loss_X_TNG: 28.269084930419922, normE: 29.999998092651367
2024-12-24 17:46:56,252 - Comparison Step 160, Loss_X_TNG: 28.451831817626953, normE: 29.999998092651367
2024-12-24 17:46:57,659 - Comparison Step 161, Loss_X_TNG: 28.409072875976562, normE: 30.000001907348633
2024-12-24 17:46:59,083 - Comparison Step 162, Loss_X_TNG: 27.977338790893555, normE: 30.0
2024-12-24 17:47:00,484 - Comparison Step 163, Loss_X_TNG: 28.979856491088867, normE: 30.000001907348633
2024-12-24 17:47:01,877 - Comparison Step 164, Loss_X_TNG: 27.923067092895508, normE: 30.0
2024-12-24 17:47:03,304 - Comparison Step 165, Loss_X_TNG: 28.235139846801758, normE: 30.0
2024-12-24 17:47:04,671 - Comparison Step 166, Loss_X_TNG: 28.30061912536621, normE: 30.0
2024-12-24 17:47:05,101 - Comparison Step 167, Loss_X_TNG: 28.226526260375977, normE: 30.0
2024-12-24 17:47:06,516 - Comparison Step 168, Loss_X_TNG: 28.3416748046875, normE: 30.000001907348633
2024-12-24 17:47:07,923 - Comparison Step 169, Loss_X_TNG: 28.117671966552734, normE: 30.0
2024-12-24 17:47:09,358 - Comparison Step 170, Loss_X_TNG: 28.179197311401367, normE: 30.000001907348633
2024-12-24 17:47:09,399 - Comparison Step 171, Loss_X_TNG: 28.111492156982422, normE: 30.000001907348633
2024-12-24 17:47:10,798 - Comparison Step 172, Loss_X_TNG: 28.20057487487793, normE: 30.0
2024-12-24 17:47:12,194 - Comparison Step 173, Loss_X_TNG: 28.108142852783203, normE: 29.999998092651367
2024-12-24 17:47:13,372 - Comparison Step 174, Loss_X_TNG: 28.228181838989258, normE: 30.000001907348633
2024-12-24 17:47:14,799 - Comparison Step 175, Loss_X_TNG: 28.236906051635742, normE: 29.999998092651367
2024-12-24 17:47:16,206 - Comparison Step 176, Loss_X_TNG: 28.151653289794922, normE: 30.0
2024-12-24 17:47:17,447 - Comparison Step 177, Loss_X_TNG: 28.031213760375977, normE: 30.0
2024-12-24 17:47:18,879 - Comparison Step 178, Loss_X_TNG: 27.89610481262207, normE: 30.0
2024-12-24 17:47:20,302 - Comparison Step 179, Loss_X_TNG: 27.878637313842773, normE: 30.0
2024-12-24 17:47:20,612 - Comparison Step 180, Loss_X_TNG: 27.9063777923584, normE: 30.0
2024-12-24 17:47:22,021 - Comparison Step 181, Loss_X_TNG: 28.270387649536133, normE: 30.000001907348633
2024-12-24 17:47:23,458 - Comparison Step 182, Loss_X_TNG: 28.18408966064453, normE: 30.000001907348633
2024-12-24 17:47:24,889 - Comparison Step 183, Loss_X_TNG: 28.20181655883789, normE: 30.0
2024-12-24 17:47:26,304 - Comparison Step 184, Loss_X_TNG: 28.258386611938477, normE: 29.999998092651367
2024-12-24 17:47:27,711 - Comparison Step 185, Loss_X_TNG: 28.38796615600586, normE: 29.999998092651367
2024-12-24 17:47:29,166 - Comparison Step 186, Loss_X_TNG: 28.567113876342773, normE: 30.000001907348633
2024-12-24 17:47:30,584 - Comparison Step 187, Loss_X_TNG: 28.486244201660156, normE: 30.000001907348633
2024-12-24 17:47:31,996 - Comparison Step 188, Loss_X_TNG: 28.342670440673828, normE: 30.0
2024-12-24 17:47:33,443 - Comparison Step 189, Loss_X_TNG: 28.1824951171875, normE: 30.0
2024-12-24 17:47:34,909 - Comparison Step 190, Loss_X_TNG: 28.321331024169922, normE: 30.000001907348633
2024-12-24 17:47:36,332 - Comparison Step 191, Loss_X_TNG: 28.252145767211914, normE: 30.000001907348633
2024-12-24 17:47:37,745 - Comparison Step 192, Loss_X_TNG: 28.066822052001953, normE: 30.000001907348633
2024-12-24 17:47:39,202 - Comparison Step 193, Loss_X_TNG: 28.06177520751953, normE: 30.000001907348633
2024-12-24 17:47:40,633 - Comparison Step 194, Loss_X_TNG: 28.10997772216797, normE: 30.000001907348633
2024-12-24 17:47:42,053 - Comparison Step 195, Loss_X_TNG: 28.07051658630371, normE: 30.0
2024-12-24 17:47:43,491 - Comparison Step 196, Loss_X_TNG: 27.926908493041992, normE: 29.999998092651367
2024-12-24 17:47:44,911 - Comparison Step 197, Loss_X_TNG: 28.118595123291016, normE: 29.999998092651367
2024-12-24 17:47:46,322 - Comparison Step 198, Loss_X_TNG: 28.16399383544922, normE: 30.0
2024-12-24 17:47:47,734 - Comparison Step 199, Loss_X_TNG: 28.493200302124023, normE: 30.000001907348633
2024-12-24 17:47:49,174 - Comparison Step 200, Loss_X_TNG: 28.682079315185547, normE: 30.0
2024-12-24 17:47:50,582 - Comparison Step 201, Loss_X_TNG: 28.394859313964844, normE: 30.0
2024-12-24 17:47:51,990 - Comparison Step 202, Loss_X_TNG: 28.183622360229492, normE: 30.0
2024-12-24 17:47:52,638 - Comparison Step 203, Loss_X_TNG: 27.98810386657715, normE: 29.999998092651367
2024-12-24 17:47:53,262 - Comparison Step 204, Loss_X_TNG: 27.981544494628906, normE: 30.000001907348633
2024-12-24 17:47:54,684 - Comparison Step 205, Loss_X_TNG: 28.388988494873047, normE: 30.000001907348633
2024-12-24 17:47:56,091 - Comparison Step 206, Loss_X_TNG: 28.157682418823242, normE: 30.0
2024-12-24 17:47:57,502 - Comparison Step 207, Loss_X_TNG: 28.113990783691406, normE: 30.0
2024-12-24 17:47:58,932 - Comparison Step 208, Loss_X_TNG: 28.042879104614258, normE: 29.999998092651367
2024-12-24 17:48:00,007 - Comparison Step 209, Loss_X_TNG: 27.96826934814453, normE: 29.999998092651367
2024-12-24 17:48:01,138 - Comparison Step 210, Loss_X_TNG: 28.073564529418945, normE: 30.0
2024-12-24 17:48:02,506 - Comparison Step 211, Loss_X_TNG: 28.063806533813477, normE: 29.999998092651367
2024-12-24 17:48:03,956 - Comparison Step 212, Loss_X_TNG: 28.12867546081543, normE: 30.000001907348633
2024-12-24 17:48:05,385 - Comparison Step 213, Loss_X_TNG: 28.29293441772461, normE: 29.999998092651367
2024-12-24 17:48:06,798 - Comparison Step 214, Loss_X_TNG: 28.194713592529297, normE: 30.0
2024-12-24 17:48:08,233 - Comparison Step 215, Loss_X_TNG: 28.114660263061523, normE: 29.999998092651367
2024-12-24 17:48:09,288 - Comparison Step 216, Loss_X_TNG: 28.106428146362305, normE: 30.0
2024-12-24 17:48:10,700 - Comparison Step 217, Loss_X_TNG: 28.31867218017578, normE: 29.999998092651367
2024-12-24 17:48:12,097 - Comparison Step 218, Loss_X_TNG: 28.277114868164062, normE: 29.999998092651367
2024-12-24 17:48:13,518 - Comparison Step 219, Loss_X_TNG: 28.2479305267334, normE: 29.999998092651367
2024-12-24 17:48:14,940 - Comparison Step 220, Loss_X_TNG: 28.312097549438477, normE: 29.999998092651367
2024-12-24 17:48:16,341 - Comparison Step 221, Loss_X_TNG: 28.275388717651367, normE: 30.0
2024-12-24 17:48:17,698 - Comparison Step 222, Loss_X_TNG: 28.1903133392334, normE: 29.999998092651367
2024-12-24 17:48:17,794 - Comparison Step 223, Loss_X_TNG: 28.099382400512695, normE: 30.0
2024-12-24 17:48:19,247 - Comparison Step 224, Loss_X_TNG: 27.972745895385742, normE: 30.0
2024-12-24 17:48:20,663 - Comparison Step 225, Loss_X_TNG: 28.096309661865234, normE: 29.999998092651367
2024-12-24 17:48:22,072 - Comparison Step 226, Loss_X_TNG: 28.111461639404297, normE: 30.000001907348633
2024-12-24 17:48:23,503 - Comparison Step 227, Loss_X_TNG: 28.048856735229492, normE: 30.0
2024-12-24 17:48:24,221 - Comparison Step 228, Loss_X_TNG: 28.149263381958008, normE: 30.000001907348633
2024-12-24 17:48:25,630 - Comparison Step 229, Loss_X_TNG: 28.166236877441406, normE: 29.999998092651367
2024-12-24 17:48:26,429 - Comparison Step 230, Loss_X_TNG: 28.12896728515625, normE: 30.0
2024-12-24 17:48:27,841 - Comparison Step 231, Loss_X_TNG: 28.520858764648438, normE: 29.999998092651367
2024-12-24 17:48:29,307 - Comparison Step 232, Loss_X_TNG: 28.1046142578125, normE: 30.000001907348633
2024-12-24 17:48:29,938 - Comparison Step 233, Loss_X_TNG: 27.921091079711914, normE: 30.000001907348633
2024-12-24 17:48:31,347 - Comparison Step 234, Loss_X_TNG: 27.923242568969727, normE: 29.999998092651367
2024-12-24 17:48:32,751 - Comparison Step 235, Loss_X_TNG: 27.87578773498535, normE: 29.999998092651367
2024-12-24 17:48:34,199 - Comparison Step 236, Loss_X_TNG: 28.01645278930664, normE: 30.000001907348633
2024-12-24 17:48:35,613 - Comparison Step 237, Loss_X_TNG: 28.220441818237305, normE: 30.0
2024-12-24 17:48:37,032 - Comparison Step 238, Loss_X_TNG: 28.14934730529785, normE: 29.999998092651367
2024-12-24 17:48:38,463 - Comparison Step 239, Loss_X_TNG: 28.058412551879883, normE: 30.000001907348633
2024-12-24 17:48:39,359 - Comparison Step 240, Loss_X_TNG: 28.165590286254883, normE: 30.0
2024-12-24 17:48:39,866 - Comparison Step 241, Loss_X_TNG: 28.026580810546875, normE: 30.000001907348633
2024-12-24 17:48:41,281 - Comparison Step 242, Loss_X_TNG: 28.447912216186523, normE: 30.0
2024-12-24 17:48:42,685 - Comparison Step 243, Loss_X_TNG: 28.44674301147461, normE: 30.000001907348633
2024-12-24 17:48:44,111 - Comparison Step 244, Loss_X_TNG: 28.37484359741211, normE: 30.000001907348633
2024-12-24 17:48:45,477 - Comparison Step 245, Loss_X_TNG: 28.421998977661133, normE: 30.000001907348633
2024-12-24 17:48:45,974 - Comparison Step 246, Loss_X_TNG: 28.274700164794922, normE: 30.000001907348633
2024-12-24 17:48:46,373 - Comparison Step 247, Loss_X_TNG: 28.223268508911133, normE: 30.000001907348633
2024-12-24 17:48:47,042 - Comparison Step 248, Loss_X_TNG: 28.16919708251953, normE: 30.000001907348633
2024-12-24 17:48:47,112 - Comparison Step 249, Loss_X_TNG: 28.083423614501953, normE: 29.999996185302734
2024-12-24 17:48:48,542 - Comparison Step 250, Loss_X_TNG: 28.593517303466797, normE: 29.999998092651367
2024-12-24 17:48:49,966 - Comparison Step 251, Loss_X_TNG: 28.632217407226562, normE: 30.0
2024-12-24 17:48:51,369 - Comparison Step 252, Loss_X_TNG: 28.454940795898438, normE: 30.000001907348633
2024-12-24 17:48:52,680 - Comparison Step 253, Loss_X_TNG: 28.489246368408203, normE: 29.999998092651367
2024-12-24 17:48:54,108 - Comparison Step 254, Loss_X_TNG: 28.29769515991211, normE: 29.999998092651367
2024-12-24 17:48:55,522 - Comparison Step 255, Loss_X_TNG: 28.120908737182617, normE: 30.0
2024-12-24 17:48:55,768 - Comparison Step 256, Loss_X_TNG: 28.00325584411621, normE: 30.0
2024-12-24 17:48:57,174 - Comparison Step 257, Loss_X_TNG: 28.058168411254883, normE: 30.0
2024-12-24 17:48:58,587 - Comparison Step 258, Loss_X_TNG: 28.052417755126953, normE: 30.000001907348633
2024-12-24 17:49:00,000 - Comparison Step 259, Loss_X_TNG: 28.039474487304688, normE: 29.999998092651367
2024-12-24 17:49:00,981 - Comparison Step 260, Loss_X_TNG: 28.136615753173828, normE: 30.0
2024-12-24 17:49:02,378 - Comparison Step 261, Loss_X_TNG: 28.14885711669922, normE: 30.000001907348633
2024-12-24 17:49:03,781 - Comparison Step 262, Loss_X_TNG: 28.2091064453125, normE: 30.000001907348633
2024-12-24 17:49:05,198 - Comparison Step 263, Loss_X_TNG: 28.205188751220703, normE: 30.0
2024-12-24 17:49:06,549 - Comparison Step 264, Loss_X_TNG: 28.101926803588867, normE: 29.999998092651367
2024-12-24 17:49:07,949 - Comparison Step 265, Loss_X_TNG: 28.265850067138672, normE: 30.0
2024-12-24 17:49:09,379 - Comparison Step 266, Loss_X_TNG: 28.16448211669922, normE: 30.0
2024-12-24 17:49:10,785 - Comparison Step 267, Loss_X_TNG: 28.094345092773438, normE: 30.0
2024-12-24 17:49:12,188 - Comparison Step 268, Loss_X_TNG: 28.08440399169922, normE: 30.0
2024-12-24 17:49:13,612 - Comparison Step 269, Loss_X_TNG: 28.495384216308594, normE: 30.000001907348633
2024-12-24 17:49:15,032 - Comparison Step 270, Loss_X_TNG: 28.33441734313965, normE: 30.0
2024-12-24 17:49:16,438 - Comparison Step 271, Loss_X_TNG: 28.366365432739258, normE: 30.0
2024-12-24 17:49:17,842 - Comparison Step 272, Loss_X_TNG: 28.25846290588379, normE: 29.999998092651367
2024-12-24 17:49:19,282 - Comparison Step 273, Loss_X_TNG: 28.18627166748047, normE: 30.0
2024-12-24 17:49:20,683 - Comparison Step 274, Loss_X_TNG: 28.1602840423584, normE: 30.0
2024-12-24 17:49:22,087 - Comparison Step 275, Loss_X_TNG: 27.950180053710938, normE: 29.999998092651367
2024-12-24 17:49:23,169 - Comparison Step 276, Loss_X_TNG: 28.055988311767578, normE: 30.000001907348633
2024-12-24 17:49:23,776 - Comparison Step 277, Loss_X_TNG: 28.203689575195312, normE: 30.000001907348633
2024-12-24 17:49:25,197 - Comparison Step 278, Loss_X_TNG: 28.182470321655273, normE: 30.000001907348633
2024-12-24 17:49:26,593 - Comparison Step 279, Loss_X_TNG: 28.411069869995117, normE: 30.0
2024-12-24 17:49:26,830 - Comparison Step 280, Loss_X_TNG: 28.349843978881836, normE: 29.999998092651367
2024-12-24 17:49:27,148 - Comparison Step 281, Loss_X_TNG: 28.12358283996582, normE: 29.999998092651367
2024-12-24 17:49:28,560 - Comparison Step 282, Loss_X_TNG: 28.211021423339844, normE: 30.000001907348633
2024-12-24 17:49:28,890 - Comparison Step 283, Loss_X_TNG: 28.12847137451172, normE: 30.0
2024-12-24 17:49:30,308 - Comparison Step 284, Loss_X_TNG: 28.27156639099121, normE: 30.0
2024-12-24 17:49:31,716 - Comparison Step 285, Loss_X_TNG: 28.41728401184082, normE: 30.0
2024-12-24 17:49:33,132 - Comparison Step 286, Loss_X_TNG: 28.30078125, normE: 30.0
2024-12-24 17:49:34,555 - Comparison Step 287, Loss_X_TNG: 28.019317626953125, normE: 29.999998092651367
2024-12-24 17:49:35,957 - Comparison Step 288, Loss_X_TNG: 28.169904708862305, normE: 29.999998092651367
2024-12-24 17:49:37,363 - Comparison Step 289, Loss_X_TNG: 28.412389755249023, normE: 30.000001907348633
2024-12-24 17:49:38,781 - Comparison Step 290, Loss_X_TNG: 28.3779296875, normE: 30.000001907348633
2024-12-24 17:49:40,208 - Comparison Step 291, Loss_X_TNG: 28.212366104125977, normE: 29.999998092651367
2024-12-24 17:49:41,610 - Comparison Step 292, Loss_X_TNG: 27.95189666748047, normE: 30.0
2024-12-24 17:49:41,726 - Comparison Step 293, Loss_X_TNG: 27.87441062927246, normE: 30.0
2024-12-24 17:49:43,134 - Comparison Step 294, Loss_X_TNG: 28.218721389770508, normE: 29.999998092651367
2024-12-24 17:49:43,663 - Comparison Step 295, Loss_X_TNG: 28.194011688232422, normE: 29.999996185302734
2024-12-24 17:49:45,086 - Comparison Step 296, Loss_X_TNG: 28.21195411682129, normE: 30.000001907348633
2024-12-24 17:49:46,489 - Comparison Step 297, Loss_X_TNG: 28.50139808654785, normE: 30.0
2024-12-24 17:49:47,457 - Comparison Step 298, Loss_X_TNG: 28.36919403076172, normE: 29.999998092651367
2024-12-24 17:49:48,882 - Comparison Step 299, Loss_X_TNG: 28.348548889160156, normE: 29.999998092651367
2024-12-24 17:49:48,882 - Norm2 (Comparison Algorithm): 28.348548889160156
2024-12-24 17:49:50,278 - Norm2 (Original TR Algorithm): 26.58001708984375
2024-12-24 17:49:50,278 - Norm2 (Our Algorithm): 30.000017166137695
2024-12-24 17:49:50,371 - Clipping input data to the valid range for imshow with RGB data ([0..1] for floats or [0..255] for integers). Got range [-0.12171793..1.2071469].
2024-12-24 17:49:50,375 - Clipping input data to the valid range for imshow with RGB data ([0..1] for floats or [0..255] for integers). Got range [-0.664958..0.47456995].
2024-12-24 17:49:50,377 - Clipping input data to the valid range for imshow with RGB data ([0..1] for floats or [0..255] for integers). Got range [-0.14738566..1.2147464].
2024-12-24 17:49:50,379 - Clipping input data to the valid range for imshow with RGB data ([0..1] for floats or [0..255] for integers). Got range [-0.14737637..1.2147187].
2024-12-24 17:49:50,382 - Clipping input data to the valid range for imshow with RGB data ([0..1] for floats or [0..255] for integers). Got range [-0.19101088..0.18103628].
2024-12-24 17:49:50,384 - Clipping input data to the valid range for imshow with RGB data ([0..1] for floats or [0..255] for integers). Got range [-0.1303127..1.1382554].
2024-12-24 17:49:50,386 - Clipping input data to the valid range for imshow with RGB data ([0..1] for floats or [0..255] for integers). Got range [-0.15730926..1.1811436].
