2024-12-13 17:08:46,102 - Norm2 (Our Algorithm): 66.95819854736328
2024-12-13 17:08:46,102 - Norm2 (Comparison Algorithm): 10.054471969604492
2024-12-13 17:08:46,170 - Clipping input data to the valid range for imshow with RGB data ([0..1] for floats or [0..255] for integers). Got range [-1.0474342..0.9889017].
2024-12-13 17:08:46,172 - Clipping input data to the valid range for imshow with RGB data ([0..1] for floats or [0..255] for integers). Got range [-0.74360377..1.8501115].
2024-12-13 17:08:46,174 - Clipping input data to the valid range for imshow with RGB data ([0..1] for floats or [0..255] for integers). Got range [-0.5288112..1.5372677].
2024-12-13 17:08:46,176 - Clipping input data to the valid range for imshow with RGB data ([0..1] for floats or [0..255] for integers). Got range [-0.6535751..0.68115664].
2024-12-13 17:08:46,178 - Clipping input data to the valid range for imshow with RGB data ([0..1] for floats or [0..255] for integers). Got range [-0.56364226..1.5207188].
2024-12-13 17:08:46,180 - Clipping input data to the valid range for imshow with RGB data ([0..1] for floats or [0..255] for integers). Got range [-0.1325458..1.1053519].
2024-12-13 17:17:57,466 - Norm2 (Our Algorithm): 67.08468627929688
2024-12-13 17:17:57,467 - Norm2 (Comparison Algorithm): 10.300088882446289
2024-12-13 17:17:57,536 - Clipping input data to the valid range for imshow with RGB data ([0..1] for floats or [0..255] for integers). Got range [-1.1682937..1.0605516].
2024-12-13 17:17:57,538 - Clipping input data to the valid range for imshow with RGB data ([0..1] for floats or [0..255] for integers). Got range [-1.0977055..1.8361473].
2024-12-13 17:17:57,540 - Clipping input data to the valid range for imshow with RGB data ([0..1] for floats or [0..255] for integers). Got range [-0.62920684..1.5288709].
2024-12-13 17:17:57,542 - Clipping input data to the valid range for imshow with RGB data ([0..1] for floats or [0..255] for integers). Got range [-0.6842842..0.6642452].
2024-12-13 17:17:57,544 - Clipping input data to the valid range for imshow with RGB data ([0..1] for floats or [0..255] for integers). Got range [-0.48880953..1.5228746].
2024-12-13 17:17:57,546 - Clipping input data to the valid range for imshow with RGB data ([0..1] for floats or [0..255] for integers). Got range [-0.13006622..1.101616].
2024-12-13 17:19:08,058 - Norm2 (Our Algorithm): 66.9962387084961
2024-12-13 17:19:08,058 - Norm2 (Comparison Algorithm): 9.969834327697754
2024-12-13 17:19:08,134 - Clipping input data to the valid range for imshow with RGB data ([0..1] for floats or [0..255] for integers). Got range [-1.1785864..1.0202513].
2024-12-13 17:19:08,136 - Clipping input data to the valid range for imshow with RGB data ([0..1] for floats or [0..255] for integers). Got range [-0.74131495..1.888097].
2024-12-13 17:19:08,138 - Clipping input data to the valid range for imshow with RGB data ([0..1] for floats or [0..255] for integers). Got range [-0.6583359..1.574425].
2024-12-13 17:19:08,141 - Clipping input data to the valid range for imshow with RGB data ([0..1] for floats or [0..255] for integers). Got range [-0.63795906..0.65691733].
2024-12-13 17:19:08,143 - Clipping input data to the valid range for imshow with RGB data ([0..1] for floats or [0..255] for integers). Got range [-0.5919593..1.5419967].
2024-12-13 17:19:08,144 - Clipping input data to the valid range for imshow with RGB data ([0..1] for floats or [0..255] for integers). Got range [-0.13541132..1.1006652].
2024-12-13 17:21:09,443 - Norm2 (Our Algorithm): 61.39181900024414
2024-12-13 17:21:09,443 - Norm2 (Comparison Algorithm): 14.891822814941406
2024-12-13 17:21:09,530 - Clipping input data to the valid range for imshow with RGB data ([0..1] for floats or [0..255] for integers). Got range [-1.0498065..0.9796398].
2024-12-13 17:21:09,532 - Clipping input data to the valid range for imshow with RGB data ([0..1] for floats or [0..255] for integers). Got range [-0.8576496..1.8899665].
2024-12-13 17:21:09,534 - Clipping input data to the valid range for imshow with RGB data ([0..1] for floats or [0..255] for integers). Got range [-0.5623411..1.478767].
2024-12-13 17:21:09,538 - Clipping input data to the valid range for imshow with RGB data ([0..1] for floats or [0..255] for integers). Got range [-0.9443214..1.1448212].
2024-12-13 17:21:09,540 - Clipping input data to the valid range for imshow with RGB data ([0..1] for floats or [0..255] for integers). Got range [-0.73417765..2.0232525].
2024-12-13 17:21:09,542 - Clipping input data to the valid range for imshow with RGB data ([0..1] for floats or [0..255] for integers). Got range [-0.07313792..1.0873753].
2024-12-13 17:21:43,904 - Norm2 (Our Algorithm): 61.32402801513672
2024-12-13 17:21:43,905 - Norm2 (Comparison Algorithm): 14.682594299316406
2024-12-13 17:21:44,001 - Clipping input data to the valid range for imshow with RGB data ([0..1] for floats or [0..255] for integers). Got range [-0.96350586..1.003481].
2024-12-13 17:21:44,004 - Clipping input data to the valid range for imshow with RGB data ([0..1] for floats or [0..255] for integers). Got range [-0.80448985..1.8002294].
2024-12-13 17:21:44,007 - Clipping input data to the valid range for imshow with RGB data ([0..1] for floats or [0..255] for integers). Got range [-0.43663728..1.5155427].
2024-12-13 17:21:44,011 - Clipping input data to the valid range for imshow with RGB data ([0..1] for floats or [0..255] for integers). Got range [-0.9394825..0.9379418].
2024-12-13 17:21:44,014 - Clipping input data to the valid range for imshow with RGB data ([0..1] for floats or [0..255] for integers). Got range [-0.7735894..1.8096981].
2024-12-13 17:21:44,016 - Clipping input data to the valid range for imshow with RGB data ([0..1] for floats or [0..255] for integers). Got range [-0.10683687..1.1051247].
2024-12-13 19:30:24,184 - Norm2 (Our Algorithm): 66.51417541503906
2024-12-13 19:30:24,184 - Norm2 (Comparison Algorithm): 9.64080810546875
2024-12-13 19:30:24,261 - Clipping input data to the valid range for imshow with RGB data ([0..1] for floats or [0..255] for integers). Got range [-1.039376..1.0219753].
2024-12-13 19:30:24,263 - Clipping input data to the valid range for imshow with RGB data ([0..1] for floats or [0..255] for integers). Got range [-0.70840245..1.7837341].
2024-12-13 19:30:24,265 - Clipping input data to the valid range for imshow with RGB data ([0..1] for floats or [0..255] for integers). Got range [-0.47908664..1.5322902].
2024-12-13 19:30:24,267 - Clipping input data to the valid range for imshow with RGB data ([0..1] for floats or [0..255] for integers). Got range [-0.55481946..0.5637929].
2024-12-13 19:30:24,269 - Clipping input data to the valid range for imshow with RGB data ([0..1] for floats or [0..255] for integers). Got range [-0.55481946..1.4180872].
2024-12-13 19:30:24,271 - Clipping input data to the valid range for imshow with RGB data ([0..1] for floats or [0..255] for integers). Got range [-0.13774365..1.0821451].
2024-12-15 01:22:35,119 - norm(X - TN_G_ATTR): -89228.4765625
2024-12-15 01:32:10,192 - norm(X - TN_G_ATTR): -4637.94970703125
2024-12-15 01:45:09,840 - norm(X - TN_G_ATTR): -4634.3466796875
2024-12-15 01:59:11,029 - norm(X - TN_G_ATTR): -4638.52734375
2024-12-15 02:13:15,643 - norm(X - TN_G_ATTR): -4635.75390625
2024-12-15 02:18:47,444 - norm(X - TN_G_ATTR): -89162.6015625
2024-12-15 02:20:02,881 - norm(X - TN_G_ATTR): -4597.64013671875
2024-12-15 02:21:21,237 - norm(X - TN_G_ATTR): -4595.19140625
2024-12-15 02:22:39,518 - norm(X - TN_G_ATTR): -4605.65087890625
2024-12-15 02:23:58,964 - norm(X - TN_G_ATTR): -4605.43212890625
2024-12-15 02:25:17,618 - norm(X - TN_G_ATTR): -4614.22802734375
2024-12-15 02:26:37,415 - norm(X - TN_G_ATTR): -4617.103515625
2024-12-15 02:27:57,080 - norm(X - TN_G_ATTR): -4619.32177734375
2024-12-15 02:29:14,324 - norm(X - TN_G_ATTR): -4620.82763671875
2024-12-15 02:30:35,111 - norm(X - TN_G_ATTR): -4570.68408203125
2024-12-15 02:31:54,084 - norm(X - TN_G_ATTR): -4622.3232421875
2024-12-15 02:33:05,875 - norm(X - TN_G_ATTR): -4621.89599609375
2024-12-15 02:33:17,433 - norm(X - TN_G_ATTR): -4622.91162109375
2024-12-15 02:33:28,832 - norm(X - TN_G_ATTR): -4623.11474609375
2024-12-15 02:33:40,250 - norm(X - TN_G_ATTR): -4624.7802734375
2024-12-15 02:34:43,581 - norm(X - TN_G_ATTR): -4618.01416015625
2024-12-15 02:36:01,731 - norm(X - TN_G_ATTR): -4624.5615234375
2024-12-15 02:37:22,775 - norm(X - TN_G_ATTR): -4620.6220703125
2024-12-15 02:38:41,912 - norm(X - TN_G_ATTR): -4627.1162109375
2024-12-15 02:39:59,519 - norm(X - TN_G_ATTR): -4619.42822265625
2024-12-15 02:41:19,599 - norm(X - TN_G_ATTR): -4623.1865234375
2024-12-15 02:42:39,348 - norm(X - TN_G_ATTR): -4626.4521484375
2024-12-15 02:44:00,651 - norm(X - TN_G_ATTR): -4596.8291015625
2024-12-15 02:45:19,146 - norm(X - TN_G_ATTR): -4627.0498046875
2024-12-15 02:46:39,541 - norm(X - TN_G_ATTR): -4625.06884765625
2024-12-15 02:48:01,970 - norm(X - TN_G_ATTR): -4626.091796875
2024-12-15 02:49:22,605 - norm(X - TN_G_ATTR): -4625.32177734375
2024-12-15 02:50:44,193 - norm(X - TN_G_ATTR): -4624.1015625
2024-12-15 02:52:01,611 - norm(X - TN_G_ATTR): -4597.37548828125
2024-12-15 02:53:20,879 - norm(X - TN_G_ATTR): -4576.50927734375
2024-12-15 02:54:42,790 - norm(X - TN_G_ATTR): -4611.8046875
2024-12-15 02:55:11,560 - norm(X - TN_G_ATTR): -4574.248046875
2024-12-15 02:55:23,059 - norm(X - TN_G_ATTR): -4622.501953125
2024-12-15 02:55:34,635 - norm(X - TN_G_ATTR): -4622.291015625
2024-12-15 02:56:27,404 - norm(X - TN_G_ATTR): -4624.40283203125
2024-12-15 02:57:47,277 - norm(X - TN_G_ATTR): -4623.0888671875
2024-12-15 02:59:08,677 - norm(X - TN_G_ATTR): -4626.42919921875
2024-12-15 03:00:27,789 - norm(X - TN_G_ATTR): -4622.04345703125
2024-12-15 03:01:50,057 - norm(X - TN_G_ATTR): -4627.81689453125
2024-12-15 03:03:10,015 - norm(X - TN_G_ATTR): -4629.41357421875
2024-12-15 03:04:30,104 - norm(X - TN_G_ATTR): -4625.13623046875
2024-12-15 03:05:50,823 - norm(X - TN_G_ATTR): -4630.77294921875
2024-12-15 03:07:11,041 - norm(X - TN_G_ATTR): -4624.90673828125
2024-12-15 03:08:30,549 - norm(X - TN_G_ATTR): -4630.1923828125
2024-12-15 03:09:52,547 - norm(X - TN_G_ATTR): -4630.76953125
2024-12-15 03:11:13,800 - norm(X - TN_G_ATTR): -4622.64501953125
2024-12-15 03:12:36,128 - norm(X - TN_G_ATTR): -4609.8330078125
2024-12-15 03:13:55,171 - norm(X - TN_G_ATTR): -4591.60400390625
2024-12-15 03:15:14,643 - norm(X - TN_G_ATTR): -4628.47509765625
2024-12-15 03:16:37,013 - norm(X - TN_G_ATTR): -4632.2578125
2024-12-15 03:17:04,910 - norm(X - TN_G_ATTR): -4629.16259765625
2024-12-15 03:17:16,461 - norm(X - TN_G_ATTR): -4631.5078125
2024-12-15 03:17:28,121 - norm(X - TN_G_ATTR): -4627.11767578125
2024-12-15 03:18:17,480 - norm(X - TN_G_ATTR): -4604.685546875
2024-12-15 03:19:39,284 - norm(X - TN_G_ATTR): -4631.37939453125
2024-12-15 03:21:00,496 - norm(X - TN_G_ATTR): -4631.65234375
2024-12-15 03:22:22,000 - norm(X - TN_G_ATTR): -4626.8974609375
2024-12-15 03:23:44,313 - norm(X - TN_G_ATTR): -4630.5234375
2024-12-15 03:25:04,767 - norm(X - TN_G_ATTR): -4632.0126953125
2024-12-15 03:26:24,632 - norm(X - TN_G_ATTR): -4607.29296875
2024-12-15 03:27:47,221 - norm(X - TN_G_ATTR): -4628.97021484375
2024-12-15 03:29:08,301 - norm(X - TN_G_ATTR): -4624.9990234375
2024-12-15 03:30:30,652 - norm(X - TN_G_ATTR): -4629.5673828125
2024-12-15 03:31:51,131 - norm(X - TN_G_ATTR): -4631.77880859375
2024-12-15 03:33:11,240 - norm(X - TN_G_ATTR): -4632.69580078125
2024-12-15 03:34:01,583 - norm(X - TN_G_ATTR): -4628.384765625
2024-12-15 03:35:20,010 - norm(X - TN_G_ATTR): -4631.982421875
2024-12-15 03:36:42,526 - norm(X - TN_G_ATTR): -4592.13232421875
2024-12-15 03:38:04,011 - norm(X - TN_G_ATTR): -4632.13623046875
2024-12-15 03:39:25,716 - norm(X - TN_G_ATTR): -4632.177734375
2024-12-15 03:39:42,219 - norm(X - TN_G_ATTR): -4632.8310546875
2024-12-15 03:39:53,869 - norm(X - TN_G_ATTR): -4632.61279296875
2024-12-15 03:40:05,812 - norm(X - TN_G_ATTR): -4578.52880859375
2024-12-15 03:40:49,881 - norm(X - TN_G_ATTR): -4633.46875
2024-12-15 03:42:11,943 - norm(X - TN_G_ATTR): -4629.97412109375
2024-12-15 03:43:33,514 - norm(X - TN_G_ATTR): -4580.896484375
2024-12-15 03:44:55,683 - norm(X - TN_G_ATTR): -4631.6689453125
2024-12-15 03:46:19,257 - norm(X - TN_G_ATTR): -4580.48828125
2024-12-15 03:47:40,394 - norm(X - TN_G_ATTR): -4631.9482421875
2024-12-15 03:49:01,919 - norm(X - TN_G_ATTR): -4632.26904296875
2024-12-15 03:50:24,643 - norm(X - TN_G_ATTR): -4632.1796875
2024-12-15 03:51:45,156 - norm(X - TN_G_ATTR): -4631.06884765625
2024-12-15 03:53:09,015 - norm(X - TN_G_ATTR): -4627.07373046875
2024-12-15 03:54:29,253 - norm(X - TN_G_ATTR): -4632.50390625
2024-12-15 03:55:48,099 - norm(X - TN_G_ATTR): -4627.7724609375
2024-12-15 03:57:11,288 - norm(X - TN_G_ATTR): -4632.21923828125
2024-12-15 03:58:32,196 - norm(X - TN_G_ATTR): -4633.3994140625
2024-12-15 03:59:53,838 - norm(X - TN_G_ATTR): -4621.833984375
2024-12-15 04:01:17,399 - norm(X - TN_G_ATTR): -4630.162109375
2024-12-15 04:02:03,413 - norm(X - TN_G_ATTR): -4583.77099609375
2024-12-15 04:02:15,050 - norm(X - TN_G_ATTR): -4632.41748046875
2024-12-15 04:02:26,709 - norm(X - TN_G_ATTR): -4629.67431640625
2024-12-15 04:03:04,963 - norm(X - TN_G_ATTR): -4583.97265625
2024-12-15 04:04:26,707 - norm(X - TN_G_ATTR): -4625.1416015625
2024-12-15 04:05:44,814 - norm(X - TN_G_ATTR): -4631.63037109375
2024-12-15 04:07:06,870 - norm(X - TN_G_ATTR): -4633.158203125
2024-12-15 04:08:29,022 - norm(X - TN_G_ATTR): -4632.013671875
2024-12-15 04:09:50,076 - norm(X - TN_G_ATTR): -4631.3388671875
2024-12-15 04:11:11,305 - norm(X - TN_G_ATTR): -4631.64794921875
2024-12-15 04:12:33,704 - norm(X - TN_G_ATTR): -4580.58740234375
2024-12-15 04:13:55,142 - norm(X - TN_G_ATTR): -4632.78662109375
2024-12-15 04:15:15,763 - norm(X - TN_G_ATTR): -4630.142578125
2024-12-15 04:16:05,980 - norm(X - TN_G_ATTR): -4625.70068359375
2024-12-15 04:17:22,941 - norm(X - TN_G_ATTR): -4632.54443359375
2024-12-15 04:18:46,193 - norm(X - TN_G_ATTR): -4631.77490234375
2024-12-15 04:20:07,409 - norm(X - TN_G_ATTR): -4610.26416015625
2024-12-15 04:21:29,182 - norm(X - TN_G_ATTR): -4620.189453125
2024-12-15 04:22:50,313 - norm(X - TN_G_ATTR): -4627.39892578125
2024-12-15 04:23:48,488 - norm(X - TN_G_ATTR): -4631.61083984375
2024-12-15 04:24:00,142 - norm(X - TN_G_ATTR): -4626.8798828125
2024-12-15 04:24:11,944 - norm(X - TN_G_ATTR): -4622.271484375
2024-12-15 04:24:39,345 - norm(X - TN_G_ATTR): -4631.4873046875
2024-12-15 04:26:03,482 - norm(X - TN_G_ATTR): -4631.8642578125
2024-12-15 04:27:24,423 - norm(X - TN_G_ATTR): -4632.162109375
2024-12-15 04:28:46,117 - norm(X - TN_G_ATTR): -4630.90673828125
2024-12-15 04:30:10,302 - norm(X - TN_G_ATTR): -4623.21435546875
2024-12-15 04:31:31,855 - norm(X - TN_G_ATTR): -4630.6689453125
2024-12-15 04:32:56,200 - norm(X - TN_G_ATTR): -4633.17578125
2024-12-15 04:34:17,732 - norm(X - TN_G_ATTR): -4630.6484375
2024-12-15 04:35:38,553 - norm(X - TN_G_ATTR): -4633.453125
2024-12-15 04:36:33,942 - norm(X - TN_G_ATTR): -4620.22509765625
2024-12-15 04:37:55,261 - norm(X - TN_G_ATTR): -4625.755859375
2024-12-15 04:39:18,752 - norm(X - TN_G_ATTR): -4631.9501953125
2024-12-15 04:40:40,766 - norm(X - TN_G_ATTR): -4619.26123046875
2024-12-15 04:41:37,076 - norm(X - TN_G_ATTR): -4628.7470703125
2024-12-15 04:42:58,579 - norm(X - TN_G_ATTR): -4630.90869140625
2024-12-15 04:44:20,392 - norm(X - TN_G_ATTR): -4625.9375
2024-12-15 04:45:43,725 - norm(X - TN_G_ATTR): -4628.8603515625
2024-12-15 04:46:26,723 - norm(X - TN_G_ATTR): -4630.95751953125
2024-12-15 04:46:38,448 - norm(X - TN_G_ATTR): -4610.5947265625
2024-12-15 04:46:50,227 - norm(X - TN_G_ATTR): -4629.123046875
2024-12-15 04:47:41,984 - norm(X - TN_G_ATTR): -4625.7412109375
2024-12-15 04:49:02,533 - norm(X - TN_G_ATTR): -4630.03271484375
2024-12-15 04:50:26,501 - norm(X - TN_G_ATTR): -4586.095703125
2024-12-15 04:51:48,139 - norm(X - TN_G_ATTR): -4631.43505859375
2024-12-15 04:53:12,495 - norm(X - TN_G_ATTR): -4575.45751953125
2024-12-15 04:54:34,374 - norm(X - TN_G_ATTR): -4611.13671875
2024-12-15 04:55:55,499 - norm(X - TN_G_ATTR): -4630.44580078125
2024-12-15 04:57:13,931 - norm(X - TN_G_ATTR): -4630.3896484375
2024-12-15 04:58:34,543 - norm(X - TN_G_ATTR): -4583.4931640625
2024-12-15 04:59:57,222 - norm(X - TN_G_ATTR): -4630.9990234375
2024-12-15 05:01:20,357 - norm(X - TN_G_ATTR): -4630.255859375
2024-12-15 05:02:40,933 - norm(X - TN_G_ATTR): -4625.88427734375
2024-12-15 05:03:38,037 - norm(X - TN_G_ATTR): -4626.9658203125
2024-12-15 05:04:58,847 - norm(X - TN_G_ATTR): -4628.6142578125
2024-12-15 05:06:21,344 - norm(X - TN_G_ATTR): -4621.51513671875
2024-12-15 05:07:43,296 - norm(X - TN_G_ATTR): -4632.2880859375
2024-12-15 05:08:39,039 - norm(X - TN_G_ATTR): -4628.45654296875
2024-12-15 05:08:50,811 - norm(X - TN_G_ATTR): -4627.43408203125
2024-12-15 05:09:02,893 - norm(X - TN_G_ATTR): -4628.18359375
2024-12-15 05:09:29,354 - norm(X - TN_G_ATTR): -4632.681640625
2024-12-15 05:10:51,580 - norm(X - TN_G_ATTR): -4631.85791015625
2024-12-15 05:12:12,190 - norm(X - TN_G_ATTR): -4632.22265625
2024-12-15 05:13:34,569 - norm(X - TN_G_ATTR): -4629.32421875
2024-12-15 05:14:56,421 - norm(X - TN_G_ATTR): -4633.27978515625
2024-12-15 05:16:18,607 - norm(X - TN_G_ATTR): -4570.873046875
2024-12-15 05:17:42,061 - norm(X - TN_G_ATTR): -4632.72412109375
2024-12-15 05:19:04,321 - norm(X - TN_G_ATTR): -4526.404296875
2024-12-15 05:20:24,384 - norm(X - TN_G_ATTR): -4624.44287109375
2024-12-15 05:21:47,892 - norm(X - TN_G_ATTR): -4629.748046875
2024-12-15 05:23:09,353 - norm(X - TN_G_ATTR): -4634.1083984375
2024-12-15 05:24:31,459 - norm(X - TN_G_ATTR): -4629.6474609375
2024-12-15 05:25:53,613 - norm(X - TN_G_ATTR): -4630.94189453125
2024-12-15 05:27:14,139 - norm(X - TN_G_ATTR): -4634.32470703125
2024-12-15 05:28:35,963 - norm(X - TN_G_ATTR): -4636.08642578125
2024-12-15 05:29:59,400 - norm(X - TN_G_ATTR): -4630.82470703125
2024-12-15 05:30:46,179 - norm(X - TN_G_ATTR): -4632.60791015625
2024-12-15 05:30:57,846 - norm(X - TN_G_ATTR): -4626.3671875
2024-12-15 05:31:09,602 - norm(X - TN_G_ATTR): -4633.92578125
2024-12-15 05:31:40,327 - norm(X - TN_G_ATTR): -4633.8271484375
2024-12-15 05:33:02,467 - norm(X - TN_G_ATTR): -4636.9541015625
2024-12-15 05:34:22,447 - norm(X - TN_G_ATTR): -4626.435546875
2024-12-15 05:35:42,919 - norm(X - TN_G_ATTR): -4635.802734375
2024-12-15 05:37:05,286 - norm(X - TN_G_ATTR): -4634.70361328125
2024-12-15 05:38:25,986 - norm(X - TN_G_ATTR): -4636.06494140625
2024-12-15 05:39:48,218 - norm(X - TN_G_ATTR): -4626.5478515625
2024-12-15 05:41:09,848 - norm(X - TN_G_ATTR): -4633.98486328125
2024-12-15 05:42:30,285 - norm(X - TN_G_ATTR): -4634.52001953125
2024-12-15 05:43:53,495 - norm(X - TN_G_ATTR): -4636.47412109375
2024-12-15 05:45:15,156 - norm(X - TN_G_ATTR): -4576.43310546875
2024-12-15 05:46:36,073 - norm(X - TN_G_ATTR): -4633.498046875
2024-12-15 05:47:58,289 - norm(X - TN_G_ATTR): -4610.4599609375
2024-12-15 05:49:20,127 - norm(X - TN_G_ATTR): -4636.7099609375
2024-12-15 05:50:41,991 - norm(X - TN_G_ATTR): -4634.3642578125
2024-12-15 05:52:02,226 - norm(X - TN_G_ATTR): -4636.0244140625
2024-12-15 05:53:06,352 - norm(X - TN_G_ATTR): -4636.47509765625
2024-12-15 05:53:35,069 - norm(X - TN_G_ATTR): -4634.96142578125
2024-12-15 05:53:46,637 - norm(X - TN_G_ATTR): -4634.60498046875
2024-12-15 05:53:58,338 - norm(X - TN_G_ATTR): -4634.3955078125
2024-12-15 05:54:35,236 - norm(X - TN_G_ATTR): -4589.18798828125
2024-12-15 05:55:57,181 - norm(X - TN_G_ATTR): -4633.5361328125
2024-12-15 05:57:17,209 - norm(X - TN_G_ATTR): -4585.60693359375
2024-12-15 05:58:36,126 - norm(X - TN_G_ATTR): -4634.2666015625
2024-12-15 05:59:57,042 - norm(X - TN_G_ATTR): -4632.17041015625
2024-12-15 06:01:16,409 - norm(X - TN_G_ATTR): -4632.38330078125
2024-12-15 06:02:36,855 - norm(X - TN_G_ATTR): -4570.4736328125
2024-12-15 06:04:00,185 - norm(X - TN_G_ATTR): -4630.87548828125
2024-12-15 06:05:20,904 - norm(X - TN_G_ATTR): -4599.3828125
2024-12-15 06:06:45,023 - norm(X - TN_G_ATTR): -4627.30029296875
2024-12-15 06:08:06,782 - norm(X - TN_G_ATTR): -4574.13134765625
2024-12-15 06:09:27,713 - norm(X - TN_G_ATTR): -4580.87158203125
2024-12-15 06:10:50,609 - norm(X - TN_G_ATTR): -4634.87646484375
2024-12-15 06:12:10,289 - norm(X - TN_G_ATTR): -4629.24755859375
2024-12-15 06:13:31,695 - norm(X - TN_G_ATTR): -4579.45166015625
2024-12-15 06:14:52,229 - norm(X - TN_G_ATTR): -4579.30078125
2024-12-15 06:15:49,161 - norm(X - TN_G_ATTR): -4631.1748046875
2024-12-15 06:16:00,865 - norm(X - TN_G_ATTR): -4560.6044921875
2024-12-15 06:16:12,564 - norm(X - TN_G_ATTR): -4632.41748046875
2024-12-15 06:16:29,489 - norm(X - TN_G_ATTR): -4632.02099609375
2024-12-15 06:17:52,541 - norm(X - TN_G_ATTR): -4630.814453125
2024-12-15 06:19:14,416 - norm(X - TN_G_ATTR): -4631.36474609375
2024-12-15 06:20:37,211 - norm(X - TN_G_ATTR): -4630.0810546875
2024-12-15 06:21:56,880 - norm(X - TN_G_ATTR): -4627.92626953125
2024-12-15 06:23:17,013 - norm(X - TN_G_ATTR): -4631.42822265625
2024-12-15 06:24:37,748 - norm(X - TN_G_ATTR): -4550.625
2024-12-15 06:25:58,764 - norm(X - TN_G_ATTR): -4592.53564453125
2024-12-15 06:27:20,210 - norm(X - TN_G_ATTR): -4591.7861328125
2024-12-15 06:28:42,913 - norm(X - TN_G_ATTR): -4517.16650390625
2024-12-15 06:30:04,379 - norm(X - TN_G_ATTR): -4558.7265625
2024-12-15 06:31:28,247 - norm(X - TN_G_ATTR): -4565.986328125
2024-12-15 06:32:48,446 - norm(X - TN_G_ATTR): -4525.49072265625
2024-12-15 06:33:01,806 - norm(X - TN_G_ATTR): -4532.0185546875
2024-12-15 06:34:22,293 - norm(X - TN_G_ATTR): -4372.5830078125
2024-12-15 06:35:44,314 - norm(X - TN_G_ATTR): -4347.0810546875
2024-12-15 06:37:04,246 - norm(X - TN_G_ATTR): -4385.568359375
2024-12-15 06:38:01,734 - norm(X - TN_G_ATTR): -4388.96533203125
2024-12-15 06:38:13,380 - norm(X - TN_G_ATTR): -4349.7021484375
2024-12-15 06:38:24,824 - norm(X - TN_G_ATTR): -4393.98583984375
2024-12-15 06:38:30,997 - norm(X - TN_G_ATTR): -4396.625
2024-12-15 06:39:26,595 - norm(X - TN_G_ATTR): -4398.7412109375
2024-12-15 06:40:49,815 - norm(X - TN_G_ATTR): -4412.8740234375
2024-12-15 06:42:10,477 - norm(X - TN_G_ATTR): -4406.4326171875
2024-12-15 06:43:31,977 - norm(X - TN_G_ATTR): -4407.37060546875
2024-12-15 06:44:53,249 - norm(X - TN_G_ATTR): -4417.45703125
2024-12-15 06:46:11,969 - norm(X - TN_G_ATTR): -4408.04638671875
2024-12-15 06:47:30,109 - norm(X - TN_G_ATTR): -4406.322265625
2024-12-15 06:48:52,063 - norm(X - TN_G_ATTR): -4407.1591796875
2024-12-15 06:50:13,581 - norm(X - TN_G_ATTR): -4405.38232421875
2024-12-15 06:51:34,370 - norm(X - TN_G_ATTR): -4362.38525390625
2024-12-15 06:52:57,116 - norm(X - TN_G_ATTR): -4408.40380859375
2024-12-15 06:54:18,211 - norm(X - TN_G_ATTR): -4406.5986328125
2024-12-15 06:55:41,212 - norm(X - TN_G_ATTR): -4407.07177734375
2024-12-15 06:57:03,387 - norm(X - TN_G_ATTR): -4406.80126953125
2024-12-15 06:58:24,825 - norm(X - TN_G_ATTR): -4404.2958984375
2024-12-15 06:59:47,387 - norm(X - TN_G_ATTR): -4393.4306640625
2024-12-15 07:00:32,857 - norm(X - TN_G_ATTR): -4410.9501953125
2024-12-15 07:00:44,660 - norm(X - TN_G_ATTR): -4354.388671875
2024-12-15 07:00:56,449 - norm(X - TN_G_ATTR): -4411.89990234375
2024-12-15 07:01:14,385 - norm(X - TN_G_ATTR): -4412.03857421875
2024-12-15 07:02:36,845 - norm(X - TN_G_ATTR): -4403.09375
2024-12-15 07:03:57,368 - norm(X - TN_G_ATTR): -4415.04443359375
2024-12-15 07:05:19,545 - norm(X - TN_G_ATTR): -4428.1484375
2024-12-15 07:06:40,446 - norm(X - TN_G_ATTR): -4418.66162109375
2024-12-15 07:07:59,790 - norm(X - TN_G_ATTR): -4373.04150390625
2024-12-15 07:09:21,845 - norm(X - TN_G_ATTR): -4416.10791015625
2024-12-15 07:10:41,740 - norm(X - TN_G_ATTR): -4416.44287109375
2024-12-15 07:11:58,922 - norm(X - TN_G_ATTR): -4415.88916015625
2024-12-15 07:13:21,101 - norm(X - TN_G_ATTR): -4392.724609375
2024-12-15 07:13:57,924 - norm(X - TN_G_ATTR): -4419.0380859375
2024-12-15 07:15:18,504 - norm(X - TN_G_ATTR): -4419.23779296875
2024-12-15 07:16:37,387 - norm(X - TN_G_ATTR): -4409.64111328125
2024-12-15 07:17:57,115 - norm(X - TN_G_ATTR): -4418.73486328125
2024-12-15 07:19:16,625 - norm(X - TN_G_ATTR): -4345.484375
2024-12-15 07:20:38,924 - norm(X - TN_G_ATTR): -4428.6884765625
2024-12-15 07:21:59,087 - norm(X - TN_G_ATTR): -4378.1474609375
2024-12-15 07:23:00,551 - norm(X - TN_G_ATTR): -4434.9736328125
2024-12-15 07:23:12,161 - norm(X - TN_G_ATTR): -4421.89990234375
2024-12-15 07:23:16,670 - norm(X - TN_G_ATTR): -4420.0625
2024-12-15 07:23:28,294 - norm(X - TN_G_ATTR): -4421.05859375
2024-12-15 07:24:05,758 - norm(X - TN_G_ATTR): -4417.7744140625
2024-12-15 07:25:28,900 - norm(X - TN_G_ATTR): -4419.62744140625
2024-12-15 07:26:50,556 - norm(X - TN_G_ATTR): -4366.39013671875
2024-12-15 07:28:11,496 - norm(X - TN_G_ATTR): -4418.33203125
2024-12-15 07:28:26,038 - norm(X - TN_G_ATTR): -4420.4326171875
2024-12-15 07:29:48,872 - norm(X - TN_G_ATTR): -4416.509765625
2024-12-15 07:31:09,539 - norm(X - TN_G_ATTR): -4380.494140625
2024-12-15 07:32:29,479 - norm(X - TN_G_ATTR): -4418.85546875
2024-12-15 07:33:50,643 - norm(X - TN_G_ATTR): -4417.2744140625
2024-12-15 07:35:10,740 - norm(X - TN_G_ATTR): -4415.12353515625
2024-12-15 07:36:33,615 - norm(X - TN_G_ATTR): -4381.55078125
2024-12-15 07:37:53,271 - norm(X - TN_G_ATTR): -4422.169921875
2024-12-15 07:39:14,950 - norm(X - TN_G_ATTR): -4419.8759765625
2024-12-15 07:40:08,318 - norm(X - TN_G_ATTR): -4418.751953125
2024-12-15 07:41:27,264 - norm(X - TN_G_ATTR): -4363.90087890625
2024-12-15 07:41:53,711 - norm(X - TN_G_ATTR): -4394.7587890625
2024-12-15 07:43:14,878 - norm(X - TN_G_ATTR): -4418.89208984375
2024-12-15 07:44:16,840 - norm(X - TN_G_ATTR): -4418.94775390625
2024-12-15 07:45:10,879 - norm(X - TN_G_ATTR): -4361.53662109375
2024-12-15 07:45:42,795 - norm(X - TN_G_ATTR): -4418.416015625
2024-12-15 07:45:53,675 - norm(X - TN_G_ATTR): -4419.94677734375
2024-12-15 07:46:02,640 - norm(X - TN_G_ATTR): -4418.9658203125
2024-12-15 07:46:14,631 - norm(X - TN_G_ATTR): -4422.9560546875
2024-12-15 07:47:34,689 - norm(X - TN_G_ATTR): -4397.18701171875
2024-12-15 07:48:55,231 - norm(X - TN_G_ATTR): -4421.17626953125
2024-12-15 07:50:17,560 - norm(X - TN_G_ATTR): -4425.23046875
2024-12-15 07:51:36,350 - norm(X - TN_G_ATTR): -4421.63623046875
2024-12-15 07:52:57,651 - norm(X - TN_G_ATTR): -4422.099609375
2024-12-15 07:54:19,029 - norm(X - TN_G_ATTR): -4420.693359375
2024-12-15 07:55:39,735 - norm(X - TN_G_ATTR): -4390.2080078125
2024-12-15 07:57:01,354 - norm(X - TN_G_ATTR): -4418.39208984375
2024-12-15 07:58:21,714 - norm(X - TN_G_ATTR): -4400.779296875
2024-12-15 07:59:40,068 - norm(X - TN_G_ATTR): -4419.5078125
2024-12-15 08:01:02,732 - norm(X - TN_G_ATTR): -4345.29931640625
2024-12-15 08:02:22,362 - norm(X - TN_G_ATTR): -4380.74560546875
2024-12-15 08:03:40,425 - norm(X - TN_G_ATTR): -4381.673828125
2024-12-15 08:05:02,896 - norm(X - TN_G_ATTR): -4324.60986328125
2024-12-15 08:06:23,560 - norm(X - TN_G_ATTR): -4335.3623046875
2024-12-15 08:07:46,018 - norm(X - TN_G_ATTR): -4379.54931640625
2024-12-15 08:08:04,774 - norm(X - TN_G_ATTR): -4400.8291015625
2024-12-15 08:08:16,353 - norm(X - TN_G_ATTR): -4381.24755859375
2024-12-15 08:08:27,966 - norm(X - TN_G_ATTR): -4345.509765625
2024-12-15 08:09:23,801 - norm(X - TN_G_ATTR): -4442.28759765625
2024-12-15 08:10:44,437 - norm(X - TN_G_ATTR): -4349.9052734375
2024-12-15 08:12:07,426 - norm(X - TN_G_ATTR): -4374.3046875
2024-12-15 08:13:27,447 - norm(X - TN_G_ATTR): -4350.923828125
2024-12-15 08:14:48,772 - norm(X - TN_G_ATTR): -4346.13134765625
2024-12-15 08:16:08,661 - norm(X - TN_G_ATTR): -4387.35009765625
2024-12-15 08:17:27,728 - norm(X - TN_G_ATTR): -4351.80126953125
2024-12-15 08:18:49,180 - norm(X - TN_G_ATTR): -4275.51953125
2024-12-15 08:20:07,462 - norm(X - TN_G_ATTR): -4432.52294921875
2024-12-15 08:21:29,989 - norm(X - TN_G_ATTR): -4394.83447265625
2024-12-15 08:22:48,940 - norm(X - TN_G_ATTR): -4358.70556640625
2024-12-15 08:24:05,866 - norm(X - TN_G_ATTR): -4402.17626953125
2024-12-15 08:25:24,698 - norm(X - TN_G_ATTR): -4370.3427734375
2024-12-15 08:26:44,155 - norm(X - TN_G_ATTR): -4451.64013671875
2024-12-15 08:28:03,848 - norm(X - TN_G_ATTR): -4408.2001953125
2024-12-15 08:29:25,353 - norm(X - TN_G_ATTR): -4409.0361328125
2024-12-15 08:30:15,386 - norm(X - TN_G_ATTR): -4410.85498046875
2024-12-15 08:30:26,821 - norm(X - TN_G_ATTR): -4398.81494140625
2024-12-15 08:30:38,216 - norm(X - TN_G_ATTR): -4386.87939453125
2024-12-15 08:30:59,690 - norm(X - TN_G_ATTR): -4367.06884765625
2024-12-15 08:32:21,181 - norm(X - TN_G_ATTR): -4448.24560546875
2024-12-15 08:33:41,227 - norm(X - TN_G_ATTR): -4416.5703125
2024-12-15 08:35:02,199 - norm(X - TN_G_ATTR): -4389.82568359375
2024-12-15 08:36:20,663 - norm(X - TN_G_ATTR): -4393.9169921875
2024-12-15 08:37:40,998 - norm(X - TN_G_ATTR): -4409.6298828125
2024-12-15 08:39:01,950 - norm(X - TN_G_ATTR): -4416.52880859375
2024-12-15 08:40:21,959 - norm(X - TN_G_ATTR): -4398.1259765625
2024-12-15 08:40:51,816 - norm(X - TN_G_ATTR): -4413.947265625
2024-12-15 08:40:58,544 - norm(X - TN_G_ATTR): -4403.591796875
2024-12-15 08:42:11,800 - norm(X - TN_G_ATTR): -4407.10107421875
2024-12-15 08:43:34,677 - norm(X - TN_G_ATTR): -4402.982421875
2024-12-15 08:44:55,089 - norm(X - TN_G_ATTR): -4369.0869140625
2024-12-15 08:46:15,046 - norm(X - TN_G_ATTR): -4407.37255859375
2024-12-15 08:46:26,358 - norm(X - TN_G_ATTR): -4465.03369140625
2024-12-15 08:47:48,697 - norm(X - TN_G_ATTR): -4371.8740234375
2024-12-15 08:49:08,899 - norm(X - TN_G_ATTR): -4391.16748046875
2024-12-15 08:50:30,515 - norm(X - TN_G_ATTR): -4401.1328125
2024-12-15 08:51:38,500 - norm(X - TN_G_ATTR): -4455.00634765625
2024-12-15 08:52:44,443 - norm(X - TN_G_ATTR): -4470.4189453125
2024-12-15 08:52:55,986 - norm(X - TN_G_ATTR): -4466.57958984375
2024-12-15 08:53:07,720 - norm(X - TN_G_ATTR): -4444.80029296875
2024-12-15 08:53:20,418 - norm(X - TN_G_ATTR): -4409.30078125
2024-12-15 08:54:41,303 - norm(X - TN_G_ATTR): -4404.6552734375
2024-12-15 08:56:01,145 - norm(X - TN_G_ATTR): -4407.3046875
2024-12-15 08:57:24,501 - norm(X - TN_G_ATTR): -4425.8642578125
2024-12-15 08:58:45,314 - norm(X - TN_G_ATTR): -4408.7373046875
2024-12-15 09:00:07,232 - norm(X - TN_G_ATTR): -4410.08984375
2024-12-15 09:00:10,222 - norm(X - TN_G_ATTR): -4425.349609375
2024-12-15 09:01:33,209 - norm(X - TN_G_ATTR): -4424.6279296875
2024-12-15 09:02:51,723 - norm(X - TN_G_ATTR): -4418.86669921875
2024-12-15 09:04:11,917 - norm(X - TN_G_ATTR): -4420.482421875
2024-12-15 09:05:32,808 - norm(X - TN_G_ATTR): -4408.1689453125
2024-12-15 09:06:31,270 - norm(X - TN_G_ATTR): -4412.255859375
2024-12-15 09:07:53,770 - norm(X - TN_G_ATTR): -4377.02978515625
2024-12-15 09:09:13,278 - norm(X - TN_G_ATTR): -4454.0634765625
2024-12-15 09:09:24,139 - norm(X - TN_G_ATTR): -4378.10595703125
2024-12-15 09:10:45,452 - norm(X - TN_G_ATTR): -4379.59228515625
2024-12-15 09:12:08,161 - norm(X - TN_G_ATTR): -4408.07373046875
2024-12-15 09:13:29,915 - norm(X - TN_G_ATTR): -4525.74951171875
2024-12-15 09:14:52,589 - norm(X - TN_G_ATTR): -4522.1806640625
2024-12-15 09:15:01,808 - norm(X - TN_G_ATTR): -4530.67578125
2024-12-15 09:15:14,906 - norm(X - TN_G_ATTR): -4409.36328125
2024-12-15 09:15:26,621 - norm(X - TN_G_ATTR): -4422.32421875
2024-12-15 09:15:35,553 - norm(X - TN_G_ATTR): -4427.689453125
2024-12-15 09:16:26,198 - norm(X - TN_G_ATTR): -4414.556640625
2024-12-15 09:17:48,523 - norm(X - TN_G_ATTR): -4498.43603515625
2024-12-15 09:19:08,304 - norm(X - TN_G_ATTR): -4414.337890625
2024-12-15 09:19:14,476 - norm(X - TN_G_ATTR): -4415.25732421875
2024-12-15 09:19:29,566 - norm(X - TN_G_ATTR): -4415.7431640625
2024-12-15 09:20:52,058 - norm(X - TN_G_ATTR): -4414.6298828125
2024-12-15 09:22:13,152 - norm(X - TN_G_ATTR): -4379.634765625
2024-12-15 09:23:36,270 - norm(X - TN_G_ATTR): -4413.95068359375
2024-12-15 09:24:57,800 - norm(X - TN_G_ATTR): -4381.171875
2024-12-15 09:26:19,976 - norm(X - TN_G_ATTR): -4382.1396484375
2024-12-15 09:27:40,283 - norm(X - TN_G_ATTR): -4376.77880859375
2024-12-15 09:29:01,333 - norm(X - TN_G_ATTR): -4377.95361328125
2024-12-15 09:30:23,298 - norm(X - TN_G_ATTR): -4379.2392578125
2024-12-15 09:30:52,883 - norm(X - TN_G_ATTR): -4378.7978515625
2024-12-15 09:32:13,769 - norm(X - TN_G_ATTR): -4395.61474609375
2024-12-15 09:33:34,865 - norm(X - TN_G_ATTR): -4391.51416015625
2024-12-15 09:34:58,243 - norm(X - TN_G_ATTR): -4404.20068359375
2024-12-15 09:36:17,647 - norm(X - TN_G_ATTR): -4407.23291015625
2024-12-15 09:37:23,478 - norm(X - TN_G_ATTR): -4390.8447265625
2024-12-15 09:37:35,267 - norm(X - TN_G_ATTR): -4359.015625
2024-12-15 09:37:47,034 - norm(X - TN_G_ATTR): -4403.123046875
2024-12-15 09:37:59,408 - norm(X - TN_G_ATTR): -4411.26123046875
2024-12-15 09:39:21,884 - norm(X - TN_G_ATTR): -4391.71630859375
2024-12-15 09:40:44,070 - norm(X - TN_G_ATTR): -4366.181640625
2024-12-15 09:42:07,622 - norm(X - TN_G_ATTR): -4392.83203125
2024-12-15 09:43:26,866 - norm(X - TN_G_ATTR): -4415.64794921875
2024-12-15 09:44:48,522 - norm(X - TN_G_ATTR): -4395.40087890625
2024-12-15 09:46:11,120 - norm(X - TN_G_ATTR): -4359.05615234375
2024-12-15 09:47:34,347 - norm(X - TN_G_ATTR): -4397.71484375
2024-12-15 09:48:54,161 - norm(X - TN_G_ATTR): -4401.37451171875
2024-12-15 09:50:13,580 - norm(X - TN_G_ATTR): -4406.00927734375
2024-12-15 09:51:35,916 - norm(X - TN_G_ATTR): -4395.89599609375
2024-12-15 09:52:57,904 - norm(X - TN_G_ATTR): -4419.4619140625
2024-12-15 09:53:45,072 - norm(X - TN_G_ATTR): -4401.935546875
2024-12-15 09:55:07,440 - norm(X - TN_G_ATTR): -4401.630859375
2024-12-15 09:56:31,931 - norm(X - TN_G_ATTR): -4422.56982421875
2024-12-15 09:57:54,331 - norm(X - TN_G_ATTR): -4399.03759765625
2024-12-15 09:59:04,587 - norm(X - TN_G_ATTR): -4402.31298828125
2024-12-15 09:59:16,569 - norm(X - TN_G_ATTR): -4404.603515625
2024-12-15 09:59:26,509 - norm(X - TN_G_ATTR): -4403.86962890625
2024-12-15 09:59:38,322 - norm(X - TN_G_ATTR): -4401.26025390625
2024-12-15 10:00:39,916 - norm(X - TN_G_ATTR): -4391.947265625
2024-12-15 10:02:01,437 - norm(X - TN_G_ATTR): -4403.79248046875
2024-12-15 10:03:24,531 - norm(X - TN_G_ATTR): -4370.501953125
2024-12-15 10:04:46,867 - norm(X - TN_G_ATTR): -4356.36767578125
2024-12-15 10:06:10,949 - norm(X - TN_G_ATTR): -4402.318359375
2024-12-15 10:07:32,701 - norm(X - TN_G_ATTR): -4408.68359375
2024-12-15 10:08:52,833 - norm(X - TN_G_ATTR): -4376.826171875
2024-12-15 10:10:18,055 - norm(X - TN_G_ATTR): -4404.8447265625
2024-12-15 10:11:39,168 - norm(X - TN_G_ATTR): -4406.701171875
2024-12-15 10:12:59,829 - norm(X - TN_G_ATTR): -4376.6455078125
2024-12-15 10:14:22,386 - norm(X - TN_G_ATTR): -4401.5712890625
2024-12-15 10:15:43,247 - norm(X - TN_G_ATTR): -4405.7763671875
2024-12-15 10:17:03,938 - norm(X - TN_G_ATTR): -4400.98291015625
2024-12-15 10:18:26,534 - norm(X - TN_G_ATTR): -4367.765625
2024-12-15 10:19:47,556 - norm(X - TN_G_ATTR): -4401.994140625
2024-12-15 10:21:09,083 - norm(X - TN_G_ATTR): -4364.4140625
2024-12-15 10:21:28,919 - norm(X - TN_G_ATTR): -4383.876953125
2024-12-15 10:21:40,632 - norm(X - TN_G_ATTR): -4377.94384765625
2024-12-15 10:21:52,270 - norm(X - TN_G_ATTR): -4382.18798828125
2024-12-15 10:22:32,445 - norm(X - TN_G_ATTR): -4378.21533203125
2024-12-15 10:23:54,397 - norm(X - TN_G_ATTR): -4352.87548828125
2024-12-15 10:25:15,251 - norm(X - TN_G_ATTR): -4398.17724609375
2024-12-15 10:26:35,282 - norm(X - TN_G_ATTR): -4405.7177734375
2024-12-15 10:27:23,154 - norm(X - TN_G_ATTR): -4407.5673828125
2024-12-15 10:28:43,495 - norm(X - TN_G_ATTR): -4403.13916015625
2024-12-15 10:30:03,779 - norm(X - TN_G_ATTR): -4408.20947265625
2024-12-15 10:31:23,362 - norm(X - TN_G_ATTR): -4357.71142578125
2024-12-15 10:32:43,326 - norm(X - TN_G_ATTR): -4371.56005859375
2024-12-15 10:34:05,986 - norm(X - TN_G_ATTR): -4404.99560546875
2024-12-15 10:35:27,441 - norm(X - TN_G_ATTR): -4407.71630859375
2024-12-15 10:36:48,550 - norm(X - TN_G_ATTR): -4411.3193359375
2024-12-15 10:38:10,681 - norm(X - TN_G_ATTR): -4405.666015625
2024-12-15 10:39:32,966 - norm(X - TN_G_ATTR): -4412.76953125
2024-12-15 10:40:56,551 - norm(X - TN_G_ATTR): -4413.31494140625
2024-12-15 10:42:19,302 - norm(X - TN_G_ATTR): -4412.07421875
2024-12-15 10:43:27,810 - norm(X - TN_G_ATTR): -4413.9951171875
2024-12-15 10:43:42,900 - norm(X - TN_G_ATTR): -4416.99755859375
2024-12-15 10:43:55,892 - norm(X - TN_G_ATTR): -4416.0966796875
2024-12-15 10:44:08,746 - norm(X - TN_G_ATTR): -4413.77001953125
2024-12-15 10:44:21,028 - norm(X - TN_G_ATTR): -4347.654296875
2024-12-15 10:44:33,147 - norm(X - TN_G_ATTR): -4416.81201171875
2024-12-15 10:45:54,464 - norm(X - TN_G_ATTR): -4417.81787109375
2024-12-15 10:47:15,935 - norm(X - TN_G_ATTR): -4367.07763671875
2024-12-15 10:48:38,153 - norm(X - TN_G_ATTR): -4415.14501953125
2024-12-15 10:49:59,728 - norm(X - TN_G_ATTR): -4396.02001953125
2024-12-15 10:51:21,842 - norm(X - TN_G_ATTR): -4412.5068359375
2024-12-15 10:51:40,272 - norm(X - TN_G_ATTR): -4412.73291015625
2024-12-15 10:53:03,558 - norm(X - TN_G_ATTR): -4376.71484375
2024-12-15 10:54:25,520 - norm(X - TN_G_ATTR): -4412.74951171875
2024-12-15 10:55:47,633 - norm(X - TN_G_ATTR): -4411.240234375
2024-12-15 10:57:11,249 - norm(X - TN_G_ATTR): -4413.0087890625
2024-12-15 10:58:30,896 - norm(X - TN_G_ATTR): -4406.06982421875
2024-12-15 10:59:51,671 - norm(X - TN_G_ATTR): -4415.44189453125
2024-12-15 11:01:14,197 - norm(X - TN_G_ATTR): -4417.07958984375
2024-12-15 11:02:36,328 - norm(X - TN_G_ATTR): -4408.19921875
2024-12-15 11:03:56,882 - norm(X - TN_G_ATTR): -4408.21044921875
2024-12-15 11:05:18,140 - norm(X - TN_G_ATTR): -4415.9072265625
2024-12-15 11:06:10,266 - norm(X - TN_G_ATTR): -4377.67529296875
2024-12-15 11:06:22,109 - norm(X - TN_G_ATTR): -4405.14453125
2024-12-15 11:06:34,059 - norm(X - TN_G_ATTR): -4401.72705078125
2024-12-15 11:06:50,377 - norm(X - TN_G_ATTR): -4414.03857421875
2024-12-15 11:08:15,109 - norm(X - TN_G_ATTR): -4414.40283203125
2024-12-15 11:09:36,380 - norm(X - TN_G_ATTR): -4412.06396484375
2024-12-15 11:10:59,004 - norm(X - TN_G_ATTR): -4411.44287109375
2024-12-15 11:12:21,592 - norm(X - TN_G_ATTR): -4414.03173828125
2024-12-15 11:13:41,820 - norm(X - TN_G_ATTR): -4416.78857421875
2024-12-15 11:15:05,224 - norm(X - TN_G_ATTR): -4414.0478515625
2024-12-15 11:16:26,100 - norm(X - TN_G_ATTR): -4419.02783203125
2024-12-15 11:17:47,351 - norm(X - TN_G_ATTR): -4417.66650390625
2024-12-15 11:19:10,508 - norm(X - TN_G_ATTR): -4421.8857421875
2024-12-15 11:20:32,250 - norm(X - TN_G_ATTR): -4363.95556640625
2024-12-15 11:21:54,250 - norm(X - TN_G_ATTR): -4411.2392578125
2024-12-15 11:23:18,031 - norm(X - TN_G_ATTR): -4379.279296875
2024-12-15 11:24:20,889 - norm(X - TN_G_ATTR): -4419.62548828125
2024-12-15 11:25:45,363 - norm(X - TN_G_ATTR): -4398.046875
2024-12-15 11:27:06,920 - norm(X - TN_G_ATTR): -4419.00048828125
2024-12-15 11:28:22,783 - norm(X - TN_G_ATTR): -4420.482421875
2024-12-15 11:28:34,697 - norm(X - TN_G_ATTR): -4420.5556640625
2024-12-15 11:28:46,513 - norm(X - TN_G_ATTR): -4422.26318359375
2024-12-15 11:28:58,350 - norm(X - TN_G_ATTR): -4416.63525390625
2024-12-15 11:30:14,338 - norm(X - TN_G_ATTR): -4412.7353515625
2024-12-15 11:31:36,158 - norm(X - TN_G_ATTR): -4420.26220703125
2024-12-15 11:33:00,104 - norm(X - TN_G_ATTR): -4421.076171875
2024-12-15 11:34:23,328 - norm(X - TN_G_ATTR): -4423.0546875
2024-12-15 11:35:43,192 - norm(X - TN_G_ATR): 291.94732666015625
2024-12-15 11:37:05,018 - norm(X - TN_G_ATR): 66.63671112060547
2024-12-15 11:38:25,597 - norm(X - TN_G_ATR): 65.3502197265625
2024-12-15 11:39:47,459 - norm(X - TN_G_ATR): 64.55358123779297
2024-12-15 11:41:09,539 - norm(X - TN_G_ATR): 63.894935607910156
2024-12-15 11:42:30,388 - norm(X - TN_G_ATR): 63.37541961669922
2024-12-15 11:43:53,353 - norm(X - TN_G_ATR): 62.81505584716797
2024-12-15 11:45:15,714 - norm(X - TN_G_ATR): 61.80356216430664
2024-12-15 11:46:37,829 - norm(X - TN_G_ATR): 61.780662536621094
2024-12-15 11:47:59,889 - norm(X - TN_G_ATR): 61.500179290771484
2024-12-15 11:49:20,666 - norm(X - TN_G_ATR): 60.81525421142578
2024-12-15 11:50:38,925 - norm(X - TN_G_ATR): 60.84676742553711
2024-12-15 11:50:39,288 - norm(X - TN_G_ATR): 60.27694320678711
2024-12-15 11:50:50,844 - norm(X - TN_G_ATR): 60.176185607910156
2024-12-15 11:51:02,380 - norm(X - TN_G_ATR): 59.936378479003906
2024-12-15 11:51:13,953 - norm(X - TN_G_ATR): 59.888797760009766
2024-12-15 11:52:22,701 - norm(X - TN_G_ATR): 59.35258865356445
2024-12-15 11:53:40,801 - norm(X - TN_G_ATR): 58.97445297241211
2024-12-15 11:55:01,448 - norm(X - TN_G_ATR): 59.13576126098633
2024-12-15 11:56:21,619 - norm(X - TN_G_ATR): 59.161441802978516
2024-12-15 11:57:40,495 - norm(X - TN_G_ATR): 58.813514709472656
2024-12-15 11:59:02,731 - norm(X - TN_G_ATR): 58.83195877075195
2024-12-15 12:00:24,605 - norm(X - TN_G_ATR): 58.298770904541016
2024-12-15 12:01:45,184 - norm(X - TN_G_ATR): 58.59228515625
2024-12-15 12:03:04,159 - norm(X - TN_G_ATR): 58.40584182739258
2024-12-15 12:04:25,170 - norm(X - TN_G_ATR): 58.090843200683594
2024-12-15 12:05:46,154 - norm(X - TN_G_ATR): 57.97629928588867
2024-12-15 12:07:05,099 - norm(X - TN_G_ATR): 57.83190155029297
2024-12-15 12:08:25,341 - norm(X - TN_G_ATR): 58.50571823120117
2024-12-15 12:09:40,971 - norm(X - TN_G_ATR): 57.44590759277344
2024-12-15 12:10:58,505 - norm(X - TN_G_ATR): 55.787967681884766
2024-12-15 12:11:45,727 - norm(X - TN_G_ATR): 55.47248840332031
2024-12-15 12:12:41,497 - norm(X - TN_G_ATR): 55.974063873291016
2024-12-15 12:12:52,862 - norm(X - TN_G_ATR): 56.36176300048828
2024-12-15 12:13:04,234 - norm(X - TN_G_ATR): 56.20744705200195
2024-12-15 12:13:22,004 - norm(X - TN_G_ATR): 55.49626541137695
2024-12-15 12:13:35,825 - norm(X - TN_G_ATR): 55.334449768066406
2024-12-15 12:13:38,046 - norm(X - TN_G_ATR): 54.807701110839844
2024-12-15 12:14:33,064 - norm(X - TN_G_ATR): 55.51789093017578
2024-12-15 12:15:50,895 - norm(X - TN_G_ATR): 55.894325256347656
2024-12-15 12:17:08,785 - norm(X - TN_G_ATR): 55.786617279052734
2024-12-15 12:18:26,223 - norm(X - TN_G_ATR): 56.057159423828125
2024-12-15 12:19:45,118 - norm(X - TN_G_ATR): 55.861839294433594
2024-12-15 12:21:07,600 - norm(X - TN_G_ATR): 56.46702575683594
2024-12-15 12:22:27,719 - norm(X - TN_G_ATR): 57.020530700683594
2024-12-15 12:23:51,110 - norm(X - TN_G_ATR): 56.55166244506836
2024-12-15 12:25:08,803 - norm(X - TN_G_ATR): 55.59770965576172
2024-12-15 12:26:28,424 - norm(X - TN_G_ATR): 54.990760803222656
2024-12-15 12:27:08,307 - norm(X - TN_G_ATR): 54.39199447631836
2024-12-15 12:28:27,236 - norm(X - TN_G_ATR): 54.788543701171875
2024-12-15 12:29:47,920 - norm(X - TN_G_ATR): 56.44611740112305
2024-12-15 12:31:06,416 - norm(X - TN_G_ATR): 56.42423629760742
2024-12-15 12:32:25,240 - norm(X - TN_G_ATR): 56.363922119140625
2024-12-15 12:33:43,947 - norm(X - TN_G_ATR): 56.39982223510742
2024-12-15 12:35:01,211 - norm(X - TN_G_ATR): 56.235992431640625
2024-12-15 12:35:12,591 - norm(X - TN_G_ATR): 56.071598052978516
2024-12-15 12:35:23,759 - norm(X - TN_G_ATR): 56.029754638671875
2024-12-15 12:35:34,853 - norm(X - TN_G_ATR): 55.902587890625
2024-12-15 12:36:34,972 - norm(X - TN_G_ATR): 56.20305252075195
2024-12-15 12:37:52,425 - norm(X - TN_G_ATR): 56.14463424682617
2024-12-15 12:39:11,205 - norm(X - TN_G_ATR): 56.17283248901367
2024-12-15 12:40:28,145 - norm(X - TN_G_ATR): 56.043460845947266
2024-12-15 12:41:47,526 - norm(X - TN_G_ATR): 55.995601654052734
2024-12-15 12:43:06,137 - norm(X - TN_G_ATR): 55.82200241088867
2024-12-15 12:44:23,393 - norm(X - TN_G_ATR): 56.090415954589844
2024-12-15 12:45:43,169 - norm(X - TN_G_ATR): 56.01889419555664
2024-12-15 12:47:01,448 - norm(X - TN_G_ATR): 56.03193664550781
2024-12-15 12:48:22,981 - norm(X - TN_G_ATR): 56.13960647583008
2024-12-15 12:49:43,672 - norm(X - TN_G_ATR): 56.19007110595703
2024-12-15 12:51:03,762 - norm(X - TN_G_ATR): 55.949527740478516
2024-12-15 12:52:24,689 - norm(X - TN_G_ATR): 55.852176666259766
2024-12-15 12:53:43,496 - norm(X - TN_G_ATR): 55.79070281982422
2024-12-15 12:55:04,043 - norm(X - TN_G_ATR): 55.87459945678711
2024-12-15 12:56:23,679 - norm(X - TN_G_ATR): 55.70637512207031
2024-12-15 12:57:19,028 - norm(X - TN_G_ATR): 55.22945785522461
2024-12-15 12:57:30,644 - norm(X - TN_G_ATR): 55.32219314575195
2024-12-15 12:57:42,211 - norm(X - TN_G_ATR): 54.82102966308594
2024-12-15 12:58:04,559 - norm(X - TN_G_ATR): 53.3831901550293
2024-12-15 12:58:50,532 - norm(X - TN_G_ATR): 53.452884674072266
2024-12-15 13:00:09,567 - norm(X - TN_G_ATR): 53.23595428466797
2024-12-15 13:01:30,600 - norm(X - TN_G_ATR): 53.471229553222656
2024-12-15 13:02:49,833 - norm(X - TN_G_ATR): 54.831417083740234
2024-12-15 13:04:08,766 - norm(X - TN_G_ATR): 55.01279067993164
2024-12-15 13:05:28,192 - norm(X - TN_G_ATR): 55.00489044189453
2024-12-15 13:06:47,325 - norm(X - TN_G_ATR): 55.213584899902344
2024-12-15 13:08:07,216 - norm(X - TN_G_ATR): 55.29927062988281
2024-12-15 13:09:25,635 - norm(X - TN_G_ATR): 55.28501510620117
2024-12-15 13:10:45,494 - norm(X - TN_G_ATR): 54.95484924316406
2024-12-15 13:12:04,505 - norm(X - TN_G_ATR): 55.42824172973633
2024-12-15 13:13:23,469 - norm(X - TN_G_ATR): 55.51826858520508
2024-12-15 13:14:43,340 - norm(X - TN_G_ATR): 55.70304870605469
2024-12-15 13:16:01,538 - norm(X - TN_G_ATR): 55.92948913574219
2024-12-15 13:17:20,893 - norm(X - TN_G_ATR): 55.9889030456543
2024-12-15 13:18:14,128 - norm(X - TN_G_ATR): 55.902565002441406
2024-12-15 13:19:36,039 - norm(X - TN_G_ATR): 55.27476501464844
2024-12-15 13:19:59,622 - norm(X - TN_G_ATR): 55.53180694580078
2024-12-15 13:20:11,108 - norm(X - TN_G_ATR): 55.64203643798828
2024-12-15 13:20:22,669 - norm(X - TN_G_ATR): 55.1716423034668
2024-12-15 13:21:15,423 - norm(X - TN_G_ATR): 53.65349578857422
2024-12-15 13:22:10,059 - norm(X - TN_G_ATR): 51.96792221069336
2024-12-15 13:23:09,811 - norm(X - TN_G_ATR): 51.69853210449219
2024-12-15 13:24:29,517 - norm(X - TN_G_ATR): 54.136348724365234
2024-12-15 13:25:47,240 - norm(X - TN_G_ATR): 54.27692794799805
2024-12-15 13:27:06,273 - norm(X - TN_G_ATR): 54.63911819458008
2024-12-15 13:28:26,672 - norm(X - TN_G_ATR): 54.97536849975586
2024-12-15 13:29:45,221 - norm(X - TN_G_ATR): 55.1375846862793
2024-12-15 13:31:04,508 - norm(X - TN_G_ATR): 55.08097839355469
2024-12-15 13:32:22,510 - norm(X - TN_G_ATR): 55.277000427246094
2024-12-15 13:33:41,738 - norm(X - TN_G_ATR): 54.78303146362305
2024-12-15 13:35:01,525 - norm(X - TN_G_ATR): 54.845619201660156
2024-12-15 13:36:18,204 - norm(X - TN_G_ATR): 55.33991241455078
2024-12-15 13:37:38,071 - norm(X - TN_G_ATR): 55.38388442993164
2024-12-15 13:38:55,082 - norm(X - TN_G_ATR): 55.29907989501953
2024-12-15 13:39:46,664 - norm(X - TN_G_ATR): 55.2885627746582
2024-12-15 13:41:06,113 - norm(X - TN_G_ATR): 55.38248062133789
2024-12-15 13:42:22,383 - norm(X - TN_G_ATR): 55.52605438232422
2024-12-15 13:42:33,991 - norm(X - TN_G_ATR): 55.397071838378906
2024-12-15 13:42:45,370 - norm(X - TN_G_ATR): 55.540550231933594
2024-12-15 13:42:56,682 - norm(X - TN_G_ATR): 55.51406478881836
2024-12-15 13:43:59,525 - norm(X - TN_G_ATR): 55.22631072998047
2024-12-15 13:45:19,046 - norm(X - TN_G_ATR): 55.03140640258789
2024-12-15 13:46:39,577 - norm(X - TN_G_ATR): 55.100830078125
2024-12-15 13:47:59,178 - norm(X - TN_G_ATR): 54.734657287597656
2024-12-15 13:49:20,581 - norm(X - TN_G_ATR): 55.01511764526367
2024-12-15 13:50:39,546 - norm(X - TN_G_ATR): 55.04623031616211
2024-12-15 13:51:58,040 - norm(X - TN_G_ATR): 54.93413162231445
2024-12-15 13:53:20,302 - norm(X - TN_G_ATR): 55.064476013183594
2024-12-15 13:54:39,603 - norm(X - TN_G_ATR): 54.352264404296875
2024-12-15 13:56:01,558 - norm(X - TN_G_ATR): 53.845619201660156
2024-12-15 13:57:19,865 - norm(X - TN_G_ATR): 54.80988311767578
2024-12-15 13:58:36,311 - norm(X - TN_G_ATR): 54.76253890991211
2024-12-15 13:59:57,316 - norm(X - TN_G_ATR): 54.456905364990234
2024-12-15 14:01:16,452 - norm(X - TN_G_ATR): 54.59218978881836
2024-12-15 14:02:35,900 - norm(X - TN_G_ATR): 54.74998092651367
2024-12-15 14:03:57,794 - norm(X - TN_G_ATR): 54.48626708984375
2024-12-15 14:04:51,023 - norm(X - TN_G_ATR): 55.004241943359375
2024-12-15 14:05:04,044 - norm(X - TN_G_ATR): 54.643699645996094
2024-12-15 14:05:15,810 - norm(X - TN_G_ATR): 54.55049514770508
2024-12-15 14:05:57,780 - norm(X - TN_G_ATR): 51.44694519042969
2024-12-15 14:06:38,779 - norm(X - TN_G_ATR): 52.131507873535156
