nohup: 入力を無視します
/home/peilin/my_code/My-Adversarial-Experiment/AT_TD/TR_func.py:90: UserWarning: To copy construct from a tensor, it is recommended to use sourceTensor.clone().detach() or sourceTensor.clone().detach().requires_grad_(True), rather than torch.tensor(sourceTensor).
  result = torch.tensor(full_tensor, dtype=torch.float32).to(cores[0].device)
/home/peilin/my_code/My-Adversarial-Experiment/AT_TD/TR_func.py:141: UserWarning: To copy construct from a tensor, it is recommended to use sourceTensor.clone().detach() or sourceTensor.clone().detach().requires_grad_(True), rather than torch.tensor(sourceTensor).
  X_unfold = torch.tensor(X_unfold, dtype=torch.float32).to(device)
/home/peilin/my_code/My-Adversarial-Experiment/AT_TD/TR_func.py:90: UserWarning: To copy construct from a tensor, it is recommended to use sourceTensor.clone().detach() or sourceTensor.clone().detach().requires_grad_(True), rather than torch.tensor(sourceTensor).
  result = torch.tensor(full_tensor, dtype=torch.float32).to(cores[0].device)
/home/peilin/my_code/My-Adversarial-Experiment/AT_TD/TR_func.py:141: UserWarning: To copy construct from a tensor, it is recommended to use sourceTensor.clone().detach() or sourceTensor.clone().detach().requires_grad_(True), rather than torch.tensor(sourceTensor).
  X_unfold = torch.tensor(X_unfold, dtype=torch.float32).to(device)
Iteration 1, Loss: 0.110607
Step 0, Loss: -80416.84375
Step 10, Loss: -4463.10595703125
Comparison Step 10, Loss: -10757.568359375
Norm2 (Our Algorithm): 66.95819854736328
Norm2 (Comparison Algorithm): 10.054471969604492
Traceback (most recent call last):
  File "/home/peilin/my_code/My-Adversarial-Experiment/AT_TD/AT_TR.py", line 222, in <module>
    plt.savefig('result/lena_comparison2.png')
  File "/home/peilin/.pyenv/versions/3.11.6/lib/python3.11/site-packages/matplotlib/pyplot.py", line 1228, in savefig
    res = fig.savefig(*args, **kwargs)  # type: ignore[func-returns-value]
          ^^^^^^^^^^^^^^^^^^^^^^^^^^^^
  File "/home/peilin/.pyenv/versions/3.11.6/lib/python3.11/site-packages/matplotlib/figure.py", line 3395, in savefig
    self.canvas.print_figure(fname, **kwargs)
  File "/home/peilin/.pyenv/versions/3.11.6/lib/python3.11/site-packages/matplotlib/backend_bases.py", line 2204, in print_figure
    result = print_method(
             ^^^^^^^^^^^^^
  File "/home/peilin/.pyenv/versions/3.11.6/lib/python3.11/site-packages/matplotlib/backend_bases.py", line 2054, in <lambda>
    print_method = functools.wraps(meth)(lambda *args, **kwargs: meth(
                                                                 ^^^^^
  File "/home/peilin/.pyenv/versions/3.11.6/lib/python3.11/site-packages/matplotlib/backends/backend_agg.py", line 496, in print_png
    self._print_pil(filename_or_obj, "png", pil_kwargs, metadata)
  File "/home/peilin/.pyenv/versions/3.11.6/lib/python3.11/site-packages/matplotlib/backends/backend_agg.py", line 445, in _print_pil
    mpl.image.imsave(
  File "/home/peilin/.pyenv/versions/3.11.6/lib/python3.11/site-packages/matplotlib/image.py", line 1676, in imsave
    image.save(fname, **pil_kwargs)
  File "/home/peilin/.pyenv/versions/3.11.6/lib/python3.11/site-packages/PIL/Image.py", line 2600, in save
    fp = builtins.open(filename, "w+b")
         ^^^^^^^^^^^^^^^^^^^^^^^^^^^^^^
FileNotFoundError: [Errno 2] No such file or directory: '/home/peilin/my_code/My-Adversarial-Experiment/AT_TD/result/lena_comparison2.png'
